[0.030s] Invoking command in '/home/nikunj/bwi_ros2_simulation/build/bwi_launch': CMAKE_PREFIX_PATH=/opt/ros/humble /usr/bin/cmake --build /home/nikunj/bwi_ros2_simulation/build/bwi_launch -- -j32 -l32
[0.932s] Invoked command in '/home/nikunj/bwi_ros2_simulation/build/bwi_launch' returned '0': CMAKE_PREFIX_PATH=/opt/ros/humble /usr/bin/cmake --build /home/nikunj/bwi_ros2_simulation/build/bwi_launch -- -j32 -l32
[0.938s] Invoking command in '/home/nikunj/bwi_ros2_simulation/build/bwi_launch': CMAKE_PREFIX_PATH=/opt/ros/humble /usr/bin/cmake --install /home/nikunj/bwi_ros2_simulation/build/bwi_launch
[0.951s] -- Install configuration: ""
[0.951s] -- Up-to-date: /home/nikunj/bwi_ros2_simulation/install/bwi_launch/share/bwi_launch/launch
[0.951s] -- Up-to-date: /home/nikunj/bwi_ros2_simulation/install/bwi_launch/share/bwi_launch/launch/segbot_v2.launch.py
[0.951s] -- Up-to-date: /home/nikunj/bwi_ros2_simulation/install/bwi_launch/share/bwi_launch/launch/.vscode
[0.951s] -- Up-to-date: /home/nikunj/bwi_ros2_simulation/install/bwi_launch/share/bwi_launch/launch/.vscode/c_cpp_properties.json
[0.951s] -- Up-to-date: /home/nikunj/bwi_ros2_simulation/install/bwi_launch/share/bwi_launch/launch/.vscode/settings.json
[0.951s] -- Up-to-date: /home/nikunj/bwi_ros2_simulation/install/bwi_launch/share/bwi_launch/config
[0.951s] -- Up-to-date: /home/nikunj/bwi_ros2_simulation/install/bwi_launch/share/bwi_launch/config/rviz_config_r2.rviz
[0.951s] -- Up-to-date: /home/nikunj/bwi_ros2_simulation/install/bwi_launch/share/bwi_launch/config/nav_with_arm.rviz
[0.951s] -- Up-to-date: /home/nikunj/bwi_ros2_simulation/install/bwi_launch/share/bwi_launch/config/laser_filter_config.yaml
[0.952s] -- Up-to-date: /home/nikunj/bwi_ros2_simulation/install/bwi_launch/share/bwi_launch/config/rviz_config_r1.rviz
[0.952s] -- Up-to-date: /home/nikunj/bwi_ros2_simulation/install/bwi_launch/lib/bwi_launch/odom_tf_broadcaster.py
[0.952s] -- Up-to-date: /home/nikunj/bwi_ros2_simulation/install/bwi_launch/share/ament_index/resource_index/package_run_dependencies/bwi_launch
[0.952s] -- Up-to-date: /home/nikunj/bwi_ros2_simulation/install/bwi_launch/share/ament_index/resource_index/parent_prefix_path/bwi_launch
[0.952s] -- Up-to-date: /home/nikunj/bwi_ros2_simulation/install/bwi_launch/share/bwi_launch/environment/ament_prefix_path.sh
[0.952s] -- Up-to-date: /home/nikunj/bwi_ros2_simulation/install/bwi_launch/share/bwi_launch/environment/ament_prefix_path.dsv
[0.952s] -- Up-to-date: /home/nikunj/bwi_ros2_simulation/install/bwi_launch/share/bwi_launch/environment/path.sh
[0.952s] -- Up-to-date: /home/nikunj/bwi_ros2_simulation/install/bwi_launch/share/bwi_launch/environment/path.dsv
[0.952s] -- Up-to-date: /home/nikunj/bwi_ros2_simulation/install/bwi_launch/share/bwi_launch/local_setup.bash
[0.952s] -- Up-to-date: /home/nikunj/bwi_ros2_simulation/install/bwi_launch/share/bwi_launch/local_setup.sh
[0.952s] -- Up-to-date: /home/nikunj/bwi_ros2_simulation/install/bwi_launch/share/bwi_launch/local_setup.zsh
[0.952s] -- Up-to-date: /home/nikunj/bwi_ros2_simulation/install/bwi_launch/share/bwi_launch/local_setup.dsv
[0.952s] -- Installing: /home/nikunj/bwi_ros2_simulation/install/bwi_launch/share/bwi_launch/package.dsv
[0.952s] -- Up-to-date: /home/nikunj/bwi_ros2_simulation/install/bwi_launch/share/ament_index/resource_index/packages/bwi_launch
[0.952s] -- Up-to-date: /home/nikunj/bwi_ros2_simulation/install/bwi_launch/share/bwi_launch/cmake/bwi_launchConfig.cmake
[0.952s] -- Up-to-date: /home/nikunj/bwi_ros2_simulation/install/bwi_launch/share/bwi_launch/cmake/bwi_launchConfig-version.cmake
[0.952s] -- Up-to-date: /home/nikunj/bwi_ros2_simulation/install/bwi_launch/share/bwi_launch/package.xml
[1.025s] Invoked command in '/home/nikunj/bwi_ros2_simulation/build/bwi_launch' returned '0': CMAKE_PREFIX_PATH=/opt/ros/humble /usr/bin/cmake --install /home/nikunj/bwi_ros2_simulation/build/bwi_launch
