[0.540s] Invoking command in '/home/nikunj/bwi_ros2_simulation/build/segway_description': CMAKE_PREFIX_PATH=/opt/ros/humble /usr/bin/cmake --build /home/nikunj/bwi_ros2_simulation/build/segway_description -- -j32 -l32
[0.931s] Invoked command in '/home/nikunj/bwi_ros2_simulation/build/segway_description' returned '0': CMAKE_PREFIX_PATH=/opt/ros/humble /usr/bin/cmake --build /home/nikunj/bwi_ros2_simulation/build/segway_description -- -j32 -l32
[0.932s] Invoking command in '/home/nikunj/bwi_ros2_simulation/build/segway_description': CMAKE_PREFIX_PATH=/opt/ros/humble /usr/bin/cmake --install /home/nikunj/bwi_ros2_simulation/build/segway_description
[0.948s] -- Install configuration: ""
[0.948s] -- Up-to-date: /home/nikunj/bwi_ros2_simulation/install/segway_description/share/segway_description/meshes
[0.948s] -- Up-to-date: /home/nikunj/bwi_ros2_simulation/install/segway_description/share/segway_description/meshes/visual
[0.948s] -- Up-to-date: /home/nikunj/bwi_ros2_simulation/install/segway_description/share/segway_description/meshes/visual/caster_wheel.dae
[0.948s] -- Up-to-date: /home/nikunj/bwi_ros2_simulation/install/segway_description/share/segway_description/meshes/visual/rmp440LE_NavE_brackets.dae
[0.948s] -- Up-to-date: /home/nikunj/bwi_ros2_simulation/install/segway_description/share/segway_description/meshes/visual/110_hmi_box.dae
[0.948s] -- Up-to-date: /home/nikunj/bwi_ros2_simulation/install/segway_description/share/segway_description/meshes/visual/110_caster_plate.dae
[0.948s] -- Up-to-date: /home/nikunj/bwi_ros2_simulation/install/segway_description/share/segway_description/meshes/visual/omni_lr_rf_wheel.dae
[0.948s] -- Up-to-date: /home/nikunj/bwi_ros2_simulation/install/segway_description/share/segway_description/meshes/visual/single_spacer.dae
[0.948s] -- Up-to-date: /home/nikunj/bwi_ros2_simulation/install/segway_description/share/segway_description/meshes/visual/ui_box_spacer_mount.dae
[0.948s] -- Up-to-date: /home/nikunj/bwi_ros2_simulation/install/segway_description/share/segway_description/meshes/visual/440eci_spacers.dae
[0.949s] -- Up-to-date: /home/nikunj/bwi_ros2_simulation/install/segway_description/share/segway_description/meshes/visual/110_hmi_plate.dae
[0.949s] -- Up-to-date: /home/nikunj/bwi_ros2_simulation/install/segway_description/share/segway_description/meshes/visual/110_powerbase_spacers.dae
[0.949s] -- Up-to-date: /home/nikunj/bwi_ros2_simulation/install/segway_description/share/segway_description/meshes/visual/inv_gearbox_chassis.dae
[0.949s] -- Up-to-date: /home/nikunj/bwi_ros2_simulation/install/segway_description/share/segway_description/meshes/visual/large_enclosure.dae
[0.949s] -- Up-to-date: /home/nikunj/bwi_ros2_simulation/install/segway_description/share/segway_description/meshes/visual/omni_lf_rr_wheel.dae
[0.949s] -- Up-to-date: /home/nikunj/bwi_ros2_simulation/install/segway_description/share/segway_description/meshes/visual/caster_bracket.dae
[0.949s] -- Up-to-date: /home/nikunj/bwi_ros2_simulation/install/segway_description/share/segway_description/meshes/visual/sensors
[0.949s] -- Up-to-date: /home/nikunj/bwi_ros2_simulation/install/segway_description/share/segway_description/meshes/visual/sensors/rgbd_sensor.dae
[0.949s] -- Up-to-date: /home/nikunj/bwi_ros2_simulation/install/segway_description/share/segway_description/meshes/visual/sensors/garmin_18x_lvc_gps.dae
[0.949s] -- Up-to-date: /home/nikunj/bwi_ros2_simulation/install/segway_description/share/segway_description/meshes/visual/sensors/sick_tim.dae
[0.949s] -- Up-to-date: /home/nikunj/bwi_ros2_simulation/install/segway_description/share/segway_description/meshes/visual/sensors/rgbd.jpg
[0.949s] -- Up-to-date: /home/nikunj/bwi_ros2_simulation/install/segway_description/share/segway_description/meshes/visual/sensors/hokuyo_ust20lx.dae
[0.949s] -- Up-to-date: /home/nikunj/bwi_ros2_simulation/install/segway_description/share/segway_description/meshes/visual/sensors/rgbd.tga
[0.949s] -- Up-to-date: /home/nikunj/bwi_ros2_simulation/install/segway_description/share/segway_description/meshes/visual/sensors/pgr_flea3.dae
[0.950s] -- Up-to-date: /home/nikunj/bwi_ros2_simulation/install/segway_description/share/segway_description/meshes/visual/sensors/velodyne_vlp16.dae
[0.950s] -- Up-to-date: /home/nikunj/bwi_ros2_simulation/install/segway_description/share/segway_description/meshes/visual/sensors/sick_lms1xx.dae
[0.950s] -- Up-to-date: /home/nikunj/bwi_ros2_simulation/install/segway_description/share/segway_description/meshes/visual/payload_mount.dae
[0.950s] -- Up-to-date: /home/nikunj/bwi_ros2_simulation/install/segway_description/share/segway_description/meshes/visual/omni_flex_pivot.dae
[0.950s] -- Up-to-date: /home/nikunj/bwi_ros2_simulation/install/segway_description/share/segway_description/meshes/visual/x2_wheel.dae
[0.950s] -- Up-to-date: /home/nikunj/bwi_ros2_simulation/install/segway_description/share/segway_description/meshes/visual/inv_double_spacer.dae
[0.955s] -- Up-to-date: /home/nikunj/bwi_ros2_simulation/install/segway_description/share/segway_description/meshes/visual/inv_gearbox_ext_spacer_chassis.dae
[0.955s] -- Up-to-date: /home/nikunj/bwi_ros2_simulation/install/segway_description/share/segway_description/meshes/visual/omni_ui_mount.dae
[0.955s] -- Up-to-date: /home/nikunj/bwi_ros2_simulation/install/segway_description/share/segway_description/meshes/visual/caster_plate.dae
[0.955s] -- Up-to-date: /home/nikunj/bwi_ros2_simulation/install/segway_description/share/segway_description/meshes/visual/inv_single_spacer.dae
[0.955s] -- Up-to-date: /home/nikunj/bwi_ros2_simulation/install/segway_description/share/segway_description/meshes/visual/omni_structure.dae
[0.955s] -- Up-to-date: /home/nikunj/bwi_ros2_simulation/install/segway_description/share/segway_description/meshes/visual/battery.dae
[0.955s] -- Up-to-date: /home/nikunj/bwi_ros2_simulation/install/segway_description/share/segway_description/meshes/visual/110_navigator_ui.dae
[0.955s] -- Up-to-date: /home/nikunj/bwi_ros2_simulation/install/segway_description/share/segway_description/meshes/visual/std_double_spacer.dae
[0.955s] -- Up-to-date: /home/nikunj/bwi_ros2_simulation/install/segway_description/share/segway_description/meshes/visual/navigator_elite_box.dae
[0.955s] -- Up-to-date: /home/nikunj/bwi_ros2_simulation/install/segway_description/share/segway_description/meshes/visual/110_powerbase.dae
[0.955s] -- Up-to-date: /home/nikunj/bwi_ros2_simulation/install/segway_description/share/segway_description/meshes/visual/i2_wheel.dae
[0.955s] -- Up-to-date: /home/nikunj/bwi_ros2_simulation/install/segway_description/share/segway_description/meshes/visual/ui_box.dae
[0.955s] -- Up-to-date: /home/nikunj/bwi_ros2_simulation/install/segway_description/share/segway_description/meshes/visual/std_gearbox_chassis.dae
[0.955s] -- Up-to-date: /home/nikunj/bwi_ros2_simulation/install/segway_description/share/segway_description/meshes/sensors
[0.955s] -- Up-to-date: /home/nikunj/bwi_ros2_simulation/install/segway_description/share/segway_description/meshes/sensors/rgbd_sensor.dae
[0.956s] -- Up-to-date: /home/nikunj/bwi_ros2_simulation/install/segway_description/share/segway_description/meshes/sensors/sick_tim.stl
[0.956s] -- Up-to-date: /home/nikunj/bwi_ros2_simulation/install/segway_description/share/segway_description/meshes/sensors/rgbd.jpg
[0.956s] -- Up-to-date: /home/nikunj/bwi_ros2_simulation/install/segway_description/share/segway_description/meshes/sensors/hokuyo_ust20lx.dae
[0.956s] -- Up-to-date: /home/nikunj/bwi_ros2_simulation/install/segway_description/share/segway_description/meshes/sensors/rgbd.tga
[0.956s] -- Up-to-date: /home/nikunj/bwi_ros2_simulation/install/segway_description/share/segway_description/meshes/sensors/pgr_flea3.dae
[0.956s] -- Up-to-date: /home/nikunj/bwi_ros2_simulation/install/segway_description/share/segway_description/meshes/sensors/velodyne_vlp16.dae
[0.956s] -- Up-to-date: /home/nikunj/bwi_ros2_simulation/install/segway_description/share/segway_description/meshes/sensors/sick_lms1xx.dae
[0.956s] -- Up-to-date: /home/nikunj/bwi_ros2_simulation/install/segway_description/share/segway_description/meshes/collision
[0.956s] -- Up-to-date: /home/nikunj/bwi_ros2_simulation/install/segway_description/share/segway_description/meshes/collision/440ECI_extented_chassis_collision.stl
[0.956s] -- Up-to-date: /home/nikunj/bwi_ros2_simulation/install/segway_description/share/segway_description/meshes/collision/110_caster_plate_collision.stl
[0.956s] -- Up-to-date: /home/nikunj/bwi_ros2_simulation/install/segway_description/share/segway_description/meshes/collision/RMP220_chassis_collision.stl
[0.956s] -- Up-to-date: /home/nikunj/bwi_ros2_simulation/install/segway_description/share/segway_description/meshes/collision/RMP_OMNI_chassis_collision.stl
[0.956s] -- Up-to-date: /home/nikunj/bwi_ros2_simulation/install/segway_description/share/segway_description/meshes/collision/110_powerbase_collision.stl
[0.956s] -- Up-to-date: /home/nikunj/bwi_ros2_simulation/install/segway_description/share/segway_description/meshes/collision/rmp440LE_NavE_brackets.stl
[0.956s] -- Up-to-date: /home/nikunj/bwi_ros2_simulation/install/segway_description/share/segway_description/meshes/collision/caster_bracket_collision.stl
[0.960s] -- Up-to-date: /home/nikunj/bwi_ros2_simulation/install/segway_description/share/segway_description/meshes/collision/sensors
[0.960s] -- Up-to-date: /home/nikunj/bwi_ros2_simulation/install/segway_description/share/segway_description/meshes/collision/sensors/garmin_18x_lvc_gps.stl
[0.960s] -- Up-to-date: /home/nikunj/bwi_ros2_simulation/install/segway_description/share/segway_description/meshes/collision/sensors/hokuyo_ust20lx.stl
[0.960s] -- Up-to-date: /home/nikunj/bwi_ros2_simulation/install/segway_description/share/segway_description/meshes/collision/sensors/sick_lms1xx.stl
[0.960s] -- Up-to-date: /home/nikunj/bwi_ros2_simulation/install/segway_description/share/segway_description/meshes/collision/sensors/velodyne_vlp16.stl
[0.960s] -- Up-to-date: /home/nikunj/bwi_ros2_simulation/install/segway_description/share/segway_description/meshes/collision/sensors/rgbd_sensor.stl
[0.960s] -- Up-to-date: /home/nikunj/bwi_ros2_simulation/install/segway_description/share/segway_description/meshes/collision/sensors/hokuyo_ust20lx2.stl
[0.960s] -- Up-to-date: /home/nikunj/bwi_ros2_simulation/install/segway_description/share/segway_description/meshes/collision/sensors/pgr_flea3.stl
[0.960s] -- Up-to-date: /home/nikunj/bwi_ros2_simulation/install/segway_description/share/segway_description/meshes/collision/RMP440LE_chassis_collision.stl
[0.960s] -- Up-to-date: /home/nikunj/bwi_ros2_simulation/install/segway_description/share/segway_description/meshes/collision/440LE_hcg_collision.stl
[0.960s] -- Up-to-date: /home/nikunj/bwi_ros2_simulation/install/segway_description/share/segway_description/meshes/collision/RMP210_chassis_collision.stl
[0.960s] -- Up-to-date: /home/nikunj/bwi_ros2_simulation/install/segway_description/share/segway_description/meshes/collision/RMP440SE_chassis_collision.stl
[0.961s] -- Up-to-date: /home/nikunj/bwi_ros2_simulation/install/segway_description/share/segway_description/meshes/collision/110_hmi_box_collision.stl
[0.961s] -- Up-to-date: /home/nikunj/bwi_ros2_simulation/install/segway_description/share/segway_description/meshes/collision/caster_plate_collision.stl
[0.961s] -- Up-to-date: /home/nikunj/bwi_ros2_simulation/install/segway_description/share/segway_description/urdf
[0.961s] -- Up-to-date: /home/nikunj/bwi_ros2_simulation/install/segway_description/share/segway_description/urdf/segway_components
[0.961s] -- Up-to-date: /home/nikunj/bwi_ros2_simulation/install/segway_description/share/segway_description/urdf/segway_components/inv_single_spacer.urdf.xacro
[0.961s] -- Up-to-date: /home/nikunj/bwi_ros2_simulation/install/segway_description/share/segway_description/urdf/segway_components/battery.urdf.xacro
[0.961s] -- Up-to-date: /home/nikunj/bwi_ros2_simulation/install/segway_description/share/segway_description/urdf/segway_components/powerbase_110.urdf.xacro
[0.961s] -- Up-to-date: /home/nikunj/bwi_ros2_simulation/install/segway_description/share/segway_description/urdf/segway_components/eci_440_spacer.urdf.xacro
[0.961s] -- Up-to-date: /home/nikunj/bwi_ros2_simulation/install/segway_description/share/segway_description/urdf/segway_components/omni_ui_mount.urdf.xacro
[0.962s] -- Up-to-date: /home/nikunj/bwi_ros2_simulation/install/segway_description/share/segway_description/urdf/segway_components/std_double_spacer.urdf.xacro
[0.962s] -- Up-to-date: /home/nikunj/bwi_ros2_simulation/install/segway_description/share/segway_description/urdf/segway_components/inv_gearbox_ext_spacer_chassis.urdf.xacro
[0.962s] -- Up-to-date: /home/nikunj/bwi_ros2_simulation/install/segway_description/share/segway_description/urdf/segway_components/payload_mount.urdf.xacro
[0.962s] -- Up-to-date: /home/nikunj/bwi_ros2_simulation/install/segway_description/share/segway_description/urdf/segway_components/navigator_ui.urdf.xacro
[0.962s] -- Up-to-date: /home/nikunj/bwi_ros2_simulation/install/segway_description/share/segway_description/urdf/segway_components/omni_structure.urdf.xacro
[0.962s] -- Up-to-date: /home/nikunj/bwi_ros2_simulation/install/segway_description/share/segway_description/urdf/segway_components/std_gearbox_chassis_110.urdf.xacro
[0.962s] -- Up-to-date: /home/nikunj/bwi_ros2_simulation/install/segway_description/share/segway_description/urdf/segway_components/single_spacer.urdf.xacro
[0.962s] -- Up-to-date: /home/nikunj/bwi_ros2_simulation/install/segway_description/share/segway_description/urdf/segway_components/x2_wheel.urdf.xacro
[0.963s] -- Up-to-date: /home/nikunj/bwi_ros2_simulation/install/segway_description/share/segway_description/urdf/segway_components/inv_double_spacer.urdf.xacro
[0.963s] -- Up-to-date: /home/nikunj/bwi_ros2_simulation/install/segway_description/share/segway_description/urdf/segway_components/rmp440_le_nave_brackets.urdf.xacro
[0.963s] -- Up-to-date: /home/nikunj/bwi_ros2_simulation/install/segway_description/share/segway_description/urdf/segway_components/inv_gearbox_chassis.urdf.xacro
[0.963s] -- Up-to-date: /home/nikunj/bwi_ros2_simulation/install/segway_description/share/segway_description/urdf/segway_components/ui_box_spacer_mount.urdf.xacro
[0.963s] -- Up-to-date: /home/nikunj/bwi_ros2_simulation/install/segway_description/share/segway_description/urdf/segway_components/omni_flex_pivot.urdf.xacro
[0.963s] -- Up-to-date: /home/nikunj/bwi_ros2_simulation/install/segway_description/share/segway_description/urdf/segway_components/caster_assembly.urdf.xacro
[0.963s] -- Up-to-date: /home/nikunj/bwi_ros2_simulation/install/segway_description/share/segway_description/urdf/segway_components/caster_assembly_110.urdf.xacro
[0.963s] -- Up-to-date: /home/nikunj/bwi_ros2_simulation/install/segway_description/share/segway_description/urdf/segway_components/navigator_ui_box_110.urdf.xacro
[0.963s] -- Up-to-date: /home/nikunj/bwi_ros2_simulation/install/segway_description/share/segway_description/urdf/segway_components/omni_lf_rr_wheel.urdf.xacro
[0.963s] -- Up-to-date: /home/nikunj/bwi_ros2_simulation/install/segway_description/share/segway_description/urdf/segway_components/std_gearbox_chassis.urdf.xacro
[0.964s] -- Up-to-date: /home/nikunj/bwi_ros2_simulation/install/segway_description/share/segway_description/urdf/segway_components/i2_wheel.urdf.xacro
[0.965s] -- Up-to-date: /home/nikunj/bwi_ros2_simulation/install/segway_description/share/segway_description/urdf/segway_components/hmi_box_110.urdf.xacro
[0.965s] -- Up-to-date: /home/nikunj/bwi_ros2_simulation/install/segway_description/share/segway_description/urdf/segway_components/large_enclosure.urdf.xacro
[0.965s] -- Up-to-date: /home/nikunj/bwi_ros2_simulation/install/segway_description/share/segway_description/urdf/segway_components/hmi_plate_110.urdf.xacro
[0.965s] -- Up-to-date: /home/nikunj/bwi_ros2_simulation/install/segway_description/share/segway_description/urdf/segway_components/omni_lr_rf_wheel.urdf.xacro
[0.965s] -- Up-to-date: /home/nikunj/bwi_ros2_simulation/install/segway_description/share/segway_description/urdf/segway_components/ui_box.urdf.xacro
[0.965s] -- Up-to-date: /home/nikunj/bwi_ros2_simulation/install/segway_description/share/segway_description/urdf/RMP_110_WIDE
[0.965s] -- Up-to-date: /home/nikunj/bwi_ros2_simulation/install/segway_description/share/segway_description/urdf/RMP_110_WIDE/rmp.urdf.xacro
[0.966s] -- Up-to-date: /home/nikunj/bwi_ros2_simulation/install/segway_description/share/segway_description/urdf/RMP_440LE
[0.966s] -- Up-to-date: /home/nikunj/bwi_ros2_simulation/install/segway_description/share/segway_description/urdf/RMP_440LE/rmp.urdf.xacro
[0.966s] -- Up-to-date: /home/nikunj/bwi_ros2_simulation/install/segway_description/share/segway_description/urdf/RMP_110
[0.966s] -- Up-to-date: /home/nikunj/bwi_ros2_simulation/install/segway_description/share/segway_description/urdf/RMP_110/rmp.urdf.xacro
[0.966s] -- Up-to-date: /home/nikunj/bwi_ros2_simulation/install/segway_description/share/segway_description/urdf/RMP_440SE
[0.966s] -- Up-to-date: /home/nikunj/bwi_ros2_simulation/install/segway_description/share/segway_description/urdf/RMP_440SE/rmp.urdf.xacro
[0.966s] -- Up-to-date: /home/nikunj/bwi_ros2_simulation/install/segway_description/share/segway_description/urdf/sensors
[0.967s] -- Up-to-date: /home/nikunj/bwi_ros2_simulation/install/segway_description/share/segway_description/urdf/sensors/rgbd_sensor.urdf.xacro
[0.967s] -- Up-to-date: /home/nikunj/bwi_ros2_simulation/install/segway_description/share/segway_description/urdf/sensors/garmin_18x_lvc_gps.urdf.xacro
[0.967s] -- Up-to-date: /home/nikunj/bwi_ros2_simulation/install/segway_description/share/segway_description/urdf/sensors/velodyne_vlp16.urdf.xacro
[0.971s] -- Up-to-date: /home/nikunj/bwi_ros2_simulation/install/segway_description/share/segway_description/urdf/sensors/hokuyo_ust20lx.urdf.xacro
[0.971s] -- Up-to-date: /home/nikunj/bwi_ros2_simulation/install/segway_description/share/segway_description/urdf/sensors/sick_tim.urdf.xacro
[0.971s] -- Up-to-date: /home/nikunj/bwi_ros2_simulation/install/segway_description/share/segway_description/urdf/sensors/pgr_flea3.urdf.xacro
[0.971s] -- Up-to-date: /home/nikunj/bwi_ros2_simulation/install/segway_description/share/segway_description/urdf/NAVIGATOR_ELITE
[0.971s] -- Up-to-date: /home/nikunj/bwi_ros2_simulation/install/segway_description/share/segway_description/urdf/NAVIGATOR_ELITE/rmp.urdf.xacro
[0.971s] -- Up-to-date: /home/nikunj/bwi_ros2_simulation/install/segway_description/share/segway_description/urdf/RMP_220
[0.971s] -- Up-to-date: /home/nikunj/bwi_ros2_simulation/install/segway_description/share/segway_description/urdf/RMP_220/rmp.urdf.xacro
[0.971s] -- Up-to-date: /home/nikunj/bwi_ros2_simulation/install/segway_description/share/segway_description/urdf/description.xacro
[0.971s] -- Up-to-date: /home/nikunj/bwi_ros2_simulation/install/segway_description/share/segway_description/urdf/RMP_210
[0.972s] -- Up-to-date: /home/nikunj/bwi_ros2_simulation/install/segway_description/share/segway_description/urdf/RMP_210/rmp.urdf.xacro
[0.972s] -- Up-to-date: /home/nikunj/bwi_ros2_simulation/install/segway_description/share/segway_description/urdf/RMP_OMNI
[0.972s] -- Up-to-date: /home/nikunj/bwi_ros2_simulation/install/segway_description/share/segway_description/urdf/RMP_OMNI/rmp.urdf.xacro
[0.972s] -- Up-to-date: /home/nikunj/bwi_ros2_simulation/install/segway_description/share/segway_description/urdf/accessories.urdf.xacro
[0.972s] -- Up-to-date: /home/nikunj/bwi_ros2_simulation/install/segway_description/share/ament_index/resource_index/package_run_dependencies/segway_description
[0.972s] -- Up-to-date: /home/nikunj/bwi_ros2_simulation/install/segway_description/share/ament_index/resource_index/parent_prefix_path/segway_description
[0.972s] -- Up-to-date: /home/nikunj/bwi_ros2_simulation/install/segway_description/share/segway_description/environment/ament_prefix_path.sh
[0.972s] -- Up-to-date: /home/nikunj/bwi_ros2_simulation/install/segway_description/share/segway_description/environment/ament_prefix_path.dsv
[0.972s] -- Up-to-date: /home/nikunj/bwi_ros2_simulation/install/segway_description/share/segway_description/environment/path.sh
[0.972s] -- Up-to-date: /home/nikunj/bwi_ros2_simulation/install/segway_description/share/segway_description/environment/path.dsv
[0.972s] -- Up-to-date: /home/nikunj/bwi_ros2_simulation/install/segway_description/share/segway_description/local_setup.bash
[0.973s] -- Up-to-date: /home/nikunj/bwi_ros2_simulation/install/segway_description/share/segway_description/local_setup.sh
[0.973s] -- Up-to-date: /home/nikunj/bwi_ros2_simulation/install/segway_description/share/segway_description/local_setup.zsh
[0.973s] -- Up-to-date: /home/nikunj/bwi_ros2_simulation/install/segway_description/share/segway_description/local_setup.dsv
[0.973s] -- Installing: /home/nikunj/bwi_ros2_simulation/install/segway_description/share/segway_description/package.dsv
[0.973s] -- Up-to-date: /home/nikunj/bwi_ros2_simulation/install/segway_description/share/ament_index/resource_index/packages/segway_description
[0.973s] -- Up-to-date: /home/nikunj/bwi_ros2_simulation/install/segway_description/share/segway_description/cmake/segway_descriptionConfig.cmake
[0.973s] -- Up-to-date: /home/nikunj/bwi_ros2_simulation/install/segway_description/share/segway_description/cmake/segway_descriptionConfig-version.cmake
[0.973s] -- Up-to-date: /home/nikunj/bwi_ros2_simulation/install/segway_description/share/segway_description/package.xml
[1.082s] Invoked command in '/home/nikunj/bwi_ros2_simulation/build/segway_description' returned '0': CMAKE_PREFIX_PATH=/opt/ros/humble /usr/bin/cmake --install /home/nikunj/bwi_ros2_simulation/build/segway_description
