[2.700s] Invoking command in '/home/nikunj/bwi_ros2_simulation/src/teleop_multi_robot': PYTHONPATH=/home/nikunj/bwi_ros2_simulation/build/teleop_multi_robot/prefix_override:/usr/lib/python3/dist-packages/colcon_core/task/python/colcon_distutils_commands:/home/nikunj/bwi_ros2_simulation/install/teleop_multi_robot/lib/python3.10/site-packages:${PYTHONPATH} /usr/bin/python3 -W ignore:setup.py install is deprecated -W ignore:easy_install command is deprecated setup.py egg_info --egg-base ../../build/teleop_multi_robot build --build-base /home/nikunj/bwi_ros2_simulation/build/teleop_multi_robot/build install --record /home/nikunj/bwi_ros2_simulation/build/teleop_multi_robot/install.log --single-version-externally-managed install_data
[3.189s] running egg_info
[3.189s] writing ../../build/teleop_multi_robot/teleop_multi_robot.egg-info/PKG-INFO
[3.190s] writing dependency_links to ../../build/teleop_multi_robot/teleop_multi_robot.egg-info/dependency_links.txt
[3.190s] writing entry points to ../../build/teleop_multi_robot/teleop_multi_robot.egg-info/entry_points.txt
[3.190s] writing requirements to ../../build/teleop_multi_robot/teleop_multi_robot.egg-info/requires.txt
[3.190s] writing top-level names to ../../build/teleop_multi_robot/teleop_multi_robot.egg-info/top_level.txt
[3.192s] reading manifest file '../../build/teleop_multi_robot/teleop_multi_robot.egg-info/SOURCES.txt'
[3.192s] adding license file 'LICENSE'
[3.193s] writing manifest file '../../build/teleop_multi_robot/teleop_multi_robot.egg-info/SOURCES.txt'
[3.193s] running build
[3.193s] running build_py
[3.193s] running install
[3.193s] running install_lib
[3.195s] running install_data
[3.195s] running install_egg_info
[3.197s] removing '/home/nikunj/bwi_ros2_simulation/install/teleop_multi_robot/lib/python3.10/site-packages/teleop_multi_robot-0.0.0-py3.10.egg-info' (and everything under it)
[3.197s] Copying ../../build/teleop_multi_robot/teleop_multi_robot.egg-info to /home/nikunj/bwi_ros2_simulation/install/teleop_multi_robot/lib/python3.10/site-packages/teleop_multi_robot-0.0.0-py3.10.egg-info
[3.198s] running install_scripts
[3.219s] Installing teleop_twist_dual script to /home/nikunj/bwi_ros2_simulation/install/teleop_multi_robot/lib/teleop_multi_robot
[3.219s] writing list of installed files to '/home/nikunj/bwi_ros2_simulation/build/teleop_multi_robot/install.log'
[3.247s] Invoked command in '/home/nikunj/bwi_ros2_simulation/src/teleop_multi_robot' returned '0': PYTHONPATH=/home/nikunj/bwi_ros2_simulation/build/teleop_multi_robot/prefix_override:/usr/lib/python3/dist-packages/colcon_core/task/python/colcon_distutils_commands:/home/nikunj/bwi_ros2_simulation/install/teleop_multi_robot/lib/python3.10/site-packages:${PYTHONPATH} /usr/bin/python3 -W ignore:setup.py install is deprecated -W ignore:easy_install command is deprecated setup.py egg_info --egg-base ../../build/teleop_multi_robot build --build-base /home/nikunj/bwi_ros2_simulation/build/teleop_multi_robot/build install --record /home/nikunj/bwi_ros2_simulation/build/teleop_multi_robot/install.log --single-version-externally-managed install_data
