[0.048s] Invoking command in '/home/nikunj/bwi_ros2_simulation/build/bwi_tasks_interface': /usr/bin/cmake /home/nikunj/bwi_ros2_simulation/src/bwi_tasks_interface -DCATKIN_INSTALL_INTO_PREFIX_ROOT=0 -DCMAKE_INSTALL_PREFIX=/home/nikunj/bwi_ros2_simulation/install/bwi_tasks_interface
[1.094s] -- The C compiler identification is GNU 11.4.0
[1.094s] -- The CXX compiler identification is GNU 11.4.0
[1.094s] -- Detecting C compiler ABI info
[1.094s] -- Detecting C compiler ABI info - done
[1.094s] -- Check for working C compiler: /usr/bin/cc - skipped
[1.094s] -- Detecting C compile features
[1.094s] -- Detecting C compile features - done
[1.094s] -- Detecting CXX compiler ABI info
[1.094s] -- Detecting CXX compiler ABI info - done
[1.094s] -- Check for working CXX compiler: /usr/bin/c++ - skipped
[1.094s] -- Detecting CXX compile features
[1.094s] -- Detecting CXX compile features - done
[1.095s] -- Found ament_cmake: 1.3.12 (/opt/ros/humble/share/ament_cmake/cmake)
[1.095s] -- Found Python3: /usr/bin/python3 (found version "3.10.12") found components: Interpreter 
[1.095s] -- Found geometry_msgs: 4.9.0 (/opt/ros/humble/share/geometry_msgs/cmake)
[1.095s] -- Found rosidl_generator_c: 3.1.7 (/opt/ros/humble/share/rosidl_generator_c/cmake)
[1.095s] -- Found rosidl_adapter: 3.1.7 (/opt/ros/humble/share/rosidl_adapter/cmake)
[1.095s] -- Found rosidl_generator_cpp: 3.1.7 (/opt/ros/humble/share/rosidl_generator_cpp/cmake)
[1.095s] -- Using all available rosidl_typesupport_c: rosidl_typesupport_fastrtps_c;rosidl_typesupport_introspection_c
[1.095s] -- Using all available rosidl_typesupport_cpp: rosidl_typesupport_fastrtps_cpp;rosidl_typesupport_introspection_cpp
[1.095s] -- Found rosidl_default_generators: 1.2.0 (/opt/ros/humble/share/rosidl_default_generators/cmake)
[1.095s] -- Found ament_cmake_ros: 0.10.0 (/opt/ros/humble/share/ament_cmake_ros/cmake)
[1.095s] -- Using all available rosidl_typesupport_c: rosidl_typesupport_fastrtps_c;rosidl_typesupport_introspection_c
[1.100s] -- Using all available rosidl_typesupport_cpp: rosidl_typesupport_fastrtps_cpp;rosidl_typesupport_introspection_cpp
[1.114s] -- Found PythonInterp: /usr/bin/python3 (found suitable version "3.10.12", minimum required is "3.6") 
[1.116s] -- Found python_cmake_module: 0.10.0 (/opt/ros/humble/share/python_cmake_module/cmake)
[1.145s] -- Found PythonLibs: /usr/lib/x86_64-linux-gnu/libpython3.10.so (found suitable version "3.10.12", minimum required is "3.5") 
[1.145s] -- Using PYTHON_EXECUTABLE: /usr/bin/python3
[1.145s] -- Using PYTHON_INCLUDE_DIRS: /usr/include/python3.10
[1.146s] -- Using PYTHON_LIBRARIES: /usr/lib/x86_64-linux-gnu/libpython3.10.so
[1.188s] -- Found PythonExtra: .so  
[1.302s] -- Configuring done
[1.343s] -- Generating done
[1.349s] [33mCMake Warning:
[1.350s]   Manually-specified variables were not used by the project:
[1.350s] 
[1.350s]     CATKIN_INSTALL_INTO_PREFIX_ROOT
[1.350s] 
[1.350s] [0m
[1.357s] -- Build files have been written to: /home/nikunj/bwi_ros2_simulation/build/bwi_tasks_interface
[1.370s] Invoked command in '/home/nikunj/bwi_ros2_simulation/build/bwi_tasks_interface' returned '0': /usr/bin/cmake /home/nikunj/bwi_ros2_simulation/src/bwi_tasks_interface -DCATKIN_INSTALL_INTO_PREFIX_ROOT=0 -DCMAKE_INSTALL_PREFIX=/home/nikunj/bwi_ros2_simulation/install/bwi_tasks_interface
[1.372s] Invoking command in '/home/nikunj/bwi_ros2_simulation/build/bwi_tasks_interface': /usr/bin/cmake --build /home/nikunj/bwi_ros2_simulation/build/bwi_tasks_interface -- -j32 -l32
[1.414s] [  3%] [34m[1mGenerating C code for ROS interfaces[0m
[1.425s] [  6%] [34m[1mGenerating C++ code for ROS interfaces[0m
[1.433s] [  6%] Built target ament_cmake_python_copy_bwi_tasks_interface
[1.646s] running egg_info
[1.646s] creating bwi_tasks_interface.egg-info
[1.646s] writing bwi_tasks_interface.egg-info/PKG-INFO
[1.646s] writing dependency_links to bwi_tasks_interface.egg-info/dependency_links.txt
[1.646s] writing top-level names to bwi_tasks_interface.egg-info/top_level.txt
[1.646s] writing manifest file 'bwi_tasks_interface.egg-info/SOURCES.txt'
[1.650s] reading manifest file 'bwi_tasks_interface.egg-info/SOURCES.txt'
[1.650s] writing manifest file 'bwi_tasks_interface.egg-info/SOURCES.txt'
[1.672s] [  6%] Built target ament_cmake_python_build_bwi_tasks_interface_egg
[1.688s] [  9%] [32mBuilding C object CMakeFiles/bwi_tasks_interface__rosidl_generator_c.dir/rosidl_generator_c/bwi_tasks_interface/msg/detail/virtual_obstacle__functions.c.o[0m
[1.704s] [  9%] Built target bwi_tasks_interface__cpp
[1.716s] [ 16%] [34m[1mGenerating C++ type support dispatch for ROS interfaces[0m
[1.716s] [ 16%] [34m[1mGenerating C++ type support for eProsima Fast-RTPS[0m
[1.716s] [ 19%] [34m[1mGenerating C++ introspection for ROS interfaces[0m
[1.740s] [ 22%] [32m[1mLinking C shared library libbwi_tasks_interface__rosidl_generator_c.so[0m
[1.786s] [ 22%] Built target bwi_tasks_interface__rosidl_generator_c
[1.790s] [ 25%] [34m[1mGenerating C introspection for ROS interfaces[0m
[1.795s] [ 32%] [34m[1mGenerating C type support for eProsima Fast-RTPS[0m
[1.801s] [ 32%] [34m[1mGenerating C type support dispatch for ROS interfaces[0m
[1.957s] [ 35%] [32mBuilding CXX object CMakeFiles/bwi_tasks_interface__rosidl_typesupport_cpp.dir/rosidl_typesupport_cpp/bwi_tasks_interface/msg/virtual_obstacle__type_support.cpp.o[0m
[2.006s] [ 38%] [32mBuilding CXX object CMakeFiles/bwi_tasks_interface__rosidl_typesupport_fastrtps_cpp.dir/rosidl_typesupport_fastrtps_cpp/bwi_tasks_interface/msg/detail/dds_fastrtps/virtual_obstacle__type_support.cpp.o[0m
[2.011s] [ 41%] [32mBuilding CXX object CMakeFiles/bwi_tasks_interface__rosidl_typesupport_introspection_cpp.dir/rosidl_typesupport_introspection_cpp/bwi_tasks_interface/msg/detail/virtual_obstacle__type_support.cpp.o[0m
[2.017s] [ 45%] [32mBuilding C object CMakeFiles/bwi_tasks_interface__rosidl_typesupport_introspection_c.dir/rosidl_typesupport_introspection_c/bwi_tasks_interface/msg/detail/virtual_obstacle__type_support.c.o[0m
[2.037s] [ 48%] [32mBuilding CXX object CMakeFiles/bwi_tasks_interface__rosidl_typesupport_fastrtps_c.dir/rosidl_typesupport_fastrtps_c/bwi_tasks_interface/msg/detail/virtual_obstacle__type_support_c.cpp.o[0m
[2.051s] [ 51%] [32m[1mLinking C shared library libbwi_tasks_interface__rosidl_typesupport_introspection_c.so[0m
[2.066s] [ 54%] [32mBuilding CXX object CMakeFiles/bwi_tasks_interface__rosidl_typesupport_c.dir/rosidl_typesupport_c/bwi_tasks_interface/msg/virtual_obstacle__type_support.cpp.o[0m
[2.081s] [ 54%] Built target bwi_tasks_interface__rosidl_typesupport_introspection_c
[2.088s] [ 58%] [32m[1mLinking CXX shared library libbwi_tasks_interface__rosidl_typesupport_c.so[0m
[2.125s] [ 58%] Built target bwi_tasks_interface__rosidl_typesupport_c
[2.237s] [ 61%] [32m[1mLinking CXX shared library libbwi_tasks_interface__rosidl_typesupport_cpp.so[0m
[2.280s] [ 61%] Built target bwi_tasks_interface__rosidl_typesupport_cpp
[2.413s] [ 64%] [32m[1mLinking CXX shared library libbwi_tasks_interface__rosidl_typesupport_fastrtps_c.so[0m
[2.477s] [ 70%] [32m[1mLinking CXX shared library libbwi_tasks_interface__rosidl_typesupport_introspection_cpp.so[0m
[2.477s] [ 70%] [32m[1mLinking CXX shared library libbwi_tasks_interface__rosidl_typesupport_fastrtps_cpp.so[0m
[2.501s] [ 70%] Built target bwi_tasks_interface__rosidl_typesupport_fastrtps_c
[2.563s] [ 70%] Built target bwi_tasks_interface__rosidl_typesupport_introspection_cpp
[2.570s] [ 70%] Built target bwi_tasks_interface__rosidl_typesupport_fastrtps_cpp
[2.589s] [ 70%] Built target bwi_tasks_interface
[2.611s] [ 74%] [34m[1mGenerating Python code for ROS interfaces[0m
[2.811s] [ 74%] Built target bwi_tasks_interface__py
[2.830s] [ 77%] [32mBuilding C object CMakeFiles/bwi_tasks_interface__rosidl_generator_py.dir/rosidl_generator_py/bwi_tasks_interface/msg/_virtual_obstacle_s.c.o[0m
[2.899s] [ 80%] [32m[1mLinking C shared library rosidl_generator_py/bwi_tasks_interface/libbwi_tasks_interface__rosidl_generator_py.so[0m
[2.930s] [ 80%] Built target bwi_tasks_interface__rosidl_generator_py
[2.947s] [ 83%] [32mBuilding C object CMakeFiles/bwi_tasks_interface__rosidl_typesupport_introspection_c__pyext.dir/rosidl_generator_py/bwi_tasks_interface/_bwi_tasks_interface_s.ep.rosidl_typesupport_introspection_c.c.o[0m
[2.952s] [ 90%] [32mBuilding C object CMakeFiles/bwi_tasks_interface__rosidl_typesupport_fastrtps_c__pyext.dir/rosidl_generator_py/bwi_tasks_interface/_bwi_tasks_interface_s.ep.rosidl_typesupport_fastrtps_c.c.o[0m
[2.952s] [ 90%] [32mBuilding C object CMakeFiles/bwi_tasks_interface__rosidl_typesupport_c__pyext.dir/rosidl_generator_py/bwi_tasks_interface/_bwi_tasks_interface_s.ep.rosidl_typesupport_c.c.o[0m
[3.027s] [ 93%] [32m[1mLinking C shared library rosidl_generator_py/bwi_tasks_interface/bwi_tasks_interface_s__rosidl_typesupport_introspection_c.cpython-310-x86_64-linux-gnu.so[0m
[3.034s] [ 96%] [32m[1mLinking C shared library rosidl_generator_py/bwi_tasks_interface/bwi_tasks_interface_s__rosidl_typesupport_c.cpython-310-x86_64-linux-gnu.so[0m
[3.051s] [100%] [32m[1mLinking C shared library rosidl_generator_py/bwi_tasks_interface/bwi_tasks_interface_s__rosidl_typesupport_fastrtps_c.cpython-310-x86_64-linux-gnu.so[0m
[3.060s] [100%] Built target bwi_tasks_interface__rosidl_typesupport_introspection_c__pyext
[3.071s] [100%] Built target bwi_tasks_interface__rosidl_typesupport_c__pyext
[3.080s] [100%] Built target bwi_tasks_interface__rosidl_typesupport_fastrtps_c__pyext
[3.088s] Invoked command in '/home/nikunj/bwi_ros2_simulation/build/bwi_tasks_interface' returned '0': /usr/bin/cmake --build /home/nikunj/bwi_ros2_simulation/build/bwi_tasks_interface -- -j32 -l32
[3.089s] Invoking command in '/home/nikunj/bwi_ros2_simulation/build/bwi_tasks_interface': /usr/bin/cmake --install /home/nikunj/bwi_ros2_simulation/build/bwi_tasks_interface
[3.098s] -- Install configuration: ""
[3.098s] -- Installing: /home/nikunj/bwi_ros2_simulation/install/bwi_tasks_interface/share/ament_index/resource_index/rosidl_interfaces/bwi_tasks_interface
[3.098s] -- Installing: /home/nikunj/bwi_ros2_simulation/install/bwi_tasks_interface/include/bwi_tasks_interface/bwi_tasks_interface
[3.098s] -- Installing: /home/nikunj/bwi_ros2_simulation/install/bwi_tasks_interface/include/bwi_tasks_interface/bwi_tasks_interface/msg
[3.098s] -- Installing: /home/nikunj/bwi_ros2_simulation/install/bwi_tasks_interface/include/bwi_tasks_interface/bwi_tasks_interface/msg/detail
[3.098s] -- Installing: /home/nikunj/bwi_ros2_simulation/install/bwi_tasks_interface/include/bwi_tasks_interface/bwi_tasks_interface/msg/detail/virtual_obstacle__functions.h
[3.099s] -- Installing: /home/nikunj/bwi_ros2_simulation/install/bwi_tasks_interface/include/bwi_tasks_interface/bwi_tasks_interface/msg/detail/virtual_obstacle__struct.h
[3.099s] -- Installing: /home/nikunj/bwi_ros2_simulation/install/bwi_tasks_interface/include/bwi_tasks_interface/bwi_tasks_interface/msg/detail/virtual_obstacle__type_support.h
[3.099s] -- Installing: /home/nikunj/bwi_ros2_simulation/install/bwi_tasks_interface/include/bwi_tasks_interface/bwi_tasks_interface/msg/detail/virtual_obstacle__functions.c
[3.099s] -- Installing: /home/nikunj/bwi_ros2_simulation/install/bwi_tasks_interface/include/bwi_tasks_interface/bwi_tasks_interface/msg/virtual_obstacle.h
[3.099s] -- Installing: /home/nikunj/bwi_ros2_simulation/install/bwi_tasks_interface/include/bwi_tasks_interface/bwi_tasks_interface/msg/rosidl_generator_c__visibility_control.h
[3.099s] -- Installing: /home/nikunj/bwi_ros2_simulation/install/bwi_tasks_interface/share/bwi_tasks_interface/environment/library_path.sh
[3.099s] -- Installing: /home/nikunj/bwi_ros2_simulation/install/bwi_tasks_interface/share/bwi_tasks_interface/environment/library_path.dsv
[3.099s] -- Installing: /home/nikunj/bwi_ros2_simulation/install/bwi_tasks_interface/lib/libbwi_tasks_interface__rosidl_generator_c.so
[3.100s] -- Set runtime path of "/home/nikunj/bwi_ros2_simulation/install/bwi_tasks_interface/lib/libbwi_tasks_interface__rosidl_generator_c.so" to ""
[3.100s] -- Up-to-date: /home/nikunj/bwi_ros2_simulation/install/bwi_tasks_interface/include/bwi_tasks_interface/bwi_tasks_interface
[3.100s] -- Up-to-date: /home/nikunj/bwi_ros2_simulation/install/bwi_tasks_interface/include/bwi_tasks_interface/bwi_tasks_interface/msg
[3.100s] -- Up-to-date: /home/nikunj/bwi_ros2_simulation/install/bwi_tasks_interface/include/bwi_tasks_interface/bwi_tasks_interface/msg/detail
[3.100s] -- Installing: /home/nikunj/bwi_ros2_simulation/install/bwi_tasks_interface/include/bwi_tasks_interface/bwi_tasks_interface/msg/detail/virtual_obstacle__rosidl_typesupport_fastrtps_c.h
[3.100s] -- Installing: /home/nikunj/bwi_ros2_simulation/install/bwi_tasks_interface/include/bwi_tasks_interface/bwi_tasks_interface/msg/rosidl_typesupport_fastrtps_c__visibility_control.h
[3.100s] -- Installing: /home/nikunj/bwi_ros2_simulation/install/bwi_tasks_interface/lib/libbwi_tasks_interface__rosidl_typesupport_fastrtps_c.so
[3.101s] -- Set runtime path of "/home/nikunj/bwi_ros2_simulation/install/bwi_tasks_interface/lib/libbwi_tasks_interface__rosidl_typesupport_fastrtps_c.so" to ""
[3.101s] -- Up-to-date: /home/nikunj/bwi_ros2_simulation/install/bwi_tasks_interface/include/bwi_tasks_interface/bwi_tasks_interface
[3.101s] -- Up-to-date: /home/nikunj/bwi_ros2_simulation/install/bwi_tasks_interface/include/bwi_tasks_interface/bwi_tasks_interface/msg
[3.101s] -- Installing: /home/nikunj/bwi_ros2_simulation/install/bwi_tasks_interface/include/bwi_tasks_interface/bwi_tasks_interface/msg/rosidl_generator_cpp__visibility_control.hpp
[3.101s] -- Installing: /home/nikunj/bwi_ros2_simulation/install/bwi_tasks_interface/include/bwi_tasks_interface/bwi_tasks_interface/msg/virtual_obstacle.hpp
[3.101s] -- Up-to-date: /home/nikunj/bwi_ros2_simulation/install/bwi_tasks_interface/include/bwi_tasks_interface/bwi_tasks_interface/msg/detail
[3.101s] -- Installing: /home/nikunj/bwi_ros2_simulation/install/bwi_tasks_interface/include/bwi_tasks_interface/bwi_tasks_interface/msg/detail/virtual_obstacle__struct.hpp
[3.101s] -- Installing: /home/nikunj/bwi_ros2_simulation/install/bwi_tasks_interface/include/bwi_tasks_interface/bwi_tasks_interface/msg/detail/virtual_obstacle__builder.hpp
[3.101s] -- Installing: /home/nikunj/bwi_ros2_simulation/install/bwi_tasks_interface/include/bwi_tasks_interface/bwi_tasks_interface/msg/detail/virtual_obstacle__traits.hpp
[3.101s] -- Installing: /home/nikunj/bwi_ros2_simulation/install/bwi_tasks_interface/include/bwi_tasks_interface/bwi_tasks_interface/msg/detail/virtual_obstacle__type_support.hpp
[3.101s] -- Up-to-date: /home/nikunj/bwi_ros2_simulation/install/bwi_tasks_interface/include/bwi_tasks_interface/bwi_tasks_interface
[3.101s] -- Up-to-date: /home/nikunj/bwi_ros2_simulation/install/bwi_tasks_interface/include/bwi_tasks_interface/bwi_tasks_interface/msg
[3.101s] -- Up-to-date: /home/nikunj/bwi_ros2_simulation/install/bwi_tasks_interface/include/bwi_tasks_interface/bwi_tasks_interface/msg/detail
[3.101s] -- Installing: /home/nikunj/bwi_ros2_simulation/install/bwi_tasks_interface/include/bwi_tasks_interface/bwi_tasks_interface/msg/detail/dds_fastrtps
[3.101s] -- Installing: /home/nikunj/bwi_ros2_simulation/install/bwi_tasks_interface/include/bwi_tasks_interface/bwi_tasks_interface/msg/detail/virtual_obstacle__rosidl_typesupport_fastrtps_cpp.hpp
[3.101s] -- Installing: /home/nikunj/bwi_ros2_simulation/install/bwi_tasks_interface/include/bwi_tasks_interface/bwi_tasks_interface/msg/rosidl_typesupport_fastrtps_cpp__visibility_control.h
[3.102s] -- Installing: /home/nikunj/bwi_ros2_simulation/install/bwi_tasks_interface/lib/libbwi_tasks_interface__rosidl_typesupport_fastrtps_cpp.so
[3.102s] -- Set runtime path of "/home/nikunj/bwi_ros2_simulation/install/bwi_tasks_interface/lib/libbwi_tasks_interface__rosidl_typesupport_fastrtps_cpp.so" to ""
[3.102s] -- Up-to-date: /home/nikunj/bwi_ros2_simulation/install/bwi_tasks_interface/include/bwi_tasks_interface/bwi_tasks_interface
[3.102s] -- Up-to-date: /home/nikunj/bwi_ros2_simulation/install/bwi_tasks_interface/include/bwi_tasks_interface/bwi_tasks_interface/msg
[3.102s] -- Up-to-date: /home/nikunj/bwi_ros2_simulation/install/bwi_tasks_interface/include/bwi_tasks_interface/bwi_tasks_interface/msg/detail
[3.102s] -- Installing: /home/nikunj/bwi_ros2_simulation/install/bwi_tasks_interface/include/bwi_tasks_interface/bwi_tasks_interface/msg/detail/virtual_obstacle__type_support.c
[3.102s] -- Installing: /home/nikunj/bwi_ros2_simulation/install/bwi_tasks_interface/include/bwi_tasks_interface/bwi_tasks_interface/msg/detail/virtual_obstacle__rosidl_typesupport_introspection_c.h
[3.102s] -- Installing: /home/nikunj/bwi_ros2_simulation/install/bwi_tasks_interface/include/bwi_tasks_interface/bwi_tasks_interface/msg/rosidl_typesupport_introspection_c__visibility_control.h
[3.102s] -- Installing: /home/nikunj/bwi_ros2_simulation/install/bwi_tasks_interface/lib/libbwi_tasks_interface__rosidl_typesupport_introspection_c.so
[3.103s] -- Set runtime path of "/home/nikunj/bwi_ros2_simulation/install/bwi_tasks_interface/lib/libbwi_tasks_interface__rosidl_typesupport_introspection_c.so" to ""
[3.103s] -- Installing: /home/nikunj/bwi_ros2_simulation/install/bwi_tasks_interface/lib/libbwi_tasks_interface__rosidl_typesupport_c.so
[3.103s] -- Set runtime path of "/home/nikunj/bwi_ros2_simulation/install/bwi_tasks_interface/lib/libbwi_tasks_interface__rosidl_typesupport_c.so" to ""
[3.103s] -- Up-to-date: /home/nikunj/bwi_ros2_simulation/install/bwi_tasks_interface/include/bwi_tasks_interface/bwi_tasks_interface
[3.103s] -- Up-to-date: /home/nikunj/bwi_ros2_simulation/install/bwi_tasks_interface/include/bwi_tasks_interface/bwi_tasks_interface/msg
[3.103s] -- Up-to-date: /home/nikunj/bwi_ros2_simulation/install/bwi_tasks_interface/include/bwi_tasks_interface/bwi_tasks_interface/msg/detail
[3.103s] -- Installing: /home/nikunj/bwi_ros2_simulation/install/bwi_tasks_interface/include/bwi_tasks_interface/bwi_tasks_interface/msg/detail/virtual_obstacle__rosidl_typesupport_introspection_cpp.hpp
[3.103s] -- Installing: /home/nikunj/bwi_ros2_simulation/install/bwi_tasks_interface/include/bwi_tasks_interface/bwi_tasks_interface/msg/detail/virtual_obstacle__type_support.cpp
[3.104s] -- Installing: /home/nikunj/bwi_ros2_simulation/install/bwi_tasks_interface/lib/libbwi_tasks_interface__rosidl_typesupport_introspection_cpp.so
[3.104s] -- Set runtime path of "/home/nikunj/bwi_ros2_simulation/install/bwi_tasks_interface/lib/libbwi_tasks_interface__rosidl_typesupport_introspection_cpp.so" to ""
[3.104s] -- Installing: /home/nikunj/bwi_ros2_simulation/install/bwi_tasks_interface/lib/libbwi_tasks_interface__rosidl_typesupport_cpp.so
[3.104s] -- Set runtime path of "/home/nikunj/bwi_ros2_simulation/install/bwi_tasks_interface/lib/libbwi_tasks_interface__rosidl_typesupport_cpp.so" to ""
[3.104s] -- Installing: /home/nikunj/bwi_ros2_simulation/install/bwi_tasks_interface/share/bwi_tasks_interface/environment/pythonpath.sh
[3.104s] -- Installing: /home/nikunj/bwi_ros2_simulation/install/bwi_tasks_interface/share/bwi_tasks_interface/environment/pythonpath.dsv
[3.105s] -- Installing: /home/nikunj/bwi_ros2_simulation/install/bwi_tasks_interface/local/lib/python3.10/dist-packages/bwi_tasks_interface-0.0.0-py3.10.egg-info
[3.105s] -- Installing: /home/nikunj/bwi_ros2_simulation/install/bwi_tasks_interface/local/lib/python3.10/dist-packages/bwi_tasks_interface-0.0.0-py3.10.egg-info/dependency_links.txt
[3.105s] -- Installing: /home/nikunj/bwi_ros2_simulation/install/bwi_tasks_interface/local/lib/python3.10/dist-packages/bwi_tasks_interface-0.0.0-py3.10.egg-info/top_level.txt
[3.105s] -- Installing: /home/nikunj/bwi_ros2_simulation/install/bwi_tasks_interface/local/lib/python3.10/dist-packages/bwi_tasks_interface-0.0.0-py3.10.egg-info/PKG-INFO
[3.105s] -- Installing: /home/nikunj/bwi_ros2_simulation/install/bwi_tasks_interface/local/lib/python3.10/dist-packages/bwi_tasks_interface-0.0.0-py3.10.egg-info/SOURCES.txt
[3.105s] -- Installing: /home/nikunj/bwi_ros2_simulation/install/bwi_tasks_interface/local/lib/python3.10/dist-packages/bwi_tasks_interface
[3.105s] -- Installing: /home/nikunj/bwi_ros2_simulation/install/bwi_tasks_interface/local/lib/python3.10/dist-packages/bwi_tasks_interface/bwi_tasks_interface_s__rosidl_typesupport_introspection_c.cpython-310-x86_64-linux-gnu.so
[3.105s] -- Installing: /home/nikunj/bwi_ros2_simulation/install/bwi_tasks_interface/local/lib/python3.10/dist-packages/bwi_tasks_interface/libbwi_tasks_interface__rosidl_generator_py.so
[3.105s] -- Installing: /home/nikunj/bwi_ros2_simulation/install/bwi_tasks_interface/local/lib/python3.10/dist-packages/bwi_tasks_interface/__init__.py
[3.106s] -- Installing: /home/nikunj/bwi_ros2_simulation/install/bwi_tasks_interface/local/lib/python3.10/dist-packages/bwi_tasks_interface/bwi_tasks_interface_s__rosidl_typesupport_fastrtps_c.cpython-310-x86_64-linux-gnu.so
[3.106s] -- Installing: /home/nikunj/bwi_ros2_simulation/install/bwi_tasks_interface/local/lib/python3.10/dist-packages/bwi_tasks_interface/_bwi_tasks_interface_s.ep.rosidl_typesupport_introspection_c.c
[3.106s] -- Installing: /home/nikunj/bwi_ros2_simulation/install/bwi_tasks_interface/local/lib/python3.10/dist-packages/bwi_tasks_interface/_bwi_tasks_interface_s.ep.rosidl_typesupport_fastrtps_c.c
[3.106s] -- Installing: /home/nikunj/bwi_ros2_simulation/install/bwi_tasks_interface/local/lib/python3.10/dist-packages/bwi_tasks_interface/msg
[3.106s] -- Installing: /home/nikunj/bwi_ros2_simulation/install/bwi_tasks_interface/local/lib/python3.10/dist-packages/bwi_tasks_interface/msg/_virtual_obstacle_s.c
[3.106s] -- Installing: /home/nikunj/bwi_ros2_simulation/install/bwi_tasks_interface/local/lib/python3.10/dist-packages/bwi_tasks_interface/msg/__init__.py
[3.106s] -- Installing: /home/nikunj/bwi_ros2_simulation/install/bwi_tasks_interface/local/lib/python3.10/dist-packages/bwi_tasks_interface/msg/_virtual_obstacle.py
[3.106s] -- Installing: /home/nikunj/bwi_ros2_simulation/install/bwi_tasks_interface/local/lib/python3.10/dist-packages/bwi_tasks_interface/bwi_tasks_interface_s__rosidl_typesupport_c.cpython-310-x86_64-linux-gnu.so
[3.106s] -- Installing: /home/nikunj/bwi_ros2_simulation/install/bwi_tasks_interface/local/lib/python3.10/dist-packages/bwi_tasks_interface/_bwi_tasks_interface_s.ep.rosidl_typesupport_c.c
[3.150s] Listing '/home/nikunj/bwi_ros2_simulation/install/bwi_tasks_interface/local/lib/python3.10/dist-packages/bwi_tasks_interface'...
[3.151s] Compiling '/home/nikunj/bwi_ros2_simulation/install/bwi_tasks_interface/local/lib/python3.10/dist-packages/bwi_tasks_interface/__init__.py'...
[3.151s] Listing '/home/nikunj/bwi_ros2_simulation/install/bwi_tasks_interface/local/lib/python3.10/dist-packages/bwi_tasks_interface/msg'...
[3.151s] Compiling '/home/nikunj/bwi_ros2_simulation/install/bwi_tasks_interface/local/lib/python3.10/dist-packages/bwi_tasks_interface/msg/__init__.py'...
[3.151s] Compiling '/home/nikunj/bwi_ros2_simulation/install/bwi_tasks_interface/local/lib/python3.10/dist-packages/bwi_tasks_interface/msg/_virtual_obstacle.py'...
[3.158s] -- Installing: /home/nikunj/bwi_ros2_simulation/install/bwi_tasks_interface/local/lib/python3.10/dist-packages/bwi_tasks_interface/bwi_tasks_interface_s__rosidl_typesupport_fastrtps_c.cpython-310-x86_64-linux-gnu.so
[3.159s] -- Set runtime path of "/home/nikunj/bwi_ros2_simulation/install/bwi_tasks_interface/local/lib/python3.10/dist-packages/bwi_tasks_interface/bwi_tasks_interface_s__rosidl_typesupport_fastrtps_c.cpython-310-x86_64-linux-gnu.so" to ""
[3.159s] -- Installing: /home/nikunj/bwi_ros2_simulation/install/bwi_tasks_interface/local/lib/python3.10/dist-packages/bwi_tasks_interface/bwi_tasks_interface_s__rosidl_typesupport_introspection_c.cpython-310-x86_64-linux-gnu.so
[3.159s] -- Set runtime path of "/home/nikunj/bwi_ros2_simulation/install/bwi_tasks_interface/local/lib/python3.10/dist-packages/bwi_tasks_interface/bwi_tasks_interface_s__rosidl_typesupport_introspection_c.cpython-310-x86_64-linux-gnu.so" to ""
[3.159s] -- Installing: /home/nikunj/bwi_ros2_simulation/install/bwi_tasks_interface/local/lib/python3.10/dist-packages/bwi_tasks_interface/bwi_tasks_interface_s__rosidl_typesupport_c.cpython-310-x86_64-linux-gnu.so
[3.159s] -- Set runtime path of "/home/nikunj/bwi_ros2_simulation/install/bwi_tasks_interface/local/lib/python3.10/dist-packages/bwi_tasks_interface/bwi_tasks_interface_s__rosidl_typesupport_c.cpython-310-x86_64-linux-gnu.so" to ""
[3.159s] -- Installing: /home/nikunj/bwi_ros2_simulation/install/bwi_tasks_interface/lib/libbwi_tasks_interface__rosidl_generator_py.so
[3.159s] -- Set runtime path of "/home/nikunj/bwi_ros2_simulation/install/bwi_tasks_interface/lib/libbwi_tasks_interface__rosidl_generator_py.so" to ""
[3.159s] -- Installing: /home/nikunj/bwi_ros2_simulation/install/bwi_tasks_interface/share/bwi_tasks_interface/msg/VirtualObstacle.idl
[3.159s] -- Installing: /home/nikunj/bwi_ros2_simulation/install/bwi_tasks_interface/share/bwi_tasks_interface/msg/VirtualObstacle.msg
[3.159s] -- Installing: /home/nikunj/bwi_ros2_simulation/install/bwi_tasks_interface/share/ament_index/resource_index/package_run_dependencies/bwi_tasks_interface
[3.159s] -- Installing: /home/nikunj/bwi_ros2_simulation/install/bwi_tasks_interface/share/ament_index/resource_index/parent_prefix_path/bwi_tasks_interface
[3.159s] -- Installing: /home/nikunj/bwi_ros2_simulation/install/bwi_tasks_interface/share/bwi_tasks_interface/environment/ament_prefix_path.sh
[3.159s] -- Installing: /home/nikunj/bwi_ros2_simulation/install/bwi_tasks_interface/share/bwi_tasks_interface/environment/ament_prefix_path.dsv
[3.159s] -- Installing: /home/nikunj/bwi_ros2_simulation/install/bwi_tasks_interface/share/bwi_tasks_interface/environment/path.sh
[3.159s] -- Installing: /home/nikunj/bwi_ros2_simulation/install/bwi_tasks_interface/share/bwi_tasks_interface/environment/path.dsv
[3.159s] -- Installing: /home/nikunj/bwi_ros2_simulation/install/bwi_tasks_interface/share/bwi_tasks_interface/local_setup.bash
[3.159s] -- Installing: /home/nikunj/bwi_ros2_simulation/install/bwi_tasks_interface/share/bwi_tasks_interface/local_setup.sh
[3.160s] -- Installing: /home/nikunj/bwi_ros2_simulation/install/bwi_tasks_interface/share/bwi_tasks_interface/local_setup.zsh
[3.160s] -- Installing: /home/nikunj/bwi_ros2_simulation/install/bwi_tasks_interface/share/bwi_tasks_interface/local_setup.dsv
[3.160s] -- Installing: /home/nikunj/bwi_ros2_simulation/install/bwi_tasks_interface/share/bwi_tasks_interface/package.dsv
[3.160s] -- Installing: /home/nikunj/bwi_ros2_simulation/install/bwi_tasks_interface/share/ament_index/resource_index/packages/bwi_tasks_interface
[3.160s] -- Installing: /home/nikunj/bwi_ros2_simulation/install/bwi_tasks_interface/share/bwi_tasks_interface/cmake/export_bwi_tasks_interface__rosidl_generator_cExport.cmake
[3.160s] -- Installing: /home/nikunj/bwi_ros2_simulation/install/bwi_tasks_interface/share/bwi_tasks_interface/cmake/export_bwi_tasks_interface__rosidl_generator_cExport-noconfig.cmake
[3.160s] -- Installing: /home/nikunj/bwi_ros2_simulation/install/bwi_tasks_interface/share/bwi_tasks_interface/cmake/export_bwi_tasks_interface__rosidl_typesupport_fastrtps_cExport.cmake
[3.160s] -- Installing: /home/nikunj/bwi_ros2_simulation/install/bwi_tasks_interface/share/bwi_tasks_interface/cmake/export_bwi_tasks_interface__rosidl_typesupport_fastrtps_cExport-noconfig.cmake
[3.160s] -- Installing: /home/nikunj/bwi_ros2_simulation/install/bwi_tasks_interface/share/bwi_tasks_interface/cmake/export_bwi_tasks_interface__rosidl_generator_cppExport.cmake
[3.160s] -- Installing: /home/nikunj/bwi_ros2_simulation/install/bwi_tasks_interface/share/bwi_tasks_interface/cmake/export_bwi_tasks_interface__rosidl_typesupport_fastrtps_cppExport.cmake
[3.160s] -- Installing: /home/nikunj/bwi_ros2_simulation/install/bwi_tasks_interface/share/bwi_tasks_interface/cmake/export_bwi_tasks_interface__rosidl_typesupport_fastrtps_cppExport-noconfig.cmake
[3.160s] -- Installing: /home/nikunj/bwi_ros2_simulation/install/bwi_tasks_interface/share/bwi_tasks_interface/cmake/bwi_tasks_interface__rosidl_typesupport_introspection_cExport.cmake
[3.160s] -- Installing: /home/nikunj/bwi_ros2_simulation/install/bwi_tasks_interface/share/bwi_tasks_interface/cmake/bwi_tasks_interface__rosidl_typesupport_introspection_cExport-noconfig.cmake
[3.160s] -- Installing: /home/nikunj/bwi_ros2_simulation/install/bwi_tasks_interface/share/bwi_tasks_interface/cmake/bwi_tasks_interface__rosidl_typesupport_cExport.cmake
[3.160s] -- Installing: /home/nikunj/bwi_ros2_simulation/install/bwi_tasks_interface/share/bwi_tasks_interface/cmake/bwi_tasks_interface__rosidl_typesupport_cExport-noconfig.cmake
[3.160s] -- Installing: /home/nikunj/bwi_ros2_simulation/install/bwi_tasks_interface/share/bwi_tasks_interface/cmake/bwi_tasks_interface__rosidl_typesupport_introspection_cppExport.cmake
[3.160s] -- Installing: /home/nikunj/bwi_ros2_simulation/install/bwi_tasks_interface/share/bwi_tasks_interface/cmake/bwi_tasks_interface__rosidl_typesupport_introspection_cppExport-noconfig.cmake
[3.160s] -- Installing: /home/nikunj/bwi_ros2_simulation/install/bwi_tasks_interface/share/bwi_tasks_interface/cmake/bwi_tasks_interface__rosidl_typesupport_cppExport.cmake
[3.161s] -- Installing: /home/nikunj/bwi_ros2_simulation/install/bwi_tasks_interface/share/bwi_tasks_interface/cmake/bwi_tasks_interface__rosidl_typesupport_cppExport-noconfig.cmake
[3.161s] -- Installing: /home/nikunj/bwi_ros2_simulation/install/bwi_tasks_interface/share/bwi_tasks_interface/cmake/export_bwi_tasks_interface__rosidl_generator_pyExport.cmake
[3.161s] -- Installing: /home/nikunj/bwi_ros2_simulation/install/bwi_tasks_interface/share/bwi_tasks_interface/cmake/export_bwi_tasks_interface__rosidl_generator_pyExport-noconfig.cmake
[3.161s] -- Installing: /home/nikunj/bwi_ros2_simulation/install/bwi_tasks_interface/share/bwi_tasks_interface/cmake/rosidl_cmake-extras.cmake
[3.161s] -- Installing: /home/nikunj/bwi_ros2_simulation/install/bwi_tasks_interface/share/bwi_tasks_interface/cmake/ament_cmake_export_dependencies-extras.cmake
[3.161s] -- Installing: /home/nikunj/bwi_ros2_simulation/install/bwi_tasks_interface/share/bwi_tasks_interface/cmake/ament_cmake_export_include_directories-extras.cmake
[3.161s] -- Installing: /home/nikunj/bwi_ros2_simulation/install/bwi_tasks_interface/share/bwi_tasks_interface/cmake/ament_cmake_export_libraries-extras.cmake
[3.161s] -- Installing: /home/nikunj/bwi_ros2_simulation/install/bwi_tasks_interface/share/bwi_tasks_interface/cmake/ament_cmake_export_targets-extras.cmake
[3.161s] -- Installing: /home/nikunj/bwi_ros2_simulation/install/bwi_tasks_interface/share/bwi_tasks_interface/cmake/rosidl_cmake_export_typesupport_targets-extras.cmake
[3.161s] -- Installing: /home/nikunj/bwi_ros2_simulation/install/bwi_tasks_interface/share/bwi_tasks_interface/cmake/rosidl_cmake_export_typesupport_libraries-extras.cmake
[3.161s] -- Installing: /home/nikunj/bwi_ros2_simulation/install/bwi_tasks_interface/share/bwi_tasks_interface/cmake/bwi_tasks_interfaceConfig.cmake
[3.161s] -- Installing: /home/nikunj/bwi_ros2_simulation/install/bwi_tasks_interface/share/bwi_tasks_interface/cmake/bwi_tasks_interfaceConfig-version.cmake
[3.161s] -- Installing: /home/nikunj/bwi_ros2_simulation/install/bwi_tasks_interface/share/bwi_tasks_interface/package.xml
[3.163s] Invoked command in '/home/nikunj/bwi_ros2_simulation/build/bwi_tasks_interface' returned '0': /usr/bin/cmake --install /home/nikunj/bwi_ros2_simulation/build/bwi_tasks_interface
