-- The C compiler identification is GNU 11.4.0
-- The CXX compiler identification is GNU 11.4.0
-- Detecting C compiler ABI info
-- Detecting C compiler ABI info - done
-- Check for working C compiler: /usr/bin/cc - skipped
-- Detecting C compile features
-- Detecting C compile features - done
-- Detecting CXX compiler ABI info
-- Detecting CXX compiler ABI info - done
-- Check for working CXX compiler: /usr/bin/c++ - skipped
-- Detecting CXX compile features
-- Detecting CXX compile features - done
-- Found ament_cmake: 1.3.12 (/opt/ros/humble/share/ament_cmake/cmake)
-- Found Python3: /usr/bin/python3 (found version "3.10.12") found components: Interpreter 
-- Configuring done
-- Generating done
-- Build files have been written to: /home/nikunj/bwi_ros2_simulation/build/ivcon
[ 50%] [32mBuilding C object CMakeFiles/ivcon.dir/src/ivcon.c.o[0m
[100%] [32m[1mLinking C executable ivcon[0m
[100%] Built target ivcon
-- Install configuration: ""
-- Installing: /home/nikunj/bwi_ros2_simulation/install/ivcon/lib/ivcon/ivcon
-- Installing: /home/nikunj/bwi_ros2_simulation/install/ivcon/share/ament_index/resource_index/package_run_dependencies/ivcon
-- Installing: /home/nikunj/bwi_ros2_simulation/install/ivcon/share/ament_index/resource_index/parent_prefix_path/ivcon
-- Installing: /home/nikunj/bwi_ros2_simulation/install/ivcon/share/ivcon/environment/ament_prefix_path.sh
-- Installing: /home/nikunj/bwi_ros2_simulation/install/ivcon/share/ivcon/environment/ament_prefix_path.dsv
-- Installing: /home/nikunj/bwi_ros2_simulation/install/ivcon/share/ivcon/environment/path.sh
-- Installing: /home/nikunj/bwi_ros2_simulation/install/ivcon/share/ivcon/environment/path.dsv
-- Installing: /home/nikunj/bwi_ros2_simulation/install/ivcon/share/ivcon/local_setup.bash
-- Installing: /home/nikunj/bwi_ros2_simulation/install/ivcon/share/ivcon/local_setup.sh
-- Installing: /home/nikunj/bwi_ros2_simulation/install/ivcon/share/ivcon/local_setup.zsh
-- Installing: /home/nikunj/bwi_ros2_simulation/install/ivcon/share/ivcon/local_setup.dsv
-- Installing: /home/nikunj/bwi_ros2_simulation/install/ivcon/share/ivcon/package.dsv
-- Installing: /home/nikunj/bwi_ros2_simulation/install/ivcon/share/ament_index/resource_index/packages/ivcon
-- Installing: /home/nikunj/bwi_ros2_simulation/install/ivcon/share/ivcon/cmake/ivconConfig.cmake
-- Installing: /home/nikunj/bwi_ros2_simulation/install/ivcon/share/ivcon/cmake/ivconConfig-version.cmake
-- Installing: /home/nikunj/bwi_ros2_simulation/install/ivcon/share/ivcon/package.xml
