[1.771s] Invoking command in '/home/nikunj/bwi_ros2_simulation/src/teleop_multi_robot': PYTHONPATH=/home/nikunj/bwi_ros2_simulation/build/teleop_multi_robot/prefix_override:/usr/lib/python3/dist-packages/colcon_core/task/python/colcon_distutils_commands:/home/nikunj/bwi_ros2_simulation/install/teleop_multi_robot/lib/python3.10/site-packages:${PYTHONPATH} /usr/bin/python3 -W ignore:setup.py install is deprecated -W ignore:easy_install command is deprecated setup.py egg_info --egg-base ../../build/teleop_multi_robot build --build-base /home/nikunj/bwi_ros2_simulation/build/teleop_multi_robot/build install --record /home/nikunj/bwi_ros2_simulation/build/teleop_multi_robot/install.log --single-version-externally-managed install_data
[2.013s] running egg_info
[2.014s] writing ../../build/teleop_multi_robot/teleop_multi_robot.egg-info/PKG-INFO
[2.014s] writing dependency_links to ../../build/teleop_multi_robot/teleop_multi_robot.egg-info/dependency_links.txt
[2.014s] writing entry points to ../../build/teleop_multi_robot/teleop_multi_robot.egg-info/entry_points.txt
[2.014s] writing requirements to ../../build/teleop_multi_robot/teleop_multi_robot.egg-info/requires.txt
[2.014s] writing top-level names to ../../build/teleop_multi_robot/teleop_multi_robot.egg-info/top_level.txt
[2.015s] reading manifest file '../../build/teleop_multi_robot/teleop_multi_robot.egg-info/SOURCES.txt'
[2.015s] adding license file 'LICENSE'
[2.015s] writing manifest file '../../build/teleop_multi_robot/teleop_multi_robot.egg-info/SOURCES.txt'
[2.015s] running build
[2.015s] running build_py
[2.015s] running install
[2.015s] running install_lib
[2.016s] running install_data
[2.016s] running install_egg_info
[2.017s] removing '/home/nikunj/bwi_ros2_simulation/install/teleop_multi_robot/lib/python3.10/site-packages/teleop_multi_robot-0.0.0-py3.10.egg-info' (and everything under it)
[2.017s] Copying ../../build/teleop_multi_robot/teleop_multi_robot.egg-info to /home/nikunj/bwi_ros2_simulation/install/teleop_multi_robot/lib/python3.10/site-packages/teleop_multi_robot-0.0.0-py3.10.egg-info
[2.017s] running install_scripts
[2.029s] Installing teleop_twist_dual script to /home/nikunj/bwi_ros2_simulation/install/teleop_multi_robot/lib/teleop_multi_robot
[2.029s] writing list of installed files to '/home/nikunj/bwi_ros2_simulation/build/teleop_multi_robot/install.log'
[2.041s] Invoked command in '/home/nikunj/bwi_ros2_simulation/src/teleop_multi_robot' returned '0': PYTHONPATH=/home/nikunj/bwi_ros2_simulation/build/teleop_multi_robot/prefix_override:/usr/lib/python3/dist-packages/colcon_core/task/python/colcon_distutils_commands:/home/nikunj/bwi_ros2_simulation/install/teleop_multi_robot/lib/python3.10/site-packages:${PYTHONPATH} /usr/bin/python3 -W ignore:setup.py install is deprecated -W ignore:easy_install command is deprecated setup.py egg_info --egg-base ../../build/teleop_multi_robot build --build-base /home/nikunj/bwi_ros2_simulation/build/teleop_multi_robot/build install --record /home/nikunj/bwi_ros2_simulation/build/teleop_multi_robot/install.log --single-version-externally-managed install_data
