running egg_info
writing ../../build/bwi_reset/bwi_reset.egg-info/PKG-INFO
writing dependency_links to ../../build/bwi_reset/bwi_reset.egg-info/dependency_links.txt
writing entry points to ../../build/bwi_reset/bwi_reset.egg-info/entry_points.txt
writing requirements to ../../build/bwi_reset/bwi_reset.egg-info/requires.txt
writing top-level names to ../../build/bwi_reset/bwi_reset.egg-info/top_level.txt
reading manifest file '../../build/bwi_reset/bwi_reset.egg-info/SOURCES.txt'
writing manifest file '../../build/bwi_reset/bwi_reset.egg-info/SOURCES.txt'
running build
running build_py
copying bwi_reset/reset_robots.py -> /home/nikunj/bwi_ros2_simulation/build/bwi_reset/build/lib/bwi_reset
running install
running install_lib
copying /home/nikunj/bwi_ros2_simulation/build/bwi_reset/build/lib/bwi_reset/reset_robots.py -> /home/nikunj/bwi_ros2_simulation/install/bwi_reset/lib/python3.10/site-packages/bwi_reset
byte-compiling /home/nikunj/bwi_ros2_simulation/install/bwi_reset/lib/python3.10/site-packages/bwi_reset/reset_robots.py to reset_robots.cpython-310.pyc
running install_data
running install_egg_info
removing '/home/nikunj/bwi_ros2_simulation/install/bwi_reset/lib/python3.10/site-packages/bwi_reset-0.0.0-py3.10.egg-info' (and everything under it)
Copying ../../build/bwi_reset/bwi_reset.egg-info to /home/nikunj/bwi_ros2_simulation/install/bwi_reset/lib/python3.10/site-packages/bwi_reset-0.0.0-py3.10.egg-info
running install_scripts
Installing reset_robots script to /home/nikunj/bwi_ros2_simulation/install/bwi_reset/lib/bwi_reset
writing list of installed files to '/home/nikunj/bwi_ros2_simulation/build/bwi_reset/install.log'
