[  1%] Built target segway_msgs__cpp
[ 12%] Built target segway_msgs__rosidl_generator_c
[ 12%] Built target ament_cmake_python_copy_segway_msgs
[ 24%] Built target segway_msgs__rosidl_typesupport_cpp
[ 35%] Built target segway_msgs__rosidl_typesupport_c
[ 46%] Built target segway_msgs__rosidl_typesupport_introspection_cpp
[ 58%] Built target segway_msgs__rosidl_typesupport_introspection_c
[ 69%] Built target segway_msgs__rosidl_typesupport_fastrtps_cpp
[ 81%] Built target segway_msgs__rosidl_typesupport_fastrtps_c
[ 81%] Built target segway_msgs
[ 82%] Built target segway_msgs__py
[ 92%] Built target segway_msgs__rosidl_generator_py
[ 94%] Built target segway_msgs__rosidl_typesupport_c__pyext
[ 97%] Built target segway_msgs__rosidl_typesupport_introspection_c__pyext
[100%] Built target segway_msgs__rosidl_typesupport_fastrtps_c__pyext
running egg_info
writing segway_msgs.egg-info/PKG-INFO
writing dependency_links to segway_msgs.egg-info/dependency_links.txt
writing top-level names to segway_msgs.egg-info/top_level.txt
reading manifest file 'segway_msgs.egg-info/SOURCES.txt'
writing manifest file 'segway_msgs.egg-info/SOURCES.txt'
[100%] Built target ament_cmake_python_build_segway_msgs_egg
-- Install configuration: ""
-- Up-to-date: /home/nikunj/bwi_ros2_simulation/install/segway_msgs/share/ament_index/resource_index/rosidl_interfaces/segway_msgs
-- Up-to-date: /home/nikunj/bwi_ros2_simulation/install/segway_msgs/include/segway_msgs/segway_msgs
-- Up-to-date: /home/nikunj/bwi_ros2_simulation/install/segway_msgs/include/segway_msgs/segway_msgs/msg
-- Up-to-date: /home/nikunj/bwi_ros2_simulation/install/segway_msgs/include/segway_msgs/segway_msgs/msg/configuration.h
-- Up-to-date: /home/nikunj/bwi_ros2_simulation/install/segway_msgs/include/segway_msgs/segway_msgs/msg/dynamics.h
-- Up-to-date: /home/nikunj/bwi_ros2_simulation/install/segway_msgs/include/segway_msgs/segway_msgs/msg/propulsion.h
-- Up-to-date: /home/nikunj/bwi_ros2_simulation/install/segway_msgs/include/segway_msgs/segway_msgs/msg/aux_power.h
-- Up-to-date: /home/nikunj/bwi_ros2_simulation/install/segway_msgs/include/segway_msgs/segway_msgs/msg/faultlog.h
-- Up-to-date: /home/nikunj/bwi_ros2_simulation/install/segway_msgs/include/segway_msgs/segway_msgs/msg/detail
-- Up-to-date: /home/nikunj/bwi_ros2_simulation/install/segway_msgs/include/segway_msgs/segway_msgs/msg/detail/configuration__struct.h
-- Up-to-date: /home/nikunj/bwi_ros2_simulation/install/segway_msgs/include/segway_msgs/segway_msgs/msg/detail/configuration__functions.h
-- Up-to-date: /home/nikunj/bwi_ros2_simulation/install/segway_msgs/include/segway_msgs/segway_msgs/msg/detail/aux_power__functions.h
-- Up-to-date: /home/nikunj/bwi_ros2_simulation/install/segway_msgs/include/segway_msgs/segway_msgs/msg/detail/status__type_support.h
-- Up-to-date: /home/nikunj/bwi_ros2_simulation/install/segway_msgs/include/segway_msgs/segway_msgs/msg/detail/configuration__functions.c
-- Up-to-date: /home/nikunj/bwi_ros2_simulation/install/segway_msgs/include/segway_msgs/segway_msgs/msg/detail/aux_power__type_support.h
-- Up-to-date: /home/nikunj/bwi_ros2_simulation/install/segway_msgs/include/segway_msgs/segway_msgs/msg/detail/propulsion__functions.h
-- Up-to-date: /home/nikunj/bwi_ros2_simulation/install/segway_msgs/include/segway_msgs/segway_msgs/msg/detail/dynamics__functions.h
-- Up-to-date: /home/nikunj/bwi_ros2_simulation/install/segway_msgs/include/segway_msgs/segway_msgs/msg/detail/status__struct.h
-- Up-to-date: /home/nikunj/bwi_ros2_simulation/install/segway_msgs/include/segway_msgs/segway_msgs/msg/detail/aux_power__struct.h
-- Up-to-date: /home/nikunj/bwi_ros2_simulation/install/segway_msgs/include/segway_msgs/segway_msgs/msg/detail/faultlog__functions.c
-- Up-to-date: /home/nikunj/bwi_ros2_simulation/install/segway_msgs/include/segway_msgs/segway_msgs/msg/detail/propulsion__functions.c
-- Up-to-date: /home/nikunj/bwi_ros2_simulation/install/segway_msgs/include/segway_msgs/segway_msgs/msg/detail/dynamics__functions.c
-- Up-to-date: /home/nikunj/bwi_ros2_simulation/install/segway_msgs/include/segway_msgs/segway_msgs/msg/detail/status__functions.c
-- Up-to-date: /home/nikunj/bwi_ros2_simulation/install/segway_msgs/include/segway_msgs/segway_msgs/msg/detail/config_cmd__struct.h
-- Up-to-date: /home/nikunj/bwi_ros2_simulation/install/segway_msgs/include/segway_msgs/segway_msgs/msg/detail/faultlog__struct.h
-- Up-to-date: /home/nikunj/bwi_ros2_simulation/install/segway_msgs/include/segway_msgs/segway_msgs/msg/detail/faultlog__functions.h
-- Up-to-date: /home/nikunj/bwi_ros2_simulation/install/segway_msgs/include/segway_msgs/segway_msgs/msg/detail/config_cmd__type_support.h
-- Up-to-date: /home/nikunj/bwi_ros2_simulation/install/segway_msgs/include/segway_msgs/segway_msgs/msg/detail/dynamics__struct.h
-- Up-to-date: /home/nikunj/bwi_ros2_simulation/install/segway_msgs/include/segway_msgs/segway_msgs/msg/detail/status__functions.h
-- Up-to-date: /home/nikunj/bwi_ros2_simulation/install/segway_msgs/include/segway_msgs/segway_msgs/msg/detail/config_cmd__functions.h
-- Up-to-date: /home/nikunj/bwi_ros2_simulation/install/segway_msgs/include/segway_msgs/segway_msgs/msg/detail/configuration__type_support.h
-- Up-to-date: /home/nikunj/bwi_ros2_simulation/install/segway_msgs/include/segway_msgs/segway_msgs/msg/detail/aux_power__functions.c
-- Up-to-date: /home/nikunj/bwi_ros2_simulation/install/segway_msgs/include/segway_msgs/segway_msgs/msg/detail/config_cmd__functions.c
-- Up-to-date: /home/nikunj/bwi_ros2_simulation/install/segway_msgs/include/segway_msgs/segway_msgs/msg/detail/propulsion__struct.h
-- Up-to-date: /home/nikunj/bwi_ros2_simulation/install/segway_msgs/include/segway_msgs/segway_msgs/msg/detail/faultlog__type_support.h
-- Up-to-date: /home/nikunj/bwi_ros2_simulation/install/segway_msgs/include/segway_msgs/segway_msgs/msg/detail/propulsion__type_support.h
-- Up-to-date: /home/nikunj/bwi_ros2_simulation/install/segway_msgs/include/segway_msgs/segway_msgs/msg/detail/dynamics__type_support.h
-- Up-to-date: /home/nikunj/bwi_ros2_simulation/install/segway_msgs/include/segway_msgs/segway_msgs/msg/status.h
-- Up-to-date: /home/nikunj/bwi_ros2_simulation/install/segway_msgs/include/segway_msgs/segway_msgs/msg/rosidl_generator_c__visibility_control.h
-- Up-to-date: /home/nikunj/bwi_ros2_simulation/install/segway_msgs/include/segway_msgs/segway_msgs/msg/config_cmd.h
-- Up-to-date: /home/nikunj/bwi_ros2_simulation/install/segway_msgs/share/segway_msgs/environment/library_path.sh
-- Up-to-date: /home/nikunj/bwi_ros2_simulation/install/segway_msgs/share/segway_msgs/environment/library_path.dsv
-- Up-to-date: /home/nikunj/bwi_ros2_simulation/install/segway_msgs/lib/libsegway_msgs__rosidl_generator_c.so
-- Up-to-date: /home/nikunj/bwi_ros2_simulation/install/segway_msgs/include/segway_msgs/segway_msgs
-- Up-to-date: /home/nikunj/bwi_ros2_simulation/install/segway_msgs/include/segway_msgs/segway_msgs/msg
-- Up-to-date: /home/nikunj/bwi_ros2_simulation/install/segway_msgs/include/segway_msgs/segway_msgs/msg/detail
-- Up-to-date: /home/nikunj/bwi_ros2_simulation/install/segway_msgs/include/segway_msgs/segway_msgs/msg/detail/aux_power__rosidl_typesupport_fastrtps_c.h
-- Up-to-date: /home/nikunj/bwi_ros2_simulation/install/segway_msgs/include/segway_msgs/segway_msgs/msg/detail/status__rosidl_typesupport_fastrtps_c.h
-- Up-to-date: /home/nikunj/bwi_ros2_simulation/install/segway_msgs/include/segway_msgs/segway_msgs/msg/detail/propulsion__rosidl_typesupport_fastrtps_c.h
-- Up-to-date: /home/nikunj/bwi_ros2_simulation/install/segway_msgs/include/segway_msgs/segway_msgs/msg/detail/dynamics__rosidl_typesupport_fastrtps_c.h
-- Up-to-date: /home/nikunj/bwi_ros2_simulation/install/segway_msgs/include/segway_msgs/segway_msgs/msg/detail/config_cmd__rosidl_typesupport_fastrtps_c.h
-- Up-to-date: /home/nikunj/bwi_ros2_simulation/install/segway_msgs/include/segway_msgs/segway_msgs/msg/detail/configuration__rosidl_typesupport_fastrtps_c.h
-- Up-to-date: /home/nikunj/bwi_ros2_simulation/install/segway_msgs/include/segway_msgs/segway_msgs/msg/detail/faultlog__rosidl_typesupport_fastrtps_c.h
-- Up-to-date: /home/nikunj/bwi_ros2_simulation/install/segway_msgs/include/segway_msgs/segway_msgs/msg/rosidl_typesupport_fastrtps_c__visibility_control.h
-- Up-to-date: /home/nikunj/bwi_ros2_simulation/install/segway_msgs/lib/libsegway_msgs__rosidl_typesupport_fastrtps_c.so
-- Up-to-date: /home/nikunj/bwi_ros2_simulation/install/segway_msgs/include/segway_msgs/segway_msgs
-- Up-to-date: /home/nikunj/bwi_ros2_simulation/install/segway_msgs/include/segway_msgs/segway_msgs/msg
-- Up-to-date: /home/nikunj/bwi_ros2_simulation/install/segway_msgs/include/segway_msgs/segway_msgs/msg/detail
-- Up-to-date: /home/nikunj/bwi_ros2_simulation/install/segway_msgs/include/segway_msgs/segway_msgs/msg/detail/dynamics__type_support.c
-- Up-to-date: /home/nikunj/bwi_ros2_simulation/install/segway_msgs/include/segway_msgs/segway_msgs/msg/detail/config_cmd__type_support.c
-- Up-to-date: /home/nikunj/bwi_ros2_simulation/install/segway_msgs/include/segway_msgs/segway_msgs/msg/detail/faultlog__type_support.c
-- Up-to-date: /home/nikunj/bwi_ros2_simulation/install/segway_msgs/include/segway_msgs/segway_msgs/msg/detail/configuration__rosidl_typesupport_introspection_c.h
-- Up-to-date: /home/nikunj/bwi_ros2_simulation/install/segway_msgs/include/segway_msgs/segway_msgs/msg/detail/propulsion__type_support.c
-- Up-to-date: /home/nikunj/bwi_ros2_simulation/install/segway_msgs/include/segway_msgs/segway_msgs/msg/detail/faultlog__rosidl_typesupport_introspection_c.h
-- Up-to-date: /home/nikunj/bwi_ros2_simulation/install/segway_msgs/include/segway_msgs/segway_msgs/msg/detail/status__type_support.c
-- Up-to-date: /home/nikunj/bwi_ros2_simulation/install/segway_msgs/include/segway_msgs/segway_msgs/msg/detail/config_cmd__rosidl_typesupport_introspection_c.h
-- Up-to-date: /home/nikunj/bwi_ros2_simulation/install/segway_msgs/include/segway_msgs/segway_msgs/msg/detail/status__rosidl_typesupport_introspection_c.h
-- Up-to-date: /home/nikunj/bwi_ros2_simulation/install/segway_msgs/include/segway_msgs/segway_msgs/msg/detail/configuration__type_support.c
-- Up-to-date: /home/nikunj/bwi_ros2_simulation/install/segway_msgs/include/segway_msgs/segway_msgs/msg/detail/propulsion__rosidl_typesupport_introspection_c.h
-- Up-to-date: /home/nikunj/bwi_ros2_simulation/install/segway_msgs/include/segway_msgs/segway_msgs/msg/detail/aux_power__rosidl_typesupport_introspection_c.h
-- Up-to-date: /home/nikunj/bwi_ros2_simulation/install/segway_msgs/include/segway_msgs/segway_msgs/msg/detail/dynamics__rosidl_typesupport_introspection_c.h
-- Up-to-date: /home/nikunj/bwi_ros2_simulation/install/segway_msgs/include/segway_msgs/segway_msgs/msg/detail/aux_power__type_support.c
-- Up-to-date: /home/nikunj/bwi_ros2_simulation/install/segway_msgs/include/segway_msgs/segway_msgs/msg/rosidl_typesupport_introspection_c__visibility_control.h
-- Up-to-date: /home/nikunj/bwi_ros2_simulation/install/segway_msgs/lib/libsegway_msgs__rosidl_typesupport_introspection_c.so
-- Up-to-date: /home/nikunj/bwi_ros2_simulation/install/segway_msgs/lib/libsegway_msgs__rosidl_typesupport_c.so
-- Up-to-date: /home/nikunj/bwi_ros2_simulation/install/segway_msgs/include/segway_msgs/segway_msgs
-- Up-to-date: /home/nikunj/bwi_ros2_simulation/install/segway_msgs/include/segway_msgs/segway_msgs/msg
-- Up-to-date: /home/nikunj/bwi_ros2_simulation/install/segway_msgs/include/segway_msgs/segway_msgs/msg/aux_power.hpp
-- Up-to-date: /home/nikunj/bwi_ros2_simulation/install/segway_msgs/include/segway_msgs/segway_msgs/msg/rosidl_generator_cpp__visibility_control.hpp
-- Up-to-date: /home/nikunj/bwi_ros2_simulation/install/segway_msgs/include/segway_msgs/segway_msgs/msg/faultlog.hpp
-- Up-to-date: /home/nikunj/bwi_ros2_simulation/install/segway_msgs/include/segway_msgs/segway_msgs/msg/status.hpp
-- Up-to-date: /home/nikunj/bwi_ros2_simulation/install/segway_msgs/include/segway_msgs/segway_msgs/msg/dynamics.hpp
-- Up-to-date: /home/nikunj/bwi_ros2_simulation/install/segway_msgs/include/segway_msgs/segway_msgs/msg/propulsion.hpp
-- Up-to-date: /home/nikunj/bwi_ros2_simulation/install/segway_msgs/include/segway_msgs/segway_msgs/msg/configuration.hpp
-- Up-to-date: /home/nikunj/bwi_ros2_simulation/install/segway_msgs/include/segway_msgs/segway_msgs/msg/detail
-- Up-to-date: /home/nikunj/bwi_ros2_simulation/install/segway_msgs/include/segway_msgs/segway_msgs/msg/detail/dynamics__struct.hpp
-- Up-to-date: /home/nikunj/bwi_ros2_simulation/install/segway_msgs/include/segway_msgs/segway_msgs/msg/detail/status__struct.hpp
-- Up-to-date: /home/nikunj/bwi_ros2_simulation/install/segway_msgs/include/segway_msgs/segway_msgs/msg/detail/status__builder.hpp
-- Up-to-date: /home/nikunj/bwi_ros2_simulation/install/segway_msgs/include/segway_msgs/segway_msgs/msg/detail/faultlog__builder.hpp
-- Up-to-date: /home/nikunj/bwi_ros2_simulation/install/segway_msgs/include/segway_msgs/segway_msgs/msg/detail/configuration__type_support.hpp
-- Up-to-date: /home/nikunj/bwi_ros2_simulation/install/segway_msgs/include/segway_msgs/segway_msgs/msg/detail/dynamics__builder.hpp
-- Up-to-date: /home/nikunj/bwi_ros2_simulation/install/segway_msgs/include/segway_msgs/segway_msgs/msg/detail/config_cmd__builder.hpp
-- Up-to-date: /home/nikunj/bwi_ros2_simulation/install/segway_msgs/include/segway_msgs/segway_msgs/msg/detail/propulsion__type_support.hpp
-- Up-to-date: /home/nikunj/bwi_ros2_simulation/install/segway_msgs/include/segway_msgs/segway_msgs/msg/detail/aux_power__traits.hpp
-- Up-to-date: /home/nikunj/bwi_ros2_simulation/install/segway_msgs/include/segway_msgs/segway_msgs/msg/detail/aux_power__struct.hpp
-- Up-to-date: /home/nikunj/bwi_ros2_simulation/install/segway_msgs/include/segway_msgs/segway_msgs/msg/detail/configuration__builder.hpp
-- Up-to-date: /home/nikunj/bwi_ros2_simulation/install/segway_msgs/include/segway_msgs/segway_msgs/msg/detail/propulsion__builder.hpp
-- Up-to-date: /home/nikunj/bwi_ros2_simulation/install/segway_msgs/include/segway_msgs/segway_msgs/msg/detail/config_cmd__struct.hpp
-- Up-to-date: /home/nikunj/bwi_ros2_simulation/install/segway_msgs/include/segway_msgs/segway_msgs/msg/detail/status__type_support.hpp
-- Up-to-date: /home/nikunj/bwi_ros2_simulation/install/segway_msgs/include/segway_msgs/segway_msgs/msg/detail/faultlog__type_support.hpp
-- Up-to-date: /home/nikunj/bwi_ros2_simulation/install/segway_msgs/include/segway_msgs/segway_msgs/msg/detail/faultlog__struct.hpp
-- Up-to-date: /home/nikunj/bwi_ros2_simulation/install/segway_msgs/include/segway_msgs/segway_msgs/msg/detail/dynamics__traits.hpp
-- Up-to-date: /home/nikunj/bwi_ros2_simulation/install/segway_msgs/include/segway_msgs/segway_msgs/msg/detail/aux_power__builder.hpp
-- Up-to-date: /home/nikunj/bwi_ros2_simulation/install/segway_msgs/include/segway_msgs/segway_msgs/msg/detail/config_cmd__type_support.hpp
-- Up-to-date: /home/nikunj/bwi_ros2_simulation/install/segway_msgs/include/segway_msgs/segway_msgs/msg/detail/status__traits.hpp
-- Up-to-date: /home/nikunj/bwi_ros2_simulation/install/segway_msgs/include/segway_msgs/segway_msgs/msg/detail/config_cmd__traits.hpp
-- Up-to-date: /home/nikunj/bwi_ros2_simulation/install/segway_msgs/include/segway_msgs/segway_msgs/msg/detail/configuration__traits.hpp
-- Up-to-date: /home/nikunj/bwi_ros2_simulation/install/segway_msgs/include/segway_msgs/segway_msgs/msg/detail/dynamics__type_support.hpp
-- Up-to-date: /home/nikunj/bwi_ros2_simulation/install/segway_msgs/include/segway_msgs/segway_msgs/msg/detail/configuration__struct.hpp
-- Up-to-date: /home/nikunj/bwi_ros2_simulation/install/segway_msgs/include/segway_msgs/segway_msgs/msg/detail/faultlog__traits.hpp
-- Up-to-date: /home/nikunj/bwi_ros2_simulation/install/segway_msgs/include/segway_msgs/segway_msgs/msg/detail/aux_power__type_support.hpp
-- Up-to-date: /home/nikunj/bwi_ros2_simulation/install/segway_msgs/include/segway_msgs/segway_msgs/msg/detail/propulsion__struct.hpp
-- Up-to-date: /home/nikunj/bwi_ros2_simulation/install/segway_msgs/include/segway_msgs/segway_msgs/msg/detail/propulsion__traits.hpp
-- Up-to-date: /home/nikunj/bwi_ros2_simulation/install/segway_msgs/include/segway_msgs/segway_msgs/msg/config_cmd.hpp
-- Up-to-date: /home/nikunj/bwi_ros2_simulation/install/segway_msgs/include/segway_msgs/segway_msgs
-- Up-to-date: /home/nikunj/bwi_ros2_simulation/install/segway_msgs/include/segway_msgs/segway_msgs/msg
-- Up-to-date: /home/nikunj/bwi_ros2_simulation/install/segway_msgs/include/segway_msgs/segway_msgs/msg/detail
-- Up-to-date: /home/nikunj/bwi_ros2_simulation/install/segway_msgs/include/segway_msgs/segway_msgs/msg/detail/dds_fastrtps
-- Up-to-date: /home/nikunj/bwi_ros2_simulation/install/segway_msgs/include/segway_msgs/segway_msgs/msg/detail/faultlog__rosidl_typesupport_fastrtps_cpp.hpp
-- Up-to-date: /home/nikunj/bwi_ros2_simulation/install/segway_msgs/include/segway_msgs/segway_msgs/msg/detail/aux_power__rosidl_typesupport_fastrtps_cpp.hpp
-- Up-to-date: /home/nikunj/bwi_ros2_simulation/install/segway_msgs/include/segway_msgs/segway_msgs/msg/detail/propulsion__rosidl_typesupport_fastrtps_cpp.hpp
-- Up-to-date: /home/nikunj/bwi_ros2_simulation/install/segway_msgs/include/segway_msgs/segway_msgs/msg/detail/configuration__rosidl_typesupport_fastrtps_cpp.hpp
-- Up-to-date: /home/nikunj/bwi_ros2_simulation/install/segway_msgs/include/segway_msgs/segway_msgs/msg/detail/dynamics__rosidl_typesupport_fastrtps_cpp.hpp
-- Up-to-date: /home/nikunj/bwi_ros2_simulation/install/segway_msgs/include/segway_msgs/segway_msgs/msg/detail/status__rosidl_typesupport_fastrtps_cpp.hpp
-- Up-to-date: /home/nikunj/bwi_ros2_simulation/install/segway_msgs/include/segway_msgs/segway_msgs/msg/detail/config_cmd__rosidl_typesupport_fastrtps_cpp.hpp
-- Up-to-date: /home/nikunj/bwi_ros2_simulation/install/segway_msgs/include/segway_msgs/segway_msgs/msg/rosidl_typesupport_fastrtps_cpp__visibility_control.h
-- Up-to-date: /home/nikunj/bwi_ros2_simulation/install/segway_msgs/lib/libsegway_msgs__rosidl_typesupport_fastrtps_cpp.so
-- Up-to-date: /home/nikunj/bwi_ros2_simulation/install/segway_msgs/include/segway_msgs/segway_msgs
-- Up-to-date: /home/nikunj/bwi_ros2_simulation/install/segway_msgs/include/segway_msgs/segway_msgs/msg
-- Up-to-date: /home/nikunj/bwi_ros2_simulation/install/segway_msgs/include/segway_msgs/segway_msgs/msg/detail
-- Up-to-date: /home/nikunj/bwi_ros2_simulation/install/segway_msgs/include/segway_msgs/segway_msgs/msg/detail/faultlog__rosidl_typesupport_introspection_cpp.hpp
-- Up-to-date: /home/nikunj/bwi_ros2_simulation/install/segway_msgs/include/segway_msgs/segway_msgs/msg/detail/dynamics__type_support.cpp
-- Up-to-date: /home/nikunj/bwi_ros2_simulation/install/segway_msgs/include/segway_msgs/segway_msgs/msg/detail/dynamics__rosidl_typesupport_introspection_cpp.hpp
-- Up-to-date: /home/nikunj/bwi_ros2_simulation/install/segway_msgs/include/segway_msgs/segway_msgs/msg/detail/propulsion__rosidl_typesupport_introspection_cpp.hpp
-- Up-to-date: /home/nikunj/bwi_ros2_simulation/install/segway_msgs/include/segway_msgs/segway_msgs/msg/detail/config_cmd__type_support.cpp
-- Up-to-date: /home/nikunj/bwi_ros2_simulation/install/segway_msgs/include/segway_msgs/segway_msgs/msg/detail/config_cmd__rosidl_typesupport_introspection_cpp.hpp
-- Up-to-date: /home/nikunj/bwi_ros2_simulation/install/segway_msgs/include/segway_msgs/segway_msgs/msg/detail/configuration__type_support.cpp
-- Up-to-date: /home/nikunj/bwi_ros2_simulation/install/segway_msgs/include/segway_msgs/segway_msgs/msg/detail/aux_power__rosidl_typesupport_introspection_cpp.hpp
-- Up-to-date: /home/nikunj/bwi_ros2_simulation/install/segway_msgs/include/segway_msgs/segway_msgs/msg/detail/configuration__rosidl_typesupport_introspection_cpp.hpp
-- Up-to-date: /home/nikunj/bwi_ros2_simulation/install/segway_msgs/include/segway_msgs/segway_msgs/msg/detail/propulsion__type_support.cpp
-- Up-to-date: /home/nikunj/bwi_ros2_simulation/install/segway_msgs/include/segway_msgs/segway_msgs/msg/detail/status__rosidl_typesupport_introspection_cpp.hpp
-- Up-to-date: /home/nikunj/bwi_ros2_simulation/install/segway_msgs/include/segway_msgs/segway_msgs/msg/detail/aux_power__type_support.cpp
-- Up-to-date: /home/nikunj/bwi_ros2_simulation/install/segway_msgs/include/segway_msgs/segway_msgs/msg/detail/faultlog__type_support.cpp
-- Up-to-date: /home/nikunj/bwi_ros2_simulation/install/segway_msgs/include/segway_msgs/segway_msgs/msg/detail/status__type_support.cpp
-- Up-to-date: /home/nikunj/bwi_ros2_simulation/install/segway_msgs/lib/libsegway_msgs__rosidl_typesupport_introspection_cpp.so
-- Up-to-date: /home/nikunj/bwi_ros2_simulation/install/segway_msgs/lib/libsegway_msgs__rosidl_typesupport_cpp.so
-- Up-to-date: /home/nikunj/bwi_ros2_simulation/install/segway_msgs/share/segway_msgs/environment/pythonpath.sh
-- Up-to-date: /home/nikunj/bwi_ros2_simulation/install/segway_msgs/share/segway_msgs/environment/pythonpath.dsv
-- Up-to-date: /home/nikunj/bwi_ros2_simulation/install/segway_msgs/local/lib/python3.10/dist-packages/segway_msgs-0.0.0-py3.10.egg-info
-- Installing: /home/nikunj/bwi_ros2_simulation/install/segway_msgs/local/lib/python3.10/dist-packages/segway_msgs-0.0.0-py3.10.egg-info/dependency_links.txt
-- Installing: /home/nikunj/bwi_ros2_simulation/install/segway_msgs/local/lib/python3.10/dist-packages/segway_msgs-0.0.0-py3.10.egg-info/top_level.txt
-- Installing: /home/nikunj/bwi_ros2_simulation/install/segway_msgs/local/lib/python3.10/dist-packages/segway_msgs-0.0.0-py3.10.egg-info/PKG-INFO
-- Installing: /home/nikunj/bwi_ros2_simulation/install/segway_msgs/local/lib/python3.10/dist-packages/segway_msgs-0.0.0-py3.10.egg-info/SOURCES.txt
-- Up-to-date: /home/nikunj/bwi_ros2_simulation/install/segway_msgs/local/lib/python3.10/dist-packages/segway_msgs
-- Up-to-date: /home/nikunj/bwi_ros2_simulation/install/segway_msgs/local/lib/python3.10/dist-packages/segway_msgs/segway_msgs_s__rosidl_typesupport_introspection_c.cpython-310-x86_64-linux-gnu.so
-- Up-to-date: /home/nikunj/bwi_ros2_simulation/install/segway_msgs/local/lib/python3.10/dist-packages/segway_msgs/libsegway_msgs__rosidl_generator_py.so
-- Up-to-date: /home/nikunj/bwi_ros2_simulation/install/segway_msgs/local/lib/python3.10/dist-packages/segway_msgs/_segway_msgs_s.ep.rosidl_typesupport_c.c
-- Up-to-date: /home/nikunj/bwi_ros2_simulation/install/segway_msgs/local/lib/python3.10/dist-packages/segway_msgs/__init__.py
-- Up-to-date: /home/nikunj/bwi_ros2_simulation/install/segway_msgs/local/lib/python3.10/dist-packages/segway_msgs/_segway_msgs_s.ep.rosidl_typesupport_fastrtps_c.c
-- Up-to-date: /home/nikunj/bwi_ros2_simulation/install/segway_msgs/local/lib/python3.10/dist-packages/segway_msgs/_segway_msgs_s.ep.rosidl_typesupport_introspection_c.c
-- Up-to-date: /home/nikunj/bwi_ros2_simulation/install/segway_msgs/local/lib/python3.10/dist-packages/segway_msgs/msg
-- Up-to-date: /home/nikunj/bwi_ros2_simulation/install/segway_msgs/local/lib/python3.10/dist-packages/segway_msgs/msg/_aux_power.py
-- Up-to-date: /home/nikunj/bwi_ros2_simulation/install/segway_msgs/local/lib/python3.10/dist-packages/segway_msgs/msg/_aux_power_s.c
-- Up-to-date: /home/nikunj/bwi_ros2_simulation/install/segway_msgs/local/lib/python3.10/dist-packages/segway_msgs/msg/_propulsion.py
-- Up-to-date: /home/nikunj/bwi_ros2_simulation/install/segway_msgs/local/lib/python3.10/dist-packages/segway_msgs/msg/_dynamics.py
-- Up-to-date: /home/nikunj/bwi_ros2_simulation/install/segway_msgs/local/lib/python3.10/dist-packages/segway_msgs/msg/_propulsion_s.c
-- Up-to-date: /home/nikunj/bwi_ros2_simulation/install/segway_msgs/local/lib/python3.10/dist-packages/segway_msgs/msg/_configuration.py
-- Up-to-date: /home/nikunj/bwi_ros2_simulation/install/segway_msgs/local/lib/python3.10/dist-packages/segway_msgs/msg/_faultlog_s.c
-- Up-to-date: /home/nikunj/bwi_ros2_simulation/install/segway_msgs/local/lib/python3.10/dist-packages/segway_msgs/msg/_status_s.c
-- Up-to-date: /home/nikunj/bwi_ros2_simulation/install/segway_msgs/local/lib/python3.10/dist-packages/segway_msgs/msg/__init__.py
-- Up-to-date: /home/nikunj/bwi_ros2_simulation/install/segway_msgs/local/lib/python3.10/dist-packages/segway_msgs/msg/_config_cmd.py
-- Up-to-date: /home/nikunj/bwi_ros2_simulation/install/segway_msgs/local/lib/python3.10/dist-packages/segway_msgs/msg/_faultlog.py
-- Up-to-date: /home/nikunj/bwi_ros2_simulation/install/segway_msgs/local/lib/python3.10/dist-packages/segway_msgs/msg/_configuration_s.c
-- Up-to-date: /home/nikunj/bwi_ros2_simulation/install/segway_msgs/local/lib/python3.10/dist-packages/segway_msgs/msg/_status.py
-- Up-to-date: /home/nikunj/bwi_ros2_simulation/install/segway_msgs/local/lib/python3.10/dist-packages/segway_msgs/msg/_dynamics_s.c
-- Up-to-date: /home/nikunj/bwi_ros2_simulation/install/segway_msgs/local/lib/python3.10/dist-packages/segway_msgs/msg/_config_cmd_s.c
-- Up-to-date: /home/nikunj/bwi_ros2_simulation/install/segway_msgs/local/lib/python3.10/dist-packages/segway_msgs/segway_msgs_s__rosidl_typesupport_fastrtps_c.cpython-310-x86_64-linux-gnu.so
-- Up-to-date: /home/nikunj/bwi_ros2_simulation/install/segway_msgs/local/lib/python3.10/dist-packages/segway_msgs/segway_msgs_s__rosidl_typesupport_c.cpython-310-x86_64-linux-gnu.so
Listing '/home/nikunj/bwi_ros2_simulation/install/segway_msgs/local/lib/python3.10/dist-packages/segway_msgs'...
Listing '/home/nikunj/bwi_ros2_simulation/install/segway_msgs/local/lib/python3.10/dist-packages/segway_msgs/msg'...
-- Up-to-date: /home/nikunj/bwi_ros2_simulation/install/segway_msgs/local/lib/python3.10/dist-packages/segway_msgs/segway_msgs_s__rosidl_typesupport_fastrtps_c.cpython-310-x86_64-linux-gnu.so
-- Up-to-date: /home/nikunj/bwi_ros2_simulation/install/segway_msgs/local/lib/python3.10/dist-packages/segway_msgs/segway_msgs_s__rosidl_typesupport_introspection_c.cpython-310-x86_64-linux-gnu.so
-- Up-to-date: /home/nikunj/bwi_ros2_simulation/install/segway_msgs/local/lib/python3.10/dist-packages/segway_msgs/segway_msgs_s__rosidl_typesupport_c.cpython-310-x86_64-linux-gnu.so
-- Up-to-date: /home/nikunj/bwi_ros2_simulation/install/segway_msgs/lib/libsegway_msgs__rosidl_generator_py.so
-- Up-to-date: /home/nikunj/bwi_ros2_simulation/install/segway_msgs/share/segway_msgs/msg/AuxPower.idl
-- Up-to-date: /home/nikunj/bwi_ros2_simulation/install/segway_msgs/share/segway_msgs/msg/ConfigCmd.idl
-- Up-to-date: /home/nikunj/bwi_ros2_simulation/install/segway_msgs/share/segway_msgs/msg/Configuration.idl
-- Up-to-date: /home/nikunj/bwi_ros2_simulation/install/segway_msgs/share/segway_msgs/msg/Dynamics.idl
-- Up-to-date: /home/nikunj/bwi_ros2_simulation/install/segway_msgs/share/segway_msgs/msg/Faultlog.idl
-- Up-to-date: /home/nikunj/bwi_ros2_simulation/install/segway_msgs/share/segway_msgs/msg/Propulsion.idl
-- Up-to-date: /home/nikunj/bwi_ros2_simulation/install/segway_msgs/share/segway_msgs/msg/Status.idl
-- Up-to-date: /home/nikunj/bwi_ros2_simulation/install/segway_msgs/share/segway_msgs/msg/AuxPower.msg
-- Up-to-date: /home/nikunj/bwi_ros2_simulation/install/segway_msgs/share/segway_msgs/msg/ConfigCmd.msg
-- Up-to-date: /home/nikunj/bwi_ros2_simulation/install/segway_msgs/share/segway_msgs/msg/Configuration.msg
-- Up-to-date: /home/nikunj/bwi_ros2_simulation/install/segway_msgs/share/segway_msgs/msg/Dynamics.msg
-- Up-to-date: /home/nikunj/bwi_ros2_simulation/install/segway_msgs/share/segway_msgs/msg/Faultlog.msg
-- Up-to-date: /home/nikunj/bwi_ros2_simulation/install/segway_msgs/share/segway_msgs/msg/Propulsion.msg
-- Up-to-date: /home/nikunj/bwi_ros2_simulation/install/segway_msgs/share/segway_msgs/msg/Status.msg
-- Up-to-date: /home/nikunj/bwi_ros2_simulation/install/segway_msgs/share/ament_index/resource_index/package_run_dependencies/segway_msgs
-- Up-to-date: /home/nikunj/bwi_ros2_simulation/install/segway_msgs/share/ament_index/resource_index/parent_prefix_path/segway_msgs
-- Up-to-date: /home/nikunj/bwi_ros2_simulation/install/segway_msgs/share/segway_msgs/environment/ament_prefix_path.sh
-- Up-to-date: /home/nikunj/bwi_ros2_simulation/install/segway_msgs/share/segway_msgs/environment/ament_prefix_path.dsv
-- Up-to-date: /home/nikunj/bwi_ros2_simulation/install/segway_msgs/share/segway_msgs/environment/path.sh
-- Up-to-date: /home/nikunj/bwi_ros2_simulation/install/segway_msgs/share/segway_msgs/environment/path.dsv
-- Up-to-date: /home/nikunj/bwi_ros2_simulation/install/segway_msgs/share/segway_msgs/local_setup.bash
-- Up-to-date: /home/nikunj/bwi_ros2_simulation/install/segway_msgs/share/segway_msgs/local_setup.sh
-- Up-to-date: /home/nikunj/bwi_ros2_simulation/install/segway_msgs/share/segway_msgs/local_setup.zsh
-- Up-to-date: /home/nikunj/bwi_ros2_simulation/install/segway_msgs/share/segway_msgs/local_setup.dsv
-- Installing: /home/nikunj/bwi_ros2_simulation/install/segway_msgs/share/segway_msgs/package.dsv
-- Up-to-date: /home/nikunj/bwi_ros2_simulation/install/segway_msgs/share/ament_index/resource_index/packages/segway_msgs
-- Up-to-date: /home/nikunj/bwi_ros2_simulation/install/segway_msgs/share/segway_msgs/cmake/export_segway_msgs__rosidl_generator_cExport.cmake
-- Up-to-date: /home/nikunj/bwi_ros2_simulation/install/segway_msgs/share/segway_msgs/cmake/export_segway_msgs__rosidl_generator_cExport-noconfig.cmake
-- Up-to-date: /home/nikunj/bwi_ros2_simulation/install/segway_msgs/share/segway_msgs/cmake/export_segway_msgs__rosidl_typesupport_fastrtps_cExport.cmake
-- Up-to-date: /home/nikunj/bwi_ros2_simulation/install/segway_msgs/share/segway_msgs/cmake/export_segway_msgs__rosidl_typesupport_fastrtps_cExport-noconfig.cmake
-- Up-to-date: /home/nikunj/bwi_ros2_simulation/install/segway_msgs/share/segway_msgs/cmake/segway_msgs__rosidl_typesupport_introspection_cExport.cmake
-- Up-to-date: /home/nikunj/bwi_ros2_simulation/install/segway_msgs/share/segway_msgs/cmake/segway_msgs__rosidl_typesupport_introspection_cExport-noconfig.cmake
-- Up-to-date: /home/nikunj/bwi_ros2_simulation/install/segway_msgs/share/segway_msgs/cmake/segway_msgs__rosidl_typesupport_cExport.cmake
-- Up-to-date: /home/nikunj/bwi_ros2_simulation/install/segway_msgs/share/segway_msgs/cmake/segway_msgs__rosidl_typesupport_cExport-noconfig.cmake
-- Up-to-date: /home/nikunj/bwi_ros2_simulation/install/segway_msgs/share/segway_msgs/cmake/export_segway_msgs__rosidl_generator_cppExport.cmake
-- Up-to-date: /home/nikunj/bwi_ros2_simulation/install/segway_msgs/share/segway_msgs/cmake/export_segway_msgs__rosidl_typesupport_fastrtps_cppExport.cmake
-- Up-to-date: /home/nikunj/bwi_ros2_simulation/install/segway_msgs/share/segway_msgs/cmake/export_segway_msgs__rosidl_typesupport_fastrtps_cppExport-noconfig.cmake
-- Up-to-date: /home/nikunj/bwi_ros2_simulation/install/segway_msgs/share/segway_msgs/cmake/segway_msgs__rosidl_typesupport_introspection_cppExport.cmake
-- Up-to-date: /home/nikunj/bwi_ros2_simulation/install/segway_msgs/share/segway_msgs/cmake/segway_msgs__rosidl_typesupport_introspection_cppExport-noconfig.cmake
-- Up-to-date: /home/nikunj/bwi_ros2_simulation/install/segway_msgs/share/segway_msgs/cmake/segway_msgs__rosidl_typesupport_cppExport.cmake
-- Up-to-date: /home/nikunj/bwi_ros2_simulation/install/segway_msgs/share/segway_msgs/cmake/segway_msgs__rosidl_typesupport_cppExport-noconfig.cmake
-- Up-to-date: /home/nikunj/bwi_ros2_simulation/install/segway_msgs/share/segway_msgs/cmake/export_segway_msgs__rosidl_generator_pyExport.cmake
-- Up-to-date: /home/nikunj/bwi_ros2_simulation/install/segway_msgs/share/segway_msgs/cmake/export_segway_msgs__rosidl_generator_pyExport-noconfig.cmake
-- Up-to-date: /home/nikunj/bwi_ros2_simulation/install/segway_msgs/share/segway_msgs/cmake/rosidl_cmake-extras.cmake
-- Up-to-date: /home/nikunj/bwi_ros2_simulation/install/segway_msgs/share/segway_msgs/cmake/ament_cmake_export_dependencies-extras.cmake
-- Up-to-date: /home/nikunj/bwi_ros2_simulation/install/segway_msgs/share/segway_msgs/cmake/ament_cmake_export_include_directories-extras.cmake
-- Up-to-date: /home/nikunj/bwi_ros2_simulation/install/segway_msgs/share/segway_msgs/cmake/ament_cmake_export_libraries-extras.cmake
-- Up-to-date: /home/nikunj/bwi_ros2_simulation/install/segway_msgs/share/segway_msgs/cmake/ament_cmake_export_targets-extras.cmake
-- Up-to-date: /home/nikunj/bwi_ros2_simulation/install/segway_msgs/share/segway_msgs/cmake/rosidl_cmake_export_typesupport_targets-extras.cmake
-- Up-to-date: /home/nikunj/bwi_ros2_simulation/install/segway_msgs/share/segway_msgs/cmake/rosidl_cmake_export_typesupport_libraries-extras.cmake
-- Up-to-date: /home/nikunj/bwi_ros2_simulation/install/segway_msgs/share/segway_msgs/cmake/segway_msgsConfig.cmake
-- Up-to-date: /home/nikunj/bwi_ros2_simulation/install/segway_msgs/share/segway_msgs/cmake/segway_msgsConfig-version.cmake
-- Up-to-date: /home/nikunj/bwi_ros2_simulation/install/segway_msgs/share/segway_msgs/package.xml
