running egg_info
creating ../../build/kinect_data_collector/kinect_data_collector.egg-info
writing ../../build/kinect_data_collector/kinect_data_collector.egg-info/PKG-INFO
writing dependency_links to ../../build/kinect_data_collector/kinect_data_collector.egg-info/dependency_links.txt
writing entry points to ../../build/kinect_data_collector/kinect_data_collector.egg-info/entry_points.txt
writing requirements to ../../build/kinect_data_collector/kinect_data_collector.egg-info/requires.txt
writing top-level names to ../../build/kinect_data_collector/kinect_data_collector.egg-info/top_level.txt
writing manifest file '../../build/kinect_data_collector/kinect_data_collector.egg-info/SOURCES.txt'
reading manifest file '../../build/kinect_data_collector/kinect_data_collector.egg-info/SOURCES.txt'
writing manifest file '../../build/kinect_data_collector/kinect_data_collector.egg-info/SOURCES.txt'
running build
running build_py
creating /home/nikunj/bwi_ros2_simulation/build/kinect_data_collector/build
creating /home/nikunj/bwi_ros2_simulation/build/kinect_data_collector/build/lib
creating /home/nikunj/bwi_ros2_simulation/build/kinect_data_collector/build/lib/kinect_data_collector
copying kinect_data_collector/data_collector.py -> /home/nikunj/bwi_ros2_simulation/build/kinect_data_collector/build/lib/kinect_data_collector
copying kinect_data_collector/__init__.py -> /home/nikunj/bwi_ros2_simulation/build/kinect_data_collector/build/lib/kinect_data_collector
running install
running install_lib
creating /home/nikunj/bwi_ros2_simulation/install/kinect_data_collector/lib/python3.10/site-packages/kinect_data_collector
copying /home/nikunj/bwi_ros2_simulation/build/kinect_data_collector/build/lib/kinect_data_collector/data_collector.py -> /home/nikunj/bwi_ros2_simulation/install/kinect_data_collector/lib/python3.10/site-packages/kinect_data_collector
copying /home/nikunj/bwi_ros2_simulation/build/kinect_data_collector/build/lib/kinect_data_collector/__init__.py -> /home/nikunj/bwi_ros2_simulation/install/kinect_data_collector/lib/python3.10/site-packages/kinect_data_collector
byte-compiling /home/nikunj/bwi_ros2_simulation/install/kinect_data_collector/lib/python3.10/site-packages/kinect_data_collector/data_collector.py to data_collector.cpython-310.pyc
byte-compiling /home/nikunj/bwi_ros2_simulation/install/kinect_data_collector/lib/python3.10/site-packages/kinect_data_collector/__init__.py to __init__.cpython-310.pyc
running install_data
creating /home/nikunj/bwi_ros2_simulation/install/kinect_data_collector/share/ament_index
creating /home/nikunj/bwi_ros2_simulation/install/kinect_data_collector/share/ament_index/resource_index
creating /home/nikunj/bwi_ros2_simulation/install/kinect_data_collector/share/ament_index/resource_index/packages
copying resource/kinect_data_collector -> /home/nikunj/bwi_ros2_simulation/install/kinect_data_collector/share/ament_index/resource_index/packages
copying package.xml -> /home/nikunj/bwi_ros2_simulation/install/kinect_data_collector/share/kinect_data_collector
running install_egg_info
Copying ../../build/kinect_data_collector/kinect_data_collector.egg-info to /home/nikunj/bwi_ros2_simulation/install/kinect_data_collector/lib/python3.10/site-packages/kinect_data_collector-0.0.0-py3.10.egg-info
running install_scripts
Installing data_collector_node script to /home/nikunj/bwi_ros2_simulation/install/kinect_data_collector/lib/kinect_data_collector
writing list of installed files to '/home/nikunj/bwi_ros2_simulation/build/kinect_data_collector/install.log'
