[1.579s] Invoking command in '/home/nikunj/bwi_ros2_simulation/src/kinect_data_collector': PYTHONPATH=/home/nikunj/bwi_ros2_simulation/build/kinect_data_collector/prefix_override:/usr/lib/python3/dist-packages/colcon_core/task/python/colcon_distutils_commands:/home/nikunj/bwi_ros2_simulation/install/kinect_data_collector/lib/python3.10/site-packages:${PYTHONPATH} /usr/bin/python3 -W ignore:setup.py install is deprecated -W ignore:easy_install command is deprecated setup.py egg_info --egg-base ../../build/kinect_data_collector build --build-base /home/nikunj/bwi_ros2_simulation/build/kinect_data_collector/build install --record /home/nikunj/bwi_ros2_simulation/build/kinect_data_collector/install.log --single-version-externally-managed install_data
[1.773s] running egg_info
[1.773s] creating ../../build/kinect_data_collector/kinect_data_collector.egg-info
[1.773s] writing ../../build/kinect_data_collector/kinect_data_collector.egg-info/PKG-INFO
[1.777s] writing dependency_links to ../../build/kinect_data_collector/kinect_data_collector.egg-info/dependency_links.txt
[1.777s] writing entry points to ../../build/kinect_data_collector/kinect_data_collector.egg-info/entry_points.txt
[1.777s] writing requirements to ../../build/kinect_data_collector/kinect_data_collector.egg-info/requires.txt
[1.777s] writing top-level names to ../../build/kinect_data_collector/kinect_data_collector.egg-info/top_level.txt
[1.777s] writing manifest file '../../build/kinect_data_collector/kinect_data_collector.egg-info/SOURCES.txt'
[1.778s] reading manifest file '../../build/kinect_data_collector/kinect_data_collector.egg-info/SOURCES.txt'
[1.778s] writing manifest file '../../build/kinect_data_collector/kinect_data_collector.egg-info/SOURCES.txt'
[1.778s] running build
[1.779s] running build_py
[1.779s] creating /home/nikunj/bwi_ros2_simulation/build/kinect_data_collector/build
[1.779s] creating /home/nikunj/bwi_ros2_simulation/build/kinect_data_collector/build/lib
[1.779s] creating /home/nikunj/bwi_ros2_simulation/build/kinect_data_collector/build/lib/kinect_data_collector
[1.779s] copying kinect_data_collector/data_collector.py -> /home/nikunj/bwi_ros2_simulation/build/kinect_data_collector/build/lib/kinect_data_collector
[1.779s] copying kinect_data_collector/__init__.py -> /home/nikunj/bwi_ros2_simulation/build/kinect_data_collector/build/lib/kinect_data_collector
[1.780s] running install
[1.780s] running install_lib
[1.780s] creating /home/nikunj/bwi_ros2_simulation/install/kinect_data_collector/lib/python3.10/site-packages/kinect_data_collector
[1.781s] copying /home/nikunj/bwi_ros2_simulation/build/kinect_data_collector/build/lib/kinect_data_collector/data_collector.py -> /home/nikunj/bwi_ros2_simulation/install/kinect_data_collector/lib/python3.10/site-packages/kinect_data_collector
[1.781s] copying /home/nikunj/bwi_ros2_simulation/build/kinect_data_collector/build/lib/kinect_data_collector/__init__.py -> /home/nikunj/bwi_ros2_simulation/install/kinect_data_collector/lib/python3.10/site-packages/kinect_data_collector
[1.781s] byte-compiling /home/nikunj/bwi_ros2_simulation/install/kinect_data_collector/lib/python3.10/site-packages/kinect_data_collector/data_collector.py to data_collector.cpython-310.pyc
[1.781s] byte-compiling /home/nikunj/bwi_ros2_simulation/install/kinect_data_collector/lib/python3.10/site-packages/kinect_data_collector/__init__.py to __init__.cpython-310.pyc
[1.781s] running install_data
[1.781s] creating /home/nikunj/bwi_ros2_simulation/install/kinect_data_collector/share/ament_index
[1.781s] creating /home/nikunj/bwi_ros2_simulation/install/kinect_data_collector/share/ament_index/resource_index
[1.781s] creating /home/nikunj/bwi_ros2_simulation/install/kinect_data_collector/share/ament_index/resource_index/packages
[1.781s] copying resource/kinect_data_collector -> /home/nikunj/bwi_ros2_simulation/install/kinect_data_collector/share/ament_index/resource_index/packages
[1.781s] copying package.xml -> /home/nikunj/bwi_ros2_simulation/install/kinect_data_collector/share/kinect_data_collector
[1.782s] running install_egg_info
[1.782s] Copying ../../build/kinect_data_collector/kinect_data_collector.egg-info to /home/nikunj/bwi_ros2_simulation/install/kinect_data_collector/lib/python3.10/site-packages/kinect_data_collector-0.0.0-py3.10.egg-info
[1.782s] running install_scripts
[1.800s] Installing data_collector_node script to /home/nikunj/bwi_ros2_simulation/install/kinect_data_collector/lib/kinect_data_collector
[1.801s] writing list of installed files to '/home/nikunj/bwi_ros2_simulation/build/kinect_data_collector/install.log'
[1.839s] Invoked command in '/home/nikunj/bwi_ros2_simulation/src/kinect_data_collector' returned '0': PYTHONPATH=/home/nikunj/bwi_ros2_simulation/build/kinect_data_collector/prefix_override:/usr/lib/python3/dist-packages/colcon_core/task/python/colcon_distutils_commands:/home/nikunj/bwi_ros2_simulation/install/kinect_data_collector/lib/python3.10/site-packages:${PYTHONPATH} /usr/bin/python3 -W ignore:setup.py install is deprecated -W ignore:easy_install command is deprecated setup.py egg_info --egg-base ../../build/kinect_data_collector build --build-base /home/nikunj/bwi_ros2_simulation/build/kinect_data_collector/build install --record /home/nikunj/bwi_ros2_simulation/build/kinect_data_collector/install.log --single-version-externally-managed install_data
