[0.031s] Invoking command in '/home/nikunj/bwi_ros2_simulation/build/libsegwayrmp': CMAKE_PREFIX_PATH=/opt/ros/humble /usr/bin/cmake --build /home/nikunj/bwi_ros2_simulation/build/libsegwayrmp -- -j32 -l32
[0.930s] [100%] Built target libsegwayrmp
[0.946s] Invoked command in '/home/nikunj/bwi_ros2_simulation/build/libsegwayrmp' returned '0': CMAKE_PREFIX_PATH=/opt/ros/humble /usr/bin/cmake --build /home/nikunj/bwi_ros2_simulation/build/libsegwayrmp -- -j32 -l32
[0.948s] Invoking command in '/home/nikunj/bwi_ros2_simulation/build/libsegwayrmp': CMAKE_PREFIX_PATH=/opt/ros/humble /usr/bin/cmake --install /home/nikunj/bwi_ros2_simulation/build/libsegwayrmp
[0.995s] -- Install configuration: "RELWITHDEBINFO"
[0.995s] -- Up-to-date: /home/nikunj/bwi_ros2_simulation/install/libsegwayrmp/lib/liblibsegwayrmp.so
[0.995s] -- Up-to-date: /home/nikunj/bwi_ros2_simulation/install/libsegwayrmp/include/libsegwayrmp/segwayrmp.h
[0.995s] -- Up-to-date: /home/nikunj/bwi_ros2_simulation/install/libsegwayrmp/share/libsegwayrmp/libsegwayrmpConfig.cmake
[0.995s] -- Up-to-date: /home/nikunj/bwi_ros2_simulation/install/libsegwayrmp/share/libsegwayrmp/package.xml
[0.995s] -- Up-to-date: /home/nikunj/bwi_ros2_simulation/install/libsegwayrmp/lib/libftd2xx.a
[0.995s] -- Up-to-date: /home/nikunj/bwi_ros2_simulation/install/libsegwayrmp/lib/pkgconfig/libsegwayrmp.pc
[0.995s] -- Up-to-date: /home/nikunj/bwi_ros2_simulation/install/libsegwayrmp/lib/liblibsegwayrmp.so
[0.995s] -- Up-to-date: /home/nikunj/bwi_ros2_simulation/install/libsegwayrmp/include
[0.995s] -- Up-to-date: /home/nikunj/bwi_ros2_simulation/install/libsegwayrmp/include/libsegwayrmp
[0.995s] -- Up-to-date: /home/nikunj/bwi_ros2_simulation/install/libsegwayrmp/include/libsegwayrmp/segwayrmp.h
[0.995s] -- Up-to-date: /home/nikunj/bwi_ros2_simulation/install/libsegwayrmp/include/libsegwayrmp/impl
[0.995s] -- Up-to-date: /home/nikunj/bwi_ros2_simulation/install/libsegwayrmp/include/libsegwayrmp/impl/rmp_serial.h
[0.995s] -- Up-to-date: /home/nikunj/bwi_ros2_simulation/install/libsegwayrmp/include/libsegwayrmp/impl/rmp_ftd2xx.h
[0.995s] -- Up-to-date: /home/nikunj/bwi_ros2_simulation/install/libsegwayrmp/include/libsegwayrmp/impl/rmp_io.h
[0.996s] -- Up-to-date: /home/nikunj/bwi_ros2_simulation/install/libsegwayrmp/include/libsegwayrmp/gui
[0.996s] -- Up-to-date: /home/nikunj/bwi_ros2_simulation/install/libsegwayrmp/include/libsegwayrmp/gui/segwayrmp_gui.ui
[0.996s] -- Up-to-date: /home/nikunj/bwi_ros2_simulation/install/libsegwayrmp/include/libsegwayrmp/gui/segwayrmp_gui.h
[0.996s] -- Up-to-date: /home/nikunj/bwi_ros2_simulation/install/libsegwayrmp/lib/cmake/libsegwayrmp/libsegwayrmpTargets.cmake
[0.996s] -- Up-to-date: /home/nikunj/bwi_ros2_simulation/install/libsegwayrmp/lib/cmake/libsegwayrmp/libsegwayrmpTargets-relwithdebinfo.cmake
[0.996s] -- Up-to-date: /home/nikunj/bwi_ros2_simulation/install/libsegwayrmp/share/ament_index/resource_index/package_run_dependencies/libsegwayrmp
[0.996s] -- Up-to-date: /home/nikunj/bwi_ros2_simulation/install/libsegwayrmp/share/ament_index/resource_index/parent_prefix_path/libsegwayrmp
[0.996s] -- Up-to-date: /home/nikunj/bwi_ros2_simulation/install/libsegwayrmp/share/libsegwayrmp/environment/ament_prefix_path.sh
[0.996s] -- Up-to-date: /home/nikunj/bwi_ros2_simulation/install/libsegwayrmp/share/libsegwayrmp/environment/ament_prefix_path.dsv
[0.996s] -- Up-to-date: /home/nikunj/bwi_ros2_simulation/install/libsegwayrmp/share/libsegwayrmp/environment/path.sh
[0.996s] -- Up-to-date: /home/nikunj/bwi_ros2_simulation/install/libsegwayrmp/share/libsegwayrmp/environment/path.dsv
[0.996s] -- Up-to-date: /home/nikunj/bwi_ros2_simulation/install/libsegwayrmp/share/libsegwayrmp/local_setup.bash
[0.996s] -- Up-to-date: /home/nikunj/bwi_ros2_simulation/install/libsegwayrmp/share/libsegwayrmp/local_setup.sh
[0.996s] -- Up-to-date: /home/nikunj/bwi_ros2_simulation/install/libsegwayrmp/share/libsegwayrmp/local_setup.zsh
[0.996s] -- Up-to-date: /home/nikunj/bwi_ros2_simulation/install/libsegwayrmp/share/libsegwayrmp/local_setup.dsv
[0.997s] -- Installing: /home/nikunj/bwi_ros2_simulation/install/libsegwayrmp/share/libsegwayrmp/package.dsv
[0.997s] -- Up-to-date: /home/nikunj/bwi_ros2_simulation/install/libsegwayrmp/share/ament_index/resource_index/packages/libsegwayrmp
[0.997s] -- Up-to-date: /home/nikunj/bwi_ros2_simulation/install/libsegwayrmp/share/libsegwayrmp/cmake/ament_cmake_export_dependencies-extras.cmake
[0.997s] -- Up-to-date: /home/nikunj/bwi_ros2_simulation/install/libsegwayrmp/share/libsegwayrmp/cmake/libsegwayrmpConfig.cmake
[0.997s] -- Up-to-date: /home/nikunj/bwi_ros2_simulation/install/libsegwayrmp/share/libsegwayrmp/cmake/libsegwayrmpConfig-version.cmake
[0.997s] -- Up-to-date: /home/nikunj/bwi_ros2_simulation/install/libsegwayrmp/share/libsegwayrmp/package.xml
[1.055s] Invoked command in '/home/nikunj/bwi_ros2_simulation/build/libsegwayrmp' returned '0': CMAKE_PREFIX_PATH=/opt/ros/humble /usr/bin/cmake --install /home/nikunj/bwi_ros2_simulation/build/libsegwayrmp
