-- The C compiler identification is GNU 11.4.0
-- The CXX compiler identification is GNU 11.4.0
-- Detecting C compiler ABI info
-- Detecting C compiler ABI info - done
-- Check for working C compiler: /usr/bin/cc - skipped
-- Detecting C compile features
-- Detecting C compile features - done
-- Detecting CXX compiler ABI info
-- Detecting CXX compiler ABI info - done
-- Check for working CXX compiler: /usr/bin/c++ - skipped
-- Detecting CXX compile features
-- Detecting CXX compile features - done
-- Found ament_cmake: 1.3.12 (/opt/ros/humble/share/ament_cmake/cmake)
-- Found Python3: /usr/bin/python3 (found version "3.10.12") found components: Interpreter 
-- Found nav2_costmap_2d: 1.1.20 (/opt/ros/humble/share/nav2_costmap_2d/cmake)
-- Found rosidl_generator_c: 3.1.7 (/opt/ros/humble/share/rosidl_generator_c/cmake)
-- Found rosidl_adapter: 3.1.7 (/opt/ros/humble/share/rosidl_adapter/cmake)
-- Found rosidl_generator_cpp: 3.1.7 (/opt/ros/humble/share/rosidl_generator_cpp/cmake)
-- Using all available rosidl_typesupport_c: rosidl_typesupport_fastrtps_c;rosidl_typesupport_introspection_c
-- Using all available rosidl_typesupport_cpp: rosidl_typesupport_fastrtps_cpp;rosidl_typesupport_introspection_cpp
-- Found rmw_implementation_cmake: 6.1.2 (/opt/ros/humble/share/rmw_implementation_cmake/cmake)
-- Found rmw_fastrtps_cpp: 6.2.9 (/opt/ros/humble/share/rmw_fastrtps_cpp/cmake)
-- Found OpenSSL: /usr/lib/x86_64-linux-gnu/libcrypto.so (found version "3.0.2")  
-- Found FastRTPS: /opt/ros/humble/include  
-- Using RMW implementation 'rmw_fastrtps_cpp' as default
-- Looking for pthread.h
-- Looking for pthread.h - found
-- Performing Test CMAKE_HAVE_LIBC_PTHREAD
-- Performing Test CMAKE_HAVE_LIBC_PTHREAD - Success
-- Found Threads: TRUE  
-- Found Eigen3: TRUE (found version "3.4.0") 
-- Ensuring Eigen3 include directory is part of orocos-kdl CMake target
-- Found bwi_tasks_interface: 0.0.0 (/home/nikunj/bwi_ros2_simulation/install/bwi_tasks_interface/share/bwi_tasks_interface/cmake)
-- Found ament_lint_auto: 0.12.14 (/opt/ros/humble/share/ament_lint_auto/cmake)
-- Added test 'cppcheck' to perform static code analysis on C / C++ code
-- Configured cppcheck include dirs: /home/nikunj/bwi_ros2_simulation/src/my_virtual_obstacle_layer/include
-- Configured cppcheck exclude dirs and/or files: 
-- Added test 'lint_cmake' to check CMake code style
-- Added test 'uncrustify' to check C / C++ code style
-- Configured uncrustify additional arguments: 
-- Added test 'xmllint' to check XML markup files
-- Configuring done
-- Generating done
-- Build files have been written to: /home/nikunj/bwi_ros2_simulation/build/my_virtual_obstacle_layer
[ 50%] [32mBuilding CXX object CMakeFiles/virtual_obstacle_layer.dir/src/virtual_obstacle_layer.cpp.o[0m
[100%] [32m[1mLinking CXX shared library libvirtual_obstacle_layer.so[0m
[100%] Built target virtual_obstacle_layer
-- Install configuration: ""
-- Installing: /home/nikunj/bwi_ros2_simulation/install/my_virtual_obstacle_layer/share/my_virtual_obstacle_layer/virtual_obstacle_plugin.xml
-- Installing: /home/nikunj/bwi_ros2_simulation/install/my_virtual_obstacle_layer/lib/libvirtual_obstacle_layer.so
-- Set runtime path of "/home/nikunj/bwi_ros2_simulation/install/my_virtual_obstacle_layer/lib/libvirtual_obstacle_layer.so" to ""
-- Installing: /home/nikunj/bwi_ros2_simulation/install/my_virtual_obstacle_layer/include/
-- Installing: /home/nikunj/bwi_ros2_simulation/install/my_virtual_obstacle_layer/include//my_virtual_obstacle_layer
-- Installing: /home/nikunj/bwi_ros2_simulation/install/my_virtual_obstacle_layer/include//my_virtual_obstacle_layer/virtual_obstacle_layer.hpp
-- Installing: /home/nikunj/bwi_ros2_simulation/install/my_virtual_obstacle_layer/include//my_virtual_obstacle_layer/working_copy.hpp
-- Up-to-date: /home/nikunj/bwi_ros2_simulation/install/my_virtual_obstacle_layer/share/my_virtual_obstacle_layer/virtual_obstacle_plugin.xml
-- Installing: /home/nikunj/bwi_ros2_simulation/install/my_virtual_obstacle_layer/share/ament_index/resource_index/package_run_dependencies/my_virtual_obstacle_layer
-- Installing: /home/nikunj/bwi_ros2_simulation/install/my_virtual_obstacle_layer/share/ament_index/resource_index/parent_prefix_path/my_virtual_obstacle_layer
-- Installing: /home/nikunj/bwi_ros2_simulation/install/my_virtual_obstacle_layer/share/my_virtual_obstacle_layer/environment/ament_prefix_path.sh
-- Installing: /home/nikunj/bwi_ros2_simulation/install/my_virtual_obstacle_layer/share/my_virtual_obstacle_layer/environment/ament_prefix_path.dsv
-- Installing: /home/nikunj/bwi_ros2_simulation/install/my_virtual_obstacle_layer/share/my_virtual_obstacle_layer/environment/path.sh
-- Installing: /home/nikunj/bwi_ros2_simulation/install/my_virtual_obstacle_layer/share/my_virtual_obstacle_layer/environment/path.dsv
-- Installing: /home/nikunj/bwi_ros2_simulation/install/my_virtual_obstacle_layer/share/my_virtual_obstacle_layer/local_setup.bash
-- Installing: /home/nikunj/bwi_ros2_simulation/install/my_virtual_obstacle_layer/share/my_virtual_obstacle_layer/local_setup.sh
-- Installing: /home/nikunj/bwi_ros2_simulation/install/my_virtual_obstacle_layer/share/my_virtual_obstacle_layer/local_setup.zsh
-- Installing: /home/nikunj/bwi_ros2_simulation/install/my_virtual_obstacle_layer/share/my_virtual_obstacle_layer/local_setup.dsv
-- Installing: /home/nikunj/bwi_ros2_simulation/install/my_virtual_obstacle_layer/share/my_virtual_obstacle_layer/package.dsv
-- Installing: /home/nikunj/bwi_ros2_simulation/install/my_virtual_obstacle_layer/share/ament_index/resource_index/packages/my_virtual_obstacle_layer
-- Installing: /home/nikunj/bwi_ros2_simulation/install/my_virtual_obstacle_layer/share/ament_index/resource_index/nav2_costmap_2d__pluginlib__plugin/my_virtual_obstacle_layer
-- Installing: /home/nikunj/bwi_ros2_simulation/install/my_virtual_obstacle_layer/share/my_virtual_obstacle_layer/cmake/my_virtual_obstacle_layerConfig.cmake
-- Installing: /home/nikunj/bwi_ros2_simulation/install/my_virtual_obstacle_layer/share/my_virtual_obstacle_layer/cmake/my_virtual_obstacle_layerConfig-version.cmake
-- Installing: /home/nikunj/bwi_ros2_simulation/install/my_virtual_obstacle_layer/share/my_virtual_obstacle_layer/package.xml
