[1.304s] Invoking command in '/home/nikunj/bwi_ros2_simulation/src/bwi_reset': PYTHONPATH=/home/nikunj/bwi_ros2_simulation/build/bwi_reset/prefix_override:/usr/lib/python3/dist-packages/colcon_core/task/python/colcon_distutils_commands:/home/nikunj/bwi_ros2_simulation/install/bwi_reset/lib/python3.10/site-packages:${PYTHONPATH} /usr/bin/python3 -W ignore:setup.py install is deprecated -W ignore:easy_install command is deprecated setup.py egg_info --egg-base ../../build/bwi_reset build --build-base /home/nikunj/bwi_ros2_simulation/build/bwi_reset/build install --record /home/nikunj/bwi_ros2_simulation/build/bwi_reset/install.log --single-version-externally-managed install_data
[1.652s] running egg_info
[1.652s] writing ../../build/bwi_reset/bwi_reset.egg-info/PKG-INFO
[1.652s] writing dependency_links to ../../build/bwi_reset/bwi_reset.egg-info/dependency_links.txt
[1.652s] writing entry points to ../../build/bwi_reset/bwi_reset.egg-info/entry_points.txt
[1.652s] writing requirements to ../../build/bwi_reset/bwi_reset.egg-info/requires.txt
[1.652s] writing top-level names to ../../build/bwi_reset/bwi_reset.egg-info/top_level.txt
[1.652s] reading manifest file '../../build/bwi_reset/bwi_reset.egg-info/SOURCES.txt'
[1.652s] writing manifest file '../../build/bwi_reset/bwi_reset.egg-info/SOURCES.txt'
[1.652s] running build
[1.652s] running build_py
[1.652s] copying bwi_reset/reset_robots.py -> /home/nikunj/bwi_ros2_simulation/build/bwi_reset/build/lib/bwi_reset
[1.652s] running install
[1.652s] running install_lib
[1.652s] copying /home/nikunj/bwi_ros2_simulation/build/bwi_reset/build/lib/bwi_reset/reset_robots.py -> /home/nikunj/bwi_ros2_simulation/install/bwi_reset/lib/python3.10/site-packages/bwi_reset
[1.652s] byte-compiling /home/nikunj/bwi_ros2_simulation/install/bwi_reset/lib/python3.10/site-packages/bwi_reset/reset_robots.py to reset_robots.cpython-310.pyc
[1.653s] running install_data
[1.653s] running install_egg_info
[1.653s] removing '/home/nikunj/bwi_ros2_simulation/install/bwi_reset/lib/python3.10/site-packages/bwi_reset-0.0.0-py3.10.egg-info' (and everything under it)
[1.653s] Copying ../../build/bwi_reset/bwi_reset.egg-info to /home/nikunj/bwi_ros2_simulation/install/bwi_reset/lib/python3.10/site-packages/bwi_reset-0.0.0-py3.10.egg-info
[1.653s] running install_scripts
[1.653s] Installing reset_robots script to /home/nikunj/bwi_ros2_simulation/install/bwi_reset/lib/bwi_reset
[1.653s] writing list of installed files to '/home/nikunj/bwi_ros2_simulation/build/bwi_reset/install.log'
[1.793s] Invoked command in '/home/nikunj/bwi_ros2_simulation/src/bwi_reset' returned '0': PYTHONPATH=/home/nikunj/bwi_ros2_simulation/build/bwi_reset/prefix_override:/usr/lib/python3/dist-packages/colcon_core/task/python/colcon_distutils_commands:/home/nikunj/bwi_ros2_simulation/install/bwi_reset/lib/python3.10/site-packages:${PYTHONPATH} /usr/bin/python3 -W ignore:setup.py install is deprecated -W ignore:easy_install command is deprecated setup.py egg_info --egg-base ../../build/bwi_reset build --build-base /home/nikunj/bwi_ros2_simulation/build/bwi_reset/build install --record /home/nikunj/bwi_ros2_simulation/build/bwi_reset/install.log --single-version-externally-managed install_data
