[100%] Built target virtual_obstacle_layer
-- Install configuration: ""
-- Up-to-date: /home/nikunj/bwi_ros2_simulation/install/my_virtual_obstacle_layer/share/my_virtual_obstacle_layer/virtual_obstacle_plugin.xml
-- Up-to-date: /home/nikunj/bwi_ros2_simulation/install/my_virtual_obstacle_layer/lib/libvirtual_obstacle_layer.so
-- Up-to-date: /home/nikunj/bwi_ros2_simulation/install/my_virtual_obstacle_layer/include/
-- Up-to-date: /home/nikunj/bwi_ros2_simulation/install/my_virtual_obstacle_layer/include//my_virtual_obstacle_layer
-- Up-to-date: /home/nikunj/bwi_ros2_simulation/install/my_virtual_obstacle_layer/include//my_virtual_obstacle_layer/virtual_obstacle_layer.hpp
-- Up-to-date: /home/nikunj/bwi_ros2_simulation/install/my_virtual_obstacle_layer/include//my_virtual_obstacle_layer/working_copy.hpp
-- Up-to-date: /home/nikunj/bwi_ros2_simulation/install/my_virtual_obstacle_layer/share/my_virtual_obstacle_layer/virtual_obstacle_plugin.xml
-- Up-to-date: /home/nikunj/bwi_ros2_simulation/install/my_virtual_obstacle_layer/share/ament_index/resource_index/package_run_dependencies/my_virtual_obstacle_layer
-- Up-to-date: /home/nikunj/bwi_ros2_simulation/install/my_virtual_obstacle_layer/share/ament_index/resource_index/parent_prefix_path/my_virtual_obstacle_layer
-- Up-to-date: /home/nikunj/bwi_ros2_simulation/install/my_virtual_obstacle_layer/share/my_virtual_obstacle_layer/environment/ament_prefix_path.sh
-- Up-to-date: /home/nikunj/bwi_ros2_simulation/install/my_virtual_obstacle_layer/share/my_virtual_obstacle_layer/environment/ament_prefix_path.dsv
-- Up-to-date: /home/nikunj/bwi_ros2_simulation/install/my_virtual_obstacle_layer/share/my_virtual_obstacle_layer/environment/path.sh
-- Up-to-date: /home/nikunj/bwi_ros2_simulation/install/my_virtual_obstacle_layer/share/my_virtual_obstacle_layer/environment/path.dsv
-- Up-to-date: /home/nikunj/bwi_ros2_simulation/install/my_virtual_obstacle_layer/share/my_virtual_obstacle_layer/local_setup.bash
-- Up-to-date: /home/nikunj/bwi_ros2_simulation/install/my_virtual_obstacle_layer/share/my_virtual_obstacle_layer/local_setup.sh
-- Up-to-date: /home/nikunj/bwi_ros2_simulation/install/my_virtual_obstacle_layer/share/my_virtual_obstacle_layer/local_setup.zsh
-- Up-to-date: /home/nikunj/bwi_ros2_simulation/install/my_virtual_obstacle_layer/share/my_virtual_obstacle_layer/local_setup.dsv
-- Installing: /home/nikunj/bwi_ros2_simulation/install/my_virtual_obstacle_layer/share/my_virtual_obstacle_layer/package.dsv
-- Up-to-date: /home/nikunj/bwi_ros2_simulation/install/my_virtual_obstacle_layer/share/ament_index/resource_index/packages/my_virtual_obstacle_layer
-- Up-to-date: /home/nikunj/bwi_ros2_simulation/install/my_virtual_obstacle_layer/share/ament_index/resource_index/nav2_costmap_2d__pluginlib__plugin/my_virtual_obstacle_layer
-- Up-to-date: /home/nikunj/bwi_ros2_simulation/install/my_virtual_obstacle_layer/share/my_virtual_obstacle_layer/cmake/my_virtual_obstacle_layerConfig.cmake
-- Up-to-date: /home/nikunj/bwi_ros2_simulation/install/my_virtual_obstacle_layer/share/my_virtual_obstacle_layer/cmake/my_virtual_obstacle_layerConfig-version.cmake
-- Up-to-date: /home/nikunj/bwi_ros2_simulation/install/my_virtual_obstacle_layer/share/my_virtual_obstacle_layer/package.xml
