[0.064s] DEBUG:colcon:Command line arguments: ['/usr/bin/colcon', 'build', '--packages-select', 'bwi_reset']
[0.064s] DEBUG:colcon:Parsed command line arguments: Namespace(log_base=None, log_level=None, verb_name='build', build_base='build', install_base='install', merge_install=False, symlink_install=False, test_result_base=None, continue_on_error=False, executor='parallel', parallel_workers=32, event_handlers=None, ignore_user_meta=False, metas=['./colcon.meta'], base_paths=['.'], packages_ignore=None, packages_ignore_regex=None, paths=None, packages_up_to=None, packages_up_to_regex=None, packages_above=None, packages_above_and_dependencies=None, packages_above_depth=None, packages_select_by_dep=None, packages_skip_by_dep=None, packages_skip_up_to=None, packages_select_build_failed=False, packages_skip_build_finished=False, packages_select_test_failures=False, packages_skip_test_passed=False, packages_select=['bwi_reset'], packages_skip=None, packages_select_regex=None, packages_skip_regex=None, packages_start=None, packages_end=None, allow_overriding=[], cmake_args=None, cmake_target=None, cmake_target_skip_unavailable=False, cmake_clean_cache=False, cmake_clean_first=False, cmake_force_configure=False, ament_cmake_args=None, catkin_cmake_args=None, catkin_skip_building_tests=False, mixin_files=None, mixin=None, verb_parser=<colcon_mixin.mixin.mixin_argument.MixinArgumentDecorator object at 0x7db82be6d750>, verb_extension=<colcon_core.verb.build.BuildVerb object at 0x7db82bfa6770>, main=<bound method BuildVerb.main of <colcon_core.verb.build.BuildVerb object at 0x7db82bfa6770>>, mixin_verb=('build',))
[0.161s] Level 1:colcon.colcon_core.package_discovery:discover_packages(colcon_meta) check parameters
[0.161s] Level 1:colcon.colcon_core.package_discovery:discover_packages(recursive) check parameters
[0.161s] Level 1:colcon.colcon_core.package_discovery:discover_packages(ignore) check parameters
[0.161s] Level 1:colcon.colcon_core.package_discovery:discover_packages(path) check parameters
[0.161s] Level 1:colcon.colcon_core.package_discovery:discover_packages(colcon_meta) discover
[0.161s] Level 1:colcon.colcon_core.package_discovery:discover_packages(recursive) discover
[0.161s] INFO:colcon.colcon_core.package_discovery:Crawling recursively for packages in '/home/nikunj/bwi_ros2_simulation'
[0.161s] Level 1:colcon.colcon_core.package_identification:_identify(.) by extensions ['ignore', 'ignore_ament_install']
[0.161s] Level 1:colcon.colcon_core.package_identification:_identify(.) by extension 'ignore'
[0.161s] Level 1:colcon.colcon_core.package_identification:_identify(.) by extension 'ignore_ament_install'
[0.161s] Level 1:colcon.colcon_core.package_identification:_identify(.) by extensions ['colcon_pkg']
[0.161s] Level 1:colcon.colcon_core.package_identification:_identify(.) by extension 'colcon_pkg'
[0.161s] Level 1:colcon.colcon_core.package_identification:_identify(.) by extensions ['colcon_meta']
[0.161s] Level 1:colcon.colcon_core.package_identification:_identify(.) by extension 'colcon_meta'
[0.161s] Level 1:colcon.colcon_core.package_identification:_identify(.) by extensions ['ros']
[0.161s] Level 1:colcon.colcon_core.package_identification:_identify(.) by extension 'ros'
[0.168s] Level 1:colcon.colcon_core.package_identification:_identify(.) by extensions ['cmake', 'python']
[0.168s] Level 1:colcon.colcon_core.package_identification:_identify(.) by extension 'cmake'
[0.168s] Level 1:colcon.colcon_core.package_identification:_identify(.) by extension 'python'
[0.168s] Level 1:colcon.colcon_core.package_identification:_identify(.) by extensions ['python_setup_py']
[0.168s] Level 1:colcon.colcon_core.package_identification:_identify(.) by extension 'python_setup_py'
[0.168s] Level 1:colcon.colcon_core.package_identification:_identify(build) by extensions ['ignore', 'ignore_ament_install']
[0.168s] Level 1:colcon.colcon_core.package_identification:_identify(build) by extension 'ignore'
[0.168s] Level 1:colcon.colcon_core.package_identification:_identify(build) ignored
[0.168s] Level 1:colcon.colcon_core.package_identification:_identify(data) by extensions ['ignore', 'ignore_ament_install']
[0.168s] Level 1:colcon.colcon_core.package_identification:_identify(data) by extension 'ignore'
[0.168s] Level 1:colcon.colcon_core.package_identification:_identify(data) by extension 'ignore_ament_install'
[0.168s] Level 1:colcon.colcon_core.package_identification:_identify(data) by extensions ['colcon_pkg']
[0.168s] Level 1:colcon.colcon_core.package_identification:_identify(data) by extension 'colcon_pkg'
[0.168s] Level 1:colcon.colcon_core.package_identification:_identify(data) by extensions ['colcon_meta']
[0.168s] Level 1:colcon.colcon_core.package_identification:_identify(data) by extension 'colcon_meta'
[0.168s] Level 1:colcon.colcon_core.package_identification:_identify(data) by extensions ['ros']
[0.168s] Level 1:colcon.colcon_core.package_identification:_identify(data) by extension 'ros'
[0.168s] Level 1:colcon.colcon_core.package_identification:_identify(data) by extensions ['cmake', 'python']
[0.169s] Level 1:colcon.colcon_core.package_identification:_identify(data) by extension 'cmake'
[0.169s] Level 1:colcon.colcon_core.package_identification:_identify(data) by extension 'python'
[0.169s] Level 1:colcon.colcon_core.package_identification:_identify(data) by extensions ['python_setup_py']
[0.169s] Level 1:colcon.colcon_core.package_identification:_identify(data) by extension 'python_setup_py'
[0.169s] Level 1:colcon.colcon_core.package_identification:_identify(install) by extensions ['ignore', 'ignore_ament_install']
[0.169s] Level 1:colcon.colcon_core.package_identification:_identify(install) by extension 'ignore'
[0.169s] Level 1:colcon.colcon_core.package_identification:_identify(install) ignored
[0.169s] Level 1:colcon.colcon_core.package_identification:_identify(log) by extensions ['ignore', 'ignore_ament_install']
[0.169s] Level 1:colcon.colcon_core.package_identification:_identify(log) by extension 'ignore'
[0.169s] Level 1:colcon.colcon_core.package_identification:_identify(log) ignored
[0.169s] Level 1:colcon.colcon_core.package_identification:_identify(models) by extensions ['ignore', 'ignore_ament_install']
[0.169s] Level 1:colcon.colcon_core.package_identification:_identify(models) by extension 'ignore'
[0.169s] Level 1:colcon.colcon_core.package_identification:_identify(models) by extension 'ignore_ament_install'
[0.169s] Level 1:colcon.colcon_core.package_identification:_identify(models) by extensions ['colcon_pkg']
[0.169s] Level 1:colcon.colcon_core.package_identification:_identify(models) by extension 'colcon_pkg'
[0.169s] Level 1:colcon.colcon_core.package_identification:_identify(models) by extensions ['colcon_meta']
[0.169s] Level 1:colcon.colcon_core.package_identification:_identify(models) by extension 'colcon_meta'
[0.169s] Level 1:colcon.colcon_core.package_identification:_identify(models) by extensions ['ros']
[0.169s] Level 1:colcon.colcon_core.package_identification:_identify(models) by extension 'ros'
[0.169s] Level 1:colcon.colcon_core.package_identification:_identify(models) by extensions ['cmake', 'python']
[0.169s] Level 1:colcon.colcon_core.package_identification:_identify(models) by extension 'cmake'
[0.169s] Level 1:colcon.colcon_core.package_identification:_identify(models) by extension 'python'
[0.169s] Level 1:colcon.colcon_core.package_identification:_identify(models) by extensions ['python_setup_py']
[0.169s] Level 1:colcon.colcon_core.package_identification:_identify(models) by extension 'python_setup_py'
[0.169s] Level 1:colcon.colcon_core.package_identification:_identify(serial) by extensions ['ignore', 'ignore_ament_install']
[0.169s] Level 1:colcon.colcon_core.package_identification:_identify(serial) by extension 'ignore'
[0.169s] Level 1:colcon.colcon_core.package_identification:_identify(serial) ignored
[0.169s] Level 1:colcon.colcon_core.package_identification:_identify(src) by extensions ['ignore', 'ignore_ament_install']
[0.169s] Level 1:colcon.colcon_core.package_identification:_identify(src) by extension 'ignore'
[0.169s] Level 1:colcon.colcon_core.package_identification:_identify(src) by extension 'ignore_ament_install'
[0.169s] Level 1:colcon.colcon_core.package_identification:_identify(src) by extensions ['colcon_pkg']
[0.169s] Level 1:colcon.colcon_core.package_identification:_identify(src) by extension 'colcon_pkg'
[0.169s] Level 1:colcon.colcon_core.package_identification:_identify(src) by extensions ['colcon_meta']
[0.169s] Level 1:colcon.colcon_core.package_identification:_identify(src) by extension 'colcon_meta'
[0.169s] Level 1:colcon.colcon_core.package_identification:_identify(src) by extensions ['ros']
[0.169s] Level 1:colcon.colcon_core.package_identification:_identify(src) by extension 'ros'
[0.169s] Level 1:colcon.colcon_core.package_identification:_identify(src) by extensions ['cmake', 'python']
[0.169s] Level 1:colcon.colcon_core.package_identification:_identify(src) by extension 'cmake'
[0.169s] Level 1:colcon.colcon_core.package_identification:_identify(src) by extension 'python'
[0.169s] Level 1:colcon.colcon_core.package_identification:_identify(src) by extensions ['python_setup_py']
[0.169s] Level 1:colcon.colcon_core.package_identification:_identify(src) by extension 'python_setup_py'
[0.170s] Level 1:colcon.colcon_core.package_identification:_identify(src/bwi_launch) by extensions ['ignore', 'ignore_ament_install']
[0.170s] Level 1:colcon.colcon_core.package_identification:_identify(src/bwi_launch) by extension 'ignore'
[0.170s] Level 1:colcon.colcon_core.package_identification:_identify(src/bwi_launch) by extension 'ignore_ament_install'
[0.170s] Level 1:colcon.colcon_core.package_identification:_identify(src/bwi_launch) by extensions ['colcon_pkg']
[0.170s] Level 1:colcon.colcon_core.package_identification:_identify(src/bwi_launch) by extension 'colcon_pkg'
[0.170s] Level 1:colcon.colcon_core.package_identification:_identify(src/bwi_launch) by extensions ['colcon_meta']
[0.170s] Level 1:colcon.colcon_core.package_identification:_identify(src/bwi_launch) by extension 'colcon_meta'
[0.170s] Level 1:colcon.colcon_core.package_identification:_identify(src/bwi_launch) by extensions ['ros']
[0.170s] Level 1:colcon.colcon_core.package_identification:_identify(src/bwi_launch) by extension 'ros'
[0.172s] DEBUG:colcon.colcon_core.package_identification:Package 'src/bwi_launch' with type 'ros.ament_cmake' and name 'bwi_launch'
[0.172s] Level 1:colcon.colcon_core.package_identification:_identify(src/bwi_perc) by extensions ['ignore', 'ignore_ament_install']
[0.172s] Level 1:colcon.colcon_core.package_identification:_identify(src/bwi_perc) by extension 'ignore'
[0.172s] Level 1:colcon.colcon_core.package_identification:_identify(src/bwi_perc) by extension 'ignore_ament_install'
[0.172s] Level 1:colcon.colcon_core.package_identification:_identify(src/bwi_perc) by extensions ['colcon_pkg']
[0.172s] Level 1:colcon.colcon_core.package_identification:_identify(src/bwi_perc) by extension 'colcon_pkg'
[0.172s] Level 1:colcon.colcon_core.package_identification:_identify(src/bwi_perc) by extensions ['colcon_meta']
[0.172s] Level 1:colcon.colcon_core.package_identification:_identify(src/bwi_perc) by extension 'colcon_meta'
[0.172s] Level 1:colcon.colcon_core.package_identification:_identify(src/bwi_perc) by extensions ['ros']
[0.172s] Level 1:colcon.colcon_core.package_identification:_identify(src/bwi_perc) by extension 'ros'
[0.173s] DEBUG:colcon.colcon_core.package_identification:Package 'src/bwi_perc' with type 'ros.ament_python' and name 'bwi_perc'
[0.173s] Level 1:colcon.colcon_core.package_identification:_identify(src/bwi_perception_interface) by extensions ['ignore', 'ignore_ament_install']
[0.173s] Level 1:colcon.colcon_core.package_identification:_identify(src/bwi_perception_interface) by extension 'ignore'
[0.173s] Level 1:colcon.colcon_core.package_identification:_identify(src/bwi_perception_interface) by extension 'ignore_ament_install'
[0.173s] Level 1:colcon.colcon_core.package_identification:_identify(src/bwi_perception_interface) by extensions ['colcon_pkg']
[0.173s] Level 1:colcon.colcon_core.package_identification:_identify(src/bwi_perception_interface) by extension 'colcon_pkg'
[0.173s] Level 1:colcon.colcon_core.package_identification:_identify(src/bwi_perception_interface) by extensions ['colcon_meta']
[0.173s] Level 1:colcon.colcon_core.package_identification:_identify(src/bwi_perception_interface) by extension 'colcon_meta'
[0.173s] Level 1:colcon.colcon_core.package_identification:_identify(src/bwi_perception_interface) by extensions ['ros']
[0.173s] Level 1:colcon.colcon_core.package_identification:_identify(src/bwi_perception_interface) by extension 'ros'
[0.173s] DEBUG:colcon.colcon_core.package_identification:Package 'src/bwi_perception_interface' with type 'ros.ament_cmake' and name 'bwi_perception_interface'
[0.173s] Level 1:colcon.colcon_core.package_identification:_identify(src/bwi_reset) by extensions ['ignore', 'ignore_ament_install']
[0.173s] Level 1:colcon.colcon_core.package_identification:_identify(src/bwi_reset) by extension 'ignore'
[0.173s] Level 1:colcon.colcon_core.package_identification:_identify(src/bwi_reset) by extension 'ignore_ament_install'
[0.173s] Level 1:colcon.colcon_core.package_identification:_identify(src/bwi_reset) by extensions ['colcon_pkg']
[0.173s] Level 1:colcon.colcon_core.package_identification:_identify(src/bwi_reset) by extension 'colcon_pkg'
[0.173s] Level 1:colcon.colcon_core.package_identification:_identify(src/bwi_reset) by extensions ['colcon_meta']
[0.173s] Level 1:colcon.colcon_core.package_identification:_identify(src/bwi_reset) by extension 'colcon_meta'
[0.173s] Level 1:colcon.colcon_core.package_identification:_identify(src/bwi_reset) by extensions ['ros']
[0.173s] Level 1:colcon.colcon_core.package_identification:_identify(src/bwi_reset) by extension 'ros'
[0.174s] DEBUG:colcon.colcon_core.package_identification:Package 'src/bwi_reset' with type 'ros.ament_python' and name 'bwi_reset'
[0.174s] Level 1:colcon.colcon_core.package_identification:_identify(src/bwi_tasks) by extensions ['ignore', 'ignore_ament_install']
[0.174s] Level 1:colcon.colcon_core.package_identification:_identify(src/bwi_tasks) by extension 'ignore'
[0.174s] Level 1:colcon.colcon_core.package_identification:_identify(src/bwi_tasks) by extension 'ignore_ament_install'
[0.174s] Level 1:colcon.colcon_core.package_identification:_identify(src/bwi_tasks) by extensions ['colcon_pkg']
[0.174s] Level 1:colcon.colcon_core.package_identification:_identify(src/bwi_tasks) by extension 'colcon_pkg'
[0.174s] Level 1:colcon.colcon_core.package_identification:_identify(src/bwi_tasks) by extensions ['colcon_meta']
[0.174s] Level 1:colcon.colcon_core.package_identification:_identify(src/bwi_tasks) by extension 'colcon_meta'
[0.174s] Level 1:colcon.colcon_core.package_identification:_identify(src/bwi_tasks) by extensions ['ros']
[0.174s] Level 1:colcon.colcon_core.package_identification:_identify(src/bwi_tasks) by extension 'ros'
[0.179s] DEBUG:colcon.colcon_core.package_identification:Package 'src/bwi_tasks' with type 'ros.ament_python' and name 'bwi_tasks'
[0.179s] Level 1:colcon.colcon_core.package_identification:_identify(src/bwi_tasks_interface) by extensions ['ignore', 'ignore_ament_install']
[0.179s] Level 1:colcon.colcon_core.package_identification:_identify(src/bwi_tasks_interface) by extension 'ignore'
[0.179s] Level 1:colcon.colcon_core.package_identification:_identify(src/bwi_tasks_interface) by extension 'ignore_ament_install'
[0.179s] Level 1:colcon.colcon_core.package_identification:_identify(src/bwi_tasks_interface) by extensions ['colcon_pkg']
[0.179s] Level 1:colcon.colcon_core.package_identification:_identify(src/bwi_tasks_interface) by extension 'colcon_pkg'
[0.179s] Level 1:colcon.colcon_core.package_identification:_identify(src/bwi_tasks_interface) by extensions ['colcon_meta']
[0.179s] Level 1:colcon.colcon_core.package_identification:_identify(src/bwi_tasks_interface) by extension 'colcon_meta'
[0.179s] Level 1:colcon.colcon_core.package_identification:_identify(src/bwi_tasks_interface) by extensions ['ros']
[0.179s] Level 1:colcon.colcon_core.package_identification:_identify(src/bwi_tasks_interface) by extension 'ros'
[0.180s] DEBUG:colcon.colcon_core.package_identification:Package 'src/bwi_tasks_interface' with type 'ros.catkin' and name 'bwi_tasks_interface'
[0.180s] Level 1:colcon.colcon_core.package_identification:_identify(src/bwi_tools) by extensions ['ignore', 'ignore_ament_install']
[0.180s] Level 1:colcon.colcon_core.package_identification:_identify(src/bwi_tools) by extension 'ignore'
[0.180s] Level 1:colcon.colcon_core.package_identification:_identify(src/bwi_tools) by extension 'ignore_ament_install'
[0.180s] Level 1:colcon.colcon_core.package_identification:_identify(src/bwi_tools) by extensions ['colcon_pkg']
[0.180s] Level 1:colcon.colcon_core.package_identification:_identify(src/bwi_tools) by extension 'colcon_pkg'
[0.180s] Level 1:colcon.colcon_core.package_identification:_identify(src/bwi_tools) by extensions ['colcon_meta']
[0.180s] Level 1:colcon.colcon_core.package_identification:_identify(src/bwi_tools) by extension 'colcon_meta'
[0.180s] Level 1:colcon.colcon_core.package_identification:_identify(src/bwi_tools) by extensions ['ros']
[0.180s] Level 1:colcon.colcon_core.package_identification:_identify(src/bwi_tools) by extension 'ros'
[0.180s] DEBUG:colcon.colcon_core.package_identification:Package 'src/bwi_tools' with type 'ros.ament_python' and name 'bwi_tools'
[0.180s] Level 1:colcon.colcon_core.package_identification:_identify(src/collision_monitor) by extensions ['ignore', 'ignore_ament_install']
[0.180s] Level 1:colcon.colcon_core.package_identification:_identify(src/collision_monitor) by extension 'ignore'
[0.180s] Level 1:colcon.colcon_core.package_identification:_identify(src/collision_monitor) by extension 'ignore_ament_install'
[0.180s] Level 1:colcon.colcon_core.package_identification:_identify(src/collision_monitor) by extensions ['colcon_pkg']
[0.180s] Level 1:colcon.colcon_core.package_identification:_identify(src/collision_monitor) by extension 'colcon_pkg'
[0.180s] Level 1:colcon.colcon_core.package_identification:_identify(src/collision_monitor) by extensions ['colcon_meta']
[0.180s] Level 1:colcon.colcon_core.package_identification:_identify(src/collision_monitor) by extension 'colcon_meta'
[0.180s] Level 1:colcon.colcon_core.package_identification:_identify(src/collision_monitor) by extensions ['ros']
[0.180s] Level 1:colcon.colcon_core.package_identification:_identify(src/collision_monitor) by extension 'ros'
[0.181s] DEBUG:colcon.colcon_core.package_identification:Package 'src/collision_monitor' with type 'ros.ament_python' and name 'collision_monitor'
[0.181s] Level 1:colcon.colcon_core.package_identification:_identify(src/convex_decomposition) by extensions ['ignore', 'ignore_ament_install']
[0.181s] Level 1:colcon.colcon_core.package_identification:_identify(src/convex_decomposition) by extension 'ignore'
[0.181s] Level 1:colcon.colcon_core.package_identification:_identify(src/convex_decomposition) by extension 'ignore_ament_install'
[0.181s] Level 1:colcon.colcon_core.package_identification:_identify(src/convex_decomposition) by extensions ['colcon_pkg']
[0.181s] Level 1:colcon.colcon_core.package_identification:_identify(src/convex_decomposition) by extension 'colcon_pkg'
[0.181s] Level 1:colcon.colcon_core.package_identification:_identify(src/convex_decomposition) by extensions ['colcon_meta']
[0.181s] Level 1:colcon.colcon_core.package_identification:_identify(src/convex_decomposition) by extension 'colcon_meta'
[0.181s] Level 1:colcon.colcon_core.package_identification:_identify(src/convex_decomposition) by extensions ['ros']
[0.181s] Level 1:colcon.colcon_core.package_identification:_identify(src/convex_decomposition) by extension 'ros'
[0.181s] DEBUG:colcon.colcon_core.package_identification:Package 'src/convex_decomposition' with type 'ros.ament_cmake' and name 'convex_decomposition'
[0.181s] Level 1:colcon.colcon_core.package_identification:_identify(src/ivcon) by extensions ['ignore', 'ignore_ament_install']
[0.181s] Level 1:colcon.colcon_core.package_identification:_identify(src/ivcon) by extension 'ignore'
[0.181s] Level 1:colcon.colcon_core.package_identification:_identify(src/ivcon) by extension 'ignore_ament_install'
[0.181s] Level 1:colcon.colcon_core.package_identification:_identify(src/ivcon) by extensions ['colcon_pkg']
[0.181s] Level 1:colcon.colcon_core.package_identification:_identify(src/ivcon) by extension 'colcon_pkg'
[0.181s] Level 1:colcon.colcon_core.package_identification:_identify(src/ivcon) by extensions ['colcon_meta']
[0.181s] Level 1:colcon.colcon_core.package_identification:_identify(src/ivcon) by extension 'colcon_meta'
[0.182s] Level 1:colcon.colcon_core.package_identification:_identify(src/ivcon) by extensions ['ros']
[0.182s] Level 1:colcon.colcon_core.package_identification:_identify(src/ivcon) by extension 'ros'
[0.182s] DEBUG:colcon.colcon_core.package_identification:Package 'src/ivcon' with type 'ros.ament_cmake' and name 'ivcon'
[0.182s] Level 1:colcon.colcon_core.package_identification:_identify(src/kinect_data_collector) by extensions ['ignore', 'ignore_ament_install']
[0.182s] Level 1:colcon.colcon_core.package_identification:_identify(src/kinect_data_collector) by extension 'ignore'
[0.182s] Level 1:colcon.colcon_core.package_identification:_identify(src/kinect_data_collector) by extension 'ignore_ament_install'
[0.182s] Level 1:colcon.colcon_core.package_identification:_identify(src/kinect_data_collector) by extensions ['colcon_pkg']
[0.182s] Level 1:colcon.colcon_core.package_identification:_identify(src/kinect_data_collector) by extension 'colcon_pkg'
[0.182s] Level 1:colcon.colcon_core.package_identification:_identify(src/kinect_data_collector) by extensions ['colcon_meta']
[0.182s] Level 1:colcon.colcon_core.package_identification:_identify(src/kinect_data_collector) by extension 'colcon_meta'
[0.182s] Level 1:colcon.colcon_core.package_identification:_identify(src/kinect_data_collector) by extensions ['ros']
[0.182s] Level 1:colcon.colcon_core.package_identification:_identify(src/kinect_data_collector) by extension 'ros'
[0.182s] DEBUG:colcon.colcon_core.package_identification:Package 'src/kinect_data_collector' with type 'ros.ament_python' and name 'kinect_data_collector'
[0.182s] Level 1:colcon.colcon_core.package_identification:_identify(src/libsegwayrmp) by extensions ['ignore', 'ignore_ament_install']
[0.182s] Level 1:colcon.colcon_core.package_identification:_identify(src/libsegwayrmp) by extension 'ignore'
[0.182s] Level 1:colcon.colcon_core.package_identification:_identify(src/libsegwayrmp) by extension 'ignore_ament_install'
[0.183s] Level 1:colcon.colcon_core.package_identification:_identify(src/libsegwayrmp) by extensions ['colcon_pkg']
[0.183s] Level 1:colcon.colcon_core.package_identification:_identify(src/libsegwayrmp) by extension 'colcon_pkg'
[0.183s] Level 1:colcon.colcon_core.package_identification:_identify(src/libsegwayrmp) by extensions ['colcon_meta']
[0.183s] Level 1:colcon.colcon_core.package_identification:_identify(src/libsegwayrmp) by extension 'colcon_meta'
[0.183s] Level 1:colcon.colcon_core.package_identification:_identify(src/libsegwayrmp) by extensions ['ros']
[0.183s] Level 1:colcon.colcon_core.package_identification:_identify(src/libsegwayrmp) by extension 'ros'
[0.183s] DEBUG:colcon.colcon_core.package_identification:Package 'src/libsegwayrmp' with type 'ros.ament_cmake' and name 'libsegwayrmp'
[0.183s] Level 1:colcon.colcon_core.package_identification:_identify(src/lidar) by extensions ['ignore', 'ignore_ament_install']
[0.183s] Level 1:colcon.colcon_core.package_identification:_identify(src/lidar) by extension 'ignore'
[0.183s] Level 1:colcon.colcon_core.package_identification:_identify(src/lidar) by extension 'ignore_ament_install'
[0.183s] Level 1:colcon.colcon_core.package_identification:_identify(src/lidar) by extensions ['colcon_pkg']
[0.183s] Level 1:colcon.colcon_core.package_identification:_identify(src/lidar) by extension 'colcon_pkg'
[0.183s] Level 1:colcon.colcon_core.package_identification:_identify(src/lidar) by extensions ['colcon_meta']
[0.183s] Level 1:colcon.colcon_core.package_identification:_identify(src/lidar) by extension 'colcon_meta'
[0.183s] Level 1:colcon.colcon_core.package_identification:_identify(src/lidar) by extensions ['ros']
[0.183s] Level 1:colcon.colcon_core.package_identification:_identify(src/lidar) by extension 'ros'
[0.183s] Level 1:colcon.colcon_core.package_identification:_identify(src/lidar) by extensions ['cmake', 'python']
[0.183s] Level 1:colcon.colcon_core.package_identification:_identify(src/lidar) by extension 'cmake'
[0.183s] Level 1:colcon.colcon_core.package_identification:_identify(src/lidar) by extension 'python'
[0.183s] Level 1:colcon.colcon_core.package_identification:_identify(src/lidar) by extensions ['python_setup_py']
[0.183s] Level 1:colcon.colcon_core.package_identification:_identify(src/lidar) by extension 'python_setup_py'
[0.183s] Level 1:colcon.colcon_core.package_identification:_identify(src/lidar/scan_filter) by extensions ['ignore', 'ignore_ament_install']
[0.183s] Level 1:colcon.colcon_core.package_identification:_identify(src/lidar/scan_filter) by extension 'ignore'
[0.183s] Level 1:colcon.colcon_core.package_identification:_identify(src/lidar/scan_filter) by extension 'ignore_ament_install'
[0.183s] Level 1:colcon.colcon_core.package_identification:_identify(src/lidar/scan_filter) by extensions ['colcon_pkg']
[0.183s] Level 1:colcon.colcon_core.package_identification:_identify(src/lidar/scan_filter) by extension 'colcon_pkg'
[0.183s] Level 1:colcon.colcon_core.package_identification:_identify(src/lidar/scan_filter) by extensions ['colcon_meta']
[0.183s] Level 1:colcon.colcon_core.package_identification:_identify(src/lidar/scan_filter) by extension 'colcon_meta'
[0.183s] Level 1:colcon.colcon_core.package_identification:_identify(src/lidar/scan_filter) by extensions ['ros']
[0.183s] Level 1:colcon.colcon_core.package_identification:_identify(src/lidar/scan_filter) by extension 'ros'
[0.184s] DEBUG:colcon.colcon_core.package_identification:Package 'src/lidar/scan_filter' with type 'ros.ament_python' and name 'scan_filter'
[0.184s] Level 1:colcon.colcon_core.package_identification:_identify(src/lidar/urg_node2) by extensions ['ignore', 'ignore_ament_install']
[0.184s] Level 1:colcon.colcon_core.package_identification:_identify(src/lidar/urg_node2) by extension 'ignore'
[0.184s] Level 1:colcon.colcon_core.package_identification:_identify(src/lidar/urg_node2) by extension 'ignore_ament_install'
[0.184s] Level 1:colcon.colcon_core.package_identification:_identify(src/lidar/urg_node2) by extensions ['colcon_pkg']
[0.184s] Level 1:colcon.colcon_core.package_identification:_identify(src/lidar/urg_node2) by extension 'colcon_pkg'
[0.184s] Level 1:colcon.colcon_core.package_identification:_identify(src/lidar/urg_node2) by extensions ['colcon_meta']
[0.184s] Level 1:colcon.colcon_core.package_identification:_identify(src/lidar/urg_node2) by extension 'colcon_meta'
[0.184s] Level 1:colcon.colcon_core.package_identification:_identify(src/lidar/urg_node2) by extensions ['ros']
[0.184s] Level 1:colcon.colcon_core.package_identification:_identify(src/lidar/urg_node2) by extension 'ros'
[0.184s] DEBUG:colcon.colcon_core.package_identification:Package 'src/lidar/urg_node2' with type 'ros.ament_cmake' and name 'urg_node2'
[0.185s] Level 1:colcon.colcon_core.package_identification:_identify(src/my_virtual_obstacle_layer) by extensions ['ignore', 'ignore_ament_install']
[0.185s] Level 1:colcon.colcon_core.package_identification:_identify(src/my_virtual_obstacle_layer) by extension 'ignore'
[0.185s] Level 1:colcon.colcon_core.package_identification:_identify(src/my_virtual_obstacle_layer) by extension 'ignore_ament_install'
[0.185s] Level 1:colcon.colcon_core.package_identification:_identify(src/my_virtual_obstacle_layer) by extensions ['colcon_pkg']
[0.185s] Level 1:colcon.colcon_core.package_identification:_identify(src/my_virtual_obstacle_layer) by extension 'colcon_pkg'
[0.185s] Level 1:colcon.colcon_core.package_identification:_identify(src/my_virtual_obstacle_layer) by extensions ['colcon_meta']
[0.185s] Level 1:colcon.colcon_core.package_identification:_identify(src/my_virtual_obstacle_layer) by extension 'colcon_meta'
[0.185s] Level 1:colcon.colcon_core.package_identification:_identify(src/my_virtual_obstacle_layer) by extensions ['ros']
[0.185s] Level 1:colcon.colcon_core.package_identification:_identify(src/my_virtual_obstacle_layer) by extension 'ros'
[0.185s] DEBUG:colcon.colcon_core.package_identification:Package 'src/my_virtual_obstacle_layer' with type 'ros.ament_cmake' and name 'my_virtual_obstacle_layer'
[0.185s] Level 1:colcon.colcon_core.package_identification:_identify(src/nav2_bringup) by extensions ['ignore', 'ignore_ament_install']
[0.185s] Level 1:colcon.colcon_core.package_identification:_identify(src/nav2_bringup) by extension 'ignore'
[0.185s] Level 1:colcon.colcon_core.package_identification:_identify(src/nav2_bringup) by extension 'ignore_ament_install'
[0.185s] Level 1:colcon.colcon_core.package_identification:_identify(src/nav2_bringup) by extensions ['colcon_pkg']
[0.185s] Level 1:colcon.colcon_core.package_identification:_identify(src/nav2_bringup) by extension 'colcon_pkg'
[0.185s] Level 1:colcon.colcon_core.package_identification:_identify(src/nav2_bringup) by extensions ['colcon_meta']
[0.185s] Level 1:colcon.colcon_core.package_identification:_identify(src/nav2_bringup) by extension 'colcon_meta'
[0.185s] Level 1:colcon.colcon_core.package_identification:_identify(src/nav2_bringup) by extensions ['ros']
[0.185s] Level 1:colcon.colcon_core.package_identification:_identify(src/nav2_bringup) by extension 'ros'
[0.186s] DEBUG:colcon.colcon_core.package_identification:Package 'src/nav2_bringup' with type 'ros.ament_cmake' and name 'nav2_bringup'
[0.186s] Level 1:colcon.colcon_core.package_identification:_identify(src/pr2_description) by extensions ['ignore', 'ignore_ament_install']
[0.186s] Level 1:colcon.colcon_core.package_identification:_identify(src/pr2_description) by extension 'ignore'
[0.186s] Level 1:colcon.colcon_core.package_identification:_identify(src/pr2_description) by extension 'ignore_ament_install'
[0.186s] Level 1:colcon.colcon_core.package_identification:_identify(src/pr2_description) by extensions ['colcon_pkg']
[0.186s] Level 1:colcon.colcon_core.package_identification:_identify(src/pr2_description) by extension 'colcon_pkg'
[0.186s] Level 1:colcon.colcon_core.package_identification:_identify(src/pr2_description) by extensions ['colcon_meta']
[0.186s] Level 1:colcon.colcon_core.package_identification:_identify(src/pr2_description) by extension 'colcon_meta'
[0.186s] Level 1:colcon.colcon_core.package_identification:_identify(src/pr2_description) by extensions ['ros']
[0.186s] Level 1:colcon.colcon_core.package_identification:_identify(src/pr2_description) by extension 'ros'
[0.186s] DEBUG:colcon.colcon_core.package_identification:Package 'src/pr2_description' with type 'ros.ament_cmake' and name 'pr2_description'
[0.186s] Level 1:colcon.colcon_core.package_identification:_identify(src/segbot_description) by extensions ['ignore', 'ignore_ament_install']
[0.186s] Level 1:colcon.colcon_core.package_identification:_identify(src/segbot_description) by extension 'ignore'
[0.186s] Level 1:colcon.colcon_core.package_identification:_identify(src/segbot_description) by extension 'ignore_ament_install'
[0.186s] Level 1:colcon.colcon_core.package_identification:_identify(src/segbot_description) by extensions ['colcon_pkg']
[0.186s] Level 1:colcon.colcon_core.package_identification:_identify(src/segbot_description) by extension 'colcon_pkg'
[0.186s] Level 1:colcon.colcon_core.package_identification:_identify(src/segbot_description) by extensions ['colcon_meta']
[0.186s] Level 1:colcon.colcon_core.package_identification:_identify(src/segbot_description) by extension 'colcon_meta'
[0.186s] Level 1:colcon.colcon_core.package_identification:_identify(src/segbot_description) by extensions ['ros']
[0.186s] Level 1:colcon.colcon_core.package_identification:_identify(src/segbot_description) by extension 'ros'
[0.187s] DEBUG:colcon.colcon_core.package_identification:Package 'src/segbot_description' with type 'ros.ament_cmake' and name 'segbot_description'
[0.187s] Level 1:colcon.colcon_core.package_identification:_identify(src/segway_description) by extensions ['ignore', 'ignore_ament_install']
[0.187s] Level 1:colcon.colcon_core.package_identification:_identify(src/segway_description) by extension 'ignore'
[0.187s] Level 1:colcon.colcon_core.package_identification:_identify(src/segway_description) by extension 'ignore_ament_install'
[0.187s] Level 1:colcon.colcon_core.package_identification:_identify(src/segway_description) by extensions ['colcon_pkg']
[0.187s] Level 1:colcon.colcon_core.package_identification:_identify(src/segway_description) by extension 'colcon_pkg'
[0.187s] Level 1:colcon.colcon_core.package_identification:_identify(src/segway_description) by extensions ['colcon_meta']
[0.187s] Level 1:colcon.colcon_core.package_identification:_identify(src/segway_description) by extension 'colcon_meta'
[0.187s] Level 1:colcon.colcon_core.package_identification:_identify(src/segway_description) by extensions ['ros']
[0.187s] Level 1:colcon.colcon_core.package_identification:_identify(src/segway_description) by extension 'ros'
[0.187s] DEBUG:colcon.colcon_core.package_identification:Package 'src/segway_description' with type 'ros.ament_cmake' and name 'segway_description'
[0.187s] Level 1:colcon.colcon_core.package_identification:_identify(src/segway_msgs) by extensions ['ignore', 'ignore_ament_install']
[0.188s] Level 1:colcon.colcon_core.package_identification:_identify(src/segway_msgs) by extension 'ignore'
[0.188s] Level 1:colcon.colcon_core.package_identification:_identify(src/segway_msgs) by extension 'ignore_ament_install'
[0.188s] Level 1:colcon.colcon_core.package_identification:_identify(src/segway_msgs) by extensions ['colcon_pkg']
[0.188s] Level 1:colcon.colcon_core.package_identification:_identify(src/segway_msgs) by extension 'colcon_pkg'
[0.188s] Level 1:colcon.colcon_core.package_identification:_identify(src/segway_msgs) by extensions ['colcon_meta']
[0.188s] Level 1:colcon.colcon_core.package_identification:_identify(src/segway_msgs) by extension 'colcon_meta'
[0.188s] Level 1:colcon.colcon_core.package_identification:_identify(src/segway_msgs) by extensions ['ros']
[0.188s] Level 1:colcon.colcon_core.package_identification:_identify(src/segway_msgs) by extension 'ros'
[0.188s] DEBUG:colcon.colcon_core.package_identification:Package 'src/segway_msgs' with type 'ros.ament_cmake' and name 'segway_msgs'
[0.188s] Level 1:colcon.colcon_core.package_identification:_identify(src/segway_rmp_ros2) by extensions ['ignore', 'ignore_ament_install']
[0.188s] Level 1:colcon.colcon_core.package_identification:_identify(src/segway_rmp_ros2) by extension 'ignore'
[0.188s] Level 1:colcon.colcon_core.package_identification:_identify(src/segway_rmp_ros2) by extension 'ignore_ament_install'
[0.188s] Level 1:colcon.colcon_core.package_identification:_identify(src/segway_rmp_ros2) by extensions ['colcon_pkg']
[0.188s] Level 1:colcon.colcon_core.package_identification:_identify(src/segway_rmp_ros2) by extension 'colcon_pkg'
[0.188s] Level 1:colcon.colcon_core.package_identification:_identify(src/segway_rmp_ros2) by extensions ['colcon_meta']
[0.188s] Level 1:colcon.colcon_core.package_identification:_identify(src/segway_rmp_ros2) by extension 'colcon_meta'
[0.188s] Level 1:colcon.colcon_core.package_identification:_identify(src/segway_rmp_ros2) by extensions ['ros']
[0.188s] Level 1:colcon.colcon_core.package_identification:_identify(src/segway_rmp_ros2) by extension 'ros'
[0.189s] DEBUG:colcon.colcon_core.package_identification:Package 'src/segway_rmp_ros2' with type 'ros.ament_cmake' and name 'segway_rmp_ros2'
[0.189s] Level 1:colcon.colcon_core.package_identification:_identify(src/teleop_multi_robot) by extensions ['ignore', 'ignore_ament_install']
[0.189s] Level 1:colcon.colcon_core.package_identification:_identify(src/teleop_multi_robot) by extension 'ignore'
[0.189s] Level 1:colcon.colcon_core.package_identification:_identify(src/teleop_multi_robot) by extension 'ignore_ament_install'
[0.189s] Level 1:colcon.colcon_core.package_identification:_identify(src/teleop_multi_robot) by extensions ['colcon_pkg']
[0.189s] Level 1:colcon.colcon_core.package_identification:_identify(src/teleop_multi_robot) by extension 'colcon_pkg'
[0.189s] Level 1:colcon.colcon_core.package_identification:_identify(src/teleop_multi_robot) by extensions ['colcon_meta']
[0.189s] Level 1:colcon.colcon_core.package_identification:_identify(src/teleop_multi_robot) by extension 'colcon_meta'
[0.189s] Level 1:colcon.colcon_core.package_identification:_identify(src/teleop_multi_robot) by extensions ['ros']
[0.189s] Level 1:colcon.colcon_core.package_identification:_identify(src/teleop_multi_robot) by extension 'ros'
[0.189s] DEBUG:colcon.colcon_core.package_identification:Package 'src/teleop_multi_robot' with type 'ros.ament_python' and name 'teleop_multi_robot'
[0.189s] Level 1:colcon.colcon_core.package_identification:_identify(src/test_cmaes) by extensions ['ignore', 'ignore_ament_install']
[0.190s] Level 1:colcon.colcon_core.package_identification:_identify(src/test_cmaes) by extension 'ignore'
[0.190s] Level 1:colcon.colcon_core.package_identification:_identify(src/test_cmaes) by extension 'ignore_ament_install'
[0.190s] Level 1:colcon.colcon_core.package_identification:_identify(src/test_cmaes) by extensions ['colcon_pkg']
[0.190s] Level 1:colcon.colcon_core.package_identification:_identify(src/test_cmaes) by extension 'colcon_pkg'
[0.190s] Level 1:colcon.colcon_core.package_identification:_identify(src/test_cmaes) by extensions ['colcon_meta']
[0.190s] Level 1:colcon.colcon_core.package_identification:_identify(src/test_cmaes) by extension 'colcon_meta'
[0.190s] Level 1:colcon.colcon_core.package_identification:_identify(src/test_cmaes) by extensions ['ros']
[0.190s] Level 1:colcon.colcon_core.package_identification:_identify(src/test_cmaes) by extension 'ros'
[0.190s] DEBUG:colcon.colcon_core.package_identification:Package 'src/test_cmaes' with type 'ros.ament_python' and name 'test_cmaes'
[0.190s] Level 1:colcon.colcon_core.package_identification:_identify(src/test_odom) by extensions ['ignore', 'ignore_ament_install']
[0.190s] Level 1:colcon.colcon_core.package_identification:_identify(src/test_odom) by extension 'ignore'
[0.190s] Level 1:colcon.colcon_core.package_identification:_identify(src/test_odom) by extension 'ignore_ament_install'
[0.190s] Level 1:colcon.colcon_core.package_identification:_identify(src/test_odom) by extensions ['colcon_pkg']
[0.190s] Level 1:colcon.colcon_core.package_identification:_identify(src/test_odom) by extension 'colcon_pkg'
[0.190s] Level 1:colcon.colcon_core.package_identification:_identify(src/test_odom) by extensions ['colcon_meta']
[0.190s] Level 1:colcon.colcon_core.package_identification:_identify(src/test_odom) by extension 'colcon_meta'
[0.190s] Level 1:colcon.colcon_core.package_identification:_identify(src/test_odom) by extensions ['ros']
[0.190s] Level 1:colcon.colcon_core.package_identification:_identify(src/test_odom) by extension 'ros'
[0.190s] DEBUG:colcon.colcon_core.package_identification:Package 'src/test_odom' with type 'ros.ament_python' and name 'test_odom'
[0.191s] Level 1:colcon.colcon_core.package_identification:_identify(src/topic_tools) by extensions ['ignore', 'ignore_ament_install']
[0.191s] Level 1:colcon.colcon_core.package_identification:_identify(src/topic_tools) by extension 'ignore'
[0.191s] Level 1:colcon.colcon_core.package_identification:_identify(src/topic_tools) by extension 'ignore_ament_install'
[0.191s] Level 1:colcon.colcon_core.package_identification:_identify(src/topic_tools) by extensions ['colcon_pkg']
[0.191s] Level 1:colcon.colcon_core.package_identification:_identify(src/topic_tools) by extension 'colcon_pkg'
[0.191s] Level 1:colcon.colcon_core.package_identification:_identify(src/topic_tools) by extensions ['colcon_meta']
[0.191s] Level 1:colcon.colcon_core.package_identification:_identify(src/topic_tools) by extension 'colcon_meta'
[0.191s] Level 1:colcon.colcon_core.package_identification:_identify(src/topic_tools) by extensions ['ros']
[0.191s] Level 1:colcon.colcon_core.package_identification:_identify(src/topic_tools) by extension 'ros'
[0.191s] Level 1:colcon.colcon_core.package_identification:_identify(src/topic_tools) by extensions ['cmake', 'python']
[0.191s] Level 1:colcon.colcon_core.package_identification:_identify(src/topic_tools) by extension 'cmake'
[0.191s] Level 1:colcon.colcon_core.package_identification:_identify(src/topic_tools) by extension 'python'
[0.191s] Level 1:colcon.colcon_core.package_identification:_identify(src/topic_tools) by extensions ['python_setup_py']
[0.191s] Level 1:colcon.colcon_core.package_identification:_identify(src/topic_tools) by extension 'python_setup_py'
[0.191s] Level 1:colcon.colcon_core.package_identification:_identify(src/topic_tools/topic_tools) by extensions ['ignore', 'ignore_ament_install']
[0.191s] Level 1:colcon.colcon_core.package_identification:_identify(src/topic_tools/topic_tools) by extension 'ignore'
[0.191s] Level 1:colcon.colcon_core.package_identification:_identify(src/topic_tools/topic_tools) by extension 'ignore_ament_install'
[0.191s] Level 1:colcon.colcon_core.package_identification:_identify(src/topic_tools/topic_tools) by extensions ['colcon_pkg']
[0.191s] Level 1:colcon.colcon_core.package_identification:_identify(src/topic_tools/topic_tools) by extension 'colcon_pkg'
[0.191s] Level 1:colcon.colcon_core.package_identification:_identify(src/topic_tools/topic_tools) by extensions ['colcon_meta']
[0.191s] Level 1:colcon.colcon_core.package_identification:_identify(src/topic_tools/topic_tools) by extension 'colcon_meta'
[0.191s] Level 1:colcon.colcon_core.package_identification:_identify(src/topic_tools/topic_tools) by extensions ['ros']
[0.191s] Level 1:colcon.colcon_core.package_identification:_identify(src/topic_tools/topic_tools) by extension 'ros'
[0.191s] DEBUG:colcon.colcon_core.package_identification:Package 'src/topic_tools/topic_tools' with type 'ros.ament_cmake' and name 'topic_tools'
[0.191s] Level 1:colcon.colcon_core.package_identification:_identify(src/topic_tools/topic_tools_interfaces) by extensions ['ignore', 'ignore_ament_install']
[0.192s] Level 1:colcon.colcon_core.package_identification:_identify(src/topic_tools/topic_tools_interfaces) by extension 'ignore'
[0.192s] Level 1:colcon.colcon_core.package_identification:_identify(src/topic_tools/topic_tools_interfaces) by extension 'ignore_ament_install'
[0.192s] Level 1:colcon.colcon_core.package_identification:_identify(src/topic_tools/topic_tools_interfaces) by extensions ['colcon_pkg']
[0.192s] Level 1:colcon.colcon_core.package_identification:_identify(src/topic_tools/topic_tools_interfaces) by extension 'colcon_pkg'
[0.192s] Level 1:colcon.colcon_core.package_identification:_identify(src/topic_tools/topic_tools_interfaces) by extensions ['colcon_meta']
[0.192s] Level 1:colcon.colcon_core.package_identification:_identify(src/topic_tools/topic_tools_interfaces) by extension 'colcon_meta'
[0.192s] Level 1:colcon.colcon_core.package_identification:_identify(src/topic_tools/topic_tools_interfaces) by extensions ['ros']
[0.192s] Level 1:colcon.colcon_core.package_identification:_identify(src/topic_tools/topic_tools_interfaces) by extension 'ros'
[0.192s] DEBUG:colcon.colcon_core.package_identification:Package 'src/topic_tools/topic_tools_interfaces' with type 'ros.ament_cmake' and name 'topic_tools_interfaces'
[0.192s] Level 1:colcon.colcon_core.package_identification:_identify(src/utexas_gdc) by extensions ['ignore', 'ignore_ament_install']
[0.192s] Level 1:colcon.colcon_core.package_identification:_identify(src/utexas_gdc) by extension 'ignore'
[0.192s] Level 1:colcon.colcon_core.package_identification:_identify(src/utexas_gdc) by extension 'ignore_ament_install'
[0.192s] Level 1:colcon.colcon_core.package_identification:_identify(src/utexas_gdc) by extensions ['colcon_pkg']
[0.192s] Level 1:colcon.colcon_core.package_identification:_identify(src/utexas_gdc) by extension 'colcon_pkg'
[0.192s] Level 1:colcon.colcon_core.package_identification:_identify(src/utexas_gdc) by extensions ['colcon_meta']
[0.192s] Level 1:colcon.colcon_core.package_identification:_identify(src/utexas_gdc) by extension 'colcon_meta'
[0.192s] Level 1:colcon.colcon_core.package_identification:_identify(src/utexas_gdc) by extensions ['ros']
[0.192s] Level 1:colcon.colcon_core.package_identification:_identify(src/utexas_gdc) by extension 'ros'
[0.193s] DEBUG:colcon.colcon_core.package_identification:Package 'src/utexas_gdc' with type 'ros.ament_cmake' and name 'utexas_gdc'
[0.193s] Level 1:colcon.colcon_core.package_discovery:discover_packages(recursive) using defaults
[0.193s] Level 1:colcon.colcon_core.package_discovery:discover_packages(ignore) discover
[0.193s] Level 1:colcon.colcon_core.package_discovery:discover_packages(ignore) using defaults
[0.193s] Level 1:colcon.colcon_core.package_discovery:discover_packages(path) discover
[0.193s] Level 1:colcon.colcon_core.package_discovery:discover_packages(path) using defaults
[0.208s] INFO:colcon.colcon_core.package_selection:Skipping not selected package 'bwi_launch' in 'src/bwi_launch'
[0.208s] INFO:colcon.colcon_core.package_selection:Skipping not selected package 'bwi_perception_interface' in 'src/bwi_perception_interface'
[0.208s] INFO:colcon.colcon_core.package_selection:Skipping not selected package 'bwi_tasks_interface' in 'src/bwi_tasks_interface'
[0.208s] INFO:colcon.colcon_core.package_selection:Skipping not selected package 'collision_monitor' in 'src/collision_monitor'
[0.208s] INFO:colcon.colcon_core.package_selection:Skipping not selected package 'convex_decomposition' in 'src/convex_decomposition'
[0.208s] INFO:colcon.colcon_core.package_selection:Skipping not selected package 'ivcon' in 'src/ivcon'
[0.208s] INFO:colcon.colcon_core.package_selection:Skipping not selected package 'kinect_data_collector' in 'src/kinect_data_collector'
[0.208s] INFO:colcon.colcon_core.package_selection:Skipping not selected package 'libsegwayrmp' in 'src/libsegwayrmp'
[0.208s] INFO:colcon.colcon_core.package_selection:Skipping not selected package 'nav2_bringup' in 'src/nav2_bringup'
[0.208s] INFO:colcon.colcon_core.package_selection:Skipping not selected package 'scan_filter' in 'src/lidar/scan_filter'
[0.208s] INFO:colcon.colcon_core.package_selection:Skipping not selected package 'segway_description' in 'src/segway_description'
[0.208s] INFO:colcon.colcon_core.package_selection:Skipping not selected package 'segway_msgs' in 'src/segway_msgs'
[0.208s] INFO:colcon.colcon_core.package_selection:Skipping not selected package 'teleop_multi_robot' in 'src/teleop_multi_robot'
[0.208s] INFO:colcon.colcon_core.package_selection:Skipping not selected package 'test_cmaes' in 'src/test_cmaes'
[0.208s] INFO:colcon.colcon_core.package_selection:Skipping not selected package 'test_odom' in 'src/test_odom'
[0.208s] INFO:colcon.colcon_core.package_selection:Skipping not selected package 'topic_tools_interfaces' in 'src/topic_tools/topic_tools_interfaces'
[0.208s] INFO:colcon.colcon_core.package_selection:Skipping not selected package 'urg_node2' in 'src/lidar/urg_node2'
[0.208s] INFO:colcon.colcon_core.package_selection:Skipping not selected package 'utexas_gdc' in 'src/utexas_gdc'
[0.208s] INFO:colcon.colcon_core.package_selection:Skipping not selected package 'bwi_perc' in 'src/bwi_perc'
[0.208s] INFO:colcon.colcon_core.package_selection:Skipping not selected package 'bwi_tasks' in 'src/bwi_tasks'
[0.208s] INFO:colcon.colcon_core.package_selection:Skipping not selected package 'bwi_tools' in 'src/bwi_tools'
[0.208s] INFO:colcon.colcon_core.package_selection:Skipping not selected package 'my_virtual_obstacle_layer' in 'src/my_virtual_obstacle_layer'
[0.208s] INFO:colcon.colcon_core.package_selection:Skipping not selected package 'pr2_description' in 'src/pr2_description'
[0.208s] INFO:colcon.colcon_core.package_selection:Skipping not selected package 'segway_rmp_ros2' in 'src/segway_rmp_ros2'
[0.208s] INFO:colcon.colcon_core.package_selection:Skipping not selected package 'topic_tools' in 'src/topic_tools/topic_tools'
[0.208s] INFO:colcon.colcon_core.package_selection:Skipping not selected package 'segbot_description' in 'src/segbot_description'
[0.208s] Level 1:colcon.colcon_core.package_discovery:discover_packages(prefix_path) check parameters
[0.208s] Level 1:colcon.colcon_core.package_discovery:discover_packages(prefix_path) discover
[0.210s] DEBUG:colcon.colcon_installed_package_information.package_discovery:Found 27 installed packages in /home/nikunj/bwi_ros2_simulation/install
[0.211s] DEBUG:colcon.colcon_installed_package_information.package_discovery:Found 11 installed packages in /home/nikunj/linorobot2_ws/install
[0.211s] DEBUG:colcon.colcon_installed_package_information.package_discovery:Found 359 installed packages in /opt/ros/humble
[0.212s] Level 1:colcon.colcon_core.package_discovery:discover_packages(prefix_path) using defaults
[0.236s] Level 5:colcon.colcon_core.verb:set package 'bwi_reset' build argument 'cmake_args' from command line to 'None'
[0.236s] Level 5:colcon.colcon_core.verb:set package 'bwi_reset' build argument 'cmake_target' from command line to 'None'
[0.236s] Level 5:colcon.colcon_core.verb:set package 'bwi_reset' build argument 'cmake_target_skip_unavailable' from command line to 'False'
[0.236s] Level 5:colcon.colcon_core.verb:set package 'bwi_reset' build argument 'cmake_clean_cache' from command line to 'False'
[0.236s] Level 5:colcon.colcon_core.verb:set package 'bwi_reset' build argument 'cmake_clean_first' from command line to 'False'
[0.236s] Level 5:colcon.colcon_core.verb:set package 'bwi_reset' build argument 'cmake_force_configure' from command line to 'False'
[0.236s] Level 5:colcon.colcon_core.verb:set package 'bwi_reset' build argument 'ament_cmake_args' from command line to 'None'
[0.236s] Level 5:colcon.colcon_core.verb:set package 'bwi_reset' build argument 'catkin_cmake_args' from command line to 'None'
[0.236s] Level 5:colcon.colcon_core.verb:set package 'bwi_reset' build argument 'catkin_skip_building_tests' from command line to 'False'
[0.237s] DEBUG:colcon.colcon_core.verb:Building package 'bwi_reset' with the following arguments: {'ament_cmake_args': None, 'build_base': '/home/nikunj/bwi_ros2_simulation/build/bwi_reset', 'catkin_cmake_args': None, 'catkin_skip_building_tests': False, 'cmake_args': None, 'cmake_clean_cache': False, 'cmake_clean_first': False, 'cmake_force_configure': False, 'cmake_target': None, 'cmake_target_skip_unavailable': False, 'install_base': '/home/nikunj/bwi_ros2_simulation/install/bwi_reset', 'merge_install': False, 'path': '/home/nikunj/bwi_ros2_simulation/src/bwi_reset', 'symlink_install': False, 'test_result_base': None}
[0.237s] INFO:colcon.colcon_core.executor:Executing jobs using 'parallel' executor
[0.237s] DEBUG:colcon.colcon_parallel_executor.executor.parallel:run_until_complete
[0.238s] INFO:colcon.colcon_ros.task.ament_python.build:Building ROS package in '/home/nikunj/bwi_ros2_simulation/src/bwi_reset' with build type 'ament_python'
[0.238s] Level 1:colcon.colcon_core.shell:create_environment_hook('bwi_reset', 'ament_prefix_path')
[0.239s] INFO:colcon.colcon_core.plugin_system:Skipping extension 'colcon_core.shell.bat': Not used on non-Windows systems
[0.240s] INFO:colcon.colcon_core.shell:Creating environment hook '/home/nikunj/bwi_ros2_simulation/install/bwi_reset/share/bwi_reset/hook/ament_prefix_path.ps1'
[0.240s] INFO:colcon.colcon_core.shell:Creating environment descriptor '/home/nikunj/bwi_ros2_simulation/install/bwi_reset/share/bwi_reset/hook/ament_prefix_path.dsv'
[0.240s] INFO:colcon.colcon_core.shell:Creating environment hook '/home/nikunj/bwi_ros2_simulation/install/bwi_reset/share/bwi_reset/hook/ament_prefix_path.sh'
[0.240s] INFO:colcon.colcon_core.shell:Skip shell extension 'powershell' for command environment: Not usable outside of PowerShell
[0.241s] DEBUG:colcon.colcon_core.shell:Skip shell extension 'dsv' for command environment
[0.410s] INFO:colcon.colcon_core.task.python.build:Building Python package in '/home/nikunj/bwi_ros2_simulation/src/bwi_reset'
[0.410s] INFO:colcon.colcon_core.shell:Skip shell extension 'powershell' for command environment: Not usable outside of PowerShell
[0.410s] DEBUG:colcon.colcon_core.shell:Skip shell extension 'dsv' for command environment
[0.657s] DEBUG:colcon.colcon_core.event_handler.log_command:Invoking command in '/home/nikunj/bwi_ros2_simulation/src/bwi_reset': PYTHONPATH=/home/nikunj/bwi_ros2_simulation/build/bwi_reset/prefix_override:/usr/lib/python3/dist-packages/colcon_core/task/python/colcon_distutils_commands:/home/nikunj/bwi_ros2_simulation/install/bwi_reset/lib/python3.10/site-packages:${PYTHONPATH} /usr/bin/python3 -W ignore:setup.py install is deprecated -W ignore:easy_install command is deprecated setup.py egg_info --egg-base ../../build/bwi_reset build --build-base /home/nikunj/bwi_ros2_simulation/build/bwi_reset/build install --record /home/nikunj/bwi_ros2_simulation/build/bwi_reset/install.log --single-version-externally-managed install_data
[0.846s] DEBUG:colcon.colcon_core.event_handler.log_command:Invoked command in '/home/nikunj/bwi_ros2_simulation/src/bwi_reset' returned '0': PYTHONPATH=/home/nikunj/bwi_ros2_simulation/build/bwi_reset/prefix_override:/usr/lib/python3/dist-packages/colcon_core/task/python/colcon_distutils_commands:/home/nikunj/bwi_ros2_simulation/install/bwi_reset/lib/python3.10/site-packages:${PYTHONPATH} /usr/bin/python3 -W ignore:setup.py install is deprecated -W ignore:easy_install command is deprecated setup.py egg_info --egg-base ../../build/bwi_reset build --build-base /home/nikunj/bwi_ros2_simulation/build/bwi_reset/build install --record /home/nikunj/bwi_ros2_simulation/build/bwi_reset/install.log --single-version-externally-managed install_data
[0.848s] Level 1:colcon.colcon_core.environment:checking '/home/nikunj/bwi_ros2_simulation/install/bwi_reset' for CMake module files
[0.848s] Level 1:colcon.colcon_core.environment:checking '/home/nikunj/bwi_ros2_simulation/install/bwi_reset' for CMake config files
[0.849s] Level 1:colcon.colcon_core.environment:checking '/home/nikunj/bwi_ros2_simulation/install/bwi_reset/lib'
[0.849s] Level 1:colcon.colcon_core.environment:checking '/home/nikunj/bwi_ros2_simulation/install/bwi_reset/bin'
[0.849s] Level 1:colcon.colcon_core.environment:checking '/home/nikunj/bwi_ros2_simulation/install/bwi_reset/lib/pkgconfig/bwi_reset.pc'
[0.849s] Level 1:colcon.colcon_core.environment:checking '/home/nikunj/bwi_ros2_simulation/install/bwi_reset/lib/python3.10/site-packages'
[0.849s] Level 1:colcon.colcon_core.shell:create_environment_hook('bwi_reset', 'pythonpath')
[0.849s] INFO:colcon.colcon_core.shell:Creating environment hook '/home/nikunj/bwi_ros2_simulation/install/bwi_reset/share/bwi_reset/hook/pythonpath.ps1'
[0.850s] INFO:colcon.colcon_core.shell:Creating environment descriptor '/home/nikunj/bwi_ros2_simulation/install/bwi_reset/share/bwi_reset/hook/pythonpath.dsv'
[0.850s] INFO:colcon.colcon_core.shell:Creating environment hook '/home/nikunj/bwi_ros2_simulation/install/bwi_reset/share/bwi_reset/hook/pythonpath.sh'
[0.850s] Level 1:colcon.colcon_core.environment:checking '/home/nikunj/bwi_ros2_simulation/install/bwi_reset/bin'
[0.850s] Level 1:colcon.colcon_core.environment:create_environment_scripts_only(bwi_reset)
[0.850s] INFO:colcon.colcon_core.shell:Creating package script '/home/nikunj/bwi_ros2_simulation/install/bwi_reset/share/bwi_reset/package.ps1'
[0.851s] INFO:colcon.colcon_core.shell:Creating package descriptor '/home/nikunj/bwi_ros2_simulation/install/bwi_reset/share/bwi_reset/package.dsv'
[0.851s] INFO:colcon.colcon_core.shell:Creating package script '/home/nikunj/bwi_ros2_simulation/install/bwi_reset/share/bwi_reset/package.sh'
[0.851s] INFO:colcon.colcon_core.shell:Creating package script '/home/nikunj/bwi_ros2_simulation/install/bwi_reset/share/bwi_reset/package.bash'
[0.852s] INFO:colcon.colcon_core.shell:Creating package script '/home/nikunj/bwi_ros2_simulation/install/bwi_reset/share/bwi_reset/package.zsh'
[0.852s] Level 1:colcon.colcon_core.environment:create_file_with_runtime_dependencies(/home/nikunj/bwi_ros2_simulation/install/bwi_reset/share/colcon-core/packages/bwi_reset)
[0.852s] DEBUG:colcon.colcon_parallel_executor.executor.parallel:closing loop
[0.852s] DEBUG:colcon.colcon_parallel_executor.executor.parallel:loop closed
[0.852s] DEBUG:colcon.colcon_parallel_executor.executor.parallel:run_until_complete finished with '0'
[0.852s] DEBUG:colcon.colcon_core.event_reactor:joining thread
[0.856s] INFO:colcon.colcon_core.plugin_system:Skipping extension 'colcon_notification.desktop_notification.terminal_notifier': Not used on non-Darwin systems
[0.856s] INFO:colcon.colcon_core.plugin_system:Skipping extension 'colcon_notification.desktop_notification.win32': Not used on non-Windows systems
[0.856s] INFO:colcon.colcon_notification.desktop_notification:Sending desktop notification using 'notify2'
[0.864s] DEBUG:colcon.colcon_core.event_reactor:joined thread
[0.865s] INFO:colcon.colcon_core.shell:Creating prefix script '/home/nikunj/bwi_ros2_simulation/install/local_setup.ps1'
[0.865s] INFO:colcon.colcon_core.shell:Creating prefix util module '/home/nikunj/bwi_ros2_simulation/install/_local_setup_util_ps1.py'
[0.866s] INFO:colcon.colcon_core.shell:Creating prefix chain script '/home/nikunj/bwi_ros2_simulation/install/setup.ps1'
[0.867s] INFO:colcon.colcon_core.shell:Creating prefix script '/home/nikunj/bwi_ros2_simulation/install/local_setup.sh'
[0.867s] INFO:colcon.colcon_core.shell:Creating prefix util module '/home/nikunj/bwi_ros2_simulation/install/_local_setup_util_sh.py'
[0.868s] INFO:colcon.colcon_core.shell:Creating prefix chain script '/home/nikunj/bwi_ros2_simulation/install/setup.sh'
[0.869s] INFO:colcon.colcon_core.shell:Creating prefix script '/home/nikunj/bwi_ros2_simulation/install/local_setup.bash'
[0.869s] INFO:colcon.colcon_core.shell:Creating prefix chain script '/home/nikunj/bwi_ros2_simulation/install/setup.bash'
[0.870s] INFO:colcon.colcon_core.shell:Creating prefix script '/home/nikunj/bwi_ros2_simulation/install/local_setup.zsh'
[0.870s] INFO:colcon.colcon_core.shell:Creating prefix chain script '/home/nikunj/bwi_ros2_simulation/install/setup.zsh'
