[0.416s] Invoking command in '/home/nikunj/bwi_ros2_simulation/build/nav2_bringup': CMAKE_PREFIX_PATH=/opt/ros/humble /usr/bin/cmake --build /home/nikunj/bwi_ros2_simulation/build/nav2_bringup -- -j32 -l32
[0.939s] Invoked command in '/home/nikunj/bwi_ros2_simulation/build/nav2_bringup' returned '0': CMAKE_PREFIX_PATH=/opt/ros/humble /usr/bin/cmake --build /home/nikunj/bwi_ros2_simulation/build/nav2_bringup -- -j32 -l32
[0.940s] Invoking command in '/home/nikunj/bwi_ros2_simulation/build/nav2_bringup': CMAKE_PREFIX_PATH=/opt/ros/humble /usr/bin/cmake --install /home/nikunj/bwi_ros2_simulation/build/nav2_bringup
[0.990s] -- Install configuration: "Release"
[0.990s] -- Up-to-date: /home/nikunj/bwi_ros2_simulation/install/nav2_bringup/share/nav2_bringup/launch
[0.990s] -- Up-to-date: /home/nikunj/bwi_ros2_simulation/install/nav2_bringup/share/nav2_bringup/launch/navigation_launch.py
[0.990s] -- Up-to-date: /home/nikunj/bwi_ros2_simulation/install/nav2_bringup/share/nav2_bringup/launch/slam_launch.py
[0.990s] -- Up-to-date: /home/nikunj/bwi_ros2_simulation/install/nav2_bringup/share/nav2_bringup/launch/tb3_simulation_launch.py
[0.990s] -- Up-to-date: /home/nikunj/bwi_ros2_simulation/install/nav2_bringup/share/nav2_bringup/launch/cloned_multi_tb3_simulation_launch.py
[0.990s] -- Up-to-date: /home/nikunj/bwi_ros2_simulation/install/nav2_bringup/share/nav2_bringup/launch/rviz_launch.py
[0.990s] -- Up-to-date: /home/nikunj/bwi_ros2_simulation/install/nav2_bringup/share/nav2_bringup/launch/augmented_map.py
[0.990s] -- Up-to-date: /home/nikunj/bwi_ros2_simulation/install/nav2_bringup/share/nav2_bringup/launch/unique_multi_tb3_simulation_launch.py
[0.990s] -- Up-to-date: /home/nikunj/bwi_ros2_simulation/install/nav2_bringup/share/nav2_bringup/launch/localization_launch.py
[0.990s] -- Up-to-date: /home/nikunj/bwi_ros2_simulation/install/nav2_bringup/share/nav2_bringup/launch/bringup_launch.py
[0.990s] -- Up-to-date: /home/nikunj/bwi_ros2_simulation/install/nav2_bringup/share/nav2_bringup/maps
[0.991s] -- Up-to-date: /home/nikunj/bwi_ros2_simulation/install/nav2_bringup/share/nav2_bringup/maps/my_map.yaml
[0.991s] -- Up-to-date: /home/nikunj/bwi_ros2_simulation/install/nav2_bringup/share/nav2_bringup/maps/my_map.pgm
[0.991s] -- Up-to-date: /home/nikunj/bwi_ros2_simulation/install/nav2_bringup/share/nav2_bringup/rviz
[0.991s] -- Up-to-date: /home/nikunj/bwi_ros2_simulation/install/nav2_bringup/share/nav2_bringup/rviz/nav2_default_view.rviz
[0.991s] -- Up-to-date: /home/nikunj/bwi_ros2_simulation/install/nav2_bringup/share/nav2_bringup/rviz/nav2_namespaced_view.rviz
[0.991s] -- Up-to-date: /home/nikunj/bwi_ros2_simulation/install/nav2_bringup/share/nav2_bringup/worlds
[0.991s] -- Up-to-date: /home/nikunj/bwi_ros2_simulation/install/nav2_bringup/share/nav2_bringup/worlds/world_only.model
[0.991s] -- Up-to-date: /home/nikunj/bwi_ros2_simulation/install/nav2_bringup/share/nav2_bringup/worlds/waffle.model
[0.991s] -- Up-to-date: /home/nikunj/bwi_ros2_simulation/install/nav2_bringup/share/nav2_bringup/params
[0.991s] -- Up-to-date: /home/nikunj/bwi_ros2_simulation/install/nav2_bringup/share/nav2_bringup/params/archive
[0.991s] -- Up-to-date: /home/nikunj/bwi_ros2_simulation/install/nav2_bringup/share/nav2_bringup/params/archive/slow_vel_working_nav2_params.yaml
[0.991s] -- Up-to-date: /home/nikunj/bwi_ros2_simulation/install/nav2_bringup/share/nav2_bringup/params/nav2_params_multi_robot_1.yaml
[0.991s] -- Up-to-date: /home/nikunj/bwi_ros2_simulation/install/nav2_bringup/share/nav2_bringup/params/nav2_params_multi_robot_2.yaml
[0.991s] -- Up-to-date: /home/nikunj/bwi_ros2_simulation/install/nav2_bringup/share/nav2_bringup/urdf
[0.991s] -- Up-to-date: /home/nikunj/bwi_ros2_simulation/install/nav2_bringup/share/nav2_bringup/urdf/turtlebot3_waffle.urdf
[0.991s] -- Up-to-date: /home/nikunj/bwi_ros2_simulation/install/nav2_bringup/share/ament_index/resource_index/package_run_dependencies/nav2_bringup
[0.991s] -- Up-to-date: /home/nikunj/bwi_ros2_simulation/install/nav2_bringup/share/ament_index/resource_index/parent_prefix_path/nav2_bringup
[0.992s] -- Up-to-date: /home/nikunj/bwi_ros2_simulation/install/nav2_bringup/share/nav2_bringup/environment/ament_prefix_path.sh
[0.992s] -- Up-to-date: /home/nikunj/bwi_ros2_simulation/install/nav2_bringup/share/nav2_bringup/environment/ament_prefix_path.dsv
[0.992s] -- Up-to-date: /home/nikunj/bwi_ros2_simulation/install/nav2_bringup/share/nav2_bringup/environment/path.sh
[0.992s] -- Up-to-date: /home/nikunj/bwi_ros2_simulation/install/nav2_bringup/share/nav2_bringup/environment/path.dsv
[0.992s] -- Up-to-date: /home/nikunj/bwi_ros2_simulation/install/nav2_bringup/share/nav2_bringup/local_setup.bash
[0.992s] -- Up-to-date: /home/nikunj/bwi_ros2_simulation/install/nav2_bringup/share/nav2_bringup/local_setup.sh
[0.992s] -- Up-to-date: /home/nikunj/bwi_ros2_simulation/install/nav2_bringup/share/nav2_bringup/local_setup.zsh
[0.992s] -- Up-to-date: /home/nikunj/bwi_ros2_simulation/install/nav2_bringup/share/nav2_bringup/local_setup.dsv
[0.992s] -- Installing: /home/nikunj/bwi_ros2_simulation/install/nav2_bringup/share/nav2_bringup/package.dsv
[0.992s] -- Up-to-date: /home/nikunj/bwi_ros2_simulation/install/nav2_bringup/share/ament_index/resource_index/packages/nav2_bringup
[0.992s] -- Up-to-date: /home/nikunj/bwi_ros2_simulation/install/nav2_bringup/share/nav2_bringup/cmake/nav2_bringupConfig.cmake
[0.993s] -- Up-to-date: /home/nikunj/bwi_ros2_simulation/install/nav2_bringup/share/nav2_bringup/cmake/nav2_bringupConfig-version.cmake
[0.993s] -- Up-to-date: /home/nikunj/bwi_ros2_simulation/install/nav2_bringup/share/nav2_bringup/package.xml
[1.075s] Invoked command in '/home/nikunj/bwi_ros2_simulation/build/nav2_bringup' returned '0': CMAKE_PREFIX_PATH=/opt/ros/humble /usr/bin/cmake --install /home/nikunj/bwi_ros2_simulation/build/nav2_bringup
