running egg_info
writing ../../build/teleop_multi_robot/teleop_multi_robot.egg-info/PKG-INFO
writing dependency_links to ../../build/teleop_multi_robot/teleop_multi_robot.egg-info/dependency_links.txt
writing entry points to ../../build/teleop_multi_robot/teleop_multi_robot.egg-info/entry_points.txt
writing requirements to ../../build/teleop_multi_robot/teleop_multi_robot.egg-info/requires.txt
writing top-level names to ../../build/teleop_multi_robot/teleop_multi_robot.egg-info/top_level.txt
reading manifest file '../../build/teleop_multi_robot/teleop_multi_robot.egg-info/SOURCES.txt'
adding license file 'LICENSE'
writing manifest file '../../build/teleop_multi_robot/teleop_multi_robot.egg-info/SOURCES.txt'
running build
running build_py
running install
running install_lib
running install_data
running install_egg_info
removing '/home/nikunj/bwi_ros2_simulation/install/teleop_multi_robot/lib/python3.10/site-packages/teleop_multi_robot-0.0.0-py3.10.egg-info' (and everything under it)
Copying ../../build/teleop_multi_robot/teleop_multi_robot.egg-info to /home/nikunj/bwi_ros2_simulation/install/teleop_multi_robot/lib/python3.10/site-packages/teleop_multi_robot-0.0.0-py3.10.egg-info
running install_scripts
Installing teleop_twist_dual script to /home/nikunj/bwi_ros2_simulation/install/teleop_multi_robot/lib/teleop_multi_robot
writing list of installed files to '/home/nikunj/bwi_ros2_simulation/build/teleop_multi_robot/install.log'
