[0.407s] Invoking command in '/home/nikunj/bwi_ros2_simulation/src/collision_monitor': PYTHONPATH=/home/nikunj/bwi_ros2_simulation/build/collision_monitor/prefix_override:/usr/lib/python3/dist-packages/colcon_core/task/python/colcon_distutils_commands:/home/nikunj/bwi_ros2_simulation/install/collision_monitor/lib/python3.10/site-packages:${PYTHONPATH} /usr/bin/python3 -W ignore:setup.py install is deprecated -W ignore:easy_install command is deprecated setup.py egg_info --egg-base ../../build/collision_monitor build --build-base /home/nikunj/bwi_ros2_simulation/build/collision_monitor/build install --record /home/nikunj/bwi_ros2_simulation/build/collision_monitor/install.log --single-version-externally-managed install_data
[0.566s] running egg_info
[0.567s] writing ../../build/collision_monitor/collision_monitor.egg-info/PKG-INFO
[0.567s] writing dependency_links to ../../build/collision_monitor/collision_monitor.egg-info/dependency_links.txt
[0.567s] writing entry points to ../../build/collision_monitor/collision_monitor.egg-info/entry_points.txt
[0.567s] writing requirements to ../../build/collision_monitor/collision_monitor.egg-info/requires.txt
[0.567s] writing top-level names to ../../build/collision_monitor/collision_monitor.egg-info/top_level.txt
[0.568s] reading manifest file '../../build/collision_monitor/collision_monitor.egg-info/SOURCES.txt'
[0.568s] adding license file 'LICENSE'
[0.568s] writing manifest file '../../build/collision_monitor/collision_monitor.egg-info/SOURCES.txt'
[0.569s] running build
[0.569s] running build_py
[0.569s] copying collision_monitor/collision_detector.py -> /home/nikunj/bwi_ros2_simulation/build/collision_monitor/build/lib/collision_monitor
[0.569s] running install
[0.569s] running install_lib
[0.570s] copying /home/nikunj/bwi_ros2_simulation/build/collision_monitor/build/lib/collision_monitor/collision_detector.py -> /home/nikunj/bwi_ros2_simulation/install/collision_monitor/lib/python3.10/site-packages/collision_monitor
[0.570s] byte-compiling /home/nikunj/bwi_ros2_simulation/install/collision_monitor/lib/python3.10/site-packages/collision_monitor/collision_detector.py to collision_detector.cpython-310.pyc
[0.571s] running install_data
[0.571s] running install_egg_info
[0.572s] removing '/home/nikunj/bwi_ros2_simulation/install/collision_monitor/lib/python3.10/site-packages/collision_monitor-0.1.0-py3.10.egg-info' (and everything under it)
[0.572s] Copying ../../build/collision_monitor/collision_monitor.egg-info to /home/nikunj/bwi_ros2_simulation/install/collision_monitor/lib/python3.10/site-packages/collision_monitor-0.1.0-py3.10.egg-info
[0.573s] running install_scripts
[0.588s] Installing collision_detector script to /home/nikunj/bwi_ros2_simulation/install/collision_monitor/lib/collision_monitor
[0.588s] writing list of installed files to '/home/nikunj/bwi_ros2_simulation/build/collision_monitor/install.log'
[0.602s] Invoked command in '/home/nikunj/bwi_ros2_simulation/src/collision_monitor' returned '0': PYTHONPATH=/home/nikunj/bwi_ros2_simulation/build/collision_monitor/prefix_override:/usr/lib/python3/dist-packages/colcon_core/task/python/colcon_distutils_commands:/home/nikunj/bwi_ros2_simulation/install/collision_monitor/lib/python3.10/site-packages:${PYTHONPATH} /usr/bin/python3 -W ignore:setup.py install is deprecated -W ignore:easy_install command is deprecated setup.py egg_info --egg-base ../../build/collision_monitor build --build-base /home/nikunj/bwi_ros2_simulation/build/collision_monitor/build install --record /home/nikunj/bwi_ros2_simulation/build/collision_monitor/install.log --single-version-externally-managed install_data
