running egg_info
creating ../../build/collision_monitor/collision_monitor.egg-info
writing ../../build/collision_monitor/collision_monitor.egg-info/PKG-INFO
writing dependency_links to ../../build/collision_monitor/collision_monitor.egg-info/dependency_links.txt
writing entry points to ../../build/collision_monitor/collision_monitor.egg-info/entry_points.txt
writing requirements to ../../build/collision_monitor/collision_monitor.egg-info/requires.txt
writing top-level names to ../../build/collision_monitor/collision_monitor.egg-info/top_level.txt
writing manifest file '../../build/collision_monitor/collision_monitor.egg-info/SOURCES.txt'
reading manifest file '../../build/collision_monitor/collision_monitor.egg-info/SOURCES.txt'
adding license file 'LICENSE'
writing manifest file '../../build/collision_monitor/collision_monitor.egg-info/SOURCES.txt'
running build
running build_py
creating /home/nikunj/bwi_ros2_simulation/build/collision_monitor/build
creating /home/nikunj/bwi_ros2_simulation/build/collision_monitor/build/lib
creating /home/nikunj/bwi_ros2_simulation/build/collision_monitor/build/lib/collision_monitor
copying collision_monitor/collision_detector.py -> /home/nikunj/bwi_ros2_simulation/build/collision_monitor/build/lib/collision_monitor
copying collision_monitor/__init__.py -> /home/nikunj/bwi_ros2_simulation/build/collision_monitor/build/lib/collision_monitor
running install
running install_lib
creating /home/nikunj/bwi_ros2_simulation/install/collision_monitor/lib/python3.10/site-packages/collision_monitor
copying /home/nikunj/bwi_ros2_simulation/build/collision_monitor/build/lib/collision_monitor/collision_detector.py -> /home/nikunj/bwi_ros2_simulation/install/collision_monitor/lib/python3.10/site-packages/collision_monitor
copying /home/nikunj/bwi_ros2_simulation/build/collision_monitor/build/lib/collision_monitor/__init__.py -> /home/nikunj/bwi_ros2_simulation/install/collision_monitor/lib/python3.10/site-packages/collision_monitor
byte-compiling /home/nikunj/bwi_ros2_simulation/install/collision_monitor/lib/python3.10/site-packages/collision_monitor/collision_detector.py to collision_detector.cpython-310.pyc
byte-compiling /home/nikunj/bwi_ros2_simulation/install/collision_monitor/lib/python3.10/site-packages/collision_monitor/__init__.py to __init__.cpython-310.pyc
running install_data
copying package.xml -> /home/nikunj/bwi_ros2_simulation/install/collision_monitor/share/collision_monitor
running install_egg_info
Copying ../../build/collision_monitor/collision_monitor.egg-info to /home/nikunj/bwi_ros2_simulation/install/collision_monitor/lib/python3.10/site-packages/collision_monitor-0.1.0-py3.10.egg-info
running install_scripts
Installing collision_detector script to /home/nikunj/bwi_ros2_simulation/install/collision_monitor/lib/collision_monitor
writing list of installed files to '/home/nikunj/bwi_ros2_simulation/build/collision_monitor/install.log'
