[0.059s] Invoking command in '/home/nikunj/bwi_ros2_simulation/build/my_virtual_obstacle_layer': CMAKE_PREFIX_PATH=/opt/ros/humble:/home/nikunj/bwi_ros2_simulation/install/bwi_tasks_interface LD_LIBRARY_PATH=/home/nikunj/bwi_ros2_simulation/install/bwi_tasks_interface/lib:${LD_LIBRARY_PATH} PKG_CONFIG_PATH=/home/nikunj/bwi_ros2_simulation/install/bwi_tasks_interface/lib/x86_64-linux-gnu/pkgconfig:/home/nikunj/bwi_ros2_simulation/install/bwi_tasks_interface/lib/pkgconfig PYTHONPATH=/home/nikunj/bwi_ros2_simulation/install/bwi_tasks_interface/local/lib/python3.10/dist-packages:${PYTHONPATH} ROS_PACKAGE_PATH=/home/nikunj/bwi_ros2_simulation/install/bwi_tasks_interface/share /usr/bin/cmake --build /home/nikunj/bwi_ros2_simulation/build/my_virtual_obstacle_layer -- -j32 -l32
[0.123s] [100%] Built target virtual_obstacle_layer
[0.564s] Invoked command in '/home/nikunj/bwi_ros2_simulation/build/my_virtual_obstacle_layer' returned '0': CMAKE_PREFIX_PATH=/opt/ros/humble:/home/nikunj/bwi_ros2_simulation/install/bwi_tasks_interface LD_LIBRARY_PATH=/home/nikunj/bwi_ros2_simulation/install/bwi_tasks_interface/lib:${LD_LIBRARY_PATH} PKG_CONFIG_PATH=/home/nikunj/bwi_ros2_simulation/install/bwi_tasks_interface/lib/x86_64-linux-gnu/pkgconfig:/home/nikunj/bwi_ros2_simulation/install/bwi_tasks_interface/lib/pkgconfig PYTHONPATH=/home/nikunj/bwi_ros2_simulation/install/bwi_tasks_interface/local/lib/python3.10/dist-packages:${PYTHONPATH} ROS_PACKAGE_PATH=/home/nikunj/bwi_ros2_simulation/install/bwi_tasks_interface/share /usr/bin/cmake --build /home/nikunj/bwi_ros2_simulation/build/my_virtual_obstacle_layer -- -j32 -l32
[0.564s] Invoking command in '/home/nikunj/bwi_ros2_simulation/build/my_virtual_obstacle_layer': CMAKE_PREFIX_PATH=/opt/ros/humble:/home/nikunj/bwi_ros2_simulation/install/bwi_tasks_interface LD_LIBRARY_PATH=/home/nikunj/bwi_ros2_simulation/install/bwi_tasks_interface/lib:${LD_LIBRARY_PATH} PKG_CONFIG_PATH=/home/nikunj/bwi_ros2_simulation/install/bwi_tasks_interface/lib/x86_64-linux-gnu/pkgconfig:/home/nikunj/bwi_ros2_simulation/install/bwi_tasks_interface/lib/pkgconfig PYTHONPATH=/home/nikunj/bwi_ros2_simulation/install/bwi_tasks_interface/local/lib/python3.10/dist-packages:${PYTHONPATH} ROS_PACKAGE_PATH=/home/nikunj/bwi_ros2_simulation/install/bwi_tasks_interface/share /usr/bin/cmake --install /home/nikunj/bwi_ros2_simulation/build/my_virtual_obstacle_layer
[0.598s] -- Install configuration: ""
[0.598s] -- Up-to-date: /home/nikunj/bwi_ros2_simulation/install/my_virtual_obstacle_layer/share/my_virtual_obstacle_layer/virtual_obstacle_plugin.xml
[0.598s] -- Up-to-date: /home/nikunj/bwi_ros2_simulation/install/my_virtual_obstacle_layer/lib/libvirtual_obstacle_layer.so
[0.598s] -- Up-to-date: /home/nikunj/bwi_ros2_simulation/install/my_virtual_obstacle_layer/include/
[0.598s] -- Up-to-date: /home/nikunj/bwi_ros2_simulation/install/my_virtual_obstacle_layer/include//my_virtual_obstacle_layer
[0.598s] -- Up-to-date: /home/nikunj/bwi_ros2_simulation/install/my_virtual_obstacle_layer/include//my_virtual_obstacle_layer/virtual_obstacle_layer.hpp
[0.598s] -- Up-to-date: /home/nikunj/bwi_ros2_simulation/install/my_virtual_obstacle_layer/include//my_virtual_obstacle_layer/working_copy.hpp
[0.599s] -- Up-to-date: /home/nikunj/bwi_ros2_simulation/install/my_virtual_obstacle_layer/share/my_virtual_obstacle_layer/virtual_obstacle_plugin.xml
[0.599s] -- Up-to-date: /home/nikunj/bwi_ros2_simulation/install/my_virtual_obstacle_layer/share/ament_index/resource_index/package_run_dependencies/my_virtual_obstacle_layer
[0.599s] -- Up-to-date: /home/nikunj/bwi_ros2_simulation/install/my_virtual_obstacle_layer/share/ament_index/resource_index/parent_prefix_path/my_virtual_obstacle_layer
[0.599s] -- Up-to-date: /home/nikunj/bwi_ros2_simulation/install/my_virtual_obstacle_layer/share/my_virtual_obstacle_layer/environment/ament_prefix_path.sh
[0.599s] -- Up-to-date: /home/nikunj/bwi_ros2_simulation/install/my_virtual_obstacle_layer/share/my_virtual_obstacle_layer/environment/ament_prefix_path.dsv
[0.599s] -- Up-to-date: /home/nikunj/bwi_ros2_simulation/install/my_virtual_obstacle_layer/share/my_virtual_obstacle_layer/environment/path.sh
[0.599s] -- Up-to-date: /home/nikunj/bwi_ros2_simulation/install/my_virtual_obstacle_layer/share/my_virtual_obstacle_layer/environment/path.dsv
[0.599s] -- Up-to-date: /home/nikunj/bwi_ros2_simulation/install/my_virtual_obstacle_layer/share/my_virtual_obstacle_layer/local_setup.bash
[0.600s] -- Up-to-date: /home/nikunj/bwi_ros2_simulation/install/my_virtual_obstacle_layer/share/my_virtual_obstacle_layer/local_setup.sh
[0.600s] -- Up-to-date: /home/nikunj/bwi_ros2_simulation/install/my_virtual_obstacle_layer/share/my_virtual_obstacle_layer/local_setup.zsh
[0.600s] -- Up-to-date: /home/nikunj/bwi_ros2_simulation/install/my_virtual_obstacle_layer/share/my_virtual_obstacle_layer/local_setup.dsv
[0.600s] -- Installing: /home/nikunj/bwi_ros2_simulation/install/my_virtual_obstacle_layer/share/my_virtual_obstacle_layer/package.dsv
[0.600s] -- Up-to-date: /home/nikunj/bwi_ros2_simulation/install/my_virtual_obstacle_layer/share/ament_index/resource_index/packages/my_virtual_obstacle_layer
[0.600s] -- Up-to-date: /home/nikunj/bwi_ros2_simulation/install/my_virtual_obstacle_layer/share/ament_index/resource_index/nav2_costmap_2d__pluginlib__plugin/my_virtual_obstacle_layer
[0.600s] -- Up-to-date: /home/nikunj/bwi_ros2_simulation/install/my_virtual_obstacle_layer/share/my_virtual_obstacle_layer/cmake/my_virtual_obstacle_layerConfig.cmake
[0.600s] -- Up-to-date: /home/nikunj/bwi_ros2_simulation/install/my_virtual_obstacle_layer/share/my_virtual_obstacle_layer/cmake/my_virtual_obstacle_layerConfig-version.cmake
[0.601s] -- Up-to-date: /home/nikunj/bwi_ros2_simulation/install/my_virtual_obstacle_layer/share/my_virtual_obstacle_layer/package.xml
[0.612s] Invoked command in '/home/nikunj/bwi_ros2_simulation/build/my_virtual_obstacle_layer' returned '0': CMAKE_PREFIX_PATH=/opt/ros/humble:/home/nikunj/bwi_ros2_simulation/install/bwi_tasks_interface LD_LIBRARY_PATH=/home/nikunj/bwi_ros2_simulation/install/bwi_tasks_interface/lib:${LD_LIBRARY_PATH} PKG_CONFIG_PATH=/home/nikunj/bwi_ros2_simulation/install/bwi_tasks_interface/lib/x86_64-linux-gnu/pkgconfig:/home/nikunj/bwi_ros2_simulation/install/bwi_tasks_interface/lib/pkgconfig PYTHONPATH=/home/nikunj/bwi_ros2_simulation/install/bwi_tasks_interface/local/lib/python3.10/dist-packages:${PYTHONPATH} ROS_PACKAGE_PATH=/home/nikunj/bwi_ros2_simulation/install/bwi_tasks_interface/share /usr/bin/cmake --install /home/nikunj/bwi_ros2_simulation/build/my_virtual_obstacle_layer
