[0.509s] Invoking command in '/home/nikunj/bwi_ros2_simulation/build/topic_tools': CMAKE_PREFIX_PATH=/home/nikunj/bwi_ros2_simulation/install/topic_tools_interfaces:/home/nikunj/bwi_ros2_simulation/install/utexas_gdc:/home/nikunj/bwi_ros2_simulation/install/urg_node2:/home/nikunj/bwi_ros2_simulation/install/topic_tools:/home/nikunj/bwi_ros2_simulation/install/segway_rmp_ros2:/home/nikunj/bwi_ros2_simulation/install/segway_msgs:/home/nikunj/bwi_ros2_simulation/install/segway_description:/home/nikunj/bwi_ros2_simulation/install/segbot_description:/home/nikunj/bwi_ros2_simulation/install/pr2_description:/home/nikunj/bwi_ros2_simulation/install/nav2_bringup:/home/nikunj/bwi_ros2_simulation/install/my_virtual_obstacle_layer:/home/nikunj/bwi_ros2_simulation/install/libsegwayrmp:/home/nikunj/bwi_ros2_simulation/install/ivcon:/home/nikunj/bwi_ros2_simulation/install/convex_decomposition:/home/nikunj/bwi_ros2_simulation/install/test_odom:/home/nikunj/bwi_ros2_simulation/install/test_cmaes:/home/nikunj/bwi_ros2_simulation/install/teleop_multi_robot:/home/nikunj/bwi_ros2_simulation/install/scan_filter:/home/nikunj/bwi_ros2_simulation/install/kinect_data_collector:/home/nikunj/bwi_ros2_simulation/install/collision_monitor:/home/nikunj/bwi_ros2_simulation/install/bwi_tools:/home/nikunj/bwi_ros2_simulation/install/bwi_tasks:/home/nikunj/bwi_ros2_simulation/install/bwi_reset:/home/nikunj/bwi_ros2_simulation/install/bwi_perc:/opt/ros/humble:/home/nikunj/bwi_ros2_simulation/install/bwi_tasks_interface:/home/nikunj/bwi_ros2_simulation/install/bwi_perception_interface:/home/nikunj/bwi_ros2_simulation/install/bwi_launch:/home/nikunj/linorobot2_ws/install/sllidar_ros2:/home/nikunj/linorobot2_ws/install/micro_ros_setup:/home/nikunj/linorobot2_ws/install/linorobot2_bringup:/home/nikunj/linorobot2_ws/install/micro_ros_agent:/home/nikunj/linorobot2_ws/install/micro_ros_msgs:/home/nikunj/linorobot2_ws/install/linorobot2_viz:/home/nikunj/linorobot2_ws/install/linorobot2_navigation:/home/nikunj/linorobot2_ws/install/linorobot2_gazebo:/home/nikunj/linorobot2_ws/install/linorobot2_description:/home/nikunj/linorobot2_ws/install/linorobot2_base:/home/nikunj/linorobot2_ws/install/linorobot2 LD_LIBRARY_PATH=/home/nikunj/bwi_ros2_simulation/install/topic_tools_interfaces/lib:/home/nikunj/bwi_ros2_simulation/install/urg_node2/lib:/home/nikunj/bwi_ros2_simulation/install/topic_tools/lib:/home/nikunj/bwi_ros2_simulation/install/segway_rmp_ros2/lib:/home/nikunj/bwi_ros2_simulation/install/segway_msgs/lib:/home/nikunj/bwi_ros2_simulation/install/my_virtual_obstacle_layer/lib:/home/nikunj/bwi_ros2_simulation/install/libsegwayrmp/lib:/home/nikunj/bwi_ros2_simulation/install/bwi_tasks_interface/lib:/home/nikunj/bwi_ros2_simulation/install/bwi_perception_interface/lib:/home/nikunj/linorobot2_ws/install/micro_ros_agent/lib:/home/nikunj/linorobot2_ws/install/micro_ros_msgs/lib:/usr/lib/x86_64-linux-gnu/gazebo-11/plugins:/opt/ros/humble/opt/rviz_ogre_vendor/lib:/opt/ros/humble/lib/x86_64-linux-gnu:/opt/ros/humble/lib /usr/bin/cmake --build /home/nikunj/bwi_ros2_simulation/build/topic_tools -- -j32 -l32
[0.544s] [  5%] Built target gtest_main
[0.545s] [  5%] Built target ament_cmake_python_copy_topic_tools
[0.548s] [  5%] Built target ament_cmake_python_copy_topic_tools_setup
[0.549s] [ 10%] Built target gtest
[0.550s] [ 18%] Built target relay_node
[0.587s] [ 27%] Built target throttle_node
[0.587s] [ 32%] Built target relay
[0.588s] [ 37%] Built target test_relay
[0.593s] [ 43%] Built target test_throttle
[0.593s] [ 51%] Built target drop_node
[0.593s] [ 56%] Built target throttle
[0.600s] [ 62%] Built target test_drop
[0.601s] [ 67%] Built target drop
[0.606s] [ 75%] Built target mux_node
[0.623s] [ 89%] Built target delay_node
[0.623s] [ 89%] Built target mux
[0.625s] [ 94%] Built target test_mux
[0.642s] [100%] Built target delay
[0.805s] running egg_info
[0.806s] writing topic_tools.egg-info/PKG-INFO
[0.806s] writing dependency_links to topic_tools.egg-info/dependency_links.txt
[0.806s] writing entry points to topic_tools.egg-info/entry_points.txt
[0.806s] writing top-level names to topic_tools.egg-info/top_level.txt
[0.808s] reading manifest file 'topic_tools.egg-info/SOURCES.txt'
[0.809s] writing manifest file 'topic_tools.egg-info/SOURCES.txt'
[0.826s] running install_scripts
[0.829s] /usr/lib/python3/dist-packages/setuptools/command/install.py:34: SetuptoolsDeprecationWarning: setup.py install is deprecated. Use build and pip and other standards-based tools.
[0.829s]   warnings.warn(
[0.842s] [100%] Built target ament_cmake_python_build_topic_tools_egg
[0.852s] running egg_info
[0.853s] writing topic_tools.egg-info/PKG-INFO
[0.854s] writing dependency_links to topic_tools.egg-info/dependency_links.txt
[0.854s] writing entry points to topic_tools.egg-info/entry_points.txt
[0.854s] writing top-level names to topic_tools.egg-info/top_level.txt
[0.856s] reading manifest file 'topic_tools.egg-info/SOURCES.txt'
[0.856s] writing manifest file 'topic_tools.egg-info/SOURCES.txt'
[0.858s] Installing relay_field script to scripts
[0.858s] Installing transform script to scripts
[0.897s] [100%] Built target ament_cmake_python_build_topic_tools_scripts
[0.908s] Invoked command in '/home/nikunj/bwi_ros2_simulation/build/topic_tools' returned '0': CMAKE_PREFIX_PATH=/home/nikunj/bwi_ros2_simulation/install/topic_tools_interfaces:/home/nikunj/bwi_ros2_simulation/install/utexas_gdc:/home/nikunj/bwi_ros2_simulation/install/urg_node2:/home/nikunj/bwi_ros2_simulation/install/topic_tools:/home/nikunj/bwi_ros2_simulation/install/segway_rmp_ros2:/home/nikunj/bwi_ros2_simulation/install/segway_msgs:/home/nikunj/bwi_ros2_simulation/install/segway_description:/home/nikunj/bwi_ros2_simulation/install/segbot_description:/home/nikunj/bwi_ros2_simulation/install/pr2_description:/home/nikunj/bwi_ros2_simulation/install/nav2_bringup:/home/nikunj/bwi_ros2_simulation/install/my_virtual_obstacle_layer:/home/nikunj/bwi_ros2_simulation/install/libsegwayrmp:/home/nikunj/bwi_ros2_simulation/install/ivcon:/home/nikunj/bwi_ros2_simulation/install/convex_decomposition:/home/nikunj/bwi_ros2_simulation/install/test_odom:/home/nikunj/bwi_ros2_simulation/install/test_cmaes:/home/nikunj/bwi_ros2_simulation/install/teleop_multi_robot:/home/nikunj/bwi_ros2_simulation/install/scan_filter:/home/nikunj/bwi_ros2_simulation/install/kinect_data_collector:/home/nikunj/bwi_ros2_simulation/install/collision_monitor:/home/nikunj/bwi_ros2_simulation/install/bwi_tools:/home/nikunj/bwi_ros2_simulation/install/bwi_tasks:/home/nikunj/bwi_ros2_simulation/install/bwi_reset:/home/nikunj/bwi_ros2_simulation/install/bwi_perc:/opt/ros/humble:/home/nikunj/bwi_ros2_simulation/install/bwi_tasks_interface:/home/nikunj/bwi_ros2_simulation/install/bwi_perception_interface:/home/nikunj/bwi_ros2_simulation/install/bwi_launch:/home/nikunj/linorobot2_ws/install/sllidar_ros2:/home/nikunj/linorobot2_ws/install/micro_ros_setup:/home/nikunj/linorobot2_ws/install/linorobot2_bringup:/home/nikunj/linorobot2_ws/install/micro_ros_agent:/home/nikunj/linorobot2_ws/install/micro_ros_msgs:/home/nikunj/linorobot2_ws/install/linorobot2_viz:/home/nikunj/linorobot2_ws/install/linorobot2_navigation:/home/nikunj/linorobot2_ws/install/linorobot2_gazebo:/home/nikunj/linorobot2_ws/install/linorobot2_description:/home/nikunj/linorobot2_ws/install/linorobot2_base:/home/nikunj/linorobot2_ws/install/linorobot2 LD_LIBRARY_PATH=/home/nikunj/bwi_ros2_simulation/install/topic_tools_interfaces/lib:/home/nikunj/bwi_ros2_simulation/install/urg_node2/lib:/home/nikunj/bwi_ros2_simulation/install/topic_tools/lib:/home/nikunj/bwi_ros2_simulation/install/segway_rmp_ros2/lib:/home/nikunj/bwi_ros2_simulation/install/segway_msgs/lib:/home/nikunj/bwi_ros2_simulation/install/my_virtual_obstacle_layer/lib:/home/nikunj/bwi_ros2_simulation/install/libsegwayrmp/lib:/home/nikunj/bwi_ros2_simulation/install/bwi_tasks_interface/lib:/home/nikunj/bwi_ros2_simulation/install/bwi_perception_interface/lib:/home/nikunj/linorobot2_ws/install/micro_ros_agent/lib:/home/nikunj/linorobot2_ws/install/micro_ros_msgs/lib:/usr/lib/x86_64-linux-gnu/gazebo-11/plugins:/opt/ros/humble/opt/rviz_ogre_vendor/lib:/opt/ros/humble/lib/x86_64-linux-gnu:/opt/ros/humble/lib /usr/bin/cmake --build /home/nikunj/bwi_ros2_simulation/build/topic_tools -- -j32 -l32
[0.910s] Invoking command in '/home/nikunj/bwi_ros2_simulation/build/topic_tools': CMAKE_PREFIX_PATH=/home/nikunj/bwi_ros2_simulation/install/topic_tools_interfaces:/home/nikunj/bwi_ros2_simulation/install/utexas_gdc:/home/nikunj/bwi_ros2_simulation/install/urg_node2:/home/nikunj/bwi_ros2_simulation/install/topic_tools:/home/nikunj/bwi_ros2_simulation/install/segway_rmp_ros2:/home/nikunj/bwi_ros2_simulation/install/segway_msgs:/home/nikunj/bwi_ros2_simulation/install/segway_description:/home/nikunj/bwi_ros2_simulation/install/segbot_description:/home/nikunj/bwi_ros2_simulation/install/pr2_description:/home/nikunj/bwi_ros2_simulation/install/nav2_bringup:/home/nikunj/bwi_ros2_simulation/install/my_virtual_obstacle_layer:/home/nikunj/bwi_ros2_simulation/install/libsegwayrmp:/home/nikunj/bwi_ros2_simulation/install/ivcon:/home/nikunj/bwi_ros2_simulation/install/convex_decomposition:/home/nikunj/bwi_ros2_simulation/install/test_odom:/home/nikunj/bwi_ros2_simulation/install/test_cmaes:/home/nikunj/bwi_ros2_simulation/install/teleop_multi_robot:/home/nikunj/bwi_ros2_simulation/install/scan_filter:/home/nikunj/bwi_ros2_simulation/install/kinect_data_collector:/home/nikunj/bwi_ros2_simulation/install/collision_monitor:/home/nikunj/bwi_ros2_simulation/install/bwi_tools:/home/nikunj/bwi_ros2_simulation/install/bwi_tasks:/home/nikunj/bwi_ros2_simulation/install/bwi_reset:/home/nikunj/bwi_ros2_simulation/install/bwi_perc:/opt/ros/humble:/home/nikunj/bwi_ros2_simulation/install/bwi_tasks_interface:/home/nikunj/bwi_ros2_simulation/install/bwi_perception_interface:/home/nikunj/bwi_ros2_simulation/install/bwi_launch:/home/nikunj/linorobot2_ws/install/sllidar_ros2:/home/nikunj/linorobot2_ws/install/micro_ros_setup:/home/nikunj/linorobot2_ws/install/linorobot2_bringup:/home/nikunj/linorobot2_ws/install/micro_ros_agent:/home/nikunj/linorobot2_ws/install/micro_ros_msgs:/home/nikunj/linorobot2_ws/install/linorobot2_viz:/home/nikunj/linorobot2_ws/install/linorobot2_navigation:/home/nikunj/linorobot2_ws/install/linorobot2_gazebo:/home/nikunj/linorobot2_ws/install/linorobot2_description:/home/nikunj/linorobot2_ws/install/linorobot2_base:/home/nikunj/linorobot2_ws/install/linorobot2 LD_LIBRARY_PATH=/home/nikunj/bwi_ros2_simulation/install/topic_tools_interfaces/lib:/home/nikunj/bwi_ros2_simulation/install/urg_node2/lib:/home/nikunj/bwi_ros2_simulation/install/topic_tools/lib:/home/nikunj/bwi_ros2_simulation/install/segway_rmp_ros2/lib:/home/nikunj/bwi_ros2_simulation/install/segway_msgs/lib:/home/nikunj/bwi_ros2_simulation/install/my_virtual_obstacle_layer/lib:/home/nikunj/bwi_ros2_simulation/install/libsegwayrmp/lib:/home/nikunj/bwi_ros2_simulation/install/bwi_tasks_interface/lib:/home/nikunj/bwi_ros2_simulation/install/bwi_perception_interface/lib:/home/nikunj/linorobot2_ws/install/micro_ros_agent/lib:/home/nikunj/linorobot2_ws/install/micro_ros_msgs/lib:/usr/lib/x86_64-linux-gnu/gazebo-11/plugins:/opt/ros/humble/opt/rviz_ogre_vendor/lib:/opt/ros/humble/lib/x86_64-linux-gnu:/opt/ros/humble/lib /usr/bin/cmake --install /home/nikunj/bwi_ros2_simulation/build/topic_tools
[0.918s] -- Install configuration: ""
[0.918s] -- Up-to-date: /home/nikunj/bwi_ros2_simulation/install/topic_tools/share/topic_tools/environment/pythonpath.sh
[0.918s] -- Up-to-date: /home/nikunj/bwi_ros2_simulation/install/topic_tools/share/topic_tools/environment/pythonpath.dsv
[0.918s] -- Up-to-date: /home/nikunj/bwi_ros2_simulation/install/topic_tools/local/lib/python3.10/dist-packages/topic_tools-1.1.1-py3.10.egg-info
[0.918s] -- Installing: /home/nikunj/bwi_ros2_simulation/install/topic_tools/local/lib/python3.10/dist-packages/topic_tools-1.1.1-py3.10.egg-info/dependency_links.txt
[0.918s] -- Installing: /home/nikunj/bwi_ros2_simulation/install/topic_tools/local/lib/python3.10/dist-packages/topic_tools-1.1.1-py3.10.egg-info/entry_points.txt
[0.918s] -- Installing: /home/nikunj/bwi_ros2_simulation/install/topic_tools/local/lib/python3.10/dist-packages/topic_tools-1.1.1-py3.10.egg-info/top_level.txt
[0.918s] -- Installing: /home/nikunj/bwi_ros2_simulation/install/topic_tools/local/lib/python3.10/dist-packages/topic_tools-1.1.1-py3.10.egg-info/PKG-INFO
[0.918s] -- Installing: /home/nikunj/bwi_ros2_simulation/install/topic_tools/local/lib/python3.10/dist-packages/topic_tools-1.1.1-py3.10.egg-info/SOURCES.txt
[0.918s] -- Up-to-date: /home/nikunj/bwi_ros2_simulation/install/topic_tools/lib/topic_tools/
[0.918s] -- Installing: /home/nikunj/bwi_ros2_simulation/install/topic_tools/lib/topic_tools//relay_field
[0.919s] -- Installing: /home/nikunj/bwi_ros2_simulation/install/topic_tools/lib/topic_tools//transform
[0.919s] -- Up-to-date: /home/nikunj/bwi_ros2_simulation/install/topic_tools/local/lib/python3.10/dist-packages/topic_tools
[0.919s] -- Up-to-date: /home/nikunj/bwi_ros2_simulation/install/topic_tools/local/lib/python3.10/dist-packages/topic_tools/transform.py
[0.919s] -- Up-to-date: /home/nikunj/bwi_ros2_simulation/install/topic_tools/local/lib/python3.10/dist-packages/topic_tools/relay_field.py
[0.919s] -- Up-to-date: /home/nikunj/bwi_ros2_simulation/install/topic_tools/local/lib/python3.10/dist-packages/topic_tools/setup.cfg
[0.919s] -- Up-to-date: /home/nikunj/bwi_ros2_simulation/install/topic_tools/local/lib/python3.10/dist-packages/topic_tools/__init__.py
[0.951s] Listing '/home/nikunj/bwi_ros2_simulation/install/topic_tools/local/lib/python3.10/dist-packages/topic_tools'...
[0.953s] -- Up-to-date: /home/nikunj/bwi_ros2_simulation/install/topic_tools/include
[0.953s] -- Up-to-date: /home/nikunj/bwi_ros2_simulation/install/topic_tools/include/topic_tools
[0.953s] -- Up-to-date: /home/nikunj/bwi_ros2_simulation/install/topic_tools/include/topic_tools/drop_node.hpp
[0.954s] -- Up-to-date: /home/nikunj/bwi_ros2_simulation/install/topic_tools/include/topic_tools/mux_node.hpp
[0.954s] -- Up-to-date: /home/nikunj/bwi_ros2_simulation/install/topic_tools/include/topic_tools/tool_base_node.hpp
[0.954s] -- Up-to-date: /home/nikunj/bwi_ros2_simulation/install/topic_tools/include/topic_tools/delay_node.hpp
[0.954s] -- Up-to-date: /home/nikunj/bwi_ros2_simulation/install/topic_tools/include/topic_tools/visibility_control.h
[0.954s] -- Up-to-date: /home/nikunj/bwi_ros2_simulation/install/topic_tools/include/topic_tools/relay_node.hpp
[0.954s] -- Up-to-date: /home/nikunj/bwi_ros2_simulation/install/topic_tools/include/topic_tools/throttle_node.hpp
[0.954s] -- Up-to-date: /home/nikunj/bwi_ros2_simulation/install/topic_tools/share/topic_tools/environment/library_path.sh
[0.954s] -- Up-to-date: /home/nikunj/bwi_ros2_simulation/install/topic_tools/share/topic_tools/environment/library_path.dsv
[0.954s] -- Up-to-date: /home/nikunj/bwi_ros2_simulation/install/topic_tools/lib/librelay_node.so
[0.954s] -- Up-to-date: /home/nikunj/bwi_ros2_simulation/install/topic_tools/lib/libthrottle_node.so
[0.954s] -- Up-to-date: /home/nikunj/bwi_ros2_simulation/install/topic_tools/lib/libdrop_node.so
[0.954s] -- Up-to-date: /home/nikunj/bwi_ros2_simulation/install/topic_tools/lib/libmux_node.so
[0.954s] -- Up-to-date: /home/nikunj/bwi_ros2_simulation/install/topic_tools/lib/libdelay_node.so
[0.954s] -- Up-to-date: /home/nikunj/bwi_ros2_simulation/install/topic_tools/lib/topic_tools/relay
[0.954s] -- Up-to-date: /home/nikunj/bwi_ros2_simulation/install/topic_tools/lib/topic_tools/throttle
[0.954s] -- Up-to-date: /home/nikunj/bwi_ros2_simulation/install/topic_tools/lib/topic_tools/drop
[0.955s] -- Up-to-date: /home/nikunj/bwi_ros2_simulation/install/topic_tools/lib/topic_tools/mux
[0.955s] -- Up-to-date: /home/nikunj/bwi_ros2_simulation/install/topic_tools/lib/topic_tools/delay
[0.955s] -- Up-to-date: /home/nikunj/bwi_ros2_simulation/install/topic_tools/share/topic_tools/launch
[0.955s] -- Up-to-date: /home/nikunj/bwi_ros2_simulation/install/topic_tools/share/topic_tools/launch/relay.launch
[0.955s] -- Up-to-date: /home/nikunj/bwi_ros2_simulation/install/topic_tools/share/ament_index/resource_index/package_run_dependencies/topic_tools
[0.955s] -- Up-to-date: /home/nikunj/bwi_ros2_simulation/install/topic_tools/share/ament_index/resource_index/parent_prefix_path/topic_tools
[0.955s] -- Up-to-date: /home/nikunj/bwi_ros2_simulation/install/topic_tools/share/topic_tools/environment/ament_prefix_path.sh
[0.955s] -- Up-to-date: /home/nikunj/bwi_ros2_simulation/install/topic_tools/share/topic_tools/environment/ament_prefix_path.dsv
[0.955s] -- Up-to-date: /home/nikunj/bwi_ros2_simulation/install/topic_tools/share/topic_tools/environment/path.sh
[0.955s] -- Up-to-date: /home/nikunj/bwi_ros2_simulation/install/topic_tools/share/topic_tools/environment/path.dsv
[0.955s] -- Up-to-date: /home/nikunj/bwi_ros2_simulation/install/topic_tools/share/topic_tools/local_setup.bash
[0.955s] -- Up-to-date: /home/nikunj/bwi_ros2_simulation/install/topic_tools/share/topic_tools/local_setup.sh
[0.955s] -- Up-to-date: /home/nikunj/bwi_ros2_simulation/install/topic_tools/share/topic_tools/local_setup.zsh
[0.955s] -- Up-to-date: /home/nikunj/bwi_ros2_simulation/install/topic_tools/share/topic_tools/local_setup.dsv
[0.955s] -- Installing: /home/nikunj/bwi_ros2_simulation/install/topic_tools/share/topic_tools/package.dsv
[0.956s] -- Up-to-date: /home/nikunj/bwi_ros2_simulation/install/topic_tools/share/ament_index/resource_index/packages/topic_tools
[0.956s] -- Up-to-date: /home/nikunj/bwi_ros2_simulation/install/topic_tools/share/ament_index/resource_index/rclcpp_components/topic_tools
[0.956s] -- Up-to-date: /home/nikunj/bwi_ros2_simulation/install/topic_tools/share/topic_tools/cmake/ament_cmake_export_dependencies-extras.cmake
[0.956s] -- Up-to-date: /home/nikunj/bwi_ros2_simulation/install/topic_tools/share/topic_tools/cmake/ament_cmake_export_include_directories-extras.cmake
[0.956s] -- Up-to-date: /home/nikunj/bwi_ros2_simulation/install/topic_tools/share/topic_tools/cmake/ament_cmake_export_libraries-extras.cmake
[0.956s] -- Up-to-date: /home/nikunj/bwi_ros2_simulation/install/topic_tools/share/topic_tools/cmake/topic_toolsConfig.cmake
[0.956s] -- Up-to-date: /home/nikunj/bwi_ros2_simulation/install/topic_tools/share/topic_tools/cmake/topic_toolsConfig-version.cmake
[0.956s] -- Up-to-date: /home/nikunj/bwi_ros2_simulation/install/topic_tools/share/topic_tools/package.xml
[0.957s] Invoked command in '/home/nikunj/bwi_ros2_simulation/build/topic_tools' returned '0': CMAKE_PREFIX_PATH=/home/nikunj/bwi_ros2_simulation/install/topic_tools_interfaces:/home/nikunj/bwi_ros2_simulation/install/utexas_gdc:/home/nikunj/bwi_ros2_simulation/install/urg_node2:/home/nikunj/bwi_ros2_simulation/install/topic_tools:/home/nikunj/bwi_ros2_simulation/install/segway_rmp_ros2:/home/nikunj/bwi_ros2_simulation/install/segway_msgs:/home/nikunj/bwi_ros2_simulation/install/segway_description:/home/nikunj/bwi_ros2_simulation/install/segbot_description:/home/nikunj/bwi_ros2_simulation/install/pr2_description:/home/nikunj/bwi_ros2_simulation/install/nav2_bringup:/home/nikunj/bwi_ros2_simulation/install/my_virtual_obstacle_layer:/home/nikunj/bwi_ros2_simulation/install/libsegwayrmp:/home/nikunj/bwi_ros2_simulation/install/ivcon:/home/nikunj/bwi_ros2_simulation/install/convex_decomposition:/home/nikunj/bwi_ros2_simulation/install/test_odom:/home/nikunj/bwi_ros2_simulation/install/test_cmaes:/home/nikunj/bwi_ros2_simulation/install/teleop_multi_robot:/home/nikunj/bwi_ros2_simulation/install/scan_filter:/home/nikunj/bwi_ros2_simulation/install/kinect_data_collector:/home/nikunj/bwi_ros2_simulation/install/collision_monitor:/home/nikunj/bwi_ros2_simulation/install/bwi_tools:/home/nikunj/bwi_ros2_simulation/install/bwi_tasks:/home/nikunj/bwi_ros2_simulation/install/bwi_reset:/home/nikunj/bwi_ros2_simulation/install/bwi_perc:/opt/ros/humble:/home/nikunj/bwi_ros2_simulation/install/bwi_tasks_interface:/home/nikunj/bwi_ros2_simulation/install/bwi_perception_interface:/home/nikunj/bwi_ros2_simulation/install/bwi_launch:/home/nikunj/linorobot2_ws/install/sllidar_ros2:/home/nikunj/linorobot2_ws/install/micro_ros_setup:/home/nikunj/linorobot2_ws/install/linorobot2_bringup:/home/nikunj/linorobot2_ws/install/micro_ros_agent:/home/nikunj/linorobot2_ws/install/micro_ros_msgs:/home/nikunj/linorobot2_ws/install/linorobot2_viz:/home/nikunj/linorobot2_ws/install/linorobot2_navigation:/home/nikunj/linorobot2_ws/install/linorobot2_gazebo:/home/nikunj/linorobot2_ws/install/linorobot2_description:/home/nikunj/linorobot2_ws/install/linorobot2_base:/home/nikunj/linorobot2_ws/install/linorobot2 LD_LIBRARY_PATH=/home/nikunj/bwi_ros2_simulation/install/topic_tools_interfaces/lib:/home/nikunj/bwi_ros2_simulation/install/urg_node2/lib:/home/nikunj/bwi_ros2_simulation/install/topic_tools/lib:/home/nikunj/bwi_ros2_simulation/install/segway_rmp_ros2/lib:/home/nikunj/bwi_ros2_simulation/install/segway_msgs/lib:/home/nikunj/bwi_ros2_simulation/install/my_virtual_obstacle_layer/lib:/home/nikunj/bwi_ros2_simulation/install/libsegwayrmp/lib:/home/nikunj/bwi_ros2_simulation/install/bwi_tasks_interface/lib:/home/nikunj/bwi_ros2_simulation/install/bwi_perception_interface/lib:/home/nikunj/linorobot2_ws/install/micro_ros_agent/lib:/home/nikunj/linorobot2_ws/install/micro_ros_msgs/lib:/usr/lib/x86_64-linux-gnu/gazebo-11/plugins:/opt/ros/humble/opt/rviz_ogre_vendor/lib:/opt/ros/humble/lib/x86_64-linux-gnu:/opt/ros/humble/lib /usr/bin/cmake --install /home/nikunj/bwi_ros2_simulation/build/topic_tools
