[0.606s] Invoking command in '/home/nikunj/bwi_ros2_simulation/build/segway_msgs': CMAKE_PREFIX_PATH=${CMAKE_PREFIX_PATH}:/home/nikunj/bwi_ros2_simulation/install/test_odom:/home/nikunj/bwi_ros2_simulation/install/test_cmaes:/home/nikunj/bwi_ros2_simulation/install/teleop_multi_robot:/home/nikunj/bwi_ros2_simulation/install/scan_filter:/home/nikunj/bwi_ros2_simulation/install/odom_tf_publisher:/home/nikunj/bwi_ros2_simulation/install/lwr_comms_client:/home/nikunj/bwi_ros2_simulation/install/kinect_data_collector:/home/nikunj/bwi_ros2_simulation/install/keep_alive_pkg:/home/nikunj/bwi_ros2_simulation/install/collision_monitor:/home/nikunj/bwi_ros2_simulation/install/bwi_tools:/home/nikunj/bwi_ros2_simulation/install/bwi_tasks:/home/nikunj/bwi_ros2_simulation/install/bwi_reset:/home/nikunj/bwi_ros2_simulation/install/bwi_perc:/home/nikunj/bwi_ros2_simulation/install/bwi_hallucination:/opt/ros/humble /usr/bin/cmake /home/nikunj/bwi_ros2_simulation/src/segway_msgs -DCMAKE_INSTALL_PREFIX=/home/nikunj/bwi_ros2_simulation/install/segway_msgs
[1.076s] -- The C compiler identification is GNU 11.4.0
[1.076s] -- The CXX compiler identification is GNU 11.4.0
[1.076s] -- Detecting C compiler ABI info
[1.076s] -- Detecting C compiler ABI info - done
[1.076s] -- Check for working C compiler: /usr/bin/cc - skipped
[1.076s] -- Detecting C compile features
[1.076s] -- Detecting C compile features - done
[1.076s] -- Detecting CXX compiler ABI info
[1.077s] -- Detecting CXX compiler ABI info - done
[1.077s] -- Check for working CXX compiler: /usr/bin/c++ - skipped
[1.077s] -- Detecting CXX compile features
[1.077s] -- Detecting CXX compile features - done
[1.077s] -- Found ament_cmake: 1.3.12 (/opt/ros/humble/share/ament_cmake/cmake)
[1.077s] -- Found Python3: /usr/bin/python3 (found version "3.10.12") found components: Interpreter 
[1.077s] -- Found rosidl_default_generators: 1.2.0 (/opt/ros/humble/share/rosidl_default_generators/cmake)
[1.077s] -- Using all available rosidl_typesupport_c: rosidl_typesupport_fastrtps_c;rosidl_typesupport_introspection_c
[1.077s] -- Found rosidl_adapter: 3.1.7 (/opt/ros/humble/share/rosidl_adapter/cmake)
[1.077s] -- Using all available rosidl_typesupport_cpp: rosidl_typesupport_fastrtps_cpp;rosidl_typesupport_introspection_cpp
[1.077s] -- Found std_msgs: 4.9.0 (/opt/ros/humble/share/std_msgs/cmake)
[1.383s] -- Found ament_cmake_ros: 0.10.0 (/opt/ros/humble/share/ament_cmake_ros/cmake)
[1.643s] -- Using all available rosidl_typesupport_c: rosidl_typesupport_fastrtps_c;rosidl_typesupport_introspection_c
[1.982s] -- Using all available rosidl_typesupport_cpp: rosidl_typesupport_fastrtps_cpp;rosidl_typesupport_introspection_cpp
[2.010s] -- Found PythonInterp: /usr/bin/python3 (found suitable version "3.10.12", minimum required is "3.6") 
[2.010s] -- Found python_cmake_module: 0.10.0 (/opt/ros/humble/share/python_cmake_module/cmake)
[2.038s] -- Found PythonLibs: /usr/lib/x86_64-linux-gnu/libpython3.10.so (found suitable version "3.10.12", minimum required is "3.5") 
[2.038s] -- Using PYTHON_EXECUTABLE: /usr/bin/python3
[2.038s] -- Using PYTHON_INCLUDE_DIRS: /usr/include/python3.10
[2.038s] -- Using PYTHON_LIBRARIES: /usr/lib/x86_64-linux-gnu/libpython3.10.so
[2.059s] -- Found PythonExtra: .so  
[2.135s] -- Found ament_lint_auto: 0.12.14 (/opt/ros/humble/share/ament_lint_auto/cmake)
[2.157s] -- Added test 'lint_cmake' to check CMake code style
[2.158s] -- Added test 'xmllint' to check XML markup files
[2.162s] -- Configuring done
[2.203s] -- Generating done
[2.216s] -- Build files have been written to: /home/nikunj/bwi_ros2_simulation/build/segway_msgs
[2.225s] Invoked command in '/home/nikunj/bwi_ros2_simulation/build/segway_msgs' returned '0': CMAKE_PREFIX_PATH=${CMAKE_PREFIX_PATH}:/home/nikunj/bwi_ros2_simulation/install/test_odom:/home/nikunj/bwi_ros2_simulation/install/test_cmaes:/home/nikunj/bwi_ros2_simulation/install/teleop_multi_robot:/home/nikunj/bwi_ros2_simulation/install/scan_filter:/home/nikunj/bwi_ros2_simulation/install/odom_tf_publisher:/home/nikunj/bwi_ros2_simulation/install/lwr_comms_client:/home/nikunj/bwi_ros2_simulation/install/kinect_data_collector:/home/nikunj/bwi_ros2_simulation/install/keep_alive_pkg:/home/nikunj/bwi_ros2_simulation/install/collision_monitor:/home/nikunj/bwi_ros2_simulation/install/bwi_tools:/home/nikunj/bwi_ros2_simulation/install/bwi_tasks:/home/nikunj/bwi_ros2_simulation/install/bwi_reset:/home/nikunj/bwi_ros2_simulation/install/bwi_perc:/home/nikunj/bwi_ros2_simulation/install/bwi_hallucination:/opt/ros/humble /usr/bin/cmake /home/nikunj/bwi_ros2_simulation/src/segway_msgs -DCMAKE_INSTALL_PREFIX=/home/nikunj/bwi_ros2_simulation/install/segway_msgs
[2.226s] Invoking command in '/home/nikunj/bwi_ros2_simulation/build/segway_msgs': CMAKE_PREFIX_PATH=${CMAKE_PREFIX_PATH}:/home/nikunj/bwi_ros2_simulation/install/test_odom:/home/nikunj/bwi_ros2_simulation/install/test_cmaes:/home/nikunj/bwi_ros2_simulation/install/teleop_multi_robot:/home/nikunj/bwi_ros2_simulation/install/scan_filter:/home/nikunj/bwi_ros2_simulation/install/odom_tf_publisher:/home/nikunj/bwi_ros2_simulation/install/lwr_comms_client:/home/nikunj/bwi_ros2_simulation/install/kinect_data_collector:/home/nikunj/bwi_ros2_simulation/install/keep_alive_pkg:/home/nikunj/bwi_ros2_simulation/install/collision_monitor:/home/nikunj/bwi_ros2_simulation/install/bwi_tools:/home/nikunj/bwi_ros2_simulation/install/bwi_tasks:/home/nikunj/bwi_ros2_simulation/install/bwi_reset:/home/nikunj/bwi_ros2_simulation/install/bwi_perc:/home/nikunj/bwi_ros2_simulation/install/bwi_hallucination:/opt/ros/humble /usr/bin/cmake --build /home/nikunj/bwi_ros2_simulation/build/segway_msgs -- -j32 -l32
[2.280s] [  1%] [34m[1mGenerating C code for ROS interfaces[0m
[2.285s] [  2%] [34m[1mGenerating C++ code for ROS interfaces[0m
[2.290s] [  2%] Built target ament_cmake_python_copy_segway_msgs
[2.603s] running egg_info
[2.603s] creating segway_msgs.egg-info
[2.604s] writing segway_msgs.egg-info/PKG-INFO
[2.604s] writing dependency_links to segway_msgs.egg-info/dependency_links.txt
[2.604s] writing top-level names to segway_msgs.egg-info/top_level.txt
[2.604s] writing manifest file 'segway_msgs.egg-info/SOURCES.txt'
[2.607s] reading manifest file 'segway_msgs.egg-info/SOURCES.txt'
[2.607s] writing manifest file 'segway_msgs.egg-info/SOURCES.txt'
[2.635s] [  2%] Built target ament_cmake_python_build_segway_msgs_egg
[2.766s] [  2%] Built target segway_msgs__cpp
[2.776s] [  3%] [34m[1mGenerating C++ type support dispatch for ROS interfaces[0m
[2.776s] [  5%] [34m[1mGenerating C++ type support for eProsima Fast-RTPS[0m
[2.777s] [  6%] [34m[1mGenerating C++ introspection for ROS interfaces[0m
[2.798s] [  7%] [32mBuilding C object CMakeFiles/segway_msgs__rosidl_generator_c.dir/rosidl_generator_c/segway_msgs/msg/detail/config_cmd__functions.c.o[0m
[2.799s] [  8%] [32mBuilding C object CMakeFiles/segway_msgs__rosidl_generator_c.dir/rosidl_generator_c/segway_msgs/msg/detail/status__functions.c.o[0m
[2.799s] [ 10%] [32mBuilding C object CMakeFiles/segway_msgs__rosidl_generator_c.dir/rosidl_generator_c/segway_msgs/msg/detail/configuration__functions.c.o[0m
[2.800s] [ 11%] [32mBuilding C object CMakeFiles/segway_msgs__rosidl_generator_c.dir/rosidl_generator_c/segway_msgs/msg/detail/aux_power__functions.c.o[0m
[2.801s] [ 13%] [32mBuilding C object CMakeFiles/segway_msgs__rosidl_generator_c.dir/rosidl_generator_c/segway_msgs/msg/detail/propulsion__functions.c.o[0m
[2.801s] [ 15%] [32mBuilding C object CMakeFiles/segway_msgs__rosidl_generator_c.dir/rosidl_generator_c/segway_msgs/msg/detail/faultlog__functions.c.o[0m
[2.801s] [ 15%] [32mBuilding C object CMakeFiles/segway_msgs__rosidl_generator_c.dir/rosidl_generator_c/segway_msgs/msg/detail/dynamics__functions.c.o[0m
[2.848s] [ 16%] [32m[1mLinking C shared library libsegway_msgs__rosidl_generator_c.so[0m
[2.873s] [ 16%] Built target segway_msgs__rosidl_generator_c
[2.884s] [ 20%] [34m[1mGenerating C type support for eProsima Fast-RTPS[0m
[2.884s] [ 20%] [34m[1mGenerating C introspection for ROS interfaces[0m
[2.884s] [ 20%] [34m[1mGenerating C type support dispatch for ROS interfaces[0m
[3.084s] [ 22%] [32mBuilding CXX object CMakeFiles/segway_msgs__rosidl_typesupport_introspection_cpp.dir/rosidl_typesupport_introspection_cpp/segway_msgs/msg/detail/faultlog__type_support.cpp.o[0m
[3.084s] [ 22%] [32mBuilding CXX object CMakeFiles/segway_msgs__rosidl_typesupport_introspection_cpp.dir/rosidl_typesupport_introspection_cpp/segway_msgs/msg/detail/dynamics__type_support.cpp.o[0m
[3.085s] [ 24%] [32mBuilding CXX object CMakeFiles/segway_msgs__rosidl_typesupport_introspection_cpp.dir/rosidl_typesupport_introspection_cpp/segway_msgs/msg/detail/aux_power__type_support.cpp.o[0m
[3.086s] [ 26%] [32mBuilding CXX object CMakeFiles/segway_msgs__rosidl_typesupport_introspection_cpp.dir/rosidl_typesupport_introspection_cpp/segway_msgs/msg/detail/configuration__type_support.cpp.o[0m
[3.086s] [ 26%] [32mBuilding CXX object CMakeFiles/segway_msgs__rosidl_typesupport_introspection_cpp.dir/rosidl_typesupport_introspection_cpp/segway_msgs/msg/detail/config_cmd__type_support.cpp.o[0m
[3.086s] [ 27%] [32mBuilding CXX object CMakeFiles/segway_msgs__rosidl_typesupport_introspection_cpp.dir/rosidl_typesupport_introspection_cpp/segway_msgs/msg/detail/propulsion__type_support.cpp.o[0m
[3.087s] [ 29%] [32mBuilding CXX object CMakeFiles/segway_msgs__rosidl_typesupport_introspection_cpp.dir/rosidl_typesupport_introspection_cpp/segway_msgs/msg/detail/status__type_support.cpp.o[0m
[3.122s] [ 35%] [32mBuilding CXX object CMakeFiles/segway_msgs__rosidl_typesupport_cpp.dir/rosidl_typesupport_cpp/segway_msgs/msg/aux_power__type_support.cpp.o[0m
[3.122s] [ 35%] [32mBuilding CXX object CMakeFiles/segway_msgs__rosidl_typesupport_cpp.dir/rosidl_typesupport_cpp/segway_msgs/msg/faultlog__type_support.cpp.o[0m
[3.122s] [ 35%] [32mBuilding CXX object CMakeFiles/segway_msgs__rosidl_typesupport_cpp.dir/rosidl_typesupport_cpp/segway_msgs/msg/propulsion__type_support.cpp.o[0m
[3.122s] [ 35%] [32mBuilding CXX object CMakeFiles/segway_msgs__rosidl_typesupport_cpp.dir/rosidl_typesupport_cpp/segway_msgs/msg/dynamics__type_support.cpp.o[0m
[3.123s] [ 35%] [32mBuilding CXX object CMakeFiles/segway_msgs__rosidl_typesupport_cpp.dir/rosidl_typesupport_cpp/segway_msgs/msg/status__type_support.cpp.o[0m
[3.123s] [ 36%] [32mBuilding CXX object CMakeFiles/segway_msgs__rosidl_typesupport_cpp.dir/rosidl_typesupport_cpp/segway_msgs/msg/config_cmd__type_support.cpp.o[0m
[3.123s] [ 37%] [32mBuilding CXX object CMakeFiles/segway_msgs__rosidl_typesupport_cpp.dir/rosidl_typesupport_cpp/segway_msgs/msg/configuration__type_support.cpp.o[0m
[3.263s] [ 39%] [32mBuilding CXX object CMakeFiles/segway_msgs__rosidl_typesupport_c.dir/rosidl_typesupport_c/segway_msgs/msg/aux_power__type_support.cpp.o[0m
[3.272s] [ 40%] [32mBuilding CXX object CMakeFiles/segway_msgs__rosidl_typesupport_c.dir/rosidl_typesupport_c/segway_msgs/msg/faultlog__type_support.cpp.o[0m
[3.277s] [ 41%] [32mBuilding CXX object CMakeFiles/segway_msgs__rosidl_typesupport_c.dir/rosidl_typesupport_c/segway_msgs/msg/config_cmd__type_support.cpp.o[0m
[3.277s] [ 43%] [32mBuilding CXX object CMakeFiles/segway_msgs__rosidl_typesupport_c.dir/rosidl_typesupport_c/segway_msgs/msg/dynamics__type_support.cpp.o[0m
[3.278s] [ 45%] [32mBuilding CXX object CMakeFiles/segway_msgs__rosidl_typesupport_c.dir/rosidl_typesupport_c/segway_msgs/msg/propulsion__type_support.cpp.o[0m
[3.279s] [ 44%] [32mBuilding CXX object CMakeFiles/segway_msgs__rosidl_typesupport_c.dir/rosidl_typesupport_c/segway_msgs/msg/configuration__type_support.cpp.o[0m
[3.289s] [ 46%] [32mBuilding CXX object CMakeFiles/segway_msgs__rosidl_typesupport_c.dir/rosidl_typesupport_c/segway_msgs/msg/status__type_support.cpp.o[0m
[3.310s] [ 48%] [32mBuilding C object CMakeFiles/segway_msgs__rosidl_typesupport_introspection_c.dir/rosidl_typesupport_introspection_c/segway_msgs/msg/detail/dynamics__type_support.c.o[0m
[3.310s] [ 49%] [32mBuilding C object CMakeFiles/segway_msgs__rosidl_typesupport_introspection_c.dir/rosidl_typesupport_introspection_c/segway_msgs/msg/detail/aux_power__type_support.c.o[0m
[3.312s] [ 50%] [32mBuilding C object CMakeFiles/segway_msgs__rosidl_typesupport_introspection_c.dir/rosidl_typesupport_introspection_c/segway_msgs/msg/detail/configuration__type_support.c.o[0m
[3.325s] [ 51%] [32mBuilding C object CMakeFiles/segway_msgs__rosidl_typesupport_introspection_c.dir/rosidl_typesupport_introspection_c/segway_msgs/msg/detail/status__type_support.c.o[0m
[3.326s] [ 53%] [32mBuilding C object CMakeFiles/segway_msgs__rosidl_typesupport_introspection_c.dir/rosidl_typesupport_introspection_c/segway_msgs/msg/detail/faultlog__type_support.c.o[0m
[3.328s] [ 54%] [32mBuilding C object CMakeFiles/segway_msgs__rosidl_typesupport_introspection_c.dir/rosidl_typesupport_introspection_c/segway_msgs/msg/detail/propulsion__type_support.c.o[0m
[3.330s] [ 55%] [32mBuilding C object CMakeFiles/segway_msgs__rosidl_typesupport_introspection_c.dir/rosidl_typesupport_introspection_c/segway_msgs/msg/detail/config_cmd__type_support.c.o[0m
[3.363s] [ 56%] [32m[1mLinking CXX shared library libsegway_msgs__rosidl_typesupport_c.so[0m
[3.386s] [ 58%] [32mBuilding CXX object CMakeFiles/segway_msgs__rosidl_typesupport_fastrtps_c.dir/rosidl_typesupport_fastrtps_c/segway_msgs/msg/detail/config_cmd__type_support_c.cpp.o[0m
[3.389s] [ 59%] [32mBuilding CXX object CMakeFiles/segway_msgs__rosidl_typesupport_fastrtps_c.dir/rosidl_typesupport_fastrtps_c/segway_msgs/msg/detail/configuration__type_support_c.cpp.o[0m
[3.391s] [ 60%] [32mBuilding CXX object CMakeFiles/segway_msgs__rosidl_typesupport_fastrtps_c.dir/rosidl_typesupport_fastrtps_c/segway_msgs/msg/detail/aux_power__type_support_c.cpp.o[0m
[3.391s] [ 62%] [32mBuilding CXX object CMakeFiles/segway_msgs__rosidl_typesupport_fastrtps_c.dir/rosidl_typesupport_fastrtps_c/segway_msgs/msg/detail/faultlog__type_support_c.cpp.o[0m
[3.392s] [ 63%] [32mBuilding CXX object CMakeFiles/segway_msgs__rosidl_typesupport_fastrtps_c.dir/rosidl_typesupport_fastrtps_c/segway_msgs/msg/detail/status__type_support_c.cpp.o[0m
[3.395s] [ 64%] [32mBuilding CXX object CMakeFiles/segway_msgs__rosidl_typesupport_fastrtps_c.dir/rosidl_typesupport_fastrtps_c/segway_msgs/msg/detail/propulsion__type_support_c.cpp.o[0m
[3.395s] [ 65%] [32mBuilding CXX object CMakeFiles/segway_msgs__rosidl_typesupport_fastrtps_c.dir/rosidl_typesupport_fastrtps_c/segway_msgs/msg/detail/dynamics__type_support_c.cpp.o[0m
[3.405s] [ 67%] [32m[1mLinking C shared library libsegway_msgs__rosidl_typesupport_introspection_c.so[0m
[3.416s] [ 67%] Built target segway_msgs__rosidl_typesupport_c
[3.416s] [ 68%] [32m[1mLinking CXX shared library libsegway_msgs__rosidl_typesupport_cpp.so[0m
[3.434s] [ 69%] [32mBuilding CXX object CMakeFiles/segway_msgs__rosidl_typesupport_fastrtps_cpp.dir/rosidl_typesupport_fastrtps_cpp/segway_msgs/msg/detail/dds_fastrtps/config_cmd__type_support.cpp.o[0m
[3.434s] [ 70%] [32mBuilding CXX object CMakeFiles/segway_msgs__rosidl_typesupport_fastrtps_cpp.dir/rosidl_typesupport_fastrtps_cpp/segway_msgs/msg/detail/dds_fastrtps/configuration__type_support.cpp.o[0m
[3.437s] [ 72%] [32mBuilding CXX object CMakeFiles/segway_msgs__rosidl_typesupport_fastrtps_cpp.dir/rosidl_typesupport_fastrtps_cpp/segway_msgs/msg/detail/dds_fastrtps/aux_power__type_support.cpp.o[0m
[3.437s] [ 75%] [32mBuilding CXX object CMakeFiles/segway_msgs__rosidl_typesupport_fastrtps_cpp.dir/rosidl_typesupport_fastrtps_cpp/segway_msgs/msg/detail/dds_fastrtps/status__type_support.cpp.o[0m
[3.439s] [ 73%] [32mBuilding CXX object CMakeFiles/segway_msgs__rosidl_typesupport_fastrtps_cpp.dir/rosidl_typesupport_fastrtps_cpp/segway_msgs/msg/detail/dds_fastrtps/faultlog__type_support.cpp.o[0m
[3.439s] [ 74%] [32mBuilding CXX object CMakeFiles/segway_msgs__rosidl_typesupport_fastrtps_cpp.dir/rosidl_typesupport_fastrtps_cpp/segway_msgs/msg/detail/dds_fastrtps/propulsion__type_support.cpp.o[0m
[3.439s] [ 77%] [32mBuilding CXX object CMakeFiles/segway_msgs__rosidl_typesupport_fastrtps_cpp.dir/rosidl_typesupport_fastrtps_cpp/segway_msgs/msg/detail/dds_fastrtps/dynamics__type_support.cpp.o[0m
[3.441s] [ 77%] Built target segway_msgs__rosidl_typesupport_introspection_c
[3.469s] [ 77%] Built target segway_msgs__rosidl_typesupport_cpp
[3.593s] [ 78%] [32m[1mLinking CXX shared library libsegway_msgs__rosidl_typesupport_introspection_cpp.so[0m
[3.685s] [ 78%] Built target segway_msgs__rosidl_typesupport_introspection_cpp
[3.763s] [ 79%] [32m[1mLinking CXX shared library libsegway_msgs__rosidl_typesupport_fastrtps_c.so[0m
[3.817s] [ 79%] Built target segway_msgs__rosidl_typesupport_fastrtps_c
[3.873s] [ 81%] [32m[1mLinking CXX shared library libsegway_msgs__rosidl_typesupport_fastrtps_cpp.so[0m
[3.924s] [ 81%] Built target segway_msgs__rosidl_typesupport_fastrtps_cpp
[3.945s] [ 81%] Built target segway_msgs
[3.963s] [ 82%] [34m[1mGenerating Python code for ROS interfaces[0m
[4.533s] [ 82%] Built target segway_msgs__py
[4.573s] [ 83%] [32mBuilding C object CMakeFiles/segway_msgs__rosidl_generator_py.dir/rosidl_generator_py/segway_msgs/msg/_dynamics_s.c.o[0m
[4.573s] [ 84%] [32mBuilding C object CMakeFiles/segway_msgs__rosidl_generator_py.dir/rosidl_generator_py/segway_msgs/msg/_config_cmd_s.c.o[0m
[4.573s] [ 87%] [32mBuilding C object CMakeFiles/segway_msgs__rosidl_generator_py.dir/rosidl_generator_py/segway_msgs/msg/_status_s.c.o[0m
[4.573s] [ 87%] [32mBuilding C object CMakeFiles/segway_msgs__rosidl_generator_py.dir/rosidl_generator_py/segway_msgs/msg/_aux_power_s.c.o[0m
[4.573s] [ 88%] [32mBuilding C object CMakeFiles/segway_msgs__rosidl_generator_py.dir/rosidl_generator_py/segway_msgs/msg/_configuration_s.c.o[0m
[4.573s] [ 89%] [32mBuilding C object CMakeFiles/segway_msgs__rosidl_generator_py.dir/rosidl_generator_py/segway_msgs/msg/_faultlog_s.c.o[0m
[4.573s] [ 91%] [32mBuilding C object CMakeFiles/segway_msgs__rosidl_generator_py.dir/rosidl_generator_py/segway_msgs/msg/_propulsion_s.c.o[0m
[4.689s] [ 92%] [32m[1mLinking C shared library rosidl_generator_py/segway_msgs/libsegway_msgs__rosidl_generator_py.so[0m
[4.724s] [ 92%] Built target segway_msgs__rosidl_generator_py
[4.739s] [ 93%] [32mBuilding C object CMakeFiles/segway_msgs__rosidl_typesupport_introspection_c__pyext.dir/rosidl_generator_py/segway_msgs/_segway_msgs_s.ep.rosidl_typesupport_introspection_c.c.o[0m
[4.741s] [ 96%] [32mBuilding C object CMakeFiles/segway_msgs__rosidl_typesupport_fastrtps_c__pyext.dir/rosidl_generator_py/segway_msgs/_segway_msgs_s.ep.rosidl_typesupport_fastrtps_c.c.o[0m
[4.741s] [ 96%] [32mBuilding C object CMakeFiles/segway_msgs__rosidl_typesupport_c__pyext.dir/rosidl_generator_py/segway_msgs/_segway_msgs_s.ep.rosidl_typesupport_c.c.o[0m
[4.813s] [ 97%] [32m[1mLinking C shared library rosidl_generator_py/segway_msgs/segway_msgs_s__rosidl_typesupport_c.cpython-310-x86_64-linux-gnu.so[0m
[4.815s] [ 98%] [32m[1mLinking C shared library rosidl_generator_py/segway_msgs/segway_msgs_s__rosidl_typesupport_introspection_c.cpython-310-x86_64-linux-gnu.so[0m
[4.844s] [ 98%] Built target segway_msgs__rosidl_typesupport_c__pyext
[4.846s] [ 98%] Built target segway_msgs__rosidl_typesupport_introspection_c__pyext
[4.856s] [100%] [32m[1mLinking C shared library rosidl_generator_py/segway_msgs/segway_msgs_s__rosidl_typesupport_fastrtps_c.cpython-310-x86_64-linux-gnu.so[0m
[4.887s] [100%] Built target segway_msgs__rosidl_typesupport_fastrtps_c__pyext
[4.899s] Invoked command in '/home/nikunj/bwi_ros2_simulation/build/segway_msgs' returned '0': CMAKE_PREFIX_PATH=${CMAKE_PREFIX_PATH}:/home/nikunj/bwi_ros2_simulation/install/test_odom:/home/nikunj/bwi_ros2_simulation/install/test_cmaes:/home/nikunj/bwi_ros2_simulation/install/teleop_multi_robot:/home/nikunj/bwi_ros2_simulation/install/scan_filter:/home/nikunj/bwi_ros2_simulation/install/odom_tf_publisher:/home/nikunj/bwi_ros2_simulation/install/lwr_comms_client:/home/nikunj/bwi_ros2_simulation/install/kinect_data_collector:/home/nikunj/bwi_ros2_simulation/install/keep_alive_pkg:/home/nikunj/bwi_ros2_simulation/install/collision_monitor:/home/nikunj/bwi_ros2_simulation/install/bwi_tools:/home/nikunj/bwi_ros2_simulation/install/bwi_tasks:/home/nikunj/bwi_ros2_simulation/install/bwi_reset:/home/nikunj/bwi_ros2_simulation/install/bwi_perc:/home/nikunj/bwi_ros2_simulation/install/bwi_hallucination:/opt/ros/humble /usr/bin/cmake --build /home/nikunj/bwi_ros2_simulation/build/segway_msgs -- -j32 -l32
[4.900s] Invoking command in '/home/nikunj/bwi_ros2_simulation/build/segway_msgs': CMAKE_PREFIX_PATH=${CMAKE_PREFIX_PATH}:/home/nikunj/bwi_ros2_simulation/install/test_odom:/home/nikunj/bwi_ros2_simulation/install/test_cmaes:/home/nikunj/bwi_ros2_simulation/install/teleop_multi_robot:/home/nikunj/bwi_ros2_simulation/install/scan_filter:/home/nikunj/bwi_ros2_simulation/install/odom_tf_publisher:/home/nikunj/bwi_ros2_simulation/install/lwr_comms_client:/home/nikunj/bwi_ros2_simulation/install/kinect_data_collector:/home/nikunj/bwi_ros2_simulation/install/keep_alive_pkg:/home/nikunj/bwi_ros2_simulation/install/collision_monitor:/home/nikunj/bwi_ros2_simulation/install/bwi_tools:/home/nikunj/bwi_ros2_simulation/install/bwi_tasks:/home/nikunj/bwi_ros2_simulation/install/bwi_reset:/home/nikunj/bwi_ros2_simulation/install/bwi_perc:/home/nikunj/bwi_ros2_simulation/install/bwi_hallucination:/opt/ros/humble /usr/bin/cmake --install /home/nikunj/bwi_ros2_simulation/build/segway_msgs
[4.906s] -- Install configuration: ""
[4.906s] -- Installing: /home/nikunj/bwi_ros2_simulation/install/segway_msgs/share/ament_index/resource_index/rosidl_interfaces/segway_msgs
[4.906s] -- Installing: /home/nikunj/bwi_ros2_simulation/install/segway_msgs/include/segway_msgs/segway_msgs
[4.906s] -- Installing: /home/nikunj/bwi_ros2_simulation/install/segway_msgs/include/segway_msgs/segway_msgs/msg
[4.906s] -- Installing: /home/nikunj/bwi_ros2_simulation/install/segway_msgs/include/segway_msgs/segway_msgs/msg/configuration.h
[4.906s] -- Installing: /home/nikunj/bwi_ros2_simulation/install/segway_msgs/include/segway_msgs/segway_msgs/msg/dynamics.h
[4.906s] -- Installing: /home/nikunj/bwi_ros2_simulation/install/segway_msgs/include/segway_msgs/segway_msgs/msg/propulsion.h
[4.906s] -- Installing: /home/nikunj/bwi_ros2_simulation/install/segway_msgs/include/segway_msgs/segway_msgs/msg/aux_power.h
[4.907s] -- Installing: /home/nikunj/bwi_ros2_simulation/install/segway_msgs/include/segway_msgs/segway_msgs/msg/faultlog.h
[4.907s] -- Installing: /home/nikunj/bwi_ros2_simulation/install/segway_msgs/include/segway_msgs/segway_msgs/msg/detail
[4.907s] -- Installing: /home/nikunj/bwi_ros2_simulation/install/segway_msgs/include/segway_msgs/segway_msgs/msg/detail/configuration__struct.h
[4.907s] -- Installing: /home/nikunj/bwi_ros2_simulation/install/segway_msgs/include/segway_msgs/segway_msgs/msg/detail/configuration__functions.h
[4.907s] -- Installing: /home/nikunj/bwi_ros2_simulation/install/segway_msgs/include/segway_msgs/segway_msgs/msg/detail/aux_power__functions.h
[4.907s] -- Installing: /home/nikunj/bwi_ros2_simulation/install/segway_msgs/include/segway_msgs/segway_msgs/msg/detail/status__type_support.h
[4.907s] -- Installing: /home/nikunj/bwi_ros2_simulation/install/segway_msgs/include/segway_msgs/segway_msgs/msg/detail/configuration__functions.c
[4.907s] -- Installing: /home/nikunj/bwi_ros2_simulation/install/segway_msgs/include/segway_msgs/segway_msgs/msg/detail/aux_power__type_support.h
[4.907s] -- Installing: /home/nikunj/bwi_ros2_simulation/install/segway_msgs/include/segway_msgs/segway_msgs/msg/detail/propulsion__functions.h
[4.907s] -- Installing: /home/nikunj/bwi_ros2_simulation/install/segway_msgs/include/segway_msgs/segway_msgs/msg/detail/dynamics__functions.h
[4.907s] -- Installing: /home/nikunj/bwi_ros2_simulation/install/segway_msgs/include/segway_msgs/segway_msgs/msg/detail/status__struct.h
[4.907s] -- Installing: /home/nikunj/bwi_ros2_simulation/install/segway_msgs/include/segway_msgs/segway_msgs/msg/detail/aux_power__struct.h
[4.907s] -- Installing: /home/nikunj/bwi_ros2_simulation/install/segway_msgs/include/segway_msgs/segway_msgs/msg/detail/faultlog__functions.c
[4.907s] -- Installing: /home/nikunj/bwi_ros2_simulation/install/segway_msgs/include/segway_msgs/segway_msgs/msg/detail/propulsion__functions.c
[4.907s] -- Installing: /home/nikunj/bwi_ros2_simulation/install/segway_msgs/include/segway_msgs/segway_msgs/msg/detail/dynamics__functions.c
[4.908s] -- Installing: /home/nikunj/bwi_ros2_simulation/install/segway_msgs/include/segway_msgs/segway_msgs/msg/detail/status__functions.c
[4.908s] -- Installing: /home/nikunj/bwi_ros2_simulation/install/segway_msgs/include/segway_msgs/segway_msgs/msg/detail/config_cmd__struct.h
[4.908s] -- Installing: /home/nikunj/bwi_ros2_simulation/install/segway_msgs/include/segway_msgs/segway_msgs/msg/detail/faultlog__struct.h
[4.908s] -- Installing: /home/nikunj/bwi_ros2_simulation/install/segway_msgs/include/segway_msgs/segway_msgs/msg/detail/faultlog__functions.h
[4.908s] -- Installing: /home/nikunj/bwi_ros2_simulation/install/segway_msgs/include/segway_msgs/segway_msgs/msg/detail/config_cmd__type_support.h
[4.908s] -- Installing: /home/nikunj/bwi_ros2_simulation/install/segway_msgs/include/segway_msgs/segway_msgs/msg/detail/dynamics__struct.h
[4.908s] -- Installing: /home/nikunj/bwi_ros2_simulation/install/segway_msgs/include/segway_msgs/segway_msgs/msg/detail/status__functions.h
[4.908s] -- Installing: /home/nikunj/bwi_ros2_simulation/install/segway_msgs/include/segway_msgs/segway_msgs/msg/detail/config_cmd__functions.h
[4.908s] -- Installing: /home/nikunj/bwi_ros2_simulation/install/segway_msgs/include/segway_msgs/segway_msgs/msg/detail/configuration__type_support.h
[4.908s] -- Installing: /home/nikunj/bwi_ros2_simulation/install/segway_msgs/include/segway_msgs/segway_msgs/msg/detail/aux_power__functions.c
[4.908s] -- Installing: /home/nikunj/bwi_ros2_simulation/install/segway_msgs/include/segway_msgs/segway_msgs/msg/detail/config_cmd__functions.c
[4.908s] -- Installing: /home/nikunj/bwi_ros2_simulation/install/segway_msgs/include/segway_msgs/segway_msgs/msg/detail/propulsion__struct.h
[4.908s] -- Installing: /home/nikunj/bwi_ros2_simulation/install/segway_msgs/include/segway_msgs/segway_msgs/msg/detail/faultlog__type_support.h
[4.908s] -- Installing: /home/nikunj/bwi_ros2_simulation/install/segway_msgs/include/segway_msgs/segway_msgs/msg/detail/propulsion__type_support.h
[4.908s] -- Installing: /home/nikunj/bwi_ros2_simulation/install/segway_msgs/include/segway_msgs/segway_msgs/msg/detail/dynamics__type_support.h
[4.908s] -- Installing: /home/nikunj/bwi_ros2_simulation/install/segway_msgs/include/segway_msgs/segway_msgs/msg/status.h
[4.909s] -- Installing: /home/nikunj/bwi_ros2_simulation/install/segway_msgs/include/segway_msgs/segway_msgs/msg/rosidl_generator_c__visibility_control.h
[4.909s] -- Installing: /home/nikunj/bwi_ros2_simulation/install/segway_msgs/include/segway_msgs/segway_msgs/msg/config_cmd.h
[4.909s] -- Installing: /home/nikunj/bwi_ros2_simulation/install/segway_msgs/share/segway_msgs/environment/library_path.sh
[4.909s] -- Installing: /home/nikunj/bwi_ros2_simulation/install/segway_msgs/share/segway_msgs/environment/library_path.dsv
[4.909s] -- Installing: /home/nikunj/bwi_ros2_simulation/install/segway_msgs/lib/libsegway_msgs__rosidl_generator_c.so
[4.909s] -- Set runtime path of "/home/nikunj/bwi_ros2_simulation/install/segway_msgs/lib/libsegway_msgs__rosidl_generator_c.so" to ""
[4.909s] -- Up-to-date: /home/nikunj/bwi_ros2_simulation/install/segway_msgs/include/segway_msgs/segway_msgs
[4.909s] -- Up-to-date: /home/nikunj/bwi_ros2_simulation/install/segway_msgs/include/segway_msgs/segway_msgs/msg
[4.909s] -- Up-to-date: /home/nikunj/bwi_ros2_simulation/install/segway_msgs/include/segway_msgs/segway_msgs/msg/detail
[4.909s] -- Installing: /home/nikunj/bwi_ros2_simulation/install/segway_msgs/include/segway_msgs/segway_msgs/msg/detail/aux_power__rosidl_typesupport_fastrtps_c.h
[4.909s] -- Installing: /home/nikunj/bwi_ros2_simulation/install/segway_msgs/include/segway_msgs/segway_msgs/msg/detail/status__rosidl_typesupport_fastrtps_c.h
[4.909s] -- Installing: /home/nikunj/bwi_ros2_simulation/install/segway_msgs/include/segway_msgs/segway_msgs/msg/detail/propulsion__rosidl_typesupport_fastrtps_c.h
[4.909s] -- Installing: /home/nikunj/bwi_ros2_simulation/install/segway_msgs/include/segway_msgs/segway_msgs/msg/detail/dynamics__rosidl_typesupport_fastrtps_c.h
[4.909s] -- Installing: /home/nikunj/bwi_ros2_simulation/install/segway_msgs/include/segway_msgs/segway_msgs/msg/detail/config_cmd__rosidl_typesupport_fastrtps_c.h
[4.909s] -- Installing: /home/nikunj/bwi_ros2_simulation/install/segway_msgs/include/segway_msgs/segway_msgs/msg/detail/configuration__rosidl_typesupport_fastrtps_c.h
[4.910s] -- Installing: /home/nikunj/bwi_ros2_simulation/install/segway_msgs/include/segway_msgs/segway_msgs/msg/detail/faultlog__rosidl_typesupport_fastrtps_c.h
[4.910s] -- Installing: /home/nikunj/bwi_ros2_simulation/install/segway_msgs/include/segway_msgs/segway_msgs/msg/rosidl_typesupport_fastrtps_c__visibility_control.h
[4.910s] -- Installing: /home/nikunj/bwi_ros2_simulation/install/segway_msgs/lib/libsegway_msgs__rosidl_typesupport_fastrtps_c.so
[4.910s] -- Set runtime path of "/home/nikunj/bwi_ros2_simulation/install/segway_msgs/lib/libsegway_msgs__rosidl_typesupport_fastrtps_c.so" to ""
[4.910s] -- Up-to-date: /home/nikunj/bwi_ros2_simulation/install/segway_msgs/include/segway_msgs/segway_msgs
[4.910s] -- Up-to-date: /home/nikunj/bwi_ros2_simulation/install/segway_msgs/include/segway_msgs/segway_msgs/msg
[4.910s] -- Up-to-date: /home/nikunj/bwi_ros2_simulation/install/segway_msgs/include/segway_msgs/segway_msgs/msg/detail
[4.910s] -- Installing: /home/nikunj/bwi_ros2_simulation/install/segway_msgs/include/segway_msgs/segway_msgs/msg/detail/dynamics__type_support.c
[4.910s] -- Installing: /home/nikunj/bwi_ros2_simulation/install/segway_msgs/include/segway_msgs/segway_msgs/msg/detail/config_cmd__type_support.c
[4.910s] -- Installing: /home/nikunj/bwi_ros2_simulation/install/segway_msgs/include/segway_msgs/segway_msgs/msg/detail/faultlog__type_support.c
[4.910s] -- Installing: /home/nikunj/bwi_ros2_simulation/install/segway_msgs/include/segway_msgs/segway_msgs/msg/detail/configuration__rosidl_typesupport_introspection_c.h
[4.910s] -- Installing: /home/nikunj/bwi_ros2_simulation/install/segway_msgs/include/segway_msgs/segway_msgs/msg/detail/propulsion__type_support.c
[4.910s] -- Installing: /home/nikunj/bwi_ros2_simulation/install/segway_msgs/include/segway_msgs/segway_msgs/msg/detail/faultlog__rosidl_typesupport_introspection_c.h
[4.910s] -- Installing: /home/nikunj/bwi_ros2_simulation/install/segway_msgs/include/segway_msgs/segway_msgs/msg/detail/status__type_support.c
[4.911s] -- Installing: /home/nikunj/bwi_ros2_simulation/install/segway_msgs/include/segway_msgs/segway_msgs/msg/detail/config_cmd__rosidl_typesupport_introspection_c.h
[4.911s] -- Installing: /home/nikunj/bwi_ros2_simulation/install/segway_msgs/include/segway_msgs/segway_msgs/msg/detail/status__rosidl_typesupport_introspection_c.h
[4.911s] -- Installing: /home/nikunj/bwi_ros2_simulation/install/segway_msgs/include/segway_msgs/segway_msgs/msg/detail/configuration__type_support.c
[4.911s] -- Installing: /home/nikunj/bwi_ros2_simulation/install/segway_msgs/include/segway_msgs/segway_msgs/msg/detail/propulsion__rosidl_typesupport_introspection_c.h
[4.911s] -- Installing: /home/nikunj/bwi_ros2_simulation/install/segway_msgs/include/segway_msgs/segway_msgs/msg/detail/aux_power__rosidl_typesupport_introspection_c.h
[4.911s] -- Installing: /home/nikunj/bwi_ros2_simulation/install/segway_msgs/include/segway_msgs/segway_msgs/msg/detail/dynamics__rosidl_typesupport_introspection_c.h
[4.911s] -- Installing: /home/nikunj/bwi_ros2_simulation/install/segway_msgs/include/segway_msgs/segway_msgs/msg/detail/aux_power__type_support.c
[4.911s] -- Installing: /home/nikunj/bwi_ros2_simulation/install/segway_msgs/include/segway_msgs/segway_msgs/msg/rosidl_typesupport_introspection_c__visibility_control.h
[4.911s] -- Installing: /home/nikunj/bwi_ros2_simulation/install/segway_msgs/lib/libsegway_msgs__rosidl_typesupport_introspection_c.so
[4.911s] -- Set runtime path of "/home/nikunj/bwi_ros2_simulation/install/segway_msgs/lib/libsegway_msgs__rosidl_typesupport_introspection_c.so" to ""
[4.911s] -- Installing: /home/nikunj/bwi_ros2_simulation/install/segway_msgs/lib/libsegway_msgs__rosidl_typesupport_c.so
[4.911s] -- Set runtime path of "/home/nikunj/bwi_ros2_simulation/install/segway_msgs/lib/libsegway_msgs__rosidl_typesupport_c.so" to ""
[4.911s] -- Up-to-date: /home/nikunj/bwi_ros2_simulation/install/segway_msgs/include/segway_msgs/segway_msgs
[4.911s] -- Up-to-date: /home/nikunj/bwi_ros2_simulation/install/segway_msgs/include/segway_msgs/segway_msgs/msg
[4.912s] -- Installing: /home/nikunj/bwi_ros2_simulation/install/segway_msgs/include/segway_msgs/segway_msgs/msg/aux_power.hpp
[4.912s] -- Installing: /home/nikunj/bwi_ros2_simulation/install/segway_msgs/include/segway_msgs/segway_msgs/msg/rosidl_generator_cpp__visibility_control.hpp
[4.912s] -- Installing: /home/nikunj/bwi_ros2_simulation/install/segway_msgs/include/segway_msgs/segway_msgs/msg/faultlog.hpp
[4.912s] -- Installing: /home/nikunj/bwi_ros2_simulation/install/segway_msgs/include/segway_msgs/segway_msgs/msg/status.hpp
[4.912s] -- Installing: /home/nikunj/bwi_ros2_simulation/install/segway_msgs/include/segway_msgs/segway_msgs/msg/dynamics.hpp
[4.912s] -- Installing: /home/nikunj/bwi_ros2_simulation/install/segway_msgs/include/segway_msgs/segway_msgs/msg/propulsion.hpp
[4.912s] -- Installing: /home/nikunj/bwi_ros2_simulation/install/segway_msgs/include/segway_msgs/segway_msgs/msg/configuration.hpp
[4.912s] -- Up-to-date: /home/nikunj/bwi_ros2_simulation/install/segway_msgs/include/segway_msgs/segway_msgs/msg/detail
[4.912s] -- Installing: /home/nikunj/bwi_ros2_simulation/install/segway_msgs/include/segway_msgs/segway_msgs/msg/detail/dynamics__struct.hpp
[4.912s] -- Installing: /home/nikunj/bwi_ros2_simulation/install/segway_msgs/include/segway_msgs/segway_msgs/msg/detail/status__struct.hpp
[4.912s] -- Installing: /home/nikunj/bwi_ros2_simulation/install/segway_msgs/include/segway_msgs/segway_msgs/msg/detail/status__builder.hpp
[4.912s] -- Installing: /home/nikunj/bwi_ros2_simulation/install/segway_msgs/include/segway_msgs/segway_msgs/msg/detail/faultlog__builder.hpp
[4.912s] -- Installing: /home/nikunj/bwi_ros2_simulation/install/segway_msgs/include/segway_msgs/segway_msgs/msg/detail/configuration__type_support.hpp
[4.913s] -- Installing: /home/nikunj/bwi_ros2_simulation/install/segway_msgs/include/segway_msgs/segway_msgs/msg/detail/dynamics__builder.hpp
[4.913s] -- Installing: /home/nikunj/bwi_ros2_simulation/install/segway_msgs/include/segway_msgs/segway_msgs/msg/detail/config_cmd__builder.hpp
[4.913s] -- Installing: /home/nikunj/bwi_ros2_simulation/install/segway_msgs/include/segway_msgs/segway_msgs/msg/detail/propulsion__type_support.hpp
[4.913s] -- Installing: /home/nikunj/bwi_ros2_simulation/install/segway_msgs/include/segway_msgs/segway_msgs/msg/detail/aux_power__traits.hpp
[4.913s] -- Installing: /home/nikunj/bwi_ros2_simulation/install/segway_msgs/include/segway_msgs/segway_msgs/msg/detail/aux_power__struct.hpp
[4.913s] -- Installing: /home/nikunj/bwi_ros2_simulation/install/segway_msgs/include/segway_msgs/segway_msgs/msg/detail/configuration__builder.hpp
[4.913s] -- Installing: /home/nikunj/bwi_ros2_simulation/install/segway_msgs/include/segway_msgs/segway_msgs/msg/detail/propulsion__builder.hpp
[4.913s] -- Installing: /home/nikunj/bwi_ros2_simulation/install/segway_msgs/include/segway_msgs/segway_msgs/msg/detail/config_cmd__struct.hpp
[4.913s] -- Installing: /home/nikunj/bwi_ros2_simulation/install/segway_msgs/include/segway_msgs/segway_msgs/msg/detail/status__type_support.hpp
[4.913s] -- Installing: /home/nikunj/bwi_ros2_simulation/install/segway_msgs/include/segway_msgs/segway_msgs/msg/detail/faultlog__type_support.hpp
[4.913s] -- Installing: /home/nikunj/bwi_ros2_simulation/install/segway_msgs/include/segway_msgs/segway_msgs/msg/detail/faultlog__struct.hpp
[4.913s] -- Installing: /home/nikunj/bwi_ros2_simulation/install/segway_msgs/include/segway_msgs/segway_msgs/msg/detail/dynamics__traits.hpp
[4.913s] -- Installing: /home/nikunj/bwi_ros2_simulation/install/segway_msgs/include/segway_msgs/segway_msgs/msg/detail/aux_power__builder.hpp
[4.913s] -- Installing: /home/nikunj/bwi_ros2_simulation/install/segway_msgs/include/segway_msgs/segway_msgs/msg/detail/config_cmd__type_support.hpp
[4.913s] -- Installing: /home/nikunj/bwi_ros2_simulation/install/segway_msgs/include/segway_msgs/segway_msgs/msg/detail/status__traits.hpp
[4.914s] -- Installing: /home/nikunj/bwi_ros2_simulation/install/segway_msgs/include/segway_msgs/segway_msgs/msg/detail/config_cmd__traits.hpp
[4.914s] -- Installing: /home/nikunj/bwi_ros2_simulation/install/segway_msgs/include/segway_msgs/segway_msgs/msg/detail/configuration__traits.hpp
[4.914s] -- Installing: /home/nikunj/bwi_ros2_simulation/install/segway_msgs/include/segway_msgs/segway_msgs/msg/detail/dynamics__type_support.hpp
[4.914s] -- Installing: /home/nikunj/bwi_ros2_simulation/install/segway_msgs/include/segway_msgs/segway_msgs/msg/detail/configuration__struct.hpp
[4.914s] -- Installing: /home/nikunj/bwi_ros2_simulation/install/segway_msgs/include/segway_msgs/segway_msgs/msg/detail/faultlog__traits.hpp
[4.914s] -- Installing: /home/nikunj/bwi_ros2_simulation/install/segway_msgs/include/segway_msgs/segway_msgs/msg/detail/aux_power__type_support.hpp
[4.914s] -- Installing: /home/nikunj/bwi_ros2_simulation/install/segway_msgs/include/segway_msgs/segway_msgs/msg/detail/propulsion__struct.hpp
[4.914s] -- Installing: /home/nikunj/bwi_ros2_simulation/install/segway_msgs/include/segway_msgs/segway_msgs/msg/detail/propulsion__traits.hpp
[4.914s] -- Installing: /home/nikunj/bwi_ros2_simulation/install/segway_msgs/include/segway_msgs/segway_msgs/msg/config_cmd.hpp
[4.914s] -- Up-to-date: /home/nikunj/bwi_ros2_simulation/install/segway_msgs/include/segway_msgs/segway_msgs
[4.914s] -- Up-to-date: /home/nikunj/bwi_ros2_simulation/install/segway_msgs/include/segway_msgs/segway_msgs/msg
[4.914s] -- Up-to-date: /home/nikunj/bwi_ros2_simulation/install/segway_msgs/include/segway_msgs/segway_msgs/msg/detail
[4.914s] -- Installing: /home/nikunj/bwi_ros2_simulation/install/segway_msgs/include/segway_msgs/segway_msgs/msg/detail/dds_fastrtps
[4.914s] -- Installing: /home/nikunj/bwi_ros2_simulation/install/segway_msgs/include/segway_msgs/segway_msgs/msg/detail/faultlog__rosidl_typesupport_fastrtps_cpp.hpp
[4.914s] -- Installing: /home/nikunj/bwi_ros2_simulation/install/segway_msgs/include/segway_msgs/segway_msgs/msg/detail/aux_power__rosidl_typesupport_fastrtps_cpp.hpp
[4.915s] -- Installing: /home/nikunj/bwi_ros2_simulation/install/segway_msgs/include/segway_msgs/segway_msgs/msg/detail/propulsion__rosidl_typesupport_fastrtps_cpp.hpp
[4.915s] -- Installing: /home/nikunj/bwi_ros2_simulation/install/segway_msgs/include/segway_msgs/segway_msgs/msg/detail/configuration__rosidl_typesupport_fastrtps_cpp.hpp
[4.915s] -- Installing: /home/nikunj/bwi_ros2_simulation/install/segway_msgs/include/segway_msgs/segway_msgs/msg/detail/dynamics__rosidl_typesupport_fastrtps_cpp.hpp
[4.915s] -- Installing: /home/nikunj/bwi_ros2_simulation/install/segway_msgs/include/segway_msgs/segway_msgs/msg/detail/status__rosidl_typesupport_fastrtps_cpp.hpp
[4.915s] -- Installing: /home/nikunj/bwi_ros2_simulation/install/segway_msgs/include/segway_msgs/segway_msgs/msg/detail/config_cmd__rosidl_typesupport_fastrtps_cpp.hpp
[4.915s] -- Installing: /home/nikunj/bwi_ros2_simulation/install/segway_msgs/include/segway_msgs/segway_msgs/msg/rosidl_typesupport_fastrtps_cpp__visibility_control.h
[4.915s] -- Installing: /home/nikunj/bwi_ros2_simulation/install/segway_msgs/lib/libsegway_msgs__rosidl_typesupport_fastrtps_cpp.so
[4.915s] -- Set runtime path of "/home/nikunj/bwi_ros2_simulation/install/segway_msgs/lib/libsegway_msgs__rosidl_typesupport_fastrtps_cpp.so" to ""
[4.915s] -- Up-to-date: /home/nikunj/bwi_ros2_simulation/install/segway_msgs/include/segway_msgs/segway_msgs
[4.915s] -- Up-to-date: /home/nikunj/bwi_ros2_simulation/install/segway_msgs/include/segway_msgs/segway_msgs/msg
[4.915s] -- Up-to-date: /home/nikunj/bwi_ros2_simulation/install/segway_msgs/include/segway_msgs/segway_msgs/msg/detail
[4.915s] -- Installing: /home/nikunj/bwi_ros2_simulation/install/segway_msgs/include/segway_msgs/segway_msgs/msg/detail/faultlog__rosidl_typesupport_introspection_cpp.hpp
[4.915s] -- Installing: /home/nikunj/bwi_ros2_simulation/install/segway_msgs/include/segway_msgs/segway_msgs/msg/detail/dynamics__type_support.cpp
[4.915s] -- Installing: /home/nikunj/bwi_ros2_simulation/install/segway_msgs/include/segway_msgs/segway_msgs/msg/detail/dynamics__rosidl_typesupport_introspection_cpp.hpp
[4.915s] -- Installing: /home/nikunj/bwi_ros2_simulation/install/segway_msgs/include/segway_msgs/segway_msgs/msg/detail/propulsion__rosidl_typesupport_introspection_cpp.hpp
[4.915s] -- Installing: /home/nikunj/bwi_ros2_simulation/install/segway_msgs/include/segway_msgs/segway_msgs/msg/detail/config_cmd__type_support.cpp
[4.915s] -- Installing: /home/nikunj/bwi_ros2_simulation/install/segway_msgs/include/segway_msgs/segway_msgs/msg/detail/config_cmd__rosidl_typesupport_introspection_cpp.hpp
[4.916s] -- Installing: /home/nikunj/bwi_ros2_simulation/install/segway_msgs/include/segway_msgs/segway_msgs/msg/detail/configuration__type_support.cpp
[4.916s] -- Installing: /home/nikunj/bwi_ros2_simulation/install/segway_msgs/include/segway_msgs/segway_msgs/msg/detail/aux_power__rosidl_typesupport_introspection_cpp.hpp
[4.916s] -- Installing: /home/nikunj/bwi_ros2_simulation/install/segway_msgs/include/segway_msgs/segway_msgs/msg/detail/configuration__rosidl_typesupport_introspection_cpp.hpp
[4.916s] -- Installing: /home/nikunj/bwi_ros2_simulation/install/segway_msgs/include/segway_msgs/segway_msgs/msg/detail/propulsion__type_support.cpp
[4.916s] -- Installing: /home/nikunj/bwi_ros2_simulation/install/segway_msgs/include/segway_msgs/segway_msgs/msg/detail/status__rosidl_typesupport_introspection_cpp.hpp
[4.916s] -- Installing: /home/nikunj/bwi_ros2_simulation/install/segway_msgs/include/segway_msgs/segway_msgs/msg/detail/aux_power__type_support.cpp
[4.916s] -- Installing: /home/nikunj/bwi_ros2_simulation/install/segway_msgs/include/segway_msgs/segway_msgs/msg/detail/faultlog__type_support.cpp
[4.916s] -- Installing: /home/nikunj/bwi_ros2_simulation/install/segway_msgs/include/segway_msgs/segway_msgs/msg/detail/status__type_support.cpp
[4.916s] -- Installing: /home/nikunj/bwi_ros2_simulation/install/segway_msgs/lib/libsegway_msgs__rosidl_typesupport_introspection_cpp.so
[4.916s] -- Set runtime path of "/home/nikunj/bwi_ros2_simulation/install/segway_msgs/lib/libsegway_msgs__rosidl_typesupport_introspection_cpp.so" to ""
[4.916s] -- Installing: /home/nikunj/bwi_ros2_simulation/install/segway_msgs/lib/libsegway_msgs__rosidl_typesupport_cpp.so
[4.916s] -- Set runtime path of "/home/nikunj/bwi_ros2_simulation/install/segway_msgs/lib/libsegway_msgs__rosidl_typesupport_cpp.so" to ""
[4.916s] -- Installing: /home/nikunj/bwi_ros2_simulation/install/segway_msgs/share/segway_msgs/environment/pythonpath.sh
[4.916s] -- Installing: /home/nikunj/bwi_ros2_simulation/install/segway_msgs/share/segway_msgs/environment/pythonpath.dsv
[4.916s] -- Installing: /home/nikunj/bwi_ros2_simulation/install/segway_msgs/local/lib/python3.10/dist-packages/segway_msgs-0.0.0-py3.10.egg-info
[4.916s] -- Installing: /home/nikunj/bwi_ros2_simulation/install/segway_msgs/local/lib/python3.10/dist-packages/segway_msgs-0.0.0-py3.10.egg-info/dependency_links.txt
[4.916s] -- Installing: /home/nikunj/bwi_ros2_simulation/install/segway_msgs/local/lib/python3.10/dist-packages/segway_msgs-0.0.0-py3.10.egg-info/top_level.txt
[4.916s] -- Installing: /home/nikunj/bwi_ros2_simulation/install/segway_msgs/local/lib/python3.10/dist-packages/segway_msgs-0.0.0-py3.10.egg-info/PKG-INFO
[4.916s] -- Installing: /home/nikunj/bwi_ros2_simulation/install/segway_msgs/local/lib/python3.10/dist-packages/segway_msgs-0.0.0-py3.10.egg-info/SOURCES.txt
[4.916s] -- Installing: /home/nikunj/bwi_ros2_simulation/install/segway_msgs/local/lib/python3.10/dist-packages/segway_msgs
[4.916s] -- Installing: /home/nikunj/bwi_ros2_simulation/install/segway_msgs/local/lib/python3.10/dist-packages/segway_msgs/segway_msgs_s__rosidl_typesupport_introspection_c.cpython-310-x86_64-linux-gnu.so
[4.916s] -- Installing: /home/nikunj/bwi_ros2_simulation/install/segway_msgs/local/lib/python3.10/dist-packages/segway_msgs/libsegway_msgs__rosidl_generator_py.so
[4.916s] -- Installing: /home/nikunj/bwi_ros2_simulation/install/segway_msgs/local/lib/python3.10/dist-packages/segway_msgs/_segway_msgs_s.ep.rosidl_typesupport_c.c
[4.916s] -- Installing: /home/nikunj/bwi_ros2_simulation/install/segway_msgs/local/lib/python3.10/dist-packages/segway_msgs/__init__.py
[4.916s] -- Installing: /home/nikunj/bwi_ros2_simulation/install/segway_msgs/local/lib/python3.10/dist-packages/segway_msgs/_segway_msgs_s.ep.rosidl_typesupport_fastrtps_c.c
[4.916s] -- Installing: /home/nikunj/bwi_ros2_simulation/install/segway_msgs/local/lib/python3.10/dist-packages/segway_msgs/_segway_msgs_s.ep.rosidl_typesupport_introspection_c.c
[4.916s] -- Installing: /home/nikunj/bwi_ros2_simulation/install/segway_msgs/local/lib/python3.10/dist-packages/segway_msgs/msg
[4.916s] -- Installing: /home/nikunj/bwi_ros2_simulation/install/segway_msgs/local/lib/python3.10/dist-packages/segway_msgs/msg/_aux_power.py
[4.916s] -- Installing: /home/nikunj/bwi_ros2_simulation/install/segway_msgs/local/lib/python3.10/dist-packages/segway_msgs/msg/_aux_power_s.c
[4.916s] -- Installing: /home/nikunj/bwi_ros2_simulation/install/segway_msgs/local/lib/python3.10/dist-packages/segway_msgs/msg/_propulsion.py
[4.916s] -- Installing: /home/nikunj/bwi_ros2_simulation/install/segway_msgs/local/lib/python3.10/dist-packages/segway_msgs/msg/_dynamics.py
[4.916s] -- Installing: /home/nikunj/bwi_ros2_simulation/install/segway_msgs/local/lib/python3.10/dist-packages/segway_msgs/msg/_propulsion_s.c
[4.916s] -- Installing: /home/nikunj/bwi_ros2_simulation/install/segway_msgs/local/lib/python3.10/dist-packages/segway_msgs/msg/_configuration.py
[4.916s] -- Installing: /home/nikunj/bwi_ros2_simulation/install/segway_msgs/local/lib/python3.10/dist-packages/segway_msgs/msg/_faultlog_s.c
[4.916s] -- Installing: /home/nikunj/bwi_ros2_simulation/install/segway_msgs/local/lib/python3.10/dist-packages/segway_msgs/msg/_status_s.c
[4.916s] -- Installing: /home/nikunj/bwi_ros2_simulation/install/segway_msgs/local/lib/python3.10/dist-packages/segway_msgs/msg/__init__.py
[4.916s] -- Installing: /home/nikunj/bwi_ros2_simulation/install/segway_msgs/local/lib/python3.10/dist-packages/segway_msgs/msg/_config_cmd.py
[4.917s] -- Installing: /home/nikunj/bwi_ros2_simulation/install/segway_msgs/local/lib/python3.10/dist-packages/segway_msgs/msg/_faultlog.py
[4.917s] -- Installing: /home/nikunj/bwi_ros2_simulation/install/segway_msgs/local/lib/python3.10/dist-packages/segway_msgs/msg/_configuration_s.c
[4.917s] -- Installing: /home/nikunj/bwi_ros2_simulation/install/segway_msgs/local/lib/python3.10/dist-packages/segway_msgs/msg/_status.py
[4.917s] -- Installing: /home/nikunj/bwi_ros2_simulation/install/segway_msgs/local/lib/python3.10/dist-packages/segway_msgs/msg/_dynamics_s.c
[4.917s] -- Installing: /home/nikunj/bwi_ros2_simulation/install/segway_msgs/local/lib/python3.10/dist-packages/segway_msgs/msg/_config_cmd_s.c
[4.917s] -- Installing: /home/nikunj/bwi_ros2_simulation/install/segway_msgs/local/lib/python3.10/dist-packages/segway_msgs/segway_msgs_s__rosidl_typesupport_fastrtps_c.cpython-310-x86_64-linux-gnu.so
[4.917s] -- Installing: /home/nikunj/bwi_ros2_simulation/install/segway_msgs/local/lib/python3.10/dist-packages/segway_msgs/segway_msgs_s__rosidl_typesupport_c.cpython-310-x86_64-linux-gnu.so
[4.949s] Listing '/home/nikunj/bwi_ros2_simulation/install/segway_msgs/local/lib/python3.10/dist-packages/segway_msgs'...
[4.949s] Compiling '/home/nikunj/bwi_ros2_simulation/install/segway_msgs/local/lib/python3.10/dist-packages/segway_msgs/__init__.py'...
[4.949s] Listing '/home/nikunj/bwi_ros2_simulation/install/segway_msgs/local/lib/python3.10/dist-packages/segway_msgs/msg'...
[4.949s] Compiling '/home/nikunj/bwi_ros2_simulation/install/segway_msgs/local/lib/python3.10/dist-packages/segway_msgs/msg/__init__.py'...
[4.949s] Compiling '/home/nikunj/bwi_ros2_simulation/install/segway_msgs/local/lib/python3.10/dist-packages/segway_msgs/msg/_aux_power.py'...
[4.949s] Compiling '/home/nikunj/bwi_ros2_simulation/install/segway_msgs/local/lib/python3.10/dist-packages/segway_msgs/msg/_config_cmd.py'...
[4.949s] Compiling '/home/nikunj/bwi_ros2_simulation/install/segway_msgs/local/lib/python3.10/dist-packages/segway_msgs/msg/_configuration.py'...
[4.949s] Compiling '/home/nikunj/bwi_ros2_simulation/install/segway_msgs/local/lib/python3.10/dist-packages/segway_msgs/msg/_dynamics.py'...
[4.949s] Compiling '/home/nikunj/bwi_ros2_simulation/install/segway_msgs/local/lib/python3.10/dist-packages/segway_msgs/msg/_faultlog.py'...
[4.949s] Compiling '/home/nikunj/bwi_ros2_simulation/install/segway_msgs/local/lib/python3.10/dist-packages/segway_msgs/msg/_propulsion.py'...
[4.949s] Compiling '/home/nikunj/bwi_ros2_simulation/install/segway_msgs/local/lib/python3.10/dist-packages/segway_msgs/msg/_status.py'...
[4.952s] -- Installing: /home/nikunj/bwi_ros2_simulation/install/segway_msgs/local/lib/python3.10/dist-packages/segway_msgs/segway_msgs_s__rosidl_typesupport_fastrtps_c.cpython-310-x86_64-linux-gnu.so
[4.952s] -- Set runtime path of "/home/nikunj/bwi_ros2_simulation/install/segway_msgs/local/lib/python3.10/dist-packages/segway_msgs/segway_msgs_s__rosidl_typesupport_fastrtps_c.cpython-310-x86_64-linux-gnu.so" to ""
[4.952s] -- Installing: /home/nikunj/bwi_ros2_simulation/install/segway_msgs/local/lib/python3.10/dist-packages/segway_msgs/segway_msgs_s__rosidl_typesupport_introspection_c.cpython-310-x86_64-linux-gnu.so
[4.952s] -- Set runtime path of "/home/nikunj/bwi_ros2_simulation/install/segway_msgs/local/lib/python3.10/dist-packages/segway_msgs/segway_msgs_s__rosidl_typesupport_introspection_c.cpython-310-x86_64-linux-gnu.so" to ""
[4.952s] -- Installing: /home/nikunj/bwi_ros2_simulation/install/segway_msgs/local/lib/python3.10/dist-packages/segway_msgs/segway_msgs_s__rosidl_typesupport_c.cpython-310-x86_64-linux-gnu.so
[4.952s] -- Set runtime path of "/home/nikunj/bwi_ros2_simulation/install/segway_msgs/local/lib/python3.10/dist-packages/segway_msgs/segway_msgs_s__rosidl_typesupport_c.cpython-310-x86_64-linux-gnu.so" to ""
[4.952s] -- Installing: /home/nikunj/bwi_ros2_simulation/install/segway_msgs/lib/libsegway_msgs__rosidl_generator_py.so
[4.953s] -- Set runtime path of "/home/nikunj/bwi_ros2_simulation/install/segway_msgs/lib/libsegway_msgs__rosidl_generator_py.so" to ""
[4.953s] -- Installing: /home/nikunj/bwi_ros2_simulation/install/segway_msgs/share/segway_msgs/msg/AuxPower.idl
[4.953s] -- Installing: /home/nikunj/bwi_ros2_simulation/install/segway_msgs/share/segway_msgs/msg/ConfigCmd.idl
[4.953s] -- Installing: /home/nikunj/bwi_ros2_simulation/install/segway_msgs/share/segway_msgs/msg/Configuration.idl
[4.953s] -- Installing: /home/nikunj/bwi_ros2_simulation/install/segway_msgs/share/segway_msgs/msg/Dynamics.idl
[4.953s] -- Installing: /home/nikunj/bwi_ros2_simulation/install/segway_msgs/share/segway_msgs/msg/Faultlog.idl
[4.953s] -- Installing: /home/nikunj/bwi_ros2_simulation/install/segway_msgs/share/segway_msgs/msg/Propulsion.idl
[4.953s] -- Installing: /home/nikunj/bwi_ros2_simulation/install/segway_msgs/share/segway_msgs/msg/Status.idl
[4.953s] -- Installing: /home/nikunj/bwi_ros2_simulation/install/segway_msgs/share/segway_msgs/msg/AuxPower.msg
[4.953s] -- Installing: /home/nikunj/bwi_ros2_simulation/install/segway_msgs/share/segway_msgs/msg/ConfigCmd.msg
[4.953s] -- Installing: /home/nikunj/bwi_ros2_simulation/install/segway_msgs/share/segway_msgs/msg/Configuration.msg
[4.953s] -- Installing: /home/nikunj/bwi_ros2_simulation/install/segway_msgs/share/segway_msgs/msg/Dynamics.msg
[4.953s] -- Installing: /home/nikunj/bwi_ros2_simulation/install/segway_msgs/share/segway_msgs/msg/Faultlog.msg
[4.953s] -- Installing: /home/nikunj/bwi_ros2_simulation/install/segway_msgs/share/segway_msgs/msg/Propulsion.msg
[4.953s] -- Installing: /home/nikunj/bwi_ros2_simulation/install/segway_msgs/share/segway_msgs/msg/Status.msg
[4.953s] -- Installing: /home/nikunj/bwi_ros2_simulation/install/segway_msgs/share/ament_index/resource_index/package_run_dependencies/segway_msgs
[4.953s] -- Installing: /home/nikunj/bwi_ros2_simulation/install/segway_msgs/share/ament_index/resource_index/parent_prefix_path/segway_msgs
[4.953s] -- Installing: /home/nikunj/bwi_ros2_simulation/install/segway_msgs/share/segway_msgs/environment/ament_prefix_path.sh
[4.953s] -- Installing: /home/nikunj/bwi_ros2_simulation/install/segway_msgs/share/segway_msgs/environment/ament_prefix_path.dsv
[4.953s] -- Installing: /home/nikunj/bwi_ros2_simulation/install/segway_msgs/share/segway_msgs/environment/path.sh
[4.953s] -- Installing: /home/nikunj/bwi_ros2_simulation/install/segway_msgs/share/segway_msgs/environment/path.dsv
[4.953s] -- Installing: /home/nikunj/bwi_ros2_simulation/install/segway_msgs/share/segway_msgs/local_setup.bash
[4.954s] -- Installing: /home/nikunj/bwi_ros2_simulation/install/segway_msgs/share/segway_msgs/local_setup.sh
[4.954s] -- Installing: /home/nikunj/bwi_ros2_simulation/install/segway_msgs/share/segway_msgs/local_setup.zsh
[4.954s] -- Installing: /home/nikunj/bwi_ros2_simulation/install/segway_msgs/share/segway_msgs/local_setup.dsv
[4.954s] -- Installing: /home/nikunj/bwi_ros2_simulation/install/segway_msgs/share/segway_msgs/package.dsv
[4.954s] -- Installing: /home/nikunj/bwi_ros2_simulation/install/segway_msgs/share/ament_index/resource_index/packages/segway_msgs
[4.954s] -- Installing: /home/nikunj/bwi_ros2_simulation/install/segway_msgs/share/segway_msgs/cmake/export_segway_msgs__rosidl_generator_cExport.cmake
[4.954s] -- Installing: /home/nikunj/bwi_ros2_simulation/install/segway_msgs/share/segway_msgs/cmake/export_segway_msgs__rosidl_generator_cExport-noconfig.cmake
[4.954s] -- Installing: /home/nikunj/bwi_ros2_simulation/install/segway_msgs/share/segway_msgs/cmake/export_segway_msgs__rosidl_typesupport_fastrtps_cExport.cmake
[4.954s] -- Installing: /home/nikunj/bwi_ros2_simulation/install/segway_msgs/share/segway_msgs/cmake/export_segway_msgs__rosidl_typesupport_fastrtps_cExport-noconfig.cmake
[4.954s] -- Installing: /home/nikunj/bwi_ros2_simulation/install/segway_msgs/share/segway_msgs/cmake/segway_msgs__rosidl_typesupport_introspection_cExport.cmake
[4.954s] -- Installing: /home/nikunj/bwi_ros2_simulation/install/segway_msgs/share/segway_msgs/cmake/segway_msgs__rosidl_typesupport_introspection_cExport-noconfig.cmake
[4.954s] -- Installing: /home/nikunj/bwi_ros2_simulation/install/segway_msgs/share/segway_msgs/cmake/segway_msgs__rosidl_typesupport_cExport.cmake
[4.954s] -- Installing: /home/nikunj/bwi_ros2_simulation/install/segway_msgs/share/segway_msgs/cmake/segway_msgs__rosidl_typesupport_cExport-noconfig.cmake
[4.954s] -- Installing: /home/nikunj/bwi_ros2_simulation/install/segway_msgs/share/segway_msgs/cmake/export_segway_msgs__rosidl_generator_cppExport.cmake
[4.954s] -- Installing: /home/nikunj/bwi_ros2_simulation/install/segway_msgs/share/segway_msgs/cmake/export_segway_msgs__rosidl_typesupport_fastrtps_cppExport.cmake
[4.954s] -- Installing: /home/nikunj/bwi_ros2_simulation/install/segway_msgs/share/segway_msgs/cmake/export_segway_msgs__rosidl_typesupport_fastrtps_cppExport-noconfig.cmake
[4.954s] -- Installing: /home/nikunj/bwi_ros2_simulation/install/segway_msgs/share/segway_msgs/cmake/segway_msgs__rosidl_typesupport_introspection_cppExport.cmake
[4.954s] -- Installing: /home/nikunj/bwi_ros2_simulation/install/segway_msgs/share/segway_msgs/cmake/segway_msgs__rosidl_typesupport_introspection_cppExport-noconfig.cmake
[4.954s] -- Installing: /home/nikunj/bwi_ros2_simulation/install/segway_msgs/share/segway_msgs/cmake/segway_msgs__rosidl_typesupport_cppExport.cmake
[4.954s] -- Installing: /home/nikunj/bwi_ros2_simulation/install/segway_msgs/share/segway_msgs/cmake/segway_msgs__rosidl_typesupport_cppExport-noconfig.cmake
[4.955s] -- Installing: /home/nikunj/bwi_ros2_simulation/install/segway_msgs/share/segway_msgs/cmake/export_segway_msgs__rosidl_generator_pyExport.cmake
[4.955s] -- Installing: /home/nikunj/bwi_ros2_simulation/install/segway_msgs/share/segway_msgs/cmake/export_segway_msgs__rosidl_generator_pyExport-noconfig.cmake
[4.955s] -- Installing: /home/nikunj/bwi_ros2_simulation/install/segway_msgs/share/segway_msgs/cmake/rosidl_cmake-extras.cmake
[4.955s] -- Installing: /home/nikunj/bwi_ros2_simulation/install/segway_msgs/share/segway_msgs/cmake/ament_cmake_export_dependencies-extras.cmake
[4.955s] -- Installing: /home/nikunj/bwi_ros2_simulation/install/segway_msgs/share/segway_msgs/cmake/ament_cmake_export_include_directories-extras.cmake
[4.955s] -- Installing: /home/nikunj/bwi_ros2_simulation/install/segway_msgs/share/segway_msgs/cmake/ament_cmake_export_libraries-extras.cmake
[4.955s] -- Installing: /home/nikunj/bwi_ros2_simulation/install/segway_msgs/share/segway_msgs/cmake/ament_cmake_export_targets-extras.cmake
[4.955s] -- Installing: /home/nikunj/bwi_ros2_simulation/install/segway_msgs/share/segway_msgs/cmake/rosidl_cmake_export_typesupport_targets-extras.cmake
[4.955s] -- Installing: /home/nikunj/bwi_ros2_simulation/install/segway_msgs/share/segway_msgs/cmake/rosidl_cmake_export_typesupport_libraries-extras.cmake
[4.955s] -- Installing: /home/nikunj/bwi_ros2_simulation/install/segway_msgs/share/segway_msgs/cmake/segway_msgsConfig.cmake
[4.955s] -- Installing: /home/nikunj/bwi_ros2_simulation/install/segway_msgs/share/segway_msgs/cmake/segway_msgsConfig-version.cmake
[4.955s] -- Installing: /home/nikunj/bwi_ros2_simulation/install/segway_msgs/share/segway_msgs/package.xml
[4.957s] Invoked command in '/home/nikunj/bwi_ros2_simulation/build/segway_msgs' returned '0': CMAKE_PREFIX_PATH=${CMAKE_PREFIX_PATH}:/home/nikunj/bwi_ros2_simulation/install/test_odom:/home/nikunj/bwi_ros2_simulation/install/test_cmaes:/home/nikunj/bwi_ros2_simulation/install/teleop_multi_robot:/home/nikunj/bwi_ros2_simulation/install/scan_filter:/home/nikunj/bwi_ros2_simulation/install/odom_tf_publisher:/home/nikunj/bwi_ros2_simulation/install/lwr_comms_client:/home/nikunj/bwi_ros2_simulation/install/kinect_data_collector:/home/nikunj/bwi_ros2_simulation/install/keep_alive_pkg:/home/nikunj/bwi_ros2_simulation/install/collision_monitor:/home/nikunj/bwi_ros2_simulation/install/bwi_tools:/home/nikunj/bwi_ros2_simulation/install/bwi_tasks:/home/nikunj/bwi_ros2_simulation/install/bwi_reset:/home/nikunj/bwi_ros2_simulation/install/bwi_perc:/home/nikunj/bwi_ros2_simulation/install/bwi_hallucination:/opt/ros/humble /usr/bin/cmake --install /home/nikunj/bwi_ros2_simulation/build/segway_msgs
