[1.000s] Invoking command in '/home/nikunj/bwi_ros2_simulation/src/bwi_tools': AMENT_PREFIX_PATH=/home/nikunj/bwi_ros2_simulation/install/bwi_perception_interface:${AMENT_PREFIX_PATH} CMAKE_PREFIX_PATH=/home/nikunj/bwi_ros2_simulation/install/bwi_perception_interface LD_LIBRARY_PATH=/home/nikunj/bwi_ros2_simulation/install/bwi_perception_interface/lib:${LD_LIBRARY_PATH} PYTHONPATH=/home/nikunj/bwi_ros2_simulation/build/bwi_tools/prefix_override:/usr/lib/python3/dist-packages/colcon_core/task/python/colcon_distutils_commands:/home/nikunj/bwi_ros2_simulation/install/bwi_tools/lib/python3.10/site-packages:/home/nikunj/bwi_ros2_simulation/install/bwi_perception_interface/local/lib/python3.10/dist-packages:${PYTHONPATH} /usr/bin/python3 -W ignore:setup.py install is deprecated -W ignore:easy_install command is deprecated setup.py egg_info --egg-base ../../build/bwi_tools build --build-base /home/nikunj/bwi_ros2_simulation/build/bwi_tools/build install --record /home/nikunj/bwi_ros2_simulation/build/bwi_tools/install.log --single-version-externally-managed install_data
[1.262s] running egg_info
[1.263s] writing ../../build/bwi_tools/bwi_tools.egg-info/PKG-INFO
[1.263s] writing dependency_links to ../../build/bwi_tools/bwi_tools.egg-info/dependency_links.txt
[1.263s] writing entry points to ../../build/bwi_tools/bwi_tools.egg-info/entry_points.txt
[1.264s] writing requirements to ../../build/bwi_tools/bwi_tools.egg-info/requires.txt
[1.264s] writing top-level names to ../../build/bwi_tools/bwi_tools.egg-info/top_level.txt
[1.267s] reading manifest file '../../build/bwi_tools/bwi_tools.egg-info/SOURCES.txt'
[1.268s] writing manifest file '../../build/bwi_tools/bwi_tools.egg-info/SOURCES.txt'
[1.268s] running build
[1.268s] running build_py
[1.268s] running install
[1.268s] running install_lib
[1.269s] running install_data
[1.269s] running install_egg_info
[1.271s] removing '/home/nikunj/bwi_ros2_simulation/install/bwi_tools/lib/python3.10/site-packages/bwi_tools-0.0.0-py3.10.egg-info' (and everything under it)
[1.271s] Copying ../../build/bwi_tools/bwi_tools.egg-info to /home/nikunj/bwi_ros2_simulation/install/bwi_tools/lib/python3.10/site-packages/bwi_tools-0.0.0-py3.10.egg-info
[1.271s] running install_scripts
[1.296s] Installing range_analyzer_node script to /home/nikunj/bwi_ros2_simulation/install/bwi_tools/lib/bwi_tools
[1.296s] writing list of installed files to '/home/nikunj/bwi_ros2_simulation/build/bwi_tools/install.log'
[1.342s] Invoked command in '/home/nikunj/bwi_ros2_simulation/src/bwi_tools' returned '0': AMENT_PREFIX_PATH=/home/nikunj/bwi_ros2_simulation/install/bwi_perception_interface:${AMENT_PREFIX_PATH} CMAKE_PREFIX_PATH=/home/nikunj/bwi_ros2_simulation/install/bwi_perception_interface LD_LIBRARY_PATH=/home/nikunj/bwi_ros2_simulation/install/bwi_perception_interface/lib:${LD_LIBRARY_PATH} PYTHONPATH=/home/nikunj/bwi_ros2_simulation/build/bwi_tools/prefix_override:/usr/lib/python3/dist-packages/colcon_core/task/python/colcon_distutils_commands:/home/nikunj/bwi_ros2_simulation/install/bwi_tools/lib/python3.10/site-packages:/home/nikunj/bwi_ros2_simulation/install/bwi_perception_interface/local/lib/python3.10/dist-packages:${PYTHONPATH} /usr/bin/python3 -W ignore:setup.py install is deprecated -W ignore:easy_install command is deprecated setup.py egg_info --egg-base ../../build/bwi_tools build --build-base /home/nikunj/bwi_ros2_simulation/build/bwi_tools/build install --record /home/nikunj/bwi_ros2_simulation/build/bwi_tools/install.log --single-version-externally-managed install_data
