[0.162s] Invoking command in '/home/nikunj/bwi_ros2_simulation/build/segway_rmp_ros2': CMAKE_PREFIX_PATH=/home/nikunj/bwi_ros2_simulation/install/libsegwayrmp:/home/nikunj/bwi_ros2_simulation/install/utexas_gdc:/home/nikunj/bwi_ros2_simulation/install/urg_node2:/home/nikunj/bwi_ros2_simulation/install/topic_tools:/home/nikunj/bwi_ros2_simulation/install/topic_tools_interfaces:/home/nikunj/bwi_ros2_simulation/install/segway_rmp_ros2:/home/nikunj/bwi_ros2_simulation/install/segway_msgs:/home/nikunj/bwi_ros2_simulation/install/segway_description:/home/nikunj/bwi_ros2_simulation/install/segbot_description:/home/nikunj/bwi_ros2_simulation/install/pr2_description:/home/nikunj/bwi_ros2_simulation/install/nav2_bringup:/home/nikunj/bwi_ros2_simulation/install/my_virtual_obstacle_layer:/home/nikunj/bwi_ros2_simulation/install/ivcon:/home/nikunj/bwi_ros2_simulation/install/convex_decomposition:/home/nikunj/bwi_ros2_simulation/install/test_odom:/home/nikunj/bwi_ros2_simulation/install/test_cmaes:/home/nikunj/bwi_ros2_simulation/install/teleop_multi_robot:/home/nikunj/bwi_ros2_simulation/install/scan_filter:/home/nikunj/bwi_ros2_simulation/install/kinect_data_collector:/home/nikunj/bwi_ros2_simulation/install/collision_monitor:/home/nikunj/bwi_ros2_simulation/install/bwi_tools:/home/nikunj/bwi_ros2_simulation/install/bwi_tasks:/home/nikunj/bwi_ros2_simulation/install/bwi_reset:/home/nikunj/bwi_ros2_simulation/install/bwi_perc:/opt/ros/humble:/home/nikunj/bwi_ros2_simulation/install/bwi_tasks_interface:/home/nikunj/bwi_ros2_simulation/install/bwi_perception_interface:/home/nikunj/bwi_ros2_simulation/install/bwi_launch:/home/nikunj/linorobot2_ws/install/sllidar_ros2:/home/nikunj/linorobot2_ws/install/micro_ros_setup:/home/nikunj/linorobot2_ws/install/linorobot2_bringup:/home/nikunj/linorobot2_ws/install/micro_ros_agent:/home/nikunj/linorobot2_ws/install/micro_ros_msgs:/home/nikunj/linorobot2_ws/install/linorobot2_viz:/home/nikunj/linorobot2_ws/install/linorobot2_navigation:/home/nikunj/linorobot2_ws/install/linorobot2_gazebo:/home/nikunj/linorobot2_ws/install/linorobot2_description:/home/nikunj/linorobot2_ws/install/linorobot2_base:/home/nikunj/linorobot2_ws/install/linorobot2 LD_LIBRARY_PATH=/home/nikunj/bwi_ros2_simulation/install/libsegwayrmp/lib:/home/nikunj/bwi_ros2_simulation/install/urg_node2/lib:/home/nikunj/bwi_ros2_simulation/install/topic_tools/lib:/home/nikunj/bwi_ros2_simulation/install/topic_tools_interfaces/lib:/home/nikunj/bwi_ros2_simulation/install/segway_rmp_ros2/lib:/home/nikunj/bwi_ros2_simulation/install/segway_msgs/lib:/home/nikunj/bwi_ros2_simulation/install/my_virtual_obstacle_layer/lib:/home/nikunj/bwi_ros2_simulation/install/bwi_tasks_interface/lib:/home/nikunj/bwi_ros2_simulation/install/bwi_perception_interface/lib:/home/nikunj/linorobot2_ws/install/micro_ros_agent/lib:/home/nikunj/linorobot2_ws/install/micro_ros_msgs/lib:/usr/lib/x86_64-linux-gnu/gazebo-11/plugins:/opt/ros/humble/opt/rviz_ogre_vendor/lib:/opt/ros/humble/lib/x86_64-linux-gnu:/opt/ros/humble/lib /usr/bin/cmake --build /home/nikunj/bwi_ros2_simulation/build/segway_rmp_ros2 -- -j32 -l32
[0.236s] [  2%] Built target segway_rmp_ros2__cpp
[0.248s] [ 12%] Built target segway_rmp_ros2__rosidl_generator_c
[0.249s] [ 12%] Built target ament_cmake_python_copy_segway_rmp_ros2
[0.277s] [ 31%] Built target segway_rmp_ros2__rosidl_typesupport_cpp
[0.278s] [ 31%] Built target segway_rmp_ros2__rosidl_typesupport_fastrtps_cpp
[0.278s] [ 41%] Built target segway_rmp_ros2__rosidl_typesupport_introspection_cpp
[0.278s] [ 51%] Built target segway_rmp_ros2__rosidl_typesupport_c
[0.279s] [ 60%] Built target segway_rmp_ros2__rosidl_typesupport_introspection_c
[0.279s] [ 70%] Built target segway_rmp_ros2__rosidl_typesupport_fastrtps_c
[0.292s] [ 70%] Built target segway_rmp_ros2
[0.320s] [ 73%] Built target segway_rmp_ros2__py
[0.334s] [ 78%] Built target segway_rmp_node_ros2
[0.354s] [ 85%] Built target segway_rmp_ros2__rosidl_generator_py
[0.372s] [ 90%] Built target segway_rmp_ros2__rosidl_typesupport_fastrtps_c__pyext
[0.376s] [ 95%] Built target segway_rmp_ros2__rosidl_typesupport_introspection_c__pyext
[0.380s] [100%] Built target segway_rmp_ros2__rosidl_typesupport_c__pyext
[0.557s] running egg_info
[0.557s] writing segway_rmp_ros2.egg-info/PKG-INFO
[0.557s] writing dependency_links to segway_rmp_ros2.egg-info/dependency_links.txt
[0.557s] writing top-level names to segway_rmp_ros2.egg-info/top_level.txt
[0.559s] reading manifest file 'segway_rmp_ros2.egg-info/SOURCES.txt'
[0.559s] writing manifest file 'segway_rmp_ros2.egg-info/SOURCES.txt'
[0.582s] [100%] Built target ament_cmake_python_build_segway_rmp_ros2_egg
[0.983s] Invoked command in '/home/nikunj/bwi_ros2_simulation/build/segway_rmp_ros2' returned '0': CMAKE_PREFIX_PATH=/home/nikunj/bwi_ros2_simulation/install/libsegwayrmp:/home/nikunj/bwi_ros2_simulation/install/utexas_gdc:/home/nikunj/bwi_ros2_simulation/install/urg_node2:/home/nikunj/bwi_ros2_simulation/install/topic_tools:/home/nikunj/bwi_ros2_simulation/install/topic_tools_interfaces:/home/nikunj/bwi_ros2_simulation/install/segway_rmp_ros2:/home/nikunj/bwi_ros2_simulation/install/segway_msgs:/home/nikunj/bwi_ros2_simulation/install/segway_description:/home/nikunj/bwi_ros2_simulation/install/segbot_description:/home/nikunj/bwi_ros2_simulation/install/pr2_description:/home/nikunj/bwi_ros2_simulation/install/nav2_bringup:/home/nikunj/bwi_ros2_simulation/install/my_virtual_obstacle_layer:/home/nikunj/bwi_ros2_simulation/install/ivcon:/home/nikunj/bwi_ros2_simulation/install/convex_decomposition:/home/nikunj/bwi_ros2_simulation/install/test_odom:/home/nikunj/bwi_ros2_simulation/install/test_cmaes:/home/nikunj/bwi_ros2_simulation/install/teleop_multi_robot:/home/nikunj/bwi_ros2_simulation/install/scan_filter:/home/nikunj/bwi_ros2_simulation/install/kinect_data_collector:/home/nikunj/bwi_ros2_simulation/install/collision_monitor:/home/nikunj/bwi_ros2_simulation/install/bwi_tools:/home/nikunj/bwi_ros2_simulation/install/bwi_tasks:/home/nikunj/bwi_ros2_simulation/install/bwi_reset:/home/nikunj/bwi_ros2_simulation/install/bwi_perc:/opt/ros/humble:/home/nikunj/bwi_ros2_simulation/install/bwi_tasks_interface:/home/nikunj/bwi_ros2_simulation/install/bwi_perception_interface:/home/nikunj/bwi_ros2_simulation/install/bwi_launch:/home/nikunj/linorobot2_ws/install/sllidar_ros2:/home/nikunj/linorobot2_ws/install/micro_ros_setup:/home/nikunj/linorobot2_ws/install/linorobot2_bringup:/home/nikunj/linorobot2_ws/install/micro_ros_agent:/home/nikunj/linorobot2_ws/install/micro_ros_msgs:/home/nikunj/linorobot2_ws/install/linorobot2_viz:/home/nikunj/linorobot2_ws/install/linorobot2_navigation:/home/nikunj/linorobot2_ws/install/linorobot2_gazebo:/home/nikunj/linorobot2_ws/install/linorobot2_description:/home/nikunj/linorobot2_ws/install/linorobot2_base:/home/nikunj/linorobot2_ws/install/linorobot2 LD_LIBRARY_PATH=/home/nikunj/bwi_ros2_simulation/install/libsegwayrmp/lib:/home/nikunj/bwi_ros2_simulation/install/urg_node2/lib:/home/nikunj/bwi_ros2_simulation/install/topic_tools/lib:/home/nikunj/bwi_ros2_simulation/install/topic_tools_interfaces/lib:/home/nikunj/bwi_ros2_simulation/install/segway_rmp_ros2/lib:/home/nikunj/bwi_ros2_simulation/install/segway_msgs/lib:/home/nikunj/bwi_ros2_simulation/install/my_virtual_obstacle_layer/lib:/home/nikunj/bwi_ros2_simulation/install/bwi_tasks_interface/lib:/home/nikunj/bwi_ros2_simulation/install/bwi_perception_interface/lib:/home/nikunj/linorobot2_ws/install/micro_ros_agent/lib:/home/nikunj/linorobot2_ws/install/micro_ros_msgs/lib:/usr/lib/x86_64-linux-gnu/gazebo-11/plugins:/opt/ros/humble/opt/rviz_ogre_vendor/lib:/opt/ros/humble/lib/x86_64-linux-gnu:/opt/ros/humble/lib /usr/bin/cmake --build /home/nikunj/bwi_ros2_simulation/build/segway_rmp_ros2 -- -j32 -l32
[0.986s] Invoking command in '/home/nikunj/bwi_ros2_simulation/build/segway_rmp_ros2': CMAKE_PREFIX_PATH=/home/nikunj/bwi_ros2_simulation/install/libsegwayrmp:/home/nikunj/bwi_ros2_simulation/install/utexas_gdc:/home/nikunj/bwi_ros2_simulation/install/urg_node2:/home/nikunj/bwi_ros2_simulation/install/topic_tools:/home/nikunj/bwi_ros2_simulation/install/topic_tools_interfaces:/home/nikunj/bwi_ros2_simulation/install/segway_rmp_ros2:/home/nikunj/bwi_ros2_simulation/install/segway_msgs:/home/nikunj/bwi_ros2_simulation/install/segway_description:/home/nikunj/bwi_ros2_simulation/install/segbot_description:/home/nikunj/bwi_ros2_simulation/install/pr2_description:/home/nikunj/bwi_ros2_simulation/install/nav2_bringup:/home/nikunj/bwi_ros2_simulation/install/my_virtual_obstacle_layer:/home/nikunj/bwi_ros2_simulation/install/ivcon:/home/nikunj/bwi_ros2_simulation/install/convex_decomposition:/home/nikunj/bwi_ros2_simulation/install/test_odom:/home/nikunj/bwi_ros2_simulation/install/test_cmaes:/home/nikunj/bwi_ros2_simulation/install/teleop_multi_robot:/home/nikunj/bwi_ros2_simulation/install/scan_filter:/home/nikunj/bwi_ros2_simulation/install/kinect_data_collector:/home/nikunj/bwi_ros2_simulation/install/collision_monitor:/home/nikunj/bwi_ros2_simulation/install/bwi_tools:/home/nikunj/bwi_ros2_simulation/install/bwi_tasks:/home/nikunj/bwi_ros2_simulation/install/bwi_reset:/home/nikunj/bwi_ros2_simulation/install/bwi_perc:/opt/ros/humble:/home/nikunj/bwi_ros2_simulation/install/bwi_tasks_interface:/home/nikunj/bwi_ros2_simulation/install/bwi_perception_interface:/home/nikunj/bwi_ros2_simulation/install/bwi_launch:/home/nikunj/linorobot2_ws/install/sllidar_ros2:/home/nikunj/linorobot2_ws/install/micro_ros_setup:/home/nikunj/linorobot2_ws/install/linorobot2_bringup:/home/nikunj/linorobot2_ws/install/micro_ros_agent:/home/nikunj/linorobot2_ws/install/micro_ros_msgs:/home/nikunj/linorobot2_ws/install/linorobot2_viz:/home/nikunj/linorobot2_ws/install/linorobot2_navigation:/home/nikunj/linorobot2_ws/install/linorobot2_gazebo:/home/nikunj/linorobot2_ws/install/linorobot2_description:/home/nikunj/linorobot2_ws/install/linorobot2_base:/home/nikunj/linorobot2_ws/install/linorobot2 LD_LIBRARY_PATH=/home/nikunj/bwi_ros2_simulation/install/libsegwayrmp/lib:/home/nikunj/bwi_ros2_simulation/install/urg_node2/lib:/home/nikunj/bwi_ros2_simulation/install/topic_tools/lib:/home/nikunj/bwi_ros2_simulation/install/topic_tools_interfaces/lib:/home/nikunj/bwi_ros2_simulation/install/segway_rmp_ros2/lib:/home/nikunj/bwi_ros2_simulation/install/segway_msgs/lib:/home/nikunj/bwi_ros2_simulation/install/my_virtual_obstacle_layer/lib:/home/nikunj/bwi_ros2_simulation/install/bwi_tasks_interface/lib:/home/nikunj/bwi_ros2_simulation/install/bwi_perception_interface/lib:/home/nikunj/linorobot2_ws/install/micro_ros_agent/lib:/home/nikunj/linorobot2_ws/install/micro_ros_msgs/lib:/usr/lib/x86_64-linux-gnu/gazebo-11/plugins:/opt/ros/humble/opt/rviz_ogre_vendor/lib:/opt/ros/humble/lib/x86_64-linux-gnu:/opt/ros/humble/lib /usr/bin/cmake --install /home/nikunj/bwi_ros2_simulation/build/segway_rmp_ros2
[1.005s] -- Install configuration: "Debug"
[1.005s] -- Up-to-date: /home/nikunj/bwi_ros2_simulation/install/segway_rmp_ros2/share/ament_index/resource_index/rosidl_interfaces/segway_rmp_ros2
[1.005s] -- Up-to-date: /home/nikunj/bwi_ros2_simulation/install/segway_rmp_ros2/include/segway_rmp_ros2/segway_rmp_ros2
[1.005s] -- Up-to-date: /home/nikunj/bwi_ros2_simulation/install/segway_rmp_ros2/include/segway_rmp_ros2/segway_rmp_ros2/msg
[1.005s] -- Up-to-date: /home/nikunj/bwi_ros2_simulation/install/segway_rmp_ros2/include/segway_rmp_ros2/segway_rmp_ros2/msg/segway_status_stamped.h
[1.005s] -- Up-to-date: /home/nikunj/bwi_ros2_simulation/install/segway_rmp_ros2/include/segway_rmp_ros2/segway_rmp_ros2/msg/segway_status.h
[1.005s] -- Up-to-date: /home/nikunj/bwi_ros2_simulation/install/segway_rmp_ros2/include/segway_rmp_ros2/segway_rmp_ros2/msg/detail
[1.006s] -- Up-to-date: /home/nikunj/bwi_ros2_simulation/install/segway_rmp_ros2/include/segway_rmp_ros2/segway_rmp_ros2/msg/detail/segway_status__functions.c
[1.006s] -- Up-to-date: /home/nikunj/bwi_ros2_simulation/install/segway_rmp_ros2/include/segway_rmp_ros2/segway_rmp_ros2/msg/detail/segway_status_stamped__functions.c
[1.006s] -- Up-to-date: /home/nikunj/bwi_ros2_simulation/install/segway_rmp_ros2/include/segway_rmp_ros2/segway_rmp_ros2/msg/detail/segway_status_stamped__functions.h
[1.006s] -- Up-to-date: /home/nikunj/bwi_ros2_simulation/install/segway_rmp_ros2/include/segway_rmp_ros2/segway_rmp_ros2/msg/detail/segway_status_stamped__struct.h
[1.006s] -- Up-to-date: /home/nikunj/bwi_ros2_simulation/install/segway_rmp_ros2/include/segway_rmp_ros2/segway_rmp_ros2/msg/detail/segway_status__type_support.h
[1.006s] -- Up-to-date: /home/nikunj/bwi_ros2_simulation/install/segway_rmp_ros2/include/segway_rmp_ros2/segway_rmp_ros2/msg/detail/segway_status__functions.h
[1.007s] -- Up-to-date: /home/nikunj/bwi_ros2_simulation/install/segway_rmp_ros2/include/segway_rmp_ros2/segway_rmp_ros2/msg/detail/segway_status_stamped__type_support.h
[1.007s] -- Up-to-date: /home/nikunj/bwi_ros2_simulation/install/segway_rmp_ros2/include/segway_rmp_ros2/segway_rmp_ros2/msg/detail/segway_status__struct.h
[1.007s] -- Up-to-date: /home/nikunj/bwi_ros2_simulation/install/segway_rmp_ros2/include/segway_rmp_ros2/segway_rmp_ros2/msg/rosidl_generator_c__visibility_control.h
[1.007s] -- Up-to-date: /home/nikunj/bwi_ros2_simulation/install/segway_rmp_ros2/share/segway_rmp_ros2/environment/library_path.sh
[1.007s] -- Up-to-date: /home/nikunj/bwi_ros2_simulation/install/segway_rmp_ros2/share/segway_rmp_ros2/environment/library_path.dsv
[1.007s] -- Up-to-date: /home/nikunj/bwi_ros2_simulation/install/segway_rmp_ros2/lib/libsegway_rmp_ros2__rosidl_generator_c.so
[1.007s] -- Up-to-date: /home/nikunj/bwi_ros2_simulation/install/segway_rmp_ros2/include/segway_rmp_ros2/segway_rmp_ros2
[1.007s] -- Up-to-date: /home/nikunj/bwi_ros2_simulation/install/segway_rmp_ros2/include/segway_rmp_ros2/segway_rmp_ros2/msg
[1.007s] -- Up-to-date: /home/nikunj/bwi_ros2_simulation/install/segway_rmp_ros2/include/segway_rmp_ros2/segway_rmp_ros2/msg/detail
[1.007s] -- Up-to-date: /home/nikunj/bwi_ros2_simulation/install/segway_rmp_ros2/include/segway_rmp_ros2/segway_rmp_ros2/msg/detail/segway_status_stamped__rosidl_typesupport_fastrtps_c.h
[1.008s] -- Up-to-date: /home/nikunj/bwi_ros2_simulation/install/segway_rmp_ros2/include/segway_rmp_ros2/segway_rmp_ros2/msg/detail/segway_status__rosidl_typesupport_fastrtps_c.h
[1.008s] -- Up-to-date: /home/nikunj/bwi_ros2_simulation/install/segway_rmp_ros2/include/segway_rmp_ros2/segway_rmp_ros2/msg/rosidl_typesupport_fastrtps_c__visibility_control.h
[1.008s] -- Up-to-date: /home/nikunj/bwi_ros2_simulation/install/segway_rmp_ros2/lib/libsegway_rmp_ros2__rosidl_typesupport_fastrtps_c.so
[1.008s] -- Up-to-date: /home/nikunj/bwi_ros2_simulation/install/segway_rmp_ros2/include/segway_rmp_ros2/segway_rmp_ros2
[1.008s] -- Up-to-date: /home/nikunj/bwi_ros2_simulation/install/segway_rmp_ros2/include/segway_rmp_ros2/segway_rmp_ros2/msg
[1.008s] -- Up-to-date: /home/nikunj/bwi_ros2_simulation/install/segway_rmp_ros2/include/segway_rmp_ros2/segway_rmp_ros2/msg/segway_status_stamped.hpp
[1.008s] -- Up-to-date: /home/nikunj/bwi_ros2_simulation/install/segway_rmp_ros2/include/segway_rmp_ros2/segway_rmp_ros2/msg/rosidl_generator_cpp__visibility_control.hpp
[1.008s] -- Up-to-date: /home/nikunj/bwi_ros2_simulation/install/segway_rmp_ros2/include/segway_rmp_ros2/segway_rmp_ros2/msg/segway_status.hpp
[1.008s] -- Up-to-date: /home/nikunj/bwi_ros2_simulation/install/segway_rmp_ros2/include/segway_rmp_ros2/segway_rmp_ros2/msg/detail
[1.008s] -- Up-to-date: /home/nikunj/bwi_ros2_simulation/install/segway_rmp_ros2/include/segway_rmp_ros2/segway_rmp_ros2/msg/detail/segway_status_stamped__builder.hpp
[1.008s] -- Up-to-date: /home/nikunj/bwi_ros2_simulation/install/segway_rmp_ros2/include/segway_rmp_ros2/segway_rmp_ros2/msg/detail/segway_status_stamped__struct.hpp
[1.008s] -- Up-to-date: /home/nikunj/bwi_ros2_simulation/install/segway_rmp_ros2/include/segway_rmp_ros2/segway_rmp_ros2/msg/detail/segway_status__builder.hpp
[1.008s] -- Up-to-date: /home/nikunj/bwi_ros2_simulation/install/segway_rmp_ros2/include/segway_rmp_ros2/segway_rmp_ros2/msg/detail/segway_status_stamped__traits.hpp
[1.008s] -- Up-to-date: /home/nikunj/bwi_ros2_simulation/install/segway_rmp_ros2/include/segway_rmp_ros2/segway_rmp_ros2/msg/detail/segway_status__traits.hpp
[1.008s] -- Up-to-date: /home/nikunj/bwi_ros2_simulation/install/segway_rmp_ros2/include/segway_rmp_ros2/segway_rmp_ros2/msg/detail/segway_status__struct.hpp
[1.009s] -- Up-to-date: /home/nikunj/bwi_ros2_simulation/install/segway_rmp_ros2/include/segway_rmp_ros2/segway_rmp_ros2/msg/detail/segway_status_stamped__type_support.hpp
[1.009s] -- Up-to-date: /home/nikunj/bwi_ros2_simulation/install/segway_rmp_ros2/include/segway_rmp_ros2/segway_rmp_ros2/msg/detail/segway_status__type_support.hpp
[1.009s] -- Up-to-date: /home/nikunj/bwi_ros2_simulation/install/segway_rmp_ros2/include/segway_rmp_ros2/segway_rmp_ros2
[1.009s] -- Up-to-date: /home/nikunj/bwi_ros2_simulation/install/segway_rmp_ros2/include/segway_rmp_ros2/segway_rmp_ros2/msg
[1.009s] -- Up-to-date: /home/nikunj/bwi_ros2_simulation/install/segway_rmp_ros2/include/segway_rmp_ros2/segway_rmp_ros2/msg/detail
[1.009s] -- Up-to-date: /home/nikunj/bwi_ros2_simulation/install/segway_rmp_ros2/include/segway_rmp_ros2/segway_rmp_ros2/msg/detail/dds_fastrtps
[1.009s] -- Up-to-date: /home/nikunj/bwi_ros2_simulation/install/segway_rmp_ros2/include/segway_rmp_ros2/segway_rmp_ros2/msg/detail/segway_status__rosidl_typesupport_fastrtps_cpp.hpp
[1.009s] -- Up-to-date: /home/nikunj/bwi_ros2_simulation/install/segway_rmp_ros2/include/segway_rmp_ros2/segway_rmp_ros2/msg/detail/segway_status_stamped__rosidl_typesupport_fastrtps_cpp.hpp
[1.009s] -- Up-to-date: /home/nikunj/bwi_ros2_simulation/install/segway_rmp_ros2/include/segway_rmp_ros2/segway_rmp_ros2/msg/rosidl_typesupport_fastrtps_cpp__visibility_control.h
[1.009s] -- Up-to-date: /home/nikunj/bwi_ros2_simulation/install/segway_rmp_ros2/lib/libsegway_rmp_ros2__rosidl_typesupport_fastrtps_cpp.so
[1.009s] -- Up-to-date: /home/nikunj/bwi_ros2_simulation/install/segway_rmp_ros2/include/segway_rmp_ros2/segway_rmp_ros2
[1.009s] -- Up-to-date: /home/nikunj/bwi_ros2_simulation/install/segway_rmp_ros2/include/segway_rmp_ros2/segway_rmp_ros2/msg
[1.009s] -- Up-to-date: /home/nikunj/bwi_ros2_simulation/install/segway_rmp_ros2/include/segway_rmp_ros2/segway_rmp_ros2/msg/detail
[1.010s] -- Up-to-date: /home/nikunj/bwi_ros2_simulation/install/segway_rmp_ros2/include/segway_rmp_ros2/segway_rmp_ros2/msg/detail/segway_status_stamped__rosidl_typesupport_introspection_c.h
[1.010s] -- Up-to-date: /home/nikunj/bwi_ros2_simulation/install/segway_rmp_ros2/include/segway_rmp_ros2/segway_rmp_ros2/msg/detail/segway_status__type_support.c
[1.010s] -- Up-to-date: /home/nikunj/bwi_ros2_simulation/install/segway_rmp_ros2/include/segway_rmp_ros2/segway_rmp_ros2/msg/detail/segway_status_stamped__type_support.c
[1.010s] -- Up-to-date: /home/nikunj/bwi_ros2_simulation/install/segway_rmp_ros2/include/segway_rmp_ros2/segway_rmp_ros2/msg/detail/segway_status__rosidl_typesupport_introspection_c.h
[1.010s] -- Up-to-date: /home/nikunj/bwi_ros2_simulation/install/segway_rmp_ros2/include/segway_rmp_ros2/segway_rmp_ros2/msg/rosidl_typesupport_introspection_c__visibility_control.h
[1.010s] -- Up-to-date: /home/nikunj/bwi_ros2_simulation/install/segway_rmp_ros2/lib/libsegway_rmp_ros2__rosidl_typesupport_introspection_c.so
[1.010s] -- Up-to-date: /home/nikunj/bwi_ros2_simulation/install/segway_rmp_ros2/lib/libsegway_rmp_ros2__rosidl_typesupport_c.so
[1.010s] -- Up-to-date: /home/nikunj/bwi_ros2_simulation/install/segway_rmp_ros2/include/segway_rmp_ros2/segway_rmp_ros2
[1.010s] -- Up-to-date: /home/nikunj/bwi_ros2_simulation/install/segway_rmp_ros2/include/segway_rmp_ros2/segway_rmp_ros2/msg
[1.010s] -- Up-to-date: /home/nikunj/bwi_ros2_simulation/install/segway_rmp_ros2/include/segway_rmp_ros2/segway_rmp_ros2/msg/detail
[1.011s] -- Up-to-date: /home/nikunj/bwi_ros2_simulation/install/segway_rmp_ros2/include/segway_rmp_ros2/segway_rmp_ros2/msg/detail/segway_status_stamped__type_support.cpp
[1.011s] -- Up-to-date: /home/nikunj/bwi_ros2_simulation/install/segway_rmp_ros2/include/segway_rmp_ros2/segway_rmp_ros2/msg/detail/segway_status__rosidl_typesupport_introspection_cpp.hpp
[1.012s] -- Up-to-date: /home/nikunj/bwi_ros2_simulation/install/segway_rmp_ros2/include/segway_rmp_ros2/segway_rmp_ros2/msg/detail/segway_status_stamped__rosidl_typesupport_introspection_cpp.hpp
[1.012s] -- Up-to-date: /home/nikunj/bwi_ros2_simulation/install/segway_rmp_ros2/include/segway_rmp_ros2/segway_rmp_ros2/msg/detail/segway_status__type_support.cpp
[1.012s] -- Up-to-date: /home/nikunj/bwi_ros2_simulation/install/segway_rmp_ros2/lib/libsegway_rmp_ros2__rosidl_typesupport_introspection_cpp.so
[1.012s] -- Up-to-date: /home/nikunj/bwi_ros2_simulation/install/segway_rmp_ros2/lib/libsegway_rmp_ros2__rosidl_typesupport_cpp.so
[1.012s] -- Up-to-date: /home/nikunj/bwi_ros2_simulation/install/segway_rmp_ros2/share/segway_rmp_ros2/environment/pythonpath.sh
[1.012s] -- Up-to-date: /home/nikunj/bwi_ros2_simulation/install/segway_rmp_ros2/share/segway_rmp_ros2/environment/pythonpath.dsv
[1.012s] -- Up-to-date: /home/nikunj/bwi_ros2_simulation/install/segway_rmp_ros2/local/lib/python3.10/dist-packages/segway_rmp_ros2-0.0.0-py3.10.egg-info
[1.012s] -- Installing: /home/nikunj/bwi_ros2_simulation/install/segway_rmp_ros2/local/lib/python3.10/dist-packages/segway_rmp_ros2-0.0.0-py3.10.egg-info/dependency_links.txt
[1.012s] -- Installing: /home/nikunj/bwi_ros2_simulation/install/segway_rmp_ros2/local/lib/python3.10/dist-packages/segway_rmp_ros2-0.0.0-py3.10.egg-info/top_level.txt
[1.012s] -- Installing: /home/nikunj/bwi_ros2_simulation/install/segway_rmp_ros2/local/lib/python3.10/dist-packages/segway_rmp_ros2-0.0.0-py3.10.egg-info/PKG-INFO
[1.012s] -- Installing: /home/nikunj/bwi_ros2_simulation/install/segway_rmp_ros2/local/lib/python3.10/dist-packages/segway_rmp_ros2-0.0.0-py3.10.egg-info/SOURCES.txt
[1.012s] -- Up-to-date: /home/nikunj/bwi_ros2_simulation/install/segway_rmp_ros2/local/lib/python3.10/dist-packages/segway_rmp_ros2
[1.012s] -- Up-to-date: /home/nikunj/bwi_ros2_simulation/install/segway_rmp_ros2/local/lib/python3.10/dist-packages/segway_rmp_ros2/segway_rmp_ros2_s__rosidl_typesupport_c.cpython-310-x86_64-linux-gnu.so
[1.013s] -- Up-to-date: /home/nikunj/bwi_ros2_simulation/install/segway_rmp_ros2/local/lib/python3.10/dist-packages/segway_rmp_ros2/segway_rmp_ros2_s__rosidl_typesupport_fastrtps_c.cpython-310-x86_64-linux-gnu.so
[1.013s] -- Up-to-date: /home/nikunj/bwi_ros2_simulation/install/segway_rmp_ros2/local/lib/python3.10/dist-packages/segway_rmp_ros2/libsegway_rmp_ros2__rosidl_generator_py.so
[1.013s] -- Up-to-date: /home/nikunj/bwi_ros2_simulation/install/segway_rmp_ros2/local/lib/python3.10/dist-packages/segway_rmp_ros2/segway_rmp_ros2_s__rosidl_typesupport_introspection_c.cpython-310-x86_64-linux-gnu.so
[1.013s] -- Up-to-date: /home/nikunj/bwi_ros2_simulation/install/segway_rmp_ros2/local/lib/python3.10/dist-packages/segway_rmp_ros2/_segway_rmp_ros2_s.ep.rosidl_typesupport_fastrtps_c.c
[1.013s] -- Up-to-date: /home/nikunj/bwi_ros2_simulation/install/segway_rmp_ros2/local/lib/python3.10/dist-packages/segway_rmp_ros2/__init__.py
[1.013s] -- Up-to-date: /home/nikunj/bwi_ros2_simulation/install/segway_rmp_ros2/local/lib/python3.10/dist-packages/segway_rmp_ros2/_segway_rmp_ros2_s.ep.rosidl_typesupport_c.c
[1.013s] -- Up-to-date: /home/nikunj/bwi_ros2_simulation/install/segway_rmp_ros2/local/lib/python3.10/dist-packages/segway_rmp_ros2/_segway_rmp_ros2_s.ep.rosidl_typesupport_introspection_c.c
[1.013s] -- Up-to-date: /home/nikunj/bwi_ros2_simulation/install/segway_rmp_ros2/local/lib/python3.10/dist-packages/segway_rmp_ros2/msg
[1.013s] -- Up-to-date: /home/nikunj/bwi_ros2_simulation/install/segway_rmp_ros2/local/lib/python3.10/dist-packages/segway_rmp_ros2/msg/_segway_status.py
[1.013s] -- Up-to-date: /home/nikunj/bwi_ros2_simulation/install/segway_rmp_ros2/local/lib/python3.10/dist-packages/segway_rmp_ros2/msg/_segway_status_stamped_s.c
[1.013s] -- Up-to-date: /home/nikunj/bwi_ros2_simulation/install/segway_rmp_ros2/local/lib/python3.10/dist-packages/segway_rmp_ros2/msg/__init__.py
[1.013s] -- Up-to-date: /home/nikunj/bwi_ros2_simulation/install/segway_rmp_ros2/local/lib/python3.10/dist-packages/segway_rmp_ros2/msg/_segway_status_s.c
[1.013s] -- Up-to-date: /home/nikunj/bwi_ros2_simulation/install/segway_rmp_ros2/local/lib/python3.10/dist-packages/segway_rmp_ros2/msg/_segway_status_stamped.py
[1.079s] Listing '/home/nikunj/bwi_ros2_simulation/install/segway_rmp_ros2/local/lib/python3.10/dist-packages/segway_rmp_ros2'...
[1.079s] Listing '/home/nikunj/bwi_ros2_simulation/install/segway_rmp_ros2/local/lib/python3.10/dist-packages/segway_rmp_ros2/msg'...
[1.080s] -- Up-to-date: /home/nikunj/bwi_ros2_simulation/install/segway_rmp_ros2/local/lib/python3.10/dist-packages/segway_rmp_ros2/segway_rmp_ros2_s__rosidl_typesupport_fastrtps_c.cpython-310-x86_64-linux-gnu.so
[1.080s] -- Up-to-date: /home/nikunj/bwi_ros2_simulation/install/segway_rmp_ros2/local/lib/python3.10/dist-packages/segway_rmp_ros2/segway_rmp_ros2_s__rosidl_typesupport_introspection_c.cpython-310-x86_64-linux-gnu.so
[1.080s] -- Up-to-date: /home/nikunj/bwi_ros2_simulation/install/segway_rmp_ros2/local/lib/python3.10/dist-packages/segway_rmp_ros2/segway_rmp_ros2_s__rosidl_typesupport_c.cpython-310-x86_64-linux-gnu.so
[1.080s] -- Up-to-date: /home/nikunj/bwi_ros2_simulation/install/segway_rmp_ros2/lib/libsegway_rmp_ros2__rosidl_generator_py.so
[1.080s] -- Up-to-date: /home/nikunj/bwi_ros2_simulation/install/segway_rmp_ros2/share/segway_rmp_ros2/msg/SegwayStatus.idl
[1.080s] -- Up-to-date: /home/nikunj/bwi_ros2_simulation/install/segway_rmp_ros2/share/segway_rmp_ros2/msg/SegwayStatusStamped.idl
[1.080s] -- Up-to-date: /home/nikunj/bwi_ros2_simulation/install/segway_rmp_ros2/share/segway_rmp_ros2/msg/SegwayStatus.msg
[1.080s] -- Up-to-date: /home/nikunj/bwi_ros2_simulation/install/segway_rmp_ros2/share/segway_rmp_ros2/msg/SegwayStatusStamped.msg
[1.081s] -- Up-to-date: /home/nikunj/bwi_ros2_simulation/install/segway_rmp_ros2/lib/segway_rmp_ros2/segway_rmp_node_ros2
[1.081s] -- Up-to-date: /home/nikunj/bwi_ros2_simulation/install/segway_rmp_ros2/share/segway_rmp_ros2//launch
[1.081s] -- Up-to-date: /home/nikunj/bwi_ros2_simulation/install/segway_rmp_ros2/share/segway_rmp_ros2//launch/segway_rmp_ros2.launch.py
[1.081s] -- Up-to-date: /home/nikunj/bwi_ros2_simulation/install/segway_rmp_ros2/share/ament_index/resource_index/package_run_dependencies/segway_rmp_ros2
[1.081s] -- Up-to-date: /home/nikunj/bwi_ros2_simulation/install/segway_rmp_ros2/share/ament_index/resource_index/parent_prefix_path/segway_rmp_ros2
[1.081s] -- Up-to-date: /home/nikunj/bwi_ros2_simulation/install/segway_rmp_ros2/share/segway_rmp_ros2/environment/ament_prefix_path.sh
[1.081s] -- Up-to-date: /home/nikunj/bwi_ros2_simulation/install/segway_rmp_ros2/share/segway_rmp_ros2/environment/ament_prefix_path.dsv
[1.081s] -- Up-to-date: /home/nikunj/bwi_ros2_simulation/install/segway_rmp_ros2/share/segway_rmp_ros2/environment/path.sh
[1.081s] -- Up-to-date: /home/nikunj/bwi_ros2_simulation/install/segway_rmp_ros2/share/segway_rmp_ros2/environment/path.dsv
[1.081s] -- Up-to-date: /home/nikunj/bwi_ros2_simulation/install/segway_rmp_ros2/share/segway_rmp_ros2/local_setup.bash
[1.081s] -- Up-to-date: /home/nikunj/bwi_ros2_simulation/install/segway_rmp_ros2/share/segway_rmp_ros2/local_setup.sh
[1.081s] -- Up-to-date: /home/nikunj/bwi_ros2_simulation/install/segway_rmp_ros2/share/segway_rmp_ros2/local_setup.zsh
[1.081s] -- Up-to-date: /home/nikunj/bwi_ros2_simulation/install/segway_rmp_ros2/share/segway_rmp_ros2/local_setup.dsv
[1.082s] -- Installing: /home/nikunj/bwi_ros2_simulation/install/segway_rmp_ros2/share/segway_rmp_ros2/package.dsv
[1.082s] -- Up-to-date: /home/nikunj/bwi_ros2_simulation/install/segway_rmp_ros2/share/ament_index/resource_index/packages/segway_rmp_ros2
[1.082s] -- Up-to-date: /home/nikunj/bwi_ros2_simulation/install/segway_rmp_ros2/share/segway_rmp_ros2/cmake/export_segway_rmp_ros2__rosidl_generator_cExport.cmake
[1.082s] -- Up-to-date: /home/nikunj/bwi_ros2_simulation/install/segway_rmp_ros2/share/segway_rmp_ros2/cmake/export_segway_rmp_ros2__rosidl_generator_cExport-debug.cmake
[1.082s] -- Up-to-date: /home/nikunj/bwi_ros2_simulation/install/segway_rmp_ros2/share/segway_rmp_ros2/cmake/export_segway_rmp_ros2__rosidl_typesupport_fastrtps_cExport.cmake
[1.082s] -- Up-to-date: /home/nikunj/bwi_ros2_simulation/install/segway_rmp_ros2/share/segway_rmp_ros2/cmake/export_segway_rmp_ros2__rosidl_typesupport_fastrtps_cExport-debug.cmake
[1.082s] -- Up-to-date: /home/nikunj/bwi_ros2_simulation/install/segway_rmp_ros2/share/segway_rmp_ros2/cmake/export_segway_rmp_ros2__rosidl_generator_cppExport.cmake
[1.082s] -- Up-to-date: /home/nikunj/bwi_ros2_simulation/install/segway_rmp_ros2/share/segway_rmp_ros2/cmake/export_segway_rmp_ros2__rosidl_typesupport_fastrtps_cppExport.cmake
[1.082s] -- Up-to-date: /home/nikunj/bwi_ros2_simulation/install/segway_rmp_ros2/share/segway_rmp_ros2/cmake/export_segway_rmp_ros2__rosidl_typesupport_fastrtps_cppExport-debug.cmake
[1.082s] -- Up-to-date: /home/nikunj/bwi_ros2_simulation/install/segway_rmp_ros2/share/segway_rmp_ros2/cmake/segway_rmp_ros2__rosidl_typesupport_introspection_cExport.cmake
[1.082s] -- Up-to-date: /home/nikunj/bwi_ros2_simulation/install/segway_rmp_ros2/share/segway_rmp_ros2/cmake/segway_rmp_ros2__rosidl_typesupport_introspection_cExport-debug.cmake
[1.082s] -- Up-to-date: /home/nikunj/bwi_ros2_simulation/install/segway_rmp_ros2/share/segway_rmp_ros2/cmake/segway_rmp_ros2__rosidl_typesupport_cExport.cmake
[1.082s] -- Up-to-date: /home/nikunj/bwi_ros2_simulation/install/segway_rmp_ros2/share/segway_rmp_ros2/cmake/segway_rmp_ros2__rosidl_typesupport_cExport-debug.cmake
[1.082s] -- Up-to-date: /home/nikunj/bwi_ros2_simulation/install/segway_rmp_ros2/share/segway_rmp_ros2/cmake/segway_rmp_ros2__rosidl_typesupport_introspection_cppExport.cmake
[1.082s] -- Up-to-date: /home/nikunj/bwi_ros2_simulation/install/segway_rmp_ros2/share/segway_rmp_ros2/cmake/segway_rmp_ros2__rosidl_typesupport_introspection_cppExport-debug.cmake
[1.086s] -- Up-to-date: /home/nikunj/bwi_ros2_simulation/install/segway_rmp_ros2/share/segway_rmp_ros2/cmake/segway_rmp_ros2__rosidl_typesupport_cppExport.cmake
[1.086s] -- Up-to-date: /home/nikunj/bwi_ros2_simulation/install/segway_rmp_ros2/share/segway_rmp_ros2/cmake/segway_rmp_ros2__rosidl_typesupport_cppExport-debug.cmake
[1.089s] -- Up-to-date: /home/nikunj/bwi_ros2_simulation/install/segway_rmp_ros2/share/segway_rmp_ros2/cmake/export_segway_rmp_ros2__rosidl_generator_pyExport.cmake
[1.091s] -- Up-to-date: /home/nikunj/bwi_ros2_simulation/install/segway_rmp_ros2/share/segway_rmp_ros2/cmake/export_segway_rmp_ros2__rosidl_generator_pyExport-debug.cmake
[1.091s] -- Up-to-date: /home/nikunj/bwi_ros2_simulation/install/segway_rmp_ros2/share/segway_rmp_ros2/cmake/rosidl_cmake-extras.cmake
[1.091s] -- Up-to-date: /home/nikunj/bwi_ros2_simulation/install/segway_rmp_ros2/share/segway_rmp_ros2/cmake/ament_cmake_export_dependencies-extras.cmake
[1.091s] -- Up-to-date: /home/nikunj/bwi_ros2_simulation/install/segway_rmp_ros2/share/segway_rmp_ros2/cmake/ament_cmake_export_include_directories-extras.cmake
[1.091s] -- Up-to-date: /home/nikunj/bwi_ros2_simulation/install/segway_rmp_ros2/share/segway_rmp_ros2/cmake/ament_cmake_export_libraries-extras.cmake
[1.091s] -- Up-to-date: /home/nikunj/bwi_ros2_simulation/install/segway_rmp_ros2/share/segway_rmp_ros2/cmake/ament_cmake_export_targets-extras.cmake
[1.091s] -- Up-to-date: /home/nikunj/bwi_ros2_simulation/install/segway_rmp_ros2/share/segway_rmp_ros2/cmake/rosidl_cmake_export_typesupport_targets-extras.cmake
[1.091s] -- Up-to-date: /home/nikunj/bwi_ros2_simulation/install/segway_rmp_ros2/share/segway_rmp_ros2/cmake/rosidl_cmake_export_typesupport_libraries-extras.cmake
[1.091s] -- Up-to-date: /home/nikunj/bwi_ros2_simulation/install/segway_rmp_ros2/share/segway_rmp_ros2/cmake/segway_rmp_ros2Config.cmake
[1.091s] -- Up-to-date: /home/nikunj/bwi_ros2_simulation/install/segway_rmp_ros2/share/segway_rmp_ros2/cmake/segway_rmp_ros2Config-version.cmake
[1.091s] -- Up-to-date: /home/nikunj/bwi_ros2_simulation/install/segway_rmp_ros2/share/segway_rmp_ros2/package.xml
[1.108s] Invoked command in '/home/nikunj/bwi_ros2_simulation/build/segway_rmp_ros2' returned '0': CMAKE_PREFIX_PATH=/home/nikunj/bwi_ros2_simulation/install/libsegwayrmp:/home/nikunj/bwi_ros2_simulation/install/utexas_gdc:/home/nikunj/bwi_ros2_simulation/install/urg_node2:/home/nikunj/bwi_ros2_simulation/install/topic_tools:/home/nikunj/bwi_ros2_simulation/install/topic_tools_interfaces:/home/nikunj/bwi_ros2_simulation/install/segway_rmp_ros2:/home/nikunj/bwi_ros2_simulation/install/segway_msgs:/home/nikunj/bwi_ros2_simulation/install/segway_description:/home/nikunj/bwi_ros2_simulation/install/segbot_description:/home/nikunj/bwi_ros2_simulation/install/pr2_description:/home/nikunj/bwi_ros2_simulation/install/nav2_bringup:/home/nikunj/bwi_ros2_simulation/install/my_virtual_obstacle_layer:/home/nikunj/bwi_ros2_simulation/install/ivcon:/home/nikunj/bwi_ros2_simulation/install/convex_decomposition:/home/nikunj/bwi_ros2_simulation/install/test_odom:/home/nikunj/bwi_ros2_simulation/install/test_cmaes:/home/nikunj/bwi_ros2_simulation/install/teleop_multi_robot:/home/nikunj/bwi_ros2_simulation/install/scan_filter:/home/nikunj/bwi_ros2_simulation/install/kinect_data_collector:/home/nikunj/bwi_ros2_simulation/install/collision_monitor:/home/nikunj/bwi_ros2_simulation/install/bwi_tools:/home/nikunj/bwi_ros2_simulation/install/bwi_tasks:/home/nikunj/bwi_ros2_simulation/install/bwi_reset:/home/nikunj/bwi_ros2_simulation/install/bwi_perc:/opt/ros/humble:/home/nikunj/bwi_ros2_simulation/install/bwi_tasks_interface:/home/nikunj/bwi_ros2_simulation/install/bwi_perception_interface:/home/nikunj/bwi_ros2_simulation/install/bwi_launch:/home/nikunj/linorobot2_ws/install/sllidar_ros2:/home/nikunj/linorobot2_ws/install/micro_ros_setup:/home/nikunj/linorobot2_ws/install/linorobot2_bringup:/home/nikunj/linorobot2_ws/install/micro_ros_agent:/home/nikunj/linorobot2_ws/install/micro_ros_msgs:/home/nikunj/linorobot2_ws/install/linorobot2_viz:/home/nikunj/linorobot2_ws/install/linorobot2_navigation:/home/nikunj/linorobot2_ws/install/linorobot2_gazebo:/home/nikunj/linorobot2_ws/install/linorobot2_description:/home/nikunj/linorobot2_ws/install/linorobot2_base:/home/nikunj/linorobot2_ws/install/linorobot2 LD_LIBRARY_PATH=/home/nikunj/bwi_ros2_simulation/install/libsegwayrmp/lib:/home/nikunj/bwi_ros2_simulation/install/urg_node2/lib:/home/nikunj/bwi_ros2_simulation/install/topic_tools/lib:/home/nikunj/bwi_ros2_simulation/install/topic_tools_interfaces/lib:/home/nikunj/bwi_ros2_simulation/install/segway_rmp_ros2/lib:/home/nikunj/bwi_ros2_simulation/install/segway_msgs/lib:/home/nikunj/bwi_ros2_simulation/install/my_virtual_obstacle_layer/lib:/home/nikunj/bwi_ros2_simulation/install/bwi_tasks_interface/lib:/home/nikunj/bwi_ros2_simulation/install/bwi_perception_interface/lib:/home/nikunj/linorobot2_ws/install/micro_ros_agent/lib:/home/nikunj/linorobot2_ws/install/micro_ros_msgs/lib:/usr/lib/x86_64-linux-gnu/gazebo-11/plugins:/opt/ros/humble/opt/rviz_ogre_vendor/lib:/opt/ros/humble/lib/x86_64-linux-gnu:/opt/ros/humble/lib /usr/bin/cmake --install /home/nikunj/bwi_ros2_simulation/build/segway_rmp_ros2
