-- Install configuration: ""
-- Up-to-date: /home/nikunj/bwi_ros2_simulation/install/utexas_gdc/share/utexas_gdc/launch
-- Up-to-date: /home/nikunj/bwi_ros2_simulation/install/utexas_gdc/share/utexas_gdc/launch/simulation_3ne.launch
-- Up-to-date: /home/nikunj/bwi_ros2_simulation/install/utexas_gdc/share/utexas_gdc/launch/real_3ne_map_server.launch
-- Up-to-date: /home/nikunj/bwi_ros2_simulation/install/utexas_gdc/share/utexas_gdc/launch/simulation_2.launch
-- Up-to-date: /home/nikunj/bwi_ros2_simulation/install/utexas_gdc/share/utexas_gdc/launch/simulation_3ne_map_server.launch
-- Up-to-date: /home/nikunj/bwi_ros2_simulation/install/utexas_gdc/share/utexas_gdc/launch/simulation_multimap.launch.py
-- Up-to-date: /home/nikunj/bwi_ros2_simulation/install/utexas_gdc/share/utexas_gdc/knowledge
-- Up-to-date: /home/nikunj/bwi_ros2_simulation/install/utexas_gdc/share/utexas_gdc/knowledge/bwi.yaml
-- Up-to-date: /home/nikunj/bwi_ros2_simulation/install/utexas_gdc/share/utexas_gdc/maps
-- Up-to-date: /home/nikunj/bwi_ros2_simulation/install/utexas_gdc/share/utexas_gdc/maps/real
-- Up-to-date: /home/nikunj/bwi_ros2_simulation/install/utexas_gdc/share/utexas_gdc/maps/real/4
-- Up-to-date: /home/nikunj/bwi_ros2_simulation/install/utexas_gdc/share/utexas_gdc/maps/real/4/4.yaml
-- Up-to-date: /home/nikunj/bwi_ros2_simulation/install/utexas_gdc/share/utexas_gdc/maps/real/4/objects.yaml
-- Up-to-date: /home/nikunj/bwi_ros2_simulation/install/utexas_gdc/share/utexas_gdc/maps/real/4/locations.pgm
-- Up-to-date: /home/nikunj/bwi_ros2_simulation/install/utexas_gdc/share/utexas_gdc/maps/real/4/doors_map.pgm
-- Up-to-date: /home/nikunj/bwi_ros2_simulation/install/utexas_gdc/share/utexas_gdc/maps/real/4/4.pgm
-- Up-to-date: /home/nikunj/bwi_ros2_simulation/install/utexas_gdc/share/utexas_gdc/maps/real/4/locations.yaml
-- Up-to-date: /home/nikunj/bwi_ros2_simulation/install/utexas_gdc/share/utexas_gdc/maps/real/4/doors_map.yaml
-- Up-to-date: /home/nikunj/bwi_ros2_simulation/install/utexas_gdc/share/utexas_gdc/maps/real/4/doors.yaml
-- Up-to-date: /home/nikunj/bwi_ros2_simulation/install/utexas_gdc/share/utexas_gdc/maps/real/multimap
-- Up-to-date: /home/nikunj/bwi_ros2_simulation/install/utexas_gdc/share/utexas_gdc/maps/real/multimap/2_only_multimap.yaml
-- Up-to-date: /home/nikunj/bwi_ros2_simulation/install/utexas_gdc/share/utexas_gdc/maps/real/multimap/multimap.yaml
-- Up-to-date: /home/nikunj/bwi_ros2_simulation/install/utexas_gdc/share/utexas_gdc/maps/real/1s
-- Up-to-date: /home/nikunj/bwi_ros2_simulation/install/utexas_gdc/share/utexas_gdc/maps/real/1s/1s-original.pgm
-- Up-to-date: /home/nikunj/bwi_ros2_simulation/install/utexas_gdc/share/utexas_gdc/maps/real/1s/1s.yaml
-- Up-to-date: /home/nikunj/bwi_ros2_simulation/install/utexas_gdc/share/utexas_gdc/maps/real/1s/1s.pgm
-- Up-to-date: /home/nikunj/bwi_ros2_simulation/install/utexas_gdc/share/utexas_gdc/maps/real/1n
-- Up-to-date: /home/nikunj/bwi_ros2_simulation/install/utexas_gdc/share/utexas_gdc/maps/real/1n/1n.yaml
-- Up-to-date: /home/nikunj/bwi_ros2_simulation/install/utexas_gdc/share/utexas_gdc/maps/real/1n/1n.pgm
-- Up-to-date: /home/nikunj/bwi_ros2_simulation/install/utexas_gdc/share/utexas_gdc/maps/real/2
-- Up-to-date: /home/nikunj/bwi_ros2_simulation/install/utexas_gdc/share/utexas_gdc/maps/real/2/2.pgm
-- Up-to-date: /home/nikunj/bwi_ros2_simulation/install/utexas_gdc/share/utexas_gdc/maps/real/2/objects.yaml
-- Up-to-date: /home/nikunj/bwi_ros2_simulation/install/utexas_gdc/share/utexas_gdc/maps/real/2/2_original.pgm
-- Up-to-date: /home/nikunj/bwi_ros2_simulation/install/utexas_gdc/share/utexas_gdc/maps/real/2/locations.pgm
-- Up-to-date: /home/nikunj/bwi_ros2_simulation/install/utexas_gdc/share/utexas_gdc/maps/real/2/doors_map.pgm
-- Up-to-date: /home/nikunj/bwi_ros2_simulation/install/utexas_gdc/share/utexas_gdc/maps/real/2/2_before_elev.pgm
-- Up-to-date: /home/nikunj/bwi_ros2_simulation/install/utexas_gdc/share/utexas_gdc/maps/real/2/2_no_furniture.pgm
-- Up-to-date: /home/nikunj/bwi_ros2_simulation/install/utexas_gdc/share/utexas_gdc/maps/real/2/2.yaml
-- Up-to-date: /home/nikunj/bwi_ros2_simulation/install/utexas_gdc/share/utexas_gdc/maps/real/2/locations.yaml
-- Up-to-date: /home/nikunj/bwi_ros2_simulation/install/utexas_gdc/share/utexas_gdc/maps/real/2/doors_map.yaml
-- Up-to-date: /home/nikunj/bwi_ros2_simulation/install/utexas_gdc/share/utexas_gdc/maps/real/2/doors.yaml
-- Up-to-date: /home/nikunj/bwi_ros2_simulation/install/utexas_gdc/share/utexas_gdc/maps/real/3ne
-- Up-to-date: /home/nikunj/bwi_ros2_simulation/install/utexas_gdc/share/utexas_gdc/maps/real/3ne/3ne.pgm.bak
-- Up-to-date: /home/nikunj/bwi_ros2_simulation/install/utexas_gdc/share/utexas_gdc/maps/real/3ne/3ne.yaml
-- Up-to-date: /home/nikunj/bwi_ros2_simulation/install/utexas_gdc/share/utexas_gdc/maps/real/3ne/objects.yaml
-- Up-to-date: /home/nikunj/bwi_ros2_simulation/install/utexas_gdc/share/utexas_gdc/maps/real/3ne/3ne.pgm
-- Up-to-date: /home/nikunj/bwi_ros2_simulation/install/utexas_gdc/share/utexas_gdc/maps/real/3ne/locations.pgm
-- Up-to-date: /home/nikunj/bwi_ros2_simulation/install/utexas_gdc/share/utexas_gdc/maps/real/3ne/doors_map.pgm
-- Up-to-date: /home/nikunj/bwi_ros2_simulation/install/utexas_gdc/share/utexas_gdc/maps/real/3ne/locations.yaml
-- Up-to-date: /home/nikunj/bwi_ros2_simulation/install/utexas_gdc/share/utexas_gdc/maps/real/3ne/doors_map.yaml
-- Up-to-date: /home/nikunj/bwi_ros2_simulation/install/utexas_gdc/share/utexas_gdc/maps/real/3ne/doors.yaml
-- Up-to-date: /home/nikunj/bwi_ros2_simulation/install/utexas_gdc/share/utexas_gdc/maps/real/1
-- Up-to-date: /home/nikunj/bwi_ros2_simulation/install/utexas_gdc/share/utexas_gdc/maps/real/1/1-original.pgm
-- Up-to-date: /home/nikunj/bwi_ros2_simulation/install/utexas_gdc/share/utexas_gdc/maps/real/1/1.yaml
-- Up-to-date: /home/nikunj/bwi_ros2_simulation/install/utexas_gdc/share/utexas_gdc/maps/real/1/objects.yaml
-- Up-to-date: /home/nikunj/bwi_ros2_simulation/install/utexas_gdc/share/utexas_gdc/maps/real/1/1.pgm
-- Up-to-date: /home/nikunj/bwi_ros2_simulation/install/utexas_gdc/share/utexas_gdc/maps/real/1/locations.pgm
-- Up-to-date: /home/nikunj/bwi_ros2_simulation/install/utexas_gdc/share/utexas_gdc/maps/real/1/doors_map.pgm
-- Up-to-date: /home/nikunj/bwi_ros2_simulation/install/utexas_gdc/share/utexas_gdc/maps/real/1/locations.yaml
-- Up-to-date: /home/nikunj/bwi_ros2_simulation/install/utexas_gdc/share/utexas_gdc/maps/real/1/doors_map.yaml
-- Up-to-date: /home/nikunj/bwi_ros2_simulation/install/utexas_gdc/share/utexas_gdc/maps/real/1/doors.yaml
-- Up-to-date: /home/nikunj/bwi_ros2_simulation/install/utexas_gdc/share/utexas_gdc/maps/real/3
-- Up-to-date: /home/nikunj/bwi_ros2_simulation/install/utexas_gdc/share/utexas_gdc/maps/real/3/connectivity.yaml
-- Up-to-date: /home/nikunj/bwi_ros2_simulation/install/utexas_gdc/share/utexas_gdc/maps/real/3/objects.yaml
-- Up-to-date: /home/nikunj/bwi_ros2_simulation/install/utexas_gdc/share/utexas_gdc/maps/real/3/3.yaml
-- Up-to-date: /home/nikunj/bwi_ros2_simulation/install/utexas_gdc/share/utexas_gdc/maps/real/3/locations.pgm
-- Up-to-date: /home/nikunj/bwi_ros2_simulation/install/utexas_gdc/share/utexas_gdc/maps/real/3/doors_map.pgm
-- Up-to-date: /home/nikunj/bwi_ros2_simulation/install/utexas_gdc/share/utexas_gdc/maps/real/3/3.pgm
-- Up-to-date: /home/nikunj/bwi_ros2_simulation/install/utexas_gdc/share/utexas_gdc/maps/real/3/locations.yaml
-- Up-to-date: /home/nikunj/bwi_ros2_simulation/install/utexas_gdc/share/utexas_gdc/maps/real/3/doors_map.yaml
-- Up-to-date: /home/nikunj/bwi_ros2_simulation/install/utexas_gdc/share/utexas_gdc/maps/real/3/doors.yaml
-- Up-to-date: /home/nikunj/bwi_ros2_simulation/install/utexas_gdc/share/utexas_gdc/maps/simulation
-- Up-to-date: /home/nikunj/bwi_ros2_simulation/install/utexas_gdc/share/utexas_gdc/maps/simulation/my_map_old.yaml
-- Up-to-date: /home/nikunj/bwi_ros2_simulation/install/utexas_gdc/share/utexas_gdc/maps/simulation/multimap
-- Up-to-date: /home/nikunj/bwi_ros2_simulation/install/utexas_gdc/share/utexas_gdc/maps/simulation/multimap/2
-- Up-to-date: /home/nikunj/bwi_ros2_simulation/install/utexas_gdc/share/utexas_gdc/maps/simulation/multimap/2/2.pgm
-- Up-to-date: /home/nikunj/bwi_ros2_simulation/install/utexas_gdc/share/utexas_gdc/maps/simulation/multimap/2/objects.yaml
-- Up-to-date: /home/nikunj/bwi_ros2_simulation/install/utexas_gdc/share/utexas_gdc/maps/simulation/multimap/2/locations.pgm
-- Up-to-date: /home/nikunj/bwi_ros2_simulation/install/utexas_gdc/share/utexas_gdc/maps/simulation/multimap/2/doors_map.pgm
-- Up-to-date: /home/nikunj/bwi_ros2_simulation/install/utexas_gdc/share/utexas_gdc/maps/simulation/multimap/2/2.yaml
-- Up-to-date: /home/nikunj/bwi_ros2_simulation/install/utexas_gdc/share/utexas_gdc/maps/simulation/multimap/2/locations.yaml
-- Up-to-date: /home/nikunj/bwi_ros2_simulation/install/utexas_gdc/share/utexas_gdc/maps/simulation/multimap/2/doors_map.yaml
-- Up-to-date: /home/nikunj/bwi_ros2_simulation/install/utexas_gdc/share/utexas_gdc/maps/simulation/multimap/2/doors.yaml
-- Up-to-date: /home/nikunj/bwi_ros2_simulation/install/utexas_gdc/share/utexas_gdc/maps/simulation/multimap/3ne
-- Up-to-date: /home/nikunj/bwi_ros2_simulation/install/utexas_gdc/share/utexas_gdc/maps/simulation/multimap/3ne/3ne.yaml
-- Up-to-date: /home/nikunj/bwi_ros2_simulation/install/utexas_gdc/share/utexas_gdc/maps/simulation/multimap/3ne/objects.yaml
-- Up-to-date: /home/nikunj/bwi_ros2_simulation/install/utexas_gdc/share/utexas_gdc/maps/simulation/multimap/3ne/3ne.pgm
-- Up-to-date: /home/nikunj/bwi_ros2_simulation/install/utexas_gdc/share/utexas_gdc/maps/simulation/multimap/3ne/locations.pgm
-- Up-to-date: /home/nikunj/bwi_ros2_simulation/install/utexas_gdc/share/utexas_gdc/maps/simulation/multimap/3ne/doors_map.pgm
-- Up-to-date: /home/nikunj/bwi_ros2_simulation/install/utexas_gdc/share/utexas_gdc/maps/simulation/multimap/3ne/locations.yaml
-- Up-to-date: /home/nikunj/bwi_ros2_simulation/install/utexas_gdc/share/utexas_gdc/maps/simulation/multimap/3ne/doors_map.yaml
-- Up-to-date: /home/nikunj/bwi_ros2_simulation/install/utexas_gdc/share/utexas_gdc/maps/simulation/multimap/3ne/doors.yaml
-- Up-to-date: /home/nikunj/bwi_ros2_simulation/install/utexas_gdc/share/utexas_gdc/maps/simulation/multimap/combined.yaml
-- Up-to-date: /home/nikunj/bwi_ros2_simulation/install/utexas_gdc/share/utexas_gdc/maps/simulation/f1tenth_sim
-- Up-to-date: /home/nikunj/bwi_ros2_simulation/install/utexas_gdc/share/utexas_gdc/maps/simulation/f1tenth_sim/2
-- Up-to-date: /home/nikunj/bwi_ros2_simulation/install/utexas_gdc/share/utexas_gdc/maps/simulation/f1tenth_sim/2/2.pgm
-- Up-to-date: /home/nikunj/bwi_ros2_simulation/install/utexas_gdc/share/utexas_gdc/maps/simulation/f1tenth_sim/2/locations.pgm
-- Up-to-date: /home/nikunj/bwi_ros2_simulation/install/utexas_gdc/share/utexas_gdc/maps/simulation/f1tenth_sim/2/doors_map.pgm
-- Up-to-date: /home/nikunj/bwi_ros2_simulation/install/utexas_gdc/share/utexas_gdc/maps/simulation/f1tenth_sim/2/2.yaml
-- Up-to-date: /home/nikunj/bwi_ros2_simulation/install/utexas_gdc/share/utexas_gdc/maps/simulation/f1tenth_sim/2/locations.yaml
-- Up-to-date: /home/nikunj/bwi_ros2_simulation/install/utexas_gdc/share/utexas_gdc/maps/simulation/f1tenth_sim/2/doors_map.yaml
-- Up-to-date: /home/nikunj/bwi_ros2_simulation/install/utexas_gdc/share/utexas_gdc/maps/simulation/f1tenth_sim/2/doors.yaml
-- Up-to-date: /home/nikunj/bwi_ros2_simulation/install/utexas_gdc/share/utexas_gdc/maps/simulation/f1tenth_sim/3ne
-- Up-to-date: /home/nikunj/bwi_ros2_simulation/install/utexas_gdc/share/utexas_gdc/maps/simulation/f1tenth_sim/3ne/3ne.yaml
-- Up-to-date: /home/nikunj/bwi_ros2_simulation/install/utexas_gdc/share/utexas_gdc/maps/simulation/f1tenth_sim/3ne/objects.yaml
-- Up-to-date: /home/nikunj/bwi_ros2_simulation/install/utexas_gdc/share/utexas_gdc/maps/simulation/f1tenth_sim/3ne/3ne.pgm
-- Up-to-date: /home/nikunj/bwi_ros2_simulation/install/utexas_gdc/share/utexas_gdc/maps/simulation/f1tenth_sim/3ne/locations.pgm
-- Up-to-date: /home/nikunj/bwi_ros2_simulation/install/utexas_gdc/share/utexas_gdc/maps/simulation/f1tenth_sim/3ne/doors_map.pgm
-- Up-to-date: /home/nikunj/bwi_ros2_simulation/install/utexas_gdc/share/utexas_gdc/maps/simulation/f1tenth_sim/3ne/locations.yaml
-- Up-to-date: /home/nikunj/bwi_ros2_simulation/install/utexas_gdc/share/utexas_gdc/maps/simulation/f1tenth_sim/3ne/doors_map.yaml
-- Up-to-date: /home/nikunj/bwi_ros2_simulation/install/utexas_gdc/share/utexas_gdc/maps/simulation/f1tenth_sim/3ne/doors.yaml
-- Up-to-date: /home/nikunj/bwi_ros2_simulation/install/utexas_gdc/share/utexas_gdc/maps/simulation/f1tenth_sim/1
-- Up-to-date: /home/nikunj/bwi_ros2_simulation/install/utexas_gdc/share/utexas_gdc/maps/simulation/f1tenth_sim/1/1.yaml
-- Up-to-date: /home/nikunj/bwi_ros2_simulation/install/utexas_gdc/share/utexas_gdc/maps/simulation/f1tenth_sim/1/connectivity.yaml
-- Up-to-date: /home/nikunj/bwi_ros2_simulation/install/utexas_gdc/share/utexas_gdc/maps/simulation/f1tenth_sim/1/objects.yaml
-- Up-to-date: /home/nikunj/bwi_ros2_simulation/install/utexas_gdc/share/utexas_gdc/maps/simulation/f1tenth_sim/1/1.pgm
-- Up-to-date: /home/nikunj/bwi_ros2_simulation/install/utexas_gdc/share/utexas_gdc/maps/simulation/f1tenth_sim/1/locations.pgm
-- Up-to-date: /home/nikunj/bwi_ros2_simulation/install/utexas_gdc/share/utexas_gdc/maps/simulation/f1tenth_sim/1/doors_map.pgm
-- Up-to-date: /home/nikunj/bwi_ros2_simulation/install/utexas_gdc/share/utexas_gdc/maps/simulation/f1tenth_sim/1/locations.yaml
-- Up-to-date: /home/nikunj/bwi_ros2_simulation/install/utexas_gdc/share/utexas_gdc/maps/simulation/f1tenth_sim/1/doors_map.yaml
-- Up-to-date: /home/nikunj/bwi_ros2_simulation/install/utexas_gdc/share/utexas_gdc/maps/simulation/f1tenth_sim/1/doors.yaml
-- Up-to-date: /home/nikunj/bwi_ros2_simulation/install/utexas_gdc/share/utexas_gdc/maps/simulation/f1tenth_sim/combined.yaml
-- Up-to-date: /home/nikunj/bwi_ros2_simulation/install/utexas_gdc/share/utexas_gdc/maps/simulation/my_map.yaml
-- Up-to-date: /home/nikunj/bwi_ros2_simulation/install/utexas_gdc/share/utexas_gdc/maps/simulation/2
-- Up-to-date: /home/nikunj/bwi_ros2_simulation/install/utexas_gdc/share/utexas_gdc/maps/simulation/2/2.pgm
-- Up-to-date: /home/nikunj/bwi_ros2_simulation/install/utexas_gdc/share/utexas_gdc/maps/simulation/2/2.xcf
-- Up-to-date: /home/nikunj/bwi_ros2_simulation/install/utexas_gdc/share/utexas_gdc/maps/simulation/2/2.yaml
-- Up-to-date: /home/nikunj/bwi_ros2_simulation/install/utexas_gdc/share/utexas_gdc/maps/simulation/my_map_fixed.pgm
-- Up-to-date: /home/nikunj/bwi_ros2_simulation/install/utexas_gdc/share/utexas_gdc/maps/simulation/multimap_test
-- Up-to-date: /home/nikunj/bwi_ros2_simulation/install/utexas_gdc/share/utexas_gdc/maps/simulation/multimap_test/2_only_multimap.yaml
-- Up-to-date: /home/nikunj/bwi_ros2_simulation/install/utexas_gdc/share/utexas_gdc/maps/simulation/multimap_test/test.yaml
-- Up-to-date: /home/nikunj/bwi_ros2_simulation/install/utexas_gdc/share/utexas_gdc/maps/simulation/multimap_test/3netest
-- Up-to-date: /home/nikunj/bwi_ros2_simulation/install/utexas_gdc/share/utexas_gdc/maps/simulation/multimap_test/3netest/3netest.yaml
-- Up-to-date: /home/nikunj/bwi_ros2_simulation/install/utexas_gdc/share/utexas_gdc/maps/simulation/multimap_test/3netest/3netest.pgm
-- Up-to-date: /home/nikunj/bwi_ros2_simulation/install/utexas_gdc/share/utexas_gdc/maps/simulation/multimap_test/3netest/objects.yaml
-- Up-to-date: /home/nikunj/bwi_ros2_simulation/install/utexas_gdc/share/utexas_gdc/maps/simulation/multimap_test/3netest/locations.pgm
-- Up-to-date: /home/nikunj/bwi_ros2_simulation/install/utexas_gdc/share/utexas_gdc/maps/simulation/multimap_test/3netest/doors_map.pgm
-- Up-to-date: /home/nikunj/bwi_ros2_simulation/install/utexas_gdc/share/utexas_gdc/maps/simulation/multimap_test/3netest/locations.yaml
-- Up-to-date: /home/nikunj/bwi_ros2_simulation/install/utexas_gdc/share/utexas_gdc/maps/simulation/multimap_test/3netest/doors_map.yaml
-- Up-to-date: /home/nikunj/bwi_ros2_simulation/install/utexas_gdc/share/utexas_gdc/maps/simulation/multimap_test/3netest/doors.yaml
-- Up-to-date: /home/nikunj/bwi_ros2_simulation/install/utexas_gdc/share/utexas_gdc/maps/simulation/my_map_old.pgm
-- Up-to-date: /home/nikunj/bwi_ros2_simulation/install/utexas_gdc/share/utexas_gdc/maps/simulation/3ne
-- Up-to-date: /home/nikunj/bwi_ros2_simulation/install/utexas_gdc/share/utexas_gdc/maps/simulation/3ne/3ne.yaml
-- Up-to-date: /home/nikunj/bwi_ros2_simulation/install/utexas_gdc/share/utexas_gdc/maps/simulation/3ne/doors_map_corpp.yaml
-- Up-to-date: /home/nikunj/bwi_ros2_simulation/install/utexas_gdc/share/utexas_gdc/maps/simulation/3ne/connectivity.yaml
-- Up-to-date: /home/nikunj/bwi_ros2_simulation/install/utexas_gdc/share/utexas_gdc/maps/simulation/3ne/doors_map_corpp.pgm
-- Up-to-date: /home/nikunj/bwi_ros2_simulation/install/utexas_gdc/share/utexas_gdc/maps/simulation/3ne/objects.yaml
-- Up-to-date: /home/nikunj/bwi_ros2_simulation/install/utexas_gdc/share/utexas_gdc/maps/simulation/3ne/3ne.pgm
-- Up-to-date: /home/nikunj/bwi_ros2_simulation/install/utexas_gdc/share/utexas_gdc/maps/simulation/3ne/locations.pgm
-- Up-to-date: /home/nikunj/bwi_ros2_simulation/install/utexas_gdc/share/utexas_gdc/maps/simulation/3ne/doors_map.pgm
-- Up-to-date: /home/nikunj/bwi_ros2_simulation/install/utexas_gdc/share/utexas_gdc/maps/simulation/3ne/locations.yaml
-- Up-to-date: /home/nikunj/bwi_ros2_simulation/install/utexas_gdc/share/utexas_gdc/maps/simulation/3ne/doors_map.yaml
-- Up-to-date: /home/nikunj/bwi_ros2_simulation/install/utexas_gdc/share/utexas_gdc/maps/simulation/3ne/doors.yaml
-- Up-to-date: /home/nikunj/bwi_ros2_simulation/install/utexas_gdc/share/utexas_gdc/maps/simulation/my_map.pgm
-- Up-to-date: /home/nikunj/bwi_ros2_simulation/install/utexas_gdc/share/utexas_gdc/worlds
-- Up-to-date: /home/nikunj/bwi_ros2_simulation/install/utexas_gdc/share/utexas_gdc/worlds/2.world
-- Up-to-date: /home/nikunj/bwi_ros2_simulation/install/utexas_gdc/share/utexas_gdc/worlds/3ne.world
-- Up-to-date: /home/nikunj/bwi_ros2_simulation/install/utexas_gdc/share/utexas_gdc/worlds/combined.world
-- Up-to-date: /home/nikunj/bwi_ros2_simulation/install/utexas_gdc/share/utexas_gdc/worlds/hallway_correct.world
-- Up-to-date: /home/nikunj/bwi_ros2_simulation/install/utexas_gdc/share/utexas_gdc/worlds/hallway_world.world
-- Up-to-date: /home/nikunj/bwi_ros2_simulation/install/utexas_gdc/share/utexas_gdc/Media
-- Up-to-date: /home/nikunj/bwi_ros2_simulation/install/utexas_gdc/share/utexas_gdc/Media/models
-- Up-to-date: /home/nikunj/bwi_ros2_simulation/install/utexas_gdc/share/utexas_gdc/Media/models/combined
-- Up-to-date: /home/nikunj/bwi_ros2_simulation/install/utexas_gdc/share/utexas_gdc/Media/models/combined/model.config
-- Up-to-date: /home/nikunj/bwi_ros2_simulation/install/utexas_gdc/share/utexas_gdc/Media/models/combined/meshes
-- Up-to-date: /home/nikunj/bwi_ros2_simulation/install/utexas_gdc/share/utexas_gdc/Media/models/combined/meshes/combined.skp
-- Up-to-date: /home/nikunj/bwi_ros2_simulation/install/utexas_gdc/share/utexas_gdc/Media/models/combined/meshes/combined.dae
-- Up-to-date: /home/nikunj/bwi_ros2_simulation/install/utexas_gdc/share/utexas_gdc/Media/models/combined/materials
-- Up-to-date: /home/nikunj/bwi_ros2_simulation/install/utexas_gdc/share/utexas_gdc/Media/models/combined/materials/textures
-- Up-to-date: /home/nikunj/bwi_ros2_simulation/install/utexas_gdc/share/utexas_gdc/Media/models/combined/materials/textures/__auto_1.jpg
-- Up-to-date: /home/nikunj/bwi_ros2_simulation/install/utexas_gdc/share/utexas_gdc/Media/models/combined/materials/textures/__auto_5.jpg
-- Up-to-date: /home/nikunj/bwi_ros2_simulation/install/utexas_gdc/share/utexas_gdc/Media/models/combined/materials/textures/__auto_4.jpg
-- Up-to-date: /home/nikunj/bwi_ros2_simulation/install/utexas_gdc/share/utexas_gdc/Media/models/combined/materials/textures/__auto_6.jpg
-- Up-to-date: /home/nikunj/bwi_ros2_simulation/install/utexas_gdc/share/utexas_gdc/Media/models/combined/materials/textures/__auto_.jpg
-- Up-to-date: /home/nikunj/bwi_ros2_simulation/install/utexas_gdc/share/utexas_gdc/Media/models/combined/materials/textures/__auto_9.jpg
-- Up-to-date: /home/nikunj/bwi_ros2_simulation/install/utexas_gdc/share/utexas_gdc/Media/models/combined/materials/textures/__auto_8.jpg
-- Up-to-date: /home/nikunj/bwi_ros2_simulation/install/utexas_gdc/share/utexas_gdc/Media/models/combined/materials/textures/__auto_7.jpg
-- Up-to-date: /home/nikunj/bwi_ros2_simulation/install/utexas_gdc/share/utexas_gdc/Media/models/combined/materials/textures/__auto_2.jpg
-- Up-to-date: /home/nikunj/bwi_ros2_simulation/install/utexas_gdc/share/utexas_gdc/Media/models/combined/model.sdf
-- Up-to-date: /home/nikunj/bwi_ros2_simulation/install/utexas_gdc/share/utexas_gdc/Media/models/2
-- Up-to-date: /home/nikunj/bwi_ros2_simulation/install/utexas_gdc/share/utexas_gdc/Media/models/2/model.config
-- Up-to-date: /home/nikunj/bwi_ros2_simulation/install/utexas_gdc/share/utexas_gdc/Media/models/2/meshes
-- Up-to-date: /home/nikunj/bwi_ros2_simulation/install/utexas_gdc/share/utexas_gdc/Media/models/2/meshes/2.dae
-- Up-to-date: /home/nikunj/bwi_ros2_simulation/install/utexas_gdc/share/utexas_gdc/Media/models/2/meshes/2
-- Up-to-date: /home/nikunj/bwi_ros2_simulation/install/utexas_gdc/share/utexas_gdc/Media/models/2/meshes/2/__auto_1.jpg
-- Up-to-date: /home/nikunj/bwi_ros2_simulation/install/utexas_gdc/share/utexas_gdc/Media/models/2/meshes/2/Stone_Vein_Gray.jpg
-- Up-to-date: /home/nikunj/bwi_ros2_simulation/install/utexas_gdc/share/utexas_gdc/Media/models/2/meshes/2/Brick_Antique.jpg
-- Up-to-date: /home/nikunj/bwi_ros2_simulation/install/utexas_gdc/share/utexas_gdc/Media/models/2/meshes/2/Stone_Brushed_Khaki.jpg
-- Up-to-date: /home/nikunj/bwi_ros2_simulation/install/utexas_gdc/share/utexas_gdc/Media/models/2/meshes/2/Tile_Ceramic_Natural.jpg
-- Up-to-date: /home/nikunj/bwi_ros2_simulation/install/utexas_gdc/share/utexas_gdc/Media/models/2/meshes/2/__auto_2.jpg
-- Up-to-date: /home/nikunj/bwi_ros2_simulation/install/utexas_gdc/share/utexas_gdc/Media/models/2/materials
-- Up-to-date: /home/nikunj/bwi_ros2_simulation/install/utexas_gdc/share/utexas_gdc/Media/models/2/materials/textures
-- Up-to-date: /home/nikunj/bwi_ros2_simulation/install/utexas_gdc/share/utexas_gdc/Media/models/2/materials/textures/__auto_1.jpg
-- Up-to-date: /home/nikunj/bwi_ros2_simulation/install/utexas_gdc/share/utexas_gdc/Media/models/2/materials/textures/Stone_Vein_Gray.jpg
-- Up-to-date: /home/nikunj/bwi_ros2_simulation/install/utexas_gdc/share/utexas_gdc/Media/models/2/materials/textures/Brick_Antique.jpg
-- Up-to-date: /home/nikunj/bwi_ros2_simulation/install/utexas_gdc/share/utexas_gdc/Media/models/2/materials/textures/Stone_Brushed_Khaki.jpg
-- Up-to-date: /home/nikunj/bwi_ros2_simulation/install/utexas_gdc/share/utexas_gdc/Media/models/2/materials/textures/Tile_Ceramic_Natural.jpg
-- Up-to-date: /home/nikunj/bwi_ros2_simulation/install/utexas_gdc/share/utexas_gdc/Media/models/2/materials/textures/__auto_2.jpg
-- Up-to-date: /home/nikunj/bwi_ros2_simulation/install/utexas_gdc/share/utexas_gdc/Media/models/2/model.sdf
-- Up-to-date: /home/nikunj/bwi_ros2_simulation/install/utexas_gdc/share/utexas_gdc/Media/models/3ne
-- Up-to-date: /home/nikunj/bwi_ros2_simulation/install/utexas_gdc/share/utexas_gdc/Media/models/3ne/mode.config
-- Up-to-date: /home/nikunj/bwi_ros2_simulation/install/utexas_gdc/share/utexas_gdc/Media/models/3ne/meshes
-- Up-to-date: /home/nikunj/bwi_ros2_simulation/install/utexas_gdc/share/utexas_gdc/Media/models/3ne/meshes/3ne.dae
-- Up-to-date: /home/nikunj/bwi_ros2_simulation/install/utexas_gdc/share/utexas_gdc/Media/models/3ne/materials
-- Up-to-date: /home/nikunj/bwi_ros2_simulation/install/utexas_gdc/share/utexas_gdc/Media/models/3ne/materials/textures
-- Up-to-date: /home/nikunj/bwi_ros2_simulation/install/utexas_gdc/share/utexas_gdc/Media/models/3ne/materials/textures/seamlesstexture6_1200.jpg
-- Up-to-date: /home/nikunj/bwi_ros2_simulation/install/utexas_gdc/share/utexas_gdc/Media/models/3ne/materials/textures/__.jpg
-- Up-to-date: /home/nikunj/bwi_ros2_simulation/install/utexas_gdc/share/utexas_gdc/Media/models/3ne/materials/textures/Stone_Vein_Gray_.jpg
-- Up-to-date: /home/nikunj/bwi_ros2_simulation/install/utexas_gdc/share/utexas_gdc/Media/models/3ne/materials/textures/_981-32029.jpg
-- Up-to-date: /home/nikunj/bwi_ros2_simulation/install/utexas_gdc/share/utexas_gdc/Media/models/3ne/materials/textures/Brick_Antique_.jpg
-- Up-to-date: /home/nikunj/bwi_ros2_simulation/install/utexas_gdc/share/utexas_gdc/Media/models/3ne/model.sdf
-- Up-to-date: /home/nikunj/bwi_ros2_simulation/install/utexas_gdc/share/ament_index/resource_index/package_run_dependencies/utexas_gdc
-- Up-to-date: /home/nikunj/bwi_ros2_simulation/install/utexas_gdc/share/ament_index/resource_index/parent_prefix_path/utexas_gdc
-- Up-to-date: /home/nikunj/bwi_ros2_simulation/install/utexas_gdc/share/utexas_gdc/environment/ament_prefix_path.sh
-- Up-to-date: /home/nikunj/bwi_ros2_simulation/install/utexas_gdc/share/utexas_gdc/environment/ament_prefix_path.dsv
-- Up-to-date: /home/nikunj/bwi_ros2_simulation/install/utexas_gdc/share/utexas_gdc/environment/path.sh
-- Up-to-date: /home/nikunj/bwi_ros2_simulation/install/utexas_gdc/share/utexas_gdc/environment/path.dsv
-- Up-to-date: /home/nikunj/bwi_ros2_simulation/install/utexas_gdc/share/utexas_gdc/local_setup.bash
-- Up-to-date: /home/nikunj/bwi_ros2_simulation/install/utexas_gdc/share/utexas_gdc/local_setup.sh
-- Up-to-date: /home/nikunj/bwi_ros2_simulation/install/utexas_gdc/share/utexas_gdc/local_setup.zsh
-- Up-to-date: /home/nikunj/bwi_ros2_simulation/install/utexas_gdc/share/utexas_gdc/local_setup.dsv
-- Installing: /home/nikunj/bwi_ros2_simulation/install/utexas_gdc/share/utexas_gdc/package.dsv
-- Up-to-date: /home/nikunj/bwi_ros2_simulation/install/utexas_gdc/share/ament_index/resource_index/packages/utexas_gdc
-- Up-to-date: /home/nikunj/bwi_ros2_simulation/install/utexas_gdc/share/utexas_gdc/cmake/utexas_gdcConfig.cmake
-- Up-to-date: /home/nikunj/bwi_ros2_simulation/install/utexas_gdc/share/utexas_gdc/cmake/utexas_gdcConfig-version.cmake
-- Up-to-date: /home/nikunj/bwi_ros2_simulation/install/utexas_gdc/share/utexas_gdc/package.xml
