[0.903s] Invoking command in '/home/nikunj/bwi_ros2_simulation/build/utexas_gdc': CMAKE_PREFIX_PATH=/opt/ros/humble /usr/bin/cmake --build /home/nikunj/bwi_ros2_simulation/build/utexas_gdc -- -j32 -l32
[1.015s] Invoked command in '/home/nikunj/bwi_ros2_simulation/build/utexas_gdc' returned '0': CMAKE_PREFIX_PATH=/opt/ros/humble /usr/bin/cmake --build /home/nikunj/bwi_ros2_simulation/build/utexas_gdc -- -j32 -l32
[1.016s] Invoking command in '/home/nikunj/bwi_ros2_simulation/build/utexas_gdc': CMAKE_PREFIX_PATH=/opt/ros/humble /usr/bin/cmake --install /home/nikunj/bwi_ros2_simulation/build/utexas_gdc
[1.032s] -- Install configuration: ""
[1.032s] -- Up-to-date: /home/nikunj/bwi_ros2_simulation/install/utexas_gdc/share/utexas_gdc/launch
[1.033s] -- Up-to-date: /home/nikunj/bwi_ros2_simulation/install/utexas_gdc/share/utexas_gdc/launch/simulation_3ne.launch
[1.033s] -- Up-to-date: /home/nikunj/bwi_ros2_simulation/install/utexas_gdc/share/utexas_gdc/launch/real_3ne_map_server.launch
[1.033s] -- Up-to-date: /home/nikunj/bwi_ros2_simulation/install/utexas_gdc/share/utexas_gdc/launch/simulation_2.launch
[1.033s] -- Up-to-date: /home/nikunj/bwi_ros2_simulation/install/utexas_gdc/share/utexas_gdc/launch/simulation_3ne_map_server.launch
[1.033s] -- Up-to-date: /home/nikunj/bwi_ros2_simulation/install/utexas_gdc/share/utexas_gdc/launch/simulation_multimap.launch.py
[1.033s] -- Up-to-date: /home/nikunj/bwi_ros2_simulation/install/utexas_gdc/share/utexas_gdc/knowledge
[1.033s] -- Up-to-date: /home/nikunj/bwi_ros2_simulation/install/utexas_gdc/share/utexas_gdc/knowledge/bwi.yaml
[1.033s] -- Up-to-date: /home/nikunj/bwi_ros2_simulation/install/utexas_gdc/share/utexas_gdc/maps
[1.033s] -- Up-to-date: /home/nikunj/bwi_ros2_simulation/install/utexas_gdc/share/utexas_gdc/maps/real
[1.033s] -- Up-to-date: /home/nikunj/bwi_ros2_simulation/install/utexas_gdc/share/utexas_gdc/maps/real/4
[1.033s] -- Up-to-date: /home/nikunj/bwi_ros2_simulation/install/utexas_gdc/share/utexas_gdc/maps/real/4/4.yaml
[1.033s] -- Up-to-date: /home/nikunj/bwi_ros2_simulation/install/utexas_gdc/share/utexas_gdc/maps/real/4/objects.yaml
[1.034s] -- Up-to-date: /home/nikunj/bwi_ros2_simulation/install/utexas_gdc/share/utexas_gdc/maps/real/4/locations.pgm
[1.034s] -- Up-to-date: /home/nikunj/bwi_ros2_simulation/install/utexas_gdc/share/utexas_gdc/maps/real/4/doors_map.pgm
[1.034s] -- Up-to-date: /home/nikunj/bwi_ros2_simulation/install/utexas_gdc/share/utexas_gdc/maps/real/4/4.pgm
[1.034s] -- Up-to-date: /home/nikunj/bwi_ros2_simulation/install/utexas_gdc/share/utexas_gdc/maps/real/4/locations.yaml
[1.034s] -- Up-to-date: /home/nikunj/bwi_ros2_simulation/install/utexas_gdc/share/utexas_gdc/maps/real/4/doors_map.yaml
[1.034s] -- Up-to-date: /home/nikunj/bwi_ros2_simulation/install/utexas_gdc/share/utexas_gdc/maps/real/4/doors.yaml
[1.034s] -- Up-to-date: /home/nikunj/bwi_ros2_simulation/install/utexas_gdc/share/utexas_gdc/maps/real/multimap
[1.034s] -- Up-to-date: /home/nikunj/bwi_ros2_simulation/install/utexas_gdc/share/utexas_gdc/maps/real/multimap/2_only_multimap.yaml
[1.034s] -- Up-to-date: /home/nikunj/bwi_ros2_simulation/install/utexas_gdc/share/utexas_gdc/maps/real/multimap/multimap.yaml
[1.034s] -- Up-to-date: /home/nikunj/bwi_ros2_simulation/install/utexas_gdc/share/utexas_gdc/maps/real/1s
[1.034s] -- Up-to-date: /home/nikunj/bwi_ros2_simulation/install/utexas_gdc/share/utexas_gdc/maps/real/1s/1s-original.pgm
[1.034s] -- Up-to-date: /home/nikunj/bwi_ros2_simulation/install/utexas_gdc/share/utexas_gdc/maps/real/1s/1s.yaml
[1.034s] -- Up-to-date: /home/nikunj/bwi_ros2_simulation/install/utexas_gdc/share/utexas_gdc/maps/real/1s/1s.pgm
[1.034s] -- Up-to-date: /home/nikunj/bwi_ros2_simulation/install/utexas_gdc/share/utexas_gdc/maps/real/1n
[1.034s] -- Up-to-date: /home/nikunj/bwi_ros2_simulation/install/utexas_gdc/share/utexas_gdc/maps/real/1n/1n.yaml
[1.035s] -- Up-to-date: /home/nikunj/bwi_ros2_simulation/install/utexas_gdc/share/utexas_gdc/maps/real/1n/1n.pgm
[1.035s] -- Up-to-date: /home/nikunj/bwi_ros2_simulation/install/utexas_gdc/share/utexas_gdc/maps/real/2
[1.035s] -- Up-to-date: /home/nikunj/bwi_ros2_simulation/install/utexas_gdc/share/utexas_gdc/maps/real/2/2.pgm
[1.035s] -- Up-to-date: /home/nikunj/bwi_ros2_simulation/install/utexas_gdc/share/utexas_gdc/maps/real/2/objects.yaml
[1.035s] -- Up-to-date: /home/nikunj/bwi_ros2_simulation/install/utexas_gdc/share/utexas_gdc/maps/real/2/2_original.pgm
[1.035s] -- Up-to-date: /home/nikunj/bwi_ros2_simulation/install/utexas_gdc/share/utexas_gdc/maps/real/2/locations.pgm
[1.035s] -- Up-to-date: /home/nikunj/bwi_ros2_simulation/install/utexas_gdc/share/utexas_gdc/maps/real/2/doors_map.pgm
[1.035s] -- Up-to-date: /home/nikunj/bwi_ros2_simulation/install/utexas_gdc/share/utexas_gdc/maps/real/2/2_before_elev.pgm
[1.035s] -- Up-to-date: /home/nikunj/bwi_ros2_simulation/install/utexas_gdc/share/utexas_gdc/maps/real/2/2_no_furniture.pgm
[1.035s] -- Up-to-date: /home/nikunj/bwi_ros2_simulation/install/utexas_gdc/share/utexas_gdc/maps/real/2/2.yaml
[1.035s] -- Up-to-date: /home/nikunj/bwi_ros2_simulation/install/utexas_gdc/share/utexas_gdc/maps/real/2/locations.yaml
[1.035s] -- Up-to-date: /home/nikunj/bwi_ros2_simulation/install/utexas_gdc/share/utexas_gdc/maps/real/2/doors_map.yaml
[1.035s] -- Up-to-date: /home/nikunj/bwi_ros2_simulation/install/utexas_gdc/share/utexas_gdc/maps/real/2/doors.yaml
[1.035s] -- Up-to-date: /home/nikunj/bwi_ros2_simulation/install/utexas_gdc/share/utexas_gdc/maps/real/3ne
[1.035s] -- Up-to-date: /home/nikunj/bwi_ros2_simulation/install/utexas_gdc/share/utexas_gdc/maps/real/3ne/3ne.pgm.bak
[1.035s] -- Up-to-date: /home/nikunj/bwi_ros2_simulation/install/utexas_gdc/share/utexas_gdc/maps/real/3ne/3ne.yaml
[1.036s] -- Up-to-date: /home/nikunj/bwi_ros2_simulation/install/utexas_gdc/share/utexas_gdc/maps/real/3ne/objects.yaml
[1.036s] -- Up-to-date: /home/nikunj/bwi_ros2_simulation/install/utexas_gdc/share/utexas_gdc/maps/real/3ne/3ne.pgm
[1.036s] -- Up-to-date: /home/nikunj/bwi_ros2_simulation/install/utexas_gdc/share/utexas_gdc/maps/real/3ne/locations.pgm
[1.036s] -- Up-to-date: /home/nikunj/bwi_ros2_simulation/install/utexas_gdc/share/utexas_gdc/maps/real/3ne/doors_map.pgm
[1.036s] -- Up-to-date: /home/nikunj/bwi_ros2_simulation/install/utexas_gdc/share/utexas_gdc/maps/real/3ne/locations.yaml
[1.036s] -- Up-to-date: /home/nikunj/bwi_ros2_simulation/install/utexas_gdc/share/utexas_gdc/maps/real/3ne/doors_map.yaml
[1.036s] -- Up-to-date: /home/nikunj/bwi_ros2_simulation/install/utexas_gdc/share/utexas_gdc/maps/real/3ne/doors.yaml
[1.036s] -- Up-to-date: /home/nikunj/bwi_ros2_simulation/install/utexas_gdc/share/utexas_gdc/maps/real/1
[1.036s] -- Up-to-date: /home/nikunj/bwi_ros2_simulation/install/utexas_gdc/share/utexas_gdc/maps/real/1/1-original.pgm
[1.036s] -- Up-to-date: /home/nikunj/bwi_ros2_simulation/install/utexas_gdc/share/utexas_gdc/maps/real/1/1.yaml
[1.036s] -- Up-to-date: /home/nikunj/bwi_ros2_simulation/install/utexas_gdc/share/utexas_gdc/maps/real/1/objects.yaml
[1.036s] -- Up-to-date: /home/nikunj/bwi_ros2_simulation/install/utexas_gdc/share/utexas_gdc/maps/real/1/1.pgm
[1.036s] -- Up-to-date: /home/nikunj/bwi_ros2_simulation/install/utexas_gdc/share/utexas_gdc/maps/real/1/locations.pgm
[1.036s] -- Up-to-date: /home/nikunj/bwi_ros2_simulation/install/utexas_gdc/share/utexas_gdc/maps/real/1/doors_map.pgm
[1.036s] -- Up-to-date: /home/nikunj/bwi_ros2_simulation/install/utexas_gdc/share/utexas_gdc/maps/real/1/locations.yaml
[1.036s] -- Up-to-date: /home/nikunj/bwi_ros2_simulation/install/utexas_gdc/share/utexas_gdc/maps/real/1/doors_map.yaml
[1.036s] -- Up-to-date: /home/nikunj/bwi_ros2_simulation/install/utexas_gdc/share/utexas_gdc/maps/real/1/doors.yaml
[1.037s] -- Up-to-date: /home/nikunj/bwi_ros2_simulation/install/utexas_gdc/share/utexas_gdc/maps/real/3
[1.037s] -- Up-to-date: /home/nikunj/bwi_ros2_simulation/install/utexas_gdc/share/utexas_gdc/maps/real/3/connectivity.yaml
[1.037s] -- Up-to-date: /home/nikunj/bwi_ros2_simulation/install/utexas_gdc/share/utexas_gdc/maps/real/3/objects.yaml
[1.037s] -- Up-to-date: /home/nikunj/bwi_ros2_simulation/install/utexas_gdc/share/utexas_gdc/maps/real/3/3.yaml
[1.037s] -- Up-to-date: /home/nikunj/bwi_ros2_simulation/install/utexas_gdc/share/utexas_gdc/maps/real/3/locations.pgm
[1.037s] -- Up-to-date: /home/nikunj/bwi_ros2_simulation/install/utexas_gdc/share/utexas_gdc/maps/real/3/doors_map.pgm
[1.037s] -- Up-to-date: /home/nikunj/bwi_ros2_simulation/install/utexas_gdc/share/utexas_gdc/maps/real/3/3.pgm
[1.037s] -- Up-to-date: /home/nikunj/bwi_ros2_simulation/install/utexas_gdc/share/utexas_gdc/maps/real/3/locations.yaml
[1.037s] -- Up-to-date: /home/nikunj/bwi_ros2_simulation/install/utexas_gdc/share/utexas_gdc/maps/real/3/doors_map.yaml
[1.037s] -- Up-to-date: /home/nikunj/bwi_ros2_simulation/install/utexas_gdc/share/utexas_gdc/maps/real/3/doors.yaml
[1.037s] -- Up-to-date: /home/nikunj/bwi_ros2_simulation/install/utexas_gdc/share/utexas_gdc/maps/simulation
[1.037s] -- Up-to-date: /home/nikunj/bwi_ros2_simulation/install/utexas_gdc/share/utexas_gdc/maps/simulation/my_map_old.yaml
[1.037s] -- Up-to-date: /home/nikunj/bwi_ros2_simulation/install/utexas_gdc/share/utexas_gdc/maps/simulation/multimap
[1.037s] -- Up-to-date: /home/nikunj/bwi_ros2_simulation/install/utexas_gdc/share/utexas_gdc/maps/simulation/multimap/2
[1.037s] -- Up-to-date: /home/nikunj/bwi_ros2_simulation/install/utexas_gdc/share/utexas_gdc/maps/simulation/multimap/2/2.pgm
[1.037s] -- Up-to-date: /home/nikunj/bwi_ros2_simulation/install/utexas_gdc/share/utexas_gdc/maps/simulation/multimap/2/objects.yaml
[1.038s] -- Up-to-date: /home/nikunj/bwi_ros2_simulation/install/utexas_gdc/share/utexas_gdc/maps/simulation/multimap/2/locations.pgm
[1.038s] -- Up-to-date: /home/nikunj/bwi_ros2_simulation/install/utexas_gdc/share/utexas_gdc/maps/simulation/multimap/2/doors_map.pgm
[1.038s] -- Up-to-date: /home/nikunj/bwi_ros2_simulation/install/utexas_gdc/share/utexas_gdc/maps/simulation/multimap/2/2.yaml
[1.038s] -- Up-to-date: /home/nikunj/bwi_ros2_simulation/install/utexas_gdc/share/utexas_gdc/maps/simulation/multimap/2/locations.yaml
[1.038s] -- Up-to-date: /home/nikunj/bwi_ros2_simulation/install/utexas_gdc/share/utexas_gdc/maps/simulation/multimap/2/doors_map.yaml
[1.038s] -- Up-to-date: /home/nikunj/bwi_ros2_simulation/install/utexas_gdc/share/utexas_gdc/maps/simulation/multimap/2/doors.yaml
[1.038s] -- Up-to-date: /home/nikunj/bwi_ros2_simulation/install/utexas_gdc/share/utexas_gdc/maps/simulation/multimap/3ne
[1.038s] -- Up-to-date: /home/nikunj/bwi_ros2_simulation/install/utexas_gdc/share/utexas_gdc/maps/simulation/multimap/3ne/3ne.yaml
[1.038s] -- Up-to-date: /home/nikunj/bwi_ros2_simulation/install/utexas_gdc/share/utexas_gdc/maps/simulation/multimap/3ne/objects.yaml
[1.038s] -- Up-to-date: /home/nikunj/bwi_ros2_simulation/install/utexas_gdc/share/utexas_gdc/maps/simulation/multimap/3ne/3ne.pgm
[1.038s] -- Up-to-date: /home/nikunj/bwi_ros2_simulation/install/utexas_gdc/share/utexas_gdc/maps/simulation/multimap/3ne/locations.pgm
[1.038s] -- Up-to-date: /home/nikunj/bwi_ros2_simulation/install/utexas_gdc/share/utexas_gdc/maps/simulation/multimap/3ne/doors_map.pgm
[1.038s] -- Up-to-date: /home/nikunj/bwi_ros2_simulation/install/utexas_gdc/share/utexas_gdc/maps/simulation/multimap/3ne/locations.yaml
[1.038s] -- Up-to-date: /home/nikunj/bwi_ros2_simulation/install/utexas_gdc/share/utexas_gdc/maps/simulation/multimap/3ne/doors_map.yaml
[1.038s] -- Up-to-date: /home/nikunj/bwi_ros2_simulation/install/utexas_gdc/share/utexas_gdc/maps/simulation/multimap/3ne/doors.yaml
[1.038s] -- Up-to-date: /home/nikunj/bwi_ros2_simulation/install/utexas_gdc/share/utexas_gdc/maps/simulation/multimap/combined.yaml
[1.039s] -- Up-to-date: /home/nikunj/bwi_ros2_simulation/install/utexas_gdc/share/utexas_gdc/maps/simulation/f1tenth_sim
[1.039s] -- Up-to-date: /home/nikunj/bwi_ros2_simulation/install/utexas_gdc/share/utexas_gdc/maps/simulation/f1tenth_sim/2
[1.039s] -- Up-to-date: /home/nikunj/bwi_ros2_simulation/install/utexas_gdc/share/utexas_gdc/maps/simulation/f1tenth_sim/2/2.pgm
[1.039s] -- Up-to-date: /home/nikunj/bwi_ros2_simulation/install/utexas_gdc/share/utexas_gdc/maps/simulation/f1tenth_sim/2/locations.pgm
[1.039s] -- Up-to-date: /home/nikunj/bwi_ros2_simulation/install/utexas_gdc/share/utexas_gdc/maps/simulation/f1tenth_sim/2/doors_map.pgm
[1.039s] -- Up-to-date: /home/nikunj/bwi_ros2_simulation/install/utexas_gdc/share/utexas_gdc/maps/simulation/f1tenth_sim/2/2.yaml
[1.039s] -- Up-to-date: /home/nikunj/bwi_ros2_simulation/install/utexas_gdc/share/utexas_gdc/maps/simulation/f1tenth_sim/2/locations.yaml
[1.039s] -- Up-to-date: /home/nikunj/bwi_ros2_simulation/install/utexas_gdc/share/utexas_gdc/maps/simulation/f1tenth_sim/2/doors_map.yaml
[1.039s] -- Up-to-date: /home/nikunj/bwi_ros2_simulation/install/utexas_gdc/share/utexas_gdc/maps/simulation/f1tenth_sim/2/doors.yaml
[1.039s] -- Up-to-date: /home/nikunj/bwi_ros2_simulation/install/utexas_gdc/share/utexas_gdc/maps/simulation/f1tenth_sim/3ne
[1.039s] -- Up-to-date: /home/nikunj/bwi_ros2_simulation/install/utexas_gdc/share/utexas_gdc/maps/simulation/f1tenth_sim/3ne/3ne.yaml
[1.039s] -- Up-to-date: /home/nikunj/bwi_ros2_simulation/install/utexas_gdc/share/utexas_gdc/maps/simulation/f1tenth_sim/3ne/objects.yaml
[1.039s] -- Up-to-date: /home/nikunj/bwi_ros2_simulation/install/utexas_gdc/share/utexas_gdc/maps/simulation/f1tenth_sim/3ne/3ne.pgm
[1.040s] -- Up-to-date: /home/nikunj/bwi_ros2_simulation/install/utexas_gdc/share/utexas_gdc/maps/simulation/f1tenth_sim/3ne/locations.pgm
[1.040s] -- Up-to-date: /home/nikunj/bwi_ros2_simulation/install/utexas_gdc/share/utexas_gdc/maps/simulation/f1tenth_sim/3ne/doors_map.pgm
[1.040s] -- Up-to-date: /home/nikunj/bwi_ros2_simulation/install/utexas_gdc/share/utexas_gdc/maps/simulation/f1tenth_sim/3ne/locations.yaml
[1.040s] -- Up-to-date: /home/nikunj/bwi_ros2_simulation/install/utexas_gdc/share/utexas_gdc/maps/simulation/f1tenth_sim/3ne/doors_map.yaml
[1.040s] -- Up-to-date: /home/nikunj/bwi_ros2_simulation/install/utexas_gdc/share/utexas_gdc/maps/simulation/f1tenth_sim/3ne/doors.yaml
[1.040s] -- Up-to-date: /home/nikunj/bwi_ros2_simulation/install/utexas_gdc/share/utexas_gdc/maps/simulation/f1tenth_sim/1
[1.040s] -- Up-to-date: /home/nikunj/bwi_ros2_simulation/install/utexas_gdc/share/utexas_gdc/maps/simulation/f1tenth_sim/1/1.yaml
[1.040s] -- Up-to-date: /home/nikunj/bwi_ros2_simulation/install/utexas_gdc/share/utexas_gdc/maps/simulation/f1tenth_sim/1/connectivity.yaml
[1.040s] -- Up-to-date: /home/nikunj/bwi_ros2_simulation/install/utexas_gdc/share/utexas_gdc/maps/simulation/f1tenth_sim/1/objects.yaml
[1.040s] -- Up-to-date: /home/nikunj/bwi_ros2_simulation/install/utexas_gdc/share/utexas_gdc/maps/simulation/f1tenth_sim/1/1.pgm
[1.040s] -- Up-to-date: /home/nikunj/bwi_ros2_simulation/install/utexas_gdc/share/utexas_gdc/maps/simulation/f1tenth_sim/1/locations.pgm
[1.040s] -- Up-to-date: /home/nikunj/bwi_ros2_simulation/install/utexas_gdc/share/utexas_gdc/maps/simulation/f1tenth_sim/1/doors_map.pgm
[1.040s] -- Up-to-date: /home/nikunj/bwi_ros2_simulation/install/utexas_gdc/share/utexas_gdc/maps/simulation/f1tenth_sim/1/locations.yaml
[1.040s] -- Up-to-date: /home/nikunj/bwi_ros2_simulation/install/utexas_gdc/share/utexas_gdc/maps/simulation/f1tenth_sim/1/doors_map.yaml
[1.041s] -- Up-to-date: /home/nikunj/bwi_ros2_simulation/install/utexas_gdc/share/utexas_gdc/maps/simulation/f1tenth_sim/1/doors.yaml
[1.041s] -- Up-to-date: /home/nikunj/bwi_ros2_simulation/install/utexas_gdc/share/utexas_gdc/maps/simulation/f1tenth_sim/combined.yaml
[1.041s] -- Up-to-date: /home/nikunj/bwi_ros2_simulation/install/utexas_gdc/share/utexas_gdc/maps/simulation/my_map.yaml
[1.041s] -- Up-to-date: /home/nikunj/bwi_ros2_simulation/install/utexas_gdc/share/utexas_gdc/maps/simulation/2
[1.041s] -- Up-to-date: /home/nikunj/bwi_ros2_simulation/install/utexas_gdc/share/utexas_gdc/maps/simulation/2/2.pgm
[1.041s] -- Up-to-date: /home/nikunj/bwi_ros2_simulation/install/utexas_gdc/share/utexas_gdc/maps/simulation/2/2.xcf
[1.041s] -- Up-to-date: /home/nikunj/bwi_ros2_simulation/install/utexas_gdc/share/utexas_gdc/maps/simulation/2/2.yaml
[1.041s] -- Up-to-date: /home/nikunj/bwi_ros2_simulation/install/utexas_gdc/share/utexas_gdc/maps/simulation/my_map_fixed.pgm
[1.041s] -- Up-to-date: /home/nikunj/bwi_ros2_simulation/install/utexas_gdc/share/utexas_gdc/maps/simulation/multimap_test
[1.041s] -- Up-to-date: /home/nikunj/bwi_ros2_simulation/install/utexas_gdc/share/utexas_gdc/maps/simulation/multimap_test/2_only_multimap.yaml
[1.041s] -- Up-to-date: /home/nikunj/bwi_ros2_simulation/install/utexas_gdc/share/utexas_gdc/maps/simulation/multimap_test/test.yaml
[1.041s] -- Up-to-date: /home/nikunj/bwi_ros2_simulation/install/utexas_gdc/share/utexas_gdc/maps/simulation/multimap_test/3netest
[1.041s] -- Up-to-date: /home/nikunj/bwi_ros2_simulation/install/utexas_gdc/share/utexas_gdc/maps/simulation/multimap_test/3netest/3netest.yaml
[1.042s] -- Up-to-date: /home/nikunj/bwi_ros2_simulation/install/utexas_gdc/share/utexas_gdc/maps/simulation/multimap_test/3netest/3netest.pgm
[1.042s] -- Up-to-date: /home/nikunj/bwi_ros2_simulation/install/utexas_gdc/share/utexas_gdc/maps/simulation/multimap_test/3netest/objects.yaml
[1.042s] -- Up-to-date: /home/nikunj/bwi_ros2_simulation/install/utexas_gdc/share/utexas_gdc/maps/simulation/multimap_test/3netest/locations.pgm
[1.042s] -- Up-to-date: /home/nikunj/bwi_ros2_simulation/install/utexas_gdc/share/utexas_gdc/maps/simulation/multimap_test/3netest/doors_map.pgm
[1.042s] -- Up-to-date: /home/nikunj/bwi_ros2_simulation/install/utexas_gdc/share/utexas_gdc/maps/simulation/multimap_test/3netest/locations.yaml
[1.042s] -- Up-to-date: /home/nikunj/bwi_ros2_simulation/install/utexas_gdc/share/utexas_gdc/maps/simulation/multimap_test/3netest/doors_map.yaml
[1.042s] -- Up-to-date: /home/nikunj/bwi_ros2_simulation/install/utexas_gdc/share/utexas_gdc/maps/simulation/multimap_test/3netest/doors.yaml
[1.042s] -- Up-to-date: /home/nikunj/bwi_ros2_simulation/install/utexas_gdc/share/utexas_gdc/maps/simulation/my_map_old.pgm
[1.042s] -- Up-to-date: /home/nikunj/bwi_ros2_simulation/install/utexas_gdc/share/utexas_gdc/maps/simulation/3ne
[1.042s] -- Up-to-date: /home/nikunj/bwi_ros2_simulation/install/utexas_gdc/share/utexas_gdc/maps/simulation/3ne/3ne.yaml
[1.042s] -- Up-to-date: /home/nikunj/bwi_ros2_simulation/install/utexas_gdc/share/utexas_gdc/maps/simulation/3ne/doors_map_corpp.yaml
[1.042s] -- Up-to-date: /home/nikunj/bwi_ros2_simulation/install/utexas_gdc/share/utexas_gdc/maps/simulation/3ne/connectivity.yaml
[1.042s] -- Up-to-date: /home/nikunj/bwi_ros2_simulation/install/utexas_gdc/share/utexas_gdc/maps/simulation/3ne/doors_map_corpp.pgm
[1.042s] -- Up-to-date: /home/nikunj/bwi_ros2_simulation/install/utexas_gdc/share/utexas_gdc/maps/simulation/3ne/objects.yaml
[1.042s] -- Up-to-date: /home/nikunj/bwi_ros2_simulation/install/utexas_gdc/share/utexas_gdc/maps/simulation/3ne/3ne.pgm
[1.043s] -- Up-to-date: /home/nikunj/bwi_ros2_simulation/install/utexas_gdc/share/utexas_gdc/maps/simulation/3ne/locations.pgm
[1.043s] -- Up-to-date: /home/nikunj/bwi_ros2_simulation/install/utexas_gdc/share/utexas_gdc/maps/simulation/3ne/doors_map.pgm
[1.043s] -- Up-to-date: /home/nikunj/bwi_ros2_simulation/install/utexas_gdc/share/utexas_gdc/maps/simulation/3ne/locations.yaml
[1.043s] -- Up-to-date: /home/nikunj/bwi_ros2_simulation/install/utexas_gdc/share/utexas_gdc/maps/simulation/3ne/doors_map.yaml
[1.043s] -- Up-to-date: /home/nikunj/bwi_ros2_simulation/install/utexas_gdc/share/utexas_gdc/maps/simulation/3ne/doors.yaml
[1.043s] -- Up-to-date: /home/nikunj/bwi_ros2_simulation/install/utexas_gdc/share/utexas_gdc/maps/simulation/my_map.pgm
[1.043s] -- Up-to-date: /home/nikunj/bwi_ros2_simulation/install/utexas_gdc/share/utexas_gdc/worlds
[1.043s] -- Up-to-date: /home/nikunj/bwi_ros2_simulation/install/utexas_gdc/share/utexas_gdc/worlds/2.world
[1.043s] -- Up-to-date: /home/nikunj/bwi_ros2_simulation/install/utexas_gdc/share/utexas_gdc/worlds/3ne.world
[1.043s] -- Up-to-date: /home/nikunj/bwi_ros2_simulation/install/utexas_gdc/share/utexas_gdc/worlds/combined.world
[1.043s] -- Up-to-date: /home/nikunj/bwi_ros2_simulation/install/utexas_gdc/share/utexas_gdc/worlds/hallway_correct.world
[1.043s] -- Up-to-date: /home/nikunj/bwi_ros2_simulation/install/utexas_gdc/share/utexas_gdc/worlds/hallway_world.world
[1.043s] -- Up-to-date: /home/nikunj/bwi_ros2_simulation/install/utexas_gdc/share/utexas_gdc/Media
[1.043s] -- Up-to-date: /home/nikunj/bwi_ros2_simulation/install/utexas_gdc/share/utexas_gdc/Media/models
[1.044s] -- Up-to-date: /home/nikunj/bwi_ros2_simulation/install/utexas_gdc/share/utexas_gdc/Media/models/combined
[1.044s] -- Up-to-date: /home/nikunj/bwi_ros2_simulation/install/utexas_gdc/share/utexas_gdc/Media/models/combined/model.config
[1.044s] -- Up-to-date: /home/nikunj/bwi_ros2_simulation/install/utexas_gdc/share/utexas_gdc/Media/models/combined/meshes
[1.044s] -- Up-to-date: /home/nikunj/bwi_ros2_simulation/install/utexas_gdc/share/utexas_gdc/Media/models/combined/meshes/combined.skp
[1.044s] -- Up-to-date: /home/nikunj/bwi_ros2_simulation/install/utexas_gdc/share/utexas_gdc/Media/models/combined/meshes/combined.dae
[1.044s] -- Up-to-date: /home/nikunj/bwi_ros2_simulation/install/utexas_gdc/share/utexas_gdc/Media/models/combined/materials
[1.044s] -- Up-to-date: /home/nikunj/bwi_ros2_simulation/install/utexas_gdc/share/utexas_gdc/Media/models/combined/materials/textures
[1.044s] -- Up-to-date: /home/nikunj/bwi_ros2_simulation/install/utexas_gdc/share/utexas_gdc/Media/models/combined/materials/textures/__auto_1.jpg
[1.044s] -- Up-to-date: /home/nikunj/bwi_ros2_simulation/install/utexas_gdc/share/utexas_gdc/Media/models/combined/materials/textures/__auto_5.jpg
[1.044s] -- Up-to-date: /home/nikunj/bwi_ros2_simulation/install/utexas_gdc/share/utexas_gdc/Media/models/combined/materials/textures/__auto_4.jpg
[1.044s] -- Up-to-date: /home/nikunj/bwi_ros2_simulation/install/utexas_gdc/share/utexas_gdc/Media/models/combined/materials/textures/__auto_6.jpg
[1.044s] -- Up-to-date: /home/nikunj/bwi_ros2_simulation/install/utexas_gdc/share/utexas_gdc/Media/models/combined/materials/textures/__auto_.jpg
[1.044s] -- Up-to-date: /home/nikunj/bwi_ros2_simulation/install/utexas_gdc/share/utexas_gdc/Media/models/combined/materials/textures/__auto_9.jpg
[1.044s] -- Up-to-date: /home/nikunj/bwi_ros2_simulation/install/utexas_gdc/share/utexas_gdc/Media/models/combined/materials/textures/__auto_8.jpg
[1.044s] -- Up-to-date: /home/nikunj/bwi_ros2_simulation/install/utexas_gdc/share/utexas_gdc/Media/models/combined/materials/textures/__auto_7.jpg
[1.044s] -- Up-to-date: /home/nikunj/bwi_ros2_simulation/install/utexas_gdc/share/utexas_gdc/Media/models/combined/materials/textures/__auto_2.jpg
[1.044s] -- Up-to-date: /home/nikunj/bwi_ros2_simulation/install/utexas_gdc/share/utexas_gdc/Media/models/combined/model.sdf
[1.044s] -- Up-to-date: /home/nikunj/bwi_ros2_simulation/install/utexas_gdc/share/utexas_gdc/Media/models/2
[1.045s] -- Up-to-date: /home/nikunj/bwi_ros2_simulation/install/utexas_gdc/share/utexas_gdc/Media/models/2/model.config
[1.045s] -- Up-to-date: /home/nikunj/bwi_ros2_simulation/install/utexas_gdc/share/utexas_gdc/Media/models/2/meshes
[1.045s] -- Up-to-date: /home/nikunj/bwi_ros2_simulation/install/utexas_gdc/share/utexas_gdc/Media/models/2/meshes/2.dae
[1.045s] -- Up-to-date: /home/nikunj/bwi_ros2_simulation/install/utexas_gdc/share/utexas_gdc/Media/models/2/meshes/2
[1.045s] -- Up-to-date: /home/nikunj/bwi_ros2_simulation/install/utexas_gdc/share/utexas_gdc/Media/models/2/meshes/2/__auto_1.jpg
[1.045s] -- Up-to-date: /home/nikunj/bwi_ros2_simulation/install/utexas_gdc/share/utexas_gdc/Media/models/2/meshes/2/Stone_Vein_Gray.jpg
[1.045s] -- Up-to-date: /home/nikunj/bwi_ros2_simulation/install/utexas_gdc/share/utexas_gdc/Media/models/2/meshes/2/Brick_Antique.jpg
[1.045s] -- Up-to-date: /home/nikunj/bwi_ros2_simulation/install/utexas_gdc/share/utexas_gdc/Media/models/2/meshes/2/Stone_Brushed_Khaki.jpg
[1.045s] -- Up-to-date: /home/nikunj/bwi_ros2_simulation/install/utexas_gdc/share/utexas_gdc/Media/models/2/meshes/2/Tile_Ceramic_Natural.jpg
[1.045s] -- Up-to-date: /home/nikunj/bwi_ros2_simulation/install/utexas_gdc/share/utexas_gdc/Media/models/2/meshes/2/__auto_2.jpg
[1.045s] -- Up-to-date: /home/nikunj/bwi_ros2_simulation/install/utexas_gdc/share/utexas_gdc/Media/models/2/materials
[1.045s] -- Up-to-date: /home/nikunj/bwi_ros2_simulation/install/utexas_gdc/share/utexas_gdc/Media/models/2/materials/textures
[1.045s] -- Up-to-date: /home/nikunj/bwi_ros2_simulation/install/utexas_gdc/share/utexas_gdc/Media/models/2/materials/textures/__auto_1.jpg
[1.045s] -- Up-to-date: /home/nikunj/bwi_ros2_simulation/install/utexas_gdc/share/utexas_gdc/Media/models/2/materials/textures/Stone_Vein_Gray.jpg
[1.046s] -- Up-to-date: /home/nikunj/bwi_ros2_simulation/install/utexas_gdc/share/utexas_gdc/Media/models/2/materials/textures/Brick_Antique.jpg
[1.046s] -- Up-to-date: /home/nikunj/bwi_ros2_simulation/install/utexas_gdc/share/utexas_gdc/Media/models/2/materials/textures/Stone_Brushed_Khaki.jpg
[1.046s] -- Up-to-date: /home/nikunj/bwi_ros2_simulation/install/utexas_gdc/share/utexas_gdc/Media/models/2/materials/textures/Tile_Ceramic_Natural.jpg
[1.046s] -- Up-to-date: /home/nikunj/bwi_ros2_simulation/install/utexas_gdc/share/utexas_gdc/Media/models/2/materials/textures/__auto_2.jpg
[1.046s] -- Up-to-date: /home/nikunj/bwi_ros2_simulation/install/utexas_gdc/share/utexas_gdc/Media/models/2/model.sdf
[1.046s] -- Up-to-date: /home/nikunj/bwi_ros2_simulation/install/utexas_gdc/share/utexas_gdc/Media/models/3ne
[1.046s] -- Up-to-date: /home/nikunj/bwi_ros2_simulation/install/utexas_gdc/share/utexas_gdc/Media/models/3ne/mode.config
[1.046s] -- Up-to-date: /home/nikunj/bwi_ros2_simulation/install/utexas_gdc/share/utexas_gdc/Media/models/3ne/meshes
[1.046s] -- Up-to-date: /home/nikunj/bwi_ros2_simulation/install/utexas_gdc/share/utexas_gdc/Media/models/3ne/meshes/3ne.dae
[1.046s] -- Up-to-date: /home/nikunj/bwi_ros2_simulation/install/utexas_gdc/share/utexas_gdc/Media/models/3ne/materials
[1.046s] -- Up-to-date: /home/nikunj/bwi_ros2_simulation/install/utexas_gdc/share/utexas_gdc/Media/models/3ne/materials/textures
[1.046s] -- Up-to-date: /home/nikunj/bwi_ros2_simulation/install/utexas_gdc/share/utexas_gdc/Media/models/3ne/materials/textures/seamlesstexture6_1200.jpg
[1.046s] -- Up-to-date: /home/nikunj/bwi_ros2_simulation/install/utexas_gdc/share/utexas_gdc/Media/models/3ne/materials/textures/__.jpg
[1.046s] -- Up-to-date: /home/nikunj/bwi_ros2_simulation/install/utexas_gdc/share/utexas_gdc/Media/models/3ne/materials/textures/Stone_Vein_Gray_.jpg
[1.047s] -- Up-to-date: /home/nikunj/bwi_ros2_simulation/install/utexas_gdc/share/utexas_gdc/Media/models/3ne/materials/textures/_981-32029.jpg
[1.047s] -- Up-to-date: /home/nikunj/bwi_ros2_simulation/install/utexas_gdc/share/utexas_gdc/Media/models/3ne/materials/textures/Brick_Antique_.jpg
[1.047s] -- Up-to-date: /home/nikunj/bwi_ros2_simulation/install/utexas_gdc/share/utexas_gdc/Media/models/3ne/model.sdf
[1.047s] -- Up-to-date: /home/nikunj/bwi_ros2_simulation/install/utexas_gdc/share/ament_index/resource_index/package_run_dependencies/utexas_gdc
[1.047s] -- Up-to-date: /home/nikunj/bwi_ros2_simulation/install/utexas_gdc/share/ament_index/resource_index/parent_prefix_path/utexas_gdc
[1.047s] -- Up-to-date: /home/nikunj/bwi_ros2_simulation/install/utexas_gdc/share/utexas_gdc/environment/ament_prefix_path.sh
[1.047s] -- Up-to-date: /home/nikunj/bwi_ros2_simulation/install/utexas_gdc/share/utexas_gdc/environment/ament_prefix_path.dsv
[1.047s] -- Up-to-date: /home/nikunj/bwi_ros2_simulation/install/utexas_gdc/share/utexas_gdc/environment/path.sh
[1.047s] -- Up-to-date: /home/nikunj/bwi_ros2_simulation/install/utexas_gdc/share/utexas_gdc/environment/path.dsv
[1.047s] -- Up-to-date: /home/nikunj/bwi_ros2_simulation/install/utexas_gdc/share/utexas_gdc/local_setup.bash
[1.047s] -- Up-to-date: /home/nikunj/bwi_ros2_simulation/install/utexas_gdc/share/utexas_gdc/local_setup.sh
[1.047s] -- Up-to-date: /home/nikunj/bwi_ros2_simulation/install/utexas_gdc/share/utexas_gdc/local_setup.zsh
[1.048s] -- Up-to-date: /home/nikunj/bwi_ros2_simulation/install/utexas_gdc/share/utexas_gdc/local_setup.dsv
[1.048s] -- Installing: /home/nikunj/bwi_ros2_simulation/install/utexas_gdc/share/utexas_gdc/package.dsv
[1.048s] -- Up-to-date: /home/nikunj/bwi_ros2_simulation/install/utexas_gdc/share/ament_index/resource_index/packages/utexas_gdc
[1.048s] -- Up-to-date: /home/nikunj/bwi_ros2_simulation/install/utexas_gdc/share/utexas_gdc/cmake/utexas_gdcConfig.cmake
[1.048s] -- Up-to-date: /home/nikunj/bwi_ros2_simulation/install/utexas_gdc/share/utexas_gdc/cmake/utexas_gdcConfig-version.cmake
[1.048s] -- Up-to-date: /home/nikunj/bwi_ros2_simulation/install/utexas_gdc/share/utexas_gdc/package.xml
[1.152s] Invoked command in '/home/nikunj/bwi_ros2_simulation/build/utexas_gdc' returned '0': CMAKE_PREFIX_PATH=/opt/ros/humble /usr/bin/cmake --install /home/nikunj/bwi_ros2_simulation/build/utexas_gdc
