-- The C compiler identification is GNU 11.4.0
-- The CXX compiler identification is GNU 11.4.0
-- Detecting C compiler ABI info
-- Detecting C compiler ABI info - done
-- Check for working C compiler: /usr/bin/cc - skipped
-- Detecting C compile features
-- Detecting C compile features - done
-- Detecting CXX compiler ABI info
-- Detecting CXX compiler ABI info - done
-- Check for working CXX compiler: /usr/bin/c++ - skipped
-- Detecting CXX compile features
-- Detecting CXX compile features - done
-- Found ament_cmake: 1.3.12 (/opt/ros/humble/share/ament_cmake/cmake)
-- Found Python3: /usr/bin/python3 (found version "3.10.12") found components: Interpreter 
-- Found ament_lint_auto: 0.12.14 (/opt/ros/humble/share/ament_lint_auto/cmake)
-- Added test 'flake8' to check Python code syntax and style conventions
-- Added test 'lint_cmake' to check CMake code style
-- Added test 'pep257' to check Python code against some of the docstring style conventions in PEP 257
-- Added test 'xmllint' to check XML markup files
-- Configuring done
-- Generating done
-- Build files have been written to: /home/nikunj/bwi_ros2_simulation/build/utexas_gdc
-- Install configuration: ""
-- Installing: /home/nikunj/bwi_ros2_simulation/install/utexas_gdc/share/utexas_gdc/launch
-- Installing: /home/nikunj/bwi_ros2_simulation/install/utexas_gdc/share/utexas_gdc/launch/simulation_3ne.launch
-- Installing: /home/nikunj/bwi_ros2_simulation/install/utexas_gdc/share/utexas_gdc/launch/real_3ne_map_server.launch
-- Installing: /home/nikunj/bwi_ros2_simulation/install/utexas_gdc/share/utexas_gdc/launch/simulation_2.launch
-- Installing: /home/nikunj/bwi_ros2_simulation/install/utexas_gdc/share/utexas_gdc/launch/simulation_3ne_map_server.launch
-- Installing: /home/nikunj/bwi_ros2_simulation/install/utexas_gdc/share/utexas_gdc/launch/simulation_multimap.launch.py
-- Installing: /home/nikunj/bwi_ros2_simulation/install/utexas_gdc/share/utexas_gdc/knowledge
-- Installing: /home/nikunj/bwi_ros2_simulation/install/utexas_gdc/share/utexas_gdc/knowledge/bwi.yaml
-- Installing: /home/nikunj/bwi_ros2_simulation/install/utexas_gdc/share/utexas_gdc/maps
-- Installing: /home/nikunj/bwi_ros2_simulation/install/utexas_gdc/share/utexas_gdc/maps/real
-- Installing: /home/nikunj/bwi_ros2_simulation/install/utexas_gdc/share/utexas_gdc/maps/real/4
-- Installing: /home/nikunj/bwi_ros2_simulation/install/utexas_gdc/share/utexas_gdc/maps/real/4/4.yaml
-- Installing: /home/nikunj/bwi_ros2_simulation/install/utexas_gdc/share/utexas_gdc/maps/real/4/objects.yaml
-- Installing: /home/nikunj/bwi_ros2_simulation/install/utexas_gdc/share/utexas_gdc/maps/real/4/locations.pgm
-- Installing: /home/nikunj/bwi_ros2_simulation/install/utexas_gdc/share/utexas_gdc/maps/real/4/doors_map.pgm
-- Installing: /home/nikunj/bwi_ros2_simulation/install/utexas_gdc/share/utexas_gdc/maps/real/4/4.pgm
-- Installing: /home/nikunj/bwi_ros2_simulation/install/utexas_gdc/share/utexas_gdc/maps/real/4/locations.yaml
-- Installing: /home/nikunj/bwi_ros2_simulation/install/utexas_gdc/share/utexas_gdc/maps/real/4/doors_map.yaml
-- Installing: /home/nikunj/bwi_ros2_simulation/install/utexas_gdc/share/utexas_gdc/maps/real/4/doors.yaml
-- Installing: /home/nikunj/bwi_ros2_simulation/install/utexas_gdc/share/utexas_gdc/maps/real/multimap
-- Installing: /home/nikunj/bwi_ros2_simulation/install/utexas_gdc/share/utexas_gdc/maps/real/multimap/2_only_multimap.yaml
-- Installing: /home/nikunj/bwi_ros2_simulation/install/utexas_gdc/share/utexas_gdc/maps/real/multimap/multimap.yaml
-- Installing: /home/nikunj/bwi_ros2_simulation/install/utexas_gdc/share/utexas_gdc/maps/real/1s
-- Installing: /home/nikunj/bwi_ros2_simulation/install/utexas_gdc/share/utexas_gdc/maps/real/1s/1s-original.pgm
-- Installing: /home/nikunj/bwi_ros2_simulation/install/utexas_gdc/share/utexas_gdc/maps/real/1s/1s.yaml
-- Installing: /home/nikunj/bwi_ros2_simulation/install/utexas_gdc/share/utexas_gdc/maps/real/1s/1s.pgm
-- Installing: /home/nikunj/bwi_ros2_simulation/install/utexas_gdc/share/utexas_gdc/maps/real/1n
-- Installing: /home/nikunj/bwi_ros2_simulation/install/utexas_gdc/share/utexas_gdc/maps/real/1n/1n.yaml
-- Installing: /home/nikunj/bwi_ros2_simulation/install/utexas_gdc/share/utexas_gdc/maps/real/1n/1n.pgm
-- Installing: /home/nikunj/bwi_ros2_simulation/install/utexas_gdc/share/utexas_gdc/maps/real/2
-- Installing: /home/nikunj/bwi_ros2_simulation/install/utexas_gdc/share/utexas_gdc/maps/real/2/2.pgm
-- Installing: /home/nikunj/bwi_ros2_simulation/install/utexas_gdc/share/utexas_gdc/maps/real/2/objects.yaml
-- Installing: /home/nikunj/bwi_ros2_simulation/install/utexas_gdc/share/utexas_gdc/maps/real/2/2_original.pgm
-- Installing: /home/nikunj/bwi_ros2_simulation/install/utexas_gdc/share/utexas_gdc/maps/real/2/locations.pgm
-- Installing: /home/nikunj/bwi_ros2_simulation/install/utexas_gdc/share/utexas_gdc/maps/real/2/doors_map.pgm
-- Installing: /home/nikunj/bwi_ros2_simulation/install/utexas_gdc/share/utexas_gdc/maps/real/2/2_before_elev.pgm
-- Installing: /home/nikunj/bwi_ros2_simulation/install/utexas_gdc/share/utexas_gdc/maps/real/2/2_no_furniture.pgm
-- Installing: /home/nikunj/bwi_ros2_simulation/install/utexas_gdc/share/utexas_gdc/maps/real/2/2.yaml
-- Installing: /home/nikunj/bwi_ros2_simulation/install/utexas_gdc/share/utexas_gdc/maps/real/2/locations.yaml
-- Installing: /home/nikunj/bwi_ros2_simulation/install/utexas_gdc/share/utexas_gdc/maps/real/2/doors_map.yaml
-- Installing: /home/nikunj/bwi_ros2_simulation/install/utexas_gdc/share/utexas_gdc/maps/real/2/doors.yaml
-- Installing: /home/nikunj/bwi_ros2_simulation/install/utexas_gdc/share/utexas_gdc/maps/real/3ne
-- Installing: /home/nikunj/bwi_ros2_simulation/install/utexas_gdc/share/utexas_gdc/maps/real/3ne/3ne.pgm.bak
-- Installing: /home/nikunj/bwi_ros2_simulation/install/utexas_gdc/share/utexas_gdc/maps/real/3ne/3ne.yaml
-- Installing: /home/nikunj/bwi_ros2_simulation/install/utexas_gdc/share/utexas_gdc/maps/real/3ne/objects.yaml
-- Installing: /home/nikunj/bwi_ros2_simulation/install/utexas_gdc/share/utexas_gdc/maps/real/3ne/3ne.pgm
-- Installing: /home/nikunj/bwi_ros2_simulation/install/utexas_gdc/share/utexas_gdc/maps/real/3ne/locations.pgm
-- Installing: /home/nikunj/bwi_ros2_simulation/install/utexas_gdc/share/utexas_gdc/maps/real/3ne/doors_map.pgm
-- Installing: /home/nikunj/bwi_ros2_simulation/install/utexas_gdc/share/utexas_gdc/maps/real/3ne/locations.yaml
-- Installing: /home/nikunj/bwi_ros2_simulation/install/utexas_gdc/share/utexas_gdc/maps/real/3ne/doors_map.yaml
-- Installing: /home/nikunj/bwi_ros2_simulation/install/utexas_gdc/share/utexas_gdc/maps/real/3ne/doors.yaml
-- Installing: /home/nikunj/bwi_ros2_simulation/install/utexas_gdc/share/utexas_gdc/maps/real/1
-- Installing: /home/nikunj/bwi_ros2_simulation/install/utexas_gdc/share/utexas_gdc/maps/real/1/1-original.pgm
-- Installing: /home/nikunj/bwi_ros2_simulation/install/utexas_gdc/share/utexas_gdc/maps/real/1/1.yaml
-- Installing: /home/nikunj/bwi_ros2_simulation/install/utexas_gdc/share/utexas_gdc/maps/real/1/objects.yaml
-- Installing: /home/nikunj/bwi_ros2_simulation/install/utexas_gdc/share/utexas_gdc/maps/real/1/1.pgm
-- Installing: /home/nikunj/bwi_ros2_simulation/install/utexas_gdc/share/utexas_gdc/maps/real/1/locations.pgm
-- Installing: /home/nikunj/bwi_ros2_simulation/install/utexas_gdc/share/utexas_gdc/maps/real/1/doors_map.pgm
-- Installing: /home/nikunj/bwi_ros2_simulation/install/utexas_gdc/share/utexas_gdc/maps/real/1/locations.yaml
-- Installing: /home/nikunj/bwi_ros2_simulation/install/utexas_gdc/share/utexas_gdc/maps/real/1/doors_map.yaml
-- Installing: /home/nikunj/bwi_ros2_simulation/install/utexas_gdc/share/utexas_gdc/maps/real/1/doors.yaml
-- Installing: /home/nikunj/bwi_ros2_simulation/install/utexas_gdc/share/utexas_gdc/maps/real/3
-- Installing: /home/nikunj/bwi_ros2_simulation/install/utexas_gdc/share/utexas_gdc/maps/real/3/connectivity.yaml
-- Installing: /home/nikunj/bwi_ros2_simulation/install/utexas_gdc/share/utexas_gdc/maps/real/3/objects.yaml
-- Installing: /home/nikunj/bwi_ros2_simulation/install/utexas_gdc/share/utexas_gdc/maps/real/3/3.yaml
-- Installing: /home/nikunj/bwi_ros2_simulation/install/utexas_gdc/share/utexas_gdc/maps/real/3/locations.pgm
-- Installing: /home/nikunj/bwi_ros2_simulation/install/utexas_gdc/share/utexas_gdc/maps/real/3/doors_map.pgm
-- Installing: /home/nikunj/bwi_ros2_simulation/install/utexas_gdc/share/utexas_gdc/maps/real/3/3.pgm
-- Installing: /home/nikunj/bwi_ros2_simulation/install/utexas_gdc/share/utexas_gdc/maps/real/3/locations.yaml
-- Installing: /home/nikunj/bwi_ros2_simulation/install/utexas_gdc/share/utexas_gdc/maps/real/3/doors_map.yaml
-- Installing: /home/nikunj/bwi_ros2_simulation/install/utexas_gdc/share/utexas_gdc/maps/real/3/doors.yaml
-- Installing: /home/nikunj/bwi_ros2_simulation/install/utexas_gdc/share/utexas_gdc/maps/simulation
-- Installing: /home/nikunj/bwi_ros2_simulation/install/utexas_gdc/share/utexas_gdc/maps/simulation/my_map_old.yaml
-- Installing: /home/nikunj/bwi_ros2_simulation/install/utexas_gdc/share/utexas_gdc/maps/simulation/multimap
-- Installing: /home/nikunj/bwi_ros2_simulation/install/utexas_gdc/share/utexas_gdc/maps/simulation/multimap/2
-- Installing: /home/nikunj/bwi_ros2_simulation/install/utexas_gdc/share/utexas_gdc/maps/simulation/multimap/2/2.pgm
-- Installing: /home/nikunj/bwi_ros2_simulation/install/utexas_gdc/share/utexas_gdc/maps/simulation/multimap/2/objects.yaml
-- Installing: /home/nikunj/bwi_ros2_simulation/install/utexas_gdc/share/utexas_gdc/maps/simulation/multimap/2/locations.pgm
-- Installing: /home/nikunj/bwi_ros2_simulation/install/utexas_gdc/share/utexas_gdc/maps/simulation/multimap/2/doors_map.pgm
-- Installing: /home/nikunj/bwi_ros2_simulation/install/utexas_gdc/share/utexas_gdc/maps/simulation/multimap/2/2.yaml
-- Installing: /home/nikunj/bwi_ros2_simulation/install/utexas_gdc/share/utexas_gdc/maps/simulation/multimap/2/locations.yaml
-- Installing: /home/nikunj/bwi_ros2_simulation/install/utexas_gdc/share/utexas_gdc/maps/simulation/multimap/2/doors_map.yaml
-- Installing: /home/nikunj/bwi_ros2_simulation/install/utexas_gdc/share/utexas_gdc/maps/simulation/multimap/2/doors.yaml
-- Installing: /home/nikunj/bwi_ros2_simulation/install/utexas_gdc/share/utexas_gdc/maps/simulation/multimap/3ne
-- Installing: /home/nikunj/bwi_ros2_simulation/install/utexas_gdc/share/utexas_gdc/maps/simulation/multimap/3ne/3ne.yaml
-- Installing: /home/nikunj/bwi_ros2_simulation/install/utexas_gdc/share/utexas_gdc/maps/simulation/multimap/3ne/objects.yaml
-- Installing: /home/nikunj/bwi_ros2_simulation/install/utexas_gdc/share/utexas_gdc/maps/simulation/multimap/3ne/3ne.pgm
-- Installing: /home/nikunj/bwi_ros2_simulation/install/utexas_gdc/share/utexas_gdc/maps/simulation/multimap/3ne/locations.pgm
-- Installing: /home/nikunj/bwi_ros2_simulation/install/utexas_gdc/share/utexas_gdc/maps/simulation/multimap/3ne/doors_map.pgm
-- Installing: /home/nikunj/bwi_ros2_simulation/install/utexas_gdc/share/utexas_gdc/maps/simulation/multimap/3ne/locations.yaml
-- Installing: /home/nikunj/bwi_ros2_simulation/install/utexas_gdc/share/utexas_gdc/maps/simulation/multimap/3ne/doors_map.yaml
-- Installing: /home/nikunj/bwi_ros2_simulation/install/utexas_gdc/share/utexas_gdc/maps/simulation/multimap/3ne/doors.yaml
-- Installing: /home/nikunj/bwi_ros2_simulation/install/utexas_gdc/share/utexas_gdc/maps/simulation/multimap/combined.yaml
-- Installing: /home/nikunj/bwi_ros2_simulation/install/utexas_gdc/share/utexas_gdc/maps/simulation/f1tenth_sim
-- Installing: /home/nikunj/bwi_ros2_simulation/install/utexas_gdc/share/utexas_gdc/maps/simulation/f1tenth_sim/2
-- Installing: /home/nikunj/bwi_ros2_simulation/install/utexas_gdc/share/utexas_gdc/maps/simulation/f1tenth_sim/2/2.pgm
-- Installing: /home/nikunj/bwi_ros2_simulation/install/utexas_gdc/share/utexas_gdc/maps/simulation/f1tenth_sim/2/locations.pgm
-- Installing: /home/nikunj/bwi_ros2_simulation/install/utexas_gdc/share/utexas_gdc/maps/simulation/f1tenth_sim/2/doors_map.pgm
-- Installing: /home/nikunj/bwi_ros2_simulation/install/utexas_gdc/share/utexas_gdc/maps/simulation/f1tenth_sim/2/2.yaml
-- Installing: /home/nikunj/bwi_ros2_simulation/install/utexas_gdc/share/utexas_gdc/maps/simulation/f1tenth_sim/2/locations.yaml
-- Installing: /home/nikunj/bwi_ros2_simulation/install/utexas_gdc/share/utexas_gdc/maps/simulation/f1tenth_sim/2/doors_map.yaml
-- Installing: /home/nikunj/bwi_ros2_simulation/install/utexas_gdc/share/utexas_gdc/maps/simulation/f1tenth_sim/2/doors.yaml
-- Installing: /home/nikunj/bwi_ros2_simulation/install/utexas_gdc/share/utexas_gdc/maps/simulation/f1tenth_sim/3ne
-- Installing: /home/nikunj/bwi_ros2_simulation/install/utexas_gdc/share/utexas_gdc/maps/simulation/f1tenth_sim/3ne/3ne.yaml
-- Installing: /home/nikunj/bwi_ros2_simulation/install/utexas_gdc/share/utexas_gdc/maps/simulation/f1tenth_sim/3ne/objects.yaml
-- Installing: /home/nikunj/bwi_ros2_simulation/install/utexas_gdc/share/utexas_gdc/maps/simulation/f1tenth_sim/3ne/3ne.pgm
-- Installing: /home/nikunj/bwi_ros2_simulation/install/utexas_gdc/share/utexas_gdc/maps/simulation/f1tenth_sim/3ne/locations.pgm
-- Installing: /home/nikunj/bwi_ros2_simulation/install/utexas_gdc/share/utexas_gdc/maps/simulation/f1tenth_sim/3ne/doors_map.pgm
-- Installing: /home/nikunj/bwi_ros2_simulation/install/utexas_gdc/share/utexas_gdc/maps/simulation/f1tenth_sim/3ne/locations.yaml
-- Installing: /home/nikunj/bwi_ros2_simulation/install/utexas_gdc/share/utexas_gdc/maps/simulation/f1tenth_sim/3ne/doors_map.yaml
-- Installing: /home/nikunj/bwi_ros2_simulation/install/utexas_gdc/share/utexas_gdc/maps/simulation/f1tenth_sim/3ne/doors.yaml
-- Installing: /home/nikunj/bwi_ros2_simulation/install/utexas_gdc/share/utexas_gdc/maps/simulation/f1tenth_sim/1
-- Installing: /home/nikunj/bwi_ros2_simulation/install/utexas_gdc/share/utexas_gdc/maps/simulation/f1tenth_sim/1/1.yaml
-- Installing: /home/nikunj/bwi_ros2_simulation/install/utexas_gdc/share/utexas_gdc/maps/simulation/f1tenth_sim/1/connectivity.yaml
-- Installing: /home/nikunj/bwi_ros2_simulation/install/utexas_gdc/share/utexas_gdc/maps/simulation/f1tenth_sim/1/objects.yaml
-- Installing: /home/nikunj/bwi_ros2_simulation/install/utexas_gdc/share/utexas_gdc/maps/simulation/f1tenth_sim/1/1.pgm
-- Installing: /home/nikunj/bwi_ros2_simulation/install/utexas_gdc/share/utexas_gdc/maps/simulation/f1tenth_sim/1/locations.pgm
-- Installing: /home/nikunj/bwi_ros2_simulation/install/utexas_gdc/share/utexas_gdc/maps/simulation/f1tenth_sim/1/doors_map.pgm
-- Installing: /home/nikunj/bwi_ros2_simulation/install/utexas_gdc/share/utexas_gdc/maps/simulation/f1tenth_sim/1/locations.yaml
-- Installing: /home/nikunj/bwi_ros2_simulation/install/utexas_gdc/share/utexas_gdc/maps/simulation/f1tenth_sim/1/doors_map.yaml
-- Installing: /home/nikunj/bwi_ros2_simulation/install/utexas_gdc/share/utexas_gdc/maps/simulation/f1tenth_sim/1/doors.yaml
-- Installing: /home/nikunj/bwi_ros2_simulation/install/utexas_gdc/share/utexas_gdc/maps/simulation/f1tenth_sim/combined.yaml
-- Installing: /home/nikunj/bwi_ros2_simulation/install/utexas_gdc/share/utexas_gdc/maps/simulation/my_map.yaml
-- Installing: /home/nikunj/bwi_ros2_simulation/install/utexas_gdc/share/utexas_gdc/maps/simulation/2
-- Installing: /home/nikunj/bwi_ros2_simulation/install/utexas_gdc/share/utexas_gdc/maps/simulation/2/2.pgm
-- Installing: /home/nikunj/bwi_ros2_simulation/install/utexas_gdc/share/utexas_gdc/maps/simulation/2/2.xcf
-- Installing: /home/nikunj/bwi_ros2_simulation/install/utexas_gdc/share/utexas_gdc/maps/simulation/2/2.yaml
-- Installing: /home/nikunj/bwi_ros2_simulation/install/utexas_gdc/share/utexas_gdc/maps/simulation/my_map_fixed.pgm
-- Installing: /home/nikunj/bwi_ros2_simulation/install/utexas_gdc/share/utexas_gdc/maps/simulation/multimap_test
-- Installing: /home/nikunj/bwi_ros2_simulation/install/utexas_gdc/share/utexas_gdc/maps/simulation/multimap_test/2_only_multimap.yaml
-- Installing: /home/nikunj/bwi_ros2_simulation/install/utexas_gdc/share/utexas_gdc/maps/simulation/multimap_test/test.yaml
-- Installing: /home/nikunj/bwi_ros2_simulation/install/utexas_gdc/share/utexas_gdc/maps/simulation/multimap_test/3netest
-- Installing: /home/nikunj/bwi_ros2_simulation/install/utexas_gdc/share/utexas_gdc/maps/simulation/multimap_test/3netest/3netest.yaml
-- Installing: /home/nikunj/bwi_ros2_simulation/install/utexas_gdc/share/utexas_gdc/maps/simulation/multimap_test/3netest/3netest.pgm
-- Installing: /home/nikunj/bwi_ros2_simulation/install/utexas_gdc/share/utexas_gdc/maps/simulation/multimap_test/3netest/objects.yaml
-- Installing: /home/nikunj/bwi_ros2_simulation/install/utexas_gdc/share/utexas_gdc/maps/simulation/multimap_test/3netest/locations.pgm
-- Installing: /home/nikunj/bwi_ros2_simulation/install/utexas_gdc/share/utexas_gdc/maps/simulation/multimap_test/3netest/doors_map.pgm
-- Installing: /home/nikunj/bwi_ros2_simulation/install/utexas_gdc/share/utexas_gdc/maps/simulation/multimap_test/3netest/locations.yaml
-- Installing: /home/nikunj/bwi_ros2_simulation/install/utexas_gdc/share/utexas_gdc/maps/simulation/multimap_test/3netest/doors_map.yaml
-- Installing: /home/nikunj/bwi_ros2_simulation/install/utexas_gdc/share/utexas_gdc/maps/simulation/multimap_test/3netest/doors.yaml
-- Installing: /home/nikunj/bwi_ros2_simulation/install/utexas_gdc/share/utexas_gdc/maps/simulation/my_map_old.pgm
-- Installing: /home/nikunj/bwi_ros2_simulation/install/utexas_gdc/share/utexas_gdc/maps/simulation/3ne
-- Installing: /home/nikunj/bwi_ros2_simulation/install/utexas_gdc/share/utexas_gdc/maps/simulation/3ne/3ne.yaml
-- Installing: /home/nikunj/bwi_ros2_simulation/install/utexas_gdc/share/utexas_gdc/maps/simulation/3ne/doors_map_corpp.yaml
-- Installing: /home/nikunj/bwi_ros2_simulation/install/utexas_gdc/share/utexas_gdc/maps/simulation/3ne/connectivity.yaml
-- Installing: /home/nikunj/bwi_ros2_simulation/install/utexas_gdc/share/utexas_gdc/maps/simulation/3ne/doors_map_corpp.pgm
-- Installing: /home/nikunj/bwi_ros2_simulation/install/utexas_gdc/share/utexas_gdc/maps/simulation/3ne/objects.yaml
-- Installing: /home/nikunj/bwi_ros2_simulation/install/utexas_gdc/share/utexas_gdc/maps/simulation/3ne/3ne.pgm
-- Installing: /home/nikunj/bwi_ros2_simulation/install/utexas_gdc/share/utexas_gdc/maps/simulation/3ne/locations.pgm
-- Installing: /home/nikunj/bwi_ros2_simulation/install/utexas_gdc/share/utexas_gdc/maps/simulation/3ne/doors_map.pgm
-- Installing: /home/nikunj/bwi_ros2_simulation/install/utexas_gdc/share/utexas_gdc/maps/simulation/3ne/locations.yaml
-- Installing: /home/nikunj/bwi_ros2_simulation/install/utexas_gdc/share/utexas_gdc/maps/simulation/3ne/doors_map.yaml
-- Installing: /home/nikunj/bwi_ros2_simulation/install/utexas_gdc/share/utexas_gdc/maps/simulation/3ne/doors.yaml
-- Installing: /home/nikunj/bwi_ros2_simulation/install/utexas_gdc/share/utexas_gdc/maps/simulation/my_map.pgm
-- Installing: /home/nikunj/bwi_ros2_simulation/install/utexas_gdc/share/utexas_gdc/worlds
-- Installing: /home/nikunj/bwi_ros2_simulation/install/utexas_gdc/share/utexas_gdc/worlds/2.world
-- Installing: /home/nikunj/bwi_ros2_simulation/install/utexas_gdc/share/utexas_gdc/worlds/3ne.world
-- Installing: /home/nikunj/bwi_ros2_simulation/install/utexas_gdc/share/utexas_gdc/worlds/combined.world
-- Installing: /home/nikunj/bwi_ros2_simulation/install/utexas_gdc/share/utexas_gdc/worlds/hallway_correct.world
-- Installing: /home/nikunj/bwi_ros2_simulation/install/utexas_gdc/share/utexas_gdc/worlds/hallway_world.world
-- Installing: /home/nikunj/bwi_ros2_simulation/install/utexas_gdc/share/utexas_gdc/Media
-- Installing: /home/nikunj/bwi_ros2_simulation/install/utexas_gdc/share/utexas_gdc/Media/models
-- Installing: /home/nikunj/bwi_ros2_simulation/install/utexas_gdc/share/utexas_gdc/Media/models/combined
-- Installing: /home/nikunj/bwi_ros2_simulation/install/utexas_gdc/share/utexas_gdc/Media/models/combined/model.config
-- Installing: /home/nikunj/bwi_ros2_simulation/install/utexas_gdc/share/utexas_gdc/Media/models/combined/meshes
-- Installing: /home/nikunj/bwi_ros2_simulation/install/utexas_gdc/share/utexas_gdc/Media/models/combined/meshes/combined.skp
-- Installing: /home/nikunj/bwi_ros2_simulation/install/utexas_gdc/share/utexas_gdc/Media/models/combined/meshes/combined.dae
-- Installing: /home/nikunj/bwi_ros2_simulation/install/utexas_gdc/share/utexas_gdc/Media/models/combined/materials
-- Installing: /home/nikunj/bwi_ros2_simulation/install/utexas_gdc/share/utexas_gdc/Media/models/combined/materials/textures
-- Installing: /home/nikunj/bwi_ros2_simulation/install/utexas_gdc/share/utexas_gdc/Media/models/combined/materials/textures/__auto_1.jpg
-- Installing: /home/nikunj/bwi_ros2_simulation/install/utexas_gdc/share/utexas_gdc/Media/models/combined/materials/textures/__auto_5.jpg
-- Installing: /home/nikunj/bwi_ros2_simulation/install/utexas_gdc/share/utexas_gdc/Media/models/combined/materials/textures/__auto_4.jpg
-- Installing: /home/nikunj/bwi_ros2_simulation/install/utexas_gdc/share/utexas_gdc/Media/models/combined/materials/textures/__auto_6.jpg
-- Installing: /home/nikunj/bwi_ros2_simulation/install/utexas_gdc/share/utexas_gdc/Media/models/combined/materials/textures/__auto_.jpg
-- Installing: /home/nikunj/bwi_ros2_simulation/install/utexas_gdc/share/utexas_gdc/Media/models/combined/materials/textures/__auto_9.jpg
-- Installing: /home/nikunj/bwi_ros2_simulation/install/utexas_gdc/share/utexas_gdc/Media/models/combined/materials/textures/__auto_8.jpg
-- Installing: /home/nikunj/bwi_ros2_simulation/install/utexas_gdc/share/utexas_gdc/Media/models/combined/materials/textures/__auto_7.jpg
-- Installing: /home/nikunj/bwi_ros2_simulation/install/utexas_gdc/share/utexas_gdc/Media/models/combined/materials/textures/__auto_2.jpg
-- Installing: /home/nikunj/bwi_ros2_simulation/install/utexas_gdc/share/utexas_gdc/Media/models/combined/model.sdf
-- Installing: /home/nikunj/bwi_ros2_simulation/install/utexas_gdc/share/utexas_gdc/Media/models/2
-- Installing: /home/nikunj/bwi_ros2_simulation/install/utexas_gdc/share/utexas_gdc/Media/models/2/model.config
-- Installing: /home/nikunj/bwi_ros2_simulation/install/utexas_gdc/share/utexas_gdc/Media/models/2/meshes
-- Installing: /home/nikunj/bwi_ros2_simulation/install/utexas_gdc/share/utexas_gdc/Media/models/2/meshes/2.dae
-- Installing: /home/nikunj/bwi_ros2_simulation/install/utexas_gdc/share/utexas_gdc/Media/models/2/meshes/2
-- Installing: /home/nikunj/bwi_ros2_simulation/install/utexas_gdc/share/utexas_gdc/Media/models/2/meshes/2/__auto_1.jpg
-- Installing: /home/nikunj/bwi_ros2_simulation/install/utexas_gdc/share/utexas_gdc/Media/models/2/meshes/2/Stone_Vein_Gray.jpg
-- Installing: /home/nikunj/bwi_ros2_simulation/install/utexas_gdc/share/utexas_gdc/Media/models/2/meshes/2/Brick_Antique.jpg
-- Installing: /home/nikunj/bwi_ros2_simulation/install/utexas_gdc/share/utexas_gdc/Media/models/2/meshes/2/Stone_Brushed_Khaki.jpg
-- Installing: /home/nikunj/bwi_ros2_simulation/install/utexas_gdc/share/utexas_gdc/Media/models/2/meshes/2/Tile_Ceramic_Natural.jpg
-- Installing: /home/nikunj/bwi_ros2_simulation/install/utexas_gdc/share/utexas_gdc/Media/models/2/meshes/2/__auto_2.jpg
-- Installing: /home/nikunj/bwi_ros2_simulation/install/utexas_gdc/share/utexas_gdc/Media/models/2/materials
-- Installing: /home/nikunj/bwi_ros2_simulation/install/utexas_gdc/share/utexas_gdc/Media/models/2/materials/textures
-- Installing: /home/nikunj/bwi_ros2_simulation/install/utexas_gdc/share/utexas_gdc/Media/models/2/materials/textures/__auto_1.jpg
-- Installing: /home/nikunj/bwi_ros2_simulation/install/utexas_gdc/share/utexas_gdc/Media/models/2/materials/textures/Stone_Vein_Gray.jpg
-- Installing: /home/nikunj/bwi_ros2_simulation/install/utexas_gdc/share/utexas_gdc/Media/models/2/materials/textures/Brick_Antique.jpg
-- Installing: /home/nikunj/bwi_ros2_simulation/install/utexas_gdc/share/utexas_gdc/Media/models/2/materials/textures/Stone_Brushed_Khaki.jpg
-- Installing: /home/nikunj/bwi_ros2_simulation/install/utexas_gdc/share/utexas_gdc/Media/models/2/materials/textures/Tile_Ceramic_Natural.jpg
-- Installing: /home/nikunj/bwi_ros2_simulation/install/utexas_gdc/share/utexas_gdc/Media/models/2/materials/textures/__auto_2.jpg
-- Installing: /home/nikunj/bwi_ros2_simulation/install/utexas_gdc/share/utexas_gdc/Media/models/2/model.sdf
-- Installing: /home/nikunj/bwi_ros2_simulation/install/utexas_gdc/share/utexas_gdc/Media/models/3ne
-- Installing: /home/nikunj/bwi_ros2_simulation/install/utexas_gdc/share/utexas_gdc/Media/models/3ne/mode.config
-- Installing: /home/nikunj/bwi_ros2_simulation/install/utexas_gdc/share/utexas_gdc/Media/models/3ne/meshes
-- Installing: /home/nikunj/bwi_ros2_simulation/install/utexas_gdc/share/utexas_gdc/Media/models/3ne/meshes/3ne.dae
-- Installing: /home/nikunj/bwi_ros2_simulation/install/utexas_gdc/share/utexas_gdc/Media/models/3ne/materials
-- Installing: /home/nikunj/bwi_ros2_simulation/install/utexas_gdc/share/utexas_gdc/Media/models/3ne/materials/textures
-- Installing: /home/nikunj/bwi_ros2_simulation/install/utexas_gdc/share/utexas_gdc/Media/models/3ne/materials/textures/seamlesstexture6_1200.jpg
-- Installing: /home/nikunj/bwi_ros2_simulation/install/utexas_gdc/share/utexas_gdc/Media/models/3ne/materials/textures/__.jpg
-- Installing: /home/nikunj/bwi_ros2_simulation/install/utexas_gdc/share/utexas_gdc/Media/models/3ne/materials/textures/Stone_Vein_Gray_.jpg
-- Installing: /home/nikunj/bwi_ros2_simulation/install/utexas_gdc/share/utexas_gdc/Media/models/3ne/materials/textures/_981-32029.jpg
-- Installing: /home/nikunj/bwi_ros2_simulation/install/utexas_gdc/share/utexas_gdc/Media/models/3ne/materials/textures/Brick_Antique_.jpg
-- Installing: /home/nikunj/bwi_ros2_simulation/install/utexas_gdc/share/utexas_gdc/Media/models/3ne/model.sdf
-- Installing: /home/nikunj/bwi_ros2_simulation/install/utexas_gdc/share/ament_index/resource_index/package_run_dependencies/utexas_gdc
-- Installing: /home/nikunj/bwi_ros2_simulation/install/utexas_gdc/share/ament_index/resource_index/parent_prefix_path/utexas_gdc
-- Installing: /home/nikunj/bwi_ros2_simulation/install/utexas_gdc/share/utexas_gdc/environment/ament_prefix_path.sh
-- Installing: /home/nikunj/bwi_ros2_simulation/install/utexas_gdc/share/utexas_gdc/environment/ament_prefix_path.dsv
-- Installing: /home/nikunj/bwi_ros2_simulation/install/utexas_gdc/share/utexas_gdc/environment/path.sh
-- Installing: /home/nikunj/bwi_ros2_simulation/install/utexas_gdc/share/utexas_gdc/environment/path.dsv
-- Installing: /home/nikunj/bwi_ros2_simulation/install/utexas_gdc/share/utexas_gdc/local_setup.bash
-- Installing: /home/nikunj/bwi_ros2_simulation/install/utexas_gdc/share/utexas_gdc/local_setup.sh
-- Installing: /home/nikunj/bwi_ros2_simulation/install/utexas_gdc/share/utexas_gdc/local_setup.zsh
-- Installing: /home/nikunj/bwi_ros2_simulation/install/utexas_gdc/share/utexas_gdc/local_setup.dsv
-- Installing: /home/nikunj/bwi_ros2_simulation/install/utexas_gdc/share/utexas_gdc/package.dsv
-- Installing: /home/nikunj/bwi_ros2_simulation/install/utexas_gdc/share/ament_index/resource_index/packages/utexas_gdc
-- Installing: /home/nikunj/bwi_ros2_simulation/install/utexas_gdc/share/utexas_gdc/cmake/utexas_gdcConfig.cmake
-- Installing: /home/nikunj/bwi_ros2_simulation/install/utexas_gdc/share/utexas_gdc/cmake/utexas_gdcConfig-version.cmake
-- Installing: /home/nikunj/bwi_ros2_simulation/install/utexas_gdc/share/utexas_gdc/package.xml
