[0.095s] DEBUG:colcon:Command line arguments: ['/usr/bin/colcon', 'build', '--packages-select', 'bwi_tasks']
[0.095s] DEBUG:colcon:Parsed command line arguments: Namespace(log_base=None, log_level=None, verb_name='build', build_base='build', install_base='install', merge_install=False, symlink_install=False, test_result_base=None, continue_on_error=False, executor='parallel', parallel_workers=32, event_handlers=None, ignore_user_meta=False, metas=['./colcon.meta'], base_paths=['.'], packages_ignore=None, packages_ignore_regex=None, paths=None, packages_up_to=None, packages_up_to_regex=None, packages_above=None, packages_above_and_dependencies=None, packages_above_depth=None, packages_select_by_dep=None, packages_skip_by_dep=None, packages_skip_up_to=None, packages_select_build_failed=False, packages_skip_build_finished=False, packages_select_test_failures=False, packages_skip_test_passed=False, packages_select=['bwi_tasks'], packages_skip=None, packages_select_regex=None, packages_skip_regex=None, packages_start=None, packages_end=None, allow_overriding=[], cmake_args=None, cmake_target=None, cmake_target_skip_unavailable=False, cmake_clean_cache=False, cmake_clean_first=False, cmake_force_configure=False, ament_cmake_args=None, catkin_cmake_args=None, catkin_skip_building_tests=False, mixin_files=None, mixin=None, verb_parser=<colcon_mixin.mixin.mixin_argument.MixinArgumentDecorator object at 0x7785f1999750>, verb_extension=<colcon_core.verb.build.BuildVerb object at 0x7785f1ab2770>, main=<bound method BuildVerb.main of <colcon_core.verb.build.BuildVerb object at 0x7785f1ab2770>>, mixin_verb=('build',))
[0.222s] Level 1:colcon.colcon_core.package_discovery:discover_packages(colcon_meta) check parameters
[0.223s] Level 1:colcon.colcon_core.package_discovery:discover_packages(recursive) check parameters
[0.223s] Level 1:colcon.colcon_core.package_discovery:discover_packages(ignore) check parameters
[0.223s] Level 1:colcon.colcon_core.package_discovery:discover_packages(path) check parameters
[0.223s] Level 1:colcon.colcon_core.package_discovery:discover_packages(colcon_meta) discover
[0.223s] Level 1:colcon.colcon_core.package_discovery:discover_packages(recursive) discover
[0.223s] INFO:colcon.colcon_core.package_discovery:Crawling recursively for packages in '/home/nikunj/bwi_ros2_simulation'
[0.223s] Level 1:colcon.colcon_core.package_identification:_identify(.) by extensions ['ignore', 'ignore_ament_install']
[0.223s] Level 1:colcon.colcon_core.package_identification:_identify(.) by extension 'ignore'
[0.223s] Level 1:colcon.colcon_core.package_identification:_identify(.) by extension 'ignore_ament_install'
[0.223s] Level 1:colcon.colcon_core.package_identification:_identify(.) by extensions ['colcon_pkg']
[0.223s] Level 1:colcon.colcon_core.package_identification:_identify(.) by extension 'colcon_pkg'
[0.223s] Level 1:colcon.colcon_core.package_identification:_identify(.) by extensions ['colcon_meta']
[0.223s] Level 1:colcon.colcon_core.package_identification:_identify(.) by extension 'colcon_meta'
[0.223s] Level 1:colcon.colcon_core.package_identification:_identify(.) by extensions ['ros']
[0.223s] Level 1:colcon.colcon_core.package_identification:_identify(.) by extension 'ros'
[0.231s] Level 1:colcon.colcon_core.package_identification:_identify(.) by extensions ['cmake', 'python']
[0.231s] Level 1:colcon.colcon_core.package_identification:_identify(.) by extension 'cmake'
[0.231s] Level 1:colcon.colcon_core.package_identification:_identify(.) by extension 'python'
[0.231s] Level 1:colcon.colcon_core.package_identification:_identify(.) by extensions ['python_setup_py']
[0.232s] Level 1:colcon.colcon_core.package_identification:_identify(.) by extension 'python_setup_py'
[0.232s] Level 1:colcon.colcon_core.package_identification:_identify(build) by extensions ['ignore', 'ignore_ament_install']
[0.232s] Level 1:colcon.colcon_core.package_identification:_identify(build) by extension 'ignore'
[0.232s] Level 1:colcon.colcon_core.package_identification:_identify(build) ignored
[0.232s] Level 1:colcon.colcon_core.package_identification:_identify(data) by extensions ['ignore', 'ignore_ament_install']
[0.232s] Level 1:colcon.colcon_core.package_identification:_identify(data) by extension 'ignore'
[0.232s] Level 1:colcon.colcon_core.package_identification:_identify(data) by extension 'ignore_ament_install'
[0.232s] Level 1:colcon.colcon_core.package_identification:_identify(data) by extensions ['colcon_pkg']
[0.232s] Level 1:colcon.colcon_core.package_identification:_identify(data) by extension 'colcon_pkg'
[0.232s] Level 1:colcon.colcon_core.package_identification:_identify(data) by extensions ['colcon_meta']
[0.232s] Level 1:colcon.colcon_core.package_identification:_identify(data) by extension 'colcon_meta'
[0.232s] Level 1:colcon.colcon_core.package_identification:_identify(data) by extensions ['ros']
[0.232s] Level 1:colcon.colcon_core.package_identification:_identify(data) by extension 'ros'
[0.232s] Level 1:colcon.colcon_core.package_identification:_identify(data) by extensions ['cmake', 'python']
[0.232s] Level 1:colcon.colcon_core.package_identification:_identify(data) by extension 'cmake'
[0.232s] Level 1:colcon.colcon_core.package_identification:_identify(data) by extension 'python'
[0.232s] Level 1:colcon.colcon_core.package_identification:_identify(data) by extensions ['python_setup_py']
[0.232s] Level 1:colcon.colcon_core.package_identification:_identify(data) by extension 'python_setup_py'
[0.232s] Level 1:colcon.colcon_core.package_identification:_identify(install) by extensions ['ignore', 'ignore_ament_install']
[0.232s] Level 1:colcon.colcon_core.package_identification:_identify(install) by extension 'ignore'
[0.232s] Level 1:colcon.colcon_core.package_identification:_identify(install) ignored
[0.232s] Level 1:colcon.colcon_core.package_identification:_identify(log) by extensions ['ignore', 'ignore_ament_install']
[0.232s] Level 1:colcon.colcon_core.package_identification:_identify(log) by extension 'ignore'
[0.232s] Level 1:colcon.colcon_core.package_identification:_identify(log) ignored
[0.233s] Level 1:colcon.colcon_core.package_identification:_identify(models) by extensions ['ignore', 'ignore_ament_install']
[0.233s] Level 1:colcon.colcon_core.package_identification:_identify(models) by extension 'ignore'
[0.233s] Level 1:colcon.colcon_core.package_identification:_identify(models) by extension 'ignore_ament_install'
[0.233s] Level 1:colcon.colcon_core.package_identification:_identify(models) by extensions ['colcon_pkg']
[0.233s] Level 1:colcon.colcon_core.package_identification:_identify(models) by extension 'colcon_pkg'
[0.233s] Level 1:colcon.colcon_core.package_identification:_identify(models) by extensions ['colcon_meta']
[0.233s] Level 1:colcon.colcon_core.package_identification:_identify(models) by extension 'colcon_meta'
[0.233s] Level 1:colcon.colcon_core.package_identification:_identify(models) by extensions ['ros']
[0.233s] Level 1:colcon.colcon_core.package_identification:_identify(models) by extension 'ros'
[0.233s] Level 1:colcon.colcon_core.package_identification:_identify(models) by extensions ['cmake', 'python']
[0.233s] Level 1:colcon.colcon_core.package_identification:_identify(models) by extension 'cmake'
[0.233s] Level 1:colcon.colcon_core.package_identification:_identify(models) by extension 'python'
[0.233s] Level 1:colcon.colcon_core.package_identification:_identify(models) by extensions ['python_setup_py']
[0.233s] Level 1:colcon.colcon_core.package_identification:_identify(models) by extension 'python_setup_py'
[0.233s] Level 1:colcon.colcon_core.package_identification:_identify(serial) by extensions ['ignore', 'ignore_ament_install']
[0.233s] Level 1:colcon.colcon_core.package_identification:_identify(serial) by extension 'ignore'
[0.233s] Level 1:colcon.colcon_core.package_identification:_identify(serial) ignored
[0.233s] Level 1:colcon.colcon_core.package_identification:_identify(src) by extensions ['ignore', 'ignore_ament_install']
[0.233s] Level 1:colcon.colcon_core.package_identification:_identify(src) by extension 'ignore'
[0.233s] Level 1:colcon.colcon_core.package_identification:_identify(src) by extension 'ignore_ament_install'
[0.233s] Level 1:colcon.colcon_core.package_identification:_identify(src) by extensions ['colcon_pkg']
[0.233s] Level 1:colcon.colcon_core.package_identification:_identify(src) by extension 'colcon_pkg'
[0.233s] Level 1:colcon.colcon_core.package_identification:_identify(src) by extensions ['colcon_meta']
[0.233s] Level 1:colcon.colcon_core.package_identification:_identify(src) by extension 'colcon_meta'
[0.233s] Level 1:colcon.colcon_core.package_identification:_identify(src) by extensions ['ros']
[0.233s] Level 1:colcon.colcon_core.package_identification:_identify(src) by extension 'ros'
[0.233s] Level 1:colcon.colcon_core.package_identification:_identify(src) by extensions ['cmake', 'python']
[0.233s] Level 1:colcon.colcon_core.package_identification:_identify(src) by extension 'cmake'
[0.233s] Level 1:colcon.colcon_core.package_identification:_identify(src) by extension 'python'
[0.233s] Level 1:colcon.colcon_core.package_identification:_identify(src) by extensions ['python_setup_py']
[0.233s] Level 1:colcon.colcon_core.package_identification:_identify(src) by extension 'python_setup_py'
[0.233s] Level 1:colcon.colcon_core.package_identification:_identify(src/bwi_launch) by extensions ['ignore', 'ignore_ament_install']
[0.234s] Level 1:colcon.colcon_core.package_identification:_identify(src/bwi_launch) by extension 'ignore'
[0.234s] Level 1:colcon.colcon_core.package_identification:_identify(src/bwi_launch) by extension 'ignore_ament_install'
[0.234s] Level 1:colcon.colcon_core.package_identification:_identify(src/bwi_launch) by extensions ['colcon_pkg']
[0.234s] Level 1:colcon.colcon_core.package_identification:_identify(src/bwi_launch) by extension 'colcon_pkg'
[0.234s] Level 1:colcon.colcon_core.package_identification:_identify(src/bwi_launch) by extensions ['colcon_meta']
[0.234s] Level 1:colcon.colcon_core.package_identification:_identify(src/bwi_launch) by extension 'colcon_meta'
[0.234s] Level 1:colcon.colcon_core.package_identification:_identify(src/bwi_launch) by extensions ['ros']
[0.234s] Level 1:colcon.colcon_core.package_identification:_identify(src/bwi_launch) by extension 'ros'
[0.237s] DEBUG:colcon.colcon_core.package_identification:Package 'src/bwi_launch' with type 'ros.ament_cmake' and name 'bwi_launch'
[0.237s] Level 1:colcon.colcon_core.package_identification:_identify(src/bwi_perc) by extensions ['ignore', 'ignore_ament_install']
[0.237s] Level 1:colcon.colcon_core.package_identification:_identify(src/bwi_perc) by extension 'ignore'
[0.237s] Level 1:colcon.colcon_core.package_identification:_identify(src/bwi_perc) by extension 'ignore_ament_install'
[0.237s] Level 1:colcon.colcon_core.package_identification:_identify(src/bwi_perc) by extensions ['colcon_pkg']
[0.237s] Level 1:colcon.colcon_core.package_identification:_identify(src/bwi_perc) by extension 'colcon_pkg'
[0.237s] Level 1:colcon.colcon_core.package_identification:_identify(src/bwi_perc) by extensions ['colcon_meta']
[0.237s] Level 1:colcon.colcon_core.package_identification:_identify(src/bwi_perc) by extension 'colcon_meta'
[0.237s] Level 1:colcon.colcon_core.package_identification:_identify(src/bwi_perc) by extensions ['ros']
[0.237s] Level 1:colcon.colcon_core.package_identification:_identify(src/bwi_perc) by extension 'ros'
[0.237s] DEBUG:colcon.colcon_core.package_identification:Package 'src/bwi_perc' with type 'ros.ament_python' and name 'bwi_perc'
[0.238s] Level 1:colcon.colcon_core.package_identification:_identify(src/bwi_perception_interface) by extensions ['ignore', 'ignore_ament_install']
[0.238s] Level 1:colcon.colcon_core.package_identification:_identify(src/bwi_perception_interface) by extension 'ignore'
[0.238s] Level 1:colcon.colcon_core.package_identification:_identify(src/bwi_perception_interface) by extension 'ignore_ament_install'
[0.238s] Level 1:colcon.colcon_core.package_identification:_identify(src/bwi_perception_interface) by extensions ['colcon_pkg']
[0.238s] Level 1:colcon.colcon_core.package_identification:_identify(src/bwi_perception_interface) by extension 'colcon_pkg'
[0.238s] Level 1:colcon.colcon_core.package_identification:_identify(src/bwi_perception_interface) by extensions ['colcon_meta']
[0.238s] Level 1:colcon.colcon_core.package_identification:_identify(src/bwi_perception_interface) by extension 'colcon_meta'
[0.238s] Level 1:colcon.colcon_core.package_identification:_identify(src/bwi_perception_interface) by extensions ['ros']
[0.238s] Level 1:colcon.colcon_core.package_identification:_identify(src/bwi_perception_interface) by extension 'ros'
[0.238s] DEBUG:colcon.colcon_core.package_identification:Package 'src/bwi_perception_interface' with type 'ros.ament_cmake' and name 'bwi_perception_interface'
[0.238s] Level 1:colcon.colcon_core.package_identification:_identify(src/bwi_reset) by extensions ['ignore', 'ignore_ament_install']
[0.238s] Level 1:colcon.colcon_core.package_identification:_identify(src/bwi_reset) by extension 'ignore'
[0.238s] Level 1:colcon.colcon_core.package_identification:_identify(src/bwi_reset) by extension 'ignore_ament_install'
[0.238s] Level 1:colcon.colcon_core.package_identification:_identify(src/bwi_reset) by extensions ['colcon_pkg']
[0.238s] Level 1:colcon.colcon_core.package_identification:_identify(src/bwi_reset) by extension 'colcon_pkg'
[0.238s] Level 1:colcon.colcon_core.package_identification:_identify(src/bwi_reset) by extensions ['colcon_meta']
[0.239s] Level 1:colcon.colcon_core.package_identification:_identify(src/bwi_reset) by extension 'colcon_meta'
[0.239s] Level 1:colcon.colcon_core.package_identification:_identify(src/bwi_reset) by extensions ['ros']
[0.239s] Level 1:colcon.colcon_core.package_identification:_identify(src/bwi_reset) by extension 'ros'
[0.239s] DEBUG:colcon.colcon_core.package_identification:Package 'src/bwi_reset' with type 'ros.ament_python' and name 'bwi_reset'
[0.239s] Level 1:colcon.colcon_core.package_identification:_identify(src/bwi_tasks) by extensions ['ignore', 'ignore_ament_install']
[0.239s] Level 1:colcon.colcon_core.package_identification:_identify(src/bwi_tasks) by extension 'ignore'
[0.239s] Level 1:colcon.colcon_core.package_identification:_identify(src/bwi_tasks) by extension 'ignore_ament_install'
[0.239s] Level 1:colcon.colcon_core.package_identification:_identify(src/bwi_tasks) by extensions ['colcon_pkg']
[0.239s] Level 1:colcon.colcon_core.package_identification:_identify(src/bwi_tasks) by extension 'colcon_pkg'
[0.239s] Level 1:colcon.colcon_core.package_identification:_identify(src/bwi_tasks) by extensions ['colcon_meta']
[0.239s] Level 1:colcon.colcon_core.package_identification:_identify(src/bwi_tasks) by extension 'colcon_meta'
[0.239s] Level 1:colcon.colcon_core.package_identification:_identify(src/bwi_tasks) by extensions ['ros']
[0.239s] Level 1:colcon.colcon_core.package_identification:_identify(src/bwi_tasks) by extension 'ros'
[0.247s] DEBUG:colcon.colcon_core.package_identification:Package 'src/bwi_tasks' with type 'ros.ament_python' and name 'bwi_tasks'
[0.247s] Level 1:colcon.colcon_core.package_identification:_identify(src/bwi_tasks_interface) by extensions ['ignore', 'ignore_ament_install']
[0.247s] Level 1:colcon.colcon_core.package_identification:_identify(src/bwi_tasks_interface) by extension 'ignore'
[0.247s] Level 1:colcon.colcon_core.package_identification:_identify(src/bwi_tasks_interface) by extension 'ignore_ament_install'
[0.247s] Level 1:colcon.colcon_core.package_identification:_identify(src/bwi_tasks_interface) by extensions ['colcon_pkg']
[0.247s] Level 1:colcon.colcon_core.package_identification:_identify(src/bwi_tasks_interface) by extension 'colcon_pkg'
[0.247s] Level 1:colcon.colcon_core.package_identification:_identify(src/bwi_tasks_interface) by extensions ['colcon_meta']
[0.247s] Level 1:colcon.colcon_core.package_identification:_identify(src/bwi_tasks_interface) by extension 'colcon_meta'
[0.247s] Level 1:colcon.colcon_core.package_identification:_identify(src/bwi_tasks_interface) by extensions ['ros']
[0.247s] Level 1:colcon.colcon_core.package_identification:_identify(src/bwi_tasks_interface) by extension 'ros'
[0.248s] DEBUG:colcon.colcon_core.package_identification:Package 'src/bwi_tasks_interface' with type 'ros.catkin' and name 'bwi_tasks_interface'
[0.248s] Level 1:colcon.colcon_core.package_identification:_identify(src/bwi_tools) by extensions ['ignore', 'ignore_ament_install']
[0.248s] Level 1:colcon.colcon_core.package_identification:_identify(src/bwi_tools) by extension 'ignore'
[0.248s] Level 1:colcon.colcon_core.package_identification:_identify(src/bwi_tools) by extension 'ignore_ament_install'
[0.248s] Level 1:colcon.colcon_core.package_identification:_identify(src/bwi_tools) by extensions ['colcon_pkg']
[0.248s] Level 1:colcon.colcon_core.package_identification:_identify(src/bwi_tools) by extension 'colcon_pkg'
[0.248s] Level 1:colcon.colcon_core.package_identification:_identify(src/bwi_tools) by extensions ['colcon_meta']
[0.248s] Level 1:colcon.colcon_core.package_identification:_identify(src/bwi_tools) by extension 'colcon_meta'
[0.248s] Level 1:colcon.colcon_core.package_identification:_identify(src/bwi_tools) by extensions ['ros']
[0.248s] Level 1:colcon.colcon_core.package_identification:_identify(src/bwi_tools) by extension 'ros'
[0.249s] DEBUG:colcon.colcon_core.package_identification:Package 'src/bwi_tools' with type 'ros.ament_python' and name 'bwi_tools'
[0.249s] Level 1:colcon.colcon_core.package_identification:_identify(src/collision_monitor) by extensions ['ignore', 'ignore_ament_install']
[0.249s] Level 1:colcon.colcon_core.package_identification:_identify(src/collision_monitor) by extension 'ignore'
[0.249s] Level 1:colcon.colcon_core.package_identification:_identify(src/collision_monitor) by extension 'ignore_ament_install'
[0.249s] Level 1:colcon.colcon_core.package_identification:_identify(src/collision_monitor) by extensions ['colcon_pkg']
[0.249s] Level 1:colcon.colcon_core.package_identification:_identify(src/collision_monitor) by extension 'colcon_pkg'
[0.249s] Level 1:colcon.colcon_core.package_identification:_identify(src/collision_monitor) by extensions ['colcon_meta']
[0.249s] Level 1:colcon.colcon_core.package_identification:_identify(src/collision_monitor) by extension 'colcon_meta'
[0.249s] Level 1:colcon.colcon_core.package_identification:_identify(src/collision_monitor) by extensions ['ros']
[0.249s] Level 1:colcon.colcon_core.package_identification:_identify(src/collision_monitor) by extension 'ros'
[0.249s] DEBUG:colcon.colcon_core.package_identification:Package 'src/collision_monitor' with type 'ros.ament_python' and name 'collision_monitor'
[0.249s] Level 1:colcon.colcon_core.package_identification:_identify(src/convex_decomposition) by extensions ['ignore', 'ignore_ament_install']
[0.249s] Level 1:colcon.colcon_core.package_identification:_identify(src/convex_decomposition) by extension 'ignore'
[0.249s] Level 1:colcon.colcon_core.package_identification:_identify(src/convex_decomposition) by extension 'ignore_ament_install'
[0.249s] Level 1:colcon.colcon_core.package_identification:_identify(src/convex_decomposition) by extensions ['colcon_pkg']
[0.249s] Level 1:colcon.colcon_core.package_identification:_identify(src/convex_decomposition) by extension 'colcon_pkg'
[0.250s] Level 1:colcon.colcon_core.package_identification:_identify(src/convex_decomposition) by extensions ['colcon_meta']
[0.250s] Level 1:colcon.colcon_core.package_identification:_identify(src/convex_decomposition) by extension 'colcon_meta'
[0.250s] Level 1:colcon.colcon_core.package_identification:_identify(src/convex_decomposition) by extensions ['ros']
[0.250s] Level 1:colcon.colcon_core.package_identification:_identify(src/convex_decomposition) by extension 'ros'
[0.250s] DEBUG:colcon.colcon_core.package_identification:Package 'src/convex_decomposition' with type 'ros.ament_cmake' and name 'convex_decomposition'
[0.250s] Level 1:colcon.colcon_core.package_identification:_identify(src/ivcon) by extensions ['ignore', 'ignore_ament_install']
[0.250s] Level 1:colcon.colcon_core.package_identification:_identify(src/ivcon) by extension 'ignore'
[0.250s] Level 1:colcon.colcon_core.package_identification:_identify(src/ivcon) by extension 'ignore_ament_install'
[0.250s] Level 1:colcon.colcon_core.package_identification:_identify(src/ivcon) by extensions ['colcon_pkg']
[0.250s] Level 1:colcon.colcon_core.package_identification:_identify(src/ivcon) by extension 'colcon_pkg'
[0.250s] Level 1:colcon.colcon_core.package_identification:_identify(src/ivcon) by extensions ['colcon_meta']
[0.250s] Level 1:colcon.colcon_core.package_identification:_identify(src/ivcon) by extension 'colcon_meta'
[0.250s] Level 1:colcon.colcon_core.package_identification:_identify(src/ivcon) by extensions ['ros']
[0.250s] Level 1:colcon.colcon_core.package_identification:_identify(src/ivcon) by extension 'ros'
[0.251s] DEBUG:colcon.colcon_core.package_identification:Package 'src/ivcon' with type 'ros.ament_cmake' and name 'ivcon'
[0.251s] Level 1:colcon.colcon_core.package_identification:_identify(src/kinect_data_collector) by extensions ['ignore', 'ignore_ament_install']
[0.251s] Level 1:colcon.colcon_core.package_identification:_identify(src/kinect_data_collector) by extension 'ignore'
[0.251s] Level 1:colcon.colcon_core.package_identification:_identify(src/kinect_data_collector) by extension 'ignore_ament_install'
[0.251s] Level 1:colcon.colcon_core.package_identification:_identify(src/kinect_data_collector) by extensions ['colcon_pkg']
[0.251s] Level 1:colcon.colcon_core.package_identification:_identify(src/kinect_data_collector) by extension 'colcon_pkg'
[0.251s] Level 1:colcon.colcon_core.package_identification:_identify(src/kinect_data_collector) by extensions ['colcon_meta']
[0.251s] Level 1:colcon.colcon_core.package_identification:_identify(src/kinect_data_collector) by extension 'colcon_meta'
[0.251s] Level 1:colcon.colcon_core.package_identification:_identify(src/kinect_data_collector) by extensions ['ros']
[0.251s] Level 1:colcon.colcon_core.package_identification:_identify(src/kinect_data_collector) by extension 'ros'
[0.252s] DEBUG:colcon.colcon_core.package_identification:Package 'src/kinect_data_collector' with type 'ros.ament_python' and name 'kinect_data_collector'
[0.252s] Level 1:colcon.colcon_core.package_identification:_identify(src/libsegwayrmp) by extensions ['ignore', 'ignore_ament_install']
[0.252s] Level 1:colcon.colcon_core.package_identification:_identify(src/libsegwayrmp) by extension 'ignore'
[0.252s] Level 1:colcon.colcon_core.package_identification:_identify(src/libsegwayrmp) by extension 'ignore_ament_install'
[0.252s] Level 1:colcon.colcon_core.package_identification:_identify(src/libsegwayrmp) by extensions ['colcon_pkg']
[0.252s] Level 1:colcon.colcon_core.package_identification:_identify(src/libsegwayrmp) by extension 'colcon_pkg'
[0.252s] Level 1:colcon.colcon_core.package_identification:_identify(src/libsegwayrmp) by extensions ['colcon_meta']
[0.252s] Level 1:colcon.colcon_core.package_identification:_identify(src/libsegwayrmp) by extension 'colcon_meta'
[0.252s] Level 1:colcon.colcon_core.package_identification:_identify(src/libsegwayrmp) by extensions ['ros']
[0.252s] Level 1:colcon.colcon_core.package_identification:_identify(src/libsegwayrmp) by extension 'ros'
[0.252s] DEBUG:colcon.colcon_core.package_identification:Package 'src/libsegwayrmp' with type 'ros.ament_cmake' and name 'libsegwayrmp'
[0.253s] Level 1:colcon.colcon_core.package_identification:_identify(src/lidar) by extensions ['ignore', 'ignore_ament_install']
[0.253s] Level 1:colcon.colcon_core.package_identification:_identify(src/lidar) by extension 'ignore'
[0.253s] Level 1:colcon.colcon_core.package_identification:_identify(src/lidar) by extension 'ignore_ament_install'
[0.253s] Level 1:colcon.colcon_core.package_identification:_identify(src/lidar) by extensions ['colcon_pkg']
[0.253s] Level 1:colcon.colcon_core.package_identification:_identify(src/lidar) by extension 'colcon_pkg'
[0.253s] Level 1:colcon.colcon_core.package_identification:_identify(src/lidar) by extensions ['colcon_meta']
[0.253s] Level 1:colcon.colcon_core.package_identification:_identify(src/lidar) by extension 'colcon_meta'
[0.253s] Level 1:colcon.colcon_core.package_identification:_identify(src/lidar) by extensions ['ros']
[0.253s] Level 1:colcon.colcon_core.package_identification:_identify(src/lidar) by extension 'ros'
[0.253s] Level 1:colcon.colcon_core.package_identification:_identify(src/lidar) by extensions ['cmake', 'python']
[0.253s] Level 1:colcon.colcon_core.package_identification:_identify(src/lidar) by extension 'cmake'
[0.253s] Level 1:colcon.colcon_core.package_identification:_identify(src/lidar) by extension 'python'
[0.253s] Level 1:colcon.colcon_core.package_identification:_identify(src/lidar) by extensions ['python_setup_py']
[0.253s] Level 1:colcon.colcon_core.package_identification:_identify(src/lidar) by extension 'python_setup_py'
[0.253s] Level 1:colcon.colcon_core.package_identification:_identify(src/lidar/scan_filter) by extensions ['ignore', 'ignore_ament_install']
[0.253s] Level 1:colcon.colcon_core.package_identification:_identify(src/lidar/scan_filter) by extension 'ignore'
[0.253s] Level 1:colcon.colcon_core.package_identification:_identify(src/lidar/scan_filter) by extension 'ignore_ament_install'
[0.253s] Level 1:colcon.colcon_core.package_identification:_identify(src/lidar/scan_filter) by extensions ['colcon_pkg']
[0.253s] Level 1:colcon.colcon_core.package_identification:_identify(src/lidar/scan_filter) by extension 'colcon_pkg'
[0.253s] Level 1:colcon.colcon_core.package_identification:_identify(src/lidar/scan_filter) by extensions ['colcon_meta']
[0.253s] Level 1:colcon.colcon_core.package_identification:_identify(src/lidar/scan_filter) by extension 'colcon_meta'
[0.253s] Level 1:colcon.colcon_core.package_identification:_identify(src/lidar/scan_filter) by extensions ['ros']
[0.253s] Level 1:colcon.colcon_core.package_identification:_identify(src/lidar/scan_filter) by extension 'ros'
[0.254s] DEBUG:colcon.colcon_core.package_identification:Package 'src/lidar/scan_filter' with type 'ros.ament_python' and name 'scan_filter'
[0.254s] Level 1:colcon.colcon_core.package_identification:_identify(src/lidar/urg_node2) by extensions ['ignore', 'ignore_ament_install']
[0.254s] Level 1:colcon.colcon_core.package_identification:_identify(src/lidar/urg_node2) by extension 'ignore'
[0.254s] Level 1:colcon.colcon_core.package_identification:_identify(src/lidar/urg_node2) by extension 'ignore_ament_install'
[0.254s] Level 1:colcon.colcon_core.package_identification:_identify(src/lidar/urg_node2) by extensions ['colcon_pkg']
[0.254s] Level 1:colcon.colcon_core.package_identification:_identify(src/lidar/urg_node2) by extension 'colcon_pkg'
[0.254s] Level 1:colcon.colcon_core.package_identification:_identify(src/lidar/urg_node2) by extensions ['colcon_meta']
[0.254s] Level 1:colcon.colcon_core.package_identification:_identify(src/lidar/urg_node2) by extension 'colcon_meta'
[0.254s] Level 1:colcon.colcon_core.package_identification:_identify(src/lidar/urg_node2) by extensions ['ros']
[0.254s] Level 1:colcon.colcon_core.package_identification:_identify(src/lidar/urg_node2) by extension 'ros'
[0.255s] DEBUG:colcon.colcon_core.package_identification:Package 'src/lidar/urg_node2' with type 'ros.ament_cmake' and name 'urg_node2'
[0.255s] Level 1:colcon.colcon_core.package_identification:_identify(src/my_virtual_obstacle_layer) by extensions ['ignore', 'ignore_ament_install']
[0.255s] Level 1:colcon.colcon_core.package_identification:_identify(src/my_virtual_obstacle_layer) by extension 'ignore'
[0.255s] Level 1:colcon.colcon_core.package_identification:_identify(src/my_virtual_obstacle_layer) by extension 'ignore_ament_install'
[0.255s] Level 1:colcon.colcon_core.package_identification:_identify(src/my_virtual_obstacle_layer) by extensions ['colcon_pkg']
[0.255s] Level 1:colcon.colcon_core.package_identification:_identify(src/my_virtual_obstacle_layer) by extension 'colcon_pkg'
[0.255s] Level 1:colcon.colcon_core.package_identification:_identify(src/my_virtual_obstacle_layer) by extensions ['colcon_meta']
[0.255s] Level 1:colcon.colcon_core.package_identification:_identify(src/my_virtual_obstacle_layer) by extension 'colcon_meta'
[0.255s] Level 1:colcon.colcon_core.package_identification:_identify(src/my_virtual_obstacle_layer) by extensions ['ros']
[0.255s] Level 1:colcon.colcon_core.package_identification:_identify(src/my_virtual_obstacle_layer) by extension 'ros'
[0.255s] DEBUG:colcon.colcon_core.package_identification:Package 'src/my_virtual_obstacle_layer' with type 'ros.ament_cmake' and name 'my_virtual_obstacle_layer'
[0.255s] Level 1:colcon.colcon_core.package_identification:_identify(src/nav2_bringup) by extensions ['ignore', 'ignore_ament_install']
[0.256s] Level 1:colcon.colcon_core.package_identification:_identify(src/nav2_bringup) by extension 'ignore'
[0.256s] Level 1:colcon.colcon_core.package_identification:_identify(src/nav2_bringup) by extension 'ignore_ament_install'
[0.256s] Level 1:colcon.colcon_core.package_identification:_identify(src/nav2_bringup) by extensions ['colcon_pkg']
[0.256s] Level 1:colcon.colcon_core.package_identification:_identify(src/nav2_bringup) by extension 'colcon_pkg'
[0.256s] Level 1:colcon.colcon_core.package_identification:_identify(src/nav2_bringup) by extensions ['colcon_meta']
[0.256s] Level 1:colcon.colcon_core.package_identification:_identify(src/nav2_bringup) by extension 'colcon_meta'
[0.256s] Level 1:colcon.colcon_core.package_identification:_identify(src/nav2_bringup) by extensions ['ros']
[0.256s] Level 1:colcon.colcon_core.package_identification:_identify(src/nav2_bringup) by extension 'ros'
[0.256s] DEBUG:colcon.colcon_core.package_identification:Package 'src/nav2_bringup' with type 'ros.ament_cmake' and name 'nav2_bringup'
[0.256s] Level 1:colcon.colcon_core.package_identification:_identify(src/pr2_description) by extensions ['ignore', 'ignore_ament_install']
[0.257s] Level 1:colcon.colcon_core.package_identification:_identify(src/pr2_description) by extension 'ignore'
[0.257s] Level 1:colcon.colcon_core.package_identification:_identify(src/pr2_description) by extension 'ignore_ament_install'
[0.257s] Level 1:colcon.colcon_core.package_identification:_identify(src/pr2_description) by extensions ['colcon_pkg']
[0.257s] Level 1:colcon.colcon_core.package_identification:_identify(src/pr2_description) by extension 'colcon_pkg'
[0.257s] Level 1:colcon.colcon_core.package_identification:_identify(src/pr2_description) by extensions ['colcon_meta']
[0.257s] Level 1:colcon.colcon_core.package_identification:_identify(src/pr2_description) by extension 'colcon_meta'
[0.257s] Level 1:colcon.colcon_core.package_identification:_identify(src/pr2_description) by extensions ['ros']
[0.257s] Level 1:colcon.colcon_core.package_identification:_identify(src/pr2_description) by extension 'ros'
[0.257s] DEBUG:colcon.colcon_core.package_identification:Package 'src/pr2_description' with type 'ros.ament_cmake' and name 'pr2_description'
[0.257s] Level 1:colcon.colcon_core.package_identification:_identify(src/segbot_description) by extensions ['ignore', 'ignore_ament_install']
[0.257s] Level 1:colcon.colcon_core.package_identification:_identify(src/segbot_description) by extension 'ignore'
[0.257s] Level 1:colcon.colcon_core.package_identification:_identify(src/segbot_description) by extension 'ignore_ament_install'
[0.257s] Level 1:colcon.colcon_core.package_identification:_identify(src/segbot_description) by extensions ['colcon_pkg']
[0.258s] Level 1:colcon.colcon_core.package_identification:_identify(src/segbot_description) by extension 'colcon_pkg'
[0.258s] Level 1:colcon.colcon_core.package_identification:_identify(src/segbot_description) by extensions ['colcon_meta']
[0.258s] Level 1:colcon.colcon_core.package_identification:_identify(src/segbot_description) by extension 'colcon_meta'
[0.258s] Level 1:colcon.colcon_core.package_identification:_identify(src/segbot_description) by extensions ['ros']
[0.258s] Level 1:colcon.colcon_core.package_identification:_identify(src/segbot_description) by extension 'ros'
[0.258s] DEBUG:colcon.colcon_core.package_identification:Package 'src/segbot_description' with type 'ros.ament_cmake' and name 'segbot_description'
[0.258s] Level 1:colcon.colcon_core.package_identification:_identify(src/segway_description) by extensions ['ignore', 'ignore_ament_install']
[0.258s] Level 1:colcon.colcon_core.package_identification:_identify(src/segway_description) by extension 'ignore'
[0.258s] Level 1:colcon.colcon_core.package_identification:_identify(src/segway_description) by extension 'ignore_ament_install'
[0.258s] Level 1:colcon.colcon_core.package_identification:_identify(src/segway_description) by extensions ['colcon_pkg']
[0.258s] Level 1:colcon.colcon_core.package_identification:_identify(src/segway_description) by extension 'colcon_pkg'
[0.258s] Level 1:colcon.colcon_core.package_identification:_identify(src/segway_description) by extensions ['colcon_meta']
[0.258s] Level 1:colcon.colcon_core.package_identification:_identify(src/segway_description) by extension 'colcon_meta'
[0.258s] Level 1:colcon.colcon_core.package_identification:_identify(src/segway_description) by extensions ['ros']
[0.258s] Level 1:colcon.colcon_core.package_identification:_identify(src/segway_description) by extension 'ros'
[0.259s] DEBUG:colcon.colcon_core.package_identification:Package 'src/segway_description' with type 'ros.ament_cmake' and name 'segway_description'
[0.259s] Level 1:colcon.colcon_core.package_identification:_identify(src/segway_msgs) by extensions ['ignore', 'ignore_ament_install']
[0.259s] Level 1:colcon.colcon_core.package_identification:_identify(src/segway_msgs) by extension 'ignore'
[0.259s] Level 1:colcon.colcon_core.package_identification:_identify(src/segway_msgs) by extension 'ignore_ament_install'
[0.259s] Level 1:colcon.colcon_core.package_identification:_identify(src/segway_msgs) by extensions ['colcon_pkg']
[0.259s] Level 1:colcon.colcon_core.package_identification:_identify(src/segway_msgs) by extension 'colcon_pkg'
[0.259s] Level 1:colcon.colcon_core.package_identification:_identify(src/segway_msgs) by extensions ['colcon_meta']
[0.259s] Level 1:colcon.colcon_core.package_identification:_identify(src/segway_msgs) by extension 'colcon_meta'
[0.259s] Level 1:colcon.colcon_core.package_identification:_identify(src/segway_msgs) by extensions ['ros']
[0.259s] Level 1:colcon.colcon_core.package_identification:_identify(src/segway_msgs) by extension 'ros'
[0.260s] DEBUG:colcon.colcon_core.package_identification:Package 'src/segway_msgs' with type 'ros.ament_cmake' and name 'segway_msgs'
[0.260s] Level 1:colcon.colcon_core.package_identification:_identify(src/segway_rmp_ros2) by extensions ['ignore', 'ignore_ament_install']
[0.260s] Level 1:colcon.colcon_core.package_identification:_identify(src/segway_rmp_ros2) by extension 'ignore'
[0.260s] Level 1:colcon.colcon_core.package_identification:_identify(src/segway_rmp_ros2) by extension 'ignore_ament_install'
[0.260s] Level 1:colcon.colcon_core.package_identification:_identify(src/segway_rmp_ros2) by extensions ['colcon_pkg']
[0.260s] Level 1:colcon.colcon_core.package_identification:_identify(src/segway_rmp_ros2) by extension 'colcon_pkg'
[0.260s] Level 1:colcon.colcon_core.package_identification:_identify(src/segway_rmp_ros2) by extensions ['colcon_meta']
[0.260s] Level 1:colcon.colcon_core.package_identification:_identify(src/segway_rmp_ros2) by extension 'colcon_meta'
[0.260s] Level 1:colcon.colcon_core.package_identification:_identify(src/segway_rmp_ros2) by extensions ['ros']
[0.260s] Level 1:colcon.colcon_core.package_identification:_identify(src/segway_rmp_ros2) by extension 'ros'
[0.261s] DEBUG:colcon.colcon_core.package_identification:Package 'src/segway_rmp_ros2' with type 'ros.ament_cmake' and name 'segway_rmp_ros2'
[0.261s] Level 1:colcon.colcon_core.package_identification:_identify(src/teleop_multi_robot) by extensions ['ignore', 'ignore_ament_install']
[0.261s] Level 1:colcon.colcon_core.package_identification:_identify(src/teleop_multi_robot) by extension 'ignore'
[0.261s] Level 1:colcon.colcon_core.package_identification:_identify(src/teleop_multi_robot) by extension 'ignore_ament_install'
[0.261s] Level 1:colcon.colcon_core.package_identification:_identify(src/teleop_multi_robot) by extensions ['colcon_pkg']
[0.261s] Level 1:colcon.colcon_core.package_identification:_identify(src/teleop_multi_robot) by extension 'colcon_pkg'
[0.261s] Level 1:colcon.colcon_core.package_identification:_identify(src/teleop_multi_robot) by extensions ['colcon_meta']
[0.261s] Level 1:colcon.colcon_core.package_identification:_identify(src/teleop_multi_robot) by extension 'colcon_meta'
[0.261s] Level 1:colcon.colcon_core.package_identification:_identify(src/teleop_multi_robot) by extensions ['ros']
[0.261s] Level 1:colcon.colcon_core.package_identification:_identify(src/teleop_multi_robot) by extension 'ros'
[0.261s] DEBUG:colcon.colcon_core.package_identification:Package 'src/teleop_multi_robot' with type 'ros.ament_python' and name 'teleop_multi_robot'
[0.262s] Level 1:colcon.colcon_core.package_identification:_identify(src/test_cmaes) by extensions ['ignore', 'ignore_ament_install']
[0.262s] Level 1:colcon.colcon_core.package_identification:_identify(src/test_cmaes) by extension 'ignore'
[0.262s] Level 1:colcon.colcon_core.package_identification:_identify(src/test_cmaes) by extension 'ignore_ament_install'
[0.262s] Level 1:colcon.colcon_core.package_identification:_identify(src/test_cmaes) by extensions ['colcon_pkg']
[0.262s] Level 1:colcon.colcon_core.package_identification:_identify(src/test_cmaes) by extension 'colcon_pkg'
[0.262s] Level 1:colcon.colcon_core.package_identification:_identify(src/test_cmaes) by extensions ['colcon_meta']
[0.262s] Level 1:colcon.colcon_core.package_identification:_identify(src/test_cmaes) by extension 'colcon_meta'
[0.262s] Level 1:colcon.colcon_core.package_identification:_identify(src/test_cmaes) by extensions ['ros']
[0.262s] Level 1:colcon.colcon_core.package_identification:_identify(src/test_cmaes) by extension 'ros'
[0.262s] DEBUG:colcon.colcon_core.package_identification:Package 'src/test_cmaes' with type 'ros.ament_python' and name 'test_cmaes'
[0.262s] Level 1:colcon.colcon_core.package_identification:_identify(src/test_odom) by extensions ['ignore', 'ignore_ament_install']
[0.262s] Level 1:colcon.colcon_core.package_identification:_identify(src/test_odom) by extension 'ignore'
[0.262s] Level 1:colcon.colcon_core.package_identification:_identify(src/test_odom) by extension 'ignore_ament_install'
[0.262s] Level 1:colcon.colcon_core.package_identification:_identify(src/test_odom) by extensions ['colcon_pkg']
[0.262s] Level 1:colcon.colcon_core.package_identification:_identify(src/test_odom) by extension 'colcon_pkg'
[0.262s] Level 1:colcon.colcon_core.package_identification:_identify(src/test_odom) by extensions ['colcon_meta']
[0.262s] Level 1:colcon.colcon_core.package_identification:_identify(src/test_odom) by extension 'colcon_meta'
[0.262s] Level 1:colcon.colcon_core.package_identification:_identify(src/test_odom) by extensions ['ros']
[0.262s] Level 1:colcon.colcon_core.package_identification:_identify(src/test_odom) by extension 'ros'
[0.263s] DEBUG:colcon.colcon_core.package_identification:Package 'src/test_odom' with type 'ros.ament_python' and name 'test_odom'
[0.263s] Level 1:colcon.colcon_core.package_identification:_identify(src/topic_tools) by extensions ['ignore', 'ignore_ament_install']
[0.263s] Level 1:colcon.colcon_core.package_identification:_identify(src/topic_tools) by extension 'ignore'
[0.263s] Level 1:colcon.colcon_core.package_identification:_identify(src/topic_tools) by extension 'ignore_ament_install'
[0.263s] Level 1:colcon.colcon_core.package_identification:_identify(src/topic_tools) by extensions ['colcon_pkg']
[0.263s] Level 1:colcon.colcon_core.package_identification:_identify(src/topic_tools) by extension 'colcon_pkg'
[0.263s] Level 1:colcon.colcon_core.package_identification:_identify(src/topic_tools) by extensions ['colcon_meta']
[0.263s] Level 1:colcon.colcon_core.package_identification:_identify(src/topic_tools) by extension 'colcon_meta'
[0.263s] Level 1:colcon.colcon_core.package_identification:_identify(src/topic_tools) by extensions ['ros']
[0.263s] Level 1:colcon.colcon_core.package_identification:_identify(src/topic_tools) by extension 'ros'
[0.263s] Level 1:colcon.colcon_core.package_identification:_identify(src/topic_tools) by extensions ['cmake', 'python']
[0.263s] Level 1:colcon.colcon_core.package_identification:_identify(src/topic_tools) by extension 'cmake'
[0.263s] Level 1:colcon.colcon_core.package_identification:_identify(src/topic_tools) by extension 'python'
[0.263s] Level 1:colcon.colcon_core.package_identification:_identify(src/topic_tools) by extensions ['python_setup_py']
[0.263s] Level 1:colcon.colcon_core.package_identification:_identify(src/topic_tools) by extension 'python_setup_py'
[0.263s] Level 1:colcon.colcon_core.package_identification:_identify(src/topic_tools/topic_tools) by extensions ['ignore', 'ignore_ament_install']
[0.263s] Level 1:colcon.colcon_core.package_identification:_identify(src/topic_tools/topic_tools) by extension 'ignore'
[0.263s] Level 1:colcon.colcon_core.package_identification:_identify(src/topic_tools/topic_tools) by extension 'ignore_ament_install'
[0.263s] Level 1:colcon.colcon_core.package_identification:_identify(src/topic_tools/topic_tools) by extensions ['colcon_pkg']
[0.264s] Level 1:colcon.colcon_core.package_identification:_identify(src/topic_tools/topic_tools) by extension 'colcon_pkg'
[0.264s] Level 1:colcon.colcon_core.package_identification:_identify(src/topic_tools/topic_tools) by extensions ['colcon_meta']
[0.264s] Level 1:colcon.colcon_core.package_identification:_identify(src/topic_tools/topic_tools) by extension 'colcon_meta'
[0.264s] Level 1:colcon.colcon_core.package_identification:_identify(src/topic_tools/topic_tools) by extensions ['ros']
[0.264s] Level 1:colcon.colcon_core.package_identification:_identify(src/topic_tools/topic_tools) by extension 'ros'
[0.264s] DEBUG:colcon.colcon_core.package_identification:Package 'src/topic_tools/topic_tools' with type 'ros.ament_cmake' and name 'topic_tools'
[0.264s] Level 1:colcon.colcon_core.package_identification:_identify(src/topic_tools/topic_tools_interfaces) by extensions ['ignore', 'ignore_ament_install']
[0.264s] Level 1:colcon.colcon_core.package_identification:_identify(src/topic_tools/topic_tools_interfaces) by extension 'ignore'
[0.264s] Level 1:colcon.colcon_core.package_identification:_identify(src/topic_tools/topic_tools_interfaces) by extension 'ignore_ament_install'
[0.264s] Level 1:colcon.colcon_core.package_identification:_identify(src/topic_tools/topic_tools_interfaces) by extensions ['colcon_pkg']
[0.264s] Level 1:colcon.colcon_core.package_identification:_identify(src/topic_tools/topic_tools_interfaces) by extension 'colcon_pkg'
[0.265s] Level 1:colcon.colcon_core.package_identification:_identify(src/topic_tools/topic_tools_interfaces) by extensions ['colcon_meta']
[0.265s] Level 1:colcon.colcon_core.package_identification:_identify(src/topic_tools/topic_tools_interfaces) by extension 'colcon_meta'
[0.265s] Level 1:colcon.colcon_core.package_identification:_identify(src/topic_tools/topic_tools_interfaces) by extensions ['ros']
[0.265s] Level 1:colcon.colcon_core.package_identification:_identify(src/topic_tools/topic_tools_interfaces) by extension 'ros'
[0.265s] DEBUG:colcon.colcon_core.package_identification:Package 'src/topic_tools/topic_tools_interfaces' with type 'ros.ament_cmake' and name 'topic_tools_interfaces'
[0.265s] Level 1:colcon.colcon_core.package_identification:_identify(src/utexas_gdc) by extensions ['ignore', 'ignore_ament_install']
[0.265s] Level 1:colcon.colcon_core.package_identification:_identify(src/utexas_gdc) by extension 'ignore'
[0.265s] Level 1:colcon.colcon_core.package_identification:_identify(src/utexas_gdc) by extension 'ignore_ament_install'
[0.265s] Level 1:colcon.colcon_core.package_identification:_identify(src/utexas_gdc) by extensions ['colcon_pkg']
[0.265s] Level 1:colcon.colcon_core.package_identification:_identify(src/utexas_gdc) by extension 'colcon_pkg'
[0.265s] Level 1:colcon.colcon_core.package_identification:_identify(src/utexas_gdc) by extensions ['colcon_meta']
[0.265s] Level 1:colcon.colcon_core.package_identification:_identify(src/utexas_gdc) by extension 'colcon_meta'
[0.266s] Level 1:colcon.colcon_core.package_identification:_identify(src/utexas_gdc) by extensions ['ros']
[0.266s] Level 1:colcon.colcon_core.package_identification:_identify(src/utexas_gdc) by extension 'ros'
[0.266s] DEBUG:colcon.colcon_core.package_identification:Package 'src/utexas_gdc' with type 'ros.ament_cmake' and name 'utexas_gdc'
[0.266s] Level 1:colcon.colcon_core.package_discovery:discover_packages(recursive) using defaults
[0.266s] Level 1:colcon.colcon_core.package_discovery:discover_packages(ignore) discover
[0.266s] Level 1:colcon.colcon_core.package_discovery:discover_packages(ignore) using defaults
[0.266s] Level 1:colcon.colcon_core.package_discovery:discover_packages(path) discover
[0.266s] Level 1:colcon.colcon_core.package_discovery:discover_packages(path) using defaults
[0.284s] INFO:colcon.colcon_core.package_selection:Skipping not selected package 'bwi_launch' in 'src/bwi_launch'
[0.285s] INFO:colcon.colcon_core.package_selection:Skipping not selected package 'bwi_perception_interface' in 'src/bwi_perception_interface'
[0.285s] INFO:colcon.colcon_core.package_selection:Skipping not selected package 'bwi_reset' in 'src/bwi_reset'
[0.285s] INFO:colcon.colcon_core.package_selection:Skipping not selected package 'bwi_tasks_interface' in 'src/bwi_tasks_interface'
[0.285s] INFO:colcon.colcon_core.package_selection:Skipping not selected package 'collision_monitor' in 'src/collision_monitor'
[0.285s] INFO:colcon.colcon_core.package_selection:Skipping not selected package 'convex_decomposition' in 'src/convex_decomposition'
[0.285s] INFO:colcon.colcon_core.package_selection:Skipping not selected package 'ivcon' in 'src/ivcon'
[0.285s] INFO:colcon.colcon_core.package_selection:Skipping not selected package 'kinect_data_collector' in 'src/kinect_data_collector'
[0.285s] INFO:colcon.colcon_core.package_selection:Skipping not selected package 'libsegwayrmp' in 'src/libsegwayrmp'
[0.285s] INFO:colcon.colcon_core.package_selection:Skipping not selected package 'nav2_bringup' in 'src/nav2_bringup'
[0.285s] INFO:colcon.colcon_core.package_selection:Skipping not selected package 'scan_filter' in 'src/lidar/scan_filter'
[0.285s] INFO:colcon.colcon_core.package_selection:Skipping not selected package 'segway_description' in 'src/segway_description'
[0.285s] INFO:colcon.colcon_core.package_selection:Skipping not selected package 'segway_msgs' in 'src/segway_msgs'
[0.285s] INFO:colcon.colcon_core.package_selection:Skipping not selected package 'teleop_multi_robot' in 'src/teleop_multi_robot'
[0.285s] INFO:colcon.colcon_core.package_selection:Skipping not selected package 'test_cmaes' in 'src/test_cmaes'
[0.285s] INFO:colcon.colcon_core.package_selection:Skipping not selected package 'test_odom' in 'src/test_odom'
[0.285s] INFO:colcon.colcon_core.package_selection:Skipping not selected package 'topic_tools_interfaces' in 'src/topic_tools/topic_tools_interfaces'
[0.285s] INFO:colcon.colcon_core.package_selection:Skipping not selected package 'urg_node2' in 'src/lidar/urg_node2'
[0.285s] INFO:colcon.colcon_core.package_selection:Skipping not selected package 'utexas_gdc' in 'src/utexas_gdc'
[0.285s] INFO:colcon.colcon_core.package_selection:Skipping not selected package 'bwi_perc' in 'src/bwi_perc'
[0.285s] INFO:colcon.colcon_core.package_selection:Skipping not selected package 'bwi_tools' in 'src/bwi_tools'
[0.285s] INFO:colcon.colcon_core.package_selection:Skipping not selected package 'my_virtual_obstacle_layer' in 'src/my_virtual_obstacle_layer'
[0.285s] INFO:colcon.colcon_core.package_selection:Skipping not selected package 'pr2_description' in 'src/pr2_description'
[0.285s] INFO:colcon.colcon_core.package_selection:Skipping not selected package 'segway_rmp_ros2' in 'src/segway_rmp_ros2'
[0.285s] INFO:colcon.colcon_core.package_selection:Skipping not selected package 'topic_tools' in 'src/topic_tools/topic_tools'
[0.285s] INFO:colcon.colcon_core.package_selection:Skipping not selected package 'segbot_description' in 'src/segbot_description'
[0.285s] Level 1:colcon.colcon_core.package_discovery:discover_packages(prefix_path) check parameters
[0.285s] Level 1:colcon.colcon_core.package_discovery:discover_packages(prefix_path) discover
[0.287s] DEBUG:colcon.colcon_installed_package_information.package_discovery:Found 27 installed packages in /home/nikunj/bwi_ros2_simulation/install
[0.288s] DEBUG:colcon.colcon_installed_package_information.package_discovery:Found 11 installed packages in /home/nikunj/linorobot2_ws/install
[0.289s] DEBUG:colcon.colcon_installed_package_information.package_discovery:Found 359 installed packages in /opt/ros/humble
[0.290s] Level 1:colcon.colcon_core.package_discovery:discover_packages(prefix_path) using defaults
[0.318s] Level 5:colcon.colcon_core.verb:set package 'bwi_tasks' build argument 'cmake_args' from command line to 'None'
[0.318s] Level 5:colcon.colcon_core.verb:set package 'bwi_tasks' build argument 'cmake_target' from command line to 'None'
[0.318s] Level 5:colcon.colcon_core.verb:set package 'bwi_tasks' build argument 'cmake_target_skip_unavailable' from command line to 'False'
[0.318s] Level 5:colcon.colcon_core.verb:set package 'bwi_tasks' build argument 'cmake_clean_cache' from command line to 'False'
[0.318s] Level 5:colcon.colcon_core.verb:set package 'bwi_tasks' build argument 'cmake_clean_first' from command line to 'False'
[0.318s] Level 5:colcon.colcon_core.verb:set package 'bwi_tasks' build argument 'cmake_force_configure' from command line to 'False'
[0.318s] Level 5:colcon.colcon_core.verb:set package 'bwi_tasks' build argument 'ament_cmake_args' from command line to 'None'
[0.318s] Level 5:colcon.colcon_core.verb:set package 'bwi_tasks' build argument 'catkin_cmake_args' from command line to 'None'
[0.318s] Level 5:colcon.colcon_core.verb:set package 'bwi_tasks' build argument 'catkin_skip_building_tests' from command line to 'False'
[0.318s] DEBUG:colcon.colcon_core.verb:Building package 'bwi_tasks' with the following arguments: {'ament_cmake_args': None, 'build_base': '/home/nikunj/bwi_ros2_simulation/build/bwi_tasks', 'catkin_cmake_args': None, 'catkin_skip_building_tests': False, 'cmake_args': None, 'cmake_clean_cache': False, 'cmake_clean_first': False, 'cmake_force_configure': False, 'cmake_target': None, 'cmake_target_skip_unavailable': False, 'install_base': '/home/nikunj/bwi_ros2_simulation/install/bwi_tasks', 'merge_install': False, 'path': '/home/nikunj/bwi_ros2_simulation/src/bwi_tasks', 'symlink_install': False, 'test_result_base': None}
[0.318s] INFO:colcon.colcon_core.executor:Executing jobs using 'parallel' executor
[0.319s] DEBUG:colcon.colcon_parallel_executor.executor.parallel:run_until_complete
[0.320s] INFO:colcon.colcon_ros.task.ament_python.build:Building ROS package in '/home/nikunj/bwi_ros2_simulation/src/bwi_tasks' with build type 'ament_python'
[0.320s] Level 1:colcon.colcon_core.shell:create_environment_hook('bwi_tasks', 'ament_prefix_path')
[0.322s] INFO:colcon.colcon_core.plugin_system:Skipping extension 'colcon_core.shell.bat': Not used on non-Windows systems
[0.323s] INFO:colcon.colcon_core.shell:Creating environment hook '/home/nikunj/bwi_ros2_simulation/install/bwi_tasks/share/bwi_tasks/hook/ament_prefix_path.ps1'
[0.324s] INFO:colcon.colcon_core.shell:Creating environment descriptor '/home/nikunj/bwi_ros2_simulation/install/bwi_tasks/share/bwi_tasks/hook/ament_prefix_path.dsv'
[0.324s] INFO:colcon.colcon_core.shell:Creating environment hook '/home/nikunj/bwi_ros2_simulation/install/bwi_tasks/share/bwi_tasks/hook/ament_prefix_path.sh'
[0.325s] INFO:colcon.colcon_core.shell:Skip shell extension 'powershell' for command environment: Not usable outside of PowerShell
[0.325s] DEBUG:colcon.colcon_core.shell:Skip shell extension 'dsv' for command environment
[0.543s] INFO:colcon.colcon_core.task.python.build:Building Python package in '/home/nikunj/bwi_ros2_simulation/src/bwi_tasks'
[0.543s] INFO:colcon.colcon_core.shell:Skip shell extension 'powershell' for command environment: Not usable outside of PowerShell
[0.543s] DEBUG:colcon.colcon_core.shell:Skip shell extension 'dsv' for command environment
[0.891s] DEBUG:colcon.colcon_core.event_handler.log_command:Invoking command in '/home/nikunj/bwi_ros2_simulation/src/bwi_tasks': CMAKE_PREFIX_PATH=/home/nikunj/bwi_ros2_simulation/install/bwi_tasks_interface:/home/nikunj/bwi_ros2_simulation/install/bwi_perception_interface:/home/nikunj/bwi_ros2_simulation/install/utexas_gdc:/home/nikunj/bwi_ros2_simulation/install/urg_node2:/home/nikunj/bwi_ros2_simulation/install/topic_tools:/home/nikunj/bwi_ros2_simulation/install/topic_tools_interfaces:/home/nikunj/bwi_ros2_simulation/install/segway_rmp_ros2:/home/nikunj/bwi_ros2_simulation/install/segway_msgs:/home/nikunj/bwi_ros2_simulation/install/segway_description:/home/nikunj/bwi_ros2_simulation/install/segbot_description:/home/nikunj/bwi_ros2_simulation/install/pr2_description:/home/nikunj/bwi_ros2_simulation/install/nav2_bringup:/home/nikunj/bwi_ros2_simulation/install/my_virtual_obstacle_layer:/home/nikunj/bwi_ros2_simulation/install/libsegwayrmp:/home/nikunj/bwi_ros2_simulation/install/ivcon:/home/nikunj/bwi_ros2_simulation/install/convex_decomposition:/home/nikunj/bwi_ros2_simulation/install/bwi_launch:/home/nikunj/linorobot2_ws/install/sllidar_ros2:/home/nikunj/linorobot2_ws/install/micro_ros_setup:/home/nikunj/linorobot2_ws/install/linorobot2_bringup:/home/nikunj/linorobot2_ws/install/micro_ros_agent:/home/nikunj/linorobot2_ws/install/micro_ros_msgs:/home/nikunj/linorobot2_ws/install/linorobot2_viz:/home/nikunj/linorobot2_ws/install/linorobot2_navigation:/home/nikunj/linorobot2_ws/install/linorobot2_gazebo:/home/nikunj/linorobot2_ws/install/linorobot2_description:/home/nikunj/linorobot2_ws/install/linorobot2_base:/home/nikunj/linorobot2_ws/install/linorobot2 LD_LIBRARY_PATH=/home/nikunj/bwi_ros2_simulation/install/bwi_tasks_interface/lib:/home/nikunj/bwi_ros2_simulation/install/bwi_perception_interface/lib:/home/nikunj/bwi_ros2_simulation/install/urg_node2/lib:/home/nikunj/bwi_ros2_simulation/install/topic_tools/lib:/home/nikunj/bwi_ros2_simulation/install/topic_tools_interfaces/lib:/home/nikunj/bwi_ros2_simulation/install/segway_rmp_ros2/lib:/home/nikunj/bwi_ros2_simulation/install/segway_msgs/lib:/home/nikunj/bwi_ros2_simulation/install/my_virtual_obstacle_layer/lib:/home/nikunj/bwi_ros2_simulation/install/libsegwayrmp/lib:/home/nikunj/linorobot2_ws/install/micro_ros_agent/lib:/home/nikunj/linorobot2_ws/install/micro_ros_msgs/lib:/usr/lib/x86_64-linux-gnu/gazebo-11/plugins:/opt/ros/humble/opt/rviz_ogre_vendor/lib:/opt/ros/humble/lib/x86_64-linux-gnu:/opt/ros/humble/lib PKG_CONFIG_PATH=/home/nikunj/bwi_ros2_simulation/install/bwi_tasks_interface/lib/x86_64-linux-gnu/pkgconfig:/home/nikunj/bwi_ros2_simulation/install/bwi_tasks_interface/lib/pkgconfig:/home/nikunj/bwi_ros2_simulation/install/libsegwayrmp/lib/pkgconfig PYTHONPATH=/home/nikunj/bwi_ros2_simulation/build/bwi_tasks/prefix_override:/usr/lib/python3/dist-packages/colcon_core/task/python/colcon_distutils_commands:/home/nikunj/bwi_ros2_simulation/install/bwi_tasks/lib/python3.10/site-packages:/home/nikunj/bwi_ros2_simulation/install/bwi_tasks_interface/local/lib/python3.10/dist-packages:/home/nikunj/bwi_ros2_simulation/install/topic_tools/local/lib/python3.10/dist-packages:/home/nikunj/bwi_ros2_simulation/install/topic_tools_interfaces/local/lib/python3.10/dist-packages:/home/nikunj/bwi_ros2_simulation/install/test_odom/lib/python3.10/site-packages:/home/nikunj/bwi_ros2_simulation/install/test_cmaes/lib/python3.10/site-packages:/home/nikunj/bwi_ros2_simulation/install/teleop_multi_robot/lib/python3.10/site-packages:/home/nikunj/bwi_ros2_simulation/install/segway_rmp_ros2/local/lib/python3.10/dist-packages:/home/nikunj/bwi_ros2_simulation/install/segway_msgs/local/lib/python3.10/dist-packages:/home/nikunj/bwi_ros2_simulation/install/scan_filter/lib/python3.10/site-packages:/home/nikunj/bwi_ros2_simulation/install/kinect_data_collector/lib/python3.10/site-packages:/home/nikunj/bwi_ros2_simulation/install/collision_monitor/lib/python3.10/site-packages:/home/nikunj/bwi_ros2_simulation/install/bwi_tools/lib/python3.10/site-packages:/home/nikunj/bwi_ros2_simulation/install/bwi_tasks/lib/python3.10/site-packages:/home/nikunj/bwi_ros2_simulation/install/bwi_reset/lib/python3.10/site-packages:/home/nikunj/bwi_ros2_simulation/install/bwi_perc/lib/python3.10/site-packages:/home/nikunj/bwi_ros2_simulation/install/bwi_perception_interface/local/lib/python3.10/dist-packages:/home/nikunj/linorobot2_ws/install/micro_ros_msgs/local/lib/python3.10/dist-packages:/opt/ros/humble/lib/python3.10/site-packages:/opt/ros/humble/local/lib/python3.10/dist-packages /usr/bin/python3 -W ignore:setup.py install is deprecated -W ignore:easy_install command is deprecated setup.py egg_info --egg-base ../../build/bwi_tasks build --build-base /home/nikunj/bwi_ros2_simulation/build/bwi_tasks/build install --record /home/nikunj/bwi_ros2_simulation/build/bwi_tasks/install.log --single-version-externally-managed install_data
[1.143s] DEBUG:colcon.colcon_core.event_handler.log_command:Invoked command in '/home/nikunj/bwi_ros2_simulation/src/bwi_tasks' returned '0': CMAKE_PREFIX_PATH=/home/nikunj/bwi_ros2_simulation/install/bwi_tasks_interface:/home/nikunj/bwi_ros2_simulation/install/bwi_perception_interface:/home/nikunj/bwi_ros2_simulation/install/utexas_gdc:/home/nikunj/bwi_ros2_simulation/install/urg_node2:/home/nikunj/bwi_ros2_simulation/install/topic_tools:/home/nikunj/bwi_ros2_simulation/install/topic_tools_interfaces:/home/nikunj/bwi_ros2_simulation/install/segway_rmp_ros2:/home/nikunj/bwi_ros2_simulation/install/segway_msgs:/home/nikunj/bwi_ros2_simulation/install/segway_description:/home/nikunj/bwi_ros2_simulation/install/segbot_description:/home/nikunj/bwi_ros2_simulation/install/pr2_description:/home/nikunj/bwi_ros2_simulation/install/nav2_bringup:/home/nikunj/bwi_ros2_simulation/install/my_virtual_obstacle_layer:/home/nikunj/bwi_ros2_simulation/install/libsegwayrmp:/home/nikunj/bwi_ros2_simulation/install/ivcon:/home/nikunj/bwi_ros2_simulation/install/convex_decomposition:/home/nikunj/bwi_ros2_simulation/install/bwi_launch:/home/nikunj/linorobot2_ws/install/sllidar_ros2:/home/nikunj/linorobot2_ws/install/micro_ros_setup:/home/nikunj/linorobot2_ws/install/linorobot2_bringup:/home/nikunj/linorobot2_ws/install/micro_ros_agent:/home/nikunj/linorobot2_ws/install/micro_ros_msgs:/home/nikunj/linorobot2_ws/install/linorobot2_viz:/home/nikunj/linorobot2_ws/install/linorobot2_navigation:/home/nikunj/linorobot2_ws/install/linorobot2_gazebo:/home/nikunj/linorobot2_ws/install/linorobot2_description:/home/nikunj/linorobot2_ws/install/linorobot2_base:/home/nikunj/linorobot2_ws/install/linorobot2 LD_LIBRARY_PATH=/home/nikunj/bwi_ros2_simulation/install/bwi_tasks_interface/lib:/home/nikunj/bwi_ros2_simulation/install/bwi_perception_interface/lib:/home/nikunj/bwi_ros2_simulation/install/urg_node2/lib:/home/nikunj/bwi_ros2_simulation/install/topic_tools/lib:/home/nikunj/bwi_ros2_simulation/install/topic_tools_interfaces/lib:/home/nikunj/bwi_ros2_simulation/install/segway_rmp_ros2/lib:/home/nikunj/bwi_ros2_simulation/install/segway_msgs/lib:/home/nikunj/bwi_ros2_simulation/install/my_virtual_obstacle_layer/lib:/home/nikunj/bwi_ros2_simulation/install/libsegwayrmp/lib:/home/nikunj/linorobot2_ws/install/micro_ros_agent/lib:/home/nikunj/linorobot2_ws/install/micro_ros_msgs/lib:/usr/lib/x86_64-linux-gnu/gazebo-11/plugins:/opt/ros/humble/opt/rviz_ogre_vendor/lib:/opt/ros/humble/lib/x86_64-linux-gnu:/opt/ros/humble/lib PKG_CONFIG_PATH=/home/nikunj/bwi_ros2_simulation/install/bwi_tasks_interface/lib/x86_64-linux-gnu/pkgconfig:/home/nikunj/bwi_ros2_simulation/install/bwi_tasks_interface/lib/pkgconfig:/home/nikunj/bwi_ros2_simulation/install/libsegwayrmp/lib/pkgconfig PYTHONPATH=/home/nikunj/bwi_ros2_simulation/build/bwi_tasks/prefix_override:/usr/lib/python3/dist-packages/colcon_core/task/python/colcon_distutils_commands:/home/nikunj/bwi_ros2_simulation/install/bwi_tasks/lib/python3.10/site-packages:/home/nikunj/bwi_ros2_simulation/install/bwi_tasks_interface/local/lib/python3.10/dist-packages:/home/nikunj/bwi_ros2_simulation/install/topic_tools/local/lib/python3.10/dist-packages:/home/nikunj/bwi_ros2_simulation/install/topic_tools_interfaces/local/lib/python3.10/dist-packages:/home/nikunj/bwi_ros2_simulation/install/test_odom/lib/python3.10/site-packages:/home/nikunj/bwi_ros2_simulation/install/test_cmaes/lib/python3.10/site-packages:/home/nikunj/bwi_ros2_simulation/install/teleop_multi_robot/lib/python3.10/site-packages:/home/nikunj/bwi_ros2_simulation/install/segway_rmp_ros2/local/lib/python3.10/dist-packages:/home/nikunj/bwi_ros2_simulation/install/segway_msgs/local/lib/python3.10/dist-packages:/home/nikunj/bwi_ros2_simulation/install/scan_filter/lib/python3.10/site-packages:/home/nikunj/bwi_ros2_simulation/install/kinect_data_collector/lib/python3.10/site-packages:/home/nikunj/bwi_ros2_simulation/install/collision_monitor/lib/python3.10/site-packages:/home/nikunj/bwi_ros2_simulation/install/bwi_tools/lib/python3.10/site-packages:/home/nikunj/bwi_ros2_simulation/install/bwi_tasks/lib/python3.10/site-packages:/home/nikunj/bwi_ros2_simulation/install/bwi_reset/lib/python3.10/site-packages:/home/nikunj/bwi_ros2_simulation/install/bwi_perc/lib/python3.10/site-packages:/home/nikunj/bwi_ros2_simulation/install/bwi_perception_interface/local/lib/python3.10/dist-packages:/home/nikunj/linorobot2_ws/install/micro_ros_msgs/local/lib/python3.10/dist-packages:/opt/ros/humble/lib/python3.10/site-packages:/opt/ros/humble/local/lib/python3.10/dist-packages /usr/bin/python3 -W ignore:setup.py install is deprecated -W ignore:easy_install command is deprecated setup.py egg_info --egg-base ../../build/bwi_tasks build --build-base /home/nikunj/bwi_ros2_simulation/build/bwi_tasks/build install --record /home/nikunj/bwi_ros2_simulation/build/bwi_tasks/install.log --single-version-externally-managed install_data
[1.146s] Level 1:colcon.colcon_core.environment:checking '/home/nikunj/bwi_ros2_simulation/install/bwi_tasks' for CMake module files
[1.146s] Level 1:colcon.colcon_core.environment:checking '/home/nikunj/bwi_ros2_simulation/install/bwi_tasks' for CMake config files
[1.147s] Level 1:colcon.colcon_core.environment:checking '/home/nikunj/bwi_ros2_simulation/install/bwi_tasks/lib'
[1.147s] Level 1:colcon.colcon_core.environment:checking '/home/nikunj/bwi_ros2_simulation/install/bwi_tasks/bin'
[1.148s] Level 1:colcon.colcon_core.environment:checking '/home/nikunj/bwi_ros2_simulation/install/bwi_tasks/lib/pkgconfig/bwi_tasks.pc'
[1.148s] Level 1:colcon.colcon_core.environment:checking '/home/nikunj/bwi_ros2_simulation/install/bwi_tasks/lib/python3.10/site-packages'
[1.148s] Level 1:colcon.colcon_core.shell:create_environment_hook('bwi_tasks', 'pythonpath')
[1.148s] INFO:colcon.colcon_core.shell:Creating environment hook '/home/nikunj/bwi_ros2_simulation/install/bwi_tasks/share/bwi_tasks/hook/pythonpath.ps1'
[1.149s] INFO:colcon.colcon_core.shell:Creating environment descriptor '/home/nikunj/bwi_ros2_simulation/install/bwi_tasks/share/bwi_tasks/hook/pythonpath.dsv'
[1.149s] INFO:colcon.colcon_core.shell:Creating environment hook '/home/nikunj/bwi_ros2_simulation/install/bwi_tasks/share/bwi_tasks/hook/pythonpath.sh'
[1.150s] Level 1:colcon.colcon_core.environment:checking '/home/nikunj/bwi_ros2_simulation/install/bwi_tasks/bin'
[1.150s] Level 1:colcon.colcon_core.environment:create_environment_scripts_only(bwi_tasks)
[1.151s] INFO:colcon.colcon_core.shell:Creating package script '/home/nikunj/bwi_ros2_simulation/install/bwi_tasks/share/bwi_tasks/package.ps1'
[1.152s] INFO:colcon.colcon_core.shell:Creating package descriptor '/home/nikunj/bwi_ros2_simulation/install/bwi_tasks/share/bwi_tasks/package.dsv'
[1.153s] INFO:colcon.colcon_core.shell:Creating package script '/home/nikunj/bwi_ros2_simulation/install/bwi_tasks/share/bwi_tasks/package.sh'
[1.154s] INFO:colcon.colcon_core.shell:Creating package script '/home/nikunj/bwi_ros2_simulation/install/bwi_tasks/share/bwi_tasks/package.bash'
[1.154s] INFO:colcon.colcon_core.shell:Creating package script '/home/nikunj/bwi_ros2_simulation/install/bwi_tasks/share/bwi_tasks/package.zsh'
[1.155s] Level 1:colcon.colcon_core.environment:create_file_with_runtime_dependencies(/home/nikunj/bwi_ros2_simulation/install/bwi_tasks/share/colcon-core/packages/bwi_tasks)
[1.156s] DEBUG:colcon.colcon_parallel_executor.executor.parallel:closing loop
[1.156s] DEBUG:colcon.colcon_parallel_executor.executor.parallel:loop closed
[1.156s] DEBUG:colcon.colcon_parallel_executor.executor.parallel:run_until_complete finished with '0'
[1.156s] DEBUG:colcon.colcon_core.event_reactor:joining thread
[1.161s] INFO:colcon.colcon_core.plugin_system:Skipping extension 'colcon_notification.desktop_notification.terminal_notifier': Not used on non-Darwin systems
[1.161s] INFO:colcon.colcon_core.plugin_system:Skipping extension 'colcon_notification.desktop_notification.win32': Not used on non-Windows systems
[1.161s] INFO:colcon.colcon_notification.desktop_notification:Sending desktop notification using 'notify2'
[1.172s] DEBUG:colcon.colcon_core.event_reactor:joined thread
[1.172s] INFO:colcon.colcon_core.shell:Creating prefix script '/home/nikunj/bwi_ros2_simulation/install/local_setup.ps1'
[1.174s] INFO:colcon.colcon_core.shell:Creating prefix util module '/home/nikunj/bwi_ros2_simulation/install/_local_setup_util_ps1.py'
[1.175s] INFO:colcon.colcon_core.shell:Creating prefix chain script '/home/nikunj/bwi_ros2_simulation/install/setup.ps1'
[1.178s] INFO:colcon.colcon_core.shell:Creating prefix script '/home/nikunj/bwi_ros2_simulation/install/local_setup.sh'
[1.179s] INFO:colcon.colcon_core.shell:Creating prefix util module '/home/nikunj/bwi_ros2_simulation/install/_local_setup_util_sh.py'
[1.179s] INFO:colcon.colcon_core.shell:Creating prefix chain script '/home/nikunj/bwi_ros2_simulation/install/setup.sh'
[1.181s] INFO:colcon.colcon_core.shell:Creating prefix script '/home/nikunj/bwi_ros2_simulation/install/local_setup.bash'
[1.181s] INFO:colcon.colcon_core.shell:Creating prefix chain script '/home/nikunj/bwi_ros2_simulation/install/setup.bash'
[1.182s] INFO:colcon.colcon_core.shell:Creating prefix script '/home/nikunj/bwi_ros2_simulation/install/local_setup.zsh'
[1.183s] INFO:colcon.colcon_core.shell:Creating prefix chain script '/home/nikunj/bwi_ros2_simulation/install/setup.zsh'
