[0.032s] Invoking command in '/home/nikunj/bwi_ros2_simulation/build/convex_decomposition': CMAKE_PREFIX_PATH=/opt/ros/humble /usr/bin/cmake --build /home/nikunj/bwi_ros2_simulation/build/convex_decomposition -- -j32 -l32
[0.932s] [100%] Built target convex_decomposition
[0.946s] Invoked command in '/home/nikunj/bwi_ros2_simulation/build/convex_decomposition' returned '0': CMAKE_PREFIX_PATH=/opt/ros/humble /usr/bin/cmake --build /home/nikunj/bwi_ros2_simulation/build/convex_decomposition -- -j32 -l32
[0.947s] Invoking command in '/home/nikunj/bwi_ros2_simulation/build/convex_decomposition': CMAKE_PREFIX_PATH=/opt/ros/humble /usr/bin/cmake --install /home/nikunj/bwi_ros2_simulation/build/convex_decomposition
[0.958s] -- Install configuration: ""
[0.958s] -- Up-to-date: /home/nikunj/bwi_ros2_simulation/install/convex_decomposition/lib/convex_decomposition/convex_decomposition
[0.959s] -- Up-to-date: /home/nikunj/bwi_ros2_simulation/install/convex_decomposition/share/ament_index/resource_index/package_run_dependencies/convex_decomposition
[0.959s] -- Up-to-date: /home/nikunj/bwi_ros2_simulation/install/convex_decomposition/share/ament_index/resource_index/parent_prefix_path/convex_decomposition
[0.959s] -- Up-to-date: /home/nikunj/bwi_ros2_simulation/install/convex_decomposition/share/convex_decomposition/environment/ament_prefix_path.sh
[0.959s] -- Up-to-date: /home/nikunj/bwi_ros2_simulation/install/convex_decomposition/share/convex_decomposition/environment/ament_prefix_path.dsv
[0.959s] -- Up-to-date: /home/nikunj/bwi_ros2_simulation/install/convex_decomposition/share/convex_decomposition/environment/path.sh
[0.959s] -- Up-to-date: /home/nikunj/bwi_ros2_simulation/install/convex_decomposition/share/convex_decomposition/environment/path.dsv
[0.959s] -- Up-to-date: /home/nikunj/bwi_ros2_simulation/install/convex_decomposition/share/convex_decomposition/local_setup.bash
[0.959s] -- Up-to-date: /home/nikunj/bwi_ros2_simulation/install/convex_decomposition/share/convex_decomposition/local_setup.sh
[0.959s] -- Up-to-date: /home/nikunj/bwi_ros2_simulation/install/convex_decomposition/share/convex_decomposition/local_setup.zsh
[0.959s] -- Up-to-date: /home/nikunj/bwi_ros2_simulation/install/convex_decomposition/share/convex_decomposition/local_setup.dsv
[0.959s] -- Installing: /home/nikunj/bwi_ros2_simulation/install/convex_decomposition/share/convex_decomposition/package.dsv
[0.959s] -- Up-to-date: /home/nikunj/bwi_ros2_simulation/install/convex_decomposition/share/ament_index/resource_index/packages/convex_decomposition
[0.959s] -- Up-to-date: /home/nikunj/bwi_ros2_simulation/install/convex_decomposition/share/convex_decomposition/cmake/convex_decompositionConfig.cmake
[0.959s] -- Up-to-date: /home/nikunj/bwi_ros2_simulation/install/convex_decomposition/share/convex_decomposition/cmake/convex_decompositionConfig-version.cmake
[0.960s] -- Up-to-date: /home/nikunj/bwi_ros2_simulation/install/convex_decomposition/share/convex_decomposition/package.xml
[1.043s] Invoked command in '/home/nikunj/bwi_ros2_simulation/build/convex_decomposition' returned '0': CMAKE_PREFIX_PATH=/opt/ros/humble /usr/bin/cmake --install /home/nikunj/bwi_ros2_simulation/build/convex_decomposition
