-- The C compiler identification is GNU 11.4.0
-- The CXX compiler identification is GNU 11.4.0
-- Detecting C compiler ABI info
-- Detecting C compiler ABI info - done
-- Check for working C compiler: /usr/bin/cc - skipped
-- Detecting C compile features
-- Detecting C compile features - done
-- Detecting CXX compiler ABI info
-- Detecting CXX compiler ABI info - done
-- Check for working CXX compiler: /usr/bin/c++ - skipped
-- Detecting CXX compile features
-- Detecting CXX compile features - done
-- Found ament_cmake: 1.3.12 (/opt/ros/humble/share/ament_cmake/cmake)
-- Found Python3: /usr/bin/python3 (found version "3.10.12") found components: Interpreter 
-- Found xacro: 2.1.1 (/opt/ros/humble/share/xacro/cmake)
-- Found gazebo_ros: 3.9.0 (/opt/ros/humble/share/gazebo_ros/cmake)
-- Found rosidl_generator_c: 3.1.7 (/opt/ros/humble/share/rosidl_generator_c/cmake)
-- Found rosidl_adapter: 3.1.7 (/opt/ros/humble/share/rosidl_adapter/cmake)
-- Found rosidl_generator_cpp: 3.1.7 (/opt/ros/humble/share/rosidl_generator_cpp/cmake)
-- Using all available rosidl_typesupport_c: rosidl_typesupport_fastrtps_c;rosidl_typesupport_introspection_c
-- Using all available rosidl_typesupport_cpp: rosidl_typesupport_fastrtps_cpp;rosidl_typesupport_introspection_cpp
-- Found rmw_implementation_cmake: 6.1.2 (/opt/ros/humble/share/rmw_implementation_cmake/cmake)
-- Found rmw_fastrtps_cpp: 6.2.9 (/opt/ros/humble/share/rmw_fastrtps_cpp/cmake)
-- Found OpenSSL: /usr/lib/x86_64-linux-gnu/libcrypto.so (found version "3.0.2")  
-- Found FastRTPS: /opt/ros/humble/include  
-- Using RMW implementation 'rmw_fastrtps_cpp' as default
-- Looking for pthread.h
-- Looking for pthread.h - found
-- Performing Test CMAKE_HAVE_LIBC_PTHREAD
-- Performing Test CMAKE_HAVE_LIBC_PTHREAD - Success
-- Found Threads: TRUE  
-- Found PkgConfig: /usr/bin/pkg-config (found version "0.29.2") 
-- Checking for module 'bullet>=2.82'
--   Found bullet, version 3.05
-- Found fcl: /usr/include (found suitable version "0.7.0", minimum required is "0.5.0") 
-- Found assimp: /usr/include (found version "5.2.0") 
-- Found DART: /usr/include (Required is at least version "6.6") found components: dart 
-- Found Boost: /usr/lib/x86_64-linux-gnu/cmake/Boost-1.74.0/BoostConfig.cmake (found suitable version "1.74.0", minimum required is "1.40.0") found components: thread system filesystem program_options regex iostreams date_time 
-- Found Protobuf: /usr/lib/x86_64-linux-gnu/libprotobuf.so (found version "3.12.4") 
-- Looking for ignition-math6 -- found version 6.15.1
-- Searching for dependencies of ignition-math6
-- Looking for OGRE...
-- OGRE_PREFIX_WATCH changed.
-- Checking for module 'OGRE'
--   Found OGRE, version 1.9.0
-- Found Ogre Ghadamon (1.9.0)
-- Found OGRE: optimized;/usr/lib/x86_64-linux-gnu/libOgreMain.so;debug;/usr/lib/x86_64-linux-gnu/libOgreMain.so
-- Looking for OGRE_Paging...
-- Found OGRE_Paging: optimized;/usr/lib/x86_64-linux-gnu/libOgrePaging.so;debug;/usr/lib/x86_64-linux-gnu/libOgrePaging.so
-- Looking for OGRE_Terrain...
-- Found OGRE_Terrain: optimized;/usr/lib/x86_64-linux-gnu/libOgreTerrain.so;debug;/usr/lib/x86_64-linux-gnu/libOgreTerrain.so
-- Looking for OGRE_Property...
-- Found OGRE_Property: optimized;/usr/lib/x86_64-linux-gnu/libOgreProperty.so;debug;/usr/lib/x86_64-linux-gnu/libOgreProperty.so
-- Looking for OGRE_RTShaderSystem...
-- Found OGRE_RTShaderSystem: optimized;/usr/lib/x86_64-linux-gnu/libOgreRTShaderSystem.so;debug;/usr/lib/x86_64-linux-gnu/libOgreRTShaderSystem.so
-- Looking for OGRE_Volume...
-- Found OGRE_Volume: optimized;/usr/lib/x86_64-linux-gnu/libOgreVolume.so;debug;/usr/lib/x86_64-linux-gnu/libOgreVolume.so
-- Looking for OGRE_Overlay...
-- Found OGRE_Overlay: optimized;/usr/lib/x86_64-linux-gnu/libOgreOverlay.so;debug;/usr/lib/x86_64-linux-gnu/libOgreOverlay.so
-- Looking for ignition-math6 -- found version 6.15.1
-- Looking for ignition-transport8 -- found version 8.2.1
-- Searching for dependencies of ignition-transport8
-- Found Protobuf: /usr/lib/x86_64-linux-gnu/libprotobuf.so (found suitable version "3.12.4", minimum required is "3") 
-- Config-file not installed for ZeroMQ -- checking for pkg-config
-- Checking for module 'libzmq >= 4'
--   Found libzmq , version 4.3.4
-- Found ZeroMQ: TRUE (Required is at least version "4") 
-- Checking for module 'uuid'
--   Found uuid, version 2.37.2
-- Found UUID: TRUE  
-- Looking for ignition-msgs5 -- found version 5.8.1
-- Searching for dependencies of ignition-msgs5
-- Looking for ignition-math6 -- found version 6.15.1
-- Checking for module 'tinyxml2'
--   Found tinyxml2, version 9.0.0
-- Looking for ignition-msgs5 -- found version 5.8.1
-- Looking for ignition-common3 -- found version 3.14.0
-- Searching for dependencies of ignition-common3
-- Looking for dlfcn.h - found
-- Looking for libdl - found
-- Found DL: TRUE  
-- Found tinyobjloader: /usr/lib/x86_64-linux-gnu/cmake/tinyobjloader/tinyobjloader-config.cmake (found version "2.0.0") 
-- Searching for <ignition-common3> component [graphics]
-- Looking for ignition-common3-graphics -- found version 3.14.0
-- Searching for dependencies of ignition-common3-graphics
-- Looking for ignition-math6 -- found version 6.15.1
-- Looking for ignition-fuel_tools4 -- found version 4.4.0
-- Searching for dependencies of ignition-fuel_tools4
-- Found CURL: /usr/lib/x86_64-linux-gnu/libcurl.so (found version "7.81.0")  
-- Checking for module 'jsoncpp'
--   Found jsoncpp, version 1.9.5
-- Found JSONCPP: TRUE  
-- Checking for module 'libzip'
--   Found libzip, version 1.7.3
-- Found ZIP: TRUE  
-- Looking for ignition-common3 -- found version 3.14.0
-- Looking for ignition-math6 -- found version 6.15.1
-- Looking for ignition-msgs5 -- found version 5.8.1
-- Gazebo version: 11.10
-- Checking for module 'tbb'
--   Found tbb, version 2021.5.0
-- Found urdf: 2.6.1 (/opt/ros/humble/share/urdf/cmake)
-- Configuring done
-- Generating done
-- Build files have been written to: /home/nikunj/bwi_ros2_simulation/build/pr2_description
[100%] Built target media_files
-- Install configuration: ""
-- Installing: /home/nikunj/bwi_ros2_simulation/install/pr2_description/share/pr2_description/meshes
-- Installing: /home/nikunj/bwi_ros2_simulation/install/pr2_description/share/pr2_description/meshes/shoulder_v0
-- Installing: /home/nikunj/bwi_ros2_simulation/install/pr2_description/share/pr2_description/meshes/shoulder_v0/shoulder_pan.dae
-- Installing: /home/nikunj/bwi_ros2_simulation/install/pr2_description/share/pr2_description/meshes/shoulder_v0/shoulder_yaw.stl
-- Installing: /home/nikunj/bwi_ros2_simulation/install/pr2_description/share/pr2_description/meshes/shoulder_v0/shoulder_lift_color.png
-- Installing: /home/nikunj/bwi_ros2_simulation/install/pr2_description/share/pr2_description/meshes/shoulder_v0/convex
-- Installing: /home/nikunj/bwi_ros2_simulation/install/pr2_description/share/pr2_description/meshes/shoulder_v0/upper_arm_roll_L.stl
-- Installing: /home/nikunj/bwi_ros2_simulation/install/pr2_description/share/pr2_description/meshes/shoulder_v0/upper_arm_roll_color.png
-- Installing: /home/nikunj/bwi_ros2_simulation/install/pr2_description/share/pr2_description/meshes/shoulder_v0/upper_arm_roll.dae
-- Installing: /home/nikunj/bwi_ros2_simulation/install/pr2_description/share/pr2_description/meshes/shoulder_v0/shoulder_pan_normals.png
-- Installing: /home/nikunj/bwi_ros2_simulation/install/pr2_description/share/pr2_description/meshes/shoulder_v0/shoulder_lift.stl
-- Installing: /home/nikunj/bwi_ros2_simulation/install/pr2_description/share/pr2_description/meshes/shoulder_v0/.gitignore
-- Installing: /home/nikunj/bwi_ros2_simulation/install/pr2_description/share/pr2_description/meshes/shoulder_v0/iv
-- Installing: /home/nikunj/bwi_ros2_simulation/install/pr2_description/share/pr2_description/meshes/shoulder_v0/shoulder_pan_color.png
-- Installing: /home/nikunj/bwi_ros2_simulation/install/pr2_description/share/pr2_description/meshes/shoulder_v0/upper_arm_roll.stl
-- Installing: /home/nikunj/bwi_ros2_simulation/install/pr2_description/share/pr2_description/meshes/shoulder_v0/shoulder_pan.stl
-- Installing: /home/nikunj/bwi_ros2_simulation/install/pr2_description/share/pr2_description/meshes/shoulder_v0/shoulder_lift.dae
-- Installing: /home/nikunj/bwi_ros2_simulation/install/pr2_description/share/pr2_description/meshes/shoulder_v0/shoulder_lift_normals.png
-- Installing: /home/nikunj/bwi_ros2_simulation/install/pr2_description/share/pr2_description/meshes/shoulder_v0/upper_arm_roll_normals.png
-- Installing: /home/nikunj/bwi_ros2_simulation/install/pr2_description/share/pr2_description/meshes/gripper_v0
-- Installing: /home/nikunj/bwi_ros2_simulation/install/pr2_description/share/pr2_description/meshes/gripper_v0/palm_H_Color_100430.png
-- Installing: /home/nikunj/bwi_ros2_simulation/install/pr2_description/share/pr2_description/meshes/gripper_v0/l_finger_tip.stl
-- Installing: /home/nikunj/bwi_ros2_simulation/install/pr2_description/share/pr2_description/meshes/gripper_v0/finger_tip_pad2_l.stl
-- Installing: /home/nikunj/bwi_ros2_simulation/install/pr2_description/share/pr2_description/meshes/gripper_v0/convex
-- Installing: /home/nikunj/bwi_ros2_simulation/install/pr2_description/share/pr2_description/meshes/gripper_v0/finger_H_UV_100430.dae
-- Installing: /home/nikunj/bwi_ros2_simulation/install/pr2_description/share/pr2_description/meshes/gripper_v0/l_finger_normals.png
-- Installing: /home/nikunj/bwi_ros2_simulation/install/pr2_description/share/pr2_description/meshes/gripper_v0/l_finger_tip.dae
-- Installing: /home/nikunj/bwi_ros2_simulation/install/pr2_description/share/pr2_description/meshes/gripper_v0/float_H_UV_100430.dae
-- Installing: /home/nikunj/bwi_ros2_simulation/install/pr2_description/share/pr2_description/meshes/gripper_v0/l_finger_tip_normals.png
-- Installing: /home/nikunj/bwi_ros2_simulation/install/pr2_description/share/pr2_description/meshes/gripper_v0/upper_finger_r.stl
-- Installing: /home/nikunj/bwi_ros2_simulation/install/pr2_description/share/pr2_description/meshes/gripper_v0/upper_finger_l.stl
-- Installing: /home/nikunj/bwi_ros2_simulation/install/pr2_description/share/pr2_description/meshes/gripper_v0/gripper_palm_color.png
-- Installing: /home/nikunj/bwi_ros2_simulation/install/pr2_description/share/pr2_description/meshes/gripper_v0/.gitignore
-- Installing: /home/nikunj/bwi_ros2_simulation/install/pr2_description/share/pr2_description/meshes/gripper_v0/finger_tip_l.stl
-- Installing: /home/nikunj/bwi_ros2_simulation/install/pr2_description/share/pr2_description/meshes/gripper_v0/finger_tip_H_UV_100430.dae
-- Installing: /home/nikunj/bwi_ros2_simulation/install/pr2_description/share/pr2_description/meshes/gripper_v0/finger_tip_pad2_r.stl
-- Installing: /home/nikunj/bwi_ros2_simulation/install/pr2_description/share/pr2_description/meshes/gripper_v0/iv
-- Installing: /home/nikunj/bwi_ros2_simulation/install/pr2_description/share/pr2_description/meshes/gripper_v0/l_float.dae
-- Installing: /home/nikunj/bwi_ros2_simulation/install/pr2_description/share/pr2_description/meshes/gripper_v0/l_finger.dae
-- Installing: /home/nikunj/bwi_ros2_simulation/install/pr2_description/share/pr2_description/meshes/gripper_v0/gripper_palm.stl
-- Installing: /home/nikunj/bwi_ros2_simulation/install/pr2_description/share/pr2_description/meshes/gripper_v0/gripper_palm.dae
-- Installing: /home/nikunj/bwi_ros2_simulation/install/pr2_description/share/pr2_description/meshes/gripper_v0/float_H_Color_100430.png
-- Installing: /home/nikunj/bwi_ros2_simulation/install/pr2_description/share/pr2_description/meshes/gripper_v0/l_finger_color.png
-- Installing: /home/nikunj/bwi_ros2_simulation/install/pr2_description/share/pr2_description/meshes/gripper_v0/l_float_color.png
-- Installing: /home/nikunj/bwi_ros2_simulation/install/pr2_description/share/pr2_description/meshes/gripper_v0/finger_H_Color_100430.png
-- Installing: /home/nikunj/bwi_ros2_simulation/install/pr2_description/share/pr2_description/meshes/gripper_v0/gripper_palm_normals.png
-- Installing: /home/nikunj/bwi_ros2_simulation/install/pr2_description/share/pr2_description/meshes/gripper_v0/l_finger.stl
-- Installing: /home/nikunj/bwi_ros2_simulation/install/pr2_description/share/pr2_description/meshes/gripper_v0/l_float_normals.png
-- Installing: /home/nikunj/bwi_ros2_simulation/install/pr2_description/share/pr2_description/meshes/gripper_v0/l_floating.stl
-- Installing: /home/nikunj/bwi_ros2_simulation/install/pr2_description/share/pr2_description/meshes/gripper_v0/l_finger_tip_color.png
-- Installing: /home/nikunj/bwi_ros2_simulation/install/pr2_description/share/pr2_description/meshes/gripper_v0/fingertip_H_Color_100430.png
-- Installing: /home/nikunj/bwi_ros2_simulation/install/pr2_description/share/pr2_description/meshes/gripper_v0/finger_tip_r.stl
-- Installing: /home/nikunj/bwi_ros2_simulation/install/pr2_description/share/pr2_description/meshes/gripper_v0/palm_H_UV_100430.dae
-- Installing: /home/nikunj/bwi_ros2_simulation/install/pr2_description/share/pr2_description/meshes/base_v0
-- Installing: /home/nikunj/bwi_ros2_simulation/install/pr2_description/share/pr2_description/meshes/base_v0/base.stl
-- Installing: /home/nikunj/bwi_ros2_simulation/install/pr2_description/share/pr2_description/meshes/base_v0/convex
-- Installing: /home/nikunj/bwi_ros2_simulation/install/pr2_description/share/pr2_description/meshes/base_v0/wheel.stl
-- Installing: /home/nikunj/bwi_ros2_simulation/install/pr2_description/share/pr2_description/meshes/base_v0/pr2_wheel.stl
-- Installing: /home/nikunj/bwi_ros2_simulation/install/pr2_description/share/pr2_description/meshes/base_v0/caster.stl
-- Installing: /home/nikunj/bwi_ros2_simulation/install/pr2_description/share/pr2_description/meshes/base_v0/base_L.stl
-- Installing: /home/nikunj/bwi_ros2_simulation/install/pr2_description/share/pr2_description/meshes/base_v0/wheel_normals.png
-- Installing: /home/nikunj/bwi_ros2_simulation/install/pr2_description/share/pr2_description/meshes/base_v0/.gitignore
-- Installing: /home/nikunj/bwi_ros2_simulation/install/pr2_description/share/pr2_description/meshes/base_v0/iv
-- Installing: /home/nikunj/bwi_ros2_simulation/install/pr2_description/share/pr2_description/meshes/base_v0/caster_L.stl
-- Installing: /home/nikunj/bwi_ros2_simulation/install/pr2_description/share/pr2_description/meshes/base_v0/wheel.dae
-- Installing: /home/nikunj/bwi_ros2_simulation/install/pr2_description/share/pr2_description/meshes/base_v0/base_normals.png
-- Installing: /home/nikunj/bwi_ros2_simulation/install/pr2_description/share/pr2_description/meshes/base_v0/wheel_h.dae
-- Installing: /home/nikunj/bwi_ros2_simulation/install/pr2_description/share/pr2_description/meshes/base_v0/base.dae
-- Installing: /home/nikunj/bwi_ros2_simulation/install/pr2_description/share/pr2_description/meshes/base_v0/wheel_color.png
-- Installing: /home/nikunj/bwi_ros2_simulation/install/pr2_description/share/pr2_description/meshes/base_v0/base_color.png
-- Installing: /home/nikunj/bwi_ros2_simulation/install/pr2_description/share/pr2_description/meshes/base_v0/wheel_h_color.png
-- Installing: /home/nikunj/bwi_ros2_simulation/install/pr2_description/share/pr2_description/meshes/tilting_laser_v0
-- Installing: /home/nikunj/bwi_ros2_simulation/install/pr2_description/share/pr2_description/meshes/tilting_laser_v0/tilting_hokuyo.stl
-- Installing: /home/nikunj/bwi_ros2_simulation/install/pr2_description/share/pr2_description/meshes/tilting_laser_v0/tilting_hokuyo_normals.png
-- Installing: /home/nikunj/bwi_ros2_simulation/install/pr2_description/share/pr2_description/meshes/tilting_laser_v0/convex
-- Installing: /home/nikunj/bwi_ros2_simulation/install/pr2_description/share/pr2_description/meshes/tilting_laser_v0/tilting_hokuyo.dae
-- Installing: /home/nikunj/bwi_ros2_simulation/install/pr2_description/share/pr2_description/meshes/tilting_laser_v0/.gitignore
-- Installing: /home/nikunj/bwi_ros2_simulation/install/pr2_description/share/pr2_description/meshes/tilting_laser_v0/iv
-- Installing: /home/nikunj/bwi_ros2_simulation/install/pr2_description/share/pr2_description/meshes/tilting_laser_v0/tilting_hokuyo_color.png
-- Installing: /home/nikunj/bwi_ros2_simulation/install/pr2_description/share/pr2_description/meshes/tilting_laser_v0/tilting_hokuyo_L.stl
-- Installing: /home/nikunj/bwi_ros2_simulation/install/pr2_description/share/pr2_description/meshes/tilting_laser_v0/hok_tilt.stl
-- Installing: /home/nikunj/bwi_ros2_simulation/install/pr2_description/share/pr2_description/meshes/sensors
-- Installing: /home/nikunj/bwi_ros2_simulation/install/pr2_description/share/pr2_description/meshes/sensors/kinect2_v0
-- Installing: /home/nikunj/bwi_ros2_simulation/install/pr2_description/share/pr2_description/meshes/sensors/kinect2_v0/kinect2_assembly.dae
-- Installing: /home/nikunj/bwi_ros2_simulation/install/pr2_description/share/pr2_description/meshes/sensors/kinect2_v0/kinect2_assembly.STL
-- Installing: /home/nikunj/bwi_ros2_simulation/install/pr2_description/share/pr2_description/meshes/sensors/kinect_v0
-- Installing: /home/nikunj/bwi_ros2_simulation/install/pr2_description/share/pr2_description/meshes/sensors/kinect_v0/kinect.tga
-- Installing: /home/nikunj/bwi_ros2_simulation/install/pr2_description/share/pr2_description/meshes/sensors/kinect_v0/kinect.dae
-- Installing: /home/nikunj/bwi_ros2_simulation/install/pr2_description/share/pr2_description/meshes/sensors/kinect_v0/kinect_color.tga
-- Installing: /home/nikunj/bwi_ros2_simulation/install/pr2_description/share/pr2_description/meshes/sensors/kinect_v0/kinect_mount.stl
-- Installing: /home/nikunj/bwi_ros2_simulation/install/pr2_description/share/pr2_description/meshes/sensors/kinect_prosilica_v0
-- Installing: /home/nikunj/bwi_ros2_simulation/install/pr2_description/share/pr2_description/meshes/sensors/kinect_prosilica_v0/115x100_swept_back--coarse.STL
-- Installing: /home/nikunj/bwi_ros2_simulation/install/pr2_description/share/pr2_description/meshes/sensors/kinect_prosilica_v0/115x100_swept_fwd--coarse.STL
-- Installing: /home/nikunj/bwi_ros2_simulation/install/pr2_description/share/pr2_description/meshes/sensors/kinect_prosilica_v0/115x100_swept_fwd_no_sensors--coarse.STL
-- Installing: /home/nikunj/bwi_ros2_simulation/install/pr2_description/share/pr2_description/meshes/sensors/kinect_prosilica_v0/Prosilica_w_Lens--coarse.STL
-- Installing: /home/nikunj/bwi_ros2_simulation/install/pr2_description/share/pr2_description/meshes/sensors/kinect_prosilica_v0/115x100_swept_back_no_sensors--coarse.STL
-- Installing: /home/nikunj/bwi_ros2_simulation/install/pr2_description/share/pr2_description/meshes/sensors/kinect_prosilica_v0/68-04546_Kinect_Sensor--coarse.STL
-- Installing: /home/nikunj/bwi_ros2_simulation/install/pr2_description/share/pr2_description/meshes/upper_arm_v0
-- Installing: /home/nikunj/bwi_ros2_simulation/install/pr2_description/share/pr2_description/meshes/upper_arm_v0/upper_arm_normals.png
-- Installing: /home/nikunj/bwi_ros2_simulation/install/pr2_description/share/pr2_description/meshes/upper_arm_v0/convex
-- Installing: /home/nikunj/bwi_ros2_simulation/install/pr2_description/share/pr2_description/meshes/upper_arm_v0/elbow_flex_color.png
-- Installing: /home/nikunj/bwi_ros2_simulation/install/pr2_description/share/pr2_description/meshes/upper_arm_v0/elbow_flex_normals.png
-- Installing: /home/nikunj/bwi_ros2_simulation/install/pr2_description/share/pr2_description/meshes/upper_arm_v0/elbow_flex.stl
-- Installing: /home/nikunj/bwi_ros2_simulation/install/pr2_description/share/pr2_description/meshes/upper_arm_v0/upper_arm.dae
-- Installing: /home/nikunj/bwi_ros2_simulation/install/pr2_description/share/pr2_description/meshes/upper_arm_v0/upper_arm.jpg
-- Installing: /home/nikunj/bwi_ros2_simulation/install/pr2_description/share/pr2_description/meshes/upper_arm_v0/forearm_roll_L.stl
-- Installing: /home/nikunj/bwi_ros2_simulation/install/pr2_description/share/pr2_description/meshes/upper_arm_v0/.gitignore
-- Installing: /home/nikunj/bwi_ros2_simulation/install/pr2_description/share/pr2_description/meshes/upper_arm_v0/forearm_roll.stl
-- Installing: /home/nikunj/bwi_ros2_simulation/install/pr2_description/share/pr2_description/meshes/upper_arm_v0/iv
-- Installing: /home/nikunj/bwi_ros2_simulation/install/pr2_description/share/pr2_description/meshes/upper_arm_v0/elbow_flex.dae
-- Installing: /home/nikunj/bwi_ros2_simulation/install/pr2_description/share/pr2_description/meshes/upper_arm_v0/upper_arm.stl
-- Installing: /home/nikunj/bwi_ros2_simulation/install/pr2_description/share/pr2_description/meshes/upper_arm_v0/upper_arm_color.png
-- Installing: /home/nikunj/bwi_ros2_simulation/install/pr2_description/share/pr2_description/meshes/head_v0
-- Installing: /home/nikunj/bwi_ros2_simulation/install/pr2_description/share/pr2_description/meshes/head_v0/head_pan.dae
-- Installing: /home/nikunj/bwi_ros2_simulation/install/pr2_description/share/pr2_description/meshes/head_v0/head_pan_normals.png
-- Installing: /home/nikunj/bwi_ros2_simulation/install/pr2_description/share/pr2_description/meshes/head_v0/head_tilt_L.stl
-- Installing: /home/nikunj/bwi_ros2_simulation/install/pr2_description/share/pr2_description/meshes/head_v0/head_tilt.dae
-- Installing: /home/nikunj/bwi_ros2_simulation/install/pr2_description/share/pr2_description/meshes/head_v0/convex
-- Installing: /home/nikunj/bwi_ros2_simulation/install/pr2_description/share/pr2_description/meshes/head_v0/head_tilt_color.png
-- Installing: /home/nikunj/bwi_ros2_simulation/install/pr2_description/share/pr2_description/meshes/head_v0/head_pan_L.stl
-- Installing: /home/nikunj/bwi_ros2_simulation/install/pr2_description/share/pr2_description/meshes/head_v0/.gitignore
-- Installing: /home/nikunj/bwi_ros2_simulation/install/pr2_description/share/pr2_description/meshes/head_v0/head_tilt_green.png
-- Installing: /home/nikunj/bwi_ros2_simulation/install/pr2_description/share/pr2_description/meshes/head_v0/iv
-- Installing: /home/nikunj/bwi_ros2_simulation/install/pr2_description/share/pr2_description/meshes/head_v0/head_tilt_normals.png
-- Installing: /home/nikunj/bwi_ros2_simulation/install/pr2_description/share/pr2_description/meshes/head_v0/head_pan.stl
-- Installing: /home/nikunj/bwi_ros2_simulation/install/pr2_description/share/pr2_description/meshes/head_v0/head_tilt_color_yellow.png
-- Installing: /home/nikunj/bwi_ros2_simulation/install/pr2_description/share/pr2_description/meshes/head_v0/head_tilt.stl
-- Installing: /home/nikunj/bwi_ros2_simulation/install/pr2_description/share/pr2_description/meshes/head_v0/head_tilt_color_red.png
-- Installing: /home/nikunj/bwi_ros2_simulation/install/pr2_description/share/pr2_description/meshes/head_v0/head_pan_color.png
-- Installing: /home/nikunj/bwi_ros2_simulation/install/pr2_description/share/pr2_description/meshes/forearm_v0
-- Installing: /home/nikunj/bwi_ros2_simulation/install/pr2_description/share/pr2_description/meshes/forearm_v0/wrist_roll.stl
-- Installing: /home/nikunj/bwi_ros2_simulation/install/pr2_description/share/pr2_description/meshes/forearm_v0/convex
-- Installing: /home/nikunj/bwi_ros2_simulation/install/pr2_description/share/pr2_description/meshes/forearm_v0/wrist_roll_L.stl
-- Installing: /home/nikunj/bwi_ros2_simulation/install/pr2_description/share/pr2_description/meshes/forearm_v0/wrist_flex.dae
-- Installing: /home/nikunj/bwi_ros2_simulation/install/pr2_description/share/pr2_description/meshes/forearm_v0/.gitignore
-- Installing: /home/nikunj/bwi_ros2_simulation/install/pr2_description/share/pr2_description/meshes/forearm_v0/wrist_flex.stl
-- Installing: /home/nikunj/bwi_ros2_simulation/install/pr2_description/share/pr2_description/meshes/forearm_v0/wrist_color.png
-- Installing: /home/nikunj/bwi_ros2_simulation/install/pr2_description/share/pr2_description/meshes/forearm_v0/forearm.stl
-- Installing: /home/nikunj/bwi_ros2_simulation/install/pr2_description/share/pr2_description/meshes/forearm_v0/forearm.jpg
-- Installing: /home/nikunj/bwi_ros2_simulation/install/pr2_description/share/pr2_description/meshes/forearm_v0/iv
-- Installing: /home/nikunj/bwi_ros2_simulation/install/pr2_description/share/pr2_description/meshes/forearm_v0/wrist_normals.png
-- Installing: /home/nikunj/bwi_ros2_simulation/install/pr2_description/share/pr2_description/meshes/forearm_v0/forearm_normals.png
-- Installing: /home/nikunj/bwi_ros2_simulation/install/pr2_description/share/pr2_description/meshes/forearm_v0/forearm.dae
-- Installing: /home/nikunj/bwi_ros2_simulation/install/pr2_description/share/pr2_description/meshes/forearm_v0/forearm_color.png
-- Installing: /home/nikunj/bwi_ros2_simulation/install/pr2_description/share/pr2_description/meshes/torso_v0
-- Installing: /home/nikunj/bwi_ros2_simulation/install/pr2_description/share/pr2_description/meshes/torso_v0/torso.stl
-- Installing: /home/nikunj/bwi_ros2_simulation/install/pr2_description/share/pr2_description/meshes/torso_v0/torso_lift.stl
-- Installing: /home/nikunj/bwi_ros2_simulation/install/pr2_description/share/pr2_description/meshes/torso_v0/convex
-- Installing: /home/nikunj/bwi_ros2_simulation/install/pr2_description/share/pr2_description/meshes/torso_v0/torso_lift_normals.png
-- Installing: /home/nikunj/bwi_ros2_simulation/install/pr2_description/share/pr2_description/meshes/torso_v0/.gitignore
-- Installing: /home/nikunj/bwi_ros2_simulation/install/pr2_description/share/pr2_description/meshes/torso_v0/iv
-- Installing: /home/nikunj/bwi_ros2_simulation/install/pr2_description/share/pr2_description/meshes/torso_v0/torso_lift.dae
-- Installing: /home/nikunj/bwi_ros2_simulation/install/pr2_description/share/pr2_description/meshes/torso_v0/torso_lift_L.stl
-- Installing: /home/nikunj/bwi_ros2_simulation/install/pr2_description/share/pr2_description/meshes/torso_v0/torso_lift_color.png
-- Installing: /home/nikunj/bwi_ros2_simulation/install/pr2_description/share/pr2_description/gazebo
-- Installing: /home/nikunj/bwi_ros2_simulation/install/pr2_description/share/pr2_description/gazebo/gazebo.urdf.xacro
-- Installing: /home/nikunj/bwi_ros2_simulation/install/pr2_description/share/pr2_description/materials
-- Installing: /home/nikunj/bwi_ros2_simulation/install/pr2_description/share/pr2_description/materials/textures
-- Installing: /home/nikunj/bwi_ros2_simulation/install/pr2_description/share/pr2_description/materials/textures/pr2_wheel_left.png
-- Installing: /home/nikunj/bwi_ros2_simulation/install/pr2_description/share/pr2_description/materials/textures/pr2_wheel_right.png
-- Installing: /home/nikunj/bwi_ros2_simulation/install/pr2_description/share/pr2_description/materials/textures/pr2_caster_texture.png
-- Installing: /home/nikunj/bwi_ros2_simulation/install/pr2_description/share/pr2_description/robots
-- Installing: /home/nikunj/bwi_ros2_simulation/install/pr2_description/share/pr2_description/robots/pr2_no_kinect.urdf.xacro
-- Installing: /home/nikunj/bwi_ros2_simulation/install/pr2_description/share/pr2_description/robots/pr2_no_arms.urdf.xacro
-- Installing: /home/nikunj/bwi_ros2_simulation/install/pr2_description/share/pr2_description/robots/README
-- Installing: /home/nikunj/bwi_ros2_simulation/install/pr2_description/share/pr2_description/robots/pr2_se.urdf.xacro
-- Installing: /home/nikunj/bwi_ros2_simulation/install/pr2_description/share/pr2_description/robots/upload_pr2.launch
-- Installing: /home/nikunj/bwi_ros2_simulation/install/pr2_description/share/pr2_description/robots/pr2.urdf.xacro
-- Installing: /home/nikunj/bwi_ros2_simulation/install/pr2_description/share/pr2_description/urdf
-- Installing: /home/nikunj/bwi_ros2_simulation/install/pr2_description/share/pr2_description/urdf/shoulder_v0
-- Installing: /home/nikunj/bwi_ros2_simulation/install/pr2_description/share/pr2_description/urdf/shoulder_v0/shoulder.urdf.xacro
-- Installing: /home/nikunj/bwi_ros2_simulation/install/pr2_description/share/pr2_description/urdf/shoulder_v0/shoulder.gazebo.xacro
-- Installing: /home/nikunj/bwi_ros2_simulation/install/pr2_description/share/pr2_description/urdf/shoulder_v0/shoulder.transmission.xacro
-- Installing: /home/nikunj/bwi_ros2_simulation/install/pr2_description/share/pr2_description/urdf/gripper_v0
-- Installing: /home/nikunj/bwi_ros2_simulation/install/pr2_description/share/pr2_description/urdf/gripper_v0/gripper.transmission.xacro
-- Installing: /home/nikunj/bwi_ros2_simulation/install/pr2_description/share/pr2_description/urdf/gripper_v0/gripper.urdf.xacro
-- Installing: /home/nikunj/bwi_ros2_simulation/install/pr2_description/share/pr2_description/urdf/gripper_v0/gripper.gazebo.xacro
-- Installing: /home/nikunj/bwi_ros2_simulation/install/pr2_description/share/pr2_description/urdf/base_v0
-- Installing: /home/nikunj/bwi_ros2_simulation/install/pr2_description/share/pr2_description/urdf/base_v0/base.urdf.xacro
-- Installing: /home/nikunj/bwi_ros2_simulation/install/pr2_description/share/pr2_description/urdf/base_v0/base.transmission.xacro
-- Installing: /home/nikunj/bwi_ros2_simulation/install/pr2_description/share/pr2_description/urdf/base_v0/base.gazebo.xacro
-- Installing: /home/nikunj/bwi_ros2_simulation/install/pr2_description/share/pr2_description/urdf/common.xacro
-- Installing: /home/nikunj/bwi_ros2_simulation/install/pr2_description/share/pr2_description/urdf/tilting_laser_v0
-- Installing: /home/nikunj/bwi_ros2_simulation/install/pr2_description/share/pr2_description/urdf/tilting_laser_v0/tilting_laser.transmission.xacro
-- Installing: /home/nikunj/bwi_ros2_simulation/install/pr2_description/share/pr2_description/urdf/tilting_laser_v0/tilting_laser.urdf.xacro
-- Installing: /home/nikunj/bwi_ros2_simulation/install/pr2_description/share/pr2_description/urdf/tilting_laser_v0/tilting_laser.gazebo.xacro
-- Installing: /home/nikunj/bwi_ros2_simulation/install/pr2_description/share/pr2_description/urdf/sensors
-- Installing: /home/nikunj/bwi_ros2_simulation/install/pr2_description/share/pr2_description/urdf/sensors/double_stereo_camera.urdf.xacro
-- Installing: /home/nikunj/bwi_ros2_simulation/install/pr2_description/share/pr2_description/urdf/sensors/prosilica_gc2450_camera.gazebo.xacro
-- Installing: /home/nikunj/bwi_ros2_simulation/install/pr2_description/share/pr2_description/urdf/sensors/kinect2.urdf.xacro
-- Installing: /home/nikunj/bwi_ros2_simulation/install/pr2_description/share/pr2_description/urdf/sensors/microstrain_3dmgx2_imu.urdf.xacro
-- Installing: /home/nikunj/bwi_ros2_simulation/install/pr2_description/share/pr2_description/urdf/sensors/wge100_camera.urdf.xacro
-- Installing: /home/nikunj/bwi_ros2_simulation/install/pr2_description/share/pr2_description/urdf/sensors/kinect_camera.gazebo.xacro
-- Installing: /home/nikunj/bwi_ros2_simulation/install/pr2_description/share/pr2_description/urdf/sensors/hokuyo_lx30_laser.urdf.xacro
-- Installing: /home/nikunj/bwi_ros2_simulation/install/pr2_description/share/pr2_description/urdf/sensors/hokuyo_lx30_laser.gazebo.xacro
-- Installing: /home/nikunj/bwi_ros2_simulation/install/pr2_description/share/pr2_description/urdf/sensors/double_stereo_camera.gazebo.xacro
-- Installing: /home/nikunj/bwi_ros2_simulation/install/pr2_description/share/pr2_description/urdf/sensors/projector_wg6802418.gazebo.xacro
-- Installing: /home/nikunj/bwi_ros2_simulation/install/pr2_description/share/pr2_description/urdf/sensors/head_sensor_package.gazebo.xacro
-- Installing: /home/nikunj/bwi_ros2_simulation/install/pr2_description/share/pr2_description/urdf/sensors/kinect_prosilica_camera.gazebo.xacro
-- Installing: /home/nikunj/bwi_ros2_simulation/install/pr2_description/share/pr2_description/urdf/sensors/stereo_camera.urdf.xacro
-- Installing: /home/nikunj/bwi_ros2_simulation/install/pr2_description/share/pr2_description/urdf/sensors/kinect2.gazebo.xacro
-- Installing: /home/nikunj/bwi_ros2_simulation/install/pr2_description/share/pr2_description/urdf/sensors/kinect_prosilica_camera.urdf.xacro
-- Installing: /home/nikunj/bwi_ros2_simulation/install/pr2_description/share/pr2_description/urdf/sensors/kinect_camera.urdf.xacro
-- Installing: /home/nikunj/bwi_ros2_simulation/install/pr2_description/share/pr2_description/urdf/sensors/prosilica_gc2450_camera.urdf.xacro
-- Installing: /home/nikunj/bwi_ros2_simulation/install/pr2_description/share/pr2_description/urdf/sensors/projector_wg6802418.urdf.xacro
-- Installing: /home/nikunj/bwi_ros2_simulation/install/pr2_description/share/pr2_description/urdf/sensors/wge100_camera.gazebo.xacro
-- Installing: /home/nikunj/bwi_ros2_simulation/install/pr2_description/share/pr2_description/urdf/sensors/microstrain_3dmgx2_imu.gazebo.xacro
-- Installing: /home/nikunj/bwi_ros2_simulation/install/pr2_description/share/pr2_description/urdf/sensors/stereo_camera.gazebo.xacro
-- Installing: /home/nikunj/bwi_ros2_simulation/install/pr2_description/share/pr2_description/urdf/sensors/head_sensor_package.urdf.xacro
-- Installing: /home/nikunj/bwi_ros2_simulation/install/pr2_description/share/pr2_description/urdf/materials.urdf.xacro
-- Installing: /home/nikunj/bwi_ros2_simulation/install/pr2_description/share/pr2_description/urdf/upper_arm_v0
-- Installing: /home/nikunj/bwi_ros2_simulation/install/pr2_description/share/pr2_description/urdf/upper_arm_v0/upper_arm.gazebo.xacro
-- Installing: /home/nikunj/bwi_ros2_simulation/install/pr2_description/share/pr2_description/urdf/upper_arm_v0/upper_arm.transmission.xacro
-- Installing: /home/nikunj/bwi_ros2_simulation/install/pr2_description/share/pr2_description/urdf/upper_arm_v0/upper_arm.urdf.xacro
-- Installing: /home/nikunj/bwi_ros2_simulation/install/pr2_description/share/pr2_description/urdf/head_v0
-- Installing: /home/nikunj/bwi_ros2_simulation/install/pr2_description/share/pr2_description/urdf/head_v0/head.gazebo.xacro
-- Installing: /home/nikunj/bwi_ros2_simulation/install/pr2_description/share/pr2_description/urdf/head_v0/head.urdf.xacro
-- Installing: /home/nikunj/bwi_ros2_simulation/install/pr2_description/share/pr2_description/urdf/head_v0/head.transmission.xacro
-- Installing: /home/nikunj/bwi_ros2_simulation/install/pr2_description/share/pr2_description/urdf/forearm_v0
-- Installing: /home/nikunj/bwi_ros2_simulation/install/pr2_description/share/pr2_description/urdf/forearm_v0/forearm.transmission.xacro
-- Installing: /home/nikunj/bwi_ros2_simulation/install/pr2_description/share/pr2_description/urdf/forearm_v0/forearm.urdf.xacro
-- Installing: /home/nikunj/bwi_ros2_simulation/install/pr2_description/share/pr2_description/urdf/forearm_v0/forearm.gazebo.xacro
-- Installing: /home/nikunj/bwi_ros2_simulation/install/pr2_description/share/pr2_description/urdf/torso_v0
-- Installing: /home/nikunj/bwi_ros2_simulation/install/pr2_description/share/pr2_description/urdf/torso_v0/torso.urdf.xacro
-- Installing: /home/nikunj/bwi_ros2_simulation/install/pr2_description/share/pr2_description/urdf/torso_v0/torso.gazebo.xacro
-- Installing: /home/nikunj/bwi_ros2_simulation/install/pr2_description/share/pr2_description/urdf/torso_v0/torso.transmission.xacro
-- Installing: /home/nikunj/bwi_ros2_simulation/install/pr2_description/share/ament_index/resource_index/package_run_dependencies/pr2_description
-- Installing: /home/nikunj/bwi_ros2_simulation/install/pr2_description/share/ament_index/resource_index/parent_prefix_path/pr2_description
-- Installing: /home/nikunj/bwi_ros2_simulation/install/pr2_description/share/pr2_description/environment/ament_prefix_path.sh
-- Installing: /home/nikunj/bwi_ros2_simulation/install/pr2_description/share/pr2_description/environment/ament_prefix_path.dsv
-- Installing: /home/nikunj/bwi_ros2_simulation/install/pr2_description/share/pr2_description/environment/path.sh
-- Installing: /home/nikunj/bwi_ros2_simulation/install/pr2_description/share/pr2_description/environment/path.dsv
-- Installing: /home/nikunj/bwi_ros2_simulation/install/pr2_description/share/pr2_description/local_setup.bash
-- Installing: /home/nikunj/bwi_ros2_simulation/install/pr2_description/share/pr2_description/local_setup.sh
-- Installing: /home/nikunj/bwi_ros2_simulation/install/pr2_description/share/pr2_description/local_setup.zsh
-- Installing: /home/nikunj/bwi_ros2_simulation/install/pr2_description/share/pr2_description/local_setup.dsv
-- Installing: /home/nikunj/bwi_ros2_simulation/install/pr2_description/share/pr2_description/package.dsv
-- Installing: /home/nikunj/bwi_ros2_simulation/install/pr2_description/share/ament_index/resource_index/packages/pr2_description
-- Installing: /home/nikunj/bwi_ros2_simulation/install/pr2_description/share/pr2_description/cmake/pr2_descriptionConfig.cmake
-- Installing: /home/nikunj/bwi_ros2_simulation/install/pr2_description/share/pr2_description/cmake/pr2_descriptionConfig-version.cmake
-- Installing: /home/nikunj/bwi_ros2_simulation/install/pr2_description/share/pr2_description/package.xml
