running egg_info
writing ../../build/bwi_perc/bwi_perc.egg-info/PKG-INFO
writing dependency_links to ../../build/bwi_perc/bwi_perc.egg-info/dependency_links.txt
writing entry points to ../../build/bwi_perc/bwi_perc.egg-info/entry_points.txt
writing requirements to ../../build/bwi_perc/bwi_perc.egg-info/requires.txt
writing top-level names to ../../build/bwi_perc/bwi_perc.egg-info/top_level.txt
reading manifest file '../../build/bwi_perc/bwi_perc.egg-info/SOURCES.txt'
writing manifest file '../../build/bwi_perc/bwi_perc.egg-info/SOURCES.txt'
running build
running build_py
running install
running install_lib
running install_data
running install_egg_info
removing '/home/nikunj/bwi_ros2_simulation/install/bwi_perc/lib/python3.10/site-packages/bwi_perc-0.0.0-py3.10.egg-info' (and everything under it)
Copying ../../build/bwi_perc/bwi_perc.egg-info to /home/nikunj/bwi_ros2_simulation/install/bwi_perc/lib/python3.10/site-packages/bwi_perc-0.0.0-py3.10.egg-info
running install_scripts
Installing bwibot_detection_gazebo_r1 script to /home/nikunj/bwi_ros2_simulation/install/bwi_perc/lib/bwi_perc
Installing bwibot_detection_gazebo_r2 script to /home/nikunj/bwi_ros2_simulation/install/bwi_perc/lib/bwi_perc
writing list of installed files to '/home/nikunj/bwi_ros2_simulation/build/bwi_perc/install.log'
