[0.540s] Invoking command in '/home/nikunj/bwi_ros2_simulation/build/segway_msgs': CMAKE_PREFIX_PATH=/opt/ros/humble /usr/bin/cmake --build /home/nikunj/bwi_ros2_simulation/build/segway_msgs -- -j32 -l32
[0.918s] [  1%] Built target segway_msgs__cpp
[0.918s] [ 12%] Built target segway_msgs__rosidl_generator_c
[0.918s] [ 12%] Built target ament_cmake_python_copy_segway_msgs
[0.918s] [ 24%] Built target segway_msgs__rosidl_typesupport_c
[0.918s] [ 45%] Built target segway_msgs__rosidl_typesupport_cpp
[0.918s] [ 50%] Built target segway_msgs__rosidl_typesupport_introspection_c
[0.918s] [ 63%] Built target segway_msgs__rosidl_typesupport_fastrtps_cpp
[0.918s] [ 69%] Built target segway_msgs__rosidl_typesupport_introspection_cpp
[0.918s] [ 81%] Built target segway_msgs__rosidl_typesupport_fastrtps_c
[0.918s] [ 81%] Built target segway_msgs
[0.918s] [ 82%] Built target segway_msgs__py
[0.918s] [ 92%] Built target segway_msgs__rosidl_generator_py
[0.918s] [ 94%] Built target segway_msgs__rosidl_typesupport_c__pyext
[0.919s] [100%] Built target segway_msgs__rosidl_typesupport_fastrtps_c__pyext
[0.919s] [100%] Built target segway_msgs__rosidl_typesupport_introspection_c__pyext
[0.919s] running egg_info
[0.919s] writing segway_msgs.egg-info/PKG-INFO
[0.919s] writing dependency_links to segway_msgs.egg-info/dependency_links.txt
[0.919s] writing top-level names to segway_msgs.egg-info/top_level.txt
[0.919s] reading manifest file 'segway_msgs.egg-info/SOURCES.txt'
[0.919s] writing manifest file 'segway_msgs.egg-info/SOURCES.txt'
[0.919s] [100%] Built target ament_cmake_python_build_segway_msgs_egg
[0.931s] Invoked command in '/home/nikunj/bwi_ros2_simulation/build/segway_msgs' returned '0': CMAKE_PREFIX_PATH=/opt/ros/humble /usr/bin/cmake --build /home/nikunj/bwi_ros2_simulation/build/segway_msgs -- -j32 -l32
[0.931s] Invoking command in '/home/nikunj/bwi_ros2_simulation/build/segway_msgs': CMAKE_PREFIX_PATH=/opt/ros/humble /usr/bin/cmake --install /home/nikunj/bwi_ros2_simulation/build/segway_msgs
[0.955s] -- Install configuration: ""
[0.955s] -- Up-to-date: /home/nikunj/bwi_ros2_simulation/install/segway_msgs/share/ament_index/resource_index/rosidl_interfaces/segway_msgs
[0.955s] -- Up-to-date: /home/nikunj/bwi_ros2_simulation/install/segway_msgs/include/segway_msgs/segway_msgs
[0.955s] -- Up-to-date: /home/nikunj/bwi_ros2_simulation/install/segway_msgs/include/segway_msgs/segway_msgs/msg
[0.956s] -- Up-to-date: /home/nikunj/bwi_ros2_simulation/install/segway_msgs/include/segway_msgs/segway_msgs/msg/configuration.h
[0.956s] -- Up-to-date: /home/nikunj/bwi_ros2_simulation/install/segway_msgs/include/segway_msgs/segway_msgs/msg/dynamics.h
[0.956s] -- Up-to-date: /home/nikunj/bwi_ros2_simulation/install/segway_msgs/include/segway_msgs/segway_msgs/msg/propulsion.h
[0.956s] -- Up-to-date: /home/nikunj/bwi_ros2_simulation/install/segway_msgs/include/segway_msgs/segway_msgs/msg/aux_power.h
[0.956s] -- Up-to-date: /home/nikunj/bwi_ros2_simulation/install/segway_msgs/include/segway_msgs/segway_msgs/msg/faultlog.h
[0.956s] -- Up-to-date: /home/nikunj/bwi_ros2_simulation/install/segway_msgs/include/segway_msgs/segway_msgs/msg/detail
[0.956s] -- Up-to-date: /home/nikunj/bwi_ros2_simulation/install/segway_msgs/include/segway_msgs/segway_msgs/msg/detail/configuration__struct.h
[0.956s] -- Up-to-date: /home/nikunj/bwi_ros2_simulation/install/segway_msgs/include/segway_msgs/segway_msgs/msg/detail/configuration__functions.h
[0.957s] -- Up-to-date: /home/nikunj/bwi_ros2_simulation/install/segway_msgs/include/segway_msgs/segway_msgs/msg/detail/aux_power__functions.h
[0.957s] -- Up-to-date: /home/nikunj/bwi_ros2_simulation/install/segway_msgs/include/segway_msgs/segway_msgs/msg/detail/status__type_support.h
[0.957s] -- Up-to-date: /home/nikunj/bwi_ros2_simulation/install/segway_msgs/include/segway_msgs/segway_msgs/msg/detail/configuration__functions.c
[0.957s] -- Up-to-date: /home/nikunj/bwi_ros2_simulation/install/segway_msgs/include/segway_msgs/segway_msgs/msg/detail/aux_power__type_support.h
[0.957s] -- Up-to-date: /home/nikunj/bwi_ros2_simulation/install/segway_msgs/include/segway_msgs/segway_msgs/msg/detail/propulsion__functions.h
[0.957s] -- Up-to-date: /home/nikunj/bwi_ros2_simulation/install/segway_msgs/include/segway_msgs/segway_msgs/msg/detail/dynamics__functions.h
[0.957s] -- Up-to-date: /home/nikunj/bwi_ros2_simulation/install/segway_msgs/include/segway_msgs/segway_msgs/msg/detail/status__struct.h
[0.957s] -- Up-to-date: /home/nikunj/bwi_ros2_simulation/install/segway_msgs/include/segway_msgs/segway_msgs/msg/detail/aux_power__struct.h
[0.957s] -- Up-to-date: /home/nikunj/bwi_ros2_simulation/install/segway_msgs/include/segway_msgs/segway_msgs/msg/detail/faultlog__functions.c
[0.957s] -- Up-to-date: /home/nikunj/bwi_ros2_simulation/install/segway_msgs/include/segway_msgs/segway_msgs/msg/detail/propulsion__functions.c
[0.957s] -- Up-to-date: /home/nikunj/bwi_ros2_simulation/install/segway_msgs/include/segway_msgs/segway_msgs/msg/detail/dynamics__functions.c
[0.957s] -- Up-to-date: /home/nikunj/bwi_ros2_simulation/install/segway_msgs/include/segway_msgs/segway_msgs/msg/detail/status__functions.c
[0.958s] -- Up-to-date: /home/nikunj/bwi_ros2_simulation/install/segway_msgs/include/segway_msgs/segway_msgs/msg/detail/config_cmd__struct.h
[0.958s] -- Up-to-date: /home/nikunj/bwi_ros2_simulation/install/segway_msgs/include/segway_msgs/segway_msgs/msg/detail/faultlog__struct.h
[0.958s] -- Up-to-date: /home/nikunj/bwi_ros2_simulation/install/segway_msgs/include/segway_msgs/segway_msgs/msg/detail/faultlog__functions.h
[0.958s] -- Up-to-date: /home/nikunj/bwi_ros2_simulation/install/segway_msgs/include/segway_msgs/segway_msgs/msg/detail/config_cmd__type_support.h
[0.958s] -- Up-to-date: /home/nikunj/bwi_ros2_simulation/install/segway_msgs/include/segway_msgs/segway_msgs/msg/detail/dynamics__struct.h
[0.958s] -- Up-to-date: /home/nikunj/bwi_ros2_simulation/install/segway_msgs/include/segway_msgs/segway_msgs/msg/detail/status__functions.h
[0.958s] -- Up-to-date: /home/nikunj/bwi_ros2_simulation/install/segway_msgs/include/segway_msgs/segway_msgs/msg/detail/config_cmd__functions.h
[0.958s] -- Up-to-date: /home/nikunj/bwi_ros2_simulation/install/segway_msgs/include/segway_msgs/segway_msgs/msg/detail/configuration__type_support.h
[0.972s] -- Up-to-date: /home/nikunj/bwi_ros2_simulation/install/segway_msgs/include/segway_msgs/segway_msgs/msg/detail/aux_power__functions.c
[0.972s] -- Up-to-date: /home/nikunj/bwi_ros2_simulation/install/segway_msgs/include/segway_msgs/segway_msgs/msg/detail/config_cmd__functions.c
[0.972s] -- Up-to-date: /home/nikunj/bwi_ros2_simulation/install/segway_msgs/include/segway_msgs/segway_msgs/msg/detail/propulsion__struct.h
[0.972s] -- Up-to-date: /home/nikunj/bwi_ros2_simulation/install/segway_msgs/include/segway_msgs/segway_msgs/msg/detail/faultlog__type_support.h
[0.973s] -- Up-to-date: /home/nikunj/bwi_ros2_simulation/install/segway_msgs/include/segway_msgs/segway_msgs/msg/detail/propulsion__type_support.h
[0.973s] -- Up-to-date: /home/nikunj/bwi_ros2_simulation/install/segway_msgs/include/segway_msgs/segway_msgs/msg/detail/dynamics__type_support.h
[0.973s] -- Up-to-date: /home/nikunj/bwi_ros2_simulation/install/segway_msgs/include/segway_msgs/segway_msgs/msg/status.h
[0.973s] -- Up-to-date: /home/nikunj/bwi_ros2_simulation/install/segway_msgs/include/segway_msgs/segway_msgs/msg/rosidl_generator_c__visibility_control.h
[0.973s] -- Up-to-date: /home/nikunj/bwi_ros2_simulation/install/segway_msgs/include/segway_msgs/segway_msgs/msg/config_cmd.h
[0.973s] -- Up-to-date: /home/nikunj/bwi_ros2_simulation/install/segway_msgs/share/segway_msgs/environment/library_path.sh
[0.973s] -- Up-to-date: /home/nikunj/bwi_ros2_simulation/install/segway_msgs/share/segway_msgs/environment/library_path.dsv
[0.973s] -- Up-to-date: /home/nikunj/bwi_ros2_simulation/install/segway_msgs/lib/libsegway_msgs__rosidl_generator_c.so
[0.973s] -- Up-to-date: /home/nikunj/bwi_ros2_simulation/install/segway_msgs/include/segway_msgs/segway_msgs
[0.973s] -- Up-to-date: /home/nikunj/bwi_ros2_simulation/install/segway_msgs/include/segway_msgs/segway_msgs/msg
[0.974s] -- Up-to-date: /home/nikunj/bwi_ros2_simulation/install/segway_msgs/include/segway_msgs/segway_msgs/msg/detail
[0.974s] -- Up-to-date: /home/nikunj/bwi_ros2_simulation/install/segway_msgs/include/segway_msgs/segway_msgs/msg/detail/aux_power__rosidl_typesupport_fastrtps_c.h
[0.974s] -- Up-to-date: /home/nikunj/bwi_ros2_simulation/install/segway_msgs/include/segway_msgs/segway_msgs/msg/detail/status__rosidl_typesupport_fastrtps_c.h
[0.974s] -- Up-to-date: /home/nikunj/bwi_ros2_simulation/install/segway_msgs/include/segway_msgs/segway_msgs/msg/detail/propulsion__rosidl_typesupport_fastrtps_c.h
[0.974s] -- Up-to-date: /home/nikunj/bwi_ros2_simulation/install/segway_msgs/include/segway_msgs/segway_msgs/msg/detail/dynamics__rosidl_typesupport_fastrtps_c.h
[0.974s] -- Up-to-date: /home/nikunj/bwi_ros2_simulation/install/segway_msgs/include/segway_msgs/segway_msgs/msg/detail/config_cmd__rosidl_typesupport_fastrtps_c.h
[0.974s] -- Up-to-date: /home/nikunj/bwi_ros2_simulation/install/segway_msgs/include/segway_msgs/segway_msgs/msg/detail/configuration__rosidl_typesupport_fastrtps_c.h
[0.974s] -- Up-to-date: /home/nikunj/bwi_ros2_simulation/install/segway_msgs/include/segway_msgs/segway_msgs/msg/detail/faultlog__rosidl_typesupport_fastrtps_c.h
[0.974s] -- Up-to-date: /home/nikunj/bwi_ros2_simulation/install/segway_msgs/include/segway_msgs/segway_msgs/msg/rosidl_typesupport_fastrtps_c__visibility_control.h
[0.975s] -- Up-to-date: /home/nikunj/bwi_ros2_simulation/install/segway_msgs/lib/libsegway_msgs__rosidl_typesupport_fastrtps_c.so
[0.975s] -- Up-to-date: /home/nikunj/bwi_ros2_simulation/install/segway_msgs/include/segway_msgs/segway_msgs
[0.975s] -- Up-to-date: /home/nikunj/bwi_ros2_simulation/install/segway_msgs/include/segway_msgs/segway_msgs/msg
[0.975s] -- Up-to-date: /home/nikunj/bwi_ros2_simulation/install/segway_msgs/include/segway_msgs/segway_msgs/msg/detail
[0.975s] -- Up-to-date: /home/nikunj/bwi_ros2_simulation/install/segway_msgs/include/segway_msgs/segway_msgs/msg/detail/dynamics__type_support.c
[0.975s] -- Up-to-date: /home/nikunj/bwi_ros2_simulation/install/segway_msgs/include/segway_msgs/segway_msgs/msg/detail/config_cmd__type_support.c
[0.975s] -- Up-to-date: /home/nikunj/bwi_ros2_simulation/install/segway_msgs/include/segway_msgs/segway_msgs/msg/detail/faultlog__type_support.c
[0.975s] -- Up-to-date: /home/nikunj/bwi_ros2_simulation/install/segway_msgs/include/segway_msgs/segway_msgs/msg/detail/configuration__rosidl_typesupport_introspection_c.h
[0.975s] -- Up-to-date: /home/nikunj/bwi_ros2_simulation/install/segway_msgs/include/segway_msgs/segway_msgs/msg/detail/propulsion__type_support.c
[0.975s] -- Up-to-date: /home/nikunj/bwi_ros2_simulation/install/segway_msgs/include/segway_msgs/segway_msgs/msg/detail/faultlog__rosidl_typesupport_introspection_c.h
[0.975s] -- Up-to-date: /home/nikunj/bwi_ros2_simulation/install/segway_msgs/include/segway_msgs/segway_msgs/msg/detail/status__type_support.c
[0.976s] -- Up-to-date: /home/nikunj/bwi_ros2_simulation/install/segway_msgs/include/segway_msgs/segway_msgs/msg/detail/config_cmd__rosidl_typesupport_introspection_c.h
[0.976s] -- Up-to-date: /home/nikunj/bwi_ros2_simulation/install/segway_msgs/include/segway_msgs/segway_msgs/msg/detail/status__rosidl_typesupport_introspection_c.h
[0.976s] -- Up-to-date: /home/nikunj/bwi_ros2_simulation/install/segway_msgs/include/segway_msgs/segway_msgs/msg/detail/configuration__type_support.c
[0.976s] -- Up-to-date: /home/nikunj/bwi_ros2_simulation/install/segway_msgs/include/segway_msgs/segway_msgs/msg/detail/propulsion__rosidl_typesupport_introspection_c.h
[0.976s] -- Up-to-date: /home/nikunj/bwi_ros2_simulation/install/segway_msgs/include/segway_msgs/segway_msgs/msg/detail/aux_power__rosidl_typesupport_introspection_c.h
[0.976s] -- Up-to-date: /home/nikunj/bwi_ros2_simulation/install/segway_msgs/include/segway_msgs/segway_msgs/msg/detail/dynamics__rosidl_typesupport_introspection_c.h
[0.976s] -- Up-to-date: /home/nikunj/bwi_ros2_simulation/install/segway_msgs/include/segway_msgs/segway_msgs/msg/detail/aux_power__type_support.c
[0.976s] -- Up-to-date: /home/nikunj/bwi_ros2_simulation/install/segway_msgs/include/segway_msgs/segway_msgs/msg/rosidl_typesupport_introspection_c__visibility_control.h
[0.976s] -- Up-to-date: /home/nikunj/bwi_ros2_simulation/install/segway_msgs/lib/libsegway_msgs__rosidl_typesupport_introspection_c.so
[0.977s] -- Up-to-date: /home/nikunj/bwi_ros2_simulation/install/segway_msgs/lib/libsegway_msgs__rosidl_typesupport_c.so
[0.977s] -- Up-to-date: /home/nikunj/bwi_ros2_simulation/install/segway_msgs/include/segway_msgs/segway_msgs
[0.977s] -- Up-to-date: /home/nikunj/bwi_ros2_simulation/install/segway_msgs/include/segway_msgs/segway_msgs/msg
[0.977s] -- Up-to-date: /home/nikunj/bwi_ros2_simulation/install/segway_msgs/include/segway_msgs/segway_msgs/msg/aux_power.hpp
[0.977s] -- Up-to-date: /home/nikunj/bwi_ros2_simulation/install/segway_msgs/include/segway_msgs/segway_msgs/msg/rosidl_generator_cpp__visibility_control.hpp
[0.977s] -- Up-to-date: /home/nikunj/bwi_ros2_simulation/install/segway_msgs/include/segway_msgs/segway_msgs/msg/faultlog.hpp
[0.977s] -- Up-to-date: /home/nikunj/bwi_ros2_simulation/install/segway_msgs/include/segway_msgs/segway_msgs/msg/status.hpp
[0.977s] -- Up-to-date: /home/nikunj/bwi_ros2_simulation/install/segway_msgs/include/segway_msgs/segway_msgs/msg/dynamics.hpp
[0.978s] -- Up-to-date: /home/nikunj/bwi_ros2_simulation/install/segway_msgs/include/segway_msgs/segway_msgs/msg/propulsion.hpp
[0.978s] -- Up-to-date: /home/nikunj/bwi_ros2_simulation/install/segway_msgs/include/segway_msgs/segway_msgs/msg/configuration.hpp
[0.978s] -- Up-to-date: /home/nikunj/bwi_ros2_simulation/install/segway_msgs/include/segway_msgs/segway_msgs/msg/detail
[0.978s] -- Up-to-date: /home/nikunj/bwi_ros2_simulation/install/segway_msgs/include/segway_msgs/segway_msgs/msg/detail/dynamics__struct.hpp
[0.978s] -- Up-to-date: /home/nikunj/bwi_ros2_simulation/install/segway_msgs/include/segway_msgs/segway_msgs/msg/detail/status__struct.hpp
[0.978s] -- Up-to-date: /home/nikunj/bwi_ros2_simulation/install/segway_msgs/include/segway_msgs/segway_msgs/msg/detail/status__builder.hpp
[0.978s] -- Up-to-date: /home/nikunj/bwi_ros2_simulation/install/segway_msgs/include/segway_msgs/segway_msgs/msg/detail/faultlog__builder.hpp
[0.978s] -- Up-to-date: /home/nikunj/bwi_ros2_simulation/install/segway_msgs/include/segway_msgs/segway_msgs/msg/detail/configuration__type_support.hpp
[0.978s] -- Up-to-date: /home/nikunj/bwi_ros2_simulation/install/segway_msgs/include/segway_msgs/segway_msgs/msg/detail/dynamics__builder.hpp
[0.978s] -- Up-to-date: /home/nikunj/bwi_ros2_simulation/install/segway_msgs/include/segway_msgs/segway_msgs/msg/detail/config_cmd__builder.hpp
[0.988s] -- Up-to-date: /home/nikunj/bwi_ros2_simulation/install/segway_msgs/include/segway_msgs/segway_msgs/msg/detail/propulsion__type_support.hpp
[0.988s] -- Up-to-date: /home/nikunj/bwi_ros2_simulation/install/segway_msgs/include/segway_msgs/segway_msgs/msg/detail/aux_power__traits.hpp
[0.988s] -- Up-to-date: /home/nikunj/bwi_ros2_simulation/install/segway_msgs/include/segway_msgs/segway_msgs/msg/detail/aux_power__struct.hpp
[0.988s] -- Up-to-date: /home/nikunj/bwi_ros2_simulation/install/segway_msgs/include/segway_msgs/segway_msgs/msg/detail/configuration__builder.hpp
[0.988s] -- Up-to-date: /home/nikunj/bwi_ros2_simulation/install/segway_msgs/include/segway_msgs/segway_msgs/msg/detail/propulsion__builder.hpp
[0.988s] -- Up-to-date: /home/nikunj/bwi_ros2_simulation/install/segway_msgs/include/segway_msgs/segway_msgs/msg/detail/config_cmd__struct.hpp
[0.989s] -- Up-to-date: /home/nikunj/bwi_ros2_simulation/install/segway_msgs/include/segway_msgs/segway_msgs/msg/detail/status__type_support.hpp
[0.989s] -- Up-to-date: /home/nikunj/bwi_ros2_simulation/install/segway_msgs/include/segway_msgs/segway_msgs/msg/detail/faultlog__type_support.hpp
[0.989s] -- Up-to-date: /home/nikunj/bwi_ros2_simulation/install/segway_msgs/include/segway_msgs/segway_msgs/msg/detail/faultlog__struct.hpp
[0.989s] -- Up-to-date: /home/nikunj/bwi_ros2_simulation/install/segway_msgs/include/segway_msgs/segway_msgs/msg/detail/dynamics__traits.hpp
[0.989s] -- Up-to-date: /home/nikunj/bwi_ros2_simulation/install/segway_msgs/include/segway_msgs/segway_msgs/msg/detail/aux_power__builder.hpp
[0.989s] -- Up-to-date: /home/nikunj/bwi_ros2_simulation/install/segway_msgs/include/segway_msgs/segway_msgs/msg/detail/config_cmd__type_support.hpp
[0.989s] -- Up-to-date: /home/nikunj/bwi_ros2_simulation/install/segway_msgs/include/segway_msgs/segway_msgs/msg/detail/status__traits.hpp
[0.989s] -- Up-to-date: /home/nikunj/bwi_ros2_simulation/install/segway_msgs/include/segway_msgs/segway_msgs/msg/detail/config_cmd__traits.hpp
[0.989s] -- Up-to-date: /home/nikunj/bwi_ros2_simulation/install/segway_msgs/include/segway_msgs/segway_msgs/msg/detail/configuration__traits.hpp
[0.989s] -- Up-to-date: /home/nikunj/bwi_ros2_simulation/install/segway_msgs/include/segway_msgs/segway_msgs/msg/detail/dynamics__type_support.hpp
[0.989s] -- Up-to-date: /home/nikunj/bwi_ros2_simulation/install/segway_msgs/include/segway_msgs/segway_msgs/msg/detail/configuration__struct.hpp
[0.989s] -- Up-to-date: /home/nikunj/bwi_ros2_simulation/install/segway_msgs/include/segway_msgs/segway_msgs/msg/detail/faultlog__traits.hpp
[0.990s] -- Up-to-date: /home/nikunj/bwi_ros2_simulation/install/segway_msgs/include/segway_msgs/segway_msgs/msg/detail/aux_power__type_support.hpp
[0.990s] -- Up-to-date: /home/nikunj/bwi_ros2_simulation/install/segway_msgs/include/segway_msgs/segway_msgs/msg/detail/propulsion__struct.hpp
[0.990s] -- Up-to-date: /home/nikunj/bwi_ros2_simulation/install/segway_msgs/include/segway_msgs/segway_msgs/msg/detail/propulsion__traits.hpp
[0.990s] -- Up-to-date: /home/nikunj/bwi_ros2_simulation/install/segway_msgs/include/segway_msgs/segway_msgs/msg/config_cmd.hpp
[0.990s] -- Up-to-date: /home/nikunj/bwi_ros2_simulation/install/segway_msgs/include/segway_msgs/segway_msgs
[0.990s] -- Up-to-date: /home/nikunj/bwi_ros2_simulation/install/segway_msgs/include/segway_msgs/segway_msgs/msg
[0.990s] -- Up-to-date: /home/nikunj/bwi_ros2_simulation/install/segway_msgs/include/segway_msgs/segway_msgs/msg/detail
[0.990s] -- Up-to-date: /home/nikunj/bwi_ros2_simulation/install/segway_msgs/include/segway_msgs/segway_msgs/msg/detail/dds_fastrtps
[0.990s] -- Up-to-date: /home/nikunj/bwi_ros2_simulation/install/segway_msgs/include/segway_msgs/segway_msgs/msg/detail/faultlog__rosidl_typesupport_fastrtps_cpp.hpp
[0.991s] -- Up-to-date: /home/nikunj/bwi_ros2_simulation/install/segway_msgs/include/segway_msgs/segway_msgs/msg/detail/aux_power__rosidl_typesupport_fastrtps_cpp.hpp
[0.991s] -- Up-to-date: /home/nikunj/bwi_ros2_simulation/install/segway_msgs/include/segway_msgs/segway_msgs/msg/detail/propulsion__rosidl_typesupport_fastrtps_cpp.hpp
[0.991s] -- Up-to-date: /home/nikunj/bwi_ros2_simulation/install/segway_msgs/include/segway_msgs/segway_msgs/msg/detail/configuration__rosidl_typesupport_fastrtps_cpp.hpp
[0.993s] -- Up-to-date: /home/nikunj/bwi_ros2_simulation/install/segway_msgs/include/segway_msgs/segway_msgs/msg/detail/dynamics__rosidl_typesupport_fastrtps_cpp.hpp
[0.993s] -- Up-to-date: /home/nikunj/bwi_ros2_simulation/install/segway_msgs/include/segway_msgs/segway_msgs/msg/detail/status__rosidl_typesupport_fastrtps_cpp.hpp
[0.993s] -- Up-to-date: /home/nikunj/bwi_ros2_simulation/install/segway_msgs/include/segway_msgs/segway_msgs/msg/detail/config_cmd__rosidl_typesupport_fastrtps_cpp.hpp
[0.993s] -- Up-to-date: /home/nikunj/bwi_ros2_simulation/install/segway_msgs/include/segway_msgs/segway_msgs/msg/rosidl_typesupport_fastrtps_cpp__visibility_control.h
[0.993s] -- Up-to-date: /home/nikunj/bwi_ros2_simulation/install/segway_msgs/lib/libsegway_msgs__rosidl_typesupport_fastrtps_cpp.so
[0.993s] -- Up-to-date: /home/nikunj/bwi_ros2_simulation/install/segway_msgs/include/segway_msgs/segway_msgs
[0.993s] -- Up-to-date: /home/nikunj/bwi_ros2_simulation/install/segway_msgs/include/segway_msgs/segway_msgs/msg
[0.994s] -- Up-to-date: /home/nikunj/bwi_ros2_simulation/install/segway_msgs/include/segway_msgs/segway_msgs/msg/detail
[0.994s] -- Up-to-date: /home/nikunj/bwi_ros2_simulation/install/segway_msgs/include/segway_msgs/segway_msgs/msg/detail/faultlog__rosidl_typesupport_introspection_cpp.hpp
[0.994s] -- Up-to-date: /home/nikunj/bwi_ros2_simulation/install/segway_msgs/include/segway_msgs/segway_msgs/msg/detail/dynamics__type_support.cpp
[0.994s] -- Up-to-date: /home/nikunj/bwi_ros2_simulation/install/segway_msgs/include/segway_msgs/segway_msgs/msg/detail/dynamics__rosidl_typesupport_introspection_cpp.hpp
[0.994s] -- Up-to-date: /home/nikunj/bwi_ros2_simulation/install/segway_msgs/include/segway_msgs/segway_msgs/msg/detail/propulsion__rosidl_typesupport_introspection_cpp.hpp
[0.994s] -- Up-to-date: /home/nikunj/bwi_ros2_simulation/install/segway_msgs/include/segway_msgs/segway_msgs/msg/detail/config_cmd__type_support.cpp
[0.994s] -- Up-to-date: /home/nikunj/bwi_ros2_simulation/install/segway_msgs/include/segway_msgs/segway_msgs/msg/detail/config_cmd__rosidl_typesupport_introspection_cpp.hpp
[0.994s] -- Up-to-date: /home/nikunj/bwi_ros2_simulation/install/segway_msgs/include/segway_msgs/segway_msgs/msg/detail/configuration__type_support.cpp
[0.994s] -- Up-to-date: /home/nikunj/bwi_ros2_simulation/install/segway_msgs/include/segway_msgs/segway_msgs/msg/detail/aux_power__rosidl_typesupport_introspection_cpp.hpp
[0.995s] -- Up-to-date: /home/nikunj/bwi_ros2_simulation/install/segway_msgs/include/segway_msgs/segway_msgs/msg/detail/configuration__rosidl_typesupport_introspection_cpp.hpp
[0.995s] -- Up-to-date: /home/nikunj/bwi_ros2_simulation/install/segway_msgs/include/segway_msgs/segway_msgs/msg/detail/propulsion__type_support.cpp
[0.995s] -- Up-to-date: /home/nikunj/bwi_ros2_simulation/install/segway_msgs/include/segway_msgs/segway_msgs/msg/detail/status__rosidl_typesupport_introspection_cpp.hpp
[0.995s] -- Up-to-date: /home/nikunj/bwi_ros2_simulation/install/segway_msgs/include/segway_msgs/segway_msgs/msg/detail/aux_power__type_support.cpp
[0.995s] -- Up-to-date: /home/nikunj/bwi_ros2_simulation/install/segway_msgs/include/segway_msgs/segway_msgs/msg/detail/faultlog__type_support.cpp
[0.995s] -- Up-to-date: /home/nikunj/bwi_ros2_simulation/install/segway_msgs/include/segway_msgs/segway_msgs/msg/detail/status__type_support.cpp
[0.995s] -- Up-to-date: /home/nikunj/bwi_ros2_simulation/install/segway_msgs/lib/libsegway_msgs__rosidl_typesupport_introspection_cpp.so
[0.995s] -- Up-to-date: /home/nikunj/bwi_ros2_simulation/install/segway_msgs/lib/libsegway_msgs__rosidl_typesupport_cpp.so
[0.995s] -- Up-to-date: /home/nikunj/bwi_ros2_simulation/install/segway_msgs/share/segway_msgs/environment/pythonpath.sh
[0.995s] -- Up-to-date: /home/nikunj/bwi_ros2_simulation/install/segway_msgs/share/segway_msgs/environment/pythonpath.dsv
[0.995s] -- Up-to-date: /home/nikunj/bwi_ros2_simulation/install/segway_msgs/local/lib/python3.10/dist-packages/segway_msgs-0.0.0-py3.10.egg-info
[0.995s] -- Installing: /home/nikunj/bwi_ros2_simulation/install/segway_msgs/local/lib/python3.10/dist-packages/segway_msgs-0.0.0-py3.10.egg-info/dependency_links.txt
[0.995s] -- Installing: /home/nikunj/bwi_ros2_simulation/install/segway_msgs/local/lib/python3.10/dist-packages/segway_msgs-0.0.0-py3.10.egg-info/top_level.txt
[1.001s] -- Installing: /home/nikunj/bwi_ros2_simulation/install/segway_msgs/local/lib/python3.10/dist-packages/segway_msgs-0.0.0-py3.10.egg-info/PKG-INFO
[1.001s] -- Installing: /home/nikunj/bwi_ros2_simulation/install/segway_msgs/local/lib/python3.10/dist-packages/segway_msgs-0.0.0-py3.10.egg-info/SOURCES.txt
[1.001s] -- Up-to-date: /home/nikunj/bwi_ros2_simulation/install/segway_msgs/local/lib/python3.10/dist-packages/segway_msgs
[1.001s] -- Up-to-date: /home/nikunj/bwi_ros2_simulation/install/segway_msgs/local/lib/python3.10/dist-packages/segway_msgs/segway_msgs_s__rosidl_typesupport_introspection_c.cpython-310-x86_64-linux-gnu.so
[1.001s] -- Up-to-date: /home/nikunj/bwi_ros2_simulation/install/segway_msgs/local/lib/python3.10/dist-packages/segway_msgs/libsegway_msgs__rosidl_generator_py.so
[1.002s] -- Up-to-date: /home/nikunj/bwi_ros2_simulation/install/segway_msgs/local/lib/python3.10/dist-packages/segway_msgs/_segway_msgs_s.ep.rosidl_typesupport_c.c
[1.002s] -- Up-to-date: /home/nikunj/bwi_ros2_simulation/install/segway_msgs/local/lib/python3.10/dist-packages/segway_msgs/__init__.py
[1.002s] -- Up-to-date: /home/nikunj/bwi_ros2_simulation/install/segway_msgs/local/lib/python3.10/dist-packages/segway_msgs/_segway_msgs_s.ep.rosidl_typesupport_fastrtps_c.c
[1.002s] -- Up-to-date: /home/nikunj/bwi_ros2_simulation/install/segway_msgs/local/lib/python3.10/dist-packages/segway_msgs/_segway_msgs_s.ep.rosidl_typesupport_introspection_c.c
[1.002s] -- Up-to-date: /home/nikunj/bwi_ros2_simulation/install/segway_msgs/local/lib/python3.10/dist-packages/segway_msgs/msg
[1.002s] -- Up-to-date: /home/nikunj/bwi_ros2_simulation/install/segway_msgs/local/lib/python3.10/dist-packages/segway_msgs/msg/_aux_power.py
[1.002s] -- Up-to-date: /home/nikunj/bwi_ros2_simulation/install/segway_msgs/local/lib/python3.10/dist-packages/segway_msgs/msg/_aux_power_s.c
[1.002s] -- Up-to-date: /home/nikunj/bwi_ros2_simulation/install/segway_msgs/local/lib/python3.10/dist-packages/segway_msgs/msg/_propulsion.py
[1.002s] -- Up-to-date: /home/nikunj/bwi_ros2_simulation/install/segway_msgs/local/lib/python3.10/dist-packages/segway_msgs/msg/_dynamics.py
[1.002s] -- Up-to-date: /home/nikunj/bwi_ros2_simulation/install/segway_msgs/local/lib/python3.10/dist-packages/segway_msgs/msg/_propulsion_s.c
[1.002s] -- Up-to-date: /home/nikunj/bwi_ros2_simulation/install/segway_msgs/local/lib/python3.10/dist-packages/segway_msgs/msg/_configuration.py
[1.002s] -- Up-to-date: /home/nikunj/bwi_ros2_simulation/install/segway_msgs/local/lib/python3.10/dist-packages/segway_msgs/msg/_faultlog_s.c
[1.002s] -- Up-to-date: /home/nikunj/bwi_ros2_simulation/install/segway_msgs/local/lib/python3.10/dist-packages/segway_msgs/msg/_status_s.c
[1.002s] -- Up-to-date: /home/nikunj/bwi_ros2_simulation/install/segway_msgs/local/lib/python3.10/dist-packages/segway_msgs/msg/__init__.py
[1.002s] -- Up-to-date: /home/nikunj/bwi_ros2_simulation/install/segway_msgs/local/lib/python3.10/dist-packages/segway_msgs/msg/_config_cmd.py
[1.002s] -- Up-to-date: /home/nikunj/bwi_ros2_simulation/install/segway_msgs/local/lib/python3.10/dist-packages/segway_msgs/msg/_faultlog.py
[1.002s] -- Up-to-date: /home/nikunj/bwi_ros2_simulation/install/segway_msgs/local/lib/python3.10/dist-packages/segway_msgs/msg/_configuration_s.c
[1.003s] -- Up-to-date: /home/nikunj/bwi_ros2_simulation/install/segway_msgs/local/lib/python3.10/dist-packages/segway_msgs/msg/_status.py
[1.003s] -- Up-to-date: /home/nikunj/bwi_ros2_simulation/install/segway_msgs/local/lib/python3.10/dist-packages/segway_msgs/msg/_dynamics_s.c
[1.003s] -- Up-to-date: /home/nikunj/bwi_ros2_simulation/install/segway_msgs/local/lib/python3.10/dist-packages/segway_msgs/msg/_config_cmd_s.c
[1.003s] -- Up-to-date: /home/nikunj/bwi_ros2_simulation/install/segway_msgs/local/lib/python3.10/dist-packages/segway_msgs/segway_msgs_s__rosidl_typesupport_fastrtps_c.cpython-310-x86_64-linux-gnu.so
[1.003s] -- Up-to-date: /home/nikunj/bwi_ros2_simulation/install/segway_msgs/local/lib/python3.10/dist-packages/segway_msgs/segway_msgs_s__rosidl_typesupport_c.cpython-310-x86_64-linux-gnu.so
[1.006s] Listing '/home/nikunj/bwi_ros2_simulation/install/segway_msgs/local/lib/python3.10/dist-packages/segway_msgs'...
[1.006s] Listing '/home/nikunj/bwi_ros2_simulation/install/segway_msgs/local/lib/python3.10/dist-packages/segway_msgs/msg'...
[1.006s] -- Up-to-date: /home/nikunj/bwi_ros2_simulation/install/segway_msgs/local/lib/python3.10/dist-packages/segway_msgs/segway_msgs_s__rosidl_typesupport_fastrtps_c.cpython-310-x86_64-linux-gnu.so
[1.006s] -- Up-to-date: /home/nikunj/bwi_ros2_simulation/install/segway_msgs/local/lib/python3.10/dist-packages/segway_msgs/segway_msgs_s__rosidl_typesupport_introspection_c.cpython-310-x86_64-linux-gnu.so
[1.007s] -- Up-to-date: /home/nikunj/bwi_ros2_simulation/install/segway_msgs/local/lib/python3.10/dist-packages/segway_msgs/segway_msgs_s__rosidl_typesupport_c.cpython-310-x86_64-linux-gnu.so
[1.007s] -- Up-to-date: /home/nikunj/bwi_ros2_simulation/install/segway_msgs/lib/libsegway_msgs__rosidl_generator_py.so
[1.007s] -- Up-to-date: /home/nikunj/bwi_ros2_simulation/install/segway_msgs/share/segway_msgs/msg/AuxPower.idl
[1.007s] -- Up-to-date: /home/nikunj/bwi_ros2_simulation/install/segway_msgs/share/segway_msgs/msg/ConfigCmd.idl
[1.007s] -- Up-to-date: /home/nikunj/bwi_ros2_simulation/install/segway_msgs/share/segway_msgs/msg/Configuration.idl
[1.007s] -- Up-to-date: /home/nikunj/bwi_ros2_simulation/install/segway_msgs/share/segway_msgs/msg/Dynamics.idl
[1.007s] -- Up-to-date: /home/nikunj/bwi_ros2_simulation/install/segway_msgs/share/segway_msgs/msg/Faultlog.idl
[1.007s] -- Up-to-date: /home/nikunj/bwi_ros2_simulation/install/segway_msgs/share/segway_msgs/msg/Propulsion.idl
[1.007s] -- Up-to-date: /home/nikunj/bwi_ros2_simulation/install/segway_msgs/share/segway_msgs/msg/Status.idl
[1.007s] -- Up-to-date: /home/nikunj/bwi_ros2_simulation/install/segway_msgs/share/segway_msgs/msg/AuxPower.msg
[1.007s] -- Up-to-date: /home/nikunj/bwi_ros2_simulation/install/segway_msgs/share/segway_msgs/msg/ConfigCmd.msg
[1.007s] -- Up-to-date: /home/nikunj/bwi_ros2_simulation/install/segway_msgs/share/segway_msgs/msg/Configuration.msg
[1.007s] -- Up-to-date: /home/nikunj/bwi_ros2_simulation/install/segway_msgs/share/segway_msgs/msg/Dynamics.msg
[1.007s] -- Up-to-date: /home/nikunj/bwi_ros2_simulation/install/segway_msgs/share/segway_msgs/msg/Faultlog.msg
[1.007s] -- Up-to-date: /home/nikunj/bwi_ros2_simulation/install/segway_msgs/share/segway_msgs/msg/Propulsion.msg
[1.007s] -- Up-to-date: /home/nikunj/bwi_ros2_simulation/install/segway_msgs/share/segway_msgs/msg/Status.msg
[1.007s] -- Up-to-date: /home/nikunj/bwi_ros2_simulation/install/segway_msgs/share/ament_index/resource_index/package_run_dependencies/segway_msgs
[1.007s] -- Up-to-date: /home/nikunj/bwi_ros2_simulation/install/segway_msgs/share/ament_index/resource_index/parent_prefix_path/segway_msgs
[1.007s] -- Up-to-date: /home/nikunj/bwi_ros2_simulation/install/segway_msgs/share/segway_msgs/environment/ament_prefix_path.sh
[1.007s] -- Up-to-date: /home/nikunj/bwi_ros2_simulation/install/segway_msgs/share/segway_msgs/environment/ament_prefix_path.dsv
[1.007s] -- Up-to-date: /home/nikunj/bwi_ros2_simulation/install/segway_msgs/share/segway_msgs/environment/path.sh
[1.007s] -- Up-to-date: /home/nikunj/bwi_ros2_simulation/install/segway_msgs/share/segway_msgs/environment/path.dsv
[1.007s] -- Up-to-date: /home/nikunj/bwi_ros2_simulation/install/segway_msgs/share/segway_msgs/local_setup.bash
[1.007s] -- Up-to-date: /home/nikunj/bwi_ros2_simulation/install/segway_msgs/share/segway_msgs/local_setup.sh
[1.007s] -- Up-to-date: /home/nikunj/bwi_ros2_simulation/install/segway_msgs/share/segway_msgs/local_setup.zsh
[1.007s] -- Up-to-date: /home/nikunj/bwi_ros2_simulation/install/segway_msgs/share/segway_msgs/local_setup.dsv
[1.007s] -- Installing: /home/nikunj/bwi_ros2_simulation/install/segway_msgs/share/segway_msgs/package.dsv
[1.007s] -- Up-to-date: /home/nikunj/bwi_ros2_simulation/install/segway_msgs/share/ament_index/resource_index/packages/segway_msgs
[1.007s] -- Up-to-date: /home/nikunj/bwi_ros2_simulation/install/segway_msgs/share/segway_msgs/cmake/export_segway_msgs__rosidl_generator_cExport.cmake
[1.007s] -- Up-to-date: /home/nikunj/bwi_ros2_simulation/install/segway_msgs/share/segway_msgs/cmake/export_segway_msgs__rosidl_generator_cExport-noconfig.cmake
[1.007s] -- Up-to-date: /home/nikunj/bwi_ros2_simulation/install/segway_msgs/share/segway_msgs/cmake/export_segway_msgs__rosidl_typesupport_fastrtps_cExport.cmake
[1.007s] -- Up-to-date: /home/nikunj/bwi_ros2_simulation/install/segway_msgs/share/segway_msgs/cmake/export_segway_msgs__rosidl_typesupport_fastrtps_cExport-noconfig.cmake
[1.007s] -- Up-to-date: /home/nikunj/bwi_ros2_simulation/install/segway_msgs/share/segway_msgs/cmake/segway_msgs__rosidl_typesupport_introspection_cExport.cmake
[1.007s] -- Up-to-date: /home/nikunj/bwi_ros2_simulation/install/segway_msgs/share/segway_msgs/cmake/segway_msgs__rosidl_typesupport_introspection_cExport-noconfig.cmake
[1.007s] -- Up-to-date: /home/nikunj/bwi_ros2_simulation/install/segway_msgs/share/segway_msgs/cmake/segway_msgs__rosidl_typesupport_cExport.cmake
[1.007s] -- Up-to-date: /home/nikunj/bwi_ros2_simulation/install/segway_msgs/share/segway_msgs/cmake/segway_msgs__rosidl_typesupport_cExport-noconfig.cmake
[1.007s] -- Up-to-date: /home/nikunj/bwi_ros2_simulation/install/segway_msgs/share/segway_msgs/cmake/export_segway_msgs__rosidl_generator_cppExport.cmake
[1.007s] -- Up-to-date: /home/nikunj/bwi_ros2_simulation/install/segway_msgs/share/segway_msgs/cmake/export_segway_msgs__rosidl_typesupport_fastrtps_cppExport.cmake
[1.007s] -- Up-to-date: /home/nikunj/bwi_ros2_simulation/install/segway_msgs/share/segway_msgs/cmake/export_segway_msgs__rosidl_typesupport_fastrtps_cppExport-noconfig.cmake
[1.007s] -- Up-to-date: /home/nikunj/bwi_ros2_simulation/install/segway_msgs/share/segway_msgs/cmake/segway_msgs__rosidl_typesupport_introspection_cppExport.cmake
[1.007s] -- Up-to-date: /home/nikunj/bwi_ros2_simulation/install/segway_msgs/share/segway_msgs/cmake/segway_msgs__rosidl_typesupport_introspection_cppExport-noconfig.cmake
[1.007s] -- Up-to-date: /home/nikunj/bwi_ros2_simulation/install/segway_msgs/share/segway_msgs/cmake/segway_msgs__rosidl_typesupport_cppExport.cmake
[1.007s] -- Up-to-date: /home/nikunj/bwi_ros2_simulation/install/segway_msgs/share/segway_msgs/cmake/segway_msgs__rosidl_typesupport_cppExport-noconfig.cmake
[1.008s] -- Up-to-date: /home/nikunj/bwi_ros2_simulation/install/segway_msgs/share/segway_msgs/cmake/export_segway_msgs__rosidl_generator_pyExport.cmake
[1.008s] -- Up-to-date: /home/nikunj/bwi_ros2_simulation/install/segway_msgs/share/segway_msgs/cmake/export_segway_msgs__rosidl_generator_pyExport-noconfig.cmake
[1.008s] -- Up-to-date: /home/nikunj/bwi_ros2_simulation/install/segway_msgs/share/segway_msgs/cmake/rosidl_cmake-extras.cmake
[1.008s] -- Up-to-date: /home/nikunj/bwi_ros2_simulation/install/segway_msgs/share/segway_msgs/cmake/ament_cmake_export_dependencies-extras.cmake
[1.008s] -- Up-to-date: /home/nikunj/bwi_ros2_simulation/install/segway_msgs/share/segway_msgs/cmake/ament_cmake_export_include_directories-extras.cmake
[1.008s] -- Up-to-date: /home/nikunj/bwi_ros2_simulation/install/segway_msgs/share/segway_msgs/cmake/ament_cmake_export_libraries-extras.cmake
[1.008s] -- Up-to-date: /home/nikunj/bwi_ros2_simulation/install/segway_msgs/share/segway_msgs/cmake/ament_cmake_export_targets-extras.cmake
[1.008s] -- Up-to-date: /home/nikunj/bwi_ros2_simulation/install/segway_msgs/share/segway_msgs/cmake/rosidl_cmake_export_typesupport_targets-extras.cmake
[1.008s] -- Up-to-date: /home/nikunj/bwi_ros2_simulation/install/segway_msgs/share/segway_msgs/cmake/rosidl_cmake_export_typesupport_libraries-extras.cmake
[1.008s] -- Up-to-date: /home/nikunj/bwi_ros2_simulation/install/segway_msgs/share/segway_msgs/cmake/segway_msgsConfig.cmake
[1.008s] -- Up-to-date: /home/nikunj/bwi_ros2_simulation/install/segway_msgs/share/segway_msgs/cmake/segway_msgsConfig-version.cmake
[1.008s] -- Up-to-date: /home/nikunj/bwi_ros2_simulation/install/segway_msgs/share/segway_msgs/package.xml
[1.131s] Invoked command in '/home/nikunj/bwi_ros2_simulation/build/segway_msgs' returned '0': CMAKE_PREFIX_PATH=/opt/ros/humble /usr/bin/cmake --install /home/nikunj/bwi_ros2_simulation/build/segway_msgs
