[100%] Built target libsegwayrmp
-- Install configuration: "RELWITHDEBINFO"
-- Up-to-date: /home/nikunj/bwi_ros2_simulation/install/libsegwayrmp/lib/liblibsegwayrmp.so
-- Up-to-date: /home/nikunj/bwi_ros2_simulation/install/libsegwayrmp/include/libsegwayrmp/segwayrmp.h
-- Up-to-date: /home/nikunj/bwi_ros2_simulation/install/libsegwayrmp/share/libsegwayrmp/libsegwayrmpConfig.cmake
-- Up-to-date: /home/nikunj/bwi_ros2_simulation/install/libsegwayrmp/share/libsegwayrmp/package.xml
-- Up-to-date: /home/nikunj/bwi_ros2_simulation/install/libsegwayrmp/lib/libftd2xx.a
-- Up-to-date: /home/nikunj/bwi_ros2_simulation/install/libsegwayrmp/lib/pkgconfig/libsegwayrmp.pc
-- Up-to-date: /home/nikunj/bwi_ros2_simulation/install/libsegwayrmp/lib/liblibsegwayrmp.so
-- Up-to-date: /home/nikunj/bwi_ros2_simulation/install/libsegwayrmp/include
-- Up-to-date: /home/nikunj/bwi_ros2_simulation/install/libsegwayrmp/include/libsegwayrmp
-- Up-to-date: /home/nikunj/bwi_ros2_simulation/install/libsegwayrmp/include/libsegwayrmp/segwayrmp.h
-- Up-to-date: /home/nikunj/bwi_ros2_simulation/install/libsegwayrmp/include/libsegwayrmp/impl
-- Up-to-date: /home/nikunj/bwi_ros2_simulation/install/libsegwayrmp/include/libsegwayrmp/impl/rmp_serial.h
-- Up-to-date: /home/nikunj/bwi_ros2_simulation/install/libsegwayrmp/include/libsegwayrmp/impl/rmp_ftd2xx.h
-- Up-to-date: /home/nikunj/bwi_ros2_simulation/install/libsegwayrmp/include/libsegwayrmp/impl/rmp_io.h
-- Up-to-date: /home/nikunj/bwi_ros2_simulation/install/libsegwayrmp/include/libsegwayrmp/gui
-- Up-to-date: /home/nikunj/bwi_ros2_simulation/install/libsegwayrmp/include/libsegwayrmp/gui/segwayrmp_gui.ui
-- Up-to-date: /home/nikunj/bwi_ros2_simulation/install/libsegwayrmp/include/libsegwayrmp/gui/segwayrmp_gui.h
-- Up-to-date: /home/nikunj/bwi_ros2_simulation/install/libsegwayrmp/lib/cmake/libsegwayrmp/libsegwayrmpTargets.cmake
-- Up-to-date: /home/nikunj/bwi_ros2_simulation/install/libsegwayrmp/lib/cmake/libsegwayrmp/libsegwayrmpTargets-relwithdebinfo.cmake
-- Up-to-date: /home/nikunj/bwi_ros2_simulation/install/libsegwayrmp/share/ament_index/resource_index/package_run_dependencies/libsegwayrmp
-- Up-to-date: /home/nikunj/bwi_ros2_simulation/install/libsegwayrmp/share/ament_index/resource_index/parent_prefix_path/libsegwayrmp
-- Up-to-date: /home/nikunj/bwi_ros2_simulation/install/libsegwayrmp/share/libsegwayrmp/environment/ament_prefix_path.sh
-- Up-to-date: /home/nikunj/bwi_ros2_simulation/install/libsegwayrmp/share/libsegwayrmp/environment/ament_prefix_path.dsv
-- Up-to-date: /home/nikunj/bwi_ros2_simulation/install/libsegwayrmp/share/libsegwayrmp/environment/path.sh
-- Up-to-date: /home/nikunj/bwi_ros2_simulation/install/libsegwayrmp/share/libsegwayrmp/environment/path.dsv
-- Up-to-date: /home/nikunj/bwi_ros2_simulation/install/libsegwayrmp/share/libsegwayrmp/local_setup.bash
-- Up-to-date: /home/nikunj/bwi_ros2_simulation/install/libsegwayrmp/share/libsegwayrmp/local_setup.sh
-- Up-to-date: /home/nikunj/bwi_ros2_simulation/install/libsegwayrmp/share/libsegwayrmp/local_setup.zsh
-- Up-to-date: /home/nikunj/bwi_ros2_simulation/install/libsegwayrmp/share/libsegwayrmp/local_setup.dsv
-- Installing: /home/nikunj/bwi_ros2_simulation/install/libsegwayrmp/share/libsegwayrmp/package.dsv
-- Up-to-date: /home/nikunj/bwi_ros2_simulation/install/libsegwayrmp/share/ament_index/resource_index/packages/libsegwayrmp
-- Up-to-date: /home/nikunj/bwi_ros2_simulation/install/libsegwayrmp/share/libsegwayrmp/cmake/ament_cmake_export_dependencies-extras.cmake
-- Up-to-date: /home/nikunj/bwi_ros2_simulation/install/libsegwayrmp/share/libsegwayrmp/cmake/libsegwayrmpConfig.cmake
-- Up-to-date: /home/nikunj/bwi_ros2_simulation/install/libsegwayrmp/share/libsegwayrmp/cmake/libsegwayrmpConfig-version.cmake
-- Up-to-date: /home/nikunj/bwi_ros2_simulation/install/libsegwayrmp/share/libsegwayrmp/package.xml
