[0.050s] Invoking command in '/home/nikunj/bwi_ros2_simulation/build/topic_tools_interfaces': CMAKE_PREFIX_PATH=/home/nikunj/bwi_ros2_simulation/install/utexas_gdc:/home/nikunj/bwi_ros2_simulation/install/urg_node2:/home/nikunj/bwi_ros2_simulation/install/topic_tools:/home/nikunj/bwi_ros2_simulation/install/topic_tools_interfaces:/home/nikunj/bwi_ros2_simulation/install/segway_rmp_ros2:/home/nikunj/bwi_ros2_simulation/install/segway_msgs:/home/nikunj/bwi_ros2_simulation/install/segway_description:/home/nikunj/bwi_ros2_simulation/install/segbot_description:/home/nikunj/bwi_ros2_simulation/install/pr2_description:/home/nikunj/bwi_ros2_simulation/install/nav2_bringup:/home/nikunj/bwi_ros2_simulation/install/my_virtual_obstacle_layer:/home/nikunj/bwi_ros2_simulation/install/libsegwayrmp:/home/nikunj/bwi_ros2_simulation/install/ivcon:/home/nikunj/bwi_ros2_simulation/install/convex_decomposition:/home/nikunj/bwi_ros2_simulation/install/test_odom:/home/nikunj/bwi_ros2_simulation/install/test_cmaes:/home/nikunj/bwi_ros2_simulation/install/teleop_multi_robot:/home/nikunj/bwi_ros2_simulation/install/scan_filter:/home/nikunj/bwi_ros2_simulation/install/kinect_data_collector:/home/nikunj/bwi_ros2_simulation/install/collision_monitor:/home/nikunj/bwi_ros2_simulation/install/bwi_tools:/home/nikunj/bwi_ros2_simulation/install/bwi_tasks:/home/nikunj/bwi_ros2_simulation/install/bwi_reset:/home/nikunj/bwi_ros2_simulation/install/bwi_perc:/opt/ros/humble:/home/nikunj/bwi_ros2_simulation/install/bwi_tasks_interface:/home/nikunj/bwi_ros2_simulation/install/bwi_perception_interface:/home/nikunj/bwi_ros2_simulation/install/bwi_launch:/home/nikunj/linorobot2_ws/install/sllidar_ros2:/home/nikunj/linorobot2_ws/install/micro_ros_setup:/home/nikunj/linorobot2_ws/install/linorobot2_bringup:/home/nikunj/linorobot2_ws/install/micro_ros_agent:/home/nikunj/linorobot2_ws/install/micro_ros_msgs:/home/nikunj/linorobot2_ws/install/linorobot2_viz:/home/nikunj/linorobot2_ws/install/linorobot2_navigation:/home/nikunj/linorobot2_ws/install/linorobot2_gazebo:/home/nikunj/linorobot2_ws/install/linorobot2_description:/home/nikunj/linorobot2_ws/install/linorobot2_base:/home/nikunj/linorobot2_ws/install/linorobot2 /usr/bin/cmake --build /home/nikunj/bwi_ros2_simulation/build/topic_tools_interfaces -- -j32 -l32
[1.105s] [  1%] Built target topic_tools_interfaces__cpp
[1.105s] [ 12%] Built target topic_tools_interfaces__rosidl_generator_c
[1.105s] [ 12%] Built target ament_cmake_python_copy_topic_tools_interfaces
[1.105s] [ 23%] Built target topic_tools_interfaces__rosidl_typesupport_fastrtps_cpp
[1.105s] [ 34%] Built target topic_tools_interfaces__rosidl_typesupport_introspection_cpp
[1.105s] [ 45%] Built target topic_tools_interfaces__rosidl_typesupport_introspection_c
[1.105s] [ 56%] Built target topic_tools_interfaces__rosidl_typesupport_cpp
[1.105s] [ 67%] Built target topic_tools_interfaces__rosidl_typesupport_fastrtps_c
[1.105s] [ 78%] Built target topic_tools_interfaces__rosidl_typesupport_c
[1.105s] [ 78%] Built target topic_tools_interfaces
[1.105s] [ 80%] Built target topic_tools_interfaces__py
[1.105s] [ 89%] Built target topic_tools_interfaces__rosidl_generator_py
[1.105s] [ 96%] Built target topic_tools_interfaces__rosidl_typesupport_fastrtps_c__pyext
[1.105s] [ 96%] Built target topic_tools_interfaces__rosidl_typesupport_introspection_c__pyext
[1.105s] [100%] Built target topic_tools_interfaces__rosidl_typesupport_c__pyext
[1.105s] running egg_info
[1.105s] writing topic_tools_interfaces.egg-info/PKG-INFO
[1.105s] writing dependency_links to topic_tools_interfaces.egg-info/dependency_links.txt
[1.105s] writing top-level names to topic_tools_interfaces.egg-info/top_level.txt
[1.105s] reading manifest file 'topic_tools_interfaces.egg-info/SOURCES.txt'
[1.105s] writing manifest file 'topic_tools_interfaces.egg-info/SOURCES.txt'
[1.105s] [100%] Built target ament_cmake_python_build_topic_tools_interfaces_egg
[1.121s] Invoked command in '/home/nikunj/bwi_ros2_simulation/build/topic_tools_interfaces' returned '0': CMAKE_PREFIX_PATH=/home/nikunj/bwi_ros2_simulation/install/utexas_gdc:/home/nikunj/bwi_ros2_simulation/install/urg_node2:/home/nikunj/bwi_ros2_simulation/install/topic_tools:/home/nikunj/bwi_ros2_simulation/install/topic_tools_interfaces:/home/nikunj/bwi_ros2_simulation/install/segway_rmp_ros2:/home/nikunj/bwi_ros2_simulation/install/segway_msgs:/home/nikunj/bwi_ros2_simulation/install/segway_description:/home/nikunj/bwi_ros2_simulation/install/segbot_description:/home/nikunj/bwi_ros2_simulation/install/pr2_description:/home/nikunj/bwi_ros2_simulation/install/nav2_bringup:/home/nikunj/bwi_ros2_simulation/install/my_virtual_obstacle_layer:/home/nikunj/bwi_ros2_simulation/install/libsegwayrmp:/home/nikunj/bwi_ros2_simulation/install/ivcon:/home/nikunj/bwi_ros2_simulation/install/convex_decomposition:/home/nikunj/bwi_ros2_simulation/install/test_odom:/home/nikunj/bwi_ros2_simulation/install/test_cmaes:/home/nikunj/bwi_ros2_simulation/install/teleop_multi_robot:/home/nikunj/bwi_ros2_simulation/install/scan_filter:/home/nikunj/bwi_ros2_simulation/install/kinect_data_collector:/home/nikunj/bwi_ros2_simulation/install/collision_monitor:/home/nikunj/bwi_ros2_simulation/install/bwi_tools:/home/nikunj/bwi_ros2_simulation/install/bwi_tasks:/home/nikunj/bwi_ros2_simulation/install/bwi_reset:/home/nikunj/bwi_ros2_simulation/install/bwi_perc:/opt/ros/humble:/home/nikunj/bwi_ros2_simulation/install/bwi_tasks_interface:/home/nikunj/bwi_ros2_simulation/install/bwi_perception_interface:/home/nikunj/bwi_ros2_simulation/install/bwi_launch:/home/nikunj/linorobot2_ws/install/sllidar_ros2:/home/nikunj/linorobot2_ws/install/micro_ros_setup:/home/nikunj/linorobot2_ws/install/linorobot2_bringup:/home/nikunj/linorobot2_ws/install/micro_ros_agent:/home/nikunj/linorobot2_ws/install/micro_ros_msgs:/home/nikunj/linorobot2_ws/install/linorobot2_viz:/home/nikunj/linorobot2_ws/install/linorobot2_navigation:/home/nikunj/linorobot2_ws/install/linorobot2_gazebo:/home/nikunj/linorobot2_ws/install/linorobot2_description:/home/nikunj/linorobot2_ws/install/linorobot2_base:/home/nikunj/linorobot2_ws/install/linorobot2 /usr/bin/cmake --build /home/nikunj/bwi_ros2_simulation/build/topic_tools_interfaces -- -j32 -l32
[1.122s] Invoking command in '/home/nikunj/bwi_ros2_simulation/build/topic_tools_interfaces': CMAKE_PREFIX_PATH=/home/nikunj/bwi_ros2_simulation/install/utexas_gdc:/home/nikunj/bwi_ros2_simulation/install/urg_node2:/home/nikunj/bwi_ros2_simulation/install/topic_tools:/home/nikunj/bwi_ros2_simulation/install/topic_tools_interfaces:/home/nikunj/bwi_ros2_simulation/install/segway_rmp_ros2:/home/nikunj/bwi_ros2_simulation/install/segway_msgs:/home/nikunj/bwi_ros2_simulation/install/segway_description:/home/nikunj/bwi_ros2_simulation/install/segbot_description:/home/nikunj/bwi_ros2_simulation/install/pr2_description:/home/nikunj/bwi_ros2_simulation/install/nav2_bringup:/home/nikunj/bwi_ros2_simulation/install/my_virtual_obstacle_layer:/home/nikunj/bwi_ros2_simulation/install/libsegwayrmp:/home/nikunj/bwi_ros2_simulation/install/ivcon:/home/nikunj/bwi_ros2_simulation/install/convex_decomposition:/home/nikunj/bwi_ros2_simulation/install/test_odom:/home/nikunj/bwi_ros2_simulation/install/test_cmaes:/home/nikunj/bwi_ros2_simulation/install/teleop_multi_robot:/home/nikunj/bwi_ros2_simulation/install/scan_filter:/home/nikunj/bwi_ros2_simulation/install/kinect_data_collector:/home/nikunj/bwi_ros2_simulation/install/collision_monitor:/home/nikunj/bwi_ros2_simulation/install/bwi_tools:/home/nikunj/bwi_ros2_simulation/install/bwi_tasks:/home/nikunj/bwi_ros2_simulation/install/bwi_reset:/home/nikunj/bwi_ros2_simulation/install/bwi_perc:/opt/ros/humble:/home/nikunj/bwi_ros2_simulation/install/bwi_tasks_interface:/home/nikunj/bwi_ros2_simulation/install/bwi_perception_interface:/home/nikunj/bwi_ros2_simulation/install/bwi_launch:/home/nikunj/linorobot2_ws/install/sllidar_ros2:/home/nikunj/linorobot2_ws/install/micro_ros_setup:/home/nikunj/linorobot2_ws/install/linorobot2_bringup:/home/nikunj/linorobot2_ws/install/micro_ros_agent:/home/nikunj/linorobot2_ws/install/micro_ros_msgs:/home/nikunj/linorobot2_ws/install/linorobot2_viz:/home/nikunj/linorobot2_ws/install/linorobot2_navigation:/home/nikunj/linorobot2_ws/install/linorobot2_gazebo:/home/nikunj/linorobot2_ws/install/linorobot2_description:/home/nikunj/linorobot2_ws/install/linorobot2_base:/home/nikunj/linorobot2_ws/install/linorobot2 /usr/bin/cmake --install /home/nikunj/bwi_ros2_simulation/build/topic_tools_interfaces
[1.154s] -- Install configuration: ""
[1.154s] -- Up-to-date: /home/nikunj/bwi_ros2_simulation/install/topic_tools_interfaces/share/ament_index/resource_index/rosidl_interfaces/topic_tools_interfaces
[1.154s] -- Up-to-date: /home/nikunj/bwi_ros2_simulation/install/topic_tools_interfaces/include/topic_tools_interfaces/topic_tools_interfaces
[1.155s] -- Up-to-date: /home/nikunj/bwi_ros2_simulation/install/topic_tools_interfaces/include/topic_tools_interfaces/topic_tools_interfaces/srv
[1.155s] -- Up-to-date: /home/nikunj/bwi_ros2_simulation/install/topic_tools_interfaces/include/topic_tools_interfaces/topic_tools_interfaces/srv/mux_select.h
[1.155s] -- Up-to-date: /home/nikunj/bwi_ros2_simulation/install/topic_tools_interfaces/include/topic_tools_interfaces/topic_tools_interfaces/srv/mux_list.h
[1.155s] -- Up-to-date: /home/nikunj/bwi_ros2_simulation/install/topic_tools_interfaces/include/topic_tools_interfaces/topic_tools_interfaces/srv/mux_add.h
[1.155s] -- Up-to-date: /home/nikunj/bwi_ros2_simulation/install/topic_tools_interfaces/include/topic_tools_interfaces/topic_tools_interfaces/srv/detail
[1.155s] -- Up-to-date: /home/nikunj/bwi_ros2_simulation/install/topic_tools_interfaces/include/topic_tools_interfaces/topic_tools_interfaces/srv/detail/mux_delete__type_support.h
[1.155s] -- Up-to-date: /home/nikunj/bwi_ros2_simulation/install/topic_tools_interfaces/include/topic_tools_interfaces/topic_tools_interfaces/srv/detail/mux_select__functions.h
[1.155s] -- Up-to-date: /home/nikunj/bwi_ros2_simulation/install/topic_tools_interfaces/include/topic_tools_interfaces/topic_tools_interfaces/srv/detail/mux_list__functions.c
[1.155s] -- Up-to-date: /home/nikunj/bwi_ros2_simulation/install/topic_tools_interfaces/include/topic_tools_interfaces/topic_tools_interfaces/srv/detail/mux_delete__struct.h
[1.156s] -- Up-to-date: /home/nikunj/bwi_ros2_simulation/install/topic_tools_interfaces/include/topic_tools_interfaces/topic_tools_interfaces/srv/detail/mux_delete__functions.h
[1.156s] -- Up-to-date: /home/nikunj/bwi_ros2_simulation/install/topic_tools_interfaces/include/topic_tools_interfaces/topic_tools_interfaces/srv/detail/mux_list__struct.h
[1.156s] -- Up-to-date: /home/nikunj/bwi_ros2_simulation/install/topic_tools_interfaces/include/topic_tools_interfaces/topic_tools_interfaces/srv/detail/mux_select__type_support.h
[1.156s] -- Up-to-date: /home/nikunj/bwi_ros2_simulation/install/topic_tools_interfaces/include/topic_tools_interfaces/topic_tools_interfaces/srv/detail/mux_add__functions.h
[1.156s] -- Up-to-date: /home/nikunj/bwi_ros2_simulation/install/topic_tools_interfaces/include/topic_tools_interfaces/topic_tools_interfaces/srv/detail/mux_select__struct.h
[1.156s] -- Up-to-date: /home/nikunj/bwi_ros2_simulation/install/topic_tools_interfaces/include/topic_tools_interfaces/topic_tools_interfaces/srv/detail/mux_list__type_support.h
[1.156s] -- Up-to-date: /home/nikunj/bwi_ros2_simulation/install/topic_tools_interfaces/include/topic_tools_interfaces/topic_tools_interfaces/srv/detail/mux_delete__functions.c
[1.156s] -- Up-to-date: /home/nikunj/bwi_ros2_simulation/install/topic_tools_interfaces/include/topic_tools_interfaces/topic_tools_interfaces/srv/detail/mux_add__functions.c
[1.157s] -- Up-to-date: /home/nikunj/bwi_ros2_simulation/install/topic_tools_interfaces/include/topic_tools_interfaces/topic_tools_interfaces/srv/detail/mux_add__type_support.h
[1.157s] -- Up-to-date: /home/nikunj/bwi_ros2_simulation/install/topic_tools_interfaces/include/topic_tools_interfaces/topic_tools_interfaces/srv/detail/mux_select__functions.c
[1.157s] -- Up-to-date: /home/nikunj/bwi_ros2_simulation/install/topic_tools_interfaces/include/topic_tools_interfaces/topic_tools_interfaces/srv/detail/mux_add__struct.h
[1.157s] -- Up-to-date: /home/nikunj/bwi_ros2_simulation/install/topic_tools_interfaces/include/topic_tools_interfaces/topic_tools_interfaces/srv/detail/mux_list__functions.h
[1.157s] -- Up-to-date: /home/nikunj/bwi_ros2_simulation/install/topic_tools_interfaces/include/topic_tools_interfaces/topic_tools_interfaces/srv/mux_delete.h
[1.157s] -- Up-to-date: /home/nikunj/bwi_ros2_simulation/install/topic_tools_interfaces/include/topic_tools_interfaces/topic_tools_interfaces/msg
[1.157s] -- Up-to-date: /home/nikunj/bwi_ros2_simulation/install/topic_tools_interfaces/include/topic_tools_interfaces/topic_tools_interfaces/msg/rosidl_generator_c__visibility_control.h
[1.158s] -- Up-to-date: /home/nikunj/bwi_ros2_simulation/install/topic_tools_interfaces/share/topic_tools_interfaces/environment/library_path.sh
[1.158s] -- Up-to-date: /home/nikunj/bwi_ros2_simulation/install/topic_tools_interfaces/share/topic_tools_interfaces/environment/library_path.dsv
[1.158s] -- Up-to-date: /home/nikunj/bwi_ros2_simulation/install/topic_tools_interfaces/lib/libtopic_tools_interfaces__rosidl_generator_c.so
[1.158s] -- Up-to-date: /home/nikunj/bwi_ros2_simulation/install/topic_tools_interfaces/include/topic_tools_interfaces/topic_tools_interfaces
[1.158s] -- Up-to-date: /home/nikunj/bwi_ros2_simulation/install/topic_tools_interfaces/include/topic_tools_interfaces/topic_tools_interfaces/srv
[1.158s] -- Up-to-date: /home/nikunj/bwi_ros2_simulation/install/topic_tools_interfaces/include/topic_tools_interfaces/topic_tools_interfaces/srv/detail
[1.158s] -- Up-to-date: /home/nikunj/bwi_ros2_simulation/install/topic_tools_interfaces/include/topic_tools_interfaces/topic_tools_interfaces/srv/detail/mux_add__rosidl_typesupport_fastrtps_c.h
[1.158s] -- Up-to-date: /home/nikunj/bwi_ros2_simulation/install/topic_tools_interfaces/include/topic_tools_interfaces/topic_tools_interfaces/srv/detail/mux_delete__rosidl_typesupport_fastrtps_c.h
[1.158s] -- Up-to-date: /home/nikunj/bwi_ros2_simulation/install/topic_tools_interfaces/include/topic_tools_interfaces/topic_tools_interfaces/srv/detail/mux_select__rosidl_typesupport_fastrtps_c.h
[1.158s] -- Up-to-date: /home/nikunj/bwi_ros2_simulation/install/topic_tools_interfaces/include/topic_tools_interfaces/topic_tools_interfaces/srv/detail/mux_list__rosidl_typesupport_fastrtps_c.h
[1.159s] -- Up-to-date: /home/nikunj/bwi_ros2_simulation/install/topic_tools_interfaces/include/topic_tools_interfaces/topic_tools_interfaces/msg
[1.159s] -- Up-to-date: /home/nikunj/bwi_ros2_simulation/install/topic_tools_interfaces/include/topic_tools_interfaces/topic_tools_interfaces/msg/rosidl_typesupport_fastrtps_c__visibility_control.h
[1.159s] -- Up-to-date: /home/nikunj/bwi_ros2_simulation/install/topic_tools_interfaces/lib/libtopic_tools_interfaces__rosidl_typesupport_fastrtps_c.so
[1.159s] -- Up-to-date: /home/nikunj/bwi_ros2_simulation/install/topic_tools_interfaces/include/topic_tools_interfaces/topic_tools_interfaces
[1.159s] -- Up-to-date: /home/nikunj/bwi_ros2_simulation/install/topic_tools_interfaces/include/topic_tools_interfaces/topic_tools_interfaces/srv
[1.159s] -- Up-to-date: /home/nikunj/bwi_ros2_simulation/install/topic_tools_interfaces/include/topic_tools_interfaces/topic_tools_interfaces/srv/detail
[1.159s] -- Up-to-date: /home/nikunj/bwi_ros2_simulation/install/topic_tools_interfaces/include/topic_tools_interfaces/topic_tools_interfaces/srv/detail/mux_add__rosidl_typesupport_introspection_c.h
[1.160s] -- Up-to-date: /home/nikunj/bwi_ros2_simulation/install/topic_tools_interfaces/include/topic_tools_interfaces/topic_tools_interfaces/srv/detail/mux_delete__type_support.c
[1.160s] -- Up-to-date: /home/nikunj/bwi_ros2_simulation/install/topic_tools_interfaces/include/topic_tools_interfaces/topic_tools_interfaces/srv/detail/mux_select__type_support.c
[1.161s] -- Up-to-date: /home/nikunj/bwi_ros2_simulation/install/topic_tools_interfaces/include/topic_tools_interfaces/topic_tools_interfaces/srv/detail/mux_list__rosidl_typesupport_introspection_c.h
[1.162s] -- Up-to-date: /home/nikunj/bwi_ros2_simulation/install/topic_tools_interfaces/include/topic_tools_interfaces/topic_tools_interfaces/srv/detail/mux_delete__rosidl_typesupport_introspection_c.h
[1.162s] -- Up-to-date: /home/nikunj/bwi_ros2_simulation/install/topic_tools_interfaces/include/topic_tools_interfaces/topic_tools_interfaces/srv/detail/mux_list__type_support.c
[1.162s] -- Up-to-date: /home/nikunj/bwi_ros2_simulation/install/topic_tools_interfaces/include/topic_tools_interfaces/topic_tools_interfaces/srv/detail/mux_add__type_support.c
[1.162s] -- Up-to-date: /home/nikunj/bwi_ros2_simulation/install/topic_tools_interfaces/include/topic_tools_interfaces/topic_tools_interfaces/srv/detail/mux_select__rosidl_typesupport_introspection_c.h
[1.162s] -- Up-to-date: /home/nikunj/bwi_ros2_simulation/install/topic_tools_interfaces/include/topic_tools_interfaces/topic_tools_interfaces/msg
[1.162s] -- Up-to-date: /home/nikunj/bwi_ros2_simulation/install/topic_tools_interfaces/include/topic_tools_interfaces/topic_tools_interfaces/msg/rosidl_typesupport_introspection_c__visibility_control.h
[1.162s] -- Up-to-date: /home/nikunj/bwi_ros2_simulation/install/topic_tools_interfaces/lib/libtopic_tools_interfaces__rosidl_typesupport_introspection_c.so
[1.162s] -- Up-to-date: /home/nikunj/bwi_ros2_simulation/install/topic_tools_interfaces/lib/libtopic_tools_interfaces__rosidl_typesupport_c.so
[1.163s] -- Up-to-date: /home/nikunj/bwi_ros2_simulation/install/topic_tools_interfaces/include/topic_tools_interfaces/topic_tools_interfaces
[1.163s] -- Up-to-date: /home/nikunj/bwi_ros2_simulation/install/topic_tools_interfaces/include/topic_tools_interfaces/topic_tools_interfaces/srv
[1.163s] -- Up-to-date: /home/nikunj/bwi_ros2_simulation/install/topic_tools_interfaces/include/topic_tools_interfaces/topic_tools_interfaces/srv/mux_add.hpp
[1.163s] -- Up-to-date: /home/nikunj/bwi_ros2_simulation/install/topic_tools_interfaces/include/topic_tools_interfaces/topic_tools_interfaces/srv/mux_select.hpp
[1.163s] -- Up-to-date: /home/nikunj/bwi_ros2_simulation/install/topic_tools_interfaces/include/topic_tools_interfaces/topic_tools_interfaces/srv/detail
[1.163s] -- Up-to-date: /home/nikunj/bwi_ros2_simulation/install/topic_tools_interfaces/include/topic_tools_interfaces/topic_tools_interfaces/srv/detail/mux_list__traits.hpp
[1.163s] -- Up-to-date: /home/nikunj/bwi_ros2_simulation/install/topic_tools_interfaces/include/topic_tools_interfaces/topic_tools_interfaces/srv/detail/mux_select__struct.hpp
[1.163s] -- Up-to-date: /home/nikunj/bwi_ros2_simulation/install/topic_tools_interfaces/include/topic_tools_interfaces/topic_tools_interfaces/srv/detail/mux_list__type_support.hpp
[1.164s] -- Up-to-date: /home/nikunj/bwi_ros2_simulation/install/topic_tools_interfaces/include/topic_tools_interfaces/topic_tools_interfaces/srv/detail/mux_select__type_support.hpp
[1.164s] -- Up-to-date: /home/nikunj/bwi_ros2_simulation/install/topic_tools_interfaces/include/topic_tools_interfaces/topic_tools_interfaces/srv/detail/mux_select__builder.hpp
[1.164s] -- Up-to-date: /home/nikunj/bwi_ros2_simulation/install/topic_tools_interfaces/include/topic_tools_interfaces/topic_tools_interfaces/srv/detail/mux_add__traits.hpp
[1.164s] -- Up-to-date: /home/nikunj/bwi_ros2_simulation/install/topic_tools_interfaces/include/topic_tools_interfaces/topic_tools_interfaces/srv/detail/mux_delete__builder.hpp
[1.164s] -- Up-to-date: /home/nikunj/bwi_ros2_simulation/install/topic_tools_interfaces/include/topic_tools_interfaces/topic_tools_interfaces/srv/detail/mux_add__type_support.hpp
[1.164s] -- Up-to-date: /home/nikunj/bwi_ros2_simulation/install/topic_tools_interfaces/include/topic_tools_interfaces/topic_tools_interfaces/srv/detail/mux_delete__struct.hpp
[1.165s] -- Up-to-date: /home/nikunj/bwi_ros2_simulation/install/topic_tools_interfaces/include/topic_tools_interfaces/topic_tools_interfaces/srv/detail/mux_list__builder.hpp
[1.165s] -- Up-to-date: /home/nikunj/bwi_ros2_simulation/install/topic_tools_interfaces/include/topic_tools_interfaces/topic_tools_interfaces/srv/detail/mux_delete__traits.hpp
[1.165s] -- Up-to-date: /home/nikunj/bwi_ros2_simulation/install/topic_tools_interfaces/include/topic_tools_interfaces/topic_tools_interfaces/srv/detail/mux_delete__type_support.hpp
[1.165s] -- Up-to-date: /home/nikunj/bwi_ros2_simulation/install/topic_tools_interfaces/include/topic_tools_interfaces/topic_tools_interfaces/srv/detail/mux_list__struct.hpp
[1.165s] -- Up-to-date: /home/nikunj/bwi_ros2_simulation/install/topic_tools_interfaces/include/topic_tools_interfaces/topic_tools_interfaces/srv/detail/mux_add__builder.hpp
[1.165s] -- Up-to-date: /home/nikunj/bwi_ros2_simulation/install/topic_tools_interfaces/include/topic_tools_interfaces/topic_tools_interfaces/srv/detail/mux_select__traits.hpp
[1.165s] -- Up-to-date: /home/nikunj/bwi_ros2_simulation/install/topic_tools_interfaces/include/topic_tools_interfaces/topic_tools_interfaces/srv/detail/mux_add__struct.hpp
[1.165s] -- Up-to-date: /home/nikunj/bwi_ros2_simulation/install/topic_tools_interfaces/include/topic_tools_interfaces/topic_tools_interfaces/srv/mux_list.hpp
[1.165s] -- Up-to-date: /home/nikunj/bwi_ros2_simulation/install/topic_tools_interfaces/include/topic_tools_interfaces/topic_tools_interfaces/srv/mux_delete.hpp
[1.165s] -- Up-to-date: /home/nikunj/bwi_ros2_simulation/install/topic_tools_interfaces/include/topic_tools_interfaces/topic_tools_interfaces/msg
[1.165s] -- Up-to-date: /home/nikunj/bwi_ros2_simulation/install/topic_tools_interfaces/include/topic_tools_interfaces/topic_tools_interfaces/msg/rosidl_generator_cpp__visibility_control.hpp
[1.165s] -- Up-to-date: /home/nikunj/bwi_ros2_simulation/install/topic_tools_interfaces/include/topic_tools_interfaces/topic_tools_interfaces
[1.166s] -- Up-to-date: /home/nikunj/bwi_ros2_simulation/install/topic_tools_interfaces/include/topic_tools_interfaces/topic_tools_interfaces/srv
[1.166s] -- Up-to-date: /home/nikunj/bwi_ros2_simulation/install/topic_tools_interfaces/include/topic_tools_interfaces/topic_tools_interfaces/srv/detail
[1.166s] -- Up-to-date: /home/nikunj/bwi_ros2_simulation/install/topic_tools_interfaces/include/topic_tools_interfaces/topic_tools_interfaces/srv/detail/mux_delete__rosidl_typesupport_fastrtps_cpp.hpp
[1.166s] -- Up-to-date: /home/nikunj/bwi_ros2_simulation/install/topic_tools_interfaces/include/topic_tools_interfaces/topic_tools_interfaces/srv/detail/mux_list__rosidl_typesupport_fastrtps_cpp.hpp
[1.166s] -- Up-to-date: /home/nikunj/bwi_ros2_simulation/install/topic_tools_interfaces/include/topic_tools_interfaces/topic_tools_interfaces/srv/detail/mux_select__rosidl_typesupport_fastrtps_cpp.hpp
[1.166s] -- Up-to-date: /home/nikunj/bwi_ros2_simulation/install/topic_tools_interfaces/include/topic_tools_interfaces/topic_tools_interfaces/srv/detail/dds_fastrtps
[1.166s] -- Up-to-date: /home/nikunj/bwi_ros2_simulation/install/topic_tools_interfaces/include/topic_tools_interfaces/topic_tools_interfaces/srv/detail/mux_add__rosidl_typesupport_fastrtps_cpp.hpp
[1.166s] -- Up-to-date: /home/nikunj/bwi_ros2_simulation/install/topic_tools_interfaces/include/topic_tools_interfaces/topic_tools_interfaces/msg
[1.166s] -- Up-to-date: /home/nikunj/bwi_ros2_simulation/install/topic_tools_interfaces/include/topic_tools_interfaces/topic_tools_interfaces/msg/rosidl_typesupport_fastrtps_cpp__visibility_control.h
[1.166s] -- Up-to-date: /home/nikunj/bwi_ros2_simulation/install/topic_tools_interfaces/lib/libtopic_tools_interfaces__rosidl_typesupport_fastrtps_cpp.so
[1.167s] -- Up-to-date: /home/nikunj/bwi_ros2_simulation/install/topic_tools_interfaces/include/topic_tools_interfaces/topic_tools_interfaces
[1.167s] -- Up-to-date: /home/nikunj/bwi_ros2_simulation/install/topic_tools_interfaces/include/topic_tools_interfaces/topic_tools_interfaces/srv
[1.167s] -- Up-to-date: /home/nikunj/bwi_ros2_simulation/install/topic_tools_interfaces/include/topic_tools_interfaces/topic_tools_interfaces/srv/detail
[1.167s] -- Up-to-date: /home/nikunj/bwi_ros2_simulation/install/topic_tools_interfaces/include/topic_tools_interfaces/topic_tools_interfaces/srv/detail/mux_list__type_support.cpp
[1.167s] -- Up-to-date: /home/nikunj/bwi_ros2_simulation/install/topic_tools_interfaces/include/topic_tools_interfaces/topic_tools_interfaces/srv/detail/mux_add__type_support.cpp
[1.167s] -- Up-to-date: /home/nikunj/bwi_ros2_simulation/install/topic_tools_interfaces/include/topic_tools_interfaces/topic_tools_interfaces/srv/detail/mux_delete__rosidl_typesupport_introspection_cpp.hpp
[1.167s] -- Up-to-date: /home/nikunj/bwi_ros2_simulation/install/topic_tools_interfaces/include/topic_tools_interfaces/topic_tools_interfaces/srv/detail/mux_delete__type_support.cpp
[1.167s] -- Up-to-date: /home/nikunj/bwi_ros2_simulation/install/topic_tools_interfaces/include/topic_tools_interfaces/topic_tools_interfaces/srv/detail/mux_list__rosidl_typesupport_introspection_cpp.hpp
[1.167s] -- Up-to-date: /home/nikunj/bwi_ros2_simulation/install/topic_tools_interfaces/include/topic_tools_interfaces/topic_tools_interfaces/srv/detail/mux_add__rosidl_typesupport_introspection_cpp.hpp
[1.168s] -- Up-to-date: /home/nikunj/bwi_ros2_simulation/install/topic_tools_interfaces/include/topic_tools_interfaces/topic_tools_interfaces/srv/detail/mux_select__type_support.cpp
[1.168s] -- Up-to-date: /home/nikunj/bwi_ros2_simulation/install/topic_tools_interfaces/include/topic_tools_interfaces/topic_tools_interfaces/srv/detail/mux_select__rosidl_typesupport_introspection_cpp.hpp
[1.168s] -- Up-to-date: /home/nikunj/bwi_ros2_simulation/install/topic_tools_interfaces/lib/libtopic_tools_interfaces__rosidl_typesupport_introspection_cpp.so
[1.168s] -- Up-to-date: /home/nikunj/bwi_ros2_simulation/install/topic_tools_interfaces/lib/libtopic_tools_interfaces__rosidl_typesupport_cpp.so
[1.168s] -- Up-to-date: /home/nikunj/bwi_ros2_simulation/install/topic_tools_interfaces/share/topic_tools_interfaces/environment/pythonpath.sh
[1.168s] -- Up-to-date: /home/nikunj/bwi_ros2_simulation/install/topic_tools_interfaces/share/topic_tools_interfaces/environment/pythonpath.dsv
[1.168s] -- Up-to-date: /home/nikunj/bwi_ros2_simulation/install/topic_tools_interfaces/local/lib/python3.10/dist-packages/topic_tools_interfaces-1.1.1-py3.10.egg-info
[1.168s] -- Installing: /home/nikunj/bwi_ros2_simulation/install/topic_tools_interfaces/local/lib/python3.10/dist-packages/topic_tools_interfaces-1.1.1-py3.10.egg-info/dependency_links.txt
[1.168s] -- Installing: /home/nikunj/bwi_ros2_simulation/install/topic_tools_interfaces/local/lib/python3.10/dist-packages/topic_tools_interfaces-1.1.1-py3.10.egg-info/top_level.txt
[1.168s] -- Installing: /home/nikunj/bwi_ros2_simulation/install/topic_tools_interfaces/local/lib/python3.10/dist-packages/topic_tools_interfaces-1.1.1-py3.10.egg-info/PKG-INFO
[1.171s] -- Installing: /home/nikunj/bwi_ros2_simulation/install/topic_tools_interfaces/local/lib/python3.10/dist-packages/topic_tools_interfaces-1.1.1-py3.10.egg-info/SOURCES.txt
[1.171s] -- Up-to-date: /home/nikunj/bwi_ros2_simulation/install/topic_tools_interfaces/local/lib/python3.10/dist-packages/topic_tools_interfaces
[1.171s] -- Up-to-date: /home/nikunj/bwi_ros2_simulation/install/topic_tools_interfaces/local/lib/python3.10/dist-packages/topic_tools_interfaces/topic_tools_interfaces_s__rosidl_typesupport_introspection_c.cpython-310-x86_64-linux-gnu.so
[1.171s] -- Up-to-date: /home/nikunj/bwi_ros2_simulation/install/topic_tools_interfaces/local/lib/python3.10/dist-packages/topic_tools_interfaces/_topic_tools_interfaces_s.ep.rosidl_typesupport_c.c
[1.171s] -- Up-to-date: /home/nikunj/bwi_ros2_simulation/install/topic_tools_interfaces/local/lib/python3.10/dist-packages/topic_tools_interfaces/_topic_tools_interfaces_s.ep.rosidl_typesupport_introspection_c.c
[1.171s] -- Up-to-date: /home/nikunj/bwi_ros2_simulation/install/topic_tools_interfaces/local/lib/python3.10/dist-packages/topic_tools_interfaces/topic_tools_interfaces_s__rosidl_typesupport_c.cpython-310-x86_64-linux-gnu.so
[1.171s] -- Up-to-date: /home/nikunj/bwi_ros2_simulation/install/topic_tools_interfaces/local/lib/python3.10/dist-packages/topic_tools_interfaces/topic_tools_interfaces_s__rosidl_typesupport_fastrtps_c.cpython-310-x86_64-linux-gnu.so
[1.172s] -- Up-to-date: /home/nikunj/bwi_ros2_simulation/install/topic_tools_interfaces/local/lib/python3.10/dist-packages/topic_tools_interfaces/__init__.py
[1.172s] -- Up-to-date: /home/nikunj/bwi_ros2_simulation/install/topic_tools_interfaces/local/lib/python3.10/dist-packages/topic_tools_interfaces/_topic_tools_interfaces_s.ep.rosidl_typesupport_fastrtps_c.c
[1.172s] -- Up-to-date: /home/nikunj/bwi_ros2_simulation/install/topic_tools_interfaces/local/lib/python3.10/dist-packages/topic_tools_interfaces/libtopic_tools_interfaces__rosidl_generator_py.so
[1.172s] -- Up-to-date: /home/nikunj/bwi_ros2_simulation/install/topic_tools_interfaces/local/lib/python3.10/dist-packages/topic_tools_interfaces/srv
[1.172s] -- Up-to-date: /home/nikunj/bwi_ros2_simulation/install/topic_tools_interfaces/local/lib/python3.10/dist-packages/topic_tools_interfaces/srv/_mux_list_s.c
[1.172s] -- Up-to-date: /home/nikunj/bwi_ros2_simulation/install/topic_tools_interfaces/local/lib/python3.10/dist-packages/topic_tools_interfaces/srv/_mux_select.py
[1.172s] -- Up-to-date: /home/nikunj/bwi_ros2_simulation/install/topic_tools_interfaces/local/lib/python3.10/dist-packages/topic_tools_interfaces/srv/_mux_add.py
[1.172s] -- Up-to-date: /home/nikunj/bwi_ros2_simulation/install/topic_tools_interfaces/local/lib/python3.10/dist-packages/topic_tools_interfaces/srv/_mux_delete_s.c
[1.172s] -- Up-to-date: /home/nikunj/bwi_ros2_simulation/install/topic_tools_interfaces/local/lib/python3.10/dist-packages/topic_tools_interfaces/srv/_mux_select_s.c
[1.173s] -- Up-to-date: /home/nikunj/bwi_ros2_simulation/install/topic_tools_interfaces/local/lib/python3.10/dist-packages/topic_tools_interfaces/srv/_mux_list.py
[1.173s] -- Up-to-date: /home/nikunj/bwi_ros2_simulation/install/topic_tools_interfaces/local/lib/python3.10/dist-packages/topic_tools_interfaces/srv/_mux_delete.py
[1.173s] -- Up-to-date: /home/nikunj/bwi_ros2_simulation/install/topic_tools_interfaces/local/lib/python3.10/dist-packages/topic_tools_interfaces/srv/__init__.py
[1.173s] -- Up-to-date: /home/nikunj/bwi_ros2_simulation/install/topic_tools_interfaces/local/lib/python3.10/dist-packages/topic_tools_interfaces/srv/_mux_add_s.c
[1.216s] Listing '/home/nikunj/bwi_ros2_simulation/install/topic_tools_interfaces/local/lib/python3.10/dist-packages/topic_tools_interfaces'...
[1.216s] Listing '/home/nikunj/bwi_ros2_simulation/install/topic_tools_interfaces/local/lib/python3.10/dist-packages/topic_tools_interfaces/srv'...
[1.216s] -- Up-to-date: /home/nikunj/bwi_ros2_simulation/install/topic_tools_interfaces/local/lib/python3.10/dist-packages/topic_tools_interfaces/topic_tools_interfaces_s__rosidl_typesupport_fastrtps_c.cpython-310-x86_64-linux-gnu.so
[1.216s] -- Up-to-date: /home/nikunj/bwi_ros2_simulation/install/topic_tools_interfaces/local/lib/python3.10/dist-packages/topic_tools_interfaces/topic_tools_interfaces_s__rosidl_typesupport_introspection_c.cpython-310-x86_64-linux-gnu.so
[1.217s] -- Up-to-date: /home/nikunj/bwi_ros2_simulation/install/topic_tools_interfaces/local/lib/python3.10/dist-packages/topic_tools_interfaces/topic_tools_interfaces_s__rosidl_typesupport_c.cpython-310-x86_64-linux-gnu.so
[1.218s] -- Up-to-date: /home/nikunj/bwi_ros2_simulation/install/topic_tools_interfaces/lib/libtopic_tools_interfaces__rosidl_generator_py.so
[1.218s] -- Up-to-date: /home/nikunj/bwi_ros2_simulation/install/topic_tools_interfaces/share/topic_tools_interfaces/srv/MuxAdd.idl
[1.218s] -- Up-to-date: /home/nikunj/bwi_ros2_simulation/install/topic_tools_interfaces/share/topic_tools_interfaces/srv/MuxDelete.idl
[1.218s] -- Up-to-date: /home/nikunj/bwi_ros2_simulation/install/topic_tools_interfaces/share/topic_tools_interfaces/srv/MuxList.idl
[1.218s] -- Up-to-date: /home/nikunj/bwi_ros2_simulation/install/topic_tools_interfaces/share/topic_tools_interfaces/srv/MuxSelect.idl
[1.218s] -- Up-to-date: /home/nikunj/bwi_ros2_simulation/install/topic_tools_interfaces/share/topic_tools_interfaces/srv/MuxAdd.srv
[1.219s] -- Up-to-date: /home/nikunj/bwi_ros2_simulation/install/topic_tools_interfaces/share/topic_tools_interfaces/srv/MuxAdd_Request.msg
[1.219s] -- Up-to-date: /home/nikunj/bwi_ros2_simulation/install/topic_tools_interfaces/share/topic_tools_interfaces/srv/MuxAdd_Response.msg
[1.219s] -- Up-to-date: /home/nikunj/bwi_ros2_simulation/install/topic_tools_interfaces/share/topic_tools_interfaces/srv/MuxDelete.srv
[1.219s] -- Up-to-date: /home/nikunj/bwi_ros2_simulation/install/topic_tools_interfaces/share/topic_tools_interfaces/srv/MuxDelete_Request.msg
[1.219s] -- Up-to-date: /home/nikunj/bwi_ros2_simulation/install/topic_tools_interfaces/share/topic_tools_interfaces/srv/MuxDelete_Response.msg
[1.219s] -- Up-to-date: /home/nikunj/bwi_ros2_simulation/install/topic_tools_interfaces/share/topic_tools_interfaces/srv/MuxList.srv
[1.219s] -- Up-to-date: /home/nikunj/bwi_ros2_simulation/install/topic_tools_interfaces/share/topic_tools_interfaces/srv/MuxList_Request.msg
[1.219s] -- Up-to-date: /home/nikunj/bwi_ros2_simulation/install/topic_tools_interfaces/share/topic_tools_interfaces/srv/MuxList_Response.msg
[1.219s] -- Up-to-date: /home/nikunj/bwi_ros2_simulation/install/topic_tools_interfaces/share/topic_tools_interfaces/srv/MuxSelect.srv
[1.219s] -- Up-to-date: /home/nikunj/bwi_ros2_simulation/install/topic_tools_interfaces/share/topic_tools_interfaces/srv/MuxSelect_Request.msg
[1.220s] -- Up-to-date: /home/nikunj/bwi_ros2_simulation/install/topic_tools_interfaces/share/topic_tools_interfaces/srv/MuxSelect_Response.msg
[1.220s] -- Up-to-date: /home/nikunj/bwi_ros2_simulation/install/topic_tools_interfaces/share/ament_index/resource_index/package_run_dependencies/topic_tools_interfaces
[1.220s] -- Up-to-date: /home/nikunj/bwi_ros2_simulation/install/topic_tools_interfaces/share/ament_index/resource_index/parent_prefix_path/topic_tools_interfaces
[1.220s] -- Up-to-date: /home/nikunj/bwi_ros2_simulation/install/topic_tools_interfaces/share/topic_tools_interfaces/environment/ament_prefix_path.sh
[1.220s] -- Up-to-date: /home/nikunj/bwi_ros2_simulation/install/topic_tools_interfaces/share/topic_tools_interfaces/environment/ament_prefix_path.dsv
[1.220s] -- Up-to-date: /home/nikunj/bwi_ros2_simulation/install/topic_tools_interfaces/share/topic_tools_interfaces/environment/path.sh
[1.220s] -- Up-to-date: /home/nikunj/bwi_ros2_simulation/install/topic_tools_interfaces/share/topic_tools_interfaces/environment/path.dsv
[1.220s] -- Up-to-date: /home/nikunj/bwi_ros2_simulation/install/topic_tools_interfaces/share/topic_tools_interfaces/local_setup.bash
[1.220s] -- Up-to-date: /home/nikunj/bwi_ros2_simulation/install/topic_tools_interfaces/share/topic_tools_interfaces/local_setup.sh
[1.220s] -- Up-to-date: /home/nikunj/bwi_ros2_simulation/install/topic_tools_interfaces/share/topic_tools_interfaces/local_setup.zsh
[1.221s] -- Up-to-date: /home/nikunj/bwi_ros2_simulation/install/topic_tools_interfaces/share/topic_tools_interfaces/local_setup.dsv
[1.221s] -- Installing: /home/nikunj/bwi_ros2_simulation/install/topic_tools_interfaces/share/topic_tools_interfaces/package.dsv
[1.221s] -- Up-to-date: /home/nikunj/bwi_ros2_simulation/install/topic_tools_interfaces/share/ament_index/resource_index/packages/topic_tools_interfaces
[1.221s] -- Up-to-date: /home/nikunj/bwi_ros2_simulation/install/topic_tools_interfaces/share/topic_tools_interfaces/cmake/export_topic_tools_interfaces__rosidl_generator_cExport.cmake
[1.221s] -- Up-to-date: /home/nikunj/bwi_ros2_simulation/install/topic_tools_interfaces/share/topic_tools_interfaces/cmake/export_topic_tools_interfaces__rosidl_generator_cExport-noconfig.cmake
[1.221s] -- Up-to-date: /home/nikunj/bwi_ros2_simulation/install/topic_tools_interfaces/share/topic_tools_interfaces/cmake/export_topic_tools_interfaces__rosidl_typesupport_fastrtps_cExport.cmake
[1.221s] -- Up-to-date: /home/nikunj/bwi_ros2_simulation/install/topic_tools_interfaces/share/topic_tools_interfaces/cmake/export_topic_tools_interfaces__rosidl_typesupport_fastrtps_cExport-noconfig.cmake
[1.222s] -- Up-to-date: /home/nikunj/bwi_ros2_simulation/install/topic_tools_interfaces/share/topic_tools_interfaces/cmake/topic_tools_interfaces__rosidl_typesupport_introspection_cExport.cmake
[1.222s] -- Up-to-date: /home/nikunj/bwi_ros2_simulation/install/topic_tools_interfaces/share/topic_tools_interfaces/cmake/topic_tools_interfaces__rosidl_typesupport_introspection_cExport-noconfig.cmake
[1.223s] -- Up-to-date: /home/nikunj/bwi_ros2_simulation/install/topic_tools_interfaces/share/topic_tools_interfaces/cmake/topic_tools_interfaces__rosidl_typesupport_cExport.cmake
[1.224s] -- Up-to-date: /home/nikunj/bwi_ros2_simulation/install/topic_tools_interfaces/share/topic_tools_interfaces/cmake/topic_tools_interfaces__rosidl_typesupport_cExport-noconfig.cmake
[1.224s] -- Up-to-date: /home/nikunj/bwi_ros2_simulation/install/topic_tools_interfaces/share/topic_tools_interfaces/cmake/export_topic_tools_interfaces__rosidl_generator_cppExport.cmake
[1.224s] -- Up-to-date: /home/nikunj/bwi_ros2_simulation/install/topic_tools_interfaces/share/topic_tools_interfaces/cmake/export_topic_tools_interfaces__rosidl_typesupport_fastrtps_cppExport.cmake
[1.224s] -- Up-to-date: /home/nikunj/bwi_ros2_simulation/install/topic_tools_interfaces/share/topic_tools_interfaces/cmake/export_topic_tools_interfaces__rosidl_typesupport_fastrtps_cppExport-noconfig.cmake
[1.224s] -- Up-to-date: /home/nikunj/bwi_ros2_simulation/install/topic_tools_interfaces/share/topic_tools_interfaces/cmake/topic_tools_interfaces__rosidl_typesupport_introspection_cppExport.cmake
[1.225s] -- Up-to-date: /home/nikunj/bwi_ros2_simulation/install/topic_tools_interfaces/share/topic_tools_interfaces/cmake/topic_tools_interfaces__rosidl_typesupport_introspection_cppExport-noconfig.cmake
[1.226s] -- Up-to-date: /home/nikunj/bwi_ros2_simulation/install/topic_tools_interfaces/share/topic_tools_interfaces/cmake/topic_tools_interfaces__rosidl_typesupport_cppExport.cmake
[1.226s] -- Up-to-date: /home/nikunj/bwi_ros2_simulation/install/topic_tools_interfaces/share/topic_tools_interfaces/cmake/topic_tools_interfaces__rosidl_typesupport_cppExport-noconfig.cmake
[1.226s] -- Up-to-date: /home/nikunj/bwi_ros2_simulation/install/topic_tools_interfaces/share/topic_tools_interfaces/cmake/export_topic_tools_interfaces__rosidl_generator_pyExport.cmake
[1.226s] -- Up-to-date: /home/nikunj/bwi_ros2_simulation/install/topic_tools_interfaces/share/topic_tools_interfaces/cmake/export_topic_tools_interfaces__rosidl_generator_pyExport-noconfig.cmake
[1.226s] -- Up-to-date: /home/nikunj/bwi_ros2_simulation/install/topic_tools_interfaces/share/topic_tools_interfaces/cmake/rosidl_cmake-extras.cmake
[1.227s] -- Up-to-date: /home/nikunj/bwi_ros2_simulation/install/topic_tools_interfaces/share/topic_tools_interfaces/cmake/ament_cmake_export_dependencies-extras.cmake
[1.227s] -- Up-to-date: /home/nikunj/bwi_ros2_simulation/install/topic_tools_interfaces/share/topic_tools_interfaces/cmake/ament_cmake_export_include_directories-extras.cmake
[1.227s] -- Up-to-date: /home/nikunj/bwi_ros2_simulation/install/topic_tools_interfaces/share/topic_tools_interfaces/cmake/ament_cmake_export_libraries-extras.cmake
[1.227s] -- Up-to-date: /home/nikunj/bwi_ros2_simulation/install/topic_tools_interfaces/share/topic_tools_interfaces/cmake/ament_cmake_export_targets-extras.cmake
[1.230s] -- Up-to-date: /home/nikunj/bwi_ros2_simulation/install/topic_tools_interfaces/share/topic_tools_interfaces/cmake/rosidl_cmake_export_typesupport_targets-extras.cmake
[1.231s] -- Up-to-date: /home/nikunj/bwi_ros2_simulation/install/topic_tools_interfaces/share/topic_tools_interfaces/cmake/rosidl_cmake_export_typesupport_libraries-extras.cmake
[1.231s] -- Up-to-date: /home/nikunj/bwi_ros2_simulation/install/topic_tools_interfaces/share/topic_tools_interfaces/cmake/topic_tools_interfacesConfig.cmake
[1.231s] -- Up-to-date: /home/nikunj/bwi_ros2_simulation/install/topic_tools_interfaces/share/topic_tools_interfaces/cmake/topic_tools_interfacesConfig-version.cmake
[1.231s] -- Up-to-date: /home/nikunj/bwi_ros2_simulation/install/topic_tools_interfaces/share/topic_tools_interfaces/package.xml
[1.316s] Invoked command in '/home/nikunj/bwi_ros2_simulation/build/topic_tools_interfaces' returned '0': CMAKE_PREFIX_PATH=/home/nikunj/bwi_ros2_simulation/install/utexas_gdc:/home/nikunj/bwi_ros2_simulation/install/urg_node2:/home/nikunj/bwi_ros2_simulation/install/topic_tools:/home/nikunj/bwi_ros2_simulation/install/topic_tools_interfaces:/home/nikunj/bwi_ros2_simulation/install/segway_rmp_ros2:/home/nikunj/bwi_ros2_simulation/install/segway_msgs:/home/nikunj/bwi_ros2_simulation/install/segway_description:/home/nikunj/bwi_ros2_simulation/install/segbot_description:/home/nikunj/bwi_ros2_simulation/install/pr2_description:/home/nikunj/bwi_ros2_simulation/install/nav2_bringup:/home/nikunj/bwi_ros2_simulation/install/my_virtual_obstacle_layer:/home/nikunj/bwi_ros2_simulation/install/libsegwayrmp:/home/nikunj/bwi_ros2_simulation/install/ivcon:/home/nikunj/bwi_ros2_simulation/install/convex_decomposition:/home/nikunj/bwi_ros2_simulation/install/test_odom:/home/nikunj/bwi_ros2_simulation/install/test_cmaes:/home/nikunj/bwi_ros2_simulation/install/teleop_multi_robot:/home/nikunj/bwi_ros2_simulation/install/scan_filter:/home/nikunj/bwi_ros2_simulation/install/kinect_data_collector:/home/nikunj/bwi_ros2_simulation/install/collision_monitor:/home/nikunj/bwi_ros2_simulation/install/bwi_tools:/home/nikunj/bwi_ros2_simulation/install/bwi_tasks:/home/nikunj/bwi_ros2_simulation/install/bwi_reset:/home/nikunj/bwi_ros2_simulation/install/bwi_perc:/opt/ros/humble:/home/nikunj/bwi_ros2_simulation/install/bwi_tasks_interface:/home/nikunj/bwi_ros2_simulation/install/bwi_perception_interface:/home/nikunj/bwi_ros2_simulation/install/bwi_launch:/home/nikunj/linorobot2_ws/install/sllidar_ros2:/home/nikunj/linorobot2_ws/install/micro_ros_setup:/home/nikunj/linorobot2_ws/install/linorobot2_bringup:/home/nikunj/linorobot2_ws/install/micro_ros_agent:/home/nikunj/linorobot2_ws/install/micro_ros_msgs:/home/nikunj/linorobot2_ws/install/linorobot2_viz:/home/nikunj/linorobot2_ws/install/linorobot2_navigation:/home/nikunj/linorobot2_ws/install/linorobot2_gazebo:/home/nikunj/linorobot2_ws/install/linorobot2_description:/home/nikunj/linorobot2_ws/install/linorobot2_base:/home/nikunj/linorobot2_ws/install/linorobot2 /usr/bin/cmake --install /home/nikunj/bwi_ros2_simulation/build/topic_tools_interfaces
