[0.036s] Invoking command in '/home/nikunj/bwi_ros2_simulation/build/libsegwayrmp': CMAKE_PREFIX_PATH=/opt/ros/humble /usr/bin/cmake --build /home/nikunj/bwi_ros2_simulation/build/libsegwayrmp -- -j32 -l32
[1.190s] [100%] Built target libsegwayrmp
[1.206s] Invoked command in '/home/nikunj/bwi_ros2_simulation/build/libsegwayrmp' returned '0': CMAKE_PREFIX_PATH=/opt/ros/humble /usr/bin/cmake --build /home/nikunj/bwi_ros2_simulation/build/libsegwayrmp -- -j32 -l32
[1.207s] Invoking command in '/home/nikunj/bwi_ros2_simulation/build/libsegwayrmp': CMAKE_PREFIX_PATH=/opt/ros/humble /usr/bin/cmake --install /home/nikunj/bwi_ros2_simulation/build/libsegwayrmp
[1.223s] -- Install configuration: "RELWITHDEBINFO"
[1.223s] -- Up-to-date: /home/nikunj/bwi_ros2_simulation/install/libsegwayrmp/lib/liblibsegwayrmp.so
[1.223s] -- Up-to-date: /home/nikunj/bwi_ros2_simulation/install/libsegwayrmp/include/libsegwayrmp/segwayrmp.h
[1.223s] -- Up-to-date: /home/nikunj/bwi_ros2_simulation/install/libsegwayrmp/share/libsegwayrmp/libsegwayrmpConfig.cmake
[1.223s] -- Up-to-date: /home/nikunj/bwi_ros2_simulation/install/libsegwayrmp/share/libsegwayrmp/package.xml
[1.223s] -- Up-to-date: /home/nikunj/bwi_ros2_simulation/install/libsegwayrmp/lib/libftd2xx.a
[1.223s] -- Up-to-date: /home/nikunj/bwi_ros2_simulation/install/libsegwayrmp/lib/pkgconfig/libsegwayrmp.pc
[1.223s] -- Up-to-date: /home/nikunj/bwi_ros2_simulation/install/libsegwayrmp/lib/liblibsegwayrmp.so
[1.223s] -- Up-to-date: /home/nikunj/bwi_ros2_simulation/install/libsegwayrmp/include
[1.223s] -- Up-to-date: /home/nikunj/bwi_ros2_simulation/install/libsegwayrmp/include/libsegwayrmp
[1.223s] -- Up-to-date: /home/nikunj/bwi_ros2_simulation/install/libsegwayrmp/include/libsegwayrmp/segwayrmp.h
[1.223s] -- Up-to-date: /home/nikunj/bwi_ros2_simulation/install/libsegwayrmp/include/libsegwayrmp/impl
[1.223s] -- Up-to-date: /home/nikunj/bwi_ros2_simulation/install/libsegwayrmp/include/libsegwayrmp/impl/rmp_serial.h
[1.224s] -- Up-to-date: /home/nikunj/bwi_ros2_simulation/install/libsegwayrmp/include/libsegwayrmp/impl/rmp_ftd2xx.h
[1.224s] -- Up-to-date: /home/nikunj/bwi_ros2_simulation/install/libsegwayrmp/include/libsegwayrmp/impl/rmp_io.h
[1.224s] -- Up-to-date: /home/nikunj/bwi_ros2_simulation/install/libsegwayrmp/include/libsegwayrmp/gui
[1.224s] -- Up-to-date: /home/nikunj/bwi_ros2_simulation/install/libsegwayrmp/include/libsegwayrmp/gui/segwayrmp_gui.ui
[1.224s] -- Up-to-date: /home/nikunj/bwi_ros2_simulation/install/libsegwayrmp/include/libsegwayrmp/gui/segwayrmp_gui.h
[1.224s] -- Up-to-date: /home/nikunj/bwi_ros2_simulation/install/libsegwayrmp/lib/cmake/libsegwayrmp/libsegwayrmpTargets.cmake
[1.224s] -- Up-to-date: /home/nikunj/bwi_ros2_simulation/install/libsegwayrmp/lib/cmake/libsegwayrmp/libsegwayrmpTargets-relwithdebinfo.cmake
[1.224s] -- Up-to-date: /home/nikunj/bwi_ros2_simulation/install/libsegwayrmp/share/ament_index/resource_index/package_run_dependencies/libsegwayrmp
[1.224s] -- Up-to-date: /home/nikunj/bwi_ros2_simulation/install/libsegwayrmp/share/ament_index/resource_index/parent_prefix_path/libsegwayrmp
[1.224s] -- Up-to-date: /home/nikunj/bwi_ros2_simulation/install/libsegwayrmp/share/libsegwayrmp/environment/ament_prefix_path.sh
[1.224s] -- Up-to-date: /home/nikunj/bwi_ros2_simulation/install/libsegwayrmp/share/libsegwayrmp/environment/ament_prefix_path.dsv
[1.224s] -- Up-to-date: /home/nikunj/bwi_ros2_simulation/install/libsegwayrmp/share/libsegwayrmp/environment/path.sh
[1.224s] -- Up-to-date: /home/nikunj/bwi_ros2_simulation/install/libsegwayrmp/share/libsegwayrmp/environment/path.dsv
[1.224s] -- Up-to-date: /home/nikunj/bwi_ros2_simulation/install/libsegwayrmp/share/libsegwayrmp/local_setup.bash
[1.224s] -- Up-to-date: /home/nikunj/bwi_ros2_simulation/install/libsegwayrmp/share/libsegwayrmp/local_setup.sh
[1.224s] -- Up-to-date: /home/nikunj/bwi_ros2_simulation/install/libsegwayrmp/share/libsegwayrmp/local_setup.zsh
[1.224s] -- Up-to-date: /home/nikunj/bwi_ros2_simulation/install/libsegwayrmp/share/libsegwayrmp/local_setup.dsv
[1.224s] -- Installing: /home/nikunj/bwi_ros2_simulation/install/libsegwayrmp/share/libsegwayrmp/package.dsv
[1.225s] -- Up-to-date: /home/nikunj/bwi_ros2_simulation/install/libsegwayrmp/share/ament_index/resource_index/packages/libsegwayrmp
[1.225s] -- Up-to-date: /home/nikunj/bwi_ros2_simulation/install/libsegwayrmp/share/libsegwayrmp/cmake/ament_cmake_export_dependencies-extras.cmake
[1.225s] -- Up-to-date: /home/nikunj/bwi_ros2_simulation/install/libsegwayrmp/share/libsegwayrmp/cmake/libsegwayrmpConfig.cmake
[1.225s] -- Up-to-date: /home/nikunj/bwi_ros2_simulation/install/libsegwayrmp/share/libsegwayrmp/cmake/libsegwayrmpConfig-version.cmake
[1.225s] -- Up-to-date: /home/nikunj/bwi_ros2_simulation/install/libsegwayrmp/share/libsegwayrmp/package.xml
[1.342s] Invoked command in '/home/nikunj/bwi_ros2_simulation/build/libsegwayrmp' returned '0': CMAKE_PREFIX_PATH=/opt/ros/humble /usr/bin/cmake --install /home/nikunj/bwi_ros2_simulation/build/libsegwayrmp
