[1.161s] Invoking command in '/home/nikunj/bwi_ros2_simulation/build/urg_node2': CMAKE_PREFIX_PATH=/opt/ros/humble /usr/bin/cmake --build /home/nikunj/bwi_ros2_simulation/build/urg_node2 -- -j32 -l32
[1.193s] [ 10%] Built target gtest_main
[1.195s] [ 20%] Built target gtest
[1.198s] [ 65%] Built target urg_c
[1.200s] [ 75%] Built target urg_node2_node
[1.291s] [ 85%] Built target urg_node2
[1.291s] [100%] Built target urg_node2_test
[1.405s] Invoked command in '/home/nikunj/bwi_ros2_simulation/build/urg_node2' returned '0': CMAKE_PREFIX_PATH=/opt/ros/humble /usr/bin/cmake --build /home/nikunj/bwi_ros2_simulation/build/urg_node2 -- -j32 -l32
[1.406s] Invoking command in '/home/nikunj/bwi_ros2_simulation/build/urg_node2': CMAKE_PREFIX_PATH=/opt/ros/humble /usr/bin/cmake --install /home/nikunj/bwi_ros2_simulation/build/urg_node2
[1.458s] -- Install configuration: ""
[1.458s] -- Up-to-date: /home/nikunj/bwi_ros2_simulation/install/urg_node2/lib/urg_node2/urg_node2_node
[1.458s] -- Up-to-date: /home/nikunj/bwi_ros2_simulation/install/urg_node2/lib/liburg_node2.so
[1.458s] -- Up-to-date: /home/nikunj/bwi_ros2_simulation/install/urg_node2/lib/liburg_c.so
[1.458s] -- Up-to-date: /home/nikunj/bwi_ros2_simulation/install/urg_node2/share/urg_node2/launch
[1.458s] -- Up-to-date: /home/nikunj/bwi_ros2_simulation/install/urg_node2/share/urg_node2/launch/urg_node2.launch.py
[1.458s] -- Up-to-date: /home/nikunj/bwi_ros2_simulation/install/urg_node2/share/urg_node2/launch/urg_node2_component.launch.py
[1.458s] -- Up-to-date: /home/nikunj/bwi_ros2_simulation/install/urg_node2/share/urg_node2/launch/urg_node2_2lidar.launch.py
[1.459s] -- Up-to-date: /home/nikunj/bwi_ros2_simulation/install/urg_node2/share/urg_node2/config
[1.459s] -- Up-to-date: /home/nikunj/bwi_ros2_simulation/install/urg_node2/share/urg_node2/config/params_serial.yaml
[1.459s] -- Up-to-date: /home/nikunj/bwi_ros2_simulation/install/urg_node2/share/urg_node2/config/params_ether_2nd.yaml
[1.459s] -- Up-to-date: /home/nikunj/bwi_ros2_simulation/install/urg_node2/share/urg_node2/config/params_ether.yaml
[1.459s] -- Up-to-date: /home/nikunj/bwi_ros2_simulation/install/urg_node2/share/ament_index/resource_index/package_run_dependencies/urg_node2
[1.459s] -- Up-to-date: /home/nikunj/bwi_ros2_simulation/install/urg_node2/share/ament_index/resource_index/parent_prefix_path/urg_node2
[1.459s] -- Up-to-date: /home/nikunj/bwi_ros2_simulation/install/urg_node2/share/urg_node2/environment/ament_prefix_path.sh
[1.459s] -- Up-to-date: /home/nikunj/bwi_ros2_simulation/install/urg_node2/share/urg_node2/environment/ament_prefix_path.dsv
[1.459s] -- Up-to-date: /home/nikunj/bwi_ros2_simulation/install/urg_node2/share/urg_node2/environment/path.sh
[1.459s] -- Up-to-date: /home/nikunj/bwi_ros2_simulation/install/urg_node2/share/urg_node2/environment/path.dsv
[1.459s] -- Up-to-date: /home/nikunj/bwi_ros2_simulation/install/urg_node2/share/urg_node2/local_setup.bash
[1.459s] -- Up-to-date: /home/nikunj/bwi_ros2_simulation/install/urg_node2/share/urg_node2/local_setup.sh
[1.459s] -- Up-to-date: /home/nikunj/bwi_ros2_simulation/install/urg_node2/share/urg_node2/local_setup.zsh
[1.459s] -- Up-to-date: /home/nikunj/bwi_ros2_simulation/install/urg_node2/share/urg_node2/local_setup.dsv
[1.459s] -- Installing: /home/nikunj/bwi_ros2_simulation/install/urg_node2/share/urg_node2/package.dsv
[1.459s] -- Up-to-date: /home/nikunj/bwi_ros2_simulation/install/urg_node2/share/ament_index/resource_index/packages/urg_node2
[1.459s] -- Up-to-date: /home/nikunj/bwi_ros2_simulation/install/urg_node2/share/ament_index/resource_index/rclcpp_components/urg_node2
[1.459s] -- Up-to-date: /home/nikunj/bwi_ros2_simulation/install/urg_node2/share/urg_node2/cmake/urg_node2Config.cmake
[1.459s] -- Up-to-date: /home/nikunj/bwi_ros2_simulation/install/urg_node2/share/urg_node2/cmake/urg_node2Config-version.cmake
[1.459s] -- Up-to-date: /home/nikunj/bwi_ros2_simulation/install/urg_node2/share/urg_node2/package.xml
[1.464s] Invoked command in '/home/nikunj/bwi_ros2_simulation/build/urg_node2' returned '0': CMAKE_PREFIX_PATH=/opt/ros/humble /usr/bin/cmake --install /home/nikunj/bwi_ros2_simulation/build/urg_node2
