[1.054s] Invoking command in '/home/nikunj/bwi_ros2_simulation/build/urg_node2': CMAKE_PREFIX_PATH=${CMAKE_PREFIX_PATH}:/home/nikunj/bwi_ros2_simulation/install/test_odom:/home/nikunj/bwi_ros2_simulation/install/test_cmaes:/home/nikunj/bwi_ros2_simulation/install/teleop_multi_robot:/home/nikunj/bwi_ros2_simulation/install/scan_filter:/home/nikunj/bwi_ros2_simulation/install/odom_tf_publisher:/home/nikunj/bwi_ros2_simulation/install/lwr_comms_client:/home/nikunj/bwi_ros2_simulation/install/kinect_data_collector:/home/nikunj/bwi_ros2_simulation/install/keep_alive_pkg:/home/nikunj/bwi_ros2_simulation/install/collision_monitor:/home/nikunj/bwi_ros2_simulation/install/bwi_tools:/home/nikunj/bwi_ros2_simulation/install/bwi_tasks:/home/nikunj/bwi_ros2_simulation/install/bwi_reset:/home/nikunj/bwi_ros2_simulation/install/bwi_perc:/home/nikunj/bwi_ros2_simulation/install/bwi_hallucination:/opt/ros/humble /usr/bin/cmake /home/nikunj/bwi_ros2_simulation/src/lidar/urg_node2 -DCMAKE_INSTALL_PREFIX=/home/nikunj/bwi_ros2_simulation/install/urg_node2
[1.094s] -- The C compiler identification is GNU 11.4.0
[1.157s] -- The CXX compiler identification is GNU 11.4.0
[1.171s] -- Detecting C compiler ABI info
[1.270s] -- Detecting C compiler ABI info - done
[1.277s] -- Check for working C compiler: /usr/bin/cc - skipped
[1.277s] -- Detecting C compile features
[1.278s] -- Detecting C compile features - done
[1.282s] -- Detecting CXX compiler ABI info
[1.378s] -- Detecting CXX compiler ABI info - done
[1.387s] -- Check for working CXX compiler: /usr/bin/c++ - skipped
[1.388s] -- Detecting CXX compile features
[1.388s] -- Detecting CXX compile features - done
[1.393s] -- Found ament_cmake: 1.3.12 (/opt/ros/humble/share/ament_cmake/cmake)
[1.585s] -- Found Python3: /usr/bin/python3 (found version "3.10.12") found components: Interpreter 
[1.713s] -- Found rclcpp: 16.0.16 (/opt/ros/humble/share/rclcpp/cmake)
[1.793s] -- Found rosidl_generator_c: 3.1.7 (/opt/ros/humble/share/rosidl_generator_c/cmake)
[1.802s] -- Found rosidl_adapter: 3.1.7 (/opt/ros/humble/share/rosidl_adapter/cmake)
[1.812s] -- Found rosidl_generator_cpp: 3.1.7 (/opt/ros/humble/share/rosidl_generator_cpp/cmake)
[1.832s] -- Using all available rosidl_typesupport_c: rosidl_typesupport_fastrtps_c;rosidl_typesupport_introspection_c
[1.854s] -- Using all available rosidl_typesupport_cpp: rosidl_typesupport_fastrtps_cpp;rosidl_typesupport_introspection_cpp
[1.910s] -- Found rmw_implementation_cmake: 6.1.2 (/opt/ros/humble/share/rmw_implementation_cmake/cmake)
[1.918s] -- Found rmw_fastrtps_cpp: 6.2.9 (/opt/ros/humble/share/rmw_fastrtps_cpp/cmake)
[2.029s] -- Found OpenSSL: /usr/lib/x86_64-linux-gnu/libcrypto.so (found version "3.0.2")  
[2.064s] -- Found FastRTPS: /opt/ros/humble/include  
[2.103s] -- Using RMW implementation 'rmw_fastrtps_cpp' as default
[2.117s] -- Looking for pthread.h
[2.189s] -- Looking for pthread.h - found
[2.190s] -- Performing Test CMAKE_HAVE_LIBC_PTHREAD
[2.263s] -- Performing Test CMAKE_HAVE_LIBC_PTHREAD - Success
[2.264s] -- Found Threads: TRUE  
[2.336s] -- Found rclcpp_components: 16.0.16 (/opt/ros/humble/share/rclcpp_components/cmake)
[2.374s] -- Found rclcpp_lifecycle: 16.0.16 (/opt/ros/humble/share/rclcpp_lifecycle/cmake)
[2.408s] -- Found sensor_msgs: 4.9.0 (/opt/ros/humble/share/sensor_msgs/cmake)
[2.444s] -- Found diagnostic_updater: 4.0.6 (/opt/ros/humble/share/diagnostic_updater/cmake)
[2.480s] -- Found laser_proc: 1.0.2 (/opt/ros/humble/share/laser_proc/cmake)
[2.510s] -- Found ament_cmake_gtest: 1.3.12 (/opt/ros/humble/share/ament_cmake_gtest/cmake)
[2.515s] -- Found gtest sources under '/opt/ros/humble/src/gtest_vendor': C++ tests using 'Google Test' will be built
[2.586s] -- Configuring done
[2.615s] -- Generating done
[2.623s] -- Build files have been written to: /home/nikunj/bwi_ros2_simulation/build/urg_node2
[2.636s] Invoked command in '/home/nikunj/bwi_ros2_simulation/build/urg_node2' returned '0': CMAKE_PREFIX_PATH=${CMAKE_PREFIX_PATH}:/home/nikunj/bwi_ros2_simulation/install/test_odom:/home/nikunj/bwi_ros2_simulation/install/test_cmaes:/home/nikunj/bwi_ros2_simulation/install/teleop_multi_robot:/home/nikunj/bwi_ros2_simulation/install/scan_filter:/home/nikunj/bwi_ros2_simulation/install/odom_tf_publisher:/home/nikunj/bwi_ros2_simulation/install/lwr_comms_client:/home/nikunj/bwi_ros2_simulation/install/kinect_data_collector:/home/nikunj/bwi_ros2_simulation/install/keep_alive_pkg:/home/nikunj/bwi_ros2_simulation/install/collision_monitor:/home/nikunj/bwi_ros2_simulation/install/bwi_tools:/home/nikunj/bwi_ros2_simulation/install/bwi_tasks:/home/nikunj/bwi_ros2_simulation/install/bwi_reset:/home/nikunj/bwi_ros2_simulation/install/bwi_perc:/home/nikunj/bwi_ros2_simulation/install/bwi_hallucination:/opt/ros/humble /usr/bin/cmake /home/nikunj/bwi_ros2_simulation/src/lidar/urg_node2 -DCMAKE_INSTALL_PREFIX=/home/nikunj/bwi_ros2_simulation/install/urg_node2
[2.638s] Invoking command in '/home/nikunj/bwi_ros2_simulation/build/urg_node2': CMAKE_PREFIX_PATH=${CMAKE_PREFIX_PATH}:/home/nikunj/bwi_ros2_simulation/install/test_odom:/home/nikunj/bwi_ros2_simulation/install/test_cmaes:/home/nikunj/bwi_ros2_simulation/install/teleop_multi_robot:/home/nikunj/bwi_ros2_simulation/install/scan_filter:/home/nikunj/bwi_ros2_simulation/install/odom_tf_publisher:/home/nikunj/bwi_ros2_simulation/install/lwr_comms_client:/home/nikunj/bwi_ros2_simulation/install/kinect_data_collector:/home/nikunj/bwi_ros2_simulation/install/keep_alive_pkg:/home/nikunj/bwi_ros2_simulation/install/collision_monitor:/home/nikunj/bwi_ros2_simulation/install/bwi_tools:/home/nikunj/bwi_ros2_simulation/install/bwi_tasks:/home/nikunj/bwi_ros2_simulation/install/bwi_reset:/home/nikunj/bwi_ros2_simulation/install/bwi_perc:/home/nikunj/bwi_ros2_simulation/install/bwi_hallucination:/opt/ros/humble /usr/bin/cmake --build /home/nikunj/bwi_ros2_simulation/build/urg_node2 -- -j32 -l32
[2.669s] [ 10%] [32mBuilding C object CMakeFiles/urg_c.dir/urg_library/current/src/urg_debug.c.o[0m
[2.669s] [ 10%] [32mBuilding CXX object gtest/CMakeFiles/gtest_main.dir/src/gtest_main.cc.o[0m
[2.669s] [ 15%] [32mBuilding C object CMakeFiles/urg_c.dir/urg_library/current/src/urg_sensor.c.o[0m
[2.669s] [ 20%] [32mBuilding CXX object CMakeFiles/urg_node2_node.dir/rclcpp_components/node_main_urg_node2_node.cpp.o[0m
[2.670s] [ 25%] [32mBuilding C object CMakeFiles/urg_c.dir/urg_library/current/src/urg_ring_buffer.c.o[0m
[2.671s] [ 30%] [32mBuilding C object CMakeFiles/urg_c.dir/urg_library/current/src/urg_serial_utils.c.o[0m
[2.671s] [ 35%] [32mBuilding C object CMakeFiles/urg_c.dir/urg_library/current/src/urg_tcpclient.c.o[0m
[2.671s] [ 40%] [32mBuilding C object CMakeFiles/urg_c.dir/urg_library/current/src/urg_utils.c.o[0m
[2.672s] [ 50%] [32mBuilding C object CMakeFiles/urg_c.dir/urg_library/current/src/urg_connection.c.o[0m
[2.672s] [ 50%] [32mBuilding CXX object gtest/CMakeFiles/gtest.dir/src/gtest-all.cc.o[0m
[2.672s] [ 55%] [32mBuilding C object CMakeFiles/urg_c.dir/urg_library/current/src/urg_serial.c.o[0m
[2.689s] [01m[K/home/nikunj/bwi_ros2_simulation/src/lidar/urg_node2/urg_library/current/src/urg_sensor.c:1349:8:[m[K [01;35m[Kwarning: [m[Ktype qualifiers ignored on function return type [[01;35m[K]8;;https://gcc.gnu.org/onlinedocs/gcc/Warning-Options.html#index-Wignored-qualifiers-Wignored-qualifiers]8;;[m[K]
[2.689s]  1349 | static [01;35m[Kconst[m[K int receive_II_command_response(urg_t *urg,
[2.689s]       |        [01;35m[K^~~~~[m[K
[2.689s] [01m[K/home/nikunj/bwi_ros2_simulation/src/lidar/urg_node2/urg_library/current/src/urg_utils.c:[m[K In function ‘[01m[Kurg_delay[m[K’:
[2.689s] [01m[K/home/nikunj/bwi_ros2_simulation/src/lidar/urg_node2/urg_library/current/src/urg_utils.c:224:5:[m[K [01;35m[Kwarning: [m[Kimplicit declaration of function ‘[01m[Kusleep[m[K’; did you mean ‘[01m[Kurg_sleep[m[K’? [[01;35m[K]8;;https://gcc.gnu.org/onlinedocs/gcc/Warning-Options.html#index-Wimplicit-function-declaration-Wimplicit-function-declaration]8;;[m[K]
[2.689s]   224 |     [01;35m[Kusleep[m[K(1000 * delay_msec);
[2.689s]       |     [01;35m[K^~~~~~[m[K
[2.689s]       |     [32m[Kurg_sleep[m[K
[2.738s] [ 60%] [32m[1mLinking C shared library liburg_c.so[0m
[2.773s] [ 60%] Built target urg_c
[2.790s] [ 65%] [32mBuilding CXX object CMakeFiles/urg_node2.dir/src/urg_node2.cpp.o[0m
[3.301s] [ 70%] [32m[1mLinking CXX static library libgtest_main.a[0m
[3.396s] [ 70%] Built target gtest_main
[4.876s] [ 75%] [32m[1mLinking CXX executable urg_node2_node[0m
[4.953s] [ 75%] Built target urg_node2_node
[5.104s] [ 80%] [32m[1mLinking CXX static library libgtest.a[0m
[5.160s] [ 80%] Built target gtest
[5.176s] [ 85%] [32mBuilding CXX object CMakeFiles/urg_node2_test.dir/test/urg_node2_test.cpp.o[0m
[5.178s] [ 90%] [32mBuilding CXX object CMakeFiles/urg_node2_test.dir/src/urg_node2.cpp.o[0m
[7.433s] [ 95%] [32m[1mLinking CXX shared library liburg_node2.so[0m
[7.615s] [ 95%] Built target urg_node2
[11.924s] [100%] [32m[1mLinking CXX executable urg_node2_test[0m
[12.400s] [100%] Built target urg_node2_test
[12.411s] Invoked command in '/home/nikunj/bwi_ros2_simulation/build/urg_node2' returned '0': CMAKE_PREFIX_PATH=${CMAKE_PREFIX_PATH}:/home/nikunj/bwi_ros2_simulation/install/test_odom:/home/nikunj/bwi_ros2_simulation/install/test_cmaes:/home/nikunj/bwi_ros2_simulation/install/teleop_multi_robot:/home/nikunj/bwi_ros2_simulation/install/scan_filter:/home/nikunj/bwi_ros2_simulation/install/odom_tf_publisher:/home/nikunj/bwi_ros2_simulation/install/lwr_comms_client:/home/nikunj/bwi_ros2_simulation/install/kinect_data_collector:/home/nikunj/bwi_ros2_simulation/install/keep_alive_pkg:/home/nikunj/bwi_ros2_simulation/install/collision_monitor:/home/nikunj/bwi_ros2_simulation/install/bwi_tools:/home/nikunj/bwi_ros2_simulation/install/bwi_tasks:/home/nikunj/bwi_ros2_simulation/install/bwi_reset:/home/nikunj/bwi_ros2_simulation/install/bwi_perc:/home/nikunj/bwi_ros2_simulation/install/bwi_hallucination:/opt/ros/humble /usr/bin/cmake --build /home/nikunj/bwi_ros2_simulation/build/urg_node2 -- -j32 -l32
[12.412s] Invoking command in '/home/nikunj/bwi_ros2_simulation/build/urg_node2': CMAKE_PREFIX_PATH=${CMAKE_PREFIX_PATH}:/home/nikunj/bwi_ros2_simulation/install/test_odom:/home/nikunj/bwi_ros2_simulation/install/test_cmaes:/home/nikunj/bwi_ros2_simulation/install/teleop_multi_robot:/home/nikunj/bwi_ros2_simulation/install/scan_filter:/home/nikunj/bwi_ros2_simulation/install/odom_tf_publisher:/home/nikunj/bwi_ros2_simulation/install/lwr_comms_client:/home/nikunj/bwi_ros2_simulation/install/kinect_data_collector:/home/nikunj/bwi_ros2_simulation/install/keep_alive_pkg:/home/nikunj/bwi_ros2_simulation/install/collision_monitor:/home/nikunj/bwi_ros2_simulation/install/bwi_tools:/home/nikunj/bwi_ros2_simulation/install/bwi_tasks:/home/nikunj/bwi_ros2_simulation/install/bwi_reset:/home/nikunj/bwi_ros2_simulation/install/bwi_perc:/home/nikunj/bwi_ros2_simulation/install/bwi_hallucination:/opt/ros/humble /usr/bin/cmake --install /home/nikunj/bwi_ros2_simulation/build/urg_node2
[12.417s] -- Install configuration: ""
[12.417s] -- Installing: /home/nikunj/bwi_ros2_simulation/install/urg_node2/lib/urg_node2/urg_node2_node
[12.417s] -- Set runtime path of "/home/nikunj/bwi_ros2_simulation/install/urg_node2/lib/urg_node2/urg_node2_node" to ""
[12.417s] -- Installing: /home/nikunj/bwi_ros2_simulation/install/urg_node2/lib/liburg_node2.so
[12.419s] -- Set runtime path of "/home/nikunj/bwi_ros2_simulation/install/urg_node2/lib/liburg_node2.so" to ""
[12.419s] -- Installing: /home/nikunj/bwi_ros2_simulation/install/urg_node2/lib/liburg_c.so
[12.419s] -- Installing: /home/nikunj/bwi_ros2_simulation/install/urg_node2/share/urg_node2/launch
[12.419s] -- Installing: /home/nikunj/bwi_ros2_simulation/install/urg_node2/share/urg_node2/launch/urg_node2.launch.py
[12.419s] -- Installing: /home/nikunj/bwi_ros2_simulation/install/urg_node2/share/urg_node2/launch/urg_node2_component.launch.py
[12.419s] -- Installing: /home/nikunj/bwi_ros2_simulation/install/urg_node2/share/urg_node2/launch/urg_node2_2lidar.launch.py
[12.419s] -- Installing: /home/nikunj/bwi_ros2_simulation/install/urg_node2/share/urg_node2/config
[12.419s] -- Installing: /home/nikunj/bwi_ros2_simulation/install/urg_node2/share/urg_node2/config/params_serial.yaml
[12.419s] -- Installing: /home/nikunj/bwi_ros2_simulation/install/urg_node2/share/urg_node2/config/params_ether_2nd.yaml
[12.419s] -- Installing: /home/nikunj/bwi_ros2_simulation/install/urg_node2/share/urg_node2/config/params_ether.yaml
[12.419s] -- Installing: /home/nikunj/bwi_ros2_simulation/install/urg_node2/share/ament_index/resource_index/package_run_dependencies/urg_node2
[12.420s] -- Installing: /home/nikunj/bwi_ros2_simulation/install/urg_node2/share/ament_index/resource_index/parent_prefix_path/urg_node2
[12.420s] -- Installing: /home/nikunj/bwi_ros2_simulation/install/urg_node2/share/urg_node2/environment/ament_prefix_path.sh
[12.420s] -- Installing: /home/nikunj/bwi_ros2_simulation/install/urg_node2/share/urg_node2/environment/ament_prefix_path.dsv
[12.420s] -- Installing: /home/nikunj/bwi_ros2_simulation/install/urg_node2/share/urg_node2/environment/path.sh
[12.420s] -- Installing: /home/nikunj/bwi_ros2_simulation/install/urg_node2/share/urg_node2/environment/path.dsv
[12.420s] -- Installing: /home/nikunj/bwi_ros2_simulation/install/urg_node2/share/urg_node2/local_setup.bash
[12.420s] -- Installing: /home/nikunj/bwi_ros2_simulation/install/urg_node2/share/urg_node2/local_setup.sh
[12.420s] -- Installing: /home/nikunj/bwi_ros2_simulation/install/urg_node2/share/urg_node2/local_setup.zsh
[12.420s] -- Installing: /home/nikunj/bwi_ros2_simulation/install/urg_node2/share/urg_node2/local_setup.dsv
[12.420s] -- Installing: /home/nikunj/bwi_ros2_simulation/install/urg_node2/share/urg_node2/package.dsv
[12.420s] -- Installing: /home/nikunj/bwi_ros2_simulation/install/urg_node2/share/ament_index/resource_index/packages/urg_node2
[12.420s] -- Installing: /home/nikunj/bwi_ros2_simulation/install/urg_node2/share/ament_index/resource_index/rclcpp_components/urg_node2
[12.420s] -- Installing: /home/nikunj/bwi_ros2_simulation/install/urg_node2/share/urg_node2/cmake/urg_node2Config.cmake
[12.420s] -- Installing: /home/nikunj/bwi_ros2_simulation/install/urg_node2/share/urg_node2/cmake/urg_node2Config-version.cmake
[12.420s] -- Installing: /home/nikunj/bwi_ros2_simulation/install/urg_node2/share/urg_node2/package.xml
[12.421s] Invoked command in '/home/nikunj/bwi_ros2_simulation/build/urg_node2' returned '0': CMAKE_PREFIX_PATH=${CMAKE_PREFIX_PATH}:/home/nikunj/bwi_ros2_simulation/install/test_odom:/home/nikunj/bwi_ros2_simulation/install/test_cmaes:/home/nikunj/bwi_ros2_simulation/install/teleop_multi_robot:/home/nikunj/bwi_ros2_simulation/install/scan_filter:/home/nikunj/bwi_ros2_simulation/install/odom_tf_publisher:/home/nikunj/bwi_ros2_simulation/install/lwr_comms_client:/home/nikunj/bwi_ros2_simulation/install/kinect_data_collector:/home/nikunj/bwi_ros2_simulation/install/keep_alive_pkg:/home/nikunj/bwi_ros2_simulation/install/collision_monitor:/home/nikunj/bwi_ros2_simulation/install/bwi_tools:/home/nikunj/bwi_ros2_simulation/install/bwi_tasks:/home/nikunj/bwi_ros2_simulation/install/bwi_reset:/home/nikunj/bwi_ros2_simulation/install/bwi_perc:/home/nikunj/bwi_ros2_simulation/install/bwi_hallucination:/opt/ros/humble /usr/bin/cmake --install /home/nikunj/bwi_ros2_simulation/build/urg_node2
