[0.039s] Invoking command in '/home/nikunj/bwi_ros2_simulation/build/bwi_tasks_interface': /usr/bin/cmake --build /home/nikunj/bwi_ros2_simulation/build/bwi_tasks_interface -- -j32 -l32
[1.194s] [  9%] Built target bwi_tasks_interface__rosidl_generator_c
[1.194s] [ 12%] Built target bwi_tasks_interface__cpp
[1.194s] [ 12%] Built target ament_cmake_python_copy_bwi_tasks_interface
[1.194s] [ 22%] Built target bwi_tasks_interface__rosidl_typesupport_c
[1.194s] [ 32%] Built target bwi_tasks_interface__rosidl_typesupport_introspection_c
[1.194s] [ 41%] Built target bwi_tasks_interface__rosidl_typesupport_fastrtps_c
[1.194s] [ 51%] Built target bwi_tasks_interface__rosidl_typesupport_cpp
[1.194s] [ 61%] Built target bwi_tasks_interface__rosidl_typesupport_introspection_cpp
[1.194s] [ 70%] Built target bwi_tasks_interface__rosidl_typesupport_fastrtps_cpp
[1.194s] [ 70%] Built target bwi_tasks_interface
[1.194s] [ 74%] Built target bwi_tasks_interface__py
[1.194s] [ 80%] Built target bwi_tasks_interface__rosidl_generator_py
[1.194s] [ 87%] Built target bwi_tasks_interface__rosidl_typesupport_c__pyext
[1.194s] [ 93%] Built target bwi_tasks_interface__rosidl_typesupport_fastrtps_c__pyext
[1.194s] [100%] Built target bwi_tasks_interface__rosidl_typesupport_introspection_c__pyext
[1.194s] running egg_info
[1.195s] writing bwi_tasks_interface.egg-info/PKG-INFO
[1.195s] writing dependency_links to bwi_tasks_interface.egg-info/dependency_links.txt
[1.195s] writing top-level names to bwi_tasks_interface.egg-info/top_level.txt
[1.195s] reading manifest file 'bwi_tasks_interface.egg-info/SOURCES.txt'
[1.195s] writing manifest file 'bwi_tasks_interface.egg-info/SOURCES.txt'
[1.195s] [100%] Built target ament_cmake_python_build_bwi_tasks_interface_egg
[1.217s] Invoked command in '/home/nikunj/bwi_ros2_simulation/build/bwi_tasks_interface' returned '0': /usr/bin/cmake --build /home/nikunj/bwi_ros2_simulation/build/bwi_tasks_interface -- -j32 -l32
[1.218s] Invoking command in '/home/nikunj/bwi_ros2_simulation/build/bwi_tasks_interface': /usr/bin/cmake --install /home/nikunj/bwi_ros2_simulation/build/bwi_tasks_interface
[1.247s] -- Install configuration: ""
[1.247s] -- Up-to-date: /home/nikunj/bwi_ros2_simulation/install/bwi_tasks_interface/share/ament_index/resource_index/rosidl_interfaces/bwi_tasks_interface
[1.247s] -- Up-to-date: /home/nikunj/bwi_ros2_simulation/install/bwi_tasks_interface/include/bwi_tasks_interface/bwi_tasks_interface
[1.247s] -- Up-to-date: /home/nikunj/bwi_ros2_simulation/install/bwi_tasks_interface/include/bwi_tasks_interface/bwi_tasks_interface/msg
[1.248s] -- Up-to-date: /home/nikunj/bwi_ros2_simulation/install/bwi_tasks_interface/include/bwi_tasks_interface/bwi_tasks_interface/msg/detail
[1.248s] -- Up-to-date: /home/nikunj/bwi_ros2_simulation/install/bwi_tasks_interface/include/bwi_tasks_interface/bwi_tasks_interface/msg/detail/virtual_obstacle__functions.h
[1.249s] -- Up-to-date: /home/nikunj/bwi_ros2_simulation/install/bwi_tasks_interface/include/bwi_tasks_interface/bwi_tasks_interface/msg/detail/virtual_obstacle__struct.h
[1.249s] -- Up-to-date: /home/nikunj/bwi_ros2_simulation/install/bwi_tasks_interface/include/bwi_tasks_interface/bwi_tasks_interface/msg/detail/virtual_obstacle__type_support.h
[1.249s] -- Up-to-date: /home/nikunj/bwi_ros2_simulation/install/bwi_tasks_interface/include/bwi_tasks_interface/bwi_tasks_interface/msg/detail/virtual_obstacle__functions.c
[1.250s] -- Up-to-date: /home/nikunj/bwi_ros2_simulation/install/bwi_tasks_interface/include/bwi_tasks_interface/bwi_tasks_interface/msg/virtual_obstacle.h
[1.250s] -- Up-to-date: /home/nikunj/bwi_ros2_simulation/install/bwi_tasks_interface/include/bwi_tasks_interface/bwi_tasks_interface/msg/rosidl_generator_c__visibility_control.h
[1.250s] -- Up-to-date: /home/nikunj/bwi_ros2_simulation/install/bwi_tasks_interface/share/bwi_tasks_interface/environment/library_path.sh
[1.250s] -- Up-to-date: /home/nikunj/bwi_ros2_simulation/install/bwi_tasks_interface/share/bwi_tasks_interface/environment/library_path.dsv
[1.251s] -- Up-to-date: /home/nikunj/bwi_ros2_simulation/install/bwi_tasks_interface/lib/libbwi_tasks_interface__rosidl_generator_c.so
[1.251s] -- Up-to-date: /home/nikunj/bwi_ros2_simulation/install/bwi_tasks_interface/include/bwi_tasks_interface/bwi_tasks_interface
[1.251s] -- Up-to-date: /home/nikunj/bwi_ros2_simulation/install/bwi_tasks_interface/include/bwi_tasks_interface/bwi_tasks_interface/msg
[1.252s] -- Up-to-date: /home/nikunj/bwi_ros2_simulation/install/bwi_tasks_interface/include/bwi_tasks_interface/bwi_tasks_interface/msg/detail
[1.252s] -- Up-to-date: /home/nikunj/bwi_ros2_simulation/install/bwi_tasks_interface/include/bwi_tasks_interface/bwi_tasks_interface/msg/detail/virtual_obstacle__rosidl_typesupport_fastrtps_c.h
[1.253s] -- Up-to-date: /home/nikunj/bwi_ros2_simulation/install/bwi_tasks_interface/include/bwi_tasks_interface/bwi_tasks_interface/msg/rosidl_typesupport_fastrtps_c__visibility_control.h
[1.253s] -- Up-to-date: /home/nikunj/bwi_ros2_simulation/install/bwi_tasks_interface/lib/libbwi_tasks_interface__rosidl_typesupport_fastrtps_c.so
[1.253s] -- Up-to-date: /home/nikunj/bwi_ros2_simulation/install/bwi_tasks_interface/include/bwi_tasks_interface/bwi_tasks_interface
[1.253s] -- Up-to-date: /home/nikunj/bwi_ros2_simulation/install/bwi_tasks_interface/include/bwi_tasks_interface/bwi_tasks_interface/msg
[1.253s] -- Up-to-date: /home/nikunj/bwi_ros2_simulation/install/bwi_tasks_interface/include/bwi_tasks_interface/bwi_tasks_interface/msg/rosidl_generator_cpp__visibility_control.hpp
[1.253s] -- Up-to-date: /home/nikunj/bwi_ros2_simulation/install/bwi_tasks_interface/include/bwi_tasks_interface/bwi_tasks_interface/msg/virtual_obstacle.hpp
[1.254s] -- Up-to-date: /home/nikunj/bwi_ros2_simulation/install/bwi_tasks_interface/include/bwi_tasks_interface/bwi_tasks_interface/msg/detail
[1.254s] -- Up-to-date: /home/nikunj/bwi_ros2_simulation/install/bwi_tasks_interface/include/bwi_tasks_interface/bwi_tasks_interface/msg/detail/virtual_obstacle__struct.hpp
[1.254s] -- Up-to-date: /home/nikunj/bwi_ros2_simulation/install/bwi_tasks_interface/include/bwi_tasks_interface/bwi_tasks_interface/msg/detail/virtual_obstacle__builder.hpp
[1.255s] -- Up-to-date: /home/nikunj/bwi_ros2_simulation/install/bwi_tasks_interface/include/bwi_tasks_interface/bwi_tasks_interface/msg/detail/virtual_obstacle__traits.hpp
[1.255s] -- Up-to-date: /home/nikunj/bwi_ros2_simulation/install/bwi_tasks_interface/include/bwi_tasks_interface/bwi_tasks_interface/msg/detail/virtual_obstacle__type_support.hpp
[1.255s] -- Up-to-date: /home/nikunj/bwi_ros2_simulation/install/bwi_tasks_interface/include/bwi_tasks_interface/bwi_tasks_interface
[1.255s] -- Up-to-date: /home/nikunj/bwi_ros2_simulation/install/bwi_tasks_interface/include/bwi_tasks_interface/bwi_tasks_interface/msg
[1.255s] -- Up-to-date: /home/nikunj/bwi_ros2_simulation/install/bwi_tasks_interface/include/bwi_tasks_interface/bwi_tasks_interface/msg/detail
[1.255s] -- Up-to-date: /home/nikunj/bwi_ros2_simulation/install/bwi_tasks_interface/include/bwi_tasks_interface/bwi_tasks_interface/msg/detail/dds_fastrtps
[1.255s] -- Up-to-date: /home/nikunj/bwi_ros2_simulation/install/bwi_tasks_interface/include/bwi_tasks_interface/bwi_tasks_interface/msg/detail/virtual_obstacle__rosidl_typesupport_fastrtps_cpp.hpp
[1.256s] -- Up-to-date: /home/nikunj/bwi_ros2_simulation/install/bwi_tasks_interface/include/bwi_tasks_interface/bwi_tasks_interface/msg/rosidl_typesupport_fastrtps_cpp__visibility_control.h
[1.256s] -- Up-to-date: /home/nikunj/bwi_ros2_simulation/install/bwi_tasks_interface/lib/libbwi_tasks_interface__rosidl_typesupport_fastrtps_cpp.so
[1.256s] -- Up-to-date: /home/nikunj/bwi_ros2_simulation/install/bwi_tasks_interface/include/bwi_tasks_interface/bwi_tasks_interface
[1.256s] -- Up-to-date: /home/nikunj/bwi_ros2_simulation/install/bwi_tasks_interface/include/bwi_tasks_interface/bwi_tasks_interface/msg
[1.256s] -- Up-to-date: /home/nikunj/bwi_ros2_simulation/install/bwi_tasks_interface/include/bwi_tasks_interface/bwi_tasks_interface/msg/detail
[1.256s] -- Up-to-date: /home/nikunj/bwi_ros2_simulation/install/bwi_tasks_interface/include/bwi_tasks_interface/bwi_tasks_interface/msg/detail/virtual_obstacle__type_support.c
[1.256s] -- Up-to-date: /home/nikunj/bwi_ros2_simulation/install/bwi_tasks_interface/include/bwi_tasks_interface/bwi_tasks_interface/msg/detail/virtual_obstacle__rosidl_typesupport_introspection_c.h
[1.256s] -- Up-to-date: /home/nikunj/bwi_ros2_simulation/install/bwi_tasks_interface/include/bwi_tasks_interface/bwi_tasks_interface/msg/rosidl_typesupport_introspection_c__visibility_control.h
[1.257s] -- Up-to-date: /home/nikunj/bwi_ros2_simulation/install/bwi_tasks_interface/lib/libbwi_tasks_interface__rosidl_typesupport_introspection_c.so
[1.257s] -- Up-to-date: /home/nikunj/bwi_ros2_simulation/install/bwi_tasks_interface/lib/libbwi_tasks_interface__rosidl_typesupport_c.so
[1.257s] -- Up-to-date: /home/nikunj/bwi_ros2_simulation/install/bwi_tasks_interface/include/bwi_tasks_interface/bwi_tasks_interface
[1.257s] -- Up-to-date: /home/nikunj/bwi_ros2_simulation/install/bwi_tasks_interface/include/bwi_tasks_interface/bwi_tasks_interface/msg
[1.257s] -- Up-to-date: /home/nikunj/bwi_ros2_simulation/install/bwi_tasks_interface/include/bwi_tasks_interface/bwi_tasks_interface/msg/detail
[1.257s] -- Up-to-date: /home/nikunj/bwi_ros2_simulation/install/bwi_tasks_interface/include/bwi_tasks_interface/bwi_tasks_interface/msg/detail/virtual_obstacle__rosidl_typesupport_introspection_cpp.hpp
[1.257s] -- Up-to-date: /home/nikunj/bwi_ros2_simulation/install/bwi_tasks_interface/include/bwi_tasks_interface/bwi_tasks_interface/msg/detail/virtual_obstacle__type_support.cpp
[1.257s] -- Up-to-date: /home/nikunj/bwi_ros2_simulation/install/bwi_tasks_interface/lib/libbwi_tasks_interface__rosidl_typesupport_introspection_cpp.so
[1.257s] -- Up-to-date: /home/nikunj/bwi_ros2_simulation/install/bwi_tasks_interface/lib/libbwi_tasks_interface__rosidl_typesupport_cpp.so
[1.258s] -- Up-to-date: /home/nikunj/bwi_ros2_simulation/install/bwi_tasks_interface/share/bwi_tasks_interface/environment/pythonpath.sh
[1.258s] -- Up-to-date: /home/nikunj/bwi_ros2_simulation/install/bwi_tasks_interface/share/bwi_tasks_interface/environment/pythonpath.dsv
[1.258s] -- Up-to-date: /home/nikunj/bwi_ros2_simulation/install/bwi_tasks_interface/local/lib/python3.10/dist-packages/bwi_tasks_interface-0.0.0-py3.10.egg-info
[1.258s] -- Installing: /home/nikunj/bwi_ros2_simulation/install/bwi_tasks_interface/local/lib/python3.10/dist-packages/bwi_tasks_interface-0.0.0-py3.10.egg-info/dependency_links.txt
[1.266s] -- Installing: /home/nikunj/bwi_ros2_simulation/install/bwi_tasks_interface/local/lib/python3.10/dist-packages/bwi_tasks_interface-0.0.0-py3.10.egg-info/top_level.txt
[1.266s] -- Installing: /home/nikunj/bwi_ros2_simulation/install/bwi_tasks_interface/local/lib/python3.10/dist-packages/bwi_tasks_interface-0.0.0-py3.10.egg-info/PKG-INFO
[1.266s] -- Installing: /home/nikunj/bwi_ros2_simulation/install/bwi_tasks_interface/local/lib/python3.10/dist-packages/bwi_tasks_interface-0.0.0-py3.10.egg-info/SOURCES.txt
[1.266s] -- Up-to-date: /home/nikunj/bwi_ros2_simulation/install/bwi_tasks_interface/local/lib/python3.10/dist-packages/bwi_tasks_interface
[1.266s] -- Up-to-date: /home/nikunj/bwi_ros2_simulation/install/bwi_tasks_interface/local/lib/python3.10/dist-packages/bwi_tasks_interface/bwi_tasks_interface_s__rosidl_typesupport_introspection_c.cpython-310-x86_64-linux-gnu.so
[1.266s] -- Up-to-date: /home/nikunj/bwi_ros2_simulation/install/bwi_tasks_interface/local/lib/python3.10/dist-packages/bwi_tasks_interface/libbwi_tasks_interface__rosidl_generator_py.so
[1.266s] -- Up-to-date: /home/nikunj/bwi_ros2_simulation/install/bwi_tasks_interface/local/lib/python3.10/dist-packages/bwi_tasks_interface/__init__.py
[1.266s] -- Up-to-date: /home/nikunj/bwi_ros2_simulation/install/bwi_tasks_interface/local/lib/python3.10/dist-packages/bwi_tasks_interface/bwi_tasks_interface_s__rosidl_typesupport_fastrtps_c.cpython-310-x86_64-linux-gnu.so
[1.266s] -- Up-to-date: /home/nikunj/bwi_ros2_simulation/install/bwi_tasks_interface/local/lib/python3.10/dist-packages/bwi_tasks_interface/_bwi_tasks_interface_s.ep.rosidl_typesupport_introspection_c.c
[1.266s] -- Up-to-date: /home/nikunj/bwi_ros2_simulation/install/bwi_tasks_interface/local/lib/python3.10/dist-packages/bwi_tasks_interface/_bwi_tasks_interface_s.ep.rosidl_typesupport_fastrtps_c.c
[1.267s] -- Up-to-date: /home/nikunj/bwi_ros2_simulation/install/bwi_tasks_interface/local/lib/python3.10/dist-packages/bwi_tasks_interface/msg
[1.267s] -- Up-to-date: /home/nikunj/bwi_ros2_simulation/install/bwi_tasks_interface/local/lib/python3.10/dist-packages/bwi_tasks_interface/msg/_virtual_obstacle_s.c
[1.267s] -- Up-to-date: /home/nikunj/bwi_ros2_simulation/install/bwi_tasks_interface/local/lib/python3.10/dist-packages/bwi_tasks_interface/msg/__init__.py
[1.267s] -- Up-to-date: /home/nikunj/bwi_ros2_simulation/install/bwi_tasks_interface/local/lib/python3.10/dist-packages/bwi_tasks_interface/msg/_virtual_obstacle.py
[1.267s] -- Up-to-date: /home/nikunj/bwi_ros2_simulation/install/bwi_tasks_interface/local/lib/python3.10/dist-packages/bwi_tasks_interface/bwi_tasks_interface_s__rosidl_typesupport_c.cpython-310-x86_64-linux-gnu.so
[1.267s] -- Up-to-date: /home/nikunj/bwi_ros2_simulation/install/bwi_tasks_interface/local/lib/python3.10/dist-packages/bwi_tasks_interface/_bwi_tasks_interface_s.ep.rosidl_typesupport_c.c
[1.322s] Listing '/home/nikunj/bwi_ros2_simulation/install/bwi_tasks_interface/local/lib/python3.10/dist-packages/bwi_tasks_interface'...
[1.322s] Listing '/home/nikunj/bwi_ros2_simulation/install/bwi_tasks_interface/local/lib/python3.10/dist-packages/bwi_tasks_interface/msg'...
[1.322s] -- Up-to-date: /home/nikunj/bwi_ros2_simulation/install/bwi_tasks_interface/local/lib/python3.10/dist-packages/bwi_tasks_interface/bwi_tasks_interface_s__rosidl_typesupport_fastrtps_c.cpython-310-x86_64-linux-gnu.so
[1.322s] -- Up-to-date: /home/nikunj/bwi_ros2_simulation/install/bwi_tasks_interface/local/lib/python3.10/dist-packages/bwi_tasks_interface/bwi_tasks_interface_s__rosidl_typesupport_introspection_c.cpython-310-x86_64-linux-gnu.so
[1.323s] -- Up-to-date: /home/nikunj/bwi_ros2_simulation/install/bwi_tasks_interface/local/lib/python3.10/dist-packages/bwi_tasks_interface/bwi_tasks_interface_s__rosidl_typesupport_c.cpython-310-x86_64-linux-gnu.so
[1.323s] -- Up-to-date: /home/nikunj/bwi_ros2_simulation/install/bwi_tasks_interface/lib/libbwi_tasks_interface__rosidl_generator_py.so
[1.323s] -- Up-to-date: /home/nikunj/bwi_ros2_simulation/install/bwi_tasks_interface/share/bwi_tasks_interface/msg/VirtualObstacle.idl
[1.323s] -- Up-to-date: /home/nikunj/bwi_ros2_simulation/install/bwi_tasks_interface/share/bwi_tasks_interface/msg/VirtualObstacle.msg
[1.323s] -- Up-to-date: /home/nikunj/bwi_ros2_simulation/install/bwi_tasks_interface/share/ament_index/resource_index/package_run_dependencies/bwi_tasks_interface
[1.323s] -- Up-to-date: /home/nikunj/bwi_ros2_simulation/install/bwi_tasks_interface/share/ament_index/resource_index/parent_prefix_path/bwi_tasks_interface
[1.323s] -- Up-to-date: /home/nikunj/bwi_ros2_simulation/install/bwi_tasks_interface/share/bwi_tasks_interface/environment/ament_prefix_path.sh
[1.324s] -- Up-to-date: /home/nikunj/bwi_ros2_simulation/install/bwi_tasks_interface/share/bwi_tasks_interface/environment/ament_prefix_path.dsv
[1.324s] -- Up-to-date: /home/nikunj/bwi_ros2_simulation/install/bwi_tasks_interface/share/bwi_tasks_interface/environment/path.sh
[1.324s] -- Up-to-date: /home/nikunj/bwi_ros2_simulation/install/bwi_tasks_interface/share/bwi_tasks_interface/environment/path.dsv
[1.324s] -- Up-to-date: /home/nikunj/bwi_ros2_simulation/install/bwi_tasks_interface/share/bwi_tasks_interface/local_setup.bash
[1.324s] -- Up-to-date: /home/nikunj/bwi_ros2_simulation/install/bwi_tasks_interface/share/bwi_tasks_interface/local_setup.sh
[1.324s] -- Up-to-date: /home/nikunj/bwi_ros2_simulation/install/bwi_tasks_interface/share/bwi_tasks_interface/local_setup.zsh
[1.324s] -- Up-to-date: /home/nikunj/bwi_ros2_simulation/install/bwi_tasks_interface/share/bwi_tasks_interface/local_setup.dsv
[1.324s] -- Installing: /home/nikunj/bwi_ros2_simulation/install/bwi_tasks_interface/share/bwi_tasks_interface/package.dsv
[1.325s] -- Up-to-date: /home/nikunj/bwi_ros2_simulation/install/bwi_tasks_interface/share/ament_index/resource_index/packages/bwi_tasks_interface
[1.325s] -- Up-to-date: /home/nikunj/bwi_ros2_simulation/install/bwi_tasks_interface/share/bwi_tasks_interface/cmake/export_bwi_tasks_interface__rosidl_generator_cExport.cmake
[1.325s] -- Up-to-date: /home/nikunj/bwi_ros2_simulation/install/bwi_tasks_interface/share/bwi_tasks_interface/cmake/export_bwi_tasks_interface__rosidl_generator_cExport-noconfig.cmake
[1.325s] -- Up-to-date: /home/nikunj/bwi_ros2_simulation/install/bwi_tasks_interface/share/bwi_tasks_interface/cmake/export_bwi_tasks_interface__rosidl_typesupport_fastrtps_cExport.cmake
[1.325s] -- Up-to-date: /home/nikunj/bwi_ros2_simulation/install/bwi_tasks_interface/share/bwi_tasks_interface/cmake/export_bwi_tasks_interface__rosidl_typesupport_fastrtps_cExport-noconfig.cmake
[1.325s] -- Up-to-date: /home/nikunj/bwi_ros2_simulation/install/bwi_tasks_interface/share/bwi_tasks_interface/cmake/export_bwi_tasks_interface__rosidl_generator_cppExport.cmake
[1.326s] -- Up-to-date: /home/nikunj/bwi_ros2_simulation/install/bwi_tasks_interface/share/bwi_tasks_interface/cmake/export_bwi_tasks_interface__rosidl_typesupport_fastrtps_cppExport.cmake
[1.326s] -- Up-to-date: /home/nikunj/bwi_ros2_simulation/install/bwi_tasks_interface/share/bwi_tasks_interface/cmake/export_bwi_tasks_interface__rosidl_typesupport_fastrtps_cppExport-noconfig.cmake
[1.326s] -- Up-to-date: /home/nikunj/bwi_ros2_simulation/install/bwi_tasks_interface/share/bwi_tasks_interface/cmake/bwi_tasks_interface__rosidl_typesupport_introspection_cExport.cmake
[1.326s] -- Up-to-date: /home/nikunj/bwi_ros2_simulation/install/bwi_tasks_interface/share/bwi_tasks_interface/cmake/bwi_tasks_interface__rosidl_typesupport_introspection_cExport-noconfig.cmake
[1.326s] -- Up-to-date: /home/nikunj/bwi_ros2_simulation/install/bwi_tasks_interface/share/bwi_tasks_interface/cmake/bwi_tasks_interface__rosidl_typesupport_cExport.cmake
[1.326s] -- Up-to-date: /home/nikunj/bwi_ros2_simulation/install/bwi_tasks_interface/share/bwi_tasks_interface/cmake/bwi_tasks_interface__rosidl_typesupport_cExport-noconfig.cmake
[1.326s] -- Up-to-date: /home/nikunj/bwi_ros2_simulation/install/bwi_tasks_interface/share/bwi_tasks_interface/cmake/bwi_tasks_interface__rosidl_typesupport_introspection_cppExport.cmake
[1.326s] -- Up-to-date: /home/nikunj/bwi_ros2_simulation/install/bwi_tasks_interface/share/bwi_tasks_interface/cmake/bwi_tasks_interface__rosidl_typesupport_introspection_cppExport-noconfig.cmake
[1.327s] -- Up-to-date: /home/nikunj/bwi_ros2_simulation/install/bwi_tasks_interface/share/bwi_tasks_interface/cmake/bwi_tasks_interface__rosidl_typesupport_cppExport.cmake
[1.327s] -- Up-to-date: /home/nikunj/bwi_ros2_simulation/install/bwi_tasks_interface/share/bwi_tasks_interface/cmake/bwi_tasks_interface__rosidl_typesupport_cppExport-noconfig.cmake
[1.327s] -- Up-to-date: /home/nikunj/bwi_ros2_simulation/install/bwi_tasks_interface/share/bwi_tasks_interface/cmake/export_bwi_tasks_interface__rosidl_generator_pyExport.cmake
[1.327s] -- Up-to-date: /home/nikunj/bwi_ros2_simulation/install/bwi_tasks_interface/share/bwi_tasks_interface/cmake/export_bwi_tasks_interface__rosidl_generator_pyExport-noconfig.cmake
[1.327s] -- Up-to-date: /home/nikunj/bwi_ros2_simulation/install/bwi_tasks_interface/share/bwi_tasks_interface/cmake/rosidl_cmake-extras.cmake
[1.327s] -- Up-to-date: /home/nikunj/bwi_ros2_simulation/install/bwi_tasks_interface/share/bwi_tasks_interface/cmake/ament_cmake_export_dependencies-extras.cmake
[1.327s] -- Up-to-date: /home/nikunj/bwi_ros2_simulation/install/bwi_tasks_interface/share/bwi_tasks_interface/cmake/ament_cmake_export_include_directories-extras.cmake
[1.328s] -- Up-to-date: /home/nikunj/bwi_ros2_simulation/install/bwi_tasks_interface/share/bwi_tasks_interface/cmake/ament_cmake_export_libraries-extras.cmake
[1.328s] -- Up-to-date: /home/nikunj/bwi_ros2_simulation/install/bwi_tasks_interface/share/bwi_tasks_interface/cmake/ament_cmake_export_targets-extras.cmake
[1.328s] -- Up-to-date: /home/nikunj/bwi_ros2_simulation/install/bwi_tasks_interface/share/bwi_tasks_interface/cmake/rosidl_cmake_export_typesupport_targets-extras.cmake
[1.328s] -- Up-to-date: /home/nikunj/bwi_ros2_simulation/install/bwi_tasks_interface/share/bwi_tasks_interface/cmake/rosidl_cmake_export_typesupport_libraries-extras.cmake
[1.328s] -- Up-to-date: /home/nikunj/bwi_ros2_simulation/install/bwi_tasks_interface/share/bwi_tasks_interface/cmake/bwi_tasks_interfaceConfig.cmake
[1.328s] -- Up-to-date: /home/nikunj/bwi_ros2_simulation/install/bwi_tasks_interface/share/bwi_tasks_interface/cmake/bwi_tasks_interfaceConfig-version.cmake
[1.328s] -- Up-to-date: /home/nikunj/bwi_ros2_simulation/install/bwi_tasks_interface/share/bwi_tasks_interface/package.xml
[1.386s] Invoked command in '/home/nikunj/bwi_ros2_simulation/build/bwi_tasks_interface' returned '0': /usr/bin/cmake --install /home/nikunj/bwi_ros2_simulation/build/bwi_tasks_interface
