[0.036s] Invoking command in '/home/nikunj/bwi_ros2_simulation/build/topic_tools_interfaces': CMAKE_PREFIX_PATH=/opt/ros/humble /usr/bin/cmake --build /home/nikunj/bwi_ros2_simulation/build/topic_tools_interfaces -- -j32 -l32
[1.190s] [ 10%] Built target topic_tools_interfaces__rosidl_generator_c
[1.190s] [ 12%] Built target topic_tools_interfaces__cpp
[1.190s] [ 12%] Built target ament_cmake_python_copy_topic_tools_interfaces
[1.190s] [ 23%] Built target topic_tools_interfaces__rosidl_typesupport_c
[1.190s] [ 34%] Built target topic_tools_interfaces__rosidl_typesupport_introspection_c
[1.190s] [ 45%] Built target topic_tools_interfaces__rosidl_typesupport_fastrtps_c
[1.190s] [ 56%] Built target topic_tools_interfaces__rosidl_typesupport_cpp
[1.190s] [ 67%] Built target topic_tools_interfaces__rosidl_typesupport_fastrtps_cpp
[1.190s] [ 78%] Built target topic_tools_interfaces__rosidl_typesupport_introspection_cpp
[1.190s] [ 78%] Built target topic_tools_interfaces
[1.190s] [ 80%] Built target topic_tools_interfaces__py
[1.190s] [ 89%] Built target topic_tools_interfaces__rosidl_generator_py
[1.190s] [ 92%] Built target topic_tools_interfaces__rosidl_typesupport_introspection_c__pyext
[1.190s] [ 96%] Built target topic_tools_interfaces__rosidl_typesupport_c__pyext
[1.190s] [100%] Built target topic_tools_interfaces__rosidl_typesupport_fastrtps_c__pyext
[1.190s] running egg_info
[1.190s] writing topic_tools_interfaces.egg-info/PKG-INFO
[1.190s] writing dependency_links to topic_tools_interfaces.egg-info/dependency_links.txt
[1.190s] writing top-level names to topic_tools_interfaces.egg-info/top_level.txt
[1.190s] reading manifest file 'topic_tools_interfaces.egg-info/SOURCES.txt'
[1.190s] writing manifest file 'topic_tools_interfaces.egg-info/SOURCES.txt'
[1.190s] [100%] Built target ament_cmake_python_build_topic_tools_interfaces_egg
[1.206s] Invoked command in '/home/nikunj/bwi_ros2_simulation/build/topic_tools_interfaces' returned '0': CMAKE_PREFIX_PATH=/opt/ros/humble /usr/bin/cmake --build /home/nikunj/bwi_ros2_simulation/build/topic_tools_interfaces -- -j32 -l32
[1.207s] Invoking command in '/home/nikunj/bwi_ros2_simulation/build/topic_tools_interfaces': CMAKE_PREFIX_PATH=/opt/ros/humble /usr/bin/cmake --install /home/nikunj/bwi_ros2_simulation/build/topic_tools_interfaces
[1.223s] -- Install configuration: ""
[1.223s] -- Up-to-date: /home/nikunj/bwi_ros2_simulation/install/topic_tools_interfaces/share/ament_index/resource_index/rosidl_interfaces/topic_tools_interfaces
[1.223s] -- Up-to-date: /home/nikunj/bwi_ros2_simulation/install/topic_tools_interfaces/include/topic_tools_interfaces/topic_tools_interfaces
[1.223s] -- Up-to-date: /home/nikunj/bwi_ros2_simulation/install/topic_tools_interfaces/include/topic_tools_interfaces/topic_tools_interfaces/srv
[1.223s] -- Up-to-date: /home/nikunj/bwi_ros2_simulation/install/topic_tools_interfaces/include/topic_tools_interfaces/topic_tools_interfaces/srv/mux_select.h
[1.223s] -- Up-to-date: /home/nikunj/bwi_ros2_simulation/install/topic_tools_interfaces/include/topic_tools_interfaces/topic_tools_interfaces/srv/mux_list.h
[1.224s] -- Up-to-date: /home/nikunj/bwi_ros2_simulation/install/topic_tools_interfaces/include/topic_tools_interfaces/topic_tools_interfaces/srv/mux_add.h
[1.224s] -- Up-to-date: /home/nikunj/bwi_ros2_simulation/install/topic_tools_interfaces/include/topic_tools_interfaces/topic_tools_interfaces/srv/detail
[1.224s] -- Up-to-date: /home/nikunj/bwi_ros2_simulation/install/topic_tools_interfaces/include/topic_tools_interfaces/topic_tools_interfaces/srv/detail/mux_delete__type_support.h
[1.224s] -- Up-to-date: /home/nikunj/bwi_ros2_simulation/install/topic_tools_interfaces/include/topic_tools_interfaces/topic_tools_interfaces/srv/detail/mux_select__functions.h
[1.224s] -- Up-to-date: /home/nikunj/bwi_ros2_simulation/install/topic_tools_interfaces/include/topic_tools_interfaces/topic_tools_interfaces/srv/detail/mux_list__functions.c
[1.224s] -- Up-to-date: /home/nikunj/bwi_ros2_simulation/install/topic_tools_interfaces/include/topic_tools_interfaces/topic_tools_interfaces/srv/detail/mux_delete__struct.h
[1.224s] -- Up-to-date: /home/nikunj/bwi_ros2_simulation/install/topic_tools_interfaces/include/topic_tools_interfaces/topic_tools_interfaces/srv/detail/mux_delete__functions.h
[1.224s] -- Up-to-date: /home/nikunj/bwi_ros2_simulation/install/topic_tools_interfaces/include/topic_tools_interfaces/topic_tools_interfaces/srv/detail/mux_list__struct.h
[1.224s] -- Up-to-date: /home/nikunj/bwi_ros2_simulation/install/topic_tools_interfaces/include/topic_tools_interfaces/topic_tools_interfaces/srv/detail/mux_select__type_support.h
[1.224s] -- Up-to-date: /home/nikunj/bwi_ros2_simulation/install/topic_tools_interfaces/include/topic_tools_interfaces/topic_tools_interfaces/srv/detail/mux_add__functions.h
[1.224s] -- Up-to-date: /home/nikunj/bwi_ros2_simulation/install/topic_tools_interfaces/include/topic_tools_interfaces/topic_tools_interfaces/srv/detail/mux_select__struct.h
[1.225s] -- Up-to-date: /home/nikunj/bwi_ros2_simulation/install/topic_tools_interfaces/include/topic_tools_interfaces/topic_tools_interfaces/srv/detail/mux_list__type_support.h
[1.225s] -- Up-to-date: /home/nikunj/bwi_ros2_simulation/install/topic_tools_interfaces/include/topic_tools_interfaces/topic_tools_interfaces/srv/detail/mux_delete__functions.c
[1.225s] -- Up-to-date: /home/nikunj/bwi_ros2_simulation/install/topic_tools_interfaces/include/topic_tools_interfaces/topic_tools_interfaces/srv/detail/mux_add__functions.c
[1.225s] -- Up-to-date: /home/nikunj/bwi_ros2_simulation/install/topic_tools_interfaces/include/topic_tools_interfaces/topic_tools_interfaces/srv/detail/mux_add__type_support.h
[1.225s] -- Up-to-date: /home/nikunj/bwi_ros2_simulation/install/topic_tools_interfaces/include/topic_tools_interfaces/topic_tools_interfaces/srv/detail/mux_select__functions.c
[1.225s] -- Up-to-date: /home/nikunj/bwi_ros2_simulation/install/topic_tools_interfaces/include/topic_tools_interfaces/topic_tools_interfaces/srv/detail/mux_add__struct.h
[1.225s] -- Up-to-date: /home/nikunj/bwi_ros2_simulation/install/topic_tools_interfaces/include/topic_tools_interfaces/topic_tools_interfaces/srv/detail/mux_list__functions.h
[1.225s] -- Up-to-date: /home/nikunj/bwi_ros2_simulation/install/topic_tools_interfaces/include/topic_tools_interfaces/topic_tools_interfaces/srv/mux_delete.h
[1.225s] -- Up-to-date: /home/nikunj/bwi_ros2_simulation/install/topic_tools_interfaces/include/topic_tools_interfaces/topic_tools_interfaces/msg
[1.226s] -- Up-to-date: /home/nikunj/bwi_ros2_simulation/install/topic_tools_interfaces/include/topic_tools_interfaces/topic_tools_interfaces/msg/rosidl_generator_c__visibility_control.h
[1.226s] -- Up-to-date: /home/nikunj/bwi_ros2_simulation/install/topic_tools_interfaces/share/topic_tools_interfaces/environment/library_path.sh
[1.226s] -- Up-to-date: /home/nikunj/bwi_ros2_simulation/install/topic_tools_interfaces/share/topic_tools_interfaces/environment/library_path.dsv
[1.226s] -- Up-to-date: /home/nikunj/bwi_ros2_simulation/install/topic_tools_interfaces/lib/libtopic_tools_interfaces__rosidl_generator_c.so
[1.226s] -- Up-to-date: /home/nikunj/bwi_ros2_simulation/install/topic_tools_interfaces/include/topic_tools_interfaces/topic_tools_interfaces
[1.226s] -- Up-to-date: /home/nikunj/bwi_ros2_simulation/install/topic_tools_interfaces/include/topic_tools_interfaces/topic_tools_interfaces/srv
[1.226s] -- Up-to-date: /home/nikunj/bwi_ros2_simulation/install/topic_tools_interfaces/include/topic_tools_interfaces/topic_tools_interfaces/srv/detail
[1.226s] -- Up-to-date: /home/nikunj/bwi_ros2_simulation/install/topic_tools_interfaces/include/topic_tools_interfaces/topic_tools_interfaces/srv/detail/mux_add__rosidl_typesupport_fastrtps_c.h
[1.226s] -- Up-to-date: /home/nikunj/bwi_ros2_simulation/install/topic_tools_interfaces/include/topic_tools_interfaces/topic_tools_interfaces/srv/detail/mux_delete__rosidl_typesupport_fastrtps_c.h
[1.228s] -- Up-to-date: /home/nikunj/bwi_ros2_simulation/install/topic_tools_interfaces/include/topic_tools_interfaces/topic_tools_interfaces/srv/detail/mux_select__rosidl_typesupport_fastrtps_c.h
[1.228s] -- Up-to-date: /home/nikunj/bwi_ros2_simulation/install/topic_tools_interfaces/include/topic_tools_interfaces/topic_tools_interfaces/srv/detail/mux_list__rosidl_typesupport_fastrtps_c.h
[1.228s] -- Up-to-date: /home/nikunj/bwi_ros2_simulation/install/topic_tools_interfaces/include/topic_tools_interfaces/topic_tools_interfaces/msg
[1.229s] -- Up-to-date: /home/nikunj/bwi_ros2_simulation/install/topic_tools_interfaces/include/topic_tools_interfaces/topic_tools_interfaces/msg/rosidl_typesupport_fastrtps_c__visibility_control.h
[1.229s] -- Up-to-date: /home/nikunj/bwi_ros2_simulation/install/topic_tools_interfaces/lib/libtopic_tools_interfaces__rosidl_typesupport_fastrtps_c.so
[1.229s] -- Up-to-date: /home/nikunj/bwi_ros2_simulation/install/topic_tools_interfaces/include/topic_tools_interfaces/topic_tools_interfaces
[1.229s] -- Up-to-date: /home/nikunj/bwi_ros2_simulation/install/topic_tools_interfaces/include/topic_tools_interfaces/topic_tools_interfaces/srv
[1.229s] -- Up-to-date: /home/nikunj/bwi_ros2_simulation/install/topic_tools_interfaces/include/topic_tools_interfaces/topic_tools_interfaces/srv/detail
[1.230s] -- Up-to-date: /home/nikunj/bwi_ros2_simulation/install/topic_tools_interfaces/include/topic_tools_interfaces/topic_tools_interfaces/srv/detail/mux_add__rosidl_typesupport_introspection_c.h
[1.231s] -- Up-to-date: /home/nikunj/bwi_ros2_simulation/install/topic_tools_interfaces/include/topic_tools_interfaces/topic_tools_interfaces/srv/detail/mux_delete__type_support.c
[1.231s] -- Up-to-date: /home/nikunj/bwi_ros2_simulation/install/topic_tools_interfaces/include/topic_tools_interfaces/topic_tools_interfaces/srv/detail/mux_select__type_support.c
[1.232s] -- Up-to-date: /home/nikunj/bwi_ros2_simulation/install/topic_tools_interfaces/include/topic_tools_interfaces/topic_tools_interfaces/srv/detail/mux_list__rosidl_typesupport_introspection_c.h
[1.232s] -- Up-to-date: /home/nikunj/bwi_ros2_simulation/install/topic_tools_interfaces/include/topic_tools_interfaces/topic_tools_interfaces/srv/detail/mux_delete__rosidl_typesupport_introspection_c.h
[1.232s] -- Up-to-date: /home/nikunj/bwi_ros2_simulation/install/topic_tools_interfaces/include/topic_tools_interfaces/topic_tools_interfaces/srv/detail/mux_list__type_support.c
[1.232s] -- Up-to-date: /home/nikunj/bwi_ros2_simulation/install/topic_tools_interfaces/include/topic_tools_interfaces/topic_tools_interfaces/srv/detail/mux_add__type_support.c
[1.232s] -- Up-to-date: /home/nikunj/bwi_ros2_simulation/install/topic_tools_interfaces/include/topic_tools_interfaces/topic_tools_interfaces/srv/detail/mux_select__rosidl_typesupport_introspection_c.h
[1.232s] -- Up-to-date: /home/nikunj/bwi_ros2_simulation/install/topic_tools_interfaces/include/topic_tools_interfaces/topic_tools_interfaces/msg
[1.232s] -- Up-to-date: /home/nikunj/bwi_ros2_simulation/install/topic_tools_interfaces/include/topic_tools_interfaces/topic_tools_interfaces/msg/rosidl_typesupport_introspection_c__visibility_control.h
[1.232s] -- Up-to-date: /home/nikunj/bwi_ros2_simulation/install/topic_tools_interfaces/lib/libtopic_tools_interfaces__rosidl_typesupport_introspection_c.so
[1.233s] -- Up-to-date: /home/nikunj/bwi_ros2_simulation/install/topic_tools_interfaces/lib/libtopic_tools_interfaces__rosidl_typesupport_c.so
[1.233s] -- Up-to-date: /home/nikunj/bwi_ros2_simulation/install/topic_tools_interfaces/include/topic_tools_interfaces/topic_tools_interfaces
[1.233s] -- Up-to-date: /home/nikunj/bwi_ros2_simulation/install/topic_tools_interfaces/include/topic_tools_interfaces/topic_tools_interfaces/srv
[1.233s] -- Up-to-date: /home/nikunj/bwi_ros2_simulation/install/topic_tools_interfaces/include/topic_tools_interfaces/topic_tools_interfaces/srv/mux_add.hpp
[1.233s] -- Up-to-date: /home/nikunj/bwi_ros2_simulation/install/topic_tools_interfaces/include/topic_tools_interfaces/topic_tools_interfaces/srv/mux_select.hpp
[1.233s] -- Up-to-date: /home/nikunj/bwi_ros2_simulation/install/topic_tools_interfaces/include/topic_tools_interfaces/topic_tools_interfaces/srv/detail
[1.233s] -- Up-to-date: /home/nikunj/bwi_ros2_simulation/install/topic_tools_interfaces/include/topic_tools_interfaces/topic_tools_interfaces/srv/detail/mux_list__traits.hpp
[1.233s] -- Up-to-date: /home/nikunj/bwi_ros2_simulation/install/topic_tools_interfaces/include/topic_tools_interfaces/topic_tools_interfaces/srv/detail/mux_select__struct.hpp
[1.234s] -- Up-to-date: /home/nikunj/bwi_ros2_simulation/install/topic_tools_interfaces/include/topic_tools_interfaces/topic_tools_interfaces/srv/detail/mux_list__type_support.hpp
[1.234s] -- Up-to-date: /home/nikunj/bwi_ros2_simulation/install/topic_tools_interfaces/include/topic_tools_interfaces/topic_tools_interfaces/srv/detail/mux_select__type_support.hpp
[1.234s] -- Up-to-date: /home/nikunj/bwi_ros2_simulation/install/topic_tools_interfaces/include/topic_tools_interfaces/topic_tools_interfaces/srv/detail/mux_select__builder.hpp
[1.234s] -- Up-to-date: /home/nikunj/bwi_ros2_simulation/install/topic_tools_interfaces/include/topic_tools_interfaces/topic_tools_interfaces/srv/detail/mux_add__traits.hpp
[1.234s] -- Up-to-date: /home/nikunj/bwi_ros2_simulation/install/topic_tools_interfaces/include/topic_tools_interfaces/topic_tools_interfaces/srv/detail/mux_delete__builder.hpp
[1.234s] -- Up-to-date: /home/nikunj/bwi_ros2_simulation/install/topic_tools_interfaces/include/topic_tools_interfaces/topic_tools_interfaces/srv/detail/mux_add__type_support.hpp
[1.234s] -- Up-to-date: /home/nikunj/bwi_ros2_simulation/install/topic_tools_interfaces/include/topic_tools_interfaces/topic_tools_interfaces/srv/detail/mux_delete__struct.hpp
[1.234s] -- Up-to-date: /home/nikunj/bwi_ros2_simulation/install/topic_tools_interfaces/include/topic_tools_interfaces/topic_tools_interfaces/srv/detail/mux_list__builder.hpp
[1.235s] -- Up-to-date: /home/nikunj/bwi_ros2_simulation/install/topic_tools_interfaces/include/topic_tools_interfaces/topic_tools_interfaces/srv/detail/mux_delete__traits.hpp
[1.235s] -- Up-to-date: /home/nikunj/bwi_ros2_simulation/install/topic_tools_interfaces/include/topic_tools_interfaces/topic_tools_interfaces/srv/detail/mux_delete__type_support.hpp
[1.235s] -- Up-to-date: /home/nikunj/bwi_ros2_simulation/install/topic_tools_interfaces/include/topic_tools_interfaces/topic_tools_interfaces/srv/detail/mux_list__struct.hpp
[1.235s] -- Up-to-date: /home/nikunj/bwi_ros2_simulation/install/topic_tools_interfaces/include/topic_tools_interfaces/topic_tools_interfaces/srv/detail/mux_add__builder.hpp
[1.235s] -- Up-to-date: /home/nikunj/bwi_ros2_simulation/install/topic_tools_interfaces/include/topic_tools_interfaces/topic_tools_interfaces/srv/detail/mux_select__traits.hpp
[1.236s] -- Up-to-date: /home/nikunj/bwi_ros2_simulation/install/topic_tools_interfaces/include/topic_tools_interfaces/topic_tools_interfaces/srv/detail/mux_add__struct.hpp
[1.236s] -- Up-to-date: /home/nikunj/bwi_ros2_simulation/install/topic_tools_interfaces/include/topic_tools_interfaces/topic_tools_interfaces/srv/mux_list.hpp
[1.236s] -- Up-to-date: /home/nikunj/bwi_ros2_simulation/install/topic_tools_interfaces/include/topic_tools_interfaces/topic_tools_interfaces/srv/mux_delete.hpp
[1.236s] -- Up-to-date: /home/nikunj/bwi_ros2_simulation/install/topic_tools_interfaces/include/topic_tools_interfaces/topic_tools_interfaces/msg
[1.236s] -- Up-to-date: /home/nikunj/bwi_ros2_simulation/install/topic_tools_interfaces/include/topic_tools_interfaces/topic_tools_interfaces/msg/rosidl_generator_cpp__visibility_control.hpp
[1.236s] -- Up-to-date: /home/nikunj/bwi_ros2_simulation/install/topic_tools_interfaces/include/topic_tools_interfaces/topic_tools_interfaces
[1.236s] -- Up-to-date: /home/nikunj/bwi_ros2_simulation/install/topic_tools_interfaces/include/topic_tools_interfaces/topic_tools_interfaces/srv
[1.237s] -- Up-to-date: /home/nikunj/bwi_ros2_simulation/install/topic_tools_interfaces/include/topic_tools_interfaces/topic_tools_interfaces/srv/detail
[1.237s] -- Up-to-date: /home/nikunj/bwi_ros2_simulation/install/topic_tools_interfaces/include/topic_tools_interfaces/topic_tools_interfaces/srv/detail/mux_delete__rosidl_typesupport_fastrtps_cpp.hpp
[1.237s] -- Up-to-date: /home/nikunj/bwi_ros2_simulation/install/topic_tools_interfaces/include/topic_tools_interfaces/topic_tools_interfaces/srv/detail/mux_list__rosidl_typesupport_fastrtps_cpp.hpp
[1.237s] -- Up-to-date: /home/nikunj/bwi_ros2_simulation/install/topic_tools_interfaces/include/topic_tools_interfaces/topic_tools_interfaces/srv/detail/mux_select__rosidl_typesupport_fastrtps_cpp.hpp
[1.237s] -- Up-to-date: /home/nikunj/bwi_ros2_simulation/install/topic_tools_interfaces/include/topic_tools_interfaces/topic_tools_interfaces/srv/detail/dds_fastrtps
[1.237s] -- Up-to-date: /home/nikunj/bwi_ros2_simulation/install/topic_tools_interfaces/include/topic_tools_interfaces/topic_tools_interfaces/srv/detail/mux_add__rosidl_typesupport_fastrtps_cpp.hpp
[1.237s] -- Up-to-date: /home/nikunj/bwi_ros2_simulation/install/topic_tools_interfaces/include/topic_tools_interfaces/topic_tools_interfaces/msg
[1.238s] -- Up-to-date: /home/nikunj/bwi_ros2_simulation/install/topic_tools_interfaces/include/topic_tools_interfaces/topic_tools_interfaces/msg/rosidl_typesupport_fastrtps_cpp__visibility_control.h
[1.238s] -- Up-to-date: /home/nikunj/bwi_ros2_simulation/install/topic_tools_interfaces/lib/libtopic_tools_interfaces__rosidl_typesupport_fastrtps_cpp.so
[1.238s] -- Up-to-date: /home/nikunj/bwi_ros2_simulation/install/topic_tools_interfaces/include/topic_tools_interfaces/topic_tools_interfaces
[1.238s] -- Up-to-date: /home/nikunj/bwi_ros2_simulation/install/topic_tools_interfaces/include/topic_tools_interfaces/topic_tools_interfaces/srv
[1.238s] -- Up-to-date: /home/nikunj/bwi_ros2_simulation/install/topic_tools_interfaces/include/topic_tools_interfaces/topic_tools_interfaces/srv/detail
[1.238s] -- Up-to-date: /home/nikunj/bwi_ros2_simulation/install/topic_tools_interfaces/include/topic_tools_interfaces/topic_tools_interfaces/srv/detail/mux_list__type_support.cpp
[1.238s] -- Up-to-date: /home/nikunj/bwi_ros2_simulation/install/topic_tools_interfaces/include/topic_tools_interfaces/topic_tools_interfaces/srv/detail/mux_add__type_support.cpp
[1.238s] -- Up-to-date: /home/nikunj/bwi_ros2_simulation/install/topic_tools_interfaces/include/topic_tools_interfaces/topic_tools_interfaces/srv/detail/mux_delete__rosidl_typesupport_introspection_cpp.hpp
[1.238s] -- Up-to-date: /home/nikunj/bwi_ros2_simulation/install/topic_tools_interfaces/include/topic_tools_interfaces/topic_tools_interfaces/srv/detail/mux_delete__type_support.cpp
[1.238s] -- Up-to-date: /home/nikunj/bwi_ros2_simulation/install/topic_tools_interfaces/include/topic_tools_interfaces/topic_tools_interfaces/srv/detail/mux_list__rosidl_typesupport_introspection_cpp.hpp
[1.239s] -- Up-to-date: /home/nikunj/bwi_ros2_simulation/install/topic_tools_interfaces/include/topic_tools_interfaces/topic_tools_interfaces/srv/detail/mux_add__rosidl_typesupport_introspection_cpp.hpp
[1.239s] -- Up-to-date: /home/nikunj/bwi_ros2_simulation/install/topic_tools_interfaces/include/topic_tools_interfaces/topic_tools_interfaces/srv/detail/mux_select__type_support.cpp
[1.254s] -- Up-to-date: /home/nikunj/bwi_ros2_simulation/install/topic_tools_interfaces/include/topic_tools_interfaces/topic_tools_interfaces/srv/detail/mux_select__rosidl_typesupport_introspection_cpp.hpp
[1.255s] -- Up-to-date: /home/nikunj/bwi_ros2_simulation/install/topic_tools_interfaces/lib/libtopic_tools_interfaces__rosidl_typesupport_introspection_cpp.so
[1.255s] -- Up-to-date: /home/nikunj/bwi_ros2_simulation/install/topic_tools_interfaces/lib/libtopic_tools_interfaces__rosidl_typesupport_cpp.so
[1.255s] -- Up-to-date: /home/nikunj/bwi_ros2_simulation/install/topic_tools_interfaces/share/topic_tools_interfaces/environment/pythonpath.sh
[1.255s] -- Up-to-date: /home/nikunj/bwi_ros2_simulation/install/topic_tools_interfaces/share/topic_tools_interfaces/environment/pythonpath.dsv
[1.255s] -- Up-to-date: /home/nikunj/bwi_ros2_simulation/install/topic_tools_interfaces/local/lib/python3.10/dist-packages/topic_tools_interfaces-1.1.1-py3.10.egg-info
[1.255s] -- Installing: /home/nikunj/bwi_ros2_simulation/install/topic_tools_interfaces/local/lib/python3.10/dist-packages/topic_tools_interfaces-1.1.1-py3.10.egg-info/dependency_links.txt
[1.255s] -- Installing: /home/nikunj/bwi_ros2_simulation/install/topic_tools_interfaces/local/lib/python3.10/dist-packages/topic_tools_interfaces-1.1.1-py3.10.egg-info/top_level.txt
[1.256s] -- Installing: /home/nikunj/bwi_ros2_simulation/install/topic_tools_interfaces/local/lib/python3.10/dist-packages/topic_tools_interfaces-1.1.1-py3.10.egg-info/PKG-INFO
[1.256s] -- Installing: /home/nikunj/bwi_ros2_simulation/install/topic_tools_interfaces/local/lib/python3.10/dist-packages/topic_tools_interfaces-1.1.1-py3.10.egg-info/SOURCES.txt
[1.256s] -- Up-to-date: /home/nikunj/bwi_ros2_simulation/install/topic_tools_interfaces/local/lib/python3.10/dist-packages/topic_tools_interfaces
[1.256s] -- Up-to-date: /home/nikunj/bwi_ros2_simulation/install/topic_tools_interfaces/local/lib/python3.10/dist-packages/topic_tools_interfaces/topic_tools_interfaces_s__rosidl_typesupport_introspection_c.cpython-310-x86_64-linux-gnu.so
[1.256s] -- Up-to-date: /home/nikunj/bwi_ros2_simulation/install/topic_tools_interfaces/local/lib/python3.10/dist-packages/topic_tools_interfaces/_topic_tools_interfaces_s.ep.rosidl_typesupport_c.c
[1.256s] -- Up-to-date: /home/nikunj/bwi_ros2_simulation/install/topic_tools_interfaces/local/lib/python3.10/dist-packages/topic_tools_interfaces/_topic_tools_interfaces_s.ep.rosidl_typesupport_introspection_c.c
[1.256s] -- Up-to-date: /home/nikunj/bwi_ros2_simulation/install/topic_tools_interfaces/local/lib/python3.10/dist-packages/topic_tools_interfaces/topic_tools_interfaces_s__rosidl_typesupport_c.cpython-310-x86_64-linux-gnu.so
[1.256s] -- Up-to-date: /home/nikunj/bwi_ros2_simulation/install/topic_tools_interfaces/local/lib/python3.10/dist-packages/topic_tools_interfaces/topic_tools_interfaces_s__rosidl_typesupport_fastrtps_c.cpython-310-x86_64-linux-gnu.so
[1.256s] -- Up-to-date: /home/nikunj/bwi_ros2_simulation/install/topic_tools_interfaces/local/lib/python3.10/dist-packages/topic_tools_interfaces/__init__.py
[1.257s] -- Up-to-date: /home/nikunj/bwi_ros2_simulation/install/topic_tools_interfaces/local/lib/python3.10/dist-packages/topic_tools_interfaces/_topic_tools_interfaces_s.ep.rosidl_typesupport_fastrtps_c.c
[1.257s] -- Up-to-date: /home/nikunj/bwi_ros2_simulation/install/topic_tools_interfaces/local/lib/python3.10/dist-packages/topic_tools_interfaces/libtopic_tools_interfaces__rosidl_generator_py.so
[1.257s] -- Up-to-date: /home/nikunj/bwi_ros2_simulation/install/topic_tools_interfaces/local/lib/python3.10/dist-packages/topic_tools_interfaces/srv
[1.257s] -- Up-to-date: /home/nikunj/bwi_ros2_simulation/install/topic_tools_interfaces/local/lib/python3.10/dist-packages/topic_tools_interfaces/srv/_mux_list_s.c
[1.257s] -- Up-to-date: /home/nikunj/bwi_ros2_simulation/install/topic_tools_interfaces/local/lib/python3.10/dist-packages/topic_tools_interfaces/srv/_mux_select.py
[1.257s] -- Up-to-date: /home/nikunj/bwi_ros2_simulation/install/topic_tools_interfaces/local/lib/python3.10/dist-packages/topic_tools_interfaces/srv/_mux_add.py
[1.257s] -- Up-to-date: /home/nikunj/bwi_ros2_simulation/install/topic_tools_interfaces/local/lib/python3.10/dist-packages/topic_tools_interfaces/srv/_mux_delete_s.c
[1.257s] -- Up-to-date: /home/nikunj/bwi_ros2_simulation/install/topic_tools_interfaces/local/lib/python3.10/dist-packages/topic_tools_interfaces/srv/_mux_select_s.c
[1.257s] -- Up-to-date: /home/nikunj/bwi_ros2_simulation/install/topic_tools_interfaces/local/lib/python3.10/dist-packages/topic_tools_interfaces/srv/_mux_list.py
[1.257s] -- Up-to-date: /home/nikunj/bwi_ros2_simulation/install/topic_tools_interfaces/local/lib/python3.10/dist-packages/topic_tools_interfaces/srv/_mux_delete.py
[1.258s] -- Up-to-date: /home/nikunj/bwi_ros2_simulation/install/topic_tools_interfaces/local/lib/python3.10/dist-packages/topic_tools_interfaces/srv/__init__.py
[1.258s] -- Up-to-date: /home/nikunj/bwi_ros2_simulation/install/topic_tools_interfaces/local/lib/python3.10/dist-packages/topic_tools_interfaces/srv/_mux_add_s.c
[1.314s] Listing '/home/nikunj/bwi_ros2_simulation/install/topic_tools_interfaces/local/lib/python3.10/dist-packages/topic_tools_interfaces'...
[1.314s] Listing '/home/nikunj/bwi_ros2_simulation/install/topic_tools_interfaces/local/lib/python3.10/dist-packages/topic_tools_interfaces/srv'...
[1.321s] -- Up-to-date: /home/nikunj/bwi_ros2_simulation/install/topic_tools_interfaces/local/lib/python3.10/dist-packages/topic_tools_interfaces/topic_tools_interfaces_s__rosidl_typesupport_fastrtps_c.cpython-310-x86_64-linux-gnu.so
[1.321s] -- Up-to-date: /home/nikunj/bwi_ros2_simulation/install/topic_tools_interfaces/local/lib/python3.10/dist-packages/topic_tools_interfaces/topic_tools_interfaces_s__rosidl_typesupport_introspection_c.cpython-310-x86_64-linux-gnu.so
[1.321s] -- Up-to-date: /home/nikunj/bwi_ros2_simulation/install/topic_tools_interfaces/local/lib/python3.10/dist-packages/topic_tools_interfaces/topic_tools_interfaces_s__rosidl_typesupport_c.cpython-310-x86_64-linux-gnu.so
[1.323s] -- Up-to-date: /home/nikunj/bwi_ros2_simulation/install/topic_tools_interfaces/lib/libtopic_tools_interfaces__rosidl_generator_py.so
[1.324s] -- Up-to-date: /home/nikunj/bwi_ros2_simulation/install/topic_tools_interfaces/share/topic_tools_interfaces/srv/MuxAdd.idl
[1.324s] -- Up-to-date: /home/nikunj/bwi_ros2_simulation/install/topic_tools_interfaces/share/topic_tools_interfaces/srv/MuxDelete.idl
[1.326s] -- Up-to-date: /home/nikunj/bwi_ros2_simulation/install/topic_tools_interfaces/share/topic_tools_interfaces/srv/MuxList.idl
[1.327s] -- Up-to-date: /home/nikunj/bwi_ros2_simulation/install/topic_tools_interfaces/share/topic_tools_interfaces/srv/MuxSelect.idl
[1.327s] -- Up-to-date: /home/nikunj/bwi_ros2_simulation/install/topic_tools_interfaces/share/topic_tools_interfaces/srv/MuxAdd.srv
[1.327s] -- Up-to-date: /home/nikunj/bwi_ros2_simulation/install/topic_tools_interfaces/share/topic_tools_interfaces/srv/MuxAdd_Request.msg
[1.327s] -- Up-to-date: /home/nikunj/bwi_ros2_simulation/install/topic_tools_interfaces/share/topic_tools_interfaces/srv/MuxAdd_Response.msg
[1.327s] -- Up-to-date: /home/nikunj/bwi_ros2_simulation/install/topic_tools_interfaces/share/topic_tools_interfaces/srv/MuxDelete.srv
[1.328s] -- Up-to-date: /home/nikunj/bwi_ros2_simulation/install/topic_tools_interfaces/share/topic_tools_interfaces/srv/MuxDelete_Request.msg
[1.329s] -- Up-to-date: /home/nikunj/bwi_ros2_simulation/install/topic_tools_interfaces/share/topic_tools_interfaces/srv/MuxDelete_Response.msg
[1.329s] -- Up-to-date: /home/nikunj/bwi_ros2_simulation/install/topic_tools_interfaces/share/topic_tools_interfaces/srv/MuxList.srv
[1.329s] -- Up-to-date: /home/nikunj/bwi_ros2_simulation/install/topic_tools_interfaces/share/topic_tools_interfaces/srv/MuxList_Request.msg
[1.329s] -- Up-to-date: /home/nikunj/bwi_ros2_simulation/install/topic_tools_interfaces/share/topic_tools_interfaces/srv/MuxList_Response.msg
[1.329s] -- Up-to-date: /home/nikunj/bwi_ros2_simulation/install/topic_tools_interfaces/share/topic_tools_interfaces/srv/MuxSelect.srv
[1.329s] -- Up-to-date: /home/nikunj/bwi_ros2_simulation/install/topic_tools_interfaces/share/topic_tools_interfaces/srv/MuxSelect_Request.msg
[1.329s] -- Up-to-date: /home/nikunj/bwi_ros2_simulation/install/topic_tools_interfaces/share/topic_tools_interfaces/srv/MuxSelect_Response.msg
[1.329s] -- Up-to-date: /home/nikunj/bwi_ros2_simulation/install/topic_tools_interfaces/share/ament_index/resource_index/package_run_dependencies/topic_tools_interfaces
[1.330s] -- Up-to-date: /home/nikunj/bwi_ros2_simulation/install/topic_tools_interfaces/share/ament_index/resource_index/parent_prefix_path/topic_tools_interfaces
[1.330s] -- Up-to-date: /home/nikunj/bwi_ros2_simulation/install/topic_tools_interfaces/share/topic_tools_interfaces/environment/ament_prefix_path.sh
[1.330s] -- Up-to-date: /home/nikunj/bwi_ros2_simulation/install/topic_tools_interfaces/share/topic_tools_interfaces/environment/ament_prefix_path.dsv
[1.330s] -- Up-to-date: /home/nikunj/bwi_ros2_simulation/install/topic_tools_interfaces/share/topic_tools_interfaces/environment/path.sh
[1.330s] -- Up-to-date: /home/nikunj/bwi_ros2_simulation/install/topic_tools_interfaces/share/topic_tools_interfaces/environment/path.dsv
[1.330s] -- Up-to-date: /home/nikunj/bwi_ros2_simulation/install/topic_tools_interfaces/share/topic_tools_interfaces/local_setup.bash
[1.330s] -- Up-to-date: /home/nikunj/bwi_ros2_simulation/install/topic_tools_interfaces/share/topic_tools_interfaces/local_setup.sh
[1.330s] -- Up-to-date: /home/nikunj/bwi_ros2_simulation/install/topic_tools_interfaces/share/topic_tools_interfaces/local_setup.zsh
[1.330s] -- Up-to-date: /home/nikunj/bwi_ros2_simulation/install/topic_tools_interfaces/share/topic_tools_interfaces/local_setup.dsv
[1.330s] -- Installing: /home/nikunj/bwi_ros2_simulation/install/topic_tools_interfaces/share/topic_tools_interfaces/package.dsv
[1.330s] -- Up-to-date: /home/nikunj/bwi_ros2_simulation/install/topic_tools_interfaces/share/ament_index/resource_index/packages/topic_tools_interfaces
[1.330s] -- Up-to-date: /home/nikunj/bwi_ros2_simulation/install/topic_tools_interfaces/share/topic_tools_interfaces/cmake/export_topic_tools_interfaces__rosidl_generator_cExport.cmake
[1.330s] -- Up-to-date: /home/nikunj/bwi_ros2_simulation/install/topic_tools_interfaces/share/topic_tools_interfaces/cmake/export_topic_tools_interfaces__rosidl_generator_cExport-noconfig.cmake
[1.330s] -- Up-to-date: /home/nikunj/bwi_ros2_simulation/install/topic_tools_interfaces/share/topic_tools_interfaces/cmake/export_topic_tools_interfaces__rosidl_typesupport_fastrtps_cExport.cmake
[1.330s] -- Up-to-date: /home/nikunj/bwi_ros2_simulation/install/topic_tools_interfaces/share/topic_tools_interfaces/cmake/export_topic_tools_interfaces__rosidl_typesupport_fastrtps_cExport-noconfig.cmake
[1.331s] -- Up-to-date: /home/nikunj/bwi_ros2_simulation/install/topic_tools_interfaces/share/topic_tools_interfaces/cmake/topic_tools_interfaces__rosidl_typesupport_introspection_cExport.cmake
[1.331s] -- Up-to-date: /home/nikunj/bwi_ros2_simulation/install/topic_tools_interfaces/share/topic_tools_interfaces/cmake/topic_tools_interfaces__rosidl_typesupport_introspection_cExport-noconfig.cmake
[1.331s] -- Up-to-date: /home/nikunj/bwi_ros2_simulation/install/topic_tools_interfaces/share/topic_tools_interfaces/cmake/topic_tools_interfaces__rosidl_typesupport_cExport.cmake
[1.331s] -- Up-to-date: /home/nikunj/bwi_ros2_simulation/install/topic_tools_interfaces/share/topic_tools_interfaces/cmake/topic_tools_interfaces__rosidl_typesupport_cExport-noconfig.cmake
[1.331s] -- Up-to-date: /home/nikunj/bwi_ros2_simulation/install/topic_tools_interfaces/share/topic_tools_interfaces/cmake/export_topic_tools_interfaces__rosidl_generator_cppExport.cmake
[1.331s] -- Up-to-date: /home/nikunj/bwi_ros2_simulation/install/topic_tools_interfaces/share/topic_tools_interfaces/cmake/export_topic_tools_interfaces__rosidl_typesupport_fastrtps_cppExport.cmake
[1.331s] -- Up-to-date: /home/nikunj/bwi_ros2_simulation/install/topic_tools_interfaces/share/topic_tools_interfaces/cmake/export_topic_tools_interfaces__rosidl_typesupport_fastrtps_cppExport-noconfig.cmake
[1.331s] -- Up-to-date: /home/nikunj/bwi_ros2_simulation/install/topic_tools_interfaces/share/topic_tools_interfaces/cmake/topic_tools_interfaces__rosidl_typesupport_introspection_cppExport.cmake
[1.331s] -- Up-to-date: /home/nikunj/bwi_ros2_simulation/install/topic_tools_interfaces/share/topic_tools_interfaces/cmake/topic_tools_interfaces__rosidl_typesupport_introspection_cppExport-noconfig.cmake
[1.331s] -- Up-to-date: /home/nikunj/bwi_ros2_simulation/install/topic_tools_interfaces/share/topic_tools_interfaces/cmake/topic_tools_interfaces__rosidl_typesupport_cppExport.cmake
[1.331s] -- Up-to-date: /home/nikunj/bwi_ros2_simulation/install/topic_tools_interfaces/share/topic_tools_interfaces/cmake/topic_tools_interfaces__rosidl_typesupport_cppExport-noconfig.cmake
[1.331s] -- Up-to-date: /home/nikunj/bwi_ros2_simulation/install/topic_tools_interfaces/share/topic_tools_interfaces/cmake/export_topic_tools_interfaces__rosidl_generator_pyExport.cmake
[1.331s] -- Up-to-date: /home/nikunj/bwi_ros2_simulation/install/topic_tools_interfaces/share/topic_tools_interfaces/cmake/export_topic_tools_interfaces__rosidl_generator_pyExport-noconfig.cmake
[1.331s] -- Up-to-date: /home/nikunj/bwi_ros2_simulation/install/topic_tools_interfaces/share/topic_tools_interfaces/cmake/rosidl_cmake-extras.cmake
[1.331s] -- Up-to-date: /home/nikunj/bwi_ros2_simulation/install/topic_tools_interfaces/share/topic_tools_interfaces/cmake/ament_cmake_export_dependencies-extras.cmake
[1.331s] -- Up-to-date: /home/nikunj/bwi_ros2_simulation/install/topic_tools_interfaces/share/topic_tools_interfaces/cmake/ament_cmake_export_include_directories-extras.cmake
[1.331s] -- Up-to-date: /home/nikunj/bwi_ros2_simulation/install/topic_tools_interfaces/share/topic_tools_interfaces/cmake/ament_cmake_export_libraries-extras.cmake
[1.331s] -- Up-to-date: /home/nikunj/bwi_ros2_simulation/install/topic_tools_interfaces/share/topic_tools_interfaces/cmake/ament_cmake_export_targets-extras.cmake
[1.331s] -- Up-to-date: /home/nikunj/bwi_ros2_simulation/install/topic_tools_interfaces/share/topic_tools_interfaces/cmake/rosidl_cmake_export_typesupport_targets-extras.cmake
[1.331s] -- Up-to-date: /home/nikunj/bwi_ros2_simulation/install/topic_tools_interfaces/share/topic_tools_interfaces/cmake/rosidl_cmake_export_typesupport_libraries-extras.cmake
[1.331s] -- Up-to-date: /home/nikunj/bwi_ros2_simulation/install/topic_tools_interfaces/share/topic_tools_interfaces/cmake/topic_tools_interfacesConfig.cmake
[1.331s] -- Up-to-date: /home/nikunj/bwi_ros2_simulation/install/topic_tools_interfaces/share/topic_tools_interfaces/cmake/topic_tools_interfacesConfig-version.cmake
[1.331s] -- Up-to-date: /home/nikunj/bwi_ros2_simulation/install/topic_tools_interfaces/share/topic_tools_interfaces/package.xml
[1.450s] Invoked command in '/home/nikunj/bwi_ros2_simulation/build/topic_tools_interfaces' returned '0': CMAKE_PREFIX_PATH=/opt/ros/humble /usr/bin/cmake --install /home/nikunj/bwi_ros2_simulation/build/topic_tools_interfaces
