[0.827s] Invoking command in '/home/nikunj/bwi_ros2_simulation/build/topic_tools': CMAKE_PREFIX_PATH=/home/nikunj/bwi_ros2_simulation/install/topic_tools_interfaces:/home/nikunj/bwi_ros2_simulation/install/utexas_gdc:/home/nikunj/bwi_ros2_simulation/install/urg_node2:/home/nikunj/bwi_ros2_simulation/install/topic_tools:/home/nikunj/bwi_ros2_simulation/install/segway_rmp_ros2:/home/nikunj/bwi_ros2_simulation/install/segway_msgs:/home/nikunj/bwi_ros2_simulation/install/segway_description:/home/nikunj/bwi_ros2_simulation/install/segbot_description:/home/nikunj/bwi_ros2_simulation/install/pr2_description:/home/nikunj/bwi_ros2_simulation/install/nav2_bringup:/home/nikunj/bwi_ros2_simulation/install/my_virtual_obstacle_layer:/home/nikunj/bwi_ros2_simulation/install/libsegwayrmp:/home/nikunj/bwi_ros2_simulation/install/ivcon:/home/nikunj/bwi_ros2_simulation/install/convex_decomposition:/home/nikunj/bwi_ros2_simulation/install/test_odom:/home/nikunj/bwi_ros2_simulation/install/test_cmaes:/home/nikunj/bwi_ros2_simulation/install/teleop_multi_robot:/home/nikunj/bwi_ros2_simulation/install/scan_filter:/home/nikunj/bwi_ros2_simulation/install/kinect_data_collector:/home/nikunj/bwi_ros2_simulation/install/collision_monitor:/home/nikunj/bwi_ros2_simulation/install/bwi_tools:/home/nikunj/bwi_ros2_simulation/install/bwi_tasks:/home/nikunj/bwi_ros2_simulation/install/bwi_reset:/home/nikunj/bwi_ros2_simulation/install/bwi_perc:/opt/ros/humble:/home/nikunj/bwi_ros2_simulation/install/bwi_tasks_interface:/home/nikunj/bwi_ros2_simulation/install/bwi_perception_interface:/home/nikunj/bwi_ros2_simulation/install/bwi_launch:/home/nikunj/linorobot2_ws/install/sllidar_ros2:/home/nikunj/linorobot2_ws/install/micro_ros_setup:/home/nikunj/linorobot2_ws/install/linorobot2_bringup:/home/nikunj/linorobot2_ws/install/micro_ros_agent:/home/nikunj/linorobot2_ws/install/micro_ros_msgs:/home/nikunj/linorobot2_ws/install/linorobot2_viz:/home/nikunj/linorobot2_ws/install/linorobot2_navigation:/home/nikunj/linorobot2_ws/install/linorobot2_gazebo:/home/nikunj/linorobot2_ws/install/linorobot2_description:/home/nikunj/linorobot2_ws/install/linorobot2_base:/home/nikunj/linorobot2_ws/install/linorobot2 LD_LIBRARY_PATH=/home/nikunj/bwi_ros2_simulation/install/topic_tools_interfaces/lib:/home/nikunj/bwi_ros2_simulation/install/urg_node2/lib:/home/nikunj/bwi_ros2_simulation/install/topic_tools/lib:/home/nikunj/bwi_ros2_simulation/install/segway_rmp_ros2/lib:/home/nikunj/bwi_ros2_simulation/install/segway_msgs/lib:/home/nikunj/bwi_ros2_simulation/install/my_virtual_obstacle_layer/lib:/home/nikunj/bwi_ros2_simulation/install/libsegwayrmp/lib:/home/nikunj/bwi_ros2_simulation/install/bwi_tasks_interface/lib:/home/nikunj/bwi_ros2_simulation/install/bwi_perception_interface/lib:/home/nikunj/linorobot2_ws/install/micro_ros_agent/lib:/home/nikunj/linorobot2_ws/install/micro_ros_msgs/lib:/usr/lib/x86_64-linux-gnu/gazebo-11/plugins:/opt/ros/humble/opt/rviz_ogre_vendor/lib:/opt/ros/humble/lib/x86_64-linux-gnu:/opt/ros/humble/lib /usr/bin/cmake --build /home/nikunj/bwi_ros2_simulation/build/topic_tools -- -j32 -l32
[0.881s] [  2%] Built target ament_cmake_python_copy_topic_tools_setup
[0.881s] [  5%] Built target gtest
[0.881s] [ 10%] Built target gtest_main
[0.889s] [ 18%] Built target relay_node
[0.941s] [ 18%] Built target ament_cmake_python_copy_topic_tools
[0.946s] [ 24%] Built target relay
[0.946s] [ 29%] Built target test_relay
[0.947s] [ 37%] Built target throttle_node
[0.997s] [ 56%] Built target test_throttle
[0.997s] [ 56%] Built target drop_node
[1.000s] [ 56%] Built target throttle
[1.046s] [ 62%] Built target test_drop
[1.052s] [ 70%] Built target mux_node
[1.055s] [ 75%] Built target drop
[1.102s] [ 81%] Built target mux
[1.104s] [ 86%] Built target test_mux
[1.116s] [ 94%] Built target delay_node
[1.149s] [100%] Built target delay
[1.273s] running install_scripts
[1.276s] /usr/lib/python3/dist-packages/setuptools/command/install.py:34: SetuptoolsDeprecationWarning: setup.py install is deprecated. Use build and pip and other standards-based tools.
[1.276s]   warnings.warn(
[1.277s] running egg_info
[1.278s] writing topic_tools.egg-info/PKG-INFO
[1.278s] writing dependency_links to topic_tools.egg-info/dependency_links.txt
[1.278s] writing entry points to topic_tools.egg-info/entry_points.txt
[1.278s] writing top-level names to topic_tools.egg-info/top_level.txt
[1.281s] reading manifest file 'topic_tools.egg-info/SOURCES.txt'
[1.281s] writing manifest file 'topic_tools.egg-info/SOURCES.txt'
[1.309s] running egg_info
[1.309s] writing topic_tools.egg-info/PKG-INFO
[1.311s] writing dependency_links to topic_tools.egg-info/dependency_links.txt
[1.311s] writing entry points to topic_tools.egg-info/entry_points.txt
[1.311s] writing top-level names to topic_tools.egg-info/top_level.txt
[1.313s] [100%] Built target ament_cmake_python_build_topic_tools_egg
[1.314s] reading manifest file 'topic_tools.egg-info/SOURCES.txt'
[1.315s] writing manifest file 'topic_tools.egg-info/SOURCES.txt'
[1.317s] Installing relay_field script to scripts
[1.317s] Installing transform script to scripts
[1.356s] [100%] Built target ament_cmake_python_build_topic_tools_scripts
[1.373s] Invoked command in '/home/nikunj/bwi_ros2_simulation/build/topic_tools' returned '0': CMAKE_PREFIX_PATH=/home/nikunj/bwi_ros2_simulation/install/topic_tools_interfaces:/home/nikunj/bwi_ros2_simulation/install/utexas_gdc:/home/nikunj/bwi_ros2_simulation/install/urg_node2:/home/nikunj/bwi_ros2_simulation/install/topic_tools:/home/nikunj/bwi_ros2_simulation/install/segway_rmp_ros2:/home/nikunj/bwi_ros2_simulation/install/segway_msgs:/home/nikunj/bwi_ros2_simulation/install/segway_description:/home/nikunj/bwi_ros2_simulation/install/segbot_description:/home/nikunj/bwi_ros2_simulation/install/pr2_description:/home/nikunj/bwi_ros2_simulation/install/nav2_bringup:/home/nikunj/bwi_ros2_simulation/install/my_virtual_obstacle_layer:/home/nikunj/bwi_ros2_simulation/install/libsegwayrmp:/home/nikunj/bwi_ros2_simulation/install/ivcon:/home/nikunj/bwi_ros2_simulation/install/convex_decomposition:/home/nikunj/bwi_ros2_simulation/install/test_odom:/home/nikunj/bwi_ros2_simulation/install/test_cmaes:/home/nikunj/bwi_ros2_simulation/install/teleop_multi_robot:/home/nikunj/bwi_ros2_simulation/install/scan_filter:/home/nikunj/bwi_ros2_simulation/install/kinect_data_collector:/home/nikunj/bwi_ros2_simulation/install/collision_monitor:/home/nikunj/bwi_ros2_simulation/install/bwi_tools:/home/nikunj/bwi_ros2_simulation/install/bwi_tasks:/home/nikunj/bwi_ros2_simulation/install/bwi_reset:/home/nikunj/bwi_ros2_simulation/install/bwi_perc:/opt/ros/humble:/home/nikunj/bwi_ros2_simulation/install/bwi_tasks_interface:/home/nikunj/bwi_ros2_simulation/install/bwi_perception_interface:/home/nikunj/bwi_ros2_simulation/install/bwi_launch:/home/nikunj/linorobot2_ws/install/sllidar_ros2:/home/nikunj/linorobot2_ws/install/micro_ros_setup:/home/nikunj/linorobot2_ws/install/linorobot2_bringup:/home/nikunj/linorobot2_ws/install/micro_ros_agent:/home/nikunj/linorobot2_ws/install/micro_ros_msgs:/home/nikunj/linorobot2_ws/install/linorobot2_viz:/home/nikunj/linorobot2_ws/install/linorobot2_navigation:/home/nikunj/linorobot2_ws/install/linorobot2_gazebo:/home/nikunj/linorobot2_ws/install/linorobot2_description:/home/nikunj/linorobot2_ws/install/linorobot2_base:/home/nikunj/linorobot2_ws/install/linorobot2 LD_LIBRARY_PATH=/home/nikunj/bwi_ros2_simulation/install/topic_tools_interfaces/lib:/home/nikunj/bwi_ros2_simulation/install/urg_node2/lib:/home/nikunj/bwi_ros2_simulation/install/topic_tools/lib:/home/nikunj/bwi_ros2_simulation/install/segway_rmp_ros2/lib:/home/nikunj/bwi_ros2_simulation/install/segway_msgs/lib:/home/nikunj/bwi_ros2_simulation/install/my_virtual_obstacle_layer/lib:/home/nikunj/bwi_ros2_simulation/install/libsegwayrmp/lib:/home/nikunj/bwi_ros2_simulation/install/bwi_tasks_interface/lib:/home/nikunj/bwi_ros2_simulation/install/bwi_perception_interface/lib:/home/nikunj/linorobot2_ws/install/micro_ros_agent/lib:/home/nikunj/linorobot2_ws/install/micro_ros_msgs/lib:/usr/lib/x86_64-linux-gnu/gazebo-11/plugins:/opt/ros/humble/opt/rviz_ogre_vendor/lib:/opt/ros/humble/lib/x86_64-linux-gnu:/opt/ros/humble/lib /usr/bin/cmake --build /home/nikunj/bwi_ros2_simulation/build/topic_tools -- -j32 -l32
[1.375s] Invoking command in '/home/nikunj/bwi_ros2_simulation/build/topic_tools': CMAKE_PREFIX_PATH=/home/nikunj/bwi_ros2_simulation/install/topic_tools_interfaces:/home/nikunj/bwi_ros2_simulation/install/utexas_gdc:/home/nikunj/bwi_ros2_simulation/install/urg_node2:/home/nikunj/bwi_ros2_simulation/install/topic_tools:/home/nikunj/bwi_ros2_simulation/install/segway_rmp_ros2:/home/nikunj/bwi_ros2_simulation/install/segway_msgs:/home/nikunj/bwi_ros2_simulation/install/segway_description:/home/nikunj/bwi_ros2_simulation/install/segbot_description:/home/nikunj/bwi_ros2_simulation/install/pr2_description:/home/nikunj/bwi_ros2_simulation/install/nav2_bringup:/home/nikunj/bwi_ros2_simulation/install/my_virtual_obstacle_layer:/home/nikunj/bwi_ros2_simulation/install/libsegwayrmp:/home/nikunj/bwi_ros2_simulation/install/ivcon:/home/nikunj/bwi_ros2_simulation/install/convex_decomposition:/home/nikunj/bwi_ros2_simulation/install/test_odom:/home/nikunj/bwi_ros2_simulation/install/test_cmaes:/home/nikunj/bwi_ros2_simulation/install/teleop_multi_robot:/home/nikunj/bwi_ros2_simulation/install/scan_filter:/home/nikunj/bwi_ros2_simulation/install/kinect_data_collector:/home/nikunj/bwi_ros2_simulation/install/collision_monitor:/home/nikunj/bwi_ros2_simulation/install/bwi_tools:/home/nikunj/bwi_ros2_simulation/install/bwi_tasks:/home/nikunj/bwi_ros2_simulation/install/bwi_reset:/home/nikunj/bwi_ros2_simulation/install/bwi_perc:/opt/ros/humble:/home/nikunj/bwi_ros2_simulation/install/bwi_tasks_interface:/home/nikunj/bwi_ros2_simulation/install/bwi_perception_interface:/home/nikunj/bwi_ros2_simulation/install/bwi_launch:/home/nikunj/linorobot2_ws/install/sllidar_ros2:/home/nikunj/linorobot2_ws/install/micro_ros_setup:/home/nikunj/linorobot2_ws/install/linorobot2_bringup:/home/nikunj/linorobot2_ws/install/micro_ros_agent:/home/nikunj/linorobot2_ws/install/micro_ros_msgs:/home/nikunj/linorobot2_ws/install/linorobot2_viz:/home/nikunj/linorobot2_ws/install/linorobot2_navigation:/home/nikunj/linorobot2_ws/install/linorobot2_gazebo:/home/nikunj/linorobot2_ws/install/linorobot2_description:/home/nikunj/linorobot2_ws/install/linorobot2_base:/home/nikunj/linorobot2_ws/install/linorobot2 LD_LIBRARY_PATH=/home/nikunj/bwi_ros2_simulation/install/topic_tools_interfaces/lib:/home/nikunj/bwi_ros2_simulation/install/urg_node2/lib:/home/nikunj/bwi_ros2_simulation/install/topic_tools/lib:/home/nikunj/bwi_ros2_simulation/install/segway_rmp_ros2/lib:/home/nikunj/bwi_ros2_simulation/install/segway_msgs/lib:/home/nikunj/bwi_ros2_simulation/install/my_virtual_obstacle_layer/lib:/home/nikunj/bwi_ros2_simulation/install/libsegwayrmp/lib:/home/nikunj/bwi_ros2_simulation/install/bwi_tasks_interface/lib:/home/nikunj/bwi_ros2_simulation/install/bwi_perception_interface/lib:/home/nikunj/linorobot2_ws/install/micro_ros_agent/lib:/home/nikunj/linorobot2_ws/install/micro_ros_msgs/lib:/usr/lib/x86_64-linux-gnu/gazebo-11/plugins:/opt/ros/humble/opt/rviz_ogre_vendor/lib:/opt/ros/humble/lib/x86_64-linux-gnu:/opt/ros/humble/lib /usr/bin/cmake --install /home/nikunj/bwi_ros2_simulation/build/topic_tools
[1.386s] -- Install configuration: ""
[1.386s] -- Up-to-date: /home/nikunj/bwi_ros2_simulation/install/topic_tools/share/topic_tools/environment/pythonpath.sh
[1.386s] -- Up-to-date: /home/nikunj/bwi_ros2_simulation/install/topic_tools/share/topic_tools/environment/pythonpath.dsv
[1.386s] -- Up-to-date: /home/nikunj/bwi_ros2_simulation/install/topic_tools/local/lib/python3.10/dist-packages/topic_tools-1.1.1-py3.10.egg-info
[1.386s] -- Installing: /home/nikunj/bwi_ros2_simulation/install/topic_tools/local/lib/python3.10/dist-packages/topic_tools-1.1.1-py3.10.egg-info/dependency_links.txt
[1.386s] -- Installing: /home/nikunj/bwi_ros2_simulation/install/topic_tools/local/lib/python3.10/dist-packages/topic_tools-1.1.1-py3.10.egg-info/entry_points.txt
[1.386s] -- Installing: /home/nikunj/bwi_ros2_simulation/install/topic_tools/local/lib/python3.10/dist-packages/topic_tools-1.1.1-py3.10.egg-info/top_level.txt
[1.386s] -- Installing: /home/nikunj/bwi_ros2_simulation/install/topic_tools/local/lib/python3.10/dist-packages/topic_tools-1.1.1-py3.10.egg-info/PKG-INFO
[1.386s] -- Installing: /home/nikunj/bwi_ros2_simulation/install/topic_tools/local/lib/python3.10/dist-packages/topic_tools-1.1.1-py3.10.egg-info/SOURCES.txt
[1.386s] -- Up-to-date: /home/nikunj/bwi_ros2_simulation/install/topic_tools/lib/topic_tools/
[1.386s] -- Installing: /home/nikunj/bwi_ros2_simulation/install/topic_tools/lib/topic_tools//relay_field
[1.386s] -- Installing: /home/nikunj/bwi_ros2_simulation/install/topic_tools/lib/topic_tools//transform
[1.387s] -- Up-to-date: /home/nikunj/bwi_ros2_simulation/install/topic_tools/local/lib/python3.10/dist-packages/topic_tools
[1.387s] -- Up-to-date: /home/nikunj/bwi_ros2_simulation/install/topic_tools/local/lib/python3.10/dist-packages/topic_tools/transform.py
[1.387s] -- Up-to-date: /home/nikunj/bwi_ros2_simulation/install/topic_tools/local/lib/python3.10/dist-packages/topic_tools/relay_field.py
[1.387s] -- Up-to-date: /home/nikunj/bwi_ros2_simulation/install/topic_tools/local/lib/python3.10/dist-packages/topic_tools/setup.cfg
[1.387s] -- Up-to-date: /home/nikunj/bwi_ros2_simulation/install/topic_tools/local/lib/python3.10/dist-packages/topic_tools/__init__.py
[1.441s] Listing '/home/nikunj/bwi_ros2_simulation/install/topic_tools/local/lib/python3.10/dist-packages/topic_tools'...
[1.445s] -- Up-to-date: /home/nikunj/bwi_ros2_simulation/install/topic_tools/include
[1.445s] -- Up-to-date: /home/nikunj/bwi_ros2_simulation/install/topic_tools/include/topic_tools
[1.445s] -- Up-to-date: /home/nikunj/bwi_ros2_simulation/install/topic_tools/include/topic_tools/drop_node.hpp
[1.445s] -- Up-to-date: /home/nikunj/bwi_ros2_simulation/install/topic_tools/include/topic_tools/mux_node.hpp
[1.446s] -- Up-to-date: /home/nikunj/bwi_ros2_simulation/install/topic_tools/include/topic_tools/tool_base_node.hpp
[1.446s] -- Up-to-date: /home/nikunj/bwi_ros2_simulation/install/topic_tools/include/topic_tools/delay_node.hpp
[1.446s] -- Up-to-date: /home/nikunj/bwi_ros2_simulation/install/topic_tools/include/topic_tools/visibility_control.h
[1.446s] -- Up-to-date: /home/nikunj/bwi_ros2_simulation/install/topic_tools/include/topic_tools/relay_node.hpp
[1.446s] -- Up-to-date: /home/nikunj/bwi_ros2_simulation/install/topic_tools/include/topic_tools/throttle_node.hpp
[1.446s] -- Up-to-date: /home/nikunj/bwi_ros2_simulation/install/topic_tools/share/topic_tools/environment/library_path.sh
[1.446s] -- Up-to-date: /home/nikunj/bwi_ros2_simulation/install/topic_tools/share/topic_tools/environment/library_path.dsv
[1.446s] -- Up-to-date: /home/nikunj/bwi_ros2_simulation/install/topic_tools/lib/librelay_node.so
[1.447s] -- Up-to-date: /home/nikunj/bwi_ros2_simulation/install/topic_tools/lib/libthrottle_node.so
[1.447s] -- Up-to-date: /home/nikunj/bwi_ros2_simulation/install/topic_tools/lib/libdrop_node.so
[1.447s] -- Up-to-date: /home/nikunj/bwi_ros2_simulation/install/topic_tools/lib/libmux_node.so
[1.447s] -- Up-to-date: /home/nikunj/bwi_ros2_simulation/install/topic_tools/lib/libdelay_node.so
[1.447s] -- Up-to-date: /home/nikunj/bwi_ros2_simulation/install/topic_tools/lib/topic_tools/relay
[1.447s] -- Up-to-date: /home/nikunj/bwi_ros2_simulation/install/topic_tools/lib/topic_tools/throttle
[1.447s] -- Up-to-date: /home/nikunj/bwi_ros2_simulation/install/topic_tools/lib/topic_tools/drop
[1.447s] -- Up-to-date: /home/nikunj/bwi_ros2_simulation/install/topic_tools/lib/topic_tools/mux
[1.447s] -- Up-to-date: /home/nikunj/bwi_ros2_simulation/install/topic_tools/lib/topic_tools/delay
[1.448s] -- Up-to-date: /home/nikunj/bwi_ros2_simulation/install/topic_tools/share/topic_tools/launch
[1.448s] -- Up-to-date: /home/nikunj/bwi_ros2_simulation/install/topic_tools/share/topic_tools/launch/relay.launch
[1.448s] -- Up-to-date: /home/nikunj/bwi_ros2_simulation/install/topic_tools/share/ament_index/resource_index/package_run_dependencies/topic_tools
[1.448s] -- Up-to-date: /home/nikunj/bwi_ros2_simulation/install/topic_tools/share/ament_index/resource_index/parent_prefix_path/topic_tools
[1.448s] -- Up-to-date: /home/nikunj/bwi_ros2_simulation/install/topic_tools/share/topic_tools/environment/ament_prefix_path.sh
[1.448s] -- Up-to-date: /home/nikunj/bwi_ros2_simulation/install/topic_tools/share/topic_tools/environment/ament_prefix_path.dsv
[1.448s] -- Up-to-date: /home/nikunj/bwi_ros2_simulation/install/topic_tools/share/topic_tools/environment/path.sh
[1.448s] -- Up-to-date: /home/nikunj/bwi_ros2_simulation/install/topic_tools/share/topic_tools/environment/path.dsv
[1.448s] -- Up-to-date: /home/nikunj/bwi_ros2_simulation/install/topic_tools/share/topic_tools/local_setup.bash
[1.448s] -- Up-to-date: /home/nikunj/bwi_ros2_simulation/install/topic_tools/share/topic_tools/local_setup.sh
[1.448s] -- Up-to-date: /home/nikunj/bwi_ros2_simulation/install/topic_tools/share/topic_tools/local_setup.zsh
[1.449s] -- Up-to-date: /home/nikunj/bwi_ros2_simulation/install/topic_tools/share/topic_tools/local_setup.dsv
[1.449s] -- Installing: /home/nikunj/bwi_ros2_simulation/install/topic_tools/share/topic_tools/package.dsv
[1.449s] -- Up-to-date: /home/nikunj/bwi_ros2_simulation/install/topic_tools/share/ament_index/resource_index/packages/topic_tools
[1.449s] -- Up-to-date: /home/nikunj/bwi_ros2_simulation/install/topic_tools/share/ament_index/resource_index/rclcpp_components/topic_tools
[1.449s] -- Up-to-date: /home/nikunj/bwi_ros2_simulation/install/topic_tools/share/topic_tools/cmake/ament_cmake_export_dependencies-extras.cmake
[1.449s] -- Up-to-date: /home/nikunj/bwi_ros2_simulation/install/topic_tools/share/topic_tools/cmake/ament_cmake_export_include_directories-extras.cmake
[1.449s] -- Up-to-date: /home/nikunj/bwi_ros2_simulation/install/topic_tools/share/topic_tools/cmake/ament_cmake_export_libraries-extras.cmake
[1.449s] -- Up-to-date: /home/nikunj/bwi_ros2_simulation/install/topic_tools/share/topic_tools/cmake/topic_toolsConfig.cmake
[1.450s] -- Up-to-date: /home/nikunj/bwi_ros2_simulation/install/topic_tools/share/topic_tools/cmake/topic_toolsConfig-version.cmake
[1.450s] -- Up-to-date: /home/nikunj/bwi_ros2_simulation/install/topic_tools/share/topic_tools/package.xml
[1.451s] Invoked command in '/home/nikunj/bwi_ros2_simulation/build/topic_tools' returned '0': CMAKE_PREFIX_PATH=/home/nikunj/bwi_ros2_simulation/install/topic_tools_interfaces:/home/nikunj/bwi_ros2_simulation/install/utexas_gdc:/home/nikunj/bwi_ros2_simulation/install/urg_node2:/home/nikunj/bwi_ros2_simulation/install/topic_tools:/home/nikunj/bwi_ros2_simulation/install/segway_rmp_ros2:/home/nikunj/bwi_ros2_simulation/install/segway_msgs:/home/nikunj/bwi_ros2_simulation/install/segway_description:/home/nikunj/bwi_ros2_simulation/install/segbot_description:/home/nikunj/bwi_ros2_simulation/install/pr2_description:/home/nikunj/bwi_ros2_simulation/install/nav2_bringup:/home/nikunj/bwi_ros2_simulation/install/my_virtual_obstacle_layer:/home/nikunj/bwi_ros2_simulation/install/libsegwayrmp:/home/nikunj/bwi_ros2_simulation/install/ivcon:/home/nikunj/bwi_ros2_simulation/install/convex_decomposition:/home/nikunj/bwi_ros2_simulation/install/test_odom:/home/nikunj/bwi_ros2_simulation/install/test_cmaes:/home/nikunj/bwi_ros2_simulation/install/teleop_multi_robot:/home/nikunj/bwi_ros2_simulation/install/scan_filter:/home/nikunj/bwi_ros2_simulation/install/kinect_data_collector:/home/nikunj/bwi_ros2_simulation/install/collision_monitor:/home/nikunj/bwi_ros2_simulation/install/bwi_tools:/home/nikunj/bwi_ros2_simulation/install/bwi_tasks:/home/nikunj/bwi_ros2_simulation/install/bwi_reset:/home/nikunj/bwi_ros2_simulation/install/bwi_perc:/opt/ros/humble:/home/nikunj/bwi_ros2_simulation/install/bwi_tasks_interface:/home/nikunj/bwi_ros2_simulation/install/bwi_perception_interface:/home/nikunj/bwi_ros2_simulation/install/bwi_launch:/home/nikunj/linorobot2_ws/install/sllidar_ros2:/home/nikunj/linorobot2_ws/install/micro_ros_setup:/home/nikunj/linorobot2_ws/install/linorobot2_bringup:/home/nikunj/linorobot2_ws/install/micro_ros_agent:/home/nikunj/linorobot2_ws/install/micro_ros_msgs:/home/nikunj/linorobot2_ws/install/linorobot2_viz:/home/nikunj/linorobot2_ws/install/linorobot2_navigation:/home/nikunj/linorobot2_ws/install/linorobot2_gazebo:/home/nikunj/linorobot2_ws/install/linorobot2_description:/home/nikunj/linorobot2_ws/install/linorobot2_base:/home/nikunj/linorobot2_ws/install/linorobot2 LD_LIBRARY_PATH=/home/nikunj/bwi_ros2_simulation/install/topic_tools_interfaces/lib:/home/nikunj/bwi_ros2_simulation/install/urg_node2/lib:/home/nikunj/bwi_ros2_simulation/install/topic_tools/lib:/home/nikunj/bwi_ros2_simulation/install/segway_rmp_ros2/lib:/home/nikunj/bwi_ros2_simulation/install/segway_msgs/lib:/home/nikunj/bwi_ros2_simulation/install/my_virtual_obstacle_layer/lib:/home/nikunj/bwi_ros2_simulation/install/libsegwayrmp/lib:/home/nikunj/bwi_ros2_simulation/install/bwi_tasks_interface/lib:/home/nikunj/bwi_ros2_simulation/install/bwi_perception_interface/lib:/home/nikunj/linorobot2_ws/install/micro_ros_agent/lib:/home/nikunj/linorobot2_ws/install/micro_ros_msgs/lib:/usr/lib/x86_64-linux-gnu/gazebo-11/plugins:/opt/ros/humble/opt/rviz_ogre_vendor/lib:/opt/ros/humble/lib/x86_64-linux-gnu:/opt/ros/humble/lib /usr/bin/cmake --install /home/nikunj/bwi_ros2_simulation/build/topic_tools
