[1.194s] Invoking command in '/home/nikunj/bwi_ros2_simulation/src/bwi_tools': CMAKE_PREFIX_PATH=/home/nikunj/bwi_ros2_simulation/install/bwi_perception_interface:/home/nikunj/bwi_ros2_simulation/install/velodyne:/home/nikunj/bwi_ros2_simulation/install/velodyne_pointcloud:/home/nikunj/bwi_ros2_simulation/install/velodyne_driver:/home/nikunj/bwi_ros2_simulation/install/velodyne_msgs:/home/nikunj/bwi_ros2_simulation/install/velodyne_laserscan:/home/nikunj/bwi_ros2_simulation/install/utexas_gdc:/home/nikunj/bwi_ros2_simulation/install/urg_node2:/home/nikunj/bwi_ros2_simulation/install/topic_tools:/home/nikunj/bwi_ros2_simulation/install/topic_tools_interfaces:/home/nikunj/bwi_ros2_simulation/install/segway_rmp_ros2:/home/nikunj/bwi_ros2_simulation/install/segway_msgs:/home/nikunj/bwi_ros2_simulation/install/segway_description:/home/nikunj/bwi_ros2_simulation/install/segbot_description:/home/nikunj/bwi_ros2_simulation/install/ros2_laser_scan_merger:/home/nikunj/bwi_ros2_simulation/install/pr2_description:/home/nikunj/bwi_ros2_simulation/install/nav2_bringup:/home/nikunj/bwi_ros2_simulation/install/my_virtual_obstacle_layer:/home/nikunj/bwi_ros2_simulation/install/map_augmentation:/home/nikunj/bwi_ros2_simulation/install/libsegwayrmp:/home/nikunj/bwi_ros2_simulation/install/ivcon:/home/nikunj/bwi_ros2_simulation/install/ds4_driver:/home/nikunj/bwi_ros2_simulation/install/ds4_driver_msgs:/home/nikunj/bwi_ros2_simulation/install/convex_decomposition:/home/nikunj/bwi_ros2_simulation/install/bwi_tasks_interface:/home/nikunj/bwi_ros2_simulation/install/bwi_launch:/home/nikunj/linorobot2_ws/install/sllidar_ros2:/home/nikunj/linorobot2_ws/install/micro_ros_setup:/home/nikunj/linorobot2_ws/install/linorobot2_bringup:/home/nikunj/linorobot2_ws/install/micro_ros_agent:/home/nikunj/linorobot2_ws/install/micro_ros_msgs:/home/nikunj/linorobot2_ws/install/linorobot2_viz:/home/nikunj/linorobot2_ws/install/linorobot2_navigation:/home/nikunj/linorobot2_ws/install/linorobot2_gazebo:/home/nikunj/linorobot2_ws/install/linorobot2_description:/home/nikunj/linorobot2_ws/install/linorobot2_base:/home/nikunj/linorobot2_ws/install/linorobot2 LD_LIBRARY_PATH=/home/nikunj/bwi_ros2_simulation/install/bwi_perception_interface/lib:/home/nikunj/bwi_ros2_simulation/install/velodyne_pointcloud/lib:/home/nikunj/bwi_ros2_simulation/install/velodyne_driver/lib:/home/nikunj/bwi_ros2_simulation/install/velodyne_msgs/lib:/home/nikunj/bwi_ros2_simulation/install/velodyne_laserscan/lib:/home/nikunj/bwi_ros2_simulation/install/urg_node2/lib:/home/nikunj/bwi_ros2_simulation/install/topic_tools/lib:/home/nikunj/bwi_ros2_simulation/install/topic_tools_interfaces/lib:/home/nikunj/bwi_ros2_simulation/install/segway_rmp_ros2/lib:/home/nikunj/bwi_ros2_simulation/install/segway_msgs/lib:/home/nikunj/bwi_ros2_simulation/install/my_virtual_obstacle_layer/lib:/home/nikunj/bwi_ros2_simulation/install/libsegwayrmp/lib:/home/nikunj/bwi_ros2_simulation/install/ds4_driver_msgs/lib:/home/nikunj/bwi_ros2_simulation/install/bwi_tasks_interface/lib:/home/nikunj/linorobot2_ws/install/micro_ros_agent/lib:/home/nikunj/linorobot2_ws/install/micro_ros_msgs/lib:/usr/lib/x86_64-linux-gnu/gazebo-11/plugins:/opt/ros/humble/opt/rviz_ogre_vendor/lib:/opt/ros/humble/lib/x86_64-linux-gnu:/opt/ros/humble/lib PYTHONPATH=/home/nikunj/bwi_ros2_simulation/build/bwi_tools/prefix_override:/usr/lib/python3/dist-packages/colcon_core/task/python/colcon_distutils_commands:/home/nikunj/bwi_ros2_simulation/install/bwi_tools/lib/python3.10/site-packages:${PYTHONPATH} /usr/bin/python3 -W ignore:setup.py install is deprecated -W ignore:easy_install command is deprecated setup.py egg_info --egg-base ../../build/bwi_tools build --build-base /home/nikunj/bwi_ros2_simulation/build/bwi_tools/build install --record /home/nikunj/bwi_ros2_simulation/build/bwi_tools/install.log --single-version-externally-managed install_data
[1.379s] running egg_info
[1.380s] creating ../../build/bwi_tools/bwi_tools.egg-info
[1.380s] writing ../../build/bwi_tools/bwi_tools.egg-info/PKG-INFO
[1.380s] writing dependency_links to ../../build/bwi_tools/bwi_tools.egg-info/dependency_links.txt
[1.380s] writing entry points to ../../build/bwi_tools/bwi_tools.egg-info/entry_points.txt
[1.380s] writing requirements to ../../build/bwi_tools/bwi_tools.egg-info/requires.txt
[1.380s] writing top-level names to ../../build/bwi_tools/bwi_tools.egg-info/top_level.txt
[1.380s] writing manifest file '../../build/bwi_tools/bwi_tools.egg-info/SOURCES.txt'
[1.381s] reading manifest file '../../build/bwi_tools/bwi_tools.egg-info/SOURCES.txt'
[1.381s] writing manifest file '../../build/bwi_tools/bwi_tools.egg-info/SOURCES.txt'
[1.381s] running build
[1.381s] running build_py
[1.381s] creating /home/nikunj/bwi_ros2_simulation/build/bwi_tools/build
[1.381s] creating /home/nikunj/bwi_ros2_simulation/build/bwi_tools/build/lib
[1.381s] creating /home/nikunj/bwi_ros2_simulation/build/bwi_tools/build/lib/bwi_tools
[1.381s] copying bwi_tools/detection_range_analysis.py -> /home/nikunj/bwi_ros2_simulation/build/bwi_tools/build/lib/bwi_tools
[1.381s] copying bwi_tools/__init__.py -> /home/nikunj/bwi_ros2_simulation/build/bwi_tools/build/lib/bwi_tools
[1.381s] running install
[1.381s] running install_lib
[1.381s] creating /home/nikunj/bwi_ros2_simulation/install/bwi_tools/lib/python3.10/site-packages/bwi_tools
[1.381s] copying /home/nikunj/bwi_ros2_simulation/build/bwi_tools/build/lib/bwi_tools/detection_range_analysis.py -> /home/nikunj/bwi_ros2_simulation/install/bwi_tools/lib/python3.10/site-packages/bwi_tools
[1.381s] copying /home/nikunj/bwi_ros2_simulation/build/bwi_tools/build/lib/bwi_tools/__init__.py -> /home/nikunj/bwi_ros2_simulation/install/bwi_tools/lib/python3.10/site-packages/bwi_tools
[1.381s] byte-compiling /home/nikunj/bwi_ros2_simulation/install/bwi_tools/lib/python3.10/site-packages/bwi_tools/detection_range_analysis.py to detection_range_analysis.cpython-310.pyc
[1.381s] byte-compiling /home/nikunj/bwi_ros2_simulation/install/bwi_tools/lib/python3.10/site-packages/bwi_tools/__init__.py to __init__.cpython-310.pyc
[1.381s] running install_data
[1.381s] creating /home/nikunj/bwi_ros2_simulation/install/bwi_tools/share/ament_index
[1.381s] creating /home/nikunj/bwi_ros2_simulation/install/bwi_tools/share/ament_index/resource_index
[1.381s] creating /home/nikunj/bwi_ros2_simulation/install/bwi_tools/share/ament_index/resource_index/packages
[1.381s] copying resource/bwi_tools -> /home/nikunj/bwi_ros2_simulation/install/bwi_tools/share/ament_index/resource_index/packages
[1.381s] copying package.xml -> /home/nikunj/bwi_ros2_simulation/install/bwi_tools/share/bwi_tools
[1.381s] running install_egg_info
[1.382s] Copying ../../build/bwi_tools/bwi_tools.egg-info to /home/nikunj/bwi_ros2_simulation/install/bwi_tools/lib/python3.10/site-packages/bwi_tools-0.0.0-py3.10.egg-info
[1.382s] running install_scripts
[1.395s] Installing range_analyzer_node script to /home/nikunj/bwi_ros2_simulation/install/bwi_tools/lib/bwi_tools
[1.396s] writing list of installed files to '/home/nikunj/bwi_ros2_simulation/build/bwi_tools/install.log'
[1.411s] Invoked command in '/home/nikunj/bwi_ros2_simulation/src/bwi_tools' returned '0': CMAKE_PREFIX_PATH=/home/nikunj/bwi_ros2_simulation/install/bwi_perception_interface:/home/nikunj/bwi_ros2_simulation/install/velodyne:/home/nikunj/bwi_ros2_simulation/install/velodyne_pointcloud:/home/nikunj/bwi_ros2_simulation/install/velodyne_driver:/home/nikunj/bwi_ros2_simulation/install/velodyne_msgs:/home/nikunj/bwi_ros2_simulation/install/velodyne_laserscan:/home/nikunj/bwi_ros2_simulation/install/utexas_gdc:/home/nikunj/bwi_ros2_simulation/install/urg_node2:/home/nikunj/bwi_ros2_simulation/install/topic_tools:/home/nikunj/bwi_ros2_simulation/install/topic_tools_interfaces:/home/nikunj/bwi_ros2_simulation/install/segway_rmp_ros2:/home/nikunj/bwi_ros2_simulation/install/segway_msgs:/home/nikunj/bwi_ros2_simulation/install/segway_description:/home/nikunj/bwi_ros2_simulation/install/segbot_description:/home/nikunj/bwi_ros2_simulation/install/ros2_laser_scan_merger:/home/nikunj/bwi_ros2_simulation/install/pr2_description:/home/nikunj/bwi_ros2_simulation/install/nav2_bringup:/home/nikunj/bwi_ros2_simulation/install/my_virtual_obstacle_layer:/home/nikunj/bwi_ros2_simulation/install/map_augmentation:/home/nikunj/bwi_ros2_simulation/install/libsegwayrmp:/home/nikunj/bwi_ros2_simulation/install/ivcon:/home/nikunj/bwi_ros2_simulation/install/ds4_driver:/home/nikunj/bwi_ros2_simulation/install/ds4_driver_msgs:/home/nikunj/bwi_ros2_simulation/install/convex_decomposition:/home/nikunj/bwi_ros2_simulation/install/bwi_tasks_interface:/home/nikunj/bwi_ros2_simulation/install/bwi_launch:/home/nikunj/linorobot2_ws/install/sllidar_ros2:/home/nikunj/linorobot2_ws/install/micro_ros_setup:/home/nikunj/linorobot2_ws/install/linorobot2_bringup:/home/nikunj/linorobot2_ws/install/micro_ros_agent:/home/nikunj/linorobot2_ws/install/micro_ros_msgs:/home/nikunj/linorobot2_ws/install/linorobot2_viz:/home/nikunj/linorobot2_ws/install/linorobot2_navigation:/home/nikunj/linorobot2_ws/install/linorobot2_gazebo:/home/nikunj/linorobot2_ws/install/linorobot2_description:/home/nikunj/linorobot2_ws/install/linorobot2_base:/home/nikunj/linorobot2_ws/install/linorobot2 LD_LIBRARY_PATH=/home/nikunj/bwi_ros2_simulation/install/bwi_perception_interface/lib:/home/nikunj/bwi_ros2_simulation/install/velodyne_pointcloud/lib:/home/nikunj/bwi_ros2_simulation/install/velodyne_driver/lib:/home/nikunj/bwi_ros2_simulation/install/velodyne_msgs/lib:/home/nikunj/bwi_ros2_simulation/install/velodyne_laserscan/lib:/home/nikunj/bwi_ros2_simulation/install/urg_node2/lib:/home/nikunj/bwi_ros2_simulation/install/topic_tools/lib:/home/nikunj/bwi_ros2_simulation/install/topic_tools_interfaces/lib:/home/nikunj/bwi_ros2_simulation/install/segway_rmp_ros2/lib:/home/nikunj/bwi_ros2_simulation/install/segway_msgs/lib:/home/nikunj/bwi_ros2_simulation/install/my_virtual_obstacle_layer/lib:/home/nikunj/bwi_ros2_simulation/install/libsegwayrmp/lib:/home/nikunj/bwi_ros2_simulation/install/ds4_driver_msgs/lib:/home/nikunj/bwi_ros2_simulation/install/bwi_tasks_interface/lib:/home/nikunj/linorobot2_ws/install/micro_ros_agent/lib:/home/nikunj/linorobot2_ws/install/micro_ros_msgs/lib:/usr/lib/x86_64-linux-gnu/gazebo-11/plugins:/opt/ros/humble/opt/rviz_ogre_vendor/lib:/opt/ros/humble/lib/x86_64-linux-gnu:/opt/ros/humble/lib PYTHONPATH=/home/nikunj/bwi_ros2_simulation/build/bwi_tools/prefix_override:/usr/lib/python3/dist-packages/colcon_core/task/python/colcon_distutils_commands:/home/nikunj/bwi_ros2_simulation/install/bwi_tools/lib/python3.10/site-packages:${PYTHONPATH} /usr/bin/python3 -W ignore:setup.py install is deprecated -W ignore:easy_install command is deprecated setup.py egg_info --egg-base ../../build/bwi_tools build --build-base /home/nikunj/bwi_ros2_simulation/build/bwi_tools/build install --record /home/nikunj/bwi_ros2_simulation/build/bwi_tools/install.log --single-version-externally-managed install_data
