running egg_info
creating ../../build/bwi_perc/bwi_perc.egg-info
writing ../../build/bwi_perc/bwi_perc.egg-info/PKG-INFO
writing dependency_links to ../../build/bwi_perc/bwi_perc.egg-info/dependency_links.txt
writing entry points to ../../build/bwi_perc/bwi_perc.egg-info/entry_points.txt
writing requirements to ../../build/bwi_perc/bwi_perc.egg-info/requires.txt
writing top-level names to ../../build/bwi_perc/bwi_perc.egg-info/top_level.txt
writing manifest file '../../build/bwi_perc/bwi_perc.egg-info/SOURCES.txt'
reading manifest file '../../build/bwi_perc/bwi_perc.egg-info/SOURCES.txt'
writing manifest file '../../build/bwi_perc/bwi_perc.egg-info/SOURCES.txt'
running build
running build_py
creating /home/nikunj/bwi_ros2_simulation/build/bwi_perc/build
creating /home/nikunj/bwi_ros2_simulation/build/bwi_perc/build/lib
creating /home/nikunj/bwi_ros2_simulation/build/bwi_perc/build/lib/bwi_perc
copying bwi_perc/bwibot_detection_gazebo_r1.py -> /home/nikunj/bwi_ros2_simulation/build/bwi_perc/build/lib/bwi_perc
copying bwi_perc/bwibot_detection_gazebo_r2.py -> /home/nikunj/bwi_ros2_simulation/build/bwi_perc/build/lib/bwi_perc
copying bwi_perc/__init__.py -> /home/nikunj/bwi_ros2_simulation/build/bwi_perc/build/lib/bwi_perc
running install
running install_lib
creating /home/nikunj/bwi_ros2_simulation/install/bwi_perc/lib/python3.10/site-packages/bwi_perc
copying /home/nikunj/bwi_ros2_simulation/build/bwi_perc/build/lib/bwi_perc/bwibot_detection_gazebo_r1.py -> /home/nikunj/bwi_ros2_simulation/install/bwi_perc/lib/python3.10/site-packages/bwi_perc
copying /home/nikunj/bwi_ros2_simulation/build/bwi_perc/build/lib/bwi_perc/bwibot_detection_gazebo_r2.py -> /home/nikunj/bwi_ros2_simulation/install/bwi_perc/lib/python3.10/site-packages/bwi_perc
copying /home/nikunj/bwi_ros2_simulation/build/bwi_perc/build/lib/bwi_perc/__init__.py -> /home/nikunj/bwi_ros2_simulation/install/bwi_perc/lib/python3.10/site-packages/bwi_perc
byte-compiling /home/nikunj/bwi_ros2_simulation/install/bwi_perc/lib/python3.10/site-packages/bwi_perc/bwibot_detection_gazebo_r1.py to bwibot_detection_gazebo_r1.cpython-310.pyc
byte-compiling /home/nikunj/bwi_ros2_simulation/install/bwi_perc/lib/python3.10/site-packages/bwi_perc/bwibot_detection_gazebo_r2.py to bwibot_detection_gazebo_r2.cpython-310.pyc
byte-compiling /home/nikunj/bwi_ros2_simulation/install/bwi_perc/lib/python3.10/site-packages/bwi_perc/__init__.py to __init__.cpython-310.pyc
running install_data
creating /home/nikunj/bwi_ros2_simulation/install/bwi_perc/share/ament_index
creating /home/nikunj/bwi_ros2_simulation/install/bwi_perc/share/ament_index/resource_index
creating /home/nikunj/bwi_ros2_simulation/install/bwi_perc/share/ament_index/resource_index/packages
copying resource/bwi_perc -> /home/nikunj/bwi_ros2_simulation/install/bwi_perc/share/ament_index/resource_index/packages
copying package.xml -> /home/nikunj/bwi_ros2_simulation/install/bwi_perc/share/bwi_perc
running install_egg_info
Copying ../../build/bwi_perc/bwi_perc.egg-info to /home/nikunj/bwi_ros2_simulation/install/bwi_perc/lib/python3.10/site-packages/bwi_perc-0.0.0-py3.10.egg-info
running install_scripts
Installing bwibot_detection_gazebo_r1 script to /home/nikunj/bwi_ros2_simulation/install/bwi_perc/lib/bwi_perc
Installing bwibot_detection_gazebo_r2 script to /home/nikunj/bwi_ros2_simulation/install/bwi_perc/lib/bwi_perc
writing list of installed files to '/home/nikunj/bwi_ros2_simulation/build/bwi_perc/install.log'
