[1.090s] Invoking command in '/home/nikunj/bwi_ros2_simulation/src/bwi_perc': CMAKE_PREFIX_PATH=/home/nikunj/bwi_ros2_simulation/install/bwi_perception_interface:/home/nikunj/bwi_ros2_simulation/install/velodyne:/home/nikunj/bwi_ros2_simulation/install/velodyne_pointcloud:/home/nikunj/bwi_ros2_simulation/install/velodyne_driver:/home/nikunj/bwi_ros2_simulation/install/velodyne_msgs:/home/nikunj/bwi_ros2_simulation/install/velodyne_laserscan:/home/nikunj/bwi_ros2_simulation/install/utexas_gdc:/home/nikunj/bwi_ros2_simulation/install/urg_node2:/home/nikunj/bwi_ros2_simulation/install/topic_tools:/home/nikunj/bwi_ros2_simulation/install/topic_tools_interfaces:/home/nikunj/bwi_ros2_simulation/install/segway_rmp_ros2:/home/nikunj/bwi_ros2_simulation/install/segway_msgs:/home/nikunj/bwi_ros2_simulation/install/segway_description:/home/nikunj/bwi_ros2_simulation/install/segbot_description:/home/nikunj/bwi_ros2_simulation/install/ros2_laser_scan_merger:/home/nikunj/bwi_ros2_simulation/install/pr2_description:/home/nikunj/bwi_ros2_simulation/install/nav2_bringup:/home/nikunj/bwi_ros2_simulation/install/my_virtual_obstacle_layer:/home/nikunj/bwi_ros2_simulation/install/map_augmentation:/home/nikunj/bwi_ros2_simulation/install/libsegwayrmp:/home/nikunj/bwi_ros2_simulation/install/ivcon:/home/nikunj/bwi_ros2_simulation/install/ds4_driver:/home/nikunj/bwi_ros2_simulation/install/ds4_driver_msgs:/home/nikunj/bwi_ros2_simulation/install/convex_decomposition:/home/nikunj/bwi_ros2_simulation/install/bwi_tasks_interface:/home/nikunj/bwi_ros2_simulation/install/bwi_launch:/home/nikunj/linorobot2_ws/install/sllidar_ros2:/home/nikunj/linorobot2_ws/install/micro_ros_setup:/home/nikunj/linorobot2_ws/install/linorobot2_bringup:/home/nikunj/linorobot2_ws/install/micro_ros_agent:/home/nikunj/linorobot2_ws/install/micro_ros_msgs:/home/nikunj/linorobot2_ws/install/linorobot2_viz:/home/nikunj/linorobot2_ws/install/linorobot2_navigation:/home/nikunj/linorobot2_ws/install/linorobot2_gazebo:/home/nikunj/linorobot2_ws/install/linorobot2_description:/home/nikunj/linorobot2_ws/install/linorobot2_base:/home/nikunj/linorobot2_ws/install/linorobot2 LD_LIBRARY_PATH=/home/nikunj/bwi_ros2_simulation/install/bwi_perception_interface/lib:/home/nikunj/bwi_ros2_simulation/install/velodyne_pointcloud/lib:/home/nikunj/bwi_ros2_simulation/install/velodyne_driver/lib:/home/nikunj/bwi_ros2_simulation/install/velodyne_msgs/lib:/home/nikunj/bwi_ros2_simulation/install/velodyne_laserscan/lib:/home/nikunj/bwi_ros2_simulation/install/urg_node2/lib:/home/nikunj/bwi_ros2_simulation/install/topic_tools/lib:/home/nikunj/bwi_ros2_simulation/install/topic_tools_interfaces/lib:/home/nikunj/bwi_ros2_simulation/install/segway_rmp_ros2/lib:/home/nikunj/bwi_ros2_simulation/install/segway_msgs/lib:/home/nikunj/bwi_ros2_simulation/install/my_virtual_obstacle_layer/lib:/home/nikunj/bwi_ros2_simulation/install/libsegwayrmp/lib:/home/nikunj/bwi_ros2_simulation/install/ds4_driver_msgs/lib:/home/nikunj/bwi_ros2_simulation/install/bwi_tasks_interface/lib:/home/nikunj/linorobot2_ws/install/micro_ros_agent/lib:/home/nikunj/linorobot2_ws/install/micro_ros_msgs/lib:/usr/lib/x86_64-linux-gnu/gazebo-11/plugins:/opt/ros/humble/opt/rviz_ogre_vendor/lib:/opt/ros/humble/lib/x86_64-linux-gnu:/opt/ros/humble/lib PYTHONPATH=/home/nikunj/bwi_ros2_simulation/build/bwi_perc/prefix_override:/usr/lib/python3/dist-packages/colcon_core/task/python/colcon_distutils_commands:/home/nikunj/bwi_ros2_simulation/install/bwi_perc/lib/python3.10/site-packages:${PYTHONPATH} /usr/bin/python3 -W ignore:setup.py install is deprecated -W ignore:easy_install command is deprecated setup.py egg_info --egg-base ../../build/bwi_perc build --build-base /home/nikunj/bwi_ros2_simulation/build/bwi_perc/build install --record /home/nikunj/bwi_ros2_simulation/build/bwi_perc/install.log --single-version-externally-managed install_data
[1.316s] running egg_info
[1.317s] creating ../../build/bwi_perc/bwi_perc.egg-info
[1.317s] writing ../../build/bwi_perc/bwi_perc.egg-info/PKG-INFO
[1.317s] writing dependency_links to ../../build/bwi_perc/bwi_perc.egg-info/dependency_links.txt
[1.317s] writing entry points to ../../build/bwi_perc/bwi_perc.egg-info/entry_points.txt
[1.317s] writing requirements to ../../build/bwi_perc/bwi_perc.egg-info/requires.txt
[1.317s] writing top-level names to ../../build/bwi_perc/bwi_perc.egg-info/top_level.txt
[1.318s] writing manifest file '../../build/bwi_perc/bwi_perc.egg-info/SOURCES.txt'
[1.320s] reading manifest file '../../build/bwi_perc/bwi_perc.egg-info/SOURCES.txt'
[1.320s] writing manifest file '../../build/bwi_perc/bwi_perc.egg-info/SOURCES.txt'
[1.320s] running build
[1.321s] running build_py
[1.321s] creating /home/nikunj/bwi_ros2_simulation/build/bwi_perc/build
[1.321s] creating /home/nikunj/bwi_ros2_simulation/build/bwi_perc/build/lib
[1.321s] creating /home/nikunj/bwi_ros2_simulation/build/bwi_perc/build/lib/bwi_perc
[1.321s] copying bwi_perc/bwibot_detection_gazebo_r1.py -> /home/nikunj/bwi_ros2_simulation/build/bwi_perc/build/lib/bwi_perc
[1.321s] copying bwi_perc/bwibot_detection_gazebo_r2.py -> /home/nikunj/bwi_ros2_simulation/build/bwi_perc/build/lib/bwi_perc
[1.321s] copying bwi_perc/__init__.py -> /home/nikunj/bwi_ros2_simulation/build/bwi_perc/build/lib/bwi_perc
[1.321s] running install
[1.322s] running install_lib
[1.323s] creating /home/nikunj/bwi_ros2_simulation/install/bwi_perc/lib/python3.10/site-packages/bwi_perc
[1.323s] copying /home/nikunj/bwi_ros2_simulation/build/bwi_perc/build/lib/bwi_perc/bwibot_detection_gazebo_r1.py -> /home/nikunj/bwi_ros2_simulation/install/bwi_perc/lib/python3.10/site-packages/bwi_perc
[1.323s] copying /home/nikunj/bwi_ros2_simulation/build/bwi_perc/build/lib/bwi_perc/bwibot_detection_gazebo_r2.py -> /home/nikunj/bwi_ros2_simulation/install/bwi_perc/lib/python3.10/site-packages/bwi_perc
[1.323s] copying /home/nikunj/bwi_ros2_simulation/build/bwi_perc/build/lib/bwi_perc/__init__.py -> /home/nikunj/bwi_ros2_simulation/install/bwi_perc/lib/python3.10/site-packages/bwi_perc
[1.324s] byte-compiling /home/nikunj/bwi_ros2_simulation/install/bwi_perc/lib/python3.10/site-packages/bwi_perc/bwibot_detection_gazebo_r1.py to bwibot_detection_gazebo_r1.cpython-310.pyc
[1.325s] byte-compiling /home/nikunj/bwi_ros2_simulation/install/bwi_perc/lib/python3.10/site-packages/bwi_perc/bwibot_detection_gazebo_r2.py to bwibot_detection_gazebo_r2.cpython-310.pyc
[1.326s] byte-compiling /home/nikunj/bwi_ros2_simulation/install/bwi_perc/lib/python3.10/site-packages/bwi_perc/__init__.py to __init__.cpython-310.pyc
[1.326s] running install_data
[1.326s] creating /home/nikunj/bwi_ros2_simulation/install/bwi_perc/share/ament_index
[1.326s] creating /home/nikunj/bwi_ros2_simulation/install/bwi_perc/share/ament_index/resource_index
[1.326s] creating /home/nikunj/bwi_ros2_simulation/install/bwi_perc/share/ament_index/resource_index/packages
[1.326s] copying resource/bwi_perc -> /home/nikunj/bwi_ros2_simulation/install/bwi_perc/share/ament_index/resource_index/packages
[1.327s] copying package.xml -> /home/nikunj/bwi_ros2_simulation/install/bwi_perc/share/bwi_perc
[1.327s] running install_egg_info
[1.329s] Copying ../../build/bwi_perc/bwi_perc.egg-info to /home/nikunj/bwi_ros2_simulation/install/bwi_perc/lib/python3.10/site-packages/bwi_perc-0.0.0-py3.10.egg-info
[1.330s] running install_scripts
[1.345s] Installing bwibot_detection_gazebo_r1 script to /home/nikunj/bwi_ros2_simulation/install/bwi_perc/lib/bwi_perc
[1.345s] Installing bwibot_detection_gazebo_r2 script to /home/nikunj/bwi_ros2_simulation/install/bwi_perc/lib/bwi_perc
[1.345s] writing list of installed files to '/home/nikunj/bwi_ros2_simulation/build/bwi_perc/install.log'
[1.361s] Invoked command in '/home/nikunj/bwi_ros2_simulation/src/bwi_perc' returned '0': CMAKE_PREFIX_PATH=/home/nikunj/bwi_ros2_simulation/install/bwi_perception_interface:/home/nikunj/bwi_ros2_simulation/install/velodyne:/home/nikunj/bwi_ros2_simulation/install/velodyne_pointcloud:/home/nikunj/bwi_ros2_simulation/install/velodyne_driver:/home/nikunj/bwi_ros2_simulation/install/velodyne_msgs:/home/nikunj/bwi_ros2_simulation/install/velodyne_laserscan:/home/nikunj/bwi_ros2_simulation/install/utexas_gdc:/home/nikunj/bwi_ros2_simulation/install/urg_node2:/home/nikunj/bwi_ros2_simulation/install/topic_tools:/home/nikunj/bwi_ros2_simulation/install/topic_tools_interfaces:/home/nikunj/bwi_ros2_simulation/install/segway_rmp_ros2:/home/nikunj/bwi_ros2_simulation/install/segway_msgs:/home/nikunj/bwi_ros2_simulation/install/segway_description:/home/nikunj/bwi_ros2_simulation/install/segbot_description:/home/nikunj/bwi_ros2_simulation/install/ros2_laser_scan_merger:/home/nikunj/bwi_ros2_simulation/install/pr2_description:/home/nikunj/bwi_ros2_simulation/install/nav2_bringup:/home/nikunj/bwi_ros2_simulation/install/my_virtual_obstacle_layer:/home/nikunj/bwi_ros2_simulation/install/map_augmentation:/home/nikunj/bwi_ros2_simulation/install/libsegwayrmp:/home/nikunj/bwi_ros2_simulation/install/ivcon:/home/nikunj/bwi_ros2_simulation/install/ds4_driver:/home/nikunj/bwi_ros2_simulation/install/ds4_driver_msgs:/home/nikunj/bwi_ros2_simulation/install/convex_decomposition:/home/nikunj/bwi_ros2_simulation/install/bwi_tasks_interface:/home/nikunj/bwi_ros2_simulation/install/bwi_launch:/home/nikunj/linorobot2_ws/install/sllidar_ros2:/home/nikunj/linorobot2_ws/install/micro_ros_setup:/home/nikunj/linorobot2_ws/install/linorobot2_bringup:/home/nikunj/linorobot2_ws/install/micro_ros_agent:/home/nikunj/linorobot2_ws/install/micro_ros_msgs:/home/nikunj/linorobot2_ws/install/linorobot2_viz:/home/nikunj/linorobot2_ws/install/linorobot2_navigation:/home/nikunj/linorobot2_ws/install/linorobot2_gazebo:/home/nikunj/linorobot2_ws/install/linorobot2_description:/home/nikunj/linorobot2_ws/install/linorobot2_base:/home/nikunj/linorobot2_ws/install/linorobot2 LD_LIBRARY_PATH=/home/nikunj/bwi_ros2_simulation/install/bwi_perception_interface/lib:/home/nikunj/bwi_ros2_simulation/install/velodyne_pointcloud/lib:/home/nikunj/bwi_ros2_simulation/install/velodyne_driver/lib:/home/nikunj/bwi_ros2_simulation/install/velodyne_msgs/lib:/home/nikunj/bwi_ros2_simulation/install/velodyne_laserscan/lib:/home/nikunj/bwi_ros2_simulation/install/urg_node2/lib:/home/nikunj/bwi_ros2_simulation/install/topic_tools/lib:/home/nikunj/bwi_ros2_simulation/install/topic_tools_interfaces/lib:/home/nikunj/bwi_ros2_simulation/install/segway_rmp_ros2/lib:/home/nikunj/bwi_ros2_simulation/install/segway_msgs/lib:/home/nikunj/bwi_ros2_simulation/install/my_virtual_obstacle_layer/lib:/home/nikunj/bwi_ros2_simulation/install/libsegwayrmp/lib:/home/nikunj/bwi_ros2_simulation/install/ds4_driver_msgs/lib:/home/nikunj/bwi_ros2_simulation/install/bwi_tasks_interface/lib:/home/nikunj/linorobot2_ws/install/micro_ros_agent/lib:/home/nikunj/linorobot2_ws/install/micro_ros_msgs/lib:/usr/lib/x86_64-linux-gnu/gazebo-11/plugins:/opt/ros/humble/opt/rviz_ogre_vendor/lib:/opt/ros/humble/lib/x86_64-linux-gnu:/opt/ros/humble/lib PYTHONPATH=/home/nikunj/bwi_ros2_simulation/build/bwi_perc/prefix_override:/usr/lib/python3/dist-packages/colcon_core/task/python/colcon_distutils_commands:/home/nikunj/bwi_ros2_simulation/install/bwi_perc/lib/python3.10/site-packages:${PYTHONPATH} /usr/bin/python3 -W ignore:setup.py install is deprecated -W ignore:easy_install command is deprecated setup.py egg_info --egg-base ../../build/bwi_perc build --build-base /home/nikunj/bwi_ros2_simulation/build/bwi_perc/build install --record /home/nikunj/bwi_ros2_simulation/build/bwi_perc/install.log --single-version-externally-managed install_data
