[0.057s] Invoking command in '/home/nikunj/bwi_ros2_simulation/build/topic_tools': AMENT_PREFIX_PATH=/home/nikunj/bwi_ros2_simulation/install/topic_tools_interfaces:${AMENT_PREFIX_PATH} CMAKE_PREFIX_PATH=/home/nikunj/bwi_ros2_simulation/install/topic_tools_interfaces:/opt/ros/humble LD_LIBRARY_PATH=/home/nikunj/bwi_ros2_simulation/install/topic_tools_interfaces/lib:${LD_LIBRARY_PATH} PYTHONPATH=/home/nikunj/bwi_ros2_simulation/install/topic_tools_interfaces/local/lib/python3.10/dist-packages:${PYTHONPATH} /usr/bin/cmake --build /home/nikunj/bwi_ros2_simulation/build/topic_tools -- -j32 -l32
[0.116s] [  5%] Built target gtest
[0.116s] [  5%] Built target ament_cmake_python_copy_topic_tools
[0.116s] [ 10%] Built target gtest_main
[0.117s] [ 10%] Built target ament_cmake_python_copy_topic_tools_setup
[0.117s] [ 18%] Built target relay_node
[0.130s] [ 24%] Built target relay
[0.130s] [ 29%] Built target test_relay
[0.130s] [ 37%] Built target throttle_node
[0.148s] [ 43%] Built target throttle
[0.148s] [ 48%] Built target test_throttle
[0.151s] [ 56%] Built target drop_node
[0.171s] [ 62%] Built target drop
[0.173s] [ 70%] Built target mux_node
[0.174s] [ 75%] Built target test_drop
[0.192s] [ 81%] Built target test_mux
[0.192s] [ 86%] Built target mux
[0.195s] [ 94%] Built target delay_node
[0.214s] [100%] Built target delay
[0.266s] running install_scripts
[0.267s] /usr/lib/python3/dist-packages/setuptools/command/install.py:34: SetuptoolsDeprecationWarning: setup.py install is deprecated. Use build and pip and other standards-based tools.
[0.267s]   warnings.warn(
[0.272s] running egg_info
[0.272s] writing topic_tools.egg-info/PKG-INFO
[0.272s] writing dependency_links to topic_tools.egg-info/dependency_links.txt
[0.272s] writing entry points to topic_tools.egg-info/entry_points.txt
[0.272s] writing top-level names to topic_tools.egg-info/top_level.txt
[0.273s] reading manifest file 'topic_tools.egg-info/SOURCES.txt'
[0.274s] writing manifest file 'topic_tools.egg-info/SOURCES.txt'
[0.278s] running egg_info
[0.279s] writing topic_tools.egg-info/PKG-INFO
[0.279s] writing dependency_links to topic_tools.egg-info/dependency_links.txt
[0.279s] writing entry points to topic_tools.egg-info/entry_points.txt
[0.280s] writing top-level names to topic_tools.egg-info/top_level.txt
[0.280s] reading manifest file 'topic_tools.egg-info/SOURCES.txt'
[0.281s] writing manifest file 'topic_tools.egg-info/SOURCES.txt'
[0.281s] Installing relay_field script to scripts
[0.281s] Installing transform script to scripts
[0.292s] [100%] Built target ament_cmake_python_build_topic_tools_egg
[0.301s] [100%] Built target ament_cmake_python_build_topic_tools_scripts
[0.557s] Invoked command in '/home/nikunj/bwi_ros2_simulation/build/topic_tools' returned '0': AMENT_PREFIX_PATH=/home/nikunj/bwi_ros2_simulation/install/topic_tools_interfaces:${AMENT_PREFIX_PATH} CMAKE_PREFIX_PATH=/home/nikunj/bwi_ros2_simulation/install/topic_tools_interfaces:/opt/ros/humble LD_LIBRARY_PATH=/home/nikunj/bwi_ros2_simulation/install/topic_tools_interfaces/lib:${LD_LIBRARY_PATH} PYTHONPATH=/home/nikunj/bwi_ros2_simulation/install/topic_tools_interfaces/local/lib/python3.10/dist-packages:${PYTHONPATH} /usr/bin/cmake --build /home/nikunj/bwi_ros2_simulation/build/topic_tools -- -j32 -l32
[0.558s] Invoking command in '/home/nikunj/bwi_ros2_simulation/build/topic_tools': AMENT_PREFIX_PATH=/home/nikunj/bwi_ros2_simulation/install/topic_tools_interfaces:${AMENT_PREFIX_PATH} CMAKE_PREFIX_PATH=/home/nikunj/bwi_ros2_simulation/install/topic_tools_interfaces:/opt/ros/humble LD_LIBRARY_PATH=/home/nikunj/bwi_ros2_simulation/install/topic_tools_interfaces/lib:${LD_LIBRARY_PATH} PYTHONPATH=/home/nikunj/bwi_ros2_simulation/install/topic_tools_interfaces/local/lib/python3.10/dist-packages:${PYTHONPATH} /usr/bin/cmake --install /home/nikunj/bwi_ros2_simulation/build/topic_tools
[0.590s] -- Install configuration: ""
[0.591s] -- Up-to-date: /home/nikunj/bwi_ros2_simulation/install/topic_tools/share/topic_tools/environment/pythonpath.sh
[0.591s] -- Up-to-date: /home/nikunj/bwi_ros2_simulation/install/topic_tools/share/topic_tools/environment/pythonpath.dsv
[0.591s] -- Up-to-date: /home/nikunj/bwi_ros2_simulation/install/topic_tools/local/lib/python3.10/dist-packages/topic_tools-1.1.1-py3.10.egg-info
[0.591s] -- Installing: /home/nikunj/bwi_ros2_simulation/install/topic_tools/local/lib/python3.10/dist-packages/topic_tools-1.1.1-py3.10.egg-info/dependency_links.txt
[0.591s] -- Installing: /home/nikunj/bwi_ros2_simulation/install/topic_tools/local/lib/python3.10/dist-packages/topic_tools-1.1.1-py3.10.egg-info/entry_points.txt
[0.591s] -- Installing: /home/nikunj/bwi_ros2_simulation/install/topic_tools/local/lib/python3.10/dist-packages/topic_tools-1.1.1-py3.10.egg-info/top_level.txt
[0.591s] -- Installing: /home/nikunj/bwi_ros2_simulation/install/topic_tools/local/lib/python3.10/dist-packages/topic_tools-1.1.1-py3.10.egg-info/PKG-INFO
[0.591s] -- Installing: /home/nikunj/bwi_ros2_simulation/install/topic_tools/local/lib/python3.10/dist-packages/topic_tools-1.1.1-py3.10.egg-info/SOURCES.txt
[0.591s] -- Up-to-date: /home/nikunj/bwi_ros2_simulation/install/topic_tools/lib/topic_tools/
[0.592s] -- Installing: /home/nikunj/bwi_ros2_simulation/install/topic_tools/lib/topic_tools//relay_field
[0.592s] -- Installing: /home/nikunj/bwi_ros2_simulation/install/topic_tools/lib/topic_tools//transform
[0.592s] -- Up-to-date: /home/nikunj/bwi_ros2_simulation/install/topic_tools/local/lib/python3.10/dist-packages/topic_tools
[0.592s] -- Up-to-date: /home/nikunj/bwi_ros2_simulation/install/topic_tools/local/lib/python3.10/dist-packages/topic_tools/transform.py
[0.592s] -- Up-to-date: /home/nikunj/bwi_ros2_simulation/install/topic_tools/local/lib/python3.10/dist-packages/topic_tools/relay_field.py
[0.592s] -- Up-to-date: /home/nikunj/bwi_ros2_simulation/install/topic_tools/local/lib/python3.10/dist-packages/topic_tools/setup.cfg
[0.592s] -- Up-to-date: /home/nikunj/bwi_ros2_simulation/install/topic_tools/local/lib/python3.10/dist-packages/topic_tools/__init__.py
[0.617s] Listing '/home/nikunj/bwi_ros2_simulation/install/topic_tools/local/lib/python3.10/dist-packages/topic_tools'...
[0.624s] -- Up-to-date: /home/nikunj/bwi_ros2_simulation/install/topic_tools/include
[0.624s] -- Up-to-date: /home/nikunj/bwi_ros2_simulation/install/topic_tools/include/topic_tools
[0.624s] -- Up-to-date: /home/nikunj/bwi_ros2_simulation/install/topic_tools/include/topic_tools/drop_node.hpp
[0.624s] -- Up-to-date: /home/nikunj/bwi_ros2_simulation/install/topic_tools/include/topic_tools/mux_node.hpp
[0.624s] -- Up-to-date: /home/nikunj/bwi_ros2_simulation/install/topic_tools/include/topic_tools/tool_base_node.hpp
[0.624s] -- Up-to-date: /home/nikunj/bwi_ros2_simulation/install/topic_tools/include/topic_tools/delay_node.hpp
[0.625s] -- Up-to-date: /home/nikunj/bwi_ros2_simulation/install/topic_tools/include/topic_tools/visibility_control.h
[0.625s] -- Up-to-date: /home/nikunj/bwi_ros2_simulation/install/topic_tools/include/topic_tools/relay_node.hpp
[0.625s] -- Up-to-date: /home/nikunj/bwi_ros2_simulation/install/topic_tools/include/topic_tools/throttle_node.hpp
[0.625s] -- Up-to-date: /home/nikunj/bwi_ros2_simulation/install/topic_tools/share/topic_tools/environment/library_path.sh
[0.625s] -- Up-to-date: /home/nikunj/bwi_ros2_simulation/install/topic_tools/share/topic_tools/environment/library_path.dsv
[0.625s] -- Up-to-date: /home/nikunj/bwi_ros2_simulation/install/topic_tools/lib/librelay_node.so
[0.625s] -- Up-to-date: /home/nikunj/bwi_ros2_simulation/install/topic_tools/lib/libthrottle_node.so
[0.625s] -- Up-to-date: /home/nikunj/bwi_ros2_simulation/install/topic_tools/lib/libdrop_node.so
[0.625s] -- Up-to-date: /home/nikunj/bwi_ros2_simulation/install/topic_tools/lib/libmux_node.so
[0.625s] -- Up-to-date: /home/nikunj/bwi_ros2_simulation/install/topic_tools/lib/libdelay_node.so
[0.625s] -- Up-to-date: /home/nikunj/bwi_ros2_simulation/install/topic_tools/lib/topic_tools/relay
[0.626s] -- Up-to-date: /home/nikunj/bwi_ros2_simulation/install/topic_tools/lib/topic_tools/throttle
[0.626s] -- Up-to-date: /home/nikunj/bwi_ros2_simulation/install/topic_tools/lib/topic_tools/drop
[0.626s] -- Up-to-date: /home/nikunj/bwi_ros2_simulation/install/topic_tools/lib/topic_tools/mux
[0.626s] -- Up-to-date: /home/nikunj/bwi_ros2_simulation/install/topic_tools/lib/topic_tools/delay
[0.626s] -- Up-to-date: /home/nikunj/bwi_ros2_simulation/install/topic_tools/share/topic_tools/launch
[0.626s] -- Up-to-date: /home/nikunj/bwi_ros2_simulation/install/topic_tools/share/topic_tools/launch/relay.launch
[0.626s] -- Up-to-date: /home/nikunj/bwi_ros2_simulation/install/topic_tools/share/ament_index/resource_index/package_run_dependencies/topic_tools
[0.626s] -- Up-to-date: /home/nikunj/bwi_ros2_simulation/install/topic_tools/share/ament_index/resource_index/parent_prefix_path/topic_tools
[0.626s] -- Up-to-date: /home/nikunj/bwi_ros2_simulation/install/topic_tools/share/topic_tools/environment/ament_prefix_path.sh
[0.626s] -- Up-to-date: /home/nikunj/bwi_ros2_simulation/install/topic_tools/share/topic_tools/environment/ament_prefix_path.dsv
[0.626s] -- Up-to-date: /home/nikunj/bwi_ros2_simulation/install/topic_tools/share/topic_tools/environment/path.sh
[0.626s] -- Up-to-date: /home/nikunj/bwi_ros2_simulation/install/topic_tools/share/topic_tools/environment/path.dsv
[0.626s] -- Up-to-date: /home/nikunj/bwi_ros2_simulation/install/topic_tools/share/topic_tools/local_setup.bash
[0.626s] -- Up-to-date: /home/nikunj/bwi_ros2_simulation/install/topic_tools/share/topic_tools/local_setup.sh
[0.627s] -- Up-to-date: /home/nikunj/bwi_ros2_simulation/install/topic_tools/share/topic_tools/local_setup.zsh
[0.627s] -- Up-to-date: /home/nikunj/bwi_ros2_simulation/install/topic_tools/share/topic_tools/local_setup.dsv
[0.627s] -- Installing: /home/nikunj/bwi_ros2_simulation/install/topic_tools/share/topic_tools/package.dsv
[0.627s] -- Up-to-date: /home/nikunj/bwi_ros2_simulation/install/topic_tools/share/ament_index/resource_index/packages/topic_tools
[0.627s] -- Up-to-date: /home/nikunj/bwi_ros2_simulation/install/topic_tools/share/ament_index/resource_index/rclcpp_components/topic_tools
[0.627s] -- Up-to-date: /home/nikunj/bwi_ros2_simulation/install/topic_tools/share/topic_tools/cmake/ament_cmake_export_dependencies-extras.cmake
[0.627s] -- Up-to-date: /home/nikunj/bwi_ros2_simulation/install/topic_tools/share/topic_tools/cmake/ament_cmake_export_include_directories-extras.cmake
[0.627s] -- Up-to-date: /home/nikunj/bwi_ros2_simulation/install/topic_tools/share/topic_tools/cmake/ament_cmake_export_libraries-extras.cmake
[0.627s] -- Up-to-date: /home/nikunj/bwi_ros2_simulation/install/topic_tools/share/topic_tools/cmake/topic_toolsConfig.cmake
[0.627s] -- Up-to-date: /home/nikunj/bwi_ros2_simulation/install/topic_tools/share/topic_tools/cmake/topic_toolsConfig-version.cmake
[0.628s] -- Up-to-date: /home/nikunj/bwi_ros2_simulation/install/topic_tools/share/topic_tools/package.xml
[0.658s] Invoked command in '/home/nikunj/bwi_ros2_simulation/build/topic_tools' returned '0': AMENT_PREFIX_PATH=/home/nikunj/bwi_ros2_simulation/install/topic_tools_interfaces:${AMENT_PREFIX_PATH} CMAKE_PREFIX_PATH=/home/nikunj/bwi_ros2_simulation/install/topic_tools_interfaces:/opt/ros/humble LD_LIBRARY_PATH=/home/nikunj/bwi_ros2_simulation/install/topic_tools_interfaces/lib:${LD_LIBRARY_PATH} PYTHONPATH=/home/nikunj/bwi_ros2_simulation/install/topic_tools_interfaces/local/lib/python3.10/dist-packages:${PYTHONPATH} /usr/bin/cmake --install /home/nikunj/bwi_ros2_simulation/build/topic_tools
