[2.703s] Invoking command in '/home/nikunj/bwi_ros2_simulation/src/kinect_data_collector': PYTHONPATH=/home/nikunj/bwi_ros2_simulation/build/kinect_data_collector/prefix_override:/usr/lib/python3/dist-packages/colcon_core/task/python/colcon_distutils_commands:/home/nikunj/bwi_ros2_simulation/install/kinect_data_collector/lib/python3.10/site-packages:${PYTHONPATH} /usr/bin/python3 -W ignore:setup.py install is deprecated -W ignore:easy_install command is deprecated setup.py egg_info --egg-base ../../build/kinect_data_collector build --build-base /home/nikunj/bwi_ros2_simulation/build/kinect_data_collector/build install --record /home/nikunj/bwi_ros2_simulation/build/kinect_data_collector/install.log --single-version-externally-managed install_data
[3.143s] running egg_info
[3.143s] writing ../../build/kinect_data_collector/kinect_data_collector.egg-info/PKG-INFO
[3.144s] writing dependency_links to ../../build/kinect_data_collector/kinect_data_collector.egg-info/dependency_links.txt
[3.144s] writing entry points to ../../build/kinect_data_collector/kinect_data_collector.egg-info/entry_points.txt
[3.144s] writing requirements to ../../build/kinect_data_collector/kinect_data_collector.egg-info/requires.txt
[3.144s] writing top-level names to ../../build/kinect_data_collector/kinect_data_collector.egg-info/top_level.txt
[3.146s] reading manifest file '../../build/kinect_data_collector/kinect_data_collector.egg-info/SOURCES.txt'
[3.147s] writing manifest file '../../build/kinect_data_collector/kinect_data_collector.egg-info/SOURCES.txt'
[3.148s] running build
[3.148s] running build_py
[3.148s] running install
[3.148s] running install_lib
[3.149s] running install_data
[3.149s] running install_egg_info
[3.151s] removing '/home/nikunj/bwi_ros2_simulation/install/kinect_data_collector/lib/python3.10/site-packages/kinect_data_collector-0.0.0-py3.10.egg-info' (and everything under it)
[3.152s] Copying ../../build/kinect_data_collector/kinect_data_collector.egg-info to /home/nikunj/bwi_ros2_simulation/install/kinect_data_collector/lib/python3.10/site-packages/kinect_data_collector-0.0.0-py3.10.egg-info
[3.152s] running install_scripts
[3.178s] Installing data_collector_node script to /home/nikunj/bwi_ros2_simulation/install/kinect_data_collector/lib/kinect_data_collector
[3.178s] writing list of installed files to '/home/nikunj/bwi_ros2_simulation/build/kinect_data_collector/install.log'
[3.210s] Invoked command in '/home/nikunj/bwi_ros2_simulation/src/kinect_data_collector' returned '0': PYTHONPATH=/home/nikunj/bwi_ros2_simulation/build/kinect_data_collector/prefix_override:/usr/lib/python3/dist-packages/colcon_core/task/python/colcon_distutils_commands:/home/nikunj/bwi_ros2_simulation/install/kinect_data_collector/lib/python3.10/site-packages:${PYTHONPATH} /usr/bin/python3 -W ignore:setup.py install is deprecated -W ignore:easy_install command is deprecated setup.py egg_info --egg-base ../../build/kinect_data_collector build --build-base /home/nikunj/bwi_ros2_simulation/build/kinect_data_collector/build install --record /home/nikunj/bwi_ros2_simulation/build/kinect_data_collector/install.log --single-version-externally-managed install_data
