[2.714s] Invoking command in '/home/nikunj/bwi_ros2_simulation/src/collision_monitor': PYTHONPATH=/home/nikunj/bwi_ros2_simulation/build/collision_monitor/prefix_override:/usr/lib/python3/dist-packages/colcon_core/task/python/colcon_distutils_commands:/home/nikunj/bwi_ros2_simulation/install/collision_monitor/lib/python3.10/site-packages:${PYTHONPATH} /usr/bin/python3 -W ignore:setup.py install is deprecated -W ignore:easy_install command is deprecated setup.py egg_info --egg-base ../../build/collision_monitor build --build-base /home/nikunj/bwi_ros2_simulation/build/collision_monitor/build install --record /home/nikunj/bwi_ros2_simulation/build/collision_monitor/install.log --single-version-externally-managed install_data
[2.980s] running egg_info
[2.980s] writing ../../build/collision_monitor/collision_monitor.egg-info/PKG-INFO
[2.980s] writing dependency_links to ../../build/collision_monitor/collision_monitor.egg-info/dependency_links.txt
[2.980s] writing entry points to ../../build/collision_monitor/collision_monitor.egg-info/entry_points.txt
[2.980s] writing requirements to ../../build/collision_monitor/collision_monitor.egg-info/requires.txt
[2.980s] writing top-level names to ../../build/collision_monitor/collision_monitor.egg-info/top_level.txt
[2.984s] reading manifest file '../../build/collision_monitor/collision_monitor.egg-info/SOURCES.txt'
[2.984s] adding license file 'LICENSE'
[2.984s] writing manifest file '../../build/collision_monitor/collision_monitor.egg-info/SOURCES.txt'
[2.984s] running build
[2.984s] running build_py
[2.985s] running install
[2.985s] running install_lib
[2.985s] running install_data
[2.985s] running install_egg_info
[2.987s] removing '/home/nikunj/bwi_ros2_simulation/install/collision_monitor/lib/python3.10/site-packages/collision_monitor-0.1.0-py3.10.egg-info' (and everything under it)
[2.987s] Copying ../../build/collision_monitor/collision_monitor.egg-info to /home/nikunj/bwi_ros2_simulation/install/collision_monitor/lib/python3.10/site-packages/collision_monitor-0.1.0-py3.10.egg-info
[2.988s] running install_scripts
[3.018s] Installing collision_detector script to /home/nikunj/bwi_ros2_simulation/install/collision_monitor/lib/collision_monitor
[3.018s] writing list of installed files to '/home/nikunj/bwi_ros2_simulation/build/collision_monitor/install.log'
[3.040s] Invoked command in '/home/nikunj/bwi_ros2_simulation/src/collision_monitor' returned '0': PYTHONPATH=/home/nikunj/bwi_ros2_simulation/build/collision_monitor/prefix_override:/usr/lib/python3/dist-packages/colcon_core/task/python/colcon_distutils_commands:/home/nikunj/bwi_ros2_simulation/install/collision_monitor/lib/python3.10/site-packages:${PYTHONPATH} /usr/bin/python3 -W ignore:setup.py install is deprecated -W ignore:easy_install command is deprecated setup.py egg_info --egg-base ../../build/collision_monitor build --build-base /home/nikunj/bwi_ros2_simulation/build/collision_monitor/build install --record /home/nikunj/bwi_ros2_simulation/build/collision_monitor/install.log --single-version-externally-managed install_data
