[0.105s] Invoking command in '/home/nikunj/bwi_ros2_simulation/build/segway_rmp_ros2': CMAKE_PREFIX_PATH=/home/nikunj/bwi_ros2_simulation/install/libsegwayrmp:/home/nikunj/bwi_ros2_simulation/install/velodyne:/home/nikunj/bwi_ros2_simulation/install/velodyne_pointcloud:/home/nikunj/bwi_ros2_simulation/install/velodyne_driver:/home/nikunj/bwi_ros2_simulation/install/velodyne_msgs:/home/nikunj/bwi_ros2_simulation/install/velodyne_laserscan:/home/nikunj/bwi_ros2_simulation/install/utexas_gdc:/home/nikunj/bwi_ros2_simulation/install/urg_node2:/home/nikunj/bwi_ros2_simulation/install/topic_tools:/home/nikunj/bwi_ros2_simulation/install/topic_tools_interfaces:/home/nikunj/bwi_ros2_simulation/install/segway_rmp_ros2:/home/nikunj/bwi_ros2_simulation/install/segway_msgs:/home/nikunj/bwi_ros2_simulation/install/segway_description:/home/nikunj/bwi_ros2_simulation/install/segbot_description:/home/nikunj/bwi_ros2_simulation/install/ros2_laser_scan_merger:/home/nikunj/bwi_ros2_simulation/install/pr2_description:/home/nikunj/bwi_ros2_simulation/install/nav2_bringup:/home/nikunj/bwi_ros2_simulation/install/my_virtual_obstacle_layer:/home/nikunj/bwi_ros2_simulation/install/map_augmentation:/home/nikunj/bwi_ros2_simulation/install/ivcon:/home/nikunj/bwi_ros2_simulation/install/ds4_driver:/home/nikunj/bwi_ros2_simulation/install/ds4_driver_msgs:/home/nikunj/bwi_ros2_simulation/install/convex_decomposition:/home/nikunj/bwi_ros2_simulation/install/test_odom:/home/nikunj/bwi_ros2_simulation/install/test_cmaes:/home/nikunj/bwi_ros2_simulation/install/teleop_multi_robot:/home/nikunj/bwi_ros2_simulation/install/scan_filter:/home/nikunj/bwi_ros2_simulation/install/odom_tf_publisher:/home/nikunj/bwi_ros2_simulation/install/lwr_comms_client:/home/nikunj/bwi_ros2_simulation/install/kinect_data_collector:/home/nikunj/bwi_ros2_simulation/install/keep_alive_pkg:/home/nikunj/bwi_ros2_simulation/install/collision_monitor:/home/nikunj/bwi_ros2_simulation/install/bwi_tools:/home/nikunj/bwi_ros2_simulation/install/bwi_tasks:/home/nikunj/bwi_ros2_simulation/install/bwi_reset:/home/nikunj/bwi_ros2_simulation/install/bwi_perc:/home/nikunj/bwi_ros2_simulation/install/bwi_hallucination:/opt/ros/humble:/home/nikunj/bwi_ros2_simulation/install/bwi_tasks_interface:/home/nikunj/bwi_ros2_simulation/install/bwi_perception_interface:/home/nikunj/bwi_ros2_simulation/install/bwi_launch:/home/nikunj/linorobot2_ws/install/sllidar_ros2:/home/nikunj/linorobot2_ws/install/micro_ros_setup:/home/nikunj/linorobot2_ws/install/linorobot2_bringup:/home/nikunj/linorobot2_ws/install/micro_ros_agent:/home/nikunj/linorobot2_ws/install/micro_ros_msgs:/home/nikunj/linorobot2_ws/install/linorobot2_viz:/home/nikunj/linorobot2_ws/install/linorobot2_navigation:/home/nikunj/linorobot2_ws/install/linorobot2_gazebo:/home/nikunj/linorobot2_ws/install/linorobot2_description:/home/nikunj/linorobot2_ws/install/linorobot2_base:/home/nikunj/linorobot2_ws/install/linorobot2 LD_LIBRARY_PATH=/home/nikunj/bwi_ros2_simulation/install/libsegwayrmp/lib:/home/nikunj/bwi_ros2_simulation/install/velodyne_pointcloud/lib:/home/nikunj/bwi_ros2_simulation/install/velodyne_driver/lib:/home/nikunj/bwi_ros2_simulation/install/velodyne_msgs/lib:/home/nikunj/bwi_ros2_simulation/install/velodyne_laserscan/lib:/home/nikunj/bwi_ros2_simulation/install/urg_node2/lib:/home/nikunj/bwi_ros2_simulation/install/topic_tools/lib:/home/nikunj/bwi_ros2_simulation/install/topic_tools_interfaces/lib:/home/nikunj/bwi_ros2_simulation/install/segway_rmp_ros2/lib:/home/nikunj/bwi_ros2_simulation/install/segway_msgs/lib:/home/nikunj/bwi_ros2_simulation/install/my_virtual_obstacle_layer/lib:/home/nikunj/bwi_ros2_simulation/install/ds4_driver_msgs/lib:/home/nikunj/bwi_ros2_simulation/install/bwi_tasks_interface/lib:/home/nikunj/bwi_ros2_simulation/install/bwi_perception_interface/lib:/home/nikunj/linorobot2_ws/install/micro_ros_agent/lib:/home/nikunj/linorobot2_ws/install/micro_ros_msgs/lib:/usr/lib/x86_64-linux-gnu/gazebo-11/plugins:/opt/ros/humble/opt/rviz_ogre_vendor/lib:/opt/ros/humble/lib/x86_64-linux-gnu:/opt/ros/humble/lib /usr/bin/cmake --build /home/nikunj/bwi_ros2_simulation/build/segway_rmp_ros2 -- -j32 -l32
[0.185s] [  2%] Built target segway_rmp_ros2__cpp
[0.185s] [ 12%] Built target segway_rmp_ros2__rosidl_generator_c
[0.207s] [ 12%] Built target ament_cmake_python_copy_segway_rmp_ros2
[0.211s] [ 21%] Built target segway_rmp_ros2__rosidl_typesupport_cpp
[0.211s] [ 31%] Built target segway_rmp_ros2__rosidl_typesupport_introspection_cpp
[0.211s] [ 41%] Built target segway_rmp_ros2__rosidl_typesupport_fastrtps_cpp
[0.214s] [ 51%] Built target segway_rmp_ros2__rosidl_typesupport_c
[0.214s] [ 60%] Built target segway_rmp_ros2__rosidl_typesupport_introspection_c
[0.214s] [ 70%] Built target segway_rmp_ros2__rosidl_typesupport_fastrtps_c
[0.218s] [ 70%] Built target segway_rmp_ros2
[0.220s] [ 73%] Built target segway_rmp_ros2__py
[0.234s] [ 78%] Built target segway_rmp_node_ros2
[0.238s] [ 85%] Built target segway_rmp_ros2__rosidl_generator_py
[0.257s] [ 90%] Built target segway_rmp_ros2__rosidl_typesupport_c__pyext
[0.257s] [ 95%] Built target segway_rmp_ros2__rosidl_typesupport_fastrtps_c__pyext
[0.259s] [100%] Built target segway_rmp_ros2__rosidl_typesupport_introspection_c__pyext
[0.349s] running egg_info
[0.350s] writing segway_rmp_ros2.egg-info/PKG-INFO
[0.350s] writing dependency_links to segway_rmp_ros2.egg-info/dependency_links.txt
[0.350s] writing top-level names to segway_rmp_ros2.egg-info/top_level.txt
[0.351s] reading manifest file 'segway_rmp_ros2.egg-info/SOURCES.txt'
[0.351s] writing manifest file 'segway_rmp_ros2.egg-info/SOURCES.txt'
[0.367s] [100%] Built target ament_cmake_python_build_segway_rmp_ros2_egg
[0.622s] Invoked command in '/home/nikunj/bwi_ros2_simulation/build/segway_rmp_ros2' returned '0': CMAKE_PREFIX_PATH=/home/nikunj/bwi_ros2_simulation/install/libsegwayrmp:/home/nikunj/bwi_ros2_simulation/install/velodyne:/home/nikunj/bwi_ros2_simulation/install/velodyne_pointcloud:/home/nikunj/bwi_ros2_simulation/install/velodyne_driver:/home/nikunj/bwi_ros2_simulation/install/velodyne_msgs:/home/nikunj/bwi_ros2_simulation/install/velodyne_laserscan:/home/nikunj/bwi_ros2_simulation/install/utexas_gdc:/home/nikunj/bwi_ros2_simulation/install/urg_node2:/home/nikunj/bwi_ros2_simulation/install/topic_tools:/home/nikunj/bwi_ros2_simulation/install/topic_tools_interfaces:/home/nikunj/bwi_ros2_simulation/install/segway_rmp_ros2:/home/nikunj/bwi_ros2_simulation/install/segway_msgs:/home/nikunj/bwi_ros2_simulation/install/segway_description:/home/nikunj/bwi_ros2_simulation/install/segbot_description:/home/nikunj/bwi_ros2_simulation/install/ros2_laser_scan_merger:/home/nikunj/bwi_ros2_simulation/install/pr2_description:/home/nikunj/bwi_ros2_simulation/install/nav2_bringup:/home/nikunj/bwi_ros2_simulation/install/my_virtual_obstacle_layer:/home/nikunj/bwi_ros2_simulation/install/map_augmentation:/home/nikunj/bwi_ros2_simulation/install/ivcon:/home/nikunj/bwi_ros2_simulation/install/ds4_driver:/home/nikunj/bwi_ros2_simulation/install/ds4_driver_msgs:/home/nikunj/bwi_ros2_simulation/install/convex_decomposition:/home/nikunj/bwi_ros2_simulation/install/test_odom:/home/nikunj/bwi_ros2_simulation/install/test_cmaes:/home/nikunj/bwi_ros2_simulation/install/teleop_multi_robot:/home/nikunj/bwi_ros2_simulation/install/scan_filter:/home/nikunj/bwi_ros2_simulation/install/odom_tf_publisher:/home/nikunj/bwi_ros2_simulation/install/lwr_comms_client:/home/nikunj/bwi_ros2_simulation/install/kinect_data_collector:/home/nikunj/bwi_ros2_simulation/install/keep_alive_pkg:/home/nikunj/bwi_ros2_simulation/install/collision_monitor:/home/nikunj/bwi_ros2_simulation/install/bwi_tools:/home/nikunj/bwi_ros2_simulation/install/bwi_tasks:/home/nikunj/bwi_ros2_simulation/install/bwi_reset:/home/nikunj/bwi_ros2_simulation/install/bwi_perc:/home/nikunj/bwi_ros2_simulation/install/bwi_hallucination:/opt/ros/humble:/home/nikunj/bwi_ros2_simulation/install/bwi_tasks_interface:/home/nikunj/bwi_ros2_simulation/install/bwi_perception_interface:/home/nikunj/bwi_ros2_simulation/install/bwi_launch:/home/nikunj/linorobot2_ws/install/sllidar_ros2:/home/nikunj/linorobot2_ws/install/micro_ros_setup:/home/nikunj/linorobot2_ws/install/linorobot2_bringup:/home/nikunj/linorobot2_ws/install/micro_ros_agent:/home/nikunj/linorobot2_ws/install/micro_ros_msgs:/home/nikunj/linorobot2_ws/install/linorobot2_viz:/home/nikunj/linorobot2_ws/install/linorobot2_navigation:/home/nikunj/linorobot2_ws/install/linorobot2_gazebo:/home/nikunj/linorobot2_ws/install/linorobot2_description:/home/nikunj/linorobot2_ws/install/linorobot2_base:/home/nikunj/linorobot2_ws/install/linorobot2 LD_LIBRARY_PATH=/home/nikunj/bwi_ros2_simulation/install/libsegwayrmp/lib:/home/nikunj/bwi_ros2_simulation/install/velodyne_pointcloud/lib:/home/nikunj/bwi_ros2_simulation/install/velodyne_driver/lib:/home/nikunj/bwi_ros2_simulation/install/velodyne_msgs/lib:/home/nikunj/bwi_ros2_simulation/install/velodyne_laserscan/lib:/home/nikunj/bwi_ros2_simulation/install/urg_node2/lib:/home/nikunj/bwi_ros2_simulation/install/topic_tools/lib:/home/nikunj/bwi_ros2_simulation/install/topic_tools_interfaces/lib:/home/nikunj/bwi_ros2_simulation/install/segway_rmp_ros2/lib:/home/nikunj/bwi_ros2_simulation/install/segway_msgs/lib:/home/nikunj/bwi_ros2_simulation/install/my_virtual_obstacle_layer/lib:/home/nikunj/bwi_ros2_simulation/install/ds4_driver_msgs/lib:/home/nikunj/bwi_ros2_simulation/install/bwi_tasks_interface/lib:/home/nikunj/bwi_ros2_simulation/install/bwi_perception_interface/lib:/home/nikunj/linorobot2_ws/install/micro_ros_agent/lib:/home/nikunj/linorobot2_ws/install/micro_ros_msgs/lib:/usr/lib/x86_64-linux-gnu/gazebo-11/plugins:/opt/ros/humble/opt/rviz_ogre_vendor/lib:/opt/ros/humble/lib/x86_64-linux-gnu:/opt/ros/humble/lib /usr/bin/cmake --build /home/nikunj/bwi_ros2_simulation/build/segway_rmp_ros2 -- -j32 -l32
[0.624s] Invoking command in '/home/nikunj/bwi_ros2_simulation/build/segway_rmp_ros2': CMAKE_PREFIX_PATH=/home/nikunj/bwi_ros2_simulation/install/libsegwayrmp:/home/nikunj/bwi_ros2_simulation/install/velodyne:/home/nikunj/bwi_ros2_simulation/install/velodyne_pointcloud:/home/nikunj/bwi_ros2_simulation/install/velodyne_driver:/home/nikunj/bwi_ros2_simulation/install/velodyne_msgs:/home/nikunj/bwi_ros2_simulation/install/velodyne_laserscan:/home/nikunj/bwi_ros2_simulation/install/utexas_gdc:/home/nikunj/bwi_ros2_simulation/install/urg_node2:/home/nikunj/bwi_ros2_simulation/install/topic_tools:/home/nikunj/bwi_ros2_simulation/install/topic_tools_interfaces:/home/nikunj/bwi_ros2_simulation/install/segway_rmp_ros2:/home/nikunj/bwi_ros2_simulation/install/segway_msgs:/home/nikunj/bwi_ros2_simulation/install/segway_description:/home/nikunj/bwi_ros2_simulation/install/segbot_description:/home/nikunj/bwi_ros2_simulation/install/ros2_laser_scan_merger:/home/nikunj/bwi_ros2_simulation/install/pr2_description:/home/nikunj/bwi_ros2_simulation/install/nav2_bringup:/home/nikunj/bwi_ros2_simulation/install/my_virtual_obstacle_layer:/home/nikunj/bwi_ros2_simulation/install/map_augmentation:/home/nikunj/bwi_ros2_simulation/install/ivcon:/home/nikunj/bwi_ros2_simulation/install/ds4_driver:/home/nikunj/bwi_ros2_simulation/install/ds4_driver_msgs:/home/nikunj/bwi_ros2_simulation/install/convex_decomposition:/home/nikunj/bwi_ros2_simulation/install/test_odom:/home/nikunj/bwi_ros2_simulation/install/test_cmaes:/home/nikunj/bwi_ros2_simulation/install/teleop_multi_robot:/home/nikunj/bwi_ros2_simulation/install/scan_filter:/home/nikunj/bwi_ros2_simulation/install/odom_tf_publisher:/home/nikunj/bwi_ros2_simulation/install/lwr_comms_client:/home/nikunj/bwi_ros2_simulation/install/kinect_data_collector:/home/nikunj/bwi_ros2_simulation/install/keep_alive_pkg:/home/nikunj/bwi_ros2_simulation/install/collision_monitor:/home/nikunj/bwi_ros2_simulation/install/bwi_tools:/home/nikunj/bwi_ros2_simulation/install/bwi_tasks:/home/nikunj/bwi_ros2_simulation/install/bwi_reset:/home/nikunj/bwi_ros2_simulation/install/bwi_perc:/home/nikunj/bwi_ros2_simulation/install/bwi_hallucination:/opt/ros/humble:/home/nikunj/bwi_ros2_simulation/install/bwi_tasks_interface:/home/nikunj/bwi_ros2_simulation/install/bwi_perception_interface:/home/nikunj/bwi_ros2_simulation/install/bwi_launch:/home/nikunj/linorobot2_ws/install/sllidar_ros2:/home/nikunj/linorobot2_ws/install/micro_ros_setup:/home/nikunj/linorobot2_ws/install/linorobot2_bringup:/home/nikunj/linorobot2_ws/install/micro_ros_agent:/home/nikunj/linorobot2_ws/install/micro_ros_msgs:/home/nikunj/linorobot2_ws/install/linorobot2_viz:/home/nikunj/linorobot2_ws/install/linorobot2_navigation:/home/nikunj/linorobot2_ws/install/linorobot2_gazebo:/home/nikunj/linorobot2_ws/install/linorobot2_description:/home/nikunj/linorobot2_ws/install/linorobot2_base:/home/nikunj/linorobot2_ws/install/linorobot2 LD_LIBRARY_PATH=/home/nikunj/bwi_ros2_simulation/install/libsegwayrmp/lib:/home/nikunj/bwi_ros2_simulation/install/velodyne_pointcloud/lib:/home/nikunj/bwi_ros2_simulation/install/velodyne_driver/lib:/home/nikunj/bwi_ros2_simulation/install/velodyne_msgs/lib:/home/nikunj/bwi_ros2_simulation/install/velodyne_laserscan/lib:/home/nikunj/bwi_ros2_simulation/install/urg_node2/lib:/home/nikunj/bwi_ros2_simulation/install/topic_tools/lib:/home/nikunj/bwi_ros2_simulation/install/topic_tools_interfaces/lib:/home/nikunj/bwi_ros2_simulation/install/segway_rmp_ros2/lib:/home/nikunj/bwi_ros2_simulation/install/segway_msgs/lib:/home/nikunj/bwi_ros2_simulation/install/my_virtual_obstacle_layer/lib:/home/nikunj/bwi_ros2_simulation/install/ds4_driver_msgs/lib:/home/nikunj/bwi_ros2_simulation/install/bwi_tasks_interface/lib:/home/nikunj/bwi_ros2_simulation/install/bwi_perception_interface/lib:/home/nikunj/linorobot2_ws/install/micro_ros_agent/lib:/home/nikunj/linorobot2_ws/install/micro_ros_msgs/lib:/usr/lib/x86_64-linux-gnu/gazebo-11/plugins:/opt/ros/humble/opt/rviz_ogre_vendor/lib:/opt/ros/humble/lib/x86_64-linux-gnu:/opt/ros/humble/lib /usr/bin/cmake --install /home/nikunj/bwi_ros2_simulation/build/segway_rmp_ros2
[0.653s] -- Install configuration: "Debug"
[0.654s] -- Up-to-date: /home/nikunj/bwi_ros2_simulation/install/segway_rmp_ros2/share/ament_index/resource_index/rosidl_interfaces/segway_rmp_ros2
[0.654s] -- Up-to-date: /home/nikunj/bwi_ros2_simulation/install/segway_rmp_ros2/include/segway_rmp_ros2/segway_rmp_ros2
[0.654s] -- Up-to-date: /home/nikunj/bwi_ros2_simulation/install/segway_rmp_ros2/include/segway_rmp_ros2/segway_rmp_ros2/msg
[0.654s] -- Up-to-date: /home/nikunj/bwi_ros2_simulation/install/segway_rmp_ros2/include/segway_rmp_ros2/segway_rmp_ros2/msg/segway_status_stamped.h
[0.654s] -- Up-to-date: /home/nikunj/bwi_ros2_simulation/install/segway_rmp_ros2/include/segway_rmp_ros2/segway_rmp_ros2/msg/segway_status.h
[0.654s] -- Up-to-date: /home/nikunj/bwi_ros2_simulation/install/segway_rmp_ros2/include/segway_rmp_ros2/segway_rmp_ros2/msg/detail
[0.654s] -- Up-to-date: /home/nikunj/bwi_ros2_simulation/install/segway_rmp_ros2/include/segway_rmp_ros2/segway_rmp_ros2/msg/detail/segway_status__functions.c
[0.654s] -- Up-to-date: /home/nikunj/bwi_ros2_simulation/install/segway_rmp_ros2/include/segway_rmp_ros2/segway_rmp_ros2/msg/detail/segway_status_stamped__functions.c
[0.654s] -- Up-to-date: /home/nikunj/bwi_ros2_simulation/install/segway_rmp_ros2/include/segway_rmp_ros2/segway_rmp_ros2/msg/detail/segway_status_stamped__functions.h
[0.654s] -- Up-to-date: /home/nikunj/bwi_ros2_simulation/install/segway_rmp_ros2/include/segway_rmp_ros2/segway_rmp_ros2/msg/detail/segway_status_stamped__struct.h
[0.655s] -- Up-to-date: /home/nikunj/bwi_ros2_simulation/install/segway_rmp_ros2/include/segway_rmp_ros2/segway_rmp_ros2/msg/detail/segway_status__type_support.h
[0.655s] -- Up-to-date: /home/nikunj/bwi_ros2_simulation/install/segway_rmp_ros2/include/segway_rmp_ros2/segway_rmp_ros2/msg/detail/segway_status__functions.h
[0.655s] -- Up-to-date: /home/nikunj/bwi_ros2_simulation/install/segway_rmp_ros2/include/segway_rmp_ros2/segway_rmp_ros2/msg/detail/segway_status_stamped__type_support.h
[0.655s] -- Up-to-date: /home/nikunj/bwi_ros2_simulation/install/segway_rmp_ros2/include/segway_rmp_ros2/segway_rmp_ros2/msg/detail/segway_status__struct.h
[0.655s] -- Up-to-date: /home/nikunj/bwi_ros2_simulation/install/segway_rmp_ros2/include/segway_rmp_ros2/segway_rmp_ros2/msg/rosidl_generator_c__visibility_control.h
[0.655s] -- Up-to-date: /home/nikunj/bwi_ros2_simulation/install/segway_rmp_ros2/share/segway_rmp_ros2/environment/library_path.sh
[0.655s] -- Up-to-date: /home/nikunj/bwi_ros2_simulation/install/segway_rmp_ros2/share/segway_rmp_ros2/environment/library_path.dsv
[0.655s] -- Up-to-date: /home/nikunj/bwi_ros2_simulation/install/segway_rmp_ros2/lib/libsegway_rmp_ros2__rosidl_generator_c.so
[0.655s] -- Up-to-date: /home/nikunj/bwi_ros2_simulation/install/segway_rmp_ros2/include/segway_rmp_ros2/segway_rmp_ros2
[0.655s] -- Up-to-date: /home/nikunj/bwi_ros2_simulation/install/segway_rmp_ros2/include/segway_rmp_ros2/segway_rmp_ros2/msg
[0.655s] -- Up-to-date: /home/nikunj/bwi_ros2_simulation/install/segway_rmp_ros2/include/segway_rmp_ros2/segway_rmp_ros2/msg/detail
[0.656s] -- Up-to-date: /home/nikunj/bwi_ros2_simulation/install/segway_rmp_ros2/include/segway_rmp_ros2/segway_rmp_ros2/msg/detail/segway_status_stamped__rosidl_typesupport_fastrtps_c.h
[0.656s] -- Up-to-date: /home/nikunj/bwi_ros2_simulation/install/segway_rmp_ros2/include/segway_rmp_ros2/segway_rmp_ros2/msg/detail/segway_status__rosidl_typesupport_fastrtps_c.h
[0.656s] -- Up-to-date: /home/nikunj/bwi_ros2_simulation/install/segway_rmp_ros2/include/segway_rmp_ros2/segway_rmp_ros2/msg/rosidl_typesupport_fastrtps_c__visibility_control.h
[0.656s] -- Up-to-date: /home/nikunj/bwi_ros2_simulation/install/segway_rmp_ros2/lib/libsegway_rmp_ros2__rosidl_typesupport_fastrtps_c.so
[0.656s] -- Up-to-date: /home/nikunj/bwi_ros2_simulation/install/segway_rmp_ros2/include/segway_rmp_ros2/segway_rmp_ros2
[0.656s] -- Up-to-date: /home/nikunj/bwi_ros2_simulation/install/segway_rmp_ros2/include/segway_rmp_ros2/segway_rmp_ros2/msg
[0.656s] -- Up-to-date: /home/nikunj/bwi_ros2_simulation/install/segway_rmp_ros2/include/segway_rmp_ros2/segway_rmp_ros2/msg/segway_status_stamped.hpp
[0.656s] -- Up-to-date: /home/nikunj/bwi_ros2_simulation/install/segway_rmp_ros2/include/segway_rmp_ros2/segway_rmp_ros2/msg/rosidl_generator_cpp__visibility_control.hpp
[0.656s] -- Up-to-date: /home/nikunj/bwi_ros2_simulation/install/segway_rmp_ros2/include/segway_rmp_ros2/segway_rmp_ros2/msg/segway_status.hpp
[0.656s] -- Up-to-date: /home/nikunj/bwi_ros2_simulation/install/segway_rmp_ros2/include/segway_rmp_ros2/segway_rmp_ros2/msg/detail
[0.656s] -- Up-to-date: /home/nikunj/bwi_ros2_simulation/install/segway_rmp_ros2/include/segway_rmp_ros2/segway_rmp_ros2/msg/detail/segway_status_stamped__builder.hpp
[0.656s] -- Up-to-date: /home/nikunj/bwi_ros2_simulation/install/segway_rmp_ros2/include/segway_rmp_ros2/segway_rmp_ros2/msg/detail/segway_status_stamped__struct.hpp
[0.656s] -- Up-to-date: /home/nikunj/bwi_ros2_simulation/install/segway_rmp_ros2/include/segway_rmp_ros2/segway_rmp_ros2/msg/detail/segway_status__builder.hpp
[0.656s] -- Up-to-date: /home/nikunj/bwi_ros2_simulation/install/segway_rmp_ros2/include/segway_rmp_ros2/segway_rmp_ros2/msg/detail/segway_status_stamped__traits.hpp
[0.657s] -- Up-to-date: /home/nikunj/bwi_ros2_simulation/install/segway_rmp_ros2/include/segway_rmp_ros2/segway_rmp_ros2/msg/detail/segway_status__traits.hpp
[0.657s] -- Up-to-date: /home/nikunj/bwi_ros2_simulation/install/segway_rmp_ros2/include/segway_rmp_ros2/segway_rmp_ros2/msg/detail/segway_status__struct.hpp
[0.657s] -- Up-to-date: /home/nikunj/bwi_ros2_simulation/install/segway_rmp_ros2/include/segway_rmp_ros2/segway_rmp_ros2/msg/detail/segway_status_stamped__type_support.hpp
[0.657s] -- Up-to-date: /home/nikunj/bwi_ros2_simulation/install/segway_rmp_ros2/include/segway_rmp_ros2/segway_rmp_ros2/msg/detail/segway_status__type_support.hpp
[0.657s] -- Up-to-date: /home/nikunj/bwi_ros2_simulation/install/segway_rmp_ros2/include/segway_rmp_ros2/segway_rmp_ros2
[0.657s] -- Up-to-date: /home/nikunj/bwi_ros2_simulation/install/segway_rmp_ros2/include/segway_rmp_ros2/segway_rmp_ros2/msg
[0.657s] -- Up-to-date: /home/nikunj/bwi_ros2_simulation/install/segway_rmp_ros2/include/segway_rmp_ros2/segway_rmp_ros2/msg/detail
[0.657s] -- Up-to-date: /home/nikunj/bwi_ros2_simulation/install/segway_rmp_ros2/include/segway_rmp_ros2/segway_rmp_ros2/msg/detail/dds_fastrtps
[0.657s] -- Up-to-date: /home/nikunj/bwi_ros2_simulation/install/segway_rmp_ros2/include/segway_rmp_ros2/segway_rmp_ros2/msg/detail/segway_status__rosidl_typesupport_fastrtps_cpp.hpp
[0.657s] -- Up-to-date: /home/nikunj/bwi_ros2_simulation/install/segway_rmp_ros2/include/segway_rmp_ros2/segway_rmp_ros2/msg/detail/segway_status_stamped__rosidl_typesupport_fastrtps_cpp.hpp
[0.657s] -- Up-to-date: /home/nikunj/bwi_ros2_simulation/install/segway_rmp_ros2/include/segway_rmp_ros2/segway_rmp_ros2/msg/rosidl_typesupport_fastrtps_cpp__visibility_control.h
[0.657s] -- Up-to-date: /home/nikunj/bwi_ros2_simulation/install/segway_rmp_ros2/lib/libsegway_rmp_ros2__rosidl_typesupport_fastrtps_cpp.so
[0.657s] -- Up-to-date: /home/nikunj/bwi_ros2_simulation/install/segway_rmp_ros2/include/segway_rmp_ros2/segway_rmp_ros2
[0.657s] -- Up-to-date: /home/nikunj/bwi_ros2_simulation/install/segway_rmp_ros2/include/segway_rmp_ros2/segway_rmp_ros2/msg
[0.657s] -- Up-to-date: /home/nikunj/bwi_ros2_simulation/install/segway_rmp_ros2/include/segway_rmp_ros2/segway_rmp_ros2/msg/detail
[0.658s] -- Up-to-date: /home/nikunj/bwi_ros2_simulation/install/segway_rmp_ros2/include/segway_rmp_ros2/segway_rmp_ros2/msg/detail/segway_status_stamped__rosidl_typesupport_introspection_c.h
[0.658s] -- Up-to-date: /home/nikunj/bwi_ros2_simulation/install/segway_rmp_ros2/include/segway_rmp_ros2/segway_rmp_ros2/msg/detail/segway_status__type_support.c
[0.658s] -- Up-to-date: /home/nikunj/bwi_ros2_simulation/install/segway_rmp_ros2/include/segway_rmp_ros2/segway_rmp_ros2/msg/detail/segway_status_stamped__type_support.c
[0.658s] -- Up-to-date: /home/nikunj/bwi_ros2_simulation/install/segway_rmp_ros2/include/segway_rmp_ros2/segway_rmp_ros2/msg/detail/segway_status__rosidl_typesupport_introspection_c.h
[0.658s] -- Up-to-date: /home/nikunj/bwi_ros2_simulation/install/segway_rmp_ros2/include/segway_rmp_ros2/segway_rmp_ros2/msg/rosidl_typesupport_introspection_c__visibility_control.h
[0.658s] -- Up-to-date: /home/nikunj/bwi_ros2_simulation/install/segway_rmp_ros2/lib/libsegway_rmp_ros2__rosidl_typesupport_introspection_c.so
[0.658s] -- Up-to-date: /home/nikunj/bwi_ros2_simulation/install/segway_rmp_ros2/lib/libsegway_rmp_ros2__rosidl_typesupport_c.so
[0.658s] -- Up-to-date: /home/nikunj/bwi_ros2_simulation/install/segway_rmp_ros2/include/segway_rmp_ros2/segway_rmp_ros2
[0.658s] -- Up-to-date: /home/nikunj/bwi_ros2_simulation/install/segway_rmp_ros2/include/segway_rmp_ros2/segway_rmp_ros2/msg
[0.658s] -- Up-to-date: /home/nikunj/bwi_ros2_simulation/install/segway_rmp_ros2/include/segway_rmp_ros2/segway_rmp_ros2/msg/detail
[0.658s] -- Up-to-date: /home/nikunj/bwi_ros2_simulation/install/segway_rmp_ros2/include/segway_rmp_ros2/segway_rmp_ros2/msg/detail/segway_status_stamped__type_support.cpp
[0.658s] -- Up-to-date: /home/nikunj/bwi_ros2_simulation/install/segway_rmp_ros2/include/segway_rmp_ros2/segway_rmp_ros2/msg/detail/segway_status__rosidl_typesupport_introspection_cpp.hpp
[0.658s] -- Up-to-date: /home/nikunj/bwi_ros2_simulation/install/segway_rmp_ros2/include/segway_rmp_ros2/segway_rmp_ros2/msg/detail/segway_status_stamped__rosidl_typesupport_introspection_cpp.hpp
[0.659s] -- Up-to-date: /home/nikunj/bwi_ros2_simulation/install/segway_rmp_ros2/include/segway_rmp_ros2/segway_rmp_ros2/msg/detail/segway_status__type_support.cpp
[0.659s] -- Up-to-date: /home/nikunj/bwi_ros2_simulation/install/segway_rmp_ros2/lib/libsegway_rmp_ros2__rosidl_typesupport_introspection_cpp.so
[0.659s] -- Up-to-date: /home/nikunj/bwi_ros2_simulation/install/segway_rmp_ros2/lib/libsegway_rmp_ros2__rosidl_typesupport_cpp.so
[0.659s] -- Up-to-date: /home/nikunj/bwi_ros2_simulation/install/segway_rmp_ros2/share/segway_rmp_ros2/environment/pythonpath.sh
[0.659s] -- Up-to-date: /home/nikunj/bwi_ros2_simulation/install/segway_rmp_ros2/share/segway_rmp_ros2/environment/pythonpath.dsv
[0.660s] -- Up-to-date: /home/nikunj/bwi_ros2_simulation/install/segway_rmp_ros2/local/lib/python3.10/dist-packages/segway_rmp_ros2-0.0.0-py3.10.egg-info
[0.660s] -- Installing: /home/nikunj/bwi_ros2_simulation/install/segway_rmp_ros2/local/lib/python3.10/dist-packages/segway_rmp_ros2-0.0.0-py3.10.egg-info/dependency_links.txt
[0.660s] -- Installing: /home/nikunj/bwi_ros2_simulation/install/segway_rmp_ros2/local/lib/python3.10/dist-packages/segway_rmp_ros2-0.0.0-py3.10.egg-info/top_level.txt
[0.660s] -- Installing: /home/nikunj/bwi_ros2_simulation/install/segway_rmp_ros2/local/lib/python3.10/dist-packages/segway_rmp_ros2-0.0.0-py3.10.egg-info/PKG-INFO
[0.660s] -- Installing: /home/nikunj/bwi_ros2_simulation/install/segway_rmp_ros2/local/lib/python3.10/dist-packages/segway_rmp_ros2-0.0.0-py3.10.egg-info/SOURCES.txt
[0.660s] -- Up-to-date: /home/nikunj/bwi_ros2_simulation/install/segway_rmp_ros2/local/lib/python3.10/dist-packages/segway_rmp_ros2
[0.660s] -- Up-to-date: /home/nikunj/bwi_ros2_simulation/install/segway_rmp_ros2/local/lib/python3.10/dist-packages/segway_rmp_ros2/segway_rmp_ros2_s__rosidl_typesupport_c.cpython-310-x86_64-linux-gnu.so
[0.660s] -- Up-to-date: /home/nikunj/bwi_ros2_simulation/install/segway_rmp_ros2/local/lib/python3.10/dist-packages/segway_rmp_ros2/segway_rmp_ros2_s__rosidl_typesupport_fastrtps_c.cpython-310-x86_64-linux-gnu.so
[0.660s] -- Up-to-date: /home/nikunj/bwi_ros2_simulation/install/segway_rmp_ros2/local/lib/python3.10/dist-packages/segway_rmp_ros2/libsegway_rmp_ros2__rosidl_generator_py.so
[0.660s] -- Up-to-date: /home/nikunj/bwi_ros2_simulation/install/segway_rmp_ros2/local/lib/python3.10/dist-packages/segway_rmp_ros2/segway_rmp_ros2_s__rosidl_typesupport_introspection_c.cpython-310-x86_64-linux-gnu.so
[0.660s] -- Up-to-date: /home/nikunj/bwi_ros2_simulation/install/segway_rmp_ros2/local/lib/python3.10/dist-packages/segway_rmp_ros2/_segway_rmp_ros2_s.ep.rosidl_typesupport_fastrtps_c.c
[0.661s] -- Up-to-date: /home/nikunj/bwi_ros2_simulation/install/segway_rmp_ros2/local/lib/python3.10/dist-packages/segway_rmp_ros2/__init__.py
[0.661s] -- Up-to-date: /home/nikunj/bwi_ros2_simulation/install/segway_rmp_ros2/local/lib/python3.10/dist-packages/segway_rmp_ros2/_segway_rmp_ros2_s.ep.rosidl_typesupport_c.c
[0.661s] -- Up-to-date: /home/nikunj/bwi_ros2_simulation/install/segway_rmp_ros2/local/lib/python3.10/dist-packages/segway_rmp_ros2/_segway_rmp_ros2_s.ep.rosidl_typesupport_introspection_c.c
[0.661s] -- Up-to-date: /home/nikunj/bwi_ros2_simulation/install/segway_rmp_ros2/local/lib/python3.10/dist-packages/segway_rmp_ros2/msg
[0.661s] -- Up-to-date: /home/nikunj/bwi_ros2_simulation/install/segway_rmp_ros2/local/lib/python3.10/dist-packages/segway_rmp_ros2/msg/_segway_status.py
[0.661s] -- Up-to-date: /home/nikunj/bwi_ros2_simulation/install/segway_rmp_ros2/local/lib/python3.10/dist-packages/segway_rmp_ros2/msg/_segway_status_stamped_s.c
[0.661s] -- Up-to-date: /home/nikunj/bwi_ros2_simulation/install/segway_rmp_ros2/local/lib/python3.10/dist-packages/segway_rmp_ros2/msg/__init__.py
[0.661s] -- Up-to-date: /home/nikunj/bwi_ros2_simulation/install/segway_rmp_ros2/local/lib/python3.10/dist-packages/segway_rmp_ros2/msg/_segway_status_s.c
[0.661s] -- Up-to-date: /home/nikunj/bwi_ros2_simulation/install/segway_rmp_ros2/local/lib/python3.10/dist-packages/segway_rmp_ros2/msg/_segway_status_stamped.py
[0.689s] Listing '/home/nikunj/bwi_ros2_simulation/install/segway_rmp_ros2/local/lib/python3.10/dist-packages/segway_rmp_ros2'...
[0.689s] Listing '/home/nikunj/bwi_ros2_simulation/install/segway_rmp_ros2/local/lib/python3.10/dist-packages/segway_rmp_ros2/msg'...
[0.691s] -- Up-to-date: /home/nikunj/bwi_ros2_simulation/install/segway_rmp_ros2/local/lib/python3.10/dist-packages/segway_rmp_ros2/segway_rmp_ros2_s__rosidl_typesupport_fastrtps_c.cpython-310-x86_64-linux-gnu.so
[0.691s] -- Up-to-date: /home/nikunj/bwi_ros2_simulation/install/segway_rmp_ros2/local/lib/python3.10/dist-packages/segway_rmp_ros2/segway_rmp_ros2_s__rosidl_typesupport_introspection_c.cpython-310-x86_64-linux-gnu.so
[0.691s] -- Up-to-date: /home/nikunj/bwi_ros2_simulation/install/segway_rmp_ros2/local/lib/python3.10/dist-packages/segway_rmp_ros2/segway_rmp_ros2_s__rosidl_typesupport_c.cpython-310-x86_64-linux-gnu.so
[0.691s] -- Up-to-date: /home/nikunj/bwi_ros2_simulation/install/segway_rmp_ros2/lib/libsegway_rmp_ros2__rosidl_generator_py.so
[0.691s] -- Up-to-date: /home/nikunj/bwi_ros2_simulation/install/segway_rmp_ros2/share/segway_rmp_ros2/msg/SegwayStatus.idl
[0.691s] -- Up-to-date: /home/nikunj/bwi_ros2_simulation/install/segway_rmp_ros2/share/segway_rmp_ros2/msg/SegwayStatusStamped.idl
[0.691s] -- Up-to-date: /home/nikunj/bwi_ros2_simulation/install/segway_rmp_ros2/share/segway_rmp_ros2/msg/SegwayStatus.msg
[0.691s] -- Up-to-date: /home/nikunj/bwi_ros2_simulation/install/segway_rmp_ros2/share/segway_rmp_ros2/msg/SegwayStatusStamped.msg
[0.691s] -- Up-to-date: /home/nikunj/bwi_ros2_simulation/install/segway_rmp_ros2/lib/segway_rmp_ros2/segway_rmp_node_ros2
[0.691s] -- Up-to-date: /home/nikunj/bwi_ros2_simulation/install/segway_rmp_ros2/share/segway_rmp_ros2//launch
[0.692s] -- Up-to-date: /home/nikunj/bwi_ros2_simulation/install/segway_rmp_ros2/share/segway_rmp_ros2//launch/segway_rmp_ros2.launch.py
[0.693s] -- Up-to-date: /home/nikunj/bwi_ros2_simulation/install/segway_rmp_ros2/share/ament_index/resource_index/package_run_dependencies/segway_rmp_ros2
[0.693s] -- Up-to-date: /home/nikunj/bwi_ros2_simulation/install/segway_rmp_ros2/share/ament_index/resource_index/parent_prefix_path/segway_rmp_ros2
[0.693s] -- Up-to-date: /home/nikunj/bwi_ros2_simulation/install/segway_rmp_ros2/share/segway_rmp_ros2/environment/ament_prefix_path.sh
[0.694s] -- Up-to-date: /home/nikunj/bwi_ros2_simulation/install/segway_rmp_ros2/share/segway_rmp_ros2/environment/ament_prefix_path.dsv
[0.694s] -- Up-to-date: /home/nikunj/bwi_ros2_simulation/install/segway_rmp_ros2/share/segway_rmp_ros2/environment/path.sh
[0.694s] -- Up-to-date: /home/nikunj/bwi_ros2_simulation/install/segway_rmp_ros2/share/segway_rmp_ros2/environment/path.dsv
[0.694s] -- Up-to-date: /home/nikunj/bwi_ros2_simulation/install/segway_rmp_ros2/share/segway_rmp_ros2/local_setup.bash
[0.694s] -- Up-to-date: /home/nikunj/bwi_ros2_simulation/install/segway_rmp_ros2/share/segway_rmp_ros2/local_setup.sh
[0.694s] -- Up-to-date: /home/nikunj/bwi_ros2_simulation/install/segway_rmp_ros2/share/segway_rmp_ros2/local_setup.zsh
[0.694s] -- Up-to-date: /home/nikunj/bwi_ros2_simulation/install/segway_rmp_ros2/share/segway_rmp_ros2/local_setup.dsv
[0.694s] -- Installing: /home/nikunj/bwi_ros2_simulation/install/segway_rmp_ros2/share/segway_rmp_ros2/package.dsv
[0.694s] -- Up-to-date: /home/nikunj/bwi_ros2_simulation/install/segway_rmp_ros2/share/ament_index/resource_index/packages/segway_rmp_ros2
[0.694s] -- Up-to-date: /home/nikunj/bwi_ros2_simulation/install/segway_rmp_ros2/share/segway_rmp_ros2/cmake/export_segway_rmp_ros2__rosidl_generator_cExport.cmake
[0.694s] -- Up-to-date: /home/nikunj/bwi_ros2_simulation/install/segway_rmp_ros2/share/segway_rmp_ros2/cmake/export_segway_rmp_ros2__rosidl_generator_cExport-debug.cmake
[0.694s] -- Up-to-date: /home/nikunj/bwi_ros2_simulation/install/segway_rmp_ros2/share/segway_rmp_ros2/cmake/export_segway_rmp_ros2__rosidl_typesupport_fastrtps_cExport.cmake
[0.694s] -- Up-to-date: /home/nikunj/bwi_ros2_simulation/install/segway_rmp_ros2/share/segway_rmp_ros2/cmake/export_segway_rmp_ros2__rosidl_typesupport_fastrtps_cExport-debug.cmake
[0.694s] -- Up-to-date: /home/nikunj/bwi_ros2_simulation/install/segway_rmp_ros2/share/segway_rmp_ros2/cmake/export_segway_rmp_ros2__rosidl_generator_cppExport.cmake
[0.695s] -- Up-to-date: /home/nikunj/bwi_ros2_simulation/install/segway_rmp_ros2/share/segway_rmp_ros2/cmake/export_segway_rmp_ros2__rosidl_typesupport_fastrtps_cppExport.cmake
[0.695s] -- Up-to-date: /home/nikunj/bwi_ros2_simulation/install/segway_rmp_ros2/share/segway_rmp_ros2/cmake/export_segway_rmp_ros2__rosidl_typesupport_fastrtps_cppExport-debug.cmake
[0.695s] -- Up-to-date: /home/nikunj/bwi_ros2_simulation/install/segway_rmp_ros2/share/segway_rmp_ros2/cmake/segway_rmp_ros2__rosidl_typesupport_introspection_cExport.cmake
[0.695s] -- Up-to-date: /home/nikunj/bwi_ros2_simulation/install/segway_rmp_ros2/share/segway_rmp_ros2/cmake/segway_rmp_ros2__rosidl_typesupport_introspection_cExport-debug.cmake
[0.695s] -- Up-to-date: /home/nikunj/bwi_ros2_simulation/install/segway_rmp_ros2/share/segway_rmp_ros2/cmake/segway_rmp_ros2__rosidl_typesupport_cExport.cmake
[0.695s] -- Up-to-date: /home/nikunj/bwi_ros2_simulation/install/segway_rmp_ros2/share/segway_rmp_ros2/cmake/segway_rmp_ros2__rosidl_typesupport_cExport-debug.cmake
[0.695s] -- Up-to-date: /home/nikunj/bwi_ros2_simulation/install/segway_rmp_ros2/share/segway_rmp_ros2/cmake/segway_rmp_ros2__rosidl_typesupport_introspection_cppExport.cmake
[0.696s] -- Up-to-date: /home/nikunj/bwi_ros2_simulation/install/segway_rmp_ros2/share/segway_rmp_ros2/cmake/segway_rmp_ros2__rosidl_typesupport_introspection_cppExport-debug.cmake
[0.696s] -- Up-to-date: /home/nikunj/bwi_ros2_simulation/install/segway_rmp_ros2/share/segway_rmp_ros2/cmake/segway_rmp_ros2__rosidl_typesupport_cppExport.cmake
[0.696s] -- Up-to-date: /home/nikunj/bwi_ros2_simulation/install/segway_rmp_ros2/share/segway_rmp_ros2/cmake/segway_rmp_ros2__rosidl_typesupport_cppExport-debug.cmake
[0.696s] -- Up-to-date: /home/nikunj/bwi_ros2_simulation/install/segway_rmp_ros2/share/segway_rmp_ros2/cmake/export_segway_rmp_ros2__rosidl_generator_pyExport.cmake
[0.696s] -- Up-to-date: /home/nikunj/bwi_ros2_simulation/install/segway_rmp_ros2/share/segway_rmp_ros2/cmake/export_segway_rmp_ros2__rosidl_generator_pyExport-debug.cmake
[0.696s] -- Up-to-date: /home/nikunj/bwi_ros2_simulation/install/segway_rmp_ros2/share/segway_rmp_ros2/cmake/rosidl_cmake-extras.cmake
[0.696s] -- Up-to-date: /home/nikunj/bwi_ros2_simulation/install/segway_rmp_ros2/share/segway_rmp_ros2/cmake/ament_cmake_export_dependencies-extras.cmake
[0.696s] -- Up-to-date: /home/nikunj/bwi_ros2_simulation/install/segway_rmp_ros2/share/segway_rmp_ros2/cmake/ament_cmake_export_include_directories-extras.cmake
[0.696s] -- Up-to-date: /home/nikunj/bwi_ros2_simulation/install/segway_rmp_ros2/share/segway_rmp_ros2/cmake/ament_cmake_export_libraries-extras.cmake
[0.696s] -- Up-to-date: /home/nikunj/bwi_ros2_simulation/install/segway_rmp_ros2/share/segway_rmp_ros2/cmake/ament_cmake_export_targets-extras.cmake
[0.696s] -- Up-to-date: /home/nikunj/bwi_ros2_simulation/install/segway_rmp_ros2/share/segway_rmp_ros2/cmake/rosidl_cmake_export_typesupport_targets-extras.cmake
[0.697s] -- Up-to-date: /home/nikunj/bwi_ros2_simulation/install/segway_rmp_ros2/share/segway_rmp_ros2/cmake/rosidl_cmake_export_typesupport_libraries-extras.cmake
[0.697s] -- Up-to-date: /home/nikunj/bwi_ros2_simulation/install/segway_rmp_ros2/share/segway_rmp_ros2/cmake/segway_rmp_ros2Config.cmake
[0.697s] -- Up-to-date: /home/nikunj/bwi_ros2_simulation/install/segway_rmp_ros2/share/segway_rmp_ros2/cmake/segway_rmp_ros2Config-version.cmake
[0.697s] -- Up-to-date: /home/nikunj/bwi_ros2_simulation/install/segway_rmp_ros2/share/segway_rmp_ros2/package.xml
[0.697s] Invoked command in '/home/nikunj/bwi_ros2_simulation/build/segway_rmp_ros2' returned '0': CMAKE_PREFIX_PATH=/home/nikunj/bwi_ros2_simulation/install/libsegwayrmp:/home/nikunj/bwi_ros2_simulation/install/velodyne:/home/nikunj/bwi_ros2_simulation/install/velodyne_pointcloud:/home/nikunj/bwi_ros2_simulation/install/velodyne_driver:/home/nikunj/bwi_ros2_simulation/install/velodyne_msgs:/home/nikunj/bwi_ros2_simulation/install/velodyne_laserscan:/home/nikunj/bwi_ros2_simulation/install/utexas_gdc:/home/nikunj/bwi_ros2_simulation/install/urg_node2:/home/nikunj/bwi_ros2_simulation/install/topic_tools:/home/nikunj/bwi_ros2_simulation/install/topic_tools_interfaces:/home/nikunj/bwi_ros2_simulation/install/segway_rmp_ros2:/home/nikunj/bwi_ros2_simulation/install/segway_msgs:/home/nikunj/bwi_ros2_simulation/install/segway_description:/home/nikunj/bwi_ros2_simulation/install/segbot_description:/home/nikunj/bwi_ros2_simulation/install/ros2_laser_scan_merger:/home/nikunj/bwi_ros2_simulation/install/pr2_description:/home/nikunj/bwi_ros2_simulation/install/nav2_bringup:/home/nikunj/bwi_ros2_simulation/install/my_virtual_obstacle_layer:/home/nikunj/bwi_ros2_simulation/install/map_augmentation:/home/nikunj/bwi_ros2_simulation/install/ivcon:/home/nikunj/bwi_ros2_simulation/install/ds4_driver:/home/nikunj/bwi_ros2_simulation/install/ds4_driver_msgs:/home/nikunj/bwi_ros2_simulation/install/convex_decomposition:/home/nikunj/bwi_ros2_simulation/install/test_odom:/home/nikunj/bwi_ros2_simulation/install/test_cmaes:/home/nikunj/bwi_ros2_simulation/install/teleop_multi_robot:/home/nikunj/bwi_ros2_simulation/install/scan_filter:/home/nikunj/bwi_ros2_simulation/install/odom_tf_publisher:/home/nikunj/bwi_ros2_simulation/install/lwr_comms_client:/home/nikunj/bwi_ros2_simulation/install/kinect_data_collector:/home/nikunj/bwi_ros2_simulation/install/keep_alive_pkg:/home/nikunj/bwi_ros2_simulation/install/collision_monitor:/home/nikunj/bwi_ros2_simulation/install/bwi_tools:/home/nikunj/bwi_ros2_simulation/install/bwi_tasks:/home/nikunj/bwi_ros2_simulation/install/bwi_reset:/home/nikunj/bwi_ros2_simulation/install/bwi_perc:/home/nikunj/bwi_ros2_simulation/install/bwi_hallucination:/opt/ros/humble:/home/nikunj/bwi_ros2_simulation/install/bwi_tasks_interface:/home/nikunj/bwi_ros2_simulation/install/bwi_perception_interface:/home/nikunj/bwi_ros2_simulation/install/bwi_launch:/home/nikunj/linorobot2_ws/install/sllidar_ros2:/home/nikunj/linorobot2_ws/install/micro_ros_setup:/home/nikunj/linorobot2_ws/install/linorobot2_bringup:/home/nikunj/linorobot2_ws/install/micro_ros_agent:/home/nikunj/linorobot2_ws/install/micro_ros_msgs:/home/nikunj/linorobot2_ws/install/linorobot2_viz:/home/nikunj/linorobot2_ws/install/linorobot2_navigation:/home/nikunj/linorobot2_ws/install/linorobot2_gazebo:/home/nikunj/linorobot2_ws/install/linorobot2_description:/home/nikunj/linorobot2_ws/install/linorobot2_base:/home/nikunj/linorobot2_ws/install/linorobot2 LD_LIBRARY_PATH=/home/nikunj/bwi_ros2_simulation/install/libsegwayrmp/lib:/home/nikunj/bwi_ros2_simulation/install/velodyne_pointcloud/lib:/home/nikunj/bwi_ros2_simulation/install/velodyne_driver/lib:/home/nikunj/bwi_ros2_simulation/install/velodyne_msgs/lib:/home/nikunj/bwi_ros2_simulation/install/velodyne_laserscan/lib:/home/nikunj/bwi_ros2_simulation/install/urg_node2/lib:/home/nikunj/bwi_ros2_simulation/install/topic_tools/lib:/home/nikunj/bwi_ros2_simulation/install/topic_tools_interfaces/lib:/home/nikunj/bwi_ros2_simulation/install/segway_rmp_ros2/lib:/home/nikunj/bwi_ros2_simulation/install/segway_msgs/lib:/home/nikunj/bwi_ros2_simulation/install/my_virtual_obstacle_layer/lib:/home/nikunj/bwi_ros2_simulation/install/ds4_driver_msgs/lib:/home/nikunj/bwi_ros2_simulation/install/bwi_tasks_interface/lib:/home/nikunj/bwi_ros2_simulation/install/bwi_perception_interface/lib:/home/nikunj/linorobot2_ws/install/micro_ros_agent/lib:/home/nikunj/linorobot2_ws/install/micro_ros_msgs/lib:/usr/lib/x86_64-linux-gnu/gazebo-11/plugins:/opt/ros/humble/opt/rviz_ogre_vendor/lib:/opt/ros/humble/lib/x86_64-linux-gnu:/opt/ros/humble/lib /usr/bin/cmake --install /home/nikunj/bwi_ros2_simulation/build/segway_rmp_ros2
