running egg_info
creating ../../build/teleop_multi_robot/teleop_multi_robot.egg-info
writing ../../build/teleop_multi_robot/teleop_multi_robot.egg-info/PKG-INFO
writing dependency_links to ../../build/teleop_multi_robot/teleop_multi_robot.egg-info/dependency_links.txt
writing entry points to ../../build/teleop_multi_robot/teleop_multi_robot.egg-info/entry_points.txt
writing requirements to ../../build/teleop_multi_robot/teleop_multi_robot.egg-info/requires.txt
writing top-level names to ../../build/teleop_multi_robot/teleop_multi_robot.egg-info/top_level.txt
writing manifest file '../../build/teleop_multi_robot/teleop_multi_robot.egg-info/SOURCES.txt'
reading manifest file '../../build/teleop_multi_robot/teleop_multi_robot.egg-info/SOURCES.txt'
adding license file 'LICENSE'
writing manifest file '../../build/teleop_multi_robot/teleop_multi_robot.egg-info/SOURCES.txt'
running build
running build_py
creating /home/nikunj/bwi_ros2_simulation/build/teleop_multi_robot/build
creating /home/nikunj/bwi_ros2_simulation/build/teleop_multi_robot/build/lib
creating /home/nikunj/bwi_ros2_simulation/build/teleop_multi_robot/build/lib/teleop_multi_robot
copying teleop_multi_robot/teleop_twist_dual.py -> /home/nikunj/bwi_ros2_simulation/build/teleop_multi_robot/build/lib/teleop_multi_robot
copying teleop_multi_robot/__init__.py -> /home/nikunj/bwi_ros2_simulation/build/teleop_multi_robot/build/lib/teleop_multi_robot
running install
running install_lib
creating /home/nikunj/bwi_ros2_simulation/install/teleop_multi_robot/lib/python3.10/site-packages/teleop_multi_robot
copying /home/nikunj/bwi_ros2_simulation/build/teleop_multi_robot/build/lib/teleop_multi_robot/teleop_twist_dual.py -> /home/nikunj/bwi_ros2_simulation/install/teleop_multi_robot/lib/python3.10/site-packages/teleop_multi_robot
copying /home/nikunj/bwi_ros2_simulation/build/teleop_multi_robot/build/lib/teleop_multi_robot/__init__.py -> /home/nikunj/bwi_ros2_simulation/install/teleop_multi_robot/lib/python3.10/site-packages/teleop_multi_robot
byte-compiling /home/nikunj/bwi_ros2_simulation/install/teleop_multi_robot/lib/python3.10/site-packages/teleop_multi_robot/teleop_twist_dual.py to teleop_twist_dual.cpython-310.pyc
byte-compiling /home/nikunj/bwi_ros2_simulation/install/teleop_multi_robot/lib/python3.10/site-packages/teleop_multi_robot/__init__.py to __init__.cpython-310.pyc
running install_data
creating /home/nikunj/bwi_ros2_simulation/install/teleop_multi_robot/share/ament_index
creating /home/nikunj/bwi_ros2_simulation/install/teleop_multi_robot/share/ament_index/resource_index
creating /home/nikunj/bwi_ros2_simulation/install/teleop_multi_robot/share/ament_index/resource_index/packages
copying resource/teleop_multi_robot -> /home/nikunj/bwi_ros2_simulation/install/teleop_multi_robot/share/ament_index/resource_index/packages
copying package.xml -> /home/nikunj/bwi_ros2_simulation/install/teleop_multi_robot/share/teleop_multi_robot
running install_egg_info
Copying ../../build/teleop_multi_robot/teleop_multi_robot.egg-info to /home/nikunj/bwi_ros2_simulation/install/teleop_multi_robot/lib/python3.10/site-packages/teleop_multi_robot-0.0.0-py3.10.egg-info
running install_scripts
Installing teleop_twist_dual script to /home/nikunj/bwi_ros2_simulation/install/teleop_multi_robot/lib/teleop_multi_robot
writing list of installed files to '/home/nikunj/bwi_ros2_simulation/build/teleop_multi_robot/install.log'
