[1.533s] Invoking command in '/home/nikunj/bwi_ros2_simulation/src/teleop_multi_robot': PYTHONPATH=/home/nikunj/bwi_ros2_simulation/build/teleop_multi_robot/prefix_override:/usr/lib/python3/dist-packages/colcon_core/task/python/colcon_distutils_commands:/home/nikunj/bwi_ros2_simulation/install/teleop_multi_robot/lib/python3.10/site-packages:${PYTHONPATH} /usr/bin/python3 -W ignore:setup.py install is deprecated -W ignore:easy_install command is deprecated setup.py egg_info --egg-base ../../build/teleop_multi_robot build --build-base /home/nikunj/bwi_ros2_simulation/build/teleop_multi_robot/build install --record /home/nikunj/bwi_ros2_simulation/build/teleop_multi_robot/install.log --single-version-externally-managed install_data
[1.784s] running egg_info
[1.784s] creating ../../build/teleop_multi_robot/teleop_multi_robot.egg-info
[1.785s] writing ../../build/teleop_multi_robot/teleop_multi_robot.egg-info/PKG-INFO
[1.785s] writing dependency_links to ../../build/teleop_multi_robot/teleop_multi_robot.egg-info/dependency_links.txt
[1.785s] writing entry points to ../../build/teleop_multi_robot/teleop_multi_robot.egg-info/entry_points.txt
[1.785s] writing requirements to ../../build/teleop_multi_robot/teleop_multi_robot.egg-info/requires.txt
[1.785s] writing top-level names to ../../build/teleop_multi_robot/teleop_multi_robot.egg-info/top_level.txt
[1.785s] writing manifest file '../../build/teleop_multi_robot/teleop_multi_robot.egg-info/SOURCES.txt'
[1.787s] reading manifest file '../../build/teleop_multi_robot/teleop_multi_robot.egg-info/SOURCES.txt'
[1.787s] adding license file 'LICENSE'
[1.787s] writing manifest file '../../build/teleop_multi_robot/teleop_multi_robot.egg-info/SOURCES.txt'
[1.787s] running build
[1.787s] running build_py
[1.787s] creating /home/nikunj/bwi_ros2_simulation/build/teleop_multi_robot/build
[1.787s] creating /home/nikunj/bwi_ros2_simulation/build/teleop_multi_robot/build/lib
[1.787s] creating /home/nikunj/bwi_ros2_simulation/build/teleop_multi_robot/build/lib/teleop_multi_robot
[1.787s] copying teleop_multi_robot/teleop_twist_dual.py -> /home/nikunj/bwi_ros2_simulation/build/teleop_multi_robot/build/lib/teleop_multi_robot
[1.787s] copying teleop_multi_robot/__init__.py -> /home/nikunj/bwi_ros2_simulation/build/teleop_multi_robot/build/lib/teleop_multi_robot
[1.787s] running install
[1.787s] running install_lib
[1.788s] creating /home/nikunj/bwi_ros2_simulation/install/teleop_multi_robot/lib/python3.10/site-packages/teleop_multi_robot
[1.788s] copying /home/nikunj/bwi_ros2_simulation/build/teleop_multi_robot/build/lib/teleop_multi_robot/teleop_twist_dual.py -> /home/nikunj/bwi_ros2_simulation/install/teleop_multi_robot/lib/python3.10/site-packages/teleop_multi_robot
[1.788s] copying /home/nikunj/bwi_ros2_simulation/build/teleop_multi_robot/build/lib/teleop_multi_robot/__init__.py -> /home/nikunj/bwi_ros2_simulation/install/teleop_multi_robot/lib/python3.10/site-packages/teleop_multi_robot
[1.788s] byte-compiling /home/nikunj/bwi_ros2_simulation/install/teleop_multi_robot/lib/python3.10/site-packages/teleop_multi_robot/teleop_twist_dual.py to teleop_twist_dual.cpython-310.pyc
[1.789s] byte-compiling /home/nikunj/bwi_ros2_simulation/install/teleop_multi_robot/lib/python3.10/site-packages/teleop_multi_robot/__init__.py to __init__.cpython-310.pyc
[1.789s] running install_data
[1.789s] creating /home/nikunj/bwi_ros2_simulation/install/teleop_multi_robot/share/ament_index
[1.789s] creating /home/nikunj/bwi_ros2_simulation/install/teleop_multi_robot/share/ament_index/resource_index
[1.789s] creating /home/nikunj/bwi_ros2_simulation/install/teleop_multi_robot/share/ament_index/resource_index/packages
[1.789s] copying resource/teleop_multi_robot -> /home/nikunj/bwi_ros2_simulation/install/teleop_multi_robot/share/ament_index/resource_index/packages
[1.789s] copying package.xml -> /home/nikunj/bwi_ros2_simulation/install/teleop_multi_robot/share/teleop_multi_robot
[1.789s] running install_egg_info
[1.790s] Copying ../../build/teleop_multi_robot/teleop_multi_robot.egg-info to /home/nikunj/bwi_ros2_simulation/install/teleop_multi_robot/lib/python3.10/site-packages/teleop_multi_robot-0.0.0-py3.10.egg-info
[1.791s] running install_scripts
[1.813s] Installing teleop_twist_dual script to /home/nikunj/bwi_ros2_simulation/install/teleop_multi_robot/lib/teleop_multi_robot
[1.813s] writing list of installed files to '/home/nikunj/bwi_ros2_simulation/build/teleop_multi_robot/install.log'
[1.842s] Invoked command in '/home/nikunj/bwi_ros2_simulation/src/teleop_multi_robot' returned '0': PYTHONPATH=/home/nikunj/bwi_ros2_simulation/build/teleop_multi_robot/prefix_override:/usr/lib/python3/dist-packages/colcon_core/task/python/colcon_distutils_commands:/home/nikunj/bwi_ros2_simulation/install/teleop_multi_robot/lib/python3.10/site-packages:${PYTHONPATH} /usr/bin/python3 -W ignore:setup.py install is deprecated -W ignore:easy_install command is deprecated setup.py egg_info --egg-base ../../build/teleop_multi_robot build --build-base /home/nikunj/bwi_ros2_simulation/build/teleop_multi_robot/build install --record /home/nikunj/bwi_ros2_simulation/build/teleop_multi_robot/install.log --single-version-externally-managed install_data
