-- Install configuration: ""
-- Up-to-date: /home/nikunj/bwi_ros2_simulation/install/bwi_launch/share/bwi_launch/launch
-- Installing: /home/nikunj/bwi_ros2_simulation/install/bwi_launch/share/bwi_launch/launch/segbot_v2.launch.py
-- Up-to-date: /home/nikunj/bwi_ros2_simulation/install/bwi_launch/share/bwi_launch/launch/.vscode
-- Up-to-date: /home/nikunj/bwi_ros2_simulation/install/bwi_launch/share/bwi_launch/launch/.vscode/c_cpp_properties.json
-- Up-to-date: /home/nikunj/bwi_ros2_simulation/install/bwi_launch/share/bwi_launch/launch/.vscode/settings.json
-- Up-to-date: /home/nikunj/bwi_ros2_simulation/install/bwi_launch/share/bwi_launch/config
-- Up-to-date: /home/nikunj/bwi_ros2_simulation/install/bwi_launch/share/bwi_launch/config/rviz_config_r2.rviz
-- Up-to-date: /home/nikunj/bwi_ros2_simulation/install/bwi_launch/share/bwi_launch/config/nav_with_arm.rviz
-- Up-to-date: /home/nikunj/bwi_ros2_simulation/install/bwi_launch/share/bwi_launch/config/laser_filter_config.yaml
-- Up-to-date: /home/nikunj/bwi_ros2_simulation/install/bwi_launch/share/bwi_launch/config/rviz_config_r1.rviz
-- Up-to-date: /home/nikunj/bwi_ros2_simulation/install/bwi_launch/lib/bwi_launch/odom_tf_broadcaster.py
-- Up-to-date: /home/nikunj/bwi_ros2_simulation/install/bwi_launch/share/ament_index/resource_index/package_run_dependencies/bwi_launch
-- Up-to-date: /home/nikunj/bwi_ros2_simulation/install/bwi_launch/share/ament_index/resource_index/parent_prefix_path/bwi_launch
-- Up-to-date: /home/nikunj/bwi_ros2_simulation/install/bwi_launch/share/bwi_launch/environment/ament_prefix_path.sh
-- Up-to-date: /home/nikunj/bwi_ros2_simulation/install/bwi_launch/share/bwi_launch/environment/ament_prefix_path.dsv
-- Up-to-date: /home/nikunj/bwi_ros2_simulation/install/bwi_launch/share/bwi_launch/environment/path.sh
-- Up-to-date: /home/nikunj/bwi_ros2_simulation/install/bwi_launch/share/bwi_launch/environment/path.dsv
-- Up-to-date: /home/nikunj/bwi_ros2_simulation/install/bwi_launch/share/bwi_launch/local_setup.bash
-- Up-to-date: /home/nikunj/bwi_ros2_simulation/install/bwi_launch/share/bwi_launch/local_setup.sh
-- Up-to-date: /home/nikunj/bwi_ros2_simulation/install/bwi_launch/share/bwi_launch/local_setup.zsh
-- Up-to-date: /home/nikunj/bwi_ros2_simulation/install/bwi_launch/share/bwi_launch/local_setup.dsv
-- Up-to-date: /home/nikunj/bwi_ros2_simulation/install/bwi_launch/share/bwi_launch/package.dsv
-- Up-to-date: /home/nikunj/bwi_ros2_simulation/install/bwi_launch/share/ament_index/resource_index/packages/bwi_launch
-- Up-to-date: /home/nikunj/bwi_ros2_simulation/install/bwi_launch/share/bwi_launch/cmake/bwi_launchConfig.cmake
-- Up-to-date: /home/nikunj/bwi_ros2_simulation/install/bwi_launch/share/bwi_launch/cmake/bwi_launchConfig-version.cmake
-- Up-to-date: /home/nikunj/bwi_ros2_simulation/install/bwi_launch/share/bwi_launch/package.xml
