[0.058s] Invoking command in '/home/nikunj/bwi_ros2_simulation/build/bwi_perception_interface': CMAKE_PREFIX_PATH=/home/nikunj/bwi_ros2_simulation/install/utexas_gdc:/home/nikunj/bwi_ros2_simulation/install/urg_node2:/home/nikunj/bwi_ros2_simulation/install/topic_tools:/home/nikunj/bwi_ros2_simulation/install/topic_tools_interfaces:/home/nikunj/bwi_ros2_simulation/install/segway_rmp_ros2:/home/nikunj/bwi_ros2_simulation/install/segway_msgs:/home/nikunj/bwi_ros2_simulation/install/segway_description:/home/nikunj/bwi_ros2_simulation/install/segbot_description:/home/nikunj/bwi_ros2_simulation/install/pr2_description:/home/nikunj/bwi_ros2_simulation/install/nav2_bringup:/home/nikunj/bwi_ros2_simulation/install/my_virtual_obstacle_layer:/home/nikunj/bwi_ros2_simulation/install/libsegwayrmp:/home/nikunj/bwi_ros2_simulation/install/ivcon:/home/nikunj/bwi_ros2_simulation/install/convex_decomposition:/home/nikunj/bwi_ros2_simulation/install/test_odom:/home/nikunj/bwi_ros2_simulation/install/test_cmaes:/home/nikunj/bwi_ros2_simulation/install/teleop_multi_robot:/home/nikunj/bwi_ros2_simulation/install/scan_filter:/home/nikunj/bwi_ros2_simulation/install/kinect_data_collector:/home/nikunj/bwi_ros2_simulation/install/collision_monitor:/home/nikunj/bwi_ros2_simulation/install/bwi_tools:/home/nikunj/bwi_ros2_simulation/install/bwi_tasks:/home/nikunj/bwi_ros2_simulation/install/bwi_reset:/home/nikunj/bwi_ros2_simulation/install/bwi_perc:/opt/ros/humble:/home/nikunj/bwi_ros2_simulation/install/bwi_tasks_interface:/home/nikunj/bwi_ros2_simulation/install/bwi_perception_interface:/home/nikunj/bwi_ros2_simulation/install/bwi_launch:/home/nikunj/linorobot2_ws/install/sllidar_ros2:/home/nikunj/linorobot2_ws/install/micro_ros_setup:/home/nikunj/linorobot2_ws/install/linorobot2_bringup:/home/nikunj/linorobot2_ws/install/micro_ros_agent:/home/nikunj/linorobot2_ws/install/micro_ros_msgs:/home/nikunj/linorobot2_ws/install/linorobot2_viz:/home/nikunj/linorobot2_ws/install/linorobot2_navigation:/home/nikunj/linorobot2_ws/install/linorobot2_gazebo:/home/nikunj/linorobot2_ws/install/linorobot2_description:/home/nikunj/linorobot2_ws/install/linorobot2_base:/home/nikunj/linorobot2_ws/install/linorobot2 /usr/bin/cmake --build /home/nikunj/bwi_ros2_simulation/build/bwi_perception_interface -- -j32 -l32
[1.100s] [  3%] Built target bwi_perception_interface__cpp
[1.100s] [ 12%] Built target bwi_perception_interface__rosidl_generator_c
[1.100s] [ 12%] Built target ament_cmake_python_copy_bwi_perception_interface
[1.100s] [ 22%] Built target bwi_perception_interface__rosidl_typesupport_cpp
[1.100s] [ 32%] Built target bwi_perception_interface__rosidl_typesupport_c
[1.101s] [ 41%] Built target bwi_perception_interface__rosidl_typesupport_introspection_cpp
[1.101s] [ 51%] Built target bwi_perception_interface__rosidl_typesupport_fastrtps_c
[1.101s] [ 61%] Built target bwi_perception_interface__rosidl_typesupport_introspection_c
[1.101s] [ 70%] Built target bwi_perception_interface__rosidl_typesupport_fastrtps_cpp
[1.101s] [ 70%] Built target bwi_perception_interface
[1.101s] [ 74%] Built target bwi_perception_interface__py
[1.101s] [ 80%] Built target bwi_perception_interface__rosidl_generator_py
[1.101s] [ 87%] Built target bwi_perception_interface__rosidl_typesupport_fastrtps_c__pyext
[1.101s] [ 93%] Built target bwi_perception_interface__rosidl_typesupport_introspection_c__pyext
[1.101s] [100%] Built target bwi_perception_interface__rosidl_typesupport_c__pyext
[1.102s] running egg_info
[1.102s] writing bwi_perception_interface.egg-info/PKG-INFO
[1.102s] writing dependency_links to bwi_perception_interface.egg-info/dependency_links.txt
[1.102s] writing top-level names to bwi_perception_interface.egg-info/top_level.txt
[1.102s] reading manifest file 'bwi_perception_interface.egg-info/SOURCES.txt'
[1.102s] writing manifest file 'bwi_perception_interface.egg-info/SOURCES.txt'
[1.102s] [100%] Built target ament_cmake_python_build_bwi_perception_interface_egg
[1.118s] Invoked command in '/home/nikunj/bwi_ros2_simulation/build/bwi_perception_interface' returned '0': CMAKE_PREFIX_PATH=/home/nikunj/bwi_ros2_simulation/install/utexas_gdc:/home/nikunj/bwi_ros2_simulation/install/urg_node2:/home/nikunj/bwi_ros2_simulation/install/topic_tools:/home/nikunj/bwi_ros2_simulation/install/topic_tools_interfaces:/home/nikunj/bwi_ros2_simulation/install/segway_rmp_ros2:/home/nikunj/bwi_ros2_simulation/install/segway_msgs:/home/nikunj/bwi_ros2_simulation/install/segway_description:/home/nikunj/bwi_ros2_simulation/install/segbot_description:/home/nikunj/bwi_ros2_simulation/install/pr2_description:/home/nikunj/bwi_ros2_simulation/install/nav2_bringup:/home/nikunj/bwi_ros2_simulation/install/my_virtual_obstacle_layer:/home/nikunj/bwi_ros2_simulation/install/libsegwayrmp:/home/nikunj/bwi_ros2_simulation/install/ivcon:/home/nikunj/bwi_ros2_simulation/install/convex_decomposition:/home/nikunj/bwi_ros2_simulation/install/test_odom:/home/nikunj/bwi_ros2_simulation/install/test_cmaes:/home/nikunj/bwi_ros2_simulation/install/teleop_multi_robot:/home/nikunj/bwi_ros2_simulation/install/scan_filter:/home/nikunj/bwi_ros2_simulation/install/kinect_data_collector:/home/nikunj/bwi_ros2_simulation/install/collision_monitor:/home/nikunj/bwi_ros2_simulation/install/bwi_tools:/home/nikunj/bwi_ros2_simulation/install/bwi_tasks:/home/nikunj/bwi_ros2_simulation/install/bwi_reset:/home/nikunj/bwi_ros2_simulation/install/bwi_perc:/opt/ros/humble:/home/nikunj/bwi_ros2_simulation/install/bwi_tasks_interface:/home/nikunj/bwi_ros2_simulation/install/bwi_perception_interface:/home/nikunj/bwi_ros2_simulation/install/bwi_launch:/home/nikunj/linorobot2_ws/install/sllidar_ros2:/home/nikunj/linorobot2_ws/install/micro_ros_setup:/home/nikunj/linorobot2_ws/install/linorobot2_bringup:/home/nikunj/linorobot2_ws/install/micro_ros_agent:/home/nikunj/linorobot2_ws/install/micro_ros_msgs:/home/nikunj/linorobot2_ws/install/linorobot2_viz:/home/nikunj/linorobot2_ws/install/linorobot2_navigation:/home/nikunj/linorobot2_ws/install/linorobot2_gazebo:/home/nikunj/linorobot2_ws/install/linorobot2_description:/home/nikunj/linorobot2_ws/install/linorobot2_base:/home/nikunj/linorobot2_ws/install/linorobot2 /usr/bin/cmake --build /home/nikunj/bwi_ros2_simulation/build/bwi_perception_interface -- -j32 -l32
[1.118s] Invoking command in '/home/nikunj/bwi_ros2_simulation/build/bwi_perception_interface': CMAKE_PREFIX_PATH=/home/nikunj/bwi_ros2_simulation/install/utexas_gdc:/home/nikunj/bwi_ros2_simulation/install/urg_node2:/home/nikunj/bwi_ros2_simulation/install/topic_tools:/home/nikunj/bwi_ros2_simulation/install/topic_tools_interfaces:/home/nikunj/bwi_ros2_simulation/install/segway_rmp_ros2:/home/nikunj/bwi_ros2_simulation/install/segway_msgs:/home/nikunj/bwi_ros2_simulation/install/segway_description:/home/nikunj/bwi_ros2_simulation/install/segbot_description:/home/nikunj/bwi_ros2_simulation/install/pr2_description:/home/nikunj/bwi_ros2_simulation/install/nav2_bringup:/home/nikunj/bwi_ros2_simulation/install/my_virtual_obstacle_layer:/home/nikunj/bwi_ros2_simulation/install/libsegwayrmp:/home/nikunj/bwi_ros2_simulation/install/ivcon:/home/nikunj/bwi_ros2_simulation/install/convex_decomposition:/home/nikunj/bwi_ros2_simulation/install/test_odom:/home/nikunj/bwi_ros2_simulation/install/test_cmaes:/home/nikunj/bwi_ros2_simulation/install/teleop_multi_robot:/home/nikunj/bwi_ros2_simulation/install/scan_filter:/home/nikunj/bwi_ros2_simulation/install/kinect_data_collector:/home/nikunj/bwi_ros2_simulation/install/collision_monitor:/home/nikunj/bwi_ros2_simulation/install/bwi_tools:/home/nikunj/bwi_ros2_simulation/install/bwi_tasks:/home/nikunj/bwi_ros2_simulation/install/bwi_reset:/home/nikunj/bwi_ros2_simulation/install/bwi_perc:/opt/ros/humble:/home/nikunj/bwi_ros2_simulation/install/bwi_tasks_interface:/home/nikunj/bwi_ros2_simulation/install/bwi_perception_interface:/home/nikunj/bwi_ros2_simulation/install/bwi_launch:/home/nikunj/linorobot2_ws/install/sllidar_ros2:/home/nikunj/linorobot2_ws/install/micro_ros_setup:/home/nikunj/linorobot2_ws/install/linorobot2_bringup:/home/nikunj/linorobot2_ws/install/micro_ros_agent:/home/nikunj/linorobot2_ws/install/micro_ros_msgs:/home/nikunj/linorobot2_ws/install/linorobot2_viz:/home/nikunj/linorobot2_ws/install/linorobot2_navigation:/home/nikunj/linorobot2_ws/install/linorobot2_gazebo:/home/nikunj/linorobot2_ws/install/linorobot2_description:/home/nikunj/linorobot2_ws/install/linorobot2_base:/home/nikunj/linorobot2_ws/install/linorobot2 /usr/bin/cmake --install /home/nikunj/bwi_ros2_simulation/build/bwi_perception_interface
[1.137s] -- Install configuration: ""
[1.138s] -- Up-to-date: /home/nikunj/bwi_ros2_simulation/install/bwi_perception_interface/share/ament_index/resource_index/rosidl_interfaces/bwi_perception_interface
[1.138s] -- Up-to-date: /home/nikunj/bwi_ros2_simulation/install/bwi_perception_interface/include/bwi_perception_interface/bwi_perception_interface
[1.138s] -- Up-to-date: /home/nikunj/bwi_ros2_simulation/install/bwi_perception_interface/include/bwi_perception_interface/bwi_perception_interface/msg
[1.138s] -- Up-to-date: /home/nikunj/bwi_ros2_simulation/install/bwi_perception_interface/include/bwi_perception_interface/bwi_perception_interface/msg/detail
[1.138s] -- Up-to-date: /home/nikunj/bwi_ros2_simulation/install/bwi_perception_interface/include/bwi_perception_interface/bwi_perception_interface/msg/detail/dl_amcl_coords__functions.h
[1.138s] -- Up-to-date: /home/nikunj/bwi_ros2_simulation/install/bwi_perception_interface/include/bwi_perception_interface/bwi_perception_interface/msg/detail/dl_amcl_coords__functions.c
[1.138s] -- Up-to-date: /home/nikunj/bwi_ros2_simulation/install/bwi_perception_interface/include/bwi_perception_interface/bwi_perception_interface/msg/detail/dl_amcl_coords__struct.h
[1.138s] -- Up-to-date: /home/nikunj/bwi_ros2_simulation/install/bwi_perception_interface/include/bwi_perception_interface/bwi_perception_interface/msg/detail/dl_amcl_coords__type_support.h
[1.138s] -- Up-to-date: /home/nikunj/bwi_ros2_simulation/install/bwi_perception_interface/include/bwi_perception_interface/bwi_perception_interface/msg/dl_amcl_coords.h
[1.138s] -- Up-to-date: /home/nikunj/bwi_ros2_simulation/install/bwi_perception_interface/include/bwi_perception_interface/bwi_perception_interface/msg/rosidl_generator_c__visibility_control.h
[1.138s] -- Up-to-date: /home/nikunj/bwi_ros2_simulation/install/bwi_perception_interface/share/bwi_perception_interface/environment/library_path.sh
[1.138s] -- Up-to-date: /home/nikunj/bwi_ros2_simulation/install/bwi_perception_interface/share/bwi_perception_interface/environment/library_path.dsv
[1.138s] -- Up-to-date: /home/nikunj/bwi_ros2_simulation/install/bwi_perception_interface/lib/libbwi_perception_interface__rosidl_generator_c.so
[1.138s] -- Up-to-date: /home/nikunj/bwi_ros2_simulation/install/bwi_perception_interface/include/bwi_perception_interface/bwi_perception_interface
[1.138s] -- Up-to-date: /home/nikunj/bwi_ros2_simulation/install/bwi_perception_interface/include/bwi_perception_interface/bwi_perception_interface/msg
[1.138s] -- Up-to-date: /home/nikunj/bwi_ros2_simulation/install/bwi_perception_interface/include/bwi_perception_interface/bwi_perception_interface/msg/detail
[1.138s] -- Up-to-date: /home/nikunj/bwi_ros2_simulation/install/bwi_perception_interface/include/bwi_perception_interface/bwi_perception_interface/msg/detail/dl_amcl_coords__rosidl_typesupport_fastrtps_c.h
[1.139s] -- Up-to-date: /home/nikunj/bwi_ros2_simulation/install/bwi_perception_interface/include/bwi_perception_interface/bwi_perception_interface/msg/rosidl_typesupport_fastrtps_c__visibility_control.h
[1.139s] -- Up-to-date: /home/nikunj/bwi_ros2_simulation/install/bwi_perception_interface/lib/libbwi_perception_interface__rosidl_typesupport_fastrtps_c.so
[1.139s] -- Up-to-date: /home/nikunj/bwi_ros2_simulation/install/bwi_perception_interface/include/bwi_perception_interface/bwi_perception_interface
[1.139s] -- Up-to-date: /home/nikunj/bwi_ros2_simulation/install/bwi_perception_interface/include/bwi_perception_interface/bwi_perception_interface/msg
[1.139s] -- Up-to-date: /home/nikunj/bwi_ros2_simulation/install/bwi_perception_interface/include/bwi_perception_interface/bwi_perception_interface/msg/rosidl_generator_cpp__visibility_control.hpp
[1.139s] -- Up-to-date: /home/nikunj/bwi_ros2_simulation/install/bwi_perception_interface/include/bwi_perception_interface/bwi_perception_interface/msg/dl_amcl_coords.hpp
[1.139s] -- Up-to-date: /home/nikunj/bwi_ros2_simulation/install/bwi_perception_interface/include/bwi_perception_interface/bwi_perception_interface/msg/detail
[1.139s] -- Up-to-date: /home/nikunj/bwi_ros2_simulation/install/bwi_perception_interface/include/bwi_perception_interface/bwi_perception_interface/msg/detail/dl_amcl_coords__struct.hpp
[1.140s] -- Up-to-date: /home/nikunj/bwi_ros2_simulation/install/bwi_perception_interface/include/bwi_perception_interface/bwi_perception_interface/msg/detail/dl_amcl_coords__traits.hpp
[1.140s] -- Up-to-date: /home/nikunj/bwi_ros2_simulation/install/bwi_perception_interface/include/bwi_perception_interface/bwi_perception_interface/msg/detail/dl_amcl_coords__type_support.hpp
[1.140s] -- Up-to-date: /home/nikunj/bwi_ros2_simulation/install/bwi_perception_interface/include/bwi_perception_interface/bwi_perception_interface/msg/detail/dl_amcl_coords__builder.hpp
[1.140s] -- Up-to-date: /home/nikunj/bwi_ros2_simulation/install/bwi_perception_interface/include/bwi_perception_interface/bwi_perception_interface
[1.141s] -- Up-to-date: /home/nikunj/bwi_ros2_simulation/install/bwi_perception_interface/include/bwi_perception_interface/bwi_perception_interface/msg
[1.141s] -- Up-to-date: /home/nikunj/bwi_ros2_simulation/install/bwi_perception_interface/include/bwi_perception_interface/bwi_perception_interface/msg/detail
[1.141s] -- Up-to-date: /home/nikunj/bwi_ros2_simulation/install/bwi_perception_interface/include/bwi_perception_interface/bwi_perception_interface/msg/detail/dl_amcl_coords__rosidl_typesupport_fastrtps_cpp.hpp
[1.141s] -- Up-to-date: /home/nikunj/bwi_ros2_simulation/install/bwi_perception_interface/include/bwi_perception_interface/bwi_perception_interface/msg/detail/dds_fastrtps
[1.141s] -- Up-to-date: /home/nikunj/bwi_ros2_simulation/install/bwi_perception_interface/include/bwi_perception_interface/bwi_perception_interface/msg/rosidl_typesupport_fastrtps_cpp__visibility_control.h
[1.141s] -- Up-to-date: /home/nikunj/bwi_ros2_simulation/install/bwi_perception_interface/lib/libbwi_perception_interface__rosidl_typesupport_fastrtps_cpp.so
[1.141s] -- Up-to-date: /home/nikunj/bwi_ros2_simulation/install/bwi_perception_interface/include/bwi_perception_interface/bwi_perception_interface
[1.141s] -- Up-to-date: /home/nikunj/bwi_ros2_simulation/install/bwi_perception_interface/include/bwi_perception_interface/bwi_perception_interface/msg
[1.141s] -- Up-to-date: /home/nikunj/bwi_ros2_simulation/install/bwi_perception_interface/include/bwi_perception_interface/bwi_perception_interface/msg/detail
[1.141s] -- Up-to-date: /home/nikunj/bwi_ros2_simulation/install/bwi_perception_interface/include/bwi_perception_interface/bwi_perception_interface/msg/detail/dl_amcl_coords__type_support.c
[1.141s] -- Up-to-date: /home/nikunj/bwi_ros2_simulation/install/bwi_perception_interface/include/bwi_perception_interface/bwi_perception_interface/msg/detail/dl_amcl_coords__rosidl_typesupport_introspection_c.h
[1.141s] -- Up-to-date: /home/nikunj/bwi_ros2_simulation/install/bwi_perception_interface/include/bwi_perception_interface/bwi_perception_interface/msg/rosidl_typesupport_introspection_c__visibility_control.h
[1.141s] -- Up-to-date: /home/nikunj/bwi_ros2_simulation/install/bwi_perception_interface/lib/libbwi_perception_interface__rosidl_typesupport_introspection_c.so
[1.141s] -- Up-to-date: /home/nikunj/bwi_ros2_simulation/install/bwi_perception_interface/lib/libbwi_perception_interface__rosidl_typesupport_c.so
[1.141s] -- Up-to-date: /home/nikunj/bwi_ros2_simulation/install/bwi_perception_interface/include/bwi_perception_interface/bwi_perception_interface
[1.141s] -- Up-to-date: /home/nikunj/bwi_ros2_simulation/install/bwi_perception_interface/include/bwi_perception_interface/bwi_perception_interface/msg
[1.141s] -- Up-to-date: /home/nikunj/bwi_ros2_simulation/install/bwi_perception_interface/include/bwi_perception_interface/bwi_perception_interface/msg/detail
[1.141s] -- Up-to-date: /home/nikunj/bwi_ros2_simulation/install/bwi_perception_interface/include/bwi_perception_interface/bwi_perception_interface/msg/detail/dl_amcl_coords__type_support.cpp
[1.141s] -- Up-to-date: /home/nikunj/bwi_ros2_simulation/install/bwi_perception_interface/include/bwi_perception_interface/bwi_perception_interface/msg/detail/dl_amcl_coords__rosidl_typesupport_introspection_cpp.hpp
[1.141s] -- Up-to-date: /home/nikunj/bwi_ros2_simulation/install/bwi_perception_interface/lib/libbwi_perception_interface__rosidl_typesupport_introspection_cpp.so
[1.141s] -- Up-to-date: /home/nikunj/bwi_ros2_simulation/install/bwi_perception_interface/lib/libbwi_perception_interface__rosidl_typesupport_cpp.so
[1.141s] -- Up-to-date: /home/nikunj/bwi_ros2_simulation/install/bwi_perception_interface/share/bwi_perception_interface/environment/pythonpath.sh
[1.142s] -- Up-to-date: /home/nikunj/bwi_ros2_simulation/install/bwi_perception_interface/share/bwi_perception_interface/environment/pythonpath.dsv
[1.142s] -- Up-to-date: /home/nikunj/bwi_ros2_simulation/install/bwi_perception_interface/local/lib/python3.10/dist-packages/bwi_perception_interface-0.0.0-py3.10.egg-info
[1.142s] -- Installing: /home/nikunj/bwi_ros2_simulation/install/bwi_perception_interface/local/lib/python3.10/dist-packages/bwi_perception_interface-0.0.0-py3.10.egg-info/dependency_links.txt
[1.142s] -- Installing: /home/nikunj/bwi_ros2_simulation/install/bwi_perception_interface/local/lib/python3.10/dist-packages/bwi_perception_interface-0.0.0-py3.10.egg-info/top_level.txt
[1.142s] -- Installing: /home/nikunj/bwi_ros2_simulation/install/bwi_perception_interface/local/lib/python3.10/dist-packages/bwi_perception_interface-0.0.0-py3.10.egg-info/PKG-INFO
[1.142s] -- Installing: /home/nikunj/bwi_ros2_simulation/install/bwi_perception_interface/local/lib/python3.10/dist-packages/bwi_perception_interface-0.0.0-py3.10.egg-info/SOURCES.txt
[1.142s] -- Up-to-date: /home/nikunj/bwi_ros2_simulation/install/bwi_perception_interface/local/lib/python3.10/dist-packages/bwi_perception_interface
[1.142s] -- Up-to-date: /home/nikunj/bwi_ros2_simulation/install/bwi_perception_interface/local/lib/python3.10/dist-packages/bwi_perception_interface/bwi_perception_interface_s__rosidl_typesupport_c.cpython-310-x86_64-linux-gnu.so
[1.142s] -- Up-to-date: /home/nikunj/bwi_ros2_simulation/install/bwi_perception_interface/local/lib/python3.10/dist-packages/bwi_perception_interface/__init__.py
[1.142s] -- Up-to-date: /home/nikunj/bwi_ros2_simulation/install/bwi_perception_interface/local/lib/python3.10/dist-packages/bwi_perception_interface/_bwi_perception_interface_s.ep.rosidl_typesupport_fastrtps_c.c
[1.142s] -- Up-to-date: /home/nikunj/bwi_ros2_simulation/install/bwi_perception_interface/local/lib/python3.10/dist-packages/bwi_perception_interface/_bwi_perception_interface_s.ep.rosidl_typesupport_introspection_c.c
[1.142s] -- Up-to-date: /home/nikunj/bwi_ros2_simulation/install/bwi_perception_interface/local/lib/python3.10/dist-packages/bwi_perception_interface/libbwi_perception_interface__rosidl_generator_py.so
[1.142s] -- Up-to-date: /home/nikunj/bwi_ros2_simulation/install/bwi_perception_interface/local/lib/python3.10/dist-packages/bwi_perception_interface/bwi_perception_interface_s__rosidl_typesupport_introspection_c.cpython-310-x86_64-linux-gnu.so
[1.142s] -- Up-to-date: /home/nikunj/bwi_ros2_simulation/install/bwi_perception_interface/local/lib/python3.10/dist-packages/bwi_perception_interface/msg
[1.142s] -- Up-to-date: /home/nikunj/bwi_ros2_simulation/install/bwi_perception_interface/local/lib/python3.10/dist-packages/bwi_perception_interface/msg/_dl_amcl_coords_s.c
[1.142s] -- Up-to-date: /home/nikunj/bwi_ros2_simulation/install/bwi_perception_interface/local/lib/python3.10/dist-packages/bwi_perception_interface/msg/__init__.py
[1.142s] -- Up-to-date: /home/nikunj/bwi_ros2_simulation/install/bwi_perception_interface/local/lib/python3.10/dist-packages/bwi_perception_interface/msg/_dl_amcl_coords.py
[1.142s] -- Up-to-date: /home/nikunj/bwi_ros2_simulation/install/bwi_perception_interface/local/lib/python3.10/dist-packages/bwi_perception_interface/_bwi_perception_interface_s.ep.rosidl_typesupport_c.c
[1.142s] -- Up-to-date: /home/nikunj/bwi_ros2_simulation/install/bwi_perception_interface/local/lib/python3.10/dist-packages/bwi_perception_interface/bwi_perception_interface_s__rosidl_typesupport_fastrtps_c.cpython-310-x86_64-linux-gnu.so
[1.182s] Listing '/home/nikunj/bwi_ros2_simulation/install/bwi_perception_interface/local/lib/python3.10/dist-packages/bwi_perception_interface'...
[1.182s] Listing '/home/nikunj/bwi_ros2_simulation/install/bwi_perception_interface/local/lib/python3.10/dist-packages/bwi_perception_interface/msg'...
[1.183s] -- Up-to-date: /home/nikunj/bwi_ros2_simulation/install/bwi_perception_interface/local/lib/python3.10/dist-packages/bwi_perception_interface/bwi_perception_interface_s__rosidl_typesupport_fastrtps_c.cpython-310-x86_64-linux-gnu.so
[1.183s] -- Up-to-date: /home/nikunj/bwi_ros2_simulation/install/bwi_perception_interface/local/lib/python3.10/dist-packages/bwi_perception_interface/bwi_perception_interface_s__rosidl_typesupport_introspection_c.cpython-310-x86_64-linux-gnu.so
[1.183s] -- Up-to-date: /home/nikunj/bwi_ros2_simulation/install/bwi_perception_interface/local/lib/python3.10/dist-packages/bwi_perception_interface/bwi_perception_interface_s__rosidl_typesupport_c.cpython-310-x86_64-linux-gnu.so
[1.183s] -- Up-to-date: /home/nikunj/bwi_ros2_simulation/install/bwi_perception_interface/lib/libbwi_perception_interface__rosidl_generator_py.so
[1.183s] -- Up-to-date: /home/nikunj/bwi_ros2_simulation/install/bwi_perception_interface/share/bwi_perception_interface/msg/DlAmclCoords.idl
[1.183s] -- Up-to-date: /home/nikunj/bwi_ros2_simulation/install/bwi_perception_interface/share/bwi_perception_interface/msg/DlAmclCoords.msg
[1.183s] -- Up-to-date: /home/nikunj/bwi_ros2_simulation/install/bwi_perception_interface/share/ament_index/resource_index/package_run_dependencies/bwi_perception_interface
[1.184s] -- Up-to-date: /home/nikunj/bwi_ros2_simulation/install/bwi_perception_interface/share/ament_index/resource_index/parent_prefix_path/bwi_perception_interface
[1.184s] -- Up-to-date: /home/nikunj/bwi_ros2_simulation/install/bwi_perception_interface/share/bwi_perception_interface/environment/ament_prefix_path.sh
[1.184s] -- Up-to-date: /home/nikunj/bwi_ros2_simulation/install/bwi_perception_interface/share/bwi_perception_interface/environment/ament_prefix_path.dsv
[1.184s] -- Up-to-date: /home/nikunj/bwi_ros2_simulation/install/bwi_perception_interface/share/bwi_perception_interface/environment/path.sh
[1.184s] -- Up-to-date: /home/nikunj/bwi_ros2_simulation/install/bwi_perception_interface/share/bwi_perception_interface/environment/path.dsv
[1.184s] -- Up-to-date: /home/nikunj/bwi_ros2_simulation/install/bwi_perception_interface/share/bwi_perception_interface/local_setup.bash
[1.184s] -- Up-to-date: /home/nikunj/bwi_ros2_simulation/install/bwi_perception_interface/share/bwi_perception_interface/local_setup.sh
[1.184s] -- Up-to-date: /home/nikunj/bwi_ros2_simulation/install/bwi_perception_interface/share/bwi_perception_interface/local_setup.zsh
[1.184s] -- Up-to-date: /home/nikunj/bwi_ros2_simulation/install/bwi_perception_interface/share/bwi_perception_interface/local_setup.dsv
[1.184s] -- Installing: /home/nikunj/bwi_ros2_simulation/install/bwi_perception_interface/share/bwi_perception_interface/package.dsv
[1.184s] -- Up-to-date: /home/nikunj/bwi_ros2_simulation/install/bwi_perception_interface/share/ament_index/resource_index/packages/bwi_perception_interface
[1.185s] -- Up-to-date: /home/nikunj/bwi_ros2_simulation/install/bwi_perception_interface/share/bwi_perception_interface/cmake/export_bwi_perception_interface__rosidl_generator_cExport.cmake
[1.185s] -- Up-to-date: /home/nikunj/bwi_ros2_simulation/install/bwi_perception_interface/share/bwi_perception_interface/cmake/export_bwi_perception_interface__rosidl_generator_cExport-noconfig.cmake
[1.185s] -- Up-to-date: /home/nikunj/bwi_ros2_simulation/install/bwi_perception_interface/share/bwi_perception_interface/cmake/export_bwi_perception_interface__rosidl_typesupport_fastrtps_cExport.cmake
[1.185s] -- Up-to-date: /home/nikunj/bwi_ros2_simulation/install/bwi_perception_interface/share/bwi_perception_interface/cmake/export_bwi_perception_interface__rosidl_typesupport_fastrtps_cExport-noconfig.cmake
[1.185s] -- Up-to-date: /home/nikunj/bwi_ros2_simulation/install/bwi_perception_interface/share/bwi_perception_interface/cmake/export_bwi_perception_interface__rosidl_generator_cppExport.cmake
[1.185s] -- Up-to-date: /home/nikunj/bwi_ros2_simulation/install/bwi_perception_interface/share/bwi_perception_interface/cmake/export_bwi_perception_interface__rosidl_typesupport_fastrtps_cppExport.cmake
[1.185s] -- Up-to-date: /home/nikunj/bwi_ros2_simulation/install/bwi_perception_interface/share/bwi_perception_interface/cmake/export_bwi_perception_interface__rosidl_typesupport_fastrtps_cppExport-noconfig.cmake
[1.185s] -- Up-to-date: /home/nikunj/bwi_ros2_simulation/install/bwi_perception_interface/share/bwi_perception_interface/cmake/bwi_perception_interface__rosidl_typesupport_introspection_cExport.cmake
[1.185s] -- Up-to-date: /home/nikunj/bwi_ros2_simulation/install/bwi_perception_interface/share/bwi_perception_interface/cmake/bwi_perception_interface__rosidl_typesupport_introspection_cExport-noconfig.cmake
[1.185s] -- Up-to-date: /home/nikunj/bwi_ros2_simulation/install/bwi_perception_interface/share/bwi_perception_interface/cmake/bwi_perception_interface__rosidl_typesupport_cExport.cmake
[1.185s] -- Up-to-date: /home/nikunj/bwi_ros2_simulation/install/bwi_perception_interface/share/bwi_perception_interface/cmake/bwi_perception_interface__rosidl_typesupport_cExport-noconfig.cmake
[1.186s] -- Up-to-date: /home/nikunj/bwi_ros2_simulation/install/bwi_perception_interface/share/bwi_perception_interface/cmake/bwi_perception_interface__rosidl_typesupport_introspection_cppExport.cmake
[1.186s] -- Up-to-date: /home/nikunj/bwi_ros2_simulation/install/bwi_perception_interface/share/bwi_perception_interface/cmake/bwi_perception_interface__rosidl_typesupport_introspection_cppExport-noconfig.cmake
[1.186s] -- Up-to-date: /home/nikunj/bwi_ros2_simulation/install/bwi_perception_interface/share/bwi_perception_interface/cmake/bwi_perception_interface__rosidl_typesupport_cppExport.cmake
[1.186s] -- Up-to-date: /home/nikunj/bwi_ros2_simulation/install/bwi_perception_interface/share/bwi_perception_interface/cmake/bwi_perception_interface__rosidl_typesupport_cppExport-noconfig.cmake
[1.186s] -- Up-to-date: /home/nikunj/bwi_ros2_simulation/install/bwi_perception_interface/share/bwi_perception_interface/cmake/export_bwi_perception_interface__rosidl_generator_pyExport.cmake
[1.186s] -- Up-to-date: /home/nikunj/bwi_ros2_simulation/install/bwi_perception_interface/share/bwi_perception_interface/cmake/export_bwi_perception_interface__rosidl_generator_pyExport-noconfig.cmake
[1.186s] -- Up-to-date: /home/nikunj/bwi_ros2_simulation/install/bwi_perception_interface/share/bwi_perception_interface/cmake/rosidl_cmake-extras.cmake
[1.186s] -- Up-to-date: /home/nikunj/bwi_ros2_simulation/install/bwi_perception_interface/share/bwi_perception_interface/cmake/ament_cmake_export_include_directories-extras.cmake
[1.186s] -- Up-to-date: /home/nikunj/bwi_ros2_simulation/install/bwi_perception_interface/share/bwi_perception_interface/cmake/ament_cmake_export_libraries-extras.cmake
[1.186s] -- Up-to-date: /home/nikunj/bwi_ros2_simulation/install/bwi_perception_interface/share/bwi_perception_interface/cmake/ament_cmake_export_targets-extras.cmake
[1.186s] -- Up-to-date: /home/nikunj/bwi_ros2_simulation/install/bwi_perception_interface/share/bwi_perception_interface/cmake/rosidl_cmake_export_typesupport_targets-extras.cmake
[1.186s] -- Up-to-date: /home/nikunj/bwi_ros2_simulation/install/bwi_perception_interface/share/bwi_perception_interface/cmake/ament_cmake_export_dependencies-extras.cmake
[1.187s] -- Up-to-date: /home/nikunj/bwi_ros2_simulation/install/bwi_perception_interface/share/bwi_perception_interface/cmake/rosidl_cmake_export_typesupport_libraries-extras.cmake
[1.187s] -- Up-to-date: /home/nikunj/bwi_ros2_simulation/install/bwi_perception_interface/share/bwi_perception_interface/cmake/bwi_perception_interfaceConfig.cmake
[1.187s] -- Up-to-date: /home/nikunj/bwi_ros2_simulation/install/bwi_perception_interface/share/bwi_perception_interface/cmake/bwi_perception_interfaceConfig-version.cmake
[1.187s] -- Up-to-date: /home/nikunj/bwi_ros2_simulation/install/bwi_perception_interface/share/bwi_perception_interface/package.xml
[1.281s] Invoked command in '/home/nikunj/bwi_ros2_simulation/build/bwi_perception_interface' returned '0': CMAKE_PREFIX_PATH=/home/nikunj/bwi_ros2_simulation/install/utexas_gdc:/home/nikunj/bwi_ros2_simulation/install/urg_node2:/home/nikunj/bwi_ros2_simulation/install/topic_tools:/home/nikunj/bwi_ros2_simulation/install/topic_tools_interfaces:/home/nikunj/bwi_ros2_simulation/install/segway_rmp_ros2:/home/nikunj/bwi_ros2_simulation/install/segway_msgs:/home/nikunj/bwi_ros2_simulation/install/segway_description:/home/nikunj/bwi_ros2_simulation/install/segbot_description:/home/nikunj/bwi_ros2_simulation/install/pr2_description:/home/nikunj/bwi_ros2_simulation/install/nav2_bringup:/home/nikunj/bwi_ros2_simulation/install/my_virtual_obstacle_layer:/home/nikunj/bwi_ros2_simulation/install/libsegwayrmp:/home/nikunj/bwi_ros2_simulation/install/ivcon:/home/nikunj/bwi_ros2_simulation/install/convex_decomposition:/home/nikunj/bwi_ros2_simulation/install/test_odom:/home/nikunj/bwi_ros2_simulation/install/test_cmaes:/home/nikunj/bwi_ros2_simulation/install/teleop_multi_robot:/home/nikunj/bwi_ros2_simulation/install/scan_filter:/home/nikunj/bwi_ros2_simulation/install/kinect_data_collector:/home/nikunj/bwi_ros2_simulation/install/collision_monitor:/home/nikunj/bwi_ros2_simulation/install/bwi_tools:/home/nikunj/bwi_ros2_simulation/install/bwi_tasks:/home/nikunj/bwi_ros2_simulation/install/bwi_reset:/home/nikunj/bwi_ros2_simulation/install/bwi_perc:/opt/ros/humble:/home/nikunj/bwi_ros2_simulation/install/bwi_tasks_interface:/home/nikunj/bwi_ros2_simulation/install/bwi_perception_interface:/home/nikunj/bwi_ros2_simulation/install/bwi_launch:/home/nikunj/linorobot2_ws/install/sllidar_ros2:/home/nikunj/linorobot2_ws/install/micro_ros_setup:/home/nikunj/linorobot2_ws/install/linorobot2_bringup:/home/nikunj/linorobot2_ws/install/micro_ros_agent:/home/nikunj/linorobot2_ws/install/micro_ros_msgs:/home/nikunj/linorobot2_ws/install/linorobot2_viz:/home/nikunj/linorobot2_ws/install/linorobot2_navigation:/home/nikunj/linorobot2_ws/install/linorobot2_gazebo:/home/nikunj/linorobot2_ws/install/linorobot2_description:/home/nikunj/linorobot2_ws/install/linorobot2_base:/home/nikunj/linorobot2_ws/install/linorobot2 /usr/bin/cmake --install /home/nikunj/bwi_ros2_simulation/build/bwi_perception_interface
