[1.166s] Invoking command in '/home/nikunj/bwi_ros2_simulation/src/bwi_tasks': AMENT_PREFIX_PATH=/home/nikunj/bwi_ros2_simulation/install/bwi_perception_interface:${AMENT_PREFIX_PATH} CMAKE_PREFIX_PATH=/home/nikunj/bwi_ros2_simulation/install/bwi_tasks_interface:/home/nikunj/bwi_ros2_simulation/install/bwi_perception_interface LD_LIBRARY_PATH=/home/nikunj/bwi_ros2_simulation/install/bwi_tasks_interface/lib:/home/nikunj/bwi_ros2_simulation/install/bwi_perception_interface/lib:${LD_LIBRARY_PATH} PKG_CONFIG_PATH=/home/nikunj/bwi_ros2_simulation/install/bwi_tasks_interface/lib/x86_64-linux-gnu/pkgconfig:/home/nikunj/bwi_ros2_simulation/install/bwi_tasks_interface/lib/pkgconfig PYTHONPATH=/home/nikunj/bwi_ros2_simulation/build/bwi_tasks/prefix_override:/usr/lib/python3/dist-packages/colcon_core/task/python/colcon_distutils_commands:/home/nikunj/bwi_ros2_simulation/install/bwi_tasks/lib/python3.10/site-packages:/home/nikunj/bwi_ros2_simulation/install/bwi_tasks_interface/local/lib/python3.10/dist-packages:/home/nikunj/bwi_ros2_simulation/install/bwi_perception_interface/local/lib/python3.10/dist-packages:${PYTHONPATH} ROS_PACKAGE_PATH=/home/nikunj/bwi_ros2_simulation/install/bwi_tasks_interface/share /usr/bin/python3 -W ignore:setup.py install is deprecated -W ignore:easy_install command is deprecated setup.py egg_info --egg-base ../../build/bwi_tasks build --build-base /home/nikunj/bwi_ros2_simulation/build/bwi_tasks/build install --record /home/nikunj/bwi_ros2_simulation/build/bwi_tasks/install.log --single-version-externally-managed install_data
[1.382s] running egg_info
[1.382s] writing ../../build/bwi_tasks/bwi_tasks.egg-info/PKG-INFO
[1.382s] writing dependency_links to ../../build/bwi_tasks/bwi_tasks.egg-info/dependency_links.txt
[1.383s] writing entry points to ../../build/bwi_tasks/bwi_tasks.egg-info/entry_points.txt
[1.383s] writing requirements to ../../build/bwi_tasks/bwi_tasks.egg-info/requires.txt
[1.383s] writing top-level names to ../../build/bwi_tasks/bwi_tasks.egg-info/top_level.txt
[1.384s] reading manifest file '../../build/bwi_tasks/bwi_tasks.egg-info/SOURCES.txt'
[1.385s] writing manifest file '../../build/bwi_tasks/bwi_tasks.egg-info/SOURCES.txt'
[1.385s] running build
[1.385s] running build_py
[1.385s] copying bwi_tasks/door_to_door_collision_avoidance_r1.py -> /home/nikunj/bwi_ros2_simulation/build/bwi_tasks/build/lib/bwi_tasks
[1.385s] copying bwi_tasks/door_to_door_collision_avoidance_r2.py -> /home/nikunj/bwi_ros2_simulation/build/bwi_tasks/build/lib/bwi_tasks
[1.385s] running install
[1.386s] running install_lib
[1.386s] copying /home/nikunj/bwi_ros2_simulation/build/bwi_tasks/build/lib/bwi_tasks/door_to_door_collision_avoidance_r1.py -> /home/nikunj/bwi_ros2_simulation/install/bwi_tasks/lib/python3.10/site-packages/bwi_tasks
[1.386s] copying /home/nikunj/bwi_ros2_simulation/build/bwi_tasks/build/lib/bwi_tasks/door_to_door_collision_avoidance_r2.py -> /home/nikunj/bwi_ros2_simulation/install/bwi_tasks/lib/python3.10/site-packages/bwi_tasks
[1.387s] byte-compiling /home/nikunj/bwi_ros2_simulation/install/bwi_tasks/lib/python3.10/site-packages/bwi_tasks/door_to_door_collision_avoidance_r1.py to door_to_door_collision_avoidance_r1.cpython-310.pyc
[1.389s] byte-compiling /home/nikunj/bwi_ros2_simulation/install/bwi_tasks/lib/python3.10/site-packages/bwi_tasks/door_to_door_collision_avoidance_r2.py to door_to_door_collision_avoidance_r2.cpython-310.pyc
[1.391s] running install_data
[1.392s] running install_egg_info
[1.393s] removing '/home/nikunj/bwi_ros2_simulation/install/bwi_tasks/lib/python3.10/site-packages/bwi_tasks-0.0.0-py3.10.egg-info' (and everything under it)
[1.393s] Copying ../../build/bwi_tasks/bwi_tasks.egg-info to /home/nikunj/bwi_ros2_simulation/install/bwi_tasks/lib/python3.10/site-packages/bwi_tasks-0.0.0-py3.10.egg-info
[1.394s] running install_scripts
[1.411s] Installing door_to_door_collision_avoidance_r1 script to /home/nikunj/bwi_ros2_simulation/install/bwi_tasks/lib/bwi_tasks
[1.411s] Installing door_to_door_collision_avoidance_r2 script to /home/nikunj/bwi_ros2_simulation/install/bwi_tasks/lib/bwi_tasks
[1.412s] writing list of installed files to '/home/nikunj/bwi_ros2_simulation/build/bwi_tasks/install.log'
[1.436s] Invoked command in '/home/nikunj/bwi_ros2_simulation/src/bwi_tasks' returned '0': AMENT_PREFIX_PATH=/home/nikunj/bwi_ros2_simulation/install/bwi_perception_interface:${AMENT_PREFIX_PATH} CMAKE_PREFIX_PATH=/home/nikunj/bwi_ros2_simulation/install/bwi_tasks_interface:/home/nikunj/bwi_ros2_simulation/install/bwi_perception_interface LD_LIBRARY_PATH=/home/nikunj/bwi_ros2_simulation/install/bwi_tasks_interface/lib:/home/nikunj/bwi_ros2_simulation/install/bwi_perception_interface/lib:${LD_LIBRARY_PATH} PKG_CONFIG_PATH=/home/nikunj/bwi_ros2_simulation/install/bwi_tasks_interface/lib/x86_64-linux-gnu/pkgconfig:/home/nikunj/bwi_ros2_simulation/install/bwi_tasks_interface/lib/pkgconfig PYTHONPATH=/home/nikunj/bwi_ros2_simulation/build/bwi_tasks/prefix_override:/usr/lib/python3/dist-packages/colcon_core/task/python/colcon_distutils_commands:/home/nikunj/bwi_ros2_simulation/install/bwi_tasks/lib/python3.10/site-packages:/home/nikunj/bwi_ros2_simulation/install/bwi_tasks_interface/local/lib/python3.10/dist-packages:/home/nikunj/bwi_ros2_simulation/install/bwi_perception_interface/local/lib/python3.10/dist-packages:${PYTHONPATH} ROS_PACKAGE_PATH=/home/nikunj/bwi_ros2_simulation/install/bwi_tasks_interface/share /usr/bin/python3 -W ignore:setup.py install is deprecated -W ignore:easy_install command is deprecated setup.py egg_info --egg-base ../../build/bwi_tasks build --build-base /home/nikunj/bwi_ros2_simulation/build/bwi_tasks/build install --record /home/nikunj/bwi_ros2_simulation/build/bwi_tasks/install.log --single-version-externally-managed install_data
