[2.706s] Invoking command in '/home/nikunj/bwi_ros2_simulation/src/bwi_reset': PYTHONPATH=/home/nikunj/bwi_ros2_simulation/build/bwi_reset/prefix_override:/usr/lib/python3/dist-packages/colcon_core/task/python/colcon_distutils_commands:/home/nikunj/bwi_ros2_simulation/install/bwi_reset/lib/python3.10/site-packages:${PYTHONPATH} /usr/bin/python3 -W ignore:setup.py install is deprecated -W ignore:easy_install command is deprecated setup.py egg_info --egg-base ../../build/bwi_reset build --build-base /home/nikunj/bwi_ros2_simulation/build/bwi_reset/build install --record /home/nikunj/bwi_ros2_simulation/build/bwi_reset/install.log --single-version-externally-managed install_data
[3.022s] running egg_info
[3.022s] writing ../../build/bwi_reset/bwi_reset.egg-info/PKG-INFO
[3.022s] writing dependency_links to ../../build/bwi_reset/bwi_reset.egg-info/dependency_links.txt
[3.022s] writing entry points to ../../build/bwi_reset/bwi_reset.egg-info/entry_points.txt
[3.023s] writing requirements to ../../build/bwi_reset/bwi_reset.egg-info/requires.txt
[3.023s] writing top-level names to ../../build/bwi_reset/bwi_reset.egg-info/top_level.txt
[3.025s] reading manifest file '../../build/bwi_reset/bwi_reset.egg-info/SOURCES.txt'
[3.025s] writing manifest file '../../build/bwi_reset/bwi_reset.egg-info/SOURCES.txt'
[3.025s] running build
[3.026s] running build_py
[3.026s] running install
[3.026s] running install_lib
[3.028s] running install_data
[3.028s] running install_egg_info
[3.030s] removing '/home/nikunj/bwi_ros2_simulation/install/bwi_reset/lib/python3.10/site-packages/bwi_reset-0.0.0-py3.10.egg-info' (and everything under it)
[3.031s] Copying ../../build/bwi_reset/bwi_reset.egg-info to /home/nikunj/bwi_ros2_simulation/install/bwi_reset/lib/python3.10/site-packages/bwi_reset-0.0.0-py3.10.egg-info
[3.032s] running install_scripts
[3.058s] Installing reset_robots script to /home/nikunj/bwi_ros2_simulation/install/bwi_reset/lib/bwi_reset
[3.059s] writing list of installed files to '/home/nikunj/bwi_ros2_simulation/build/bwi_reset/install.log'
[3.099s] Invoked command in '/home/nikunj/bwi_ros2_simulation/src/bwi_reset' returned '0': PYTHONPATH=/home/nikunj/bwi_ros2_simulation/build/bwi_reset/prefix_override:/usr/lib/python3/dist-packages/colcon_core/task/python/colcon_distutils_commands:/home/nikunj/bwi_ros2_simulation/install/bwi_reset/lib/python3.10/site-packages:${PYTHONPATH} /usr/bin/python3 -W ignore:setup.py install is deprecated -W ignore:easy_install command is deprecated setup.py egg_info --egg-base ../../build/bwi_reset build --build-base /home/nikunj/bwi_ros2_simulation/build/bwi_reset/build install --record /home/nikunj/bwi_ros2_simulation/build/bwi_reset/install.log --single-version-externally-managed install_data
