running egg_info
creating ../../build/bwi_reset/bwi_reset.egg-info
writing ../../build/bwi_reset/bwi_reset.egg-info/PKG-INFO
writing dependency_links to ../../build/bwi_reset/bwi_reset.egg-info/dependency_links.txt
writing entry points to ../../build/bwi_reset/bwi_reset.egg-info/entry_points.txt
writing requirements to ../../build/bwi_reset/bwi_reset.egg-info/requires.txt
writing top-level names to ../../build/bwi_reset/bwi_reset.egg-info/top_level.txt
writing manifest file '../../build/bwi_reset/bwi_reset.egg-info/SOURCES.txt'
reading manifest file '../../build/bwi_reset/bwi_reset.egg-info/SOURCES.txt'
writing manifest file '../../build/bwi_reset/bwi_reset.egg-info/SOURCES.txt'
running build
running build_py
creating /home/nikunj/bwi_ros2_simulation/build/bwi_reset/build
creating /home/nikunj/bwi_ros2_simulation/build/bwi_reset/build/lib
creating /home/nikunj/bwi_ros2_simulation/build/bwi_reset/build/lib/bwi_reset
copying bwi_reset/reset_robots.py -> /home/nikunj/bwi_ros2_simulation/build/bwi_reset/build/lib/bwi_reset
copying bwi_reset/__init__.py -> /home/nikunj/bwi_ros2_simulation/build/bwi_reset/build/lib/bwi_reset
running install
running install_lib
creating /home/nikunj/bwi_ros2_simulation/install/bwi_reset/lib/python3.10/site-packages/bwi_reset
copying /home/nikunj/bwi_ros2_simulation/build/bwi_reset/build/lib/bwi_reset/reset_robots.py -> /home/nikunj/bwi_ros2_simulation/install/bwi_reset/lib/python3.10/site-packages/bwi_reset
copying /home/nikunj/bwi_ros2_simulation/build/bwi_reset/build/lib/bwi_reset/__init__.py -> /home/nikunj/bwi_ros2_simulation/install/bwi_reset/lib/python3.10/site-packages/bwi_reset
byte-compiling /home/nikunj/bwi_ros2_simulation/install/bwi_reset/lib/python3.10/site-packages/bwi_reset/reset_robots.py to reset_robots.cpython-310.pyc
byte-compiling /home/nikunj/bwi_ros2_simulation/install/bwi_reset/lib/python3.10/site-packages/bwi_reset/__init__.py to __init__.cpython-310.pyc
running install_data
creating /home/nikunj/bwi_ros2_simulation/install/bwi_reset/share/ament_index
creating /home/nikunj/bwi_ros2_simulation/install/bwi_reset/share/ament_index/resource_index
creating /home/nikunj/bwi_ros2_simulation/install/bwi_reset/share/ament_index/resource_index/packages
copying resource/bwi_reset -> /home/nikunj/bwi_ros2_simulation/install/bwi_reset/share/ament_index/resource_index/packages
copying package.xml -> /home/nikunj/bwi_ros2_simulation/install/bwi_reset/share/bwi_reset
running install_egg_info
Copying ../../build/bwi_reset/bwi_reset.egg-info to /home/nikunj/bwi_ros2_simulation/install/bwi_reset/lib/python3.10/site-packages/bwi_reset-0.0.0-py3.10.egg-info
running install_scripts
Installing reset_robots script to /home/nikunj/bwi_ros2_simulation/install/bwi_reset/lib/bwi_reset
writing list of installed files to '/home/nikunj/bwi_ros2_simulation/build/bwi_reset/install.log'
