[1.572s] Invoking command in '/home/nikunj/bwi_ros2_simulation/src/bwi_reset': PYTHONPATH=/home/nikunj/bwi_ros2_simulation/build/bwi_reset/prefix_override:/usr/lib/python3/dist-packages/colcon_core/task/python/colcon_distutils_commands:/home/nikunj/bwi_ros2_simulation/install/bwi_reset/lib/python3.10/site-packages:${PYTHONPATH} /usr/bin/python3 -W ignore:setup.py install is deprecated -W ignore:easy_install command is deprecated setup.py egg_info --egg-base ../../build/bwi_reset build --build-base /home/nikunj/bwi_ros2_simulation/build/bwi_reset/build install --record /home/nikunj/bwi_ros2_simulation/build/bwi_reset/install.log --single-version-externally-managed install_data
[1.886s] running egg_info
[1.890s] creating ../../build/bwi_reset/bwi_reset.egg-info
[1.890s] writing ../../build/bwi_reset/bwi_reset.egg-info/PKG-INFO
[1.890s] writing dependency_links to ../../build/bwi_reset/bwi_reset.egg-info/dependency_links.txt
[1.890s] writing entry points to ../../build/bwi_reset/bwi_reset.egg-info/entry_points.txt
[1.890s] writing requirements to ../../build/bwi_reset/bwi_reset.egg-info/requires.txt
[1.890s] writing top-level names to ../../build/bwi_reset/bwi_reset.egg-info/top_level.txt
[1.890s] writing manifest file '../../build/bwi_reset/bwi_reset.egg-info/SOURCES.txt'
[1.891s] reading manifest file '../../build/bwi_reset/bwi_reset.egg-info/SOURCES.txt'
[1.891s] writing manifest file '../../build/bwi_reset/bwi_reset.egg-info/SOURCES.txt'
[1.891s] running build
[1.891s] running build_py
[1.891s] creating /home/nikunj/bwi_ros2_simulation/build/bwi_reset/build
[1.891s] creating /home/nikunj/bwi_ros2_simulation/build/bwi_reset/build/lib
[1.891s] creating /home/nikunj/bwi_ros2_simulation/build/bwi_reset/build/lib/bwi_reset
[1.891s] copying bwi_reset/reset_robots.py -> /home/nikunj/bwi_ros2_simulation/build/bwi_reset/build/lib/bwi_reset
[1.891s] copying bwi_reset/__init__.py -> /home/nikunj/bwi_ros2_simulation/build/bwi_reset/build/lib/bwi_reset
[1.892s] running install
[1.892s] running install_lib
[1.893s] creating /home/nikunj/bwi_ros2_simulation/install/bwi_reset/lib/python3.10/site-packages/bwi_reset
[1.893s] copying /home/nikunj/bwi_ros2_simulation/build/bwi_reset/build/lib/bwi_reset/reset_robots.py -> /home/nikunj/bwi_ros2_simulation/install/bwi_reset/lib/python3.10/site-packages/bwi_reset
[1.893s] copying /home/nikunj/bwi_ros2_simulation/build/bwi_reset/build/lib/bwi_reset/__init__.py -> /home/nikunj/bwi_ros2_simulation/install/bwi_reset/lib/python3.10/site-packages/bwi_reset
[1.893s] byte-compiling /home/nikunj/bwi_ros2_simulation/install/bwi_reset/lib/python3.10/site-packages/bwi_reset/reset_robots.py to reset_robots.cpython-310.pyc
[1.896s] byte-compiling /home/nikunj/bwi_ros2_simulation/install/bwi_reset/lib/python3.10/site-packages/bwi_reset/__init__.py to __init__.cpython-310.pyc
[1.896s] running install_data
[1.896s] creating /home/nikunj/bwi_ros2_simulation/install/bwi_reset/share/ament_index
[1.896s] creating /home/nikunj/bwi_ros2_simulation/install/bwi_reset/share/ament_index/resource_index
[1.896s] creating /home/nikunj/bwi_ros2_simulation/install/bwi_reset/share/ament_index/resource_index/packages
[1.896s] copying resource/bwi_reset -> /home/nikunj/bwi_ros2_simulation/install/bwi_reset/share/ament_index/resource_index/packages
[1.896s] copying package.xml -> /home/nikunj/bwi_ros2_simulation/install/bwi_reset/share/bwi_reset
[1.896s] running install_egg_info
[1.900s] Copying ../../build/bwi_reset/bwi_reset.egg-info to /home/nikunj/bwi_ros2_simulation/install/bwi_reset/lib/python3.10/site-packages/bwi_reset-0.0.0-py3.10.egg-info
[1.900s] running install_scripts
[1.926s] Installing reset_robots script to /home/nikunj/bwi_ros2_simulation/install/bwi_reset/lib/bwi_reset
[1.926s] writing list of installed files to '/home/nikunj/bwi_ros2_simulation/build/bwi_reset/install.log'
[1.964s] Invoked command in '/home/nikunj/bwi_ros2_simulation/src/bwi_reset' returned '0': PYTHONPATH=/home/nikunj/bwi_ros2_simulation/build/bwi_reset/prefix_override:/usr/lib/python3/dist-packages/colcon_core/task/python/colcon_distutils_commands:/home/nikunj/bwi_ros2_simulation/install/bwi_reset/lib/python3.10/site-packages:${PYTHONPATH} /usr/bin/python3 -W ignore:setup.py install is deprecated -W ignore:easy_install command is deprecated setup.py egg_info --egg-base ../../build/bwi_reset build --build-base /home/nikunj/bwi_ros2_simulation/build/bwi_reset/build install --record /home/nikunj/bwi_ros2_simulation/build/bwi_reset/install.log --single-version-externally-managed install_data
