-- Install configuration: ""
-- Up-to-date: /home/nikunj/bwi_ros2_simulation/install/segway_description/share/segway_description/meshes
-- Up-to-date: /home/nikunj/bwi_ros2_simulation/install/segway_description/share/segway_description/meshes/visual
-- Up-to-date: /home/nikunj/bwi_ros2_simulation/install/segway_description/share/segway_description/meshes/visual/caster_wheel.dae
-- Up-to-date: /home/nikunj/bwi_ros2_simulation/install/segway_description/share/segway_description/meshes/visual/rmp440LE_NavE_brackets.dae
-- Up-to-date: /home/nikunj/bwi_ros2_simulation/install/segway_description/share/segway_description/meshes/visual/110_hmi_box.dae
-- Up-to-date: /home/nikunj/bwi_ros2_simulation/install/segway_description/share/segway_description/meshes/visual/110_caster_plate.dae
-- Up-to-date: /home/nikunj/bwi_ros2_simulation/install/segway_description/share/segway_description/meshes/visual/omni_lr_rf_wheel.dae
-- Up-to-date: /home/nikunj/bwi_ros2_simulation/install/segway_description/share/segway_description/meshes/visual/single_spacer.dae
-- Up-to-date: /home/nikunj/bwi_ros2_simulation/install/segway_description/share/segway_description/meshes/visual/ui_box_spacer_mount.dae
-- Up-to-date: /home/nikunj/bwi_ros2_simulation/install/segway_description/share/segway_description/meshes/visual/440eci_spacers.dae
-- Up-to-date: /home/nikunj/bwi_ros2_simulation/install/segway_description/share/segway_description/meshes/visual/110_hmi_plate.dae
-- Up-to-date: /home/nikunj/bwi_ros2_simulation/install/segway_description/share/segway_description/meshes/visual/110_powerbase_spacers.dae
-- Up-to-date: /home/nikunj/bwi_ros2_simulation/install/segway_description/share/segway_description/meshes/visual/inv_gearbox_chassis.dae
-- Up-to-date: /home/nikunj/bwi_ros2_simulation/install/segway_description/share/segway_description/meshes/visual/large_enclosure.dae
-- Up-to-date: /home/nikunj/bwi_ros2_simulation/install/segway_description/share/segway_description/meshes/visual/omni_lf_rr_wheel.dae
-- Up-to-date: /home/nikunj/bwi_ros2_simulation/install/segway_description/share/segway_description/meshes/visual/caster_bracket.dae
-- Up-to-date: /home/nikunj/bwi_ros2_simulation/install/segway_description/share/segway_description/meshes/visual/sensors
-- Up-to-date: /home/nikunj/bwi_ros2_simulation/install/segway_description/share/segway_description/meshes/visual/sensors/rgbd_sensor.dae
-- Up-to-date: /home/nikunj/bwi_ros2_simulation/install/segway_description/share/segway_description/meshes/visual/sensors/garmin_18x_lvc_gps.dae
-- Up-to-date: /home/nikunj/bwi_ros2_simulation/install/segway_description/share/segway_description/meshes/visual/sensors/sick_tim.dae
-- Up-to-date: /home/nikunj/bwi_ros2_simulation/install/segway_description/share/segway_description/meshes/visual/sensors/rgbd.jpg
-- Up-to-date: /home/nikunj/bwi_ros2_simulation/install/segway_description/share/segway_description/meshes/visual/sensors/hokuyo_ust20lx.dae
-- Up-to-date: /home/nikunj/bwi_ros2_simulation/install/segway_description/share/segway_description/meshes/visual/sensors/rgbd.tga
-- Up-to-date: /home/nikunj/bwi_ros2_simulation/install/segway_description/share/segway_description/meshes/visual/sensors/pgr_flea3.dae
-- Up-to-date: /home/nikunj/bwi_ros2_simulation/install/segway_description/share/segway_description/meshes/visual/sensors/velodyne_vlp16.dae
-- Up-to-date: /home/nikunj/bwi_ros2_simulation/install/segway_description/share/segway_description/meshes/visual/sensors/sick_lms1xx.dae
-- Up-to-date: /home/nikunj/bwi_ros2_simulation/install/segway_description/share/segway_description/meshes/visual/payload_mount.dae
-- Up-to-date: /home/nikunj/bwi_ros2_simulation/install/segway_description/share/segway_description/meshes/visual/omni_flex_pivot.dae
-- Up-to-date: /home/nikunj/bwi_ros2_simulation/install/segway_description/share/segway_description/meshes/visual/x2_wheel.dae
-- Up-to-date: /home/nikunj/bwi_ros2_simulation/install/segway_description/share/segway_description/meshes/visual/inv_double_spacer.dae
-- Up-to-date: /home/nikunj/bwi_ros2_simulation/install/segway_description/share/segway_description/meshes/visual/inv_gearbox_ext_spacer_chassis.dae
-- Up-to-date: /home/nikunj/bwi_ros2_simulation/install/segway_description/share/segway_description/meshes/visual/omni_ui_mount.dae
-- Up-to-date: /home/nikunj/bwi_ros2_simulation/install/segway_description/share/segway_description/meshes/visual/caster_plate.dae
-- Up-to-date: /home/nikunj/bwi_ros2_simulation/install/segway_description/share/segway_description/meshes/visual/inv_single_spacer.dae
-- Up-to-date: /home/nikunj/bwi_ros2_simulation/install/segway_description/share/segway_description/meshes/visual/omni_structure.dae
-- Up-to-date: /home/nikunj/bwi_ros2_simulation/install/segway_description/share/segway_description/meshes/visual/battery.dae
-- Up-to-date: /home/nikunj/bwi_ros2_simulation/install/segway_description/share/segway_description/meshes/visual/110_navigator_ui.dae
-- Up-to-date: /home/nikunj/bwi_ros2_simulation/install/segway_description/share/segway_description/meshes/visual/std_double_spacer.dae
-- Up-to-date: /home/nikunj/bwi_ros2_simulation/install/segway_description/share/segway_description/meshes/visual/navigator_elite_box.dae
-- Up-to-date: /home/nikunj/bwi_ros2_simulation/install/segway_description/share/segway_description/meshes/visual/110_powerbase.dae
-- Up-to-date: /home/nikunj/bwi_ros2_simulation/install/segway_description/share/segway_description/meshes/visual/i2_wheel.dae
-- Up-to-date: /home/nikunj/bwi_ros2_simulation/install/segway_description/share/segway_description/meshes/visual/ui_box.dae
-- Up-to-date: /home/nikunj/bwi_ros2_simulation/install/segway_description/share/segway_description/meshes/visual/std_gearbox_chassis.dae
-- Up-to-date: /home/nikunj/bwi_ros2_simulation/install/segway_description/share/segway_description/meshes/sensors
-- Up-to-date: /home/nikunj/bwi_ros2_simulation/install/segway_description/share/segway_description/meshes/sensors/rgbd_sensor.dae
-- Up-to-date: /home/nikunj/bwi_ros2_simulation/install/segway_description/share/segway_description/meshes/sensors/sick_tim.stl
-- Up-to-date: /home/nikunj/bwi_ros2_simulation/install/segway_description/share/segway_description/meshes/sensors/rgbd.jpg
-- Up-to-date: /home/nikunj/bwi_ros2_simulation/install/segway_description/share/segway_description/meshes/sensors/hokuyo_ust20lx.dae
-- Up-to-date: /home/nikunj/bwi_ros2_simulation/install/segway_description/share/segway_description/meshes/sensors/rgbd.tga
-- Up-to-date: /home/nikunj/bwi_ros2_simulation/install/segway_description/share/segway_description/meshes/sensors/pgr_flea3.dae
-- Up-to-date: /home/nikunj/bwi_ros2_simulation/install/segway_description/share/segway_description/meshes/sensors/velodyne_vlp16.dae
-- Up-to-date: /home/nikunj/bwi_ros2_simulation/install/segway_description/share/segway_description/meshes/sensors/sick_lms1xx.dae
-- Up-to-date: /home/nikunj/bwi_ros2_simulation/install/segway_description/share/segway_description/meshes/collision
-- Up-to-date: /home/nikunj/bwi_ros2_simulation/install/segway_description/share/segway_description/meshes/collision/440ECI_extented_chassis_collision.stl
-- Up-to-date: /home/nikunj/bwi_ros2_simulation/install/segway_description/share/segway_description/meshes/collision/110_caster_plate_collision.stl
-- Up-to-date: /home/nikunj/bwi_ros2_simulation/install/segway_description/share/segway_description/meshes/collision/RMP220_chassis_collision.stl
-- Up-to-date: /home/nikunj/bwi_ros2_simulation/install/segway_description/share/segway_description/meshes/collision/RMP_OMNI_chassis_collision.stl
-- Up-to-date: /home/nikunj/bwi_ros2_simulation/install/segway_description/share/segway_description/meshes/collision/110_powerbase_collision.stl
-- Up-to-date: /home/nikunj/bwi_ros2_simulation/install/segway_description/share/segway_description/meshes/collision/rmp440LE_NavE_brackets.stl
-- Up-to-date: /home/nikunj/bwi_ros2_simulation/install/segway_description/share/segway_description/meshes/collision/caster_bracket_collision.stl
-- Up-to-date: /home/nikunj/bwi_ros2_simulation/install/segway_description/share/segway_description/meshes/collision/sensors
-- Up-to-date: /home/nikunj/bwi_ros2_simulation/install/segway_description/share/segway_description/meshes/collision/sensors/garmin_18x_lvc_gps.stl
-- Up-to-date: /home/nikunj/bwi_ros2_simulation/install/segway_description/share/segway_description/meshes/collision/sensors/hokuyo_ust20lx.stl
-- Up-to-date: /home/nikunj/bwi_ros2_simulation/install/segway_description/share/segway_description/meshes/collision/sensors/sick_lms1xx.stl
-- Up-to-date: /home/nikunj/bwi_ros2_simulation/install/segway_description/share/segway_description/meshes/collision/sensors/velodyne_vlp16.stl
-- Up-to-date: /home/nikunj/bwi_ros2_simulation/install/segway_description/share/segway_description/meshes/collision/sensors/rgbd_sensor.stl
-- Up-to-date: /home/nikunj/bwi_ros2_simulation/install/segway_description/share/segway_description/meshes/collision/sensors/hokuyo_ust20lx2.stl
-- Up-to-date: /home/nikunj/bwi_ros2_simulation/install/segway_description/share/segway_description/meshes/collision/sensors/pgr_flea3.stl
-- Up-to-date: /home/nikunj/bwi_ros2_simulation/install/segway_description/share/segway_description/meshes/collision/RMP440LE_chassis_collision.stl
-- Up-to-date: /home/nikunj/bwi_ros2_simulation/install/segway_description/share/segway_description/meshes/collision/440LE_hcg_collision.stl
-- Up-to-date: /home/nikunj/bwi_ros2_simulation/install/segway_description/share/segway_description/meshes/collision/RMP210_chassis_collision.stl
-- Up-to-date: /home/nikunj/bwi_ros2_simulation/install/segway_description/share/segway_description/meshes/collision/RMP440SE_chassis_collision.stl
-- Up-to-date: /home/nikunj/bwi_ros2_simulation/install/segway_description/share/segway_description/meshes/collision/110_hmi_box_collision.stl
-- Up-to-date: /home/nikunj/bwi_ros2_simulation/install/segway_description/share/segway_description/meshes/collision/caster_plate_collision.stl
-- Up-to-date: /home/nikunj/bwi_ros2_simulation/install/segway_description/share/segway_description/urdf
-- Up-to-date: /home/nikunj/bwi_ros2_simulation/install/segway_description/share/segway_description/urdf/segway_components
-- Up-to-date: /home/nikunj/bwi_ros2_simulation/install/segway_description/share/segway_description/urdf/segway_components/inv_single_spacer.urdf.xacro
-- Up-to-date: /home/nikunj/bwi_ros2_simulation/install/segway_description/share/segway_description/urdf/segway_components/battery.urdf.xacro
-- Up-to-date: /home/nikunj/bwi_ros2_simulation/install/segway_description/share/segway_description/urdf/segway_components/powerbase_110.urdf.xacro
-- Up-to-date: /home/nikunj/bwi_ros2_simulation/install/segway_description/share/segway_description/urdf/segway_components/eci_440_spacer.urdf.xacro
-- Up-to-date: /home/nikunj/bwi_ros2_simulation/install/segway_description/share/segway_description/urdf/segway_components/omni_ui_mount.urdf.xacro
-- Up-to-date: /home/nikunj/bwi_ros2_simulation/install/segway_description/share/segway_description/urdf/segway_components/std_double_spacer.urdf.xacro
-- Up-to-date: /home/nikunj/bwi_ros2_simulation/install/segway_description/share/segway_description/urdf/segway_components/inv_gearbox_ext_spacer_chassis.urdf.xacro
-- Up-to-date: /home/nikunj/bwi_ros2_simulation/install/segway_description/share/segway_description/urdf/segway_components/payload_mount.urdf.xacro
-- Up-to-date: /home/nikunj/bwi_ros2_simulation/install/segway_description/share/segway_description/urdf/segway_components/navigator_ui.urdf.xacro
-- Up-to-date: /home/nikunj/bwi_ros2_simulation/install/segway_description/share/segway_description/urdf/segway_components/omni_structure.urdf.xacro
-- Up-to-date: /home/nikunj/bwi_ros2_simulation/install/segway_description/share/segway_description/urdf/segway_components/std_gearbox_chassis_110.urdf.xacro
-- Up-to-date: /home/nikunj/bwi_ros2_simulation/install/segway_description/share/segway_description/urdf/segway_components/single_spacer.urdf.xacro
-- Up-to-date: /home/nikunj/bwi_ros2_simulation/install/segway_description/share/segway_description/urdf/segway_components/x2_wheel.urdf.xacro
-- Up-to-date: /home/nikunj/bwi_ros2_simulation/install/segway_description/share/segway_description/urdf/segway_components/inv_double_spacer.urdf.xacro
-- Up-to-date: /home/nikunj/bwi_ros2_simulation/install/segway_description/share/segway_description/urdf/segway_components/rmp440_le_nave_brackets.urdf.xacro
-- Up-to-date: /home/nikunj/bwi_ros2_simulation/install/segway_description/share/segway_description/urdf/segway_components/inv_gearbox_chassis.urdf.xacro
-- Up-to-date: /home/nikunj/bwi_ros2_simulation/install/segway_description/share/segway_description/urdf/segway_components/ui_box_spacer_mount.urdf.xacro
-- Up-to-date: /home/nikunj/bwi_ros2_simulation/install/segway_description/share/segway_description/urdf/segway_components/omni_flex_pivot.urdf.xacro
-- Up-to-date: /home/nikunj/bwi_ros2_simulation/install/segway_description/share/segway_description/urdf/segway_components/caster_assembly.urdf.xacro
-- Up-to-date: /home/nikunj/bwi_ros2_simulation/install/segway_description/share/segway_description/urdf/segway_components/caster_assembly_110.urdf.xacro
-- Up-to-date: /home/nikunj/bwi_ros2_simulation/install/segway_description/share/segway_description/urdf/segway_components/navigator_ui_box_110.urdf.xacro
-- Up-to-date: /home/nikunj/bwi_ros2_simulation/install/segway_description/share/segway_description/urdf/segway_components/omni_lf_rr_wheel.urdf.xacro
-- Up-to-date: /home/nikunj/bwi_ros2_simulation/install/segway_description/share/segway_description/urdf/segway_components/std_gearbox_chassis.urdf.xacro
-- Up-to-date: /home/nikunj/bwi_ros2_simulation/install/segway_description/share/segway_description/urdf/segway_components/i2_wheel.urdf.xacro
-- Up-to-date: /home/nikunj/bwi_ros2_simulation/install/segway_description/share/segway_description/urdf/segway_components/hmi_box_110.urdf.xacro
-- Up-to-date: /home/nikunj/bwi_ros2_simulation/install/segway_description/share/segway_description/urdf/segway_components/large_enclosure.urdf.xacro
-- Up-to-date: /home/nikunj/bwi_ros2_simulation/install/segway_description/share/segway_description/urdf/segway_components/hmi_plate_110.urdf.xacro
-- Up-to-date: /home/nikunj/bwi_ros2_simulation/install/segway_description/share/segway_description/urdf/segway_components/omni_lr_rf_wheel.urdf.xacro
-- Up-to-date: /home/nikunj/bwi_ros2_simulation/install/segway_description/share/segway_description/urdf/segway_components/ui_box.urdf.xacro
-- Up-to-date: /home/nikunj/bwi_ros2_simulation/install/segway_description/share/segway_description/urdf/RMP_110_WIDE
-- Up-to-date: /home/nikunj/bwi_ros2_simulation/install/segway_description/share/segway_description/urdf/RMP_110_WIDE/rmp.urdf.xacro
-- Up-to-date: /home/nikunj/bwi_ros2_simulation/install/segway_description/share/segway_description/urdf/RMP_440LE
-- Up-to-date: /home/nikunj/bwi_ros2_simulation/install/segway_description/share/segway_description/urdf/RMP_440LE/rmp.urdf.xacro
-- Up-to-date: /home/nikunj/bwi_ros2_simulation/install/segway_description/share/segway_description/urdf/RMP_110
-- Up-to-date: /home/nikunj/bwi_ros2_simulation/install/segway_description/share/segway_description/urdf/RMP_110/rmp.urdf.xacro
-- Up-to-date: /home/nikunj/bwi_ros2_simulation/install/segway_description/share/segway_description/urdf/RMP_440SE
-- Up-to-date: /home/nikunj/bwi_ros2_simulation/install/segway_description/share/segway_description/urdf/RMP_440SE/rmp.urdf.xacro
-- Up-to-date: /home/nikunj/bwi_ros2_simulation/install/segway_description/share/segway_description/urdf/sensors
-- Up-to-date: /home/nikunj/bwi_ros2_simulation/install/segway_description/share/segway_description/urdf/sensors/rgbd_sensor.urdf.xacro
-- Up-to-date: /home/nikunj/bwi_ros2_simulation/install/segway_description/share/segway_description/urdf/sensors/garmin_18x_lvc_gps.urdf.xacro
-- Up-to-date: /home/nikunj/bwi_ros2_simulation/install/segway_description/share/segway_description/urdf/sensors/velodyne_vlp16.urdf.xacro
-- Up-to-date: /home/nikunj/bwi_ros2_simulation/install/segway_description/share/segway_description/urdf/sensors/hokuyo_ust20lx.urdf.xacro
-- Up-to-date: /home/nikunj/bwi_ros2_simulation/install/segway_description/share/segway_description/urdf/sensors/sick_tim.urdf.xacro
-- Up-to-date: /home/nikunj/bwi_ros2_simulation/install/segway_description/share/segway_description/urdf/sensors/pgr_flea3.urdf.xacro
-- Up-to-date: /home/nikunj/bwi_ros2_simulation/install/segway_description/share/segway_description/urdf/NAVIGATOR_ELITE
-- Up-to-date: /home/nikunj/bwi_ros2_simulation/install/segway_description/share/segway_description/urdf/NAVIGATOR_ELITE/rmp.urdf.xacro
-- Up-to-date: /home/nikunj/bwi_ros2_simulation/install/segway_description/share/segway_description/urdf/RMP_220
-- Up-to-date: /home/nikunj/bwi_ros2_simulation/install/segway_description/share/segway_description/urdf/RMP_220/rmp.urdf.xacro
-- Up-to-date: /home/nikunj/bwi_ros2_simulation/install/segway_description/share/segway_description/urdf/description.xacro
-- Up-to-date: /home/nikunj/bwi_ros2_simulation/install/segway_description/share/segway_description/urdf/RMP_210
-- Up-to-date: /home/nikunj/bwi_ros2_simulation/install/segway_description/share/segway_description/urdf/RMP_210/rmp.urdf.xacro
-- Up-to-date: /home/nikunj/bwi_ros2_simulation/install/segway_description/share/segway_description/urdf/RMP_OMNI
-- Up-to-date: /home/nikunj/bwi_ros2_simulation/install/segway_description/share/segway_description/urdf/RMP_OMNI/rmp.urdf.xacro
-- Up-to-date: /home/nikunj/bwi_ros2_simulation/install/segway_description/share/segway_description/urdf/accessories.urdf.xacro
-- Up-to-date: /home/nikunj/bwi_ros2_simulation/install/segway_description/share/ament_index/resource_index/package_run_dependencies/segway_description
-- Up-to-date: /home/nikunj/bwi_ros2_simulation/install/segway_description/share/ament_index/resource_index/parent_prefix_path/segway_description
-- Up-to-date: /home/nikunj/bwi_ros2_simulation/install/segway_description/share/segway_description/environment/ament_prefix_path.sh
-- Up-to-date: /home/nikunj/bwi_ros2_simulation/install/segway_description/share/segway_description/environment/ament_prefix_path.dsv
-- Up-to-date: /home/nikunj/bwi_ros2_simulation/install/segway_description/share/segway_description/environment/path.sh
-- Up-to-date: /home/nikunj/bwi_ros2_simulation/install/segway_description/share/segway_description/environment/path.dsv
-- Up-to-date: /home/nikunj/bwi_ros2_simulation/install/segway_description/share/segway_description/local_setup.bash
-- Up-to-date: /home/nikunj/bwi_ros2_simulation/install/segway_description/share/segway_description/local_setup.sh
-- Up-to-date: /home/nikunj/bwi_ros2_simulation/install/segway_description/share/segway_description/local_setup.zsh
-- Up-to-date: /home/nikunj/bwi_ros2_simulation/install/segway_description/share/segway_description/local_setup.dsv
-- Installing: /home/nikunj/bwi_ros2_simulation/install/segway_description/share/segway_description/package.dsv
-- Up-to-date: /home/nikunj/bwi_ros2_simulation/install/segway_description/share/ament_index/resource_index/packages/segway_description
-- Up-to-date: /home/nikunj/bwi_ros2_simulation/install/segway_description/share/segway_description/cmake/segway_descriptionConfig.cmake
-- Up-to-date: /home/nikunj/bwi_ros2_simulation/install/segway_description/share/segway_description/cmake/segway_descriptionConfig-version.cmake
-- Up-to-date: /home/nikunj/bwi_ros2_simulation/install/segway_description/share/segway_description/package.xml
