[0m-- Building libsegwayrmp with serial support[0m
-- The CXX compiler identification is GNU 11.4.0
-- Detecting CXX compiler ABI info
-- Detecting CXX compiler ABI info - done
-- Check for working CXX compiler: /usr/bin/c++ - skipped
-- Detecting CXX compile features
-- Detecting CXX compile features - done
-- Found Boost: /usr/lib/x86_64-linux-gnu/cmake/Boost-1.74.0/BoostConfig.cmake (found version "1.74.0") found components: system thread 
-- Found ament_cmake: 1.3.12 (/opt/ros/humble/share/ament_cmake/cmake)
-- Found Python3: /usr/bin/python3 (found version "3.10.12") found components: Interpreter 
-- Configuring done
-- Generating done
-- Build files have been written to: /home/nikunj/bwi_ros2_simulation/build/libsegwayrmp
[ 20%] [32mBuilding CXX object CMakeFiles/libsegwayrmp.dir/src/impl/rmp_ftd2xx.cc.o[0m
[ 40%] [32mBuilding CXX object CMakeFiles/libsegwayrmp.dir/src/impl/rmp_io.cc.o[0m
[ 60%] [32mBuilding CXX object CMakeFiles/libsegwayrmp.dir/src/segwayrmp.cc.o[0m
[ 80%] [32mBuilding CXX object CMakeFiles/libsegwayrmp.dir/src/impl/rmp_serial.cc.o[0m
[100%] [32m[1mLinking CXX shared library /home/nikunj/bwi_ros2_simulation/src/libsegwayrmp/lib/liblibsegwayrmp.so[0m
[100%] Built target libsegwayrmp
-- Install configuration: "RELWITHDEBINFO"
-- Installing: /home/nikunj/bwi_ros2_simulation/install/libsegwayrmp/lib/liblibsegwayrmp.so
-- Installing: /home/nikunj/bwi_ros2_simulation/install/libsegwayrmp/include/libsegwayrmp/segwayrmp.h
-- Installing: /home/nikunj/bwi_ros2_simulation/install/libsegwayrmp/share/libsegwayrmp/libsegwayrmpConfig.cmake
-- Installing: /home/nikunj/bwi_ros2_simulation/install/libsegwayrmp/share/libsegwayrmp/package.xml
-- Installing: /home/nikunj/bwi_ros2_simulation/install/libsegwayrmp/lib/libftd2xx.a
-- Installing: /home/nikunj/bwi_ros2_simulation/install/libsegwayrmp/lib/pkgconfig/libsegwayrmp.pc
-- Up-to-date: /home/nikunj/bwi_ros2_simulation/install/libsegwayrmp/lib/liblibsegwayrmp.so
-- Up-to-date: /home/nikunj/bwi_ros2_simulation/install/libsegwayrmp/include
-- Up-to-date: /home/nikunj/bwi_ros2_simulation/install/libsegwayrmp/include/libsegwayrmp
-- Up-to-date: /home/nikunj/bwi_ros2_simulation/install/libsegwayrmp/include/libsegwayrmp/segwayrmp.h
-- Installing: /home/nikunj/bwi_ros2_simulation/install/libsegwayrmp/include/libsegwayrmp/impl
-- Installing: /home/nikunj/bwi_ros2_simulation/install/libsegwayrmp/include/libsegwayrmp/impl/rmp_serial.h
-- Installing: /home/nikunj/bwi_ros2_simulation/install/libsegwayrmp/include/libsegwayrmp/impl/rmp_ftd2xx.h
-- Installing: /home/nikunj/bwi_ros2_simulation/install/libsegwayrmp/include/libsegwayrmp/impl/rmp_io.h
-- Installing: /home/nikunj/bwi_ros2_simulation/install/libsegwayrmp/include/libsegwayrmp/gui
-- Installing: /home/nikunj/bwi_ros2_simulation/install/libsegwayrmp/include/libsegwayrmp/gui/segwayrmp_gui.ui
-- Installing: /home/nikunj/bwi_ros2_simulation/install/libsegwayrmp/include/libsegwayrmp/gui/segwayrmp_gui.h
-- Installing: /home/nikunj/bwi_ros2_simulation/install/libsegwayrmp/lib/cmake/libsegwayrmp/libsegwayrmpTargets.cmake
-- Installing: /home/nikunj/bwi_ros2_simulation/install/libsegwayrmp/lib/cmake/libsegwayrmp/libsegwayrmpTargets-relwithdebinfo.cmake
-- Installing: /home/nikunj/bwi_ros2_simulation/install/libsegwayrmp/share/ament_index/resource_index/package_run_dependencies/libsegwayrmp
-- Installing: /home/nikunj/bwi_ros2_simulation/install/libsegwayrmp/share/ament_index/resource_index/parent_prefix_path/libsegwayrmp
-- Installing: /home/nikunj/bwi_ros2_simulation/install/libsegwayrmp/share/libsegwayrmp/environment/ament_prefix_path.sh
-- Installing: /home/nikunj/bwi_ros2_simulation/install/libsegwayrmp/share/libsegwayrmp/environment/ament_prefix_path.dsv
-- Installing: /home/nikunj/bwi_ros2_simulation/install/libsegwayrmp/share/libsegwayrmp/environment/path.sh
-- Installing: /home/nikunj/bwi_ros2_simulation/install/libsegwayrmp/share/libsegwayrmp/environment/path.dsv
-- Installing: /home/nikunj/bwi_ros2_simulation/install/libsegwayrmp/share/libsegwayrmp/local_setup.bash
-- Installing: /home/nikunj/bwi_ros2_simulation/install/libsegwayrmp/share/libsegwayrmp/local_setup.sh
-- Installing: /home/nikunj/bwi_ros2_simulation/install/libsegwayrmp/share/libsegwayrmp/local_setup.zsh
-- Installing: /home/nikunj/bwi_ros2_simulation/install/libsegwayrmp/share/libsegwayrmp/local_setup.dsv
-- Installing: /home/nikunj/bwi_ros2_simulation/install/libsegwayrmp/share/libsegwayrmp/package.dsv
-- Installing: /home/nikunj/bwi_ros2_simulation/install/libsegwayrmp/share/ament_index/resource_index/packages/libsegwayrmp
-- Installing: /home/nikunj/bwi_ros2_simulation/install/libsegwayrmp/share/libsegwayrmp/cmake/ament_cmake_export_dependencies-extras.cmake
-- Installing: /home/nikunj/bwi_ros2_simulation/install/libsegwayrmp/share/libsegwayrmp/cmake/libsegwayrmpConfig.cmake
-- Installing: /home/nikunj/bwi_ros2_simulation/install/libsegwayrmp/share/libsegwayrmp/cmake/libsegwayrmpConfig-version.cmake
-- Up-to-date: /home/nikunj/bwi_ros2_simulation/install/libsegwayrmp/share/libsegwayrmp/package.xml
