[0.013s] Invoking command in '/home/nikunj/bwi_ros2_simulation/build/topic_tools': CMAKE_PREFIX_PATH=/home/nikunj/bwi_ros2_simulation/install/topic_tools_interfaces:/home/nikunj/bwi_ros2_simulation/install/velodyne:/home/nikunj/bwi_ros2_simulation/install/velodyne_pointcloud:/home/nikunj/bwi_ros2_simulation/install/velodyne_driver:/home/nikunj/bwi_ros2_simulation/install/velodyne_msgs:/home/nikunj/bwi_ros2_simulation/install/velodyne_laserscan:/home/nikunj/bwi_ros2_simulation/install/utexas_gdc:/home/nikunj/bwi_ros2_simulation/install/urg_node2:/home/nikunj/bwi_ros2_simulation/install/topic_tools:/home/nikunj/bwi_ros2_simulation/install/segway_rmp_ros2:/home/nikunj/bwi_ros2_simulation/install/segway_msgs:/home/nikunj/bwi_ros2_simulation/install/segway_description:/home/nikunj/bwi_ros2_simulation/install/segbot_description:/home/nikunj/bwi_ros2_simulation/install/ros2_laser_scan_merger:/home/nikunj/bwi_ros2_simulation/install/pr2_description:/home/nikunj/bwi_ros2_simulation/install/nav2_bringup:/home/nikunj/bwi_ros2_simulation/install/my_virtual_obstacle_layer:/home/nikunj/bwi_ros2_simulation/install/map_augmentation:/home/nikunj/bwi_ros2_simulation/install/libsegwayrmp:/home/nikunj/bwi_ros2_simulation/install/ivcon:/home/nikunj/bwi_ros2_simulation/install/ds4_driver:/home/nikunj/bwi_ros2_simulation/install/ds4_driver_msgs:/home/nikunj/bwi_ros2_simulation/install/convex_decomposition:/home/nikunj/bwi_ros2_simulation/install/test_odom:/home/nikunj/bwi_ros2_simulation/install/test_cmaes:/home/nikunj/bwi_ros2_simulation/install/teleop_multi_robot:/home/nikunj/bwi_ros2_simulation/install/scan_filter:/home/nikunj/bwi_ros2_simulation/install/odom_tf_publisher:/home/nikunj/bwi_ros2_simulation/install/lwr_comms_client:/home/nikunj/bwi_ros2_simulation/install/kinect_data_collector:/home/nikunj/bwi_ros2_simulation/install/keep_alive_pkg:/home/nikunj/bwi_ros2_simulation/install/collision_monitor:/home/nikunj/bwi_ros2_simulation/install/bwi_tools:/home/nikunj/bwi_ros2_simulation/install/bwi_tasks:/home/nikunj/bwi_ros2_simulation/install/bwi_reset:/home/nikunj/bwi_ros2_simulation/install/bwi_perc:/home/nikunj/bwi_ros2_simulation/install/bwi_hallucination:/opt/ros/humble:/home/nikunj/bwi_ros2_simulation/install/bwi_tasks_interface:/home/nikunj/bwi_ros2_simulation/install/bwi_perception_interface:/home/nikunj/bwi_ros2_simulation/install/bwi_launch:/home/nikunj/linorobot2_ws/install/sllidar_ros2:/home/nikunj/linorobot2_ws/install/micro_ros_setup:/home/nikunj/linorobot2_ws/install/linorobot2_bringup:/home/nikunj/linorobot2_ws/install/micro_ros_agent:/home/nikunj/linorobot2_ws/install/micro_ros_msgs:/home/nikunj/linorobot2_ws/install/linorobot2_viz:/home/nikunj/linorobot2_ws/install/linorobot2_navigation:/home/nikunj/linorobot2_ws/install/linorobot2_gazebo:/home/nikunj/linorobot2_ws/install/linorobot2_description:/home/nikunj/linorobot2_ws/install/linorobot2_base:/home/nikunj/linorobot2_ws/install/linorobot2 LD_LIBRARY_PATH=/home/nikunj/bwi_ros2_simulation/install/topic_tools_interfaces/lib:/home/nikunj/bwi_ros2_simulation/install/velodyne_pointcloud/lib:/home/nikunj/bwi_ros2_simulation/install/velodyne_driver/lib:/home/nikunj/bwi_ros2_simulation/install/velodyne_msgs/lib:/home/nikunj/bwi_ros2_simulation/install/velodyne_laserscan/lib:/home/nikunj/bwi_ros2_simulation/install/urg_node2/lib:/home/nikunj/bwi_ros2_simulation/install/topic_tools/lib:/home/nikunj/bwi_ros2_simulation/install/segway_rmp_ros2/lib:/home/nikunj/bwi_ros2_simulation/install/segway_msgs/lib:/home/nikunj/bwi_ros2_simulation/install/my_virtual_obstacle_layer/lib:/home/nikunj/bwi_ros2_simulation/install/libsegwayrmp/lib:/home/nikunj/bwi_ros2_simulation/install/ds4_driver_msgs/lib:/home/nikunj/bwi_ros2_simulation/install/bwi_tasks_interface/lib:/home/nikunj/bwi_ros2_simulation/install/bwi_perception_interface/lib:/home/nikunj/linorobot2_ws/install/micro_ros_agent/lib:/home/nikunj/linorobot2_ws/install/micro_ros_msgs/lib:/usr/lib/x86_64-linux-gnu/gazebo-11/plugins:/opt/ros/humble/opt/rviz_ogre_vendor/lib:/opt/ros/humble/lib/x86_64-linux-gnu:/opt/ros/humble/lib /usr/bin/cmake /home/nikunj/bwi_ros2_simulation/src/topic_tools/topic_tools -DCMAKE_INSTALL_PREFIX=/home/nikunj/bwi_ros2_simulation/install/topic_tools
[0.067s] -- The C compiler identification is GNU 11.4.0
[0.130s] -- The CXX compiler identification is GNU 11.4.0
[0.130s] -- Detecting C compiler ABI info
[0.184s] -- Detecting C compiler ABI info - done
[0.195s] -- Check for working C compiler: /usr/bin/cc - skipped
[0.196s] -- Detecting C compile features
[0.196s] -- Detecting C compile features - done
[0.199s] -- Detecting CXX compiler ABI info
[0.275s] -- Detecting CXX compiler ABI info - done
[0.281s] -- Check for working CXX compiler: /usr/bin/c++ - skipped
[0.281s] -- Detecting CXX compile features
[0.281s] -- Detecting CXX compile features - done
[0.284s] -- Found ament_cmake_auto: 1.3.12 (/opt/ros/humble/share/ament_cmake_auto/cmake)
[0.415s] -- Found Python3: /usr/bin/python3 (found version "3.10.12") found components: Interpreter 
[0.571s] -- Found rosidl_generator_c: 3.1.7 (/opt/ros/humble/share/rosidl_generator_c/cmake)
[0.575s] -- Found rosidl_adapter: 3.1.7 (/opt/ros/humble/share/rosidl_adapter/cmake)
[0.581s] -- Found rosidl_generator_cpp: 3.1.7 (/opt/ros/humble/share/rosidl_generator_cpp/cmake)
[0.591s] -- Using all available rosidl_typesupport_c: rosidl_typesupport_fastrtps_c;rosidl_typesupport_introspection_c
[0.603s] -- Using all available rosidl_typesupport_cpp: rosidl_typesupport_fastrtps_cpp;rosidl_typesupport_introspection_cpp
[0.634s] -- Found rmw_implementation_cmake: 6.1.2 (/opt/ros/humble/share/rmw_implementation_cmake/cmake)
[0.637s] -- Found rmw_fastrtps_cpp: 6.2.9 (/opt/ros/humble/share/rmw_fastrtps_cpp/cmake)
[0.711s] -- Found OpenSSL: /usr/lib/x86_64-linux-gnu/libcrypto.so (found version "3.0.2")  
[0.735s] -- Found FastRTPS: /opt/ros/humble/include  
[0.768s] -- Using RMW implementation 'rmw_fastrtps_cpp' as default
[0.780s] -- Looking for pthread.h
[0.837s] -- Looking for pthread.h - found
[0.837s] -- Performing Test CMAKE_HAVE_LIBC_PTHREAD
[0.897s] -- Performing Test CMAKE_HAVE_LIBC_PTHREAD - Success
[0.898s] -- Found Threads: TRUE  
[1.007s] -- Found ament_lint_auto: 0.12.14 (/opt/ros/humble/share/ament_lint_auto/cmake)
[1.030s] -- Found gtest sources under '/opt/ros/humble/src/gtest_vendor': C++ tests using 'Google Test' will be built
[1.036s] [0mIn this package, headers install destination is set to `include` by ament_auto_package. It is recommended to install `include/topic_tools` instead and will be the default behavior of ament_auto_package from ROS 2 Kilted Kaiju. On distributions before Kilted, ament_auto_package behaves the same way when you use USE_SCOPED_HEADER_INSTALL_DIR option.[0m
[1.038s] -- Added test 'copyright' to check source files copyright and LICENSE
[1.039s] -- Added test 'cppcheck' to perform static code analysis on C / C++ code
[1.039s] -- Configured cppcheck include dirs: /home/nikunj/bwi_ros2_simulation/src/topic_tools/topic_tools/include;$<BUILD_INTERFACE:/home/nikunj/bwi_ros2_simulation/src/topic_tools/topic_tools/include>
[1.039s] -- Configured cppcheck exclude dirs and/or files: 
[1.040s] -- Added test 'cpplint' to check C / C++ code against the Google style
[1.040s] -- Configured cpplint exclude dirs and/or files: 
[1.041s] -- Added test 'flake8' to check Python code syntax and style conventions
[1.042s] -- Added test 'lint_cmake' to check CMake code style
[1.042s] -- Added test 'pep257' to check Python code against some of the docstring style conventions in PEP 257
[1.043s] -- Added test 'uncrustify' to check C / C++ code style
[1.043s] -- Configured uncrustify additional arguments: 
[1.043s] -- Added test 'xmllint' to check XML markup files
[1.045s] -- Configuring done
[1.073s] -- Generating done
[1.085s] -- Build files have been written to: /home/nikunj/bwi_ros2_simulation/build/topic_tools
[1.093s] Invoked command in '/home/nikunj/bwi_ros2_simulation/build/topic_tools' returned '0': CMAKE_PREFIX_PATH=/home/nikunj/bwi_ros2_simulation/install/topic_tools_interfaces:/home/nikunj/bwi_ros2_simulation/install/velodyne:/home/nikunj/bwi_ros2_simulation/install/velodyne_pointcloud:/home/nikunj/bwi_ros2_simulation/install/velodyne_driver:/home/nikunj/bwi_ros2_simulation/install/velodyne_msgs:/home/nikunj/bwi_ros2_simulation/install/velodyne_laserscan:/home/nikunj/bwi_ros2_simulation/install/utexas_gdc:/home/nikunj/bwi_ros2_simulation/install/urg_node2:/home/nikunj/bwi_ros2_simulation/install/topic_tools:/home/nikunj/bwi_ros2_simulation/install/segway_rmp_ros2:/home/nikunj/bwi_ros2_simulation/install/segway_msgs:/home/nikunj/bwi_ros2_simulation/install/segway_description:/home/nikunj/bwi_ros2_simulation/install/segbot_description:/home/nikunj/bwi_ros2_simulation/install/ros2_laser_scan_merger:/home/nikunj/bwi_ros2_simulation/install/pr2_description:/home/nikunj/bwi_ros2_simulation/install/nav2_bringup:/home/nikunj/bwi_ros2_simulation/install/my_virtual_obstacle_layer:/home/nikunj/bwi_ros2_simulation/install/map_augmentation:/home/nikunj/bwi_ros2_simulation/install/libsegwayrmp:/home/nikunj/bwi_ros2_simulation/install/ivcon:/home/nikunj/bwi_ros2_simulation/install/ds4_driver:/home/nikunj/bwi_ros2_simulation/install/ds4_driver_msgs:/home/nikunj/bwi_ros2_simulation/install/convex_decomposition:/home/nikunj/bwi_ros2_simulation/install/test_odom:/home/nikunj/bwi_ros2_simulation/install/test_cmaes:/home/nikunj/bwi_ros2_simulation/install/teleop_multi_robot:/home/nikunj/bwi_ros2_simulation/install/scan_filter:/home/nikunj/bwi_ros2_simulation/install/odom_tf_publisher:/home/nikunj/bwi_ros2_simulation/install/lwr_comms_client:/home/nikunj/bwi_ros2_simulation/install/kinect_data_collector:/home/nikunj/bwi_ros2_simulation/install/keep_alive_pkg:/home/nikunj/bwi_ros2_simulation/install/collision_monitor:/home/nikunj/bwi_ros2_simulation/install/bwi_tools:/home/nikunj/bwi_ros2_simulation/install/bwi_tasks:/home/nikunj/bwi_ros2_simulation/install/bwi_reset:/home/nikunj/bwi_ros2_simulation/install/bwi_perc:/home/nikunj/bwi_ros2_simulation/install/bwi_hallucination:/opt/ros/humble:/home/nikunj/bwi_ros2_simulation/install/bwi_tasks_interface:/home/nikunj/bwi_ros2_simulation/install/bwi_perception_interface:/home/nikunj/bwi_ros2_simulation/install/bwi_launch:/home/nikunj/linorobot2_ws/install/sllidar_ros2:/home/nikunj/linorobot2_ws/install/micro_ros_setup:/home/nikunj/linorobot2_ws/install/linorobot2_bringup:/home/nikunj/linorobot2_ws/install/micro_ros_agent:/home/nikunj/linorobot2_ws/install/micro_ros_msgs:/home/nikunj/linorobot2_ws/install/linorobot2_viz:/home/nikunj/linorobot2_ws/install/linorobot2_navigation:/home/nikunj/linorobot2_ws/install/linorobot2_gazebo:/home/nikunj/linorobot2_ws/install/linorobot2_description:/home/nikunj/linorobot2_ws/install/linorobot2_base:/home/nikunj/linorobot2_ws/install/linorobot2 LD_LIBRARY_PATH=/home/nikunj/bwi_ros2_simulation/install/topic_tools_interfaces/lib:/home/nikunj/bwi_ros2_simulation/install/velodyne_pointcloud/lib:/home/nikunj/bwi_ros2_simulation/install/velodyne_driver/lib:/home/nikunj/bwi_ros2_simulation/install/velodyne_msgs/lib:/home/nikunj/bwi_ros2_simulation/install/velodyne_laserscan/lib:/home/nikunj/bwi_ros2_simulation/install/urg_node2/lib:/home/nikunj/bwi_ros2_simulation/install/topic_tools/lib:/home/nikunj/bwi_ros2_simulation/install/segway_rmp_ros2/lib:/home/nikunj/bwi_ros2_simulation/install/segway_msgs/lib:/home/nikunj/bwi_ros2_simulation/install/my_virtual_obstacle_layer/lib:/home/nikunj/bwi_ros2_simulation/install/libsegwayrmp/lib:/home/nikunj/bwi_ros2_simulation/install/ds4_driver_msgs/lib:/home/nikunj/bwi_ros2_simulation/install/bwi_tasks_interface/lib:/home/nikunj/bwi_ros2_simulation/install/bwi_perception_interface/lib:/home/nikunj/linorobot2_ws/install/micro_ros_agent/lib:/home/nikunj/linorobot2_ws/install/micro_ros_msgs/lib:/usr/lib/x86_64-linux-gnu/gazebo-11/plugins:/opt/ros/humble/opt/rviz_ogre_vendor/lib:/opt/ros/humble/lib/x86_64-linux-gnu:/opt/ros/humble/lib /usr/bin/cmake /home/nikunj/bwi_ros2_simulation/src/topic_tools/topic_tools -DCMAKE_INSTALL_PREFIX=/home/nikunj/bwi_ros2_simulation/install/topic_tools
[1.094s] Invoking command in '/home/nikunj/bwi_ros2_simulation/build/topic_tools': CMAKE_PREFIX_PATH=/home/nikunj/bwi_ros2_simulation/install/topic_tools_interfaces:/home/nikunj/bwi_ros2_simulation/install/velodyne:/home/nikunj/bwi_ros2_simulation/install/velodyne_pointcloud:/home/nikunj/bwi_ros2_simulation/install/velodyne_driver:/home/nikunj/bwi_ros2_simulation/install/velodyne_msgs:/home/nikunj/bwi_ros2_simulation/install/velodyne_laserscan:/home/nikunj/bwi_ros2_simulation/install/utexas_gdc:/home/nikunj/bwi_ros2_simulation/install/urg_node2:/home/nikunj/bwi_ros2_simulation/install/topic_tools:/home/nikunj/bwi_ros2_simulation/install/segway_rmp_ros2:/home/nikunj/bwi_ros2_simulation/install/segway_msgs:/home/nikunj/bwi_ros2_simulation/install/segway_description:/home/nikunj/bwi_ros2_simulation/install/segbot_description:/home/nikunj/bwi_ros2_simulation/install/ros2_laser_scan_merger:/home/nikunj/bwi_ros2_simulation/install/pr2_description:/home/nikunj/bwi_ros2_simulation/install/nav2_bringup:/home/nikunj/bwi_ros2_simulation/install/my_virtual_obstacle_layer:/home/nikunj/bwi_ros2_simulation/install/map_augmentation:/home/nikunj/bwi_ros2_simulation/install/libsegwayrmp:/home/nikunj/bwi_ros2_simulation/install/ivcon:/home/nikunj/bwi_ros2_simulation/install/ds4_driver:/home/nikunj/bwi_ros2_simulation/install/ds4_driver_msgs:/home/nikunj/bwi_ros2_simulation/install/convex_decomposition:/home/nikunj/bwi_ros2_simulation/install/test_odom:/home/nikunj/bwi_ros2_simulation/install/test_cmaes:/home/nikunj/bwi_ros2_simulation/install/teleop_multi_robot:/home/nikunj/bwi_ros2_simulation/install/scan_filter:/home/nikunj/bwi_ros2_simulation/install/odom_tf_publisher:/home/nikunj/bwi_ros2_simulation/install/lwr_comms_client:/home/nikunj/bwi_ros2_simulation/install/kinect_data_collector:/home/nikunj/bwi_ros2_simulation/install/keep_alive_pkg:/home/nikunj/bwi_ros2_simulation/install/collision_monitor:/home/nikunj/bwi_ros2_simulation/install/bwi_tools:/home/nikunj/bwi_ros2_simulation/install/bwi_tasks:/home/nikunj/bwi_ros2_simulation/install/bwi_reset:/home/nikunj/bwi_ros2_simulation/install/bwi_perc:/home/nikunj/bwi_ros2_simulation/install/bwi_hallucination:/opt/ros/humble:/home/nikunj/bwi_ros2_simulation/install/bwi_tasks_interface:/home/nikunj/bwi_ros2_simulation/install/bwi_perception_interface:/home/nikunj/bwi_ros2_simulation/install/bwi_launch:/home/nikunj/linorobot2_ws/install/sllidar_ros2:/home/nikunj/linorobot2_ws/install/micro_ros_setup:/home/nikunj/linorobot2_ws/install/linorobot2_bringup:/home/nikunj/linorobot2_ws/install/micro_ros_agent:/home/nikunj/linorobot2_ws/install/micro_ros_msgs:/home/nikunj/linorobot2_ws/install/linorobot2_viz:/home/nikunj/linorobot2_ws/install/linorobot2_navigation:/home/nikunj/linorobot2_ws/install/linorobot2_gazebo:/home/nikunj/linorobot2_ws/install/linorobot2_description:/home/nikunj/linorobot2_ws/install/linorobot2_base:/home/nikunj/linorobot2_ws/install/linorobot2 LD_LIBRARY_PATH=/home/nikunj/bwi_ros2_simulation/install/topic_tools_interfaces/lib:/home/nikunj/bwi_ros2_simulation/install/velodyne_pointcloud/lib:/home/nikunj/bwi_ros2_simulation/install/velodyne_driver/lib:/home/nikunj/bwi_ros2_simulation/install/velodyne_msgs/lib:/home/nikunj/bwi_ros2_simulation/install/velodyne_laserscan/lib:/home/nikunj/bwi_ros2_simulation/install/urg_node2/lib:/home/nikunj/bwi_ros2_simulation/install/topic_tools/lib:/home/nikunj/bwi_ros2_simulation/install/segway_rmp_ros2/lib:/home/nikunj/bwi_ros2_simulation/install/segway_msgs/lib:/home/nikunj/bwi_ros2_simulation/install/my_virtual_obstacle_layer/lib:/home/nikunj/bwi_ros2_simulation/install/libsegwayrmp/lib:/home/nikunj/bwi_ros2_simulation/install/ds4_driver_msgs/lib:/home/nikunj/bwi_ros2_simulation/install/bwi_tasks_interface/lib:/home/nikunj/bwi_ros2_simulation/install/bwi_perception_interface/lib:/home/nikunj/linorobot2_ws/install/micro_ros_agent/lib:/home/nikunj/linorobot2_ws/install/micro_ros_msgs/lib:/usr/lib/x86_64-linux-gnu/gazebo-11/plugins:/opt/ros/humble/opt/rviz_ogre_vendor/lib:/opt/ros/humble/lib/x86_64-linux-gnu:/opt/ros/humble/lib /usr/bin/cmake --build /home/nikunj/bwi_ros2_simulation/build/topic_tools -- -j32 -l32
[1.137s] [  2%] [32mBuilding CXX object gtest/CMakeFiles/gtest.dir/src/gtest-all.cc.o[0m
[1.137s] [  8%] [32mBuilding CXX object CMakeFiles/relay_node.dir/src/relay_node.cpp.o[0m
[1.137s] [  8%] [32mBuilding CXX object gtest/CMakeFiles/gtest_main.dir/src/gtest_main.cc.o[0m
[1.137s] [ 10%] [32mBuilding CXX object CMakeFiles/relay_node.dir/src/tool_base_node.cpp.o[0m
[1.143s] [ 10%] Built target ament_cmake_python_copy_topic_tools
[1.143s] [ 10%] Built target ament_cmake_python_copy_topic_tools_setup
[1.302s] running install_scripts
[1.310s] /usr/lib/python3/dist-packages/setuptools/command/install.py:34: SetuptoolsDeprecationWarning: setup.py install is deprecated. Use build and pip and other standards-based tools.
[1.310s]   warnings.warn(
[1.327s] running egg_info
[1.329s] creating topic_tools.egg-info
[1.329s] writing topic_tools.egg-info/PKG-INFO
[1.329s] writing dependency_links to topic_tools.egg-info/dependency_links.txt
[1.329s] writing entry points to topic_tools.egg-info/entry_points.txt
[1.329s] writing top-level names to topic_tools.egg-info/top_level.txt
[1.329s] writing manifest file 'topic_tools.egg-info/SOURCES.txt'
[1.331s] reading manifest file 'topic_tools.egg-info/SOURCES.txt'
[1.331s] writing manifest file 'topic_tools.egg-info/SOURCES.txt'
[1.332s] Installing relay_field script to scripts
[1.332s] Installing transform script to scripts
[1.362s] [ 10%] Built target ament_cmake_python_build_topic_tools_scripts
[1.367s] running egg_info
[1.367s] writing topic_tools.egg-info/PKG-INFO
[1.368s] writing dependency_links to topic_tools.egg-info/dependency_links.txt
[1.368s] writing entry points to topic_tools.egg-info/entry_points.txt
[1.368s] writing top-level names to topic_tools.egg-info/top_level.txt
[1.369s] reading manifest file 'topic_tools.egg-info/SOURCES.txt'
[1.369s] writing manifest file 'topic_tools.egg-info/SOURCES.txt'
[1.387s] [ 10%] Built target ament_cmake_python_build_topic_tools_egg
[1.755s] [ 13%] [32m[1mLinking CXX static library libgtest_main.a[0m
[1.814s] [ 13%] Built target gtest_main
[2.989s] [ 16%] [32m[1mLinking CXX static library libgtest.a[0m
[3.052s] [ 16%] Built target gtest
[3.693s] [ 18%] [32m[1mLinking CXX shared library librelay_node.so[0m
[3.889s] [ 18%] Built target relay_node
[3.911s] [ 29%] [32mBuilding CXX object CMakeFiles/relay.dir/src/relay.cpp.o[0m
[3.911s] [ 29%] [32mBuilding CXX object CMakeFiles/throttle_node.dir/src/tool_base_node.cpp.o[0m
[3.911s] [ 29%] [32mBuilding CXX object CMakeFiles/test_relay.dir/test/test_relay.cpp.o[0m
[3.911s] [ 29%] [32mBuilding CXX object CMakeFiles/throttle_node.dir/src/throttle_node.cpp.o[0m
[5.653s] [ 32%] [32m[1mLinking CXX executable relay[0m
[5.749s] [ 32%] Built target relay
[6.607s] [ 35%] [32m[1mLinking CXX shared library libthrottle_node.so[0m
[6.732s] [ 35%] Built target throttle_node
[6.749s] [ 37%] [32mBuilding CXX object CMakeFiles/drop_node.dir/src/tool_base_node.cpp.o[0m
[6.750s] [ 43%] [32mBuilding CXX object CMakeFiles/throttle.dir/src/throttle.cpp.o[0m
[6.750s] [ 43%] [32mBuilding CXX object CMakeFiles/test_throttle.dir/test/test_throttle.cpp.o[0m
[6.750s] [ 45%] [32mBuilding CXX object CMakeFiles/drop_node.dir/src/drop_node.cpp.o[0m
[8.315s] [ 48%] [32m[1mLinking CXX executable throttle[0m
[8.413s] [ 48%] Built target throttle
[8.939s] [ 51%] [32m[1mLinking CXX executable test_relay[0m
[9.122s] [ 54%] [32m[1mLinking CXX shared library libdrop_node.so[0m
[9.206s] [ 54%] Built target test_relay
[9.245s] [ 54%] Built target drop_node
[9.260s] [ 56%] [32mBuilding CXX object CMakeFiles/drop.dir/src/drop.cpp.o[0m
[9.261s] [ 59%] [32mBuilding CXX object CMakeFiles/test_drop.dir/test/test_drop.cpp.o[0m
[9.261s] [ 62%] [32mBuilding CXX object CMakeFiles/mux_node.dir/src/mux_node.cpp.o[0m
[9.261s] [ 64%] [32mBuilding CXX object CMakeFiles/mux_node.dir/src/tool_base_node.cpp.o[0m
[10.759s] [ 67%] [32m[1mLinking CXX executable drop[0m
[10.856s] [ 67%] Built target drop
[11.644s] [ 70%] [32m[1mLinking CXX executable test_throttle[0m
[11.940s] [ 70%] Built target test_throttle
[12.316s] [ 72%] [32m[1mLinking CXX shared library libmux_node.so[0m
[12.507s] [ 72%] Built target mux_node
[12.523s] [ 75%] [32mBuilding CXX object CMakeFiles/test_mux.dir/test/test_mux.cpp.o[0m
[12.523s] [ 78%] [32mBuilding CXX object CMakeFiles/delay_node.dir/src/tool_base_node.cpp.o[0m
[12.523s] [ 81%] [32mBuilding CXX object CMakeFiles/mux.dir/src/mux.cpp.o[0m
[12.524s] [ 83%] [32mBuilding CXX object CMakeFiles/delay_node.dir/src/delay_node.cpp.o[0m
[13.964s] [ 86%] [32m[1mLinking CXX executable test_drop[0m
[14.044s] [ 89%] [32m[1mLinking CXX executable mux[0m
[14.149s] [ 89%] Built target mux
[14.234s] [ 89%] Built target test_drop
[14.786s] [ 91%] [32m[1mLinking CXX shared library libdelay_node.so[0m
[14.906s] [ 91%] Built target delay_node
[14.924s] [ 94%] [32mBuilding CXX object CMakeFiles/delay.dir/src/delay.cpp.o[0m
[16.269s] [ 97%] [32m[1mLinking CXX executable delay[0m
[16.355s] [ 97%] Built target delay
[17.294s] [100%] [32m[1mLinking CXX executable test_mux[0m
[17.567s] [100%] Built target test_mux
[17.578s] Invoked command in '/home/nikunj/bwi_ros2_simulation/build/topic_tools' returned '0': CMAKE_PREFIX_PATH=/home/nikunj/bwi_ros2_simulation/install/topic_tools_interfaces:/home/nikunj/bwi_ros2_simulation/install/velodyne:/home/nikunj/bwi_ros2_simulation/install/velodyne_pointcloud:/home/nikunj/bwi_ros2_simulation/install/velodyne_driver:/home/nikunj/bwi_ros2_simulation/install/velodyne_msgs:/home/nikunj/bwi_ros2_simulation/install/velodyne_laserscan:/home/nikunj/bwi_ros2_simulation/install/utexas_gdc:/home/nikunj/bwi_ros2_simulation/install/urg_node2:/home/nikunj/bwi_ros2_simulation/install/topic_tools:/home/nikunj/bwi_ros2_simulation/install/segway_rmp_ros2:/home/nikunj/bwi_ros2_simulation/install/segway_msgs:/home/nikunj/bwi_ros2_simulation/install/segway_description:/home/nikunj/bwi_ros2_simulation/install/segbot_description:/home/nikunj/bwi_ros2_simulation/install/ros2_laser_scan_merger:/home/nikunj/bwi_ros2_simulation/install/pr2_description:/home/nikunj/bwi_ros2_simulation/install/nav2_bringup:/home/nikunj/bwi_ros2_simulation/install/my_virtual_obstacle_layer:/home/nikunj/bwi_ros2_simulation/install/map_augmentation:/home/nikunj/bwi_ros2_simulation/install/libsegwayrmp:/home/nikunj/bwi_ros2_simulation/install/ivcon:/home/nikunj/bwi_ros2_simulation/install/ds4_driver:/home/nikunj/bwi_ros2_simulation/install/ds4_driver_msgs:/home/nikunj/bwi_ros2_simulation/install/convex_decomposition:/home/nikunj/bwi_ros2_simulation/install/test_odom:/home/nikunj/bwi_ros2_simulation/install/test_cmaes:/home/nikunj/bwi_ros2_simulation/install/teleop_multi_robot:/home/nikunj/bwi_ros2_simulation/install/scan_filter:/home/nikunj/bwi_ros2_simulation/install/odom_tf_publisher:/home/nikunj/bwi_ros2_simulation/install/lwr_comms_client:/home/nikunj/bwi_ros2_simulation/install/kinect_data_collector:/home/nikunj/bwi_ros2_simulation/install/keep_alive_pkg:/home/nikunj/bwi_ros2_simulation/install/collision_monitor:/home/nikunj/bwi_ros2_simulation/install/bwi_tools:/home/nikunj/bwi_ros2_simulation/install/bwi_tasks:/home/nikunj/bwi_ros2_simulation/install/bwi_reset:/home/nikunj/bwi_ros2_simulation/install/bwi_perc:/home/nikunj/bwi_ros2_simulation/install/bwi_hallucination:/opt/ros/humble:/home/nikunj/bwi_ros2_simulation/install/bwi_tasks_interface:/home/nikunj/bwi_ros2_simulation/install/bwi_perception_interface:/home/nikunj/bwi_ros2_simulation/install/bwi_launch:/home/nikunj/linorobot2_ws/install/sllidar_ros2:/home/nikunj/linorobot2_ws/install/micro_ros_setup:/home/nikunj/linorobot2_ws/install/linorobot2_bringup:/home/nikunj/linorobot2_ws/install/micro_ros_agent:/home/nikunj/linorobot2_ws/install/micro_ros_msgs:/home/nikunj/linorobot2_ws/install/linorobot2_viz:/home/nikunj/linorobot2_ws/install/linorobot2_navigation:/home/nikunj/linorobot2_ws/install/linorobot2_gazebo:/home/nikunj/linorobot2_ws/install/linorobot2_description:/home/nikunj/linorobot2_ws/install/linorobot2_base:/home/nikunj/linorobot2_ws/install/linorobot2 LD_LIBRARY_PATH=/home/nikunj/bwi_ros2_simulation/install/topic_tools_interfaces/lib:/home/nikunj/bwi_ros2_simulation/install/velodyne_pointcloud/lib:/home/nikunj/bwi_ros2_simulation/install/velodyne_driver/lib:/home/nikunj/bwi_ros2_simulation/install/velodyne_msgs/lib:/home/nikunj/bwi_ros2_simulation/install/velodyne_laserscan/lib:/home/nikunj/bwi_ros2_simulation/install/urg_node2/lib:/home/nikunj/bwi_ros2_simulation/install/topic_tools/lib:/home/nikunj/bwi_ros2_simulation/install/segway_rmp_ros2/lib:/home/nikunj/bwi_ros2_simulation/install/segway_msgs/lib:/home/nikunj/bwi_ros2_simulation/install/my_virtual_obstacle_layer/lib:/home/nikunj/bwi_ros2_simulation/install/libsegwayrmp/lib:/home/nikunj/bwi_ros2_simulation/install/ds4_driver_msgs/lib:/home/nikunj/bwi_ros2_simulation/install/bwi_tasks_interface/lib:/home/nikunj/bwi_ros2_simulation/install/bwi_perception_interface/lib:/home/nikunj/linorobot2_ws/install/micro_ros_agent/lib:/home/nikunj/linorobot2_ws/install/micro_ros_msgs/lib:/usr/lib/x86_64-linux-gnu/gazebo-11/plugins:/opt/ros/humble/opt/rviz_ogre_vendor/lib:/opt/ros/humble/lib/x86_64-linux-gnu:/opt/ros/humble/lib /usr/bin/cmake --build /home/nikunj/bwi_ros2_simulation/build/topic_tools -- -j32 -l32
[17.579s] Invoking command in '/home/nikunj/bwi_ros2_simulation/build/topic_tools': CMAKE_PREFIX_PATH=/home/nikunj/bwi_ros2_simulation/install/topic_tools_interfaces:/home/nikunj/bwi_ros2_simulation/install/velodyne:/home/nikunj/bwi_ros2_simulation/install/velodyne_pointcloud:/home/nikunj/bwi_ros2_simulation/install/velodyne_driver:/home/nikunj/bwi_ros2_simulation/install/velodyne_msgs:/home/nikunj/bwi_ros2_simulation/install/velodyne_laserscan:/home/nikunj/bwi_ros2_simulation/install/utexas_gdc:/home/nikunj/bwi_ros2_simulation/install/urg_node2:/home/nikunj/bwi_ros2_simulation/install/topic_tools:/home/nikunj/bwi_ros2_simulation/install/segway_rmp_ros2:/home/nikunj/bwi_ros2_simulation/install/segway_msgs:/home/nikunj/bwi_ros2_simulation/install/segway_description:/home/nikunj/bwi_ros2_simulation/install/segbot_description:/home/nikunj/bwi_ros2_simulation/install/ros2_laser_scan_merger:/home/nikunj/bwi_ros2_simulation/install/pr2_description:/home/nikunj/bwi_ros2_simulation/install/nav2_bringup:/home/nikunj/bwi_ros2_simulation/install/my_virtual_obstacle_layer:/home/nikunj/bwi_ros2_simulation/install/map_augmentation:/home/nikunj/bwi_ros2_simulation/install/libsegwayrmp:/home/nikunj/bwi_ros2_simulation/install/ivcon:/home/nikunj/bwi_ros2_simulation/install/ds4_driver:/home/nikunj/bwi_ros2_simulation/install/ds4_driver_msgs:/home/nikunj/bwi_ros2_simulation/install/convex_decomposition:/home/nikunj/bwi_ros2_simulation/install/test_odom:/home/nikunj/bwi_ros2_simulation/install/test_cmaes:/home/nikunj/bwi_ros2_simulation/install/teleop_multi_robot:/home/nikunj/bwi_ros2_simulation/install/scan_filter:/home/nikunj/bwi_ros2_simulation/install/odom_tf_publisher:/home/nikunj/bwi_ros2_simulation/install/lwr_comms_client:/home/nikunj/bwi_ros2_simulation/install/kinect_data_collector:/home/nikunj/bwi_ros2_simulation/install/keep_alive_pkg:/home/nikunj/bwi_ros2_simulation/install/collision_monitor:/home/nikunj/bwi_ros2_simulation/install/bwi_tools:/home/nikunj/bwi_ros2_simulation/install/bwi_tasks:/home/nikunj/bwi_ros2_simulation/install/bwi_reset:/home/nikunj/bwi_ros2_simulation/install/bwi_perc:/home/nikunj/bwi_ros2_simulation/install/bwi_hallucination:/opt/ros/humble:/home/nikunj/bwi_ros2_simulation/install/bwi_tasks_interface:/home/nikunj/bwi_ros2_simulation/install/bwi_perception_interface:/home/nikunj/bwi_ros2_simulation/install/bwi_launch:/home/nikunj/linorobot2_ws/install/sllidar_ros2:/home/nikunj/linorobot2_ws/install/micro_ros_setup:/home/nikunj/linorobot2_ws/install/linorobot2_bringup:/home/nikunj/linorobot2_ws/install/micro_ros_agent:/home/nikunj/linorobot2_ws/install/micro_ros_msgs:/home/nikunj/linorobot2_ws/install/linorobot2_viz:/home/nikunj/linorobot2_ws/install/linorobot2_navigation:/home/nikunj/linorobot2_ws/install/linorobot2_gazebo:/home/nikunj/linorobot2_ws/install/linorobot2_description:/home/nikunj/linorobot2_ws/install/linorobot2_base:/home/nikunj/linorobot2_ws/install/linorobot2 LD_LIBRARY_PATH=/home/nikunj/bwi_ros2_simulation/install/topic_tools_interfaces/lib:/home/nikunj/bwi_ros2_simulation/install/velodyne_pointcloud/lib:/home/nikunj/bwi_ros2_simulation/install/velodyne_driver/lib:/home/nikunj/bwi_ros2_simulation/install/velodyne_msgs/lib:/home/nikunj/bwi_ros2_simulation/install/velodyne_laserscan/lib:/home/nikunj/bwi_ros2_simulation/install/urg_node2/lib:/home/nikunj/bwi_ros2_simulation/install/topic_tools/lib:/home/nikunj/bwi_ros2_simulation/install/segway_rmp_ros2/lib:/home/nikunj/bwi_ros2_simulation/install/segway_msgs/lib:/home/nikunj/bwi_ros2_simulation/install/my_virtual_obstacle_layer/lib:/home/nikunj/bwi_ros2_simulation/install/libsegwayrmp/lib:/home/nikunj/bwi_ros2_simulation/install/ds4_driver_msgs/lib:/home/nikunj/bwi_ros2_simulation/install/bwi_tasks_interface/lib:/home/nikunj/bwi_ros2_simulation/install/bwi_perception_interface/lib:/home/nikunj/linorobot2_ws/install/micro_ros_agent/lib:/home/nikunj/linorobot2_ws/install/micro_ros_msgs/lib:/usr/lib/x86_64-linux-gnu/gazebo-11/plugins:/opt/ros/humble/opt/rviz_ogre_vendor/lib:/opt/ros/humble/lib/x86_64-linux-gnu:/opt/ros/humble/lib /usr/bin/cmake --install /home/nikunj/bwi_ros2_simulation/build/topic_tools
[17.582s] -- Install configuration: ""
[17.583s] -- Installing: /home/nikunj/bwi_ros2_simulation/install/topic_tools/share/topic_tools/environment/pythonpath.sh
[17.583s] -- Installing: /home/nikunj/bwi_ros2_simulation/install/topic_tools/share/topic_tools/environment/pythonpath.dsv
[17.583s] -- Installing: /home/nikunj/bwi_ros2_simulation/install/topic_tools/local/lib/python3.10/dist-packages/topic_tools-1.1.1-py3.10.egg-info
[17.583s] -- Installing: /home/nikunj/bwi_ros2_simulation/install/topic_tools/local/lib/python3.10/dist-packages/topic_tools-1.1.1-py3.10.egg-info/dependency_links.txt
[17.583s] -- Installing: /home/nikunj/bwi_ros2_simulation/install/topic_tools/local/lib/python3.10/dist-packages/topic_tools-1.1.1-py3.10.egg-info/entry_points.txt
[17.583s] -- Installing: /home/nikunj/bwi_ros2_simulation/install/topic_tools/local/lib/python3.10/dist-packages/topic_tools-1.1.1-py3.10.egg-info/top_level.txt
[17.583s] -- Installing: /home/nikunj/bwi_ros2_simulation/install/topic_tools/local/lib/python3.10/dist-packages/topic_tools-1.1.1-py3.10.egg-info/PKG-INFO
[17.583s] -- Installing: /home/nikunj/bwi_ros2_simulation/install/topic_tools/local/lib/python3.10/dist-packages/topic_tools-1.1.1-py3.10.egg-info/SOURCES.txt
[17.583s] -- Installing: /home/nikunj/bwi_ros2_simulation/install/topic_tools/lib/topic_tools/
[17.583s] -- Installing: /home/nikunj/bwi_ros2_simulation/install/topic_tools/lib/topic_tools//relay_field
[17.583s] -- Installing: /home/nikunj/bwi_ros2_simulation/install/topic_tools/lib/topic_tools//transform
[17.583s] -- Installing: /home/nikunj/bwi_ros2_simulation/install/topic_tools/local/lib/python3.10/dist-packages/topic_tools
[17.583s] -- Installing: /home/nikunj/bwi_ros2_simulation/install/topic_tools/local/lib/python3.10/dist-packages/topic_tools/transform.py
[17.583s] -- Installing: /home/nikunj/bwi_ros2_simulation/install/topic_tools/local/lib/python3.10/dist-packages/topic_tools/relay_field.py
[17.583s] -- Installing: /home/nikunj/bwi_ros2_simulation/install/topic_tools/local/lib/python3.10/dist-packages/topic_tools/setup.cfg
[17.583s] -- Installing: /home/nikunj/bwi_ros2_simulation/install/topic_tools/local/lib/python3.10/dist-packages/topic_tools/__init__.py
[17.605s] Listing '/home/nikunj/bwi_ros2_simulation/install/topic_tools/local/lib/python3.10/dist-packages/topic_tools'...
[17.605s] Compiling '/home/nikunj/bwi_ros2_simulation/install/topic_tools/local/lib/python3.10/dist-packages/topic_tools/__init__.py'...
[17.605s] Compiling '/home/nikunj/bwi_ros2_simulation/install/topic_tools/local/lib/python3.10/dist-packages/topic_tools/relay_field.py'...
[17.605s] Compiling '/home/nikunj/bwi_ros2_simulation/install/topic_tools/local/lib/python3.10/dist-packages/topic_tools/transform.py'...
[17.607s] -- Installing: /home/nikunj/bwi_ros2_simulation/install/topic_tools/include
[17.608s] -- Installing: /home/nikunj/bwi_ros2_simulation/install/topic_tools/include/topic_tools
[17.608s] -- Installing: /home/nikunj/bwi_ros2_simulation/install/topic_tools/include/topic_tools/drop_node.hpp
[17.608s] -- Installing: /home/nikunj/bwi_ros2_simulation/install/topic_tools/include/topic_tools/mux_node.hpp
[17.608s] -- Installing: /home/nikunj/bwi_ros2_simulation/install/topic_tools/include/topic_tools/tool_base_node.hpp
[17.608s] -- Installing: /home/nikunj/bwi_ros2_simulation/install/topic_tools/include/topic_tools/delay_node.hpp
[17.608s] -- Installing: /home/nikunj/bwi_ros2_simulation/install/topic_tools/include/topic_tools/visibility_control.h
[17.608s] -- Installing: /home/nikunj/bwi_ros2_simulation/install/topic_tools/include/topic_tools/relay_node.hpp
[17.608s] -- Installing: /home/nikunj/bwi_ros2_simulation/install/topic_tools/include/topic_tools/throttle_node.hpp
[17.608s] -- Installing: /home/nikunj/bwi_ros2_simulation/install/topic_tools/share/topic_tools/environment/library_path.sh
[17.608s] -- Installing: /home/nikunj/bwi_ros2_simulation/install/topic_tools/share/topic_tools/environment/library_path.dsv
[17.608s] -- Installing: /home/nikunj/bwi_ros2_simulation/install/topic_tools/lib/librelay_node.so
[17.610s] -- Set runtime path of "/home/nikunj/bwi_ros2_simulation/install/topic_tools/lib/librelay_node.so" to ""
[17.610s] -- Installing: /home/nikunj/bwi_ros2_simulation/install/topic_tools/lib/libthrottle_node.so
[17.612s] -- Set runtime path of "/home/nikunj/bwi_ros2_simulation/install/topic_tools/lib/libthrottle_node.so" to ""
[17.612s] -- Installing: /home/nikunj/bwi_ros2_simulation/install/topic_tools/lib/libdrop_node.so
[17.613s] -- Set runtime path of "/home/nikunj/bwi_ros2_simulation/install/topic_tools/lib/libdrop_node.so" to ""
[17.613s] -- Installing: /home/nikunj/bwi_ros2_simulation/install/topic_tools/lib/libmux_node.so
[17.615s] -- Set runtime path of "/home/nikunj/bwi_ros2_simulation/install/topic_tools/lib/libmux_node.so" to ""
[17.616s] -- Installing: /home/nikunj/bwi_ros2_simulation/install/topic_tools/lib/libdelay_node.so
[17.617s] -- Set runtime path of "/home/nikunj/bwi_ros2_simulation/install/topic_tools/lib/libdelay_node.so" to ""
[17.617s] -- Installing: /home/nikunj/bwi_ros2_simulation/install/topic_tools/lib/topic_tools/relay
[17.617s] -- Set runtime path of "/home/nikunj/bwi_ros2_simulation/install/topic_tools/lib/topic_tools/relay" to ""
[17.617s] -- Installing: /home/nikunj/bwi_ros2_simulation/install/topic_tools/lib/topic_tools/throttle
[17.617s] -- Set runtime path of "/home/nikunj/bwi_ros2_simulation/install/topic_tools/lib/topic_tools/throttle" to ""
[17.617s] -- Installing: /home/nikunj/bwi_ros2_simulation/install/topic_tools/lib/topic_tools/drop
[17.617s] -- Set runtime path of "/home/nikunj/bwi_ros2_simulation/install/topic_tools/lib/topic_tools/drop" to ""
[17.617s] -- Installing: /home/nikunj/bwi_ros2_simulation/install/topic_tools/lib/topic_tools/mux
[17.618s] -- Set runtime path of "/home/nikunj/bwi_ros2_simulation/install/topic_tools/lib/topic_tools/mux" to ""
[17.618s] -- Installing: /home/nikunj/bwi_ros2_simulation/install/topic_tools/lib/topic_tools/delay
[17.618s] -- Set runtime path of "/home/nikunj/bwi_ros2_simulation/install/topic_tools/lib/topic_tools/delay" to ""
[17.618s] -- Installing: /home/nikunj/bwi_ros2_simulation/install/topic_tools/share/topic_tools/launch
[17.618s] -- Installing: /home/nikunj/bwi_ros2_simulation/install/topic_tools/share/topic_tools/launch/relay.launch
[17.618s] -- Installing: /home/nikunj/bwi_ros2_simulation/install/topic_tools/share/ament_index/resource_index/package_run_dependencies/topic_tools
[17.618s] -- Installing: /home/nikunj/bwi_ros2_simulation/install/topic_tools/share/ament_index/resource_index/parent_prefix_path/topic_tools
[17.618s] -- Installing: /home/nikunj/bwi_ros2_simulation/install/topic_tools/share/topic_tools/environment/ament_prefix_path.sh
[17.618s] -- Installing: /home/nikunj/bwi_ros2_simulation/install/topic_tools/share/topic_tools/environment/ament_prefix_path.dsv
[17.618s] -- Installing: /home/nikunj/bwi_ros2_simulation/install/topic_tools/share/topic_tools/environment/path.sh
[17.618s] -- Installing: /home/nikunj/bwi_ros2_simulation/install/topic_tools/share/topic_tools/environment/path.dsv
[17.618s] -- Installing: /home/nikunj/bwi_ros2_simulation/install/topic_tools/share/topic_tools/local_setup.bash
[17.618s] -- Installing: /home/nikunj/bwi_ros2_simulation/install/topic_tools/share/topic_tools/local_setup.sh
[17.618s] -- Installing: /home/nikunj/bwi_ros2_simulation/install/topic_tools/share/topic_tools/local_setup.zsh
[17.618s] -- Installing: /home/nikunj/bwi_ros2_simulation/install/topic_tools/share/topic_tools/local_setup.dsv
[17.618s] -- Installing: /home/nikunj/bwi_ros2_simulation/install/topic_tools/share/topic_tools/package.dsv
[17.618s] -- Installing: /home/nikunj/bwi_ros2_simulation/install/topic_tools/share/ament_index/resource_index/packages/topic_tools
[17.618s] -- Installing: /home/nikunj/bwi_ros2_simulation/install/topic_tools/share/ament_index/resource_index/rclcpp_components/topic_tools
[17.618s] -- Installing: /home/nikunj/bwi_ros2_simulation/install/topic_tools/share/topic_tools/cmake/ament_cmake_export_dependencies-extras.cmake
[17.618s] -- Installing: /home/nikunj/bwi_ros2_simulation/install/topic_tools/share/topic_tools/cmake/ament_cmake_export_include_directories-extras.cmake
[17.618s] -- Installing: /home/nikunj/bwi_ros2_simulation/install/topic_tools/share/topic_tools/cmake/ament_cmake_export_libraries-extras.cmake
[17.618s] -- Installing: /home/nikunj/bwi_ros2_simulation/install/topic_tools/share/topic_tools/cmake/topic_toolsConfig.cmake
[17.618s] -- Installing: /home/nikunj/bwi_ros2_simulation/install/topic_tools/share/topic_tools/cmake/topic_toolsConfig-version.cmake
[17.618s] -- Installing: /home/nikunj/bwi_ros2_simulation/install/topic_tools/share/topic_tools/package.xml
[17.620s] Invoked command in '/home/nikunj/bwi_ros2_simulation/build/topic_tools' returned '0': CMAKE_PREFIX_PATH=/home/nikunj/bwi_ros2_simulation/install/topic_tools_interfaces:/home/nikunj/bwi_ros2_simulation/install/velodyne:/home/nikunj/bwi_ros2_simulation/install/velodyne_pointcloud:/home/nikunj/bwi_ros2_simulation/install/velodyne_driver:/home/nikunj/bwi_ros2_simulation/install/velodyne_msgs:/home/nikunj/bwi_ros2_simulation/install/velodyne_laserscan:/home/nikunj/bwi_ros2_simulation/install/utexas_gdc:/home/nikunj/bwi_ros2_simulation/install/urg_node2:/home/nikunj/bwi_ros2_simulation/install/topic_tools:/home/nikunj/bwi_ros2_simulation/install/segway_rmp_ros2:/home/nikunj/bwi_ros2_simulation/install/segway_msgs:/home/nikunj/bwi_ros2_simulation/install/segway_description:/home/nikunj/bwi_ros2_simulation/install/segbot_description:/home/nikunj/bwi_ros2_simulation/install/ros2_laser_scan_merger:/home/nikunj/bwi_ros2_simulation/install/pr2_description:/home/nikunj/bwi_ros2_simulation/install/nav2_bringup:/home/nikunj/bwi_ros2_simulation/install/my_virtual_obstacle_layer:/home/nikunj/bwi_ros2_simulation/install/map_augmentation:/home/nikunj/bwi_ros2_simulation/install/libsegwayrmp:/home/nikunj/bwi_ros2_simulation/install/ivcon:/home/nikunj/bwi_ros2_simulation/install/ds4_driver:/home/nikunj/bwi_ros2_simulation/install/ds4_driver_msgs:/home/nikunj/bwi_ros2_simulation/install/convex_decomposition:/home/nikunj/bwi_ros2_simulation/install/test_odom:/home/nikunj/bwi_ros2_simulation/install/test_cmaes:/home/nikunj/bwi_ros2_simulation/install/teleop_multi_robot:/home/nikunj/bwi_ros2_simulation/install/scan_filter:/home/nikunj/bwi_ros2_simulation/install/odom_tf_publisher:/home/nikunj/bwi_ros2_simulation/install/lwr_comms_client:/home/nikunj/bwi_ros2_simulation/install/kinect_data_collector:/home/nikunj/bwi_ros2_simulation/install/keep_alive_pkg:/home/nikunj/bwi_ros2_simulation/install/collision_monitor:/home/nikunj/bwi_ros2_simulation/install/bwi_tools:/home/nikunj/bwi_ros2_simulation/install/bwi_tasks:/home/nikunj/bwi_ros2_simulation/install/bwi_reset:/home/nikunj/bwi_ros2_simulation/install/bwi_perc:/home/nikunj/bwi_ros2_simulation/install/bwi_hallucination:/opt/ros/humble:/home/nikunj/bwi_ros2_simulation/install/bwi_tasks_interface:/home/nikunj/bwi_ros2_simulation/install/bwi_perception_interface:/home/nikunj/bwi_ros2_simulation/install/bwi_launch:/home/nikunj/linorobot2_ws/install/sllidar_ros2:/home/nikunj/linorobot2_ws/install/micro_ros_setup:/home/nikunj/linorobot2_ws/install/linorobot2_bringup:/home/nikunj/linorobot2_ws/install/micro_ros_agent:/home/nikunj/linorobot2_ws/install/micro_ros_msgs:/home/nikunj/linorobot2_ws/install/linorobot2_viz:/home/nikunj/linorobot2_ws/install/linorobot2_navigation:/home/nikunj/linorobot2_ws/install/linorobot2_gazebo:/home/nikunj/linorobot2_ws/install/linorobot2_description:/home/nikunj/linorobot2_ws/install/linorobot2_base:/home/nikunj/linorobot2_ws/install/linorobot2 LD_LIBRARY_PATH=/home/nikunj/bwi_ros2_simulation/install/topic_tools_interfaces/lib:/home/nikunj/bwi_ros2_simulation/install/velodyne_pointcloud/lib:/home/nikunj/bwi_ros2_simulation/install/velodyne_driver/lib:/home/nikunj/bwi_ros2_simulation/install/velodyne_msgs/lib:/home/nikunj/bwi_ros2_simulation/install/velodyne_laserscan/lib:/home/nikunj/bwi_ros2_simulation/install/urg_node2/lib:/home/nikunj/bwi_ros2_simulation/install/topic_tools/lib:/home/nikunj/bwi_ros2_simulation/install/segway_rmp_ros2/lib:/home/nikunj/bwi_ros2_simulation/install/segway_msgs/lib:/home/nikunj/bwi_ros2_simulation/install/my_virtual_obstacle_layer/lib:/home/nikunj/bwi_ros2_simulation/install/libsegwayrmp/lib:/home/nikunj/bwi_ros2_simulation/install/ds4_driver_msgs/lib:/home/nikunj/bwi_ros2_simulation/install/bwi_tasks_interface/lib:/home/nikunj/bwi_ros2_simulation/install/bwi_perception_interface/lib:/home/nikunj/linorobot2_ws/install/micro_ros_agent/lib:/home/nikunj/linorobot2_ws/install/micro_ros_msgs/lib:/usr/lib/x86_64-linux-gnu/gazebo-11/plugins:/opt/ros/humble/opt/rviz_ogre_vendor/lib:/opt/ros/humble/lib/x86_64-linux-gnu:/opt/ros/humble/lib /usr/bin/cmake --install /home/nikunj/bwi_ros2_simulation/build/topic_tools
