[0.031s] Invoking command in '/home/nikunj/bwi_ros2_simulation/build/ivcon': CMAKE_PREFIX_PATH=/opt/ros/humble /usr/bin/cmake --build /home/nikunj/bwi_ros2_simulation/build/ivcon -- -j32 -l32
[0.931s] [100%] Built target ivcon
[0.942s] Invoked command in '/home/nikunj/bwi_ros2_simulation/build/ivcon' returned '0': CMAKE_PREFIX_PATH=/opt/ros/humble /usr/bin/cmake --build /home/nikunj/bwi_ros2_simulation/build/ivcon -- -j32 -l32
[0.942s] Invoking command in '/home/nikunj/bwi_ros2_simulation/build/ivcon': CMAKE_PREFIX_PATH=/opt/ros/humble /usr/bin/cmake --install /home/nikunj/bwi_ros2_simulation/build/ivcon
[0.956s] -- Install configuration: ""
[0.956s] -- Up-to-date: /home/nikunj/bwi_ros2_simulation/install/ivcon/lib/ivcon/ivcon
[0.956s] -- Up-to-date: /home/nikunj/bwi_ros2_simulation/install/ivcon/share/ament_index/resource_index/package_run_dependencies/ivcon
[0.956s] -- Up-to-date: /home/nikunj/bwi_ros2_simulation/install/ivcon/share/ament_index/resource_index/parent_prefix_path/ivcon
[0.956s] -- Up-to-date: /home/nikunj/bwi_ros2_simulation/install/ivcon/share/ivcon/environment/ament_prefix_path.sh
[0.956s] -- Up-to-date: /home/nikunj/bwi_ros2_simulation/install/ivcon/share/ivcon/environment/ament_prefix_path.dsv
[0.956s] -- Up-to-date: /home/nikunj/bwi_ros2_simulation/install/ivcon/share/ivcon/environment/path.sh
[0.956s] -- Up-to-date: /home/nikunj/bwi_ros2_simulation/install/ivcon/share/ivcon/environment/path.dsv
[0.956s] -- Up-to-date: /home/nikunj/bwi_ros2_simulation/install/ivcon/share/ivcon/local_setup.bash
[0.956s] -- Up-to-date: /home/nikunj/bwi_ros2_simulation/install/ivcon/share/ivcon/local_setup.sh
[0.956s] -- Up-to-date: /home/nikunj/bwi_ros2_simulation/install/ivcon/share/ivcon/local_setup.zsh
[0.956s] -- Up-to-date: /home/nikunj/bwi_ros2_simulation/install/ivcon/share/ivcon/local_setup.dsv
[0.956s] -- Installing: /home/nikunj/bwi_ros2_simulation/install/ivcon/share/ivcon/package.dsv
[0.956s] -- Up-to-date: /home/nikunj/bwi_ros2_simulation/install/ivcon/share/ament_index/resource_index/packages/ivcon
[0.956s] -- Up-to-date: /home/nikunj/bwi_ros2_simulation/install/ivcon/share/ivcon/cmake/ivconConfig.cmake
[0.957s] -- Up-to-date: /home/nikunj/bwi_ros2_simulation/install/ivcon/share/ivcon/cmake/ivconConfig-version.cmake
[0.957s] -- Up-to-date: /home/nikunj/bwi_ros2_simulation/install/ivcon/share/ivcon/package.xml
[1.022s] Invoked command in '/home/nikunj/bwi_ros2_simulation/build/ivcon' returned '0': CMAKE_PREFIX_PATH=/opt/ros/humble /usr/bin/cmake --install /home/nikunj/bwi_ros2_simulation/build/ivcon
