[0.131s] Invoking command in '/home/nikunj/bwi_ros2_simulation/build/segway_rmp_ros2': AMENT_PREFIX_PATH=/home/nikunj/bwi_ros2_simulation/install/libsegwayrmp:${AMENT_PREFIX_PATH} CMAKE_PREFIX_PATH=/home/nikunj/bwi_ros2_simulation/install/libsegwayrmp:/opt/ros/humble LD_LIBRARY_PATH=/home/nikunj/bwi_ros2_simulation/install/libsegwayrmp/lib:${LD_LIBRARY_PATH} PKG_CONFIG_PATH=/home/nikunj/bwi_ros2_simulation/install/libsegwayrmp/lib/pkgconfig /usr/bin/cmake --build /home/nikunj/bwi_ros2_simulation/build/segway_rmp_ros2 -- -j32 -l32
[0.206s] [  2%] Built target segway_rmp_ros2__cpp
[0.206s] [ 12%] Built target segway_rmp_ros2__rosidl_generator_c
[0.239s] [ 12%] Built target ament_cmake_python_copy_segway_rmp_ros2
[0.242s] [ 21%] Built target segway_rmp_ros2__rosidl_typesupport_c
[0.243s] [ 31%] Built target segway_rmp_ros2__rosidl_typesupport_introspection_c
[0.245s] [ 41%] Built target segway_rmp_ros2__rosidl_typesupport_fastrtps_c
[0.245s] [ 51%] Built target segway_rmp_ros2__rosidl_typesupport_cpp
[0.245s] [ 60%] Built target segway_rmp_ros2__rosidl_typesupport_introspection_cpp
[0.245s] [ 70%] Built target segway_rmp_ros2__rosidl_typesupport_fastrtps_cpp
[0.252s] [ 70%] Built target segway_rmp_ros2
[0.255s] [ 73%] Built target segway_rmp_ros2__py
[0.270s] [ 78%] Built target segway_rmp_node_ros2
[0.273s] [ 85%] Built target segway_rmp_ros2__rosidl_generator_py
[0.296s] [ 90%] Built target segway_rmp_ros2__rosidl_typesupport_fastrtps_c__pyext
[0.296s] [ 95%] Built target segway_rmp_ros2__rosidl_typesupport_c__pyext
[0.298s] [100%] Built target segway_rmp_ros2__rosidl_typesupport_introspection_c__pyext
[0.453s] running egg_info
[0.454s] writing segway_rmp_ros2.egg-info/PKG-INFO
[0.454s] writing dependency_links to segway_rmp_ros2.egg-info/dependency_links.txt
[0.454s] writing top-level names to segway_rmp_ros2.egg-info/top_level.txt
[0.455s] reading manifest file 'segway_rmp_ros2.egg-info/SOURCES.txt'
[0.455s] writing manifest file 'segway_rmp_ros2.egg-info/SOURCES.txt'
[0.475s] [100%] Built target ament_cmake_python_build_segway_rmp_ros2_egg
[0.766s] Invoked command in '/home/nikunj/bwi_ros2_simulation/build/segway_rmp_ros2' returned '0': AMENT_PREFIX_PATH=/home/nikunj/bwi_ros2_simulation/install/libsegwayrmp:${AMENT_PREFIX_PATH} CMAKE_PREFIX_PATH=/home/nikunj/bwi_ros2_simulation/install/libsegwayrmp:/opt/ros/humble LD_LIBRARY_PATH=/home/nikunj/bwi_ros2_simulation/install/libsegwayrmp/lib:${LD_LIBRARY_PATH} PKG_CONFIG_PATH=/home/nikunj/bwi_ros2_simulation/install/libsegwayrmp/lib/pkgconfig /usr/bin/cmake --build /home/nikunj/bwi_ros2_simulation/build/segway_rmp_ros2 -- -j32 -l32
[0.767s] Invoking command in '/home/nikunj/bwi_ros2_simulation/build/segway_rmp_ros2': AMENT_PREFIX_PATH=/home/nikunj/bwi_ros2_simulation/install/libsegwayrmp:${AMENT_PREFIX_PATH} CMAKE_PREFIX_PATH=/home/nikunj/bwi_ros2_simulation/install/libsegwayrmp:/opt/ros/humble LD_LIBRARY_PATH=/home/nikunj/bwi_ros2_simulation/install/libsegwayrmp/lib:${LD_LIBRARY_PATH} PKG_CONFIG_PATH=/home/nikunj/bwi_ros2_simulation/install/libsegwayrmp/lib/pkgconfig /usr/bin/cmake --install /home/nikunj/bwi_ros2_simulation/build/segway_rmp_ros2
[0.797s] -- Install configuration: "Debug"
[0.797s] -- Up-to-date: /home/nikunj/bwi_ros2_simulation/install/segway_rmp_ros2/share/ament_index/resource_index/rosidl_interfaces/segway_rmp_ros2
[0.797s] -- Up-to-date: /home/nikunj/bwi_ros2_simulation/install/segway_rmp_ros2/include/segway_rmp_ros2/segway_rmp_ros2
[0.797s] -- Up-to-date: /home/nikunj/bwi_ros2_simulation/install/segway_rmp_ros2/include/segway_rmp_ros2/segway_rmp_ros2/msg
[0.797s] -- Up-to-date: /home/nikunj/bwi_ros2_simulation/install/segway_rmp_ros2/include/segway_rmp_ros2/segway_rmp_ros2/msg/segway_status_stamped.h
[0.797s] -- Up-to-date: /home/nikunj/bwi_ros2_simulation/install/segway_rmp_ros2/include/segway_rmp_ros2/segway_rmp_ros2/msg/segway_status.h
[0.797s] -- Up-to-date: /home/nikunj/bwi_ros2_simulation/install/segway_rmp_ros2/include/segway_rmp_ros2/segway_rmp_ros2/msg/detail
[0.797s] -- Up-to-date: /home/nikunj/bwi_ros2_simulation/install/segway_rmp_ros2/include/segway_rmp_ros2/segway_rmp_ros2/msg/detail/segway_status__functions.c
[0.797s] -- Up-to-date: /home/nikunj/bwi_ros2_simulation/install/segway_rmp_ros2/include/segway_rmp_ros2/segway_rmp_ros2/msg/detail/segway_status_stamped__functions.c
[0.797s] -- Up-to-date: /home/nikunj/bwi_ros2_simulation/install/segway_rmp_ros2/include/segway_rmp_ros2/segway_rmp_ros2/msg/detail/segway_status_stamped__functions.h
[0.797s] -- Up-to-date: /home/nikunj/bwi_ros2_simulation/install/segway_rmp_ros2/include/segway_rmp_ros2/segway_rmp_ros2/msg/detail/segway_status_stamped__struct.h
[0.797s] -- Up-to-date: /home/nikunj/bwi_ros2_simulation/install/segway_rmp_ros2/include/segway_rmp_ros2/segway_rmp_ros2/msg/detail/segway_status__type_support.h
[0.797s] -- Up-to-date: /home/nikunj/bwi_ros2_simulation/install/segway_rmp_ros2/include/segway_rmp_ros2/segway_rmp_ros2/msg/detail/segway_status__functions.h
[0.797s] -- Up-to-date: /home/nikunj/bwi_ros2_simulation/install/segway_rmp_ros2/include/segway_rmp_ros2/segway_rmp_ros2/msg/detail/segway_status_stamped__type_support.h
[0.797s] -- Up-to-date: /home/nikunj/bwi_ros2_simulation/install/segway_rmp_ros2/include/segway_rmp_ros2/segway_rmp_ros2/msg/detail/segway_status__struct.h
[0.797s] -- Up-to-date: /home/nikunj/bwi_ros2_simulation/install/segway_rmp_ros2/include/segway_rmp_ros2/segway_rmp_ros2/msg/rosidl_generator_c__visibility_control.h
[0.797s] -- Up-to-date: /home/nikunj/bwi_ros2_simulation/install/segway_rmp_ros2/share/segway_rmp_ros2/environment/library_path.sh
[0.797s] -- Up-to-date: /home/nikunj/bwi_ros2_simulation/install/segway_rmp_ros2/share/segway_rmp_ros2/environment/library_path.dsv
[0.797s] -- Up-to-date: /home/nikunj/bwi_ros2_simulation/install/segway_rmp_ros2/lib/libsegway_rmp_ros2__rosidl_generator_c.so
[0.797s] -- Up-to-date: /home/nikunj/bwi_ros2_simulation/install/segway_rmp_ros2/include/segway_rmp_ros2/segway_rmp_ros2
[0.797s] -- Up-to-date: /home/nikunj/bwi_ros2_simulation/install/segway_rmp_ros2/include/segway_rmp_ros2/segway_rmp_ros2/msg
[0.797s] -- Up-to-date: /home/nikunj/bwi_ros2_simulation/install/segway_rmp_ros2/include/segway_rmp_ros2/segway_rmp_ros2/msg/detail
[0.798s] -- Up-to-date: /home/nikunj/bwi_ros2_simulation/install/segway_rmp_ros2/include/segway_rmp_ros2/segway_rmp_ros2/msg/detail/segway_status_stamped__rosidl_typesupport_fastrtps_c.h
[0.798s] -- Up-to-date: /home/nikunj/bwi_ros2_simulation/install/segway_rmp_ros2/include/segway_rmp_ros2/segway_rmp_ros2/msg/detail/segway_status__rosidl_typesupport_fastrtps_c.h
[0.798s] -- Up-to-date: /home/nikunj/bwi_ros2_simulation/install/segway_rmp_ros2/include/segway_rmp_ros2/segway_rmp_ros2/msg/rosidl_typesupport_fastrtps_c__visibility_control.h
[0.798s] -- Up-to-date: /home/nikunj/bwi_ros2_simulation/install/segway_rmp_ros2/lib/libsegway_rmp_ros2__rosidl_typesupport_fastrtps_c.so
[0.798s] -- Up-to-date: /home/nikunj/bwi_ros2_simulation/install/segway_rmp_ros2/include/segway_rmp_ros2/segway_rmp_ros2
[0.798s] -- Up-to-date: /home/nikunj/bwi_ros2_simulation/install/segway_rmp_ros2/include/segway_rmp_ros2/segway_rmp_ros2/msg
[0.798s] -- Up-to-date: /home/nikunj/bwi_ros2_simulation/install/segway_rmp_ros2/include/segway_rmp_ros2/segway_rmp_ros2/msg/segway_status_stamped.hpp
[0.798s] -- Up-to-date: /home/nikunj/bwi_ros2_simulation/install/segway_rmp_ros2/include/segway_rmp_ros2/segway_rmp_ros2/msg/rosidl_generator_cpp__visibility_control.hpp
[0.798s] -- Up-to-date: /home/nikunj/bwi_ros2_simulation/install/segway_rmp_ros2/include/segway_rmp_ros2/segway_rmp_ros2/msg/segway_status.hpp
[0.798s] -- Up-to-date: /home/nikunj/bwi_ros2_simulation/install/segway_rmp_ros2/include/segway_rmp_ros2/segway_rmp_ros2/msg/detail
[0.798s] -- Up-to-date: /home/nikunj/bwi_ros2_simulation/install/segway_rmp_ros2/include/segway_rmp_ros2/segway_rmp_ros2/msg/detail/segway_status_stamped__builder.hpp
[0.798s] -- Up-to-date: /home/nikunj/bwi_ros2_simulation/install/segway_rmp_ros2/include/segway_rmp_ros2/segway_rmp_ros2/msg/detail/segway_status_stamped__struct.hpp
[0.798s] -- Up-to-date: /home/nikunj/bwi_ros2_simulation/install/segway_rmp_ros2/include/segway_rmp_ros2/segway_rmp_ros2/msg/detail/segway_status__builder.hpp
[0.798s] -- Up-to-date: /home/nikunj/bwi_ros2_simulation/install/segway_rmp_ros2/include/segway_rmp_ros2/segway_rmp_ros2/msg/detail/segway_status_stamped__traits.hpp
[0.798s] -- Up-to-date: /home/nikunj/bwi_ros2_simulation/install/segway_rmp_ros2/include/segway_rmp_ros2/segway_rmp_ros2/msg/detail/segway_status__traits.hpp
[0.798s] -- Up-to-date: /home/nikunj/bwi_ros2_simulation/install/segway_rmp_ros2/include/segway_rmp_ros2/segway_rmp_ros2/msg/detail/segway_status__struct.hpp
[0.798s] -- Up-to-date: /home/nikunj/bwi_ros2_simulation/install/segway_rmp_ros2/include/segway_rmp_ros2/segway_rmp_ros2/msg/detail/segway_status_stamped__type_support.hpp
[0.798s] -- Up-to-date: /home/nikunj/bwi_ros2_simulation/install/segway_rmp_ros2/include/segway_rmp_ros2/segway_rmp_ros2/msg/detail/segway_status__type_support.hpp
[0.798s] -- Up-to-date: /home/nikunj/bwi_ros2_simulation/install/segway_rmp_ros2/include/segway_rmp_ros2/segway_rmp_ros2
[0.798s] -- Up-to-date: /home/nikunj/bwi_ros2_simulation/install/segway_rmp_ros2/include/segway_rmp_ros2/segway_rmp_ros2/msg
[0.799s] -- Up-to-date: /home/nikunj/bwi_ros2_simulation/install/segway_rmp_ros2/include/segway_rmp_ros2/segway_rmp_ros2/msg/detail
[0.799s] -- Up-to-date: /home/nikunj/bwi_ros2_simulation/install/segway_rmp_ros2/include/segway_rmp_ros2/segway_rmp_ros2/msg/detail/dds_fastrtps
[0.799s] -- Up-to-date: /home/nikunj/bwi_ros2_simulation/install/segway_rmp_ros2/include/segway_rmp_ros2/segway_rmp_ros2/msg/detail/segway_status__rosidl_typesupport_fastrtps_cpp.hpp
[0.799s] -- Up-to-date: /home/nikunj/bwi_ros2_simulation/install/segway_rmp_ros2/include/segway_rmp_ros2/segway_rmp_ros2/msg/detail/segway_status_stamped__rosidl_typesupport_fastrtps_cpp.hpp
[0.799s] -- Up-to-date: /home/nikunj/bwi_ros2_simulation/install/segway_rmp_ros2/include/segway_rmp_ros2/segway_rmp_ros2/msg/rosidl_typesupport_fastrtps_cpp__visibility_control.h
[0.799s] -- Up-to-date: /home/nikunj/bwi_ros2_simulation/install/segway_rmp_ros2/lib/libsegway_rmp_ros2__rosidl_typesupport_fastrtps_cpp.so
[0.799s] -- Up-to-date: /home/nikunj/bwi_ros2_simulation/install/segway_rmp_ros2/include/segway_rmp_ros2/segway_rmp_ros2
[0.799s] -- Up-to-date: /home/nikunj/bwi_ros2_simulation/install/segway_rmp_ros2/include/segway_rmp_ros2/segway_rmp_ros2/msg
[0.799s] -- Up-to-date: /home/nikunj/bwi_ros2_simulation/install/segway_rmp_ros2/include/segway_rmp_ros2/segway_rmp_ros2/msg/detail
[0.799s] -- Up-to-date: /home/nikunj/bwi_ros2_simulation/install/segway_rmp_ros2/include/segway_rmp_ros2/segway_rmp_ros2/msg/detail/segway_status_stamped__rosidl_typesupport_introspection_c.h
[0.799s] -- Up-to-date: /home/nikunj/bwi_ros2_simulation/install/segway_rmp_ros2/include/segway_rmp_ros2/segway_rmp_ros2/msg/detail/segway_status__type_support.c
[0.799s] -- Up-to-date: /home/nikunj/bwi_ros2_simulation/install/segway_rmp_ros2/include/segway_rmp_ros2/segway_rmp_ros2/msg/detail/segway_status_stamped__type_support.c
[0.799s] -- Up-to-date: /home/nikunj/bwi_ros2_simulation/install/segway_rmp_ros2/include/segway_rmp_ros2/segway_rmp_ros2/msg/detail/segway_status__rosidl_typesupport_introspection_c.h
[0.799s] -- Up-to-date: /home/nikunj/bwi_ros2_simulation/install/segway_rmp_ros2/include/segway_rmp_ros2/segway_rmp_ros2/msg/rosidl_typesupport_introspection_c__visibility_control.h
[0.799s] -- Up-to-date: /home/nikunj/bwi_ros2_simulation/install/segway_rmp_ros2/lib/libsegway_rmp_ros2__rosidl_typesupport_introspection_c.so
[0.799s] -- Up-to-date: /home/nikunj/bwi_ros2_simulation/install/segway_rmp_ros2/lib/libsegway_rmp_ros2__rosidl_typesupport_c.so
[0.799s] -- Up-to-date: /home/nikunj/bwi_ros2_simulation/install/segway_rmp_ros2/include/segway_rmp_ros2/segway_rmp_ros2
[0.799s] -- Up-to-date: /home/nikunj/bwi_ros2_simulation/install/segway_rmp_ros2/include/segway_rmp_ros2/segway_rmp_ros2/msg
[0.799s] -- Up-to-date: /home/nikunj/bwi_ros2_simulation/install/segway_rmp_ros2/include/segway_rmp_ros2/segway_rmp_ros2/msg/detail
[0.800s] -- Up-to-date: /home/nikunj/bwi_ros2_simulation/install/segway_rmp_ros2/include/segway_rmp_ros2/segway_rmp_ros2/msg/detail/segway_status_stamped__type_support.cpp
[0.800s] -- Up-to-date: /home/nikunj/bwi_ros2_simulation/install/segway_rmp_ros2/include/segway_rmp_ros2/segway_rmp_ros2/msg/detail/segway_status__rosidl_typesupport_introspection_cpp.hpp
[0.800s] -- Up-to-date: /home/nikunj/bwi_ros2_simulation/install/segway_rmp_ros2/include/segway_rmp_ros2/segway_rmp_ros2/msg/detail/segway_status_stamped__rosidl_typesupport_introspection_cpp.hpp
[0.800s] -- Up-to-date: /home/nikunj/bwi_ros2_simulation/install/segway_rmp_ros2/include/segway_rmp_ros2/segway_rmp_ros2/msg/detail/segway_status__type_support.cpp
[0.800s] -- Up-to-date: /home/nikunj/bwi_ros2_simulation/install/segway_rmp_ros2/lib/libsegway_rmp_ros2__rosidl_typesupport_introspection_cpp.so
[0.800s] -- Up-to-date: /home/nikunj/bwi_ros2_simulation/install/segway_rmp_ros2/lib/libsegway_rmp_ros2__rosidl_typesupport_cpp.so
[0.800s] -- Up-to-date: /home/nikunj/bwi_ros2_simulation/install/segway_rmp_ros2/share/segway_rmp_ros2/environment/pythonpath.sh
[0.800s] -- Up-to-date: /home/nikunj/bwi_ros2_simulation/install/segway_rmp_ros2/share/segway_rmp_ros2/environment/pythonpath.dsv
[0.800s] -- Up-to-date: /home/nikunj/bwi_ros2_simulation/install/segway_rmp_ros2/local/lib/python3.10/dist-packages/segway_rmp_ros2-0.0.0-py3.10.egg-info
[0.800s] -- Installing: /home/nikunj/bwi_ros2_simulation/install/segway_rmp_ros2/local/lib/python3.10/dist-packages/segway_rmp_ros2-0.0.0-py3.10.egg-info/dependency_links.txt
[0.800s] -- Installing: /home/nikunj/bwi_ros2_simulation/install/segway_rmp_ros2/local/lib/python3.10/dist-packages/segway_rmp_ros2-0.0.0-py3.10.egg-info/top_level.txt
[0.800s] -- Installing: /home/nikunj/bwi_ros2_simulation/install/segway_rmp_ros2/local/lib/python3.10/dist-packages/segway_rmp_ros2-0.0.0-py3.10.egg-info/PKG-INFO
[0.801s] -- Installing: /home/nikunj/bwi_ros2_simulation/install/segway_rmp_ros2/local/lib/python3.10/dist-packages/segway_rmp_ros2-0.0.0-py3.10.egg-info/SOURCES.txt
[0.801s] -- Up-to-date: /home/nikunj/bwi_ros2_simulation/install/segway_rmp_ros2/local/lib/python3.10/dist-packages/segway_rmp_ros2
[0.801s] -- Up-to-date: /home/nikunj/bwi_ros2_simulation/install/segway_rmp_ros2/local/lib/python3.10/dist-packages/segway_rmp_ros2/segway_rmp_ros2_s__rosidl_typesupport_c.cpython-310-x86_64-linux-gnu.so
[0.801s] -- Up-to-date: /home/nikunj/bwi_ros2_simulation/install/segway_rmp_ros2/local/lib/python3.10/dist-packages/segway_rmp_ros2/segway_rmp_ros2_s__rosidl_typesupport_fastrtps_c.cpython-310-x86_64-linux-gnu.so
[0.801s] -- Up-to-date: /home/nikunj/bwi_ros2_simulation/install/segway_rmp_ros2/local/lib/python3.10/dist-packages/segway_rmp_ros2/libsegway_rmp_ros2__rosidl_generator_py.so
[0.801s] -- Up-to-date: /home/nikunj/bwi_ros2_simulation/install/segway_rmp_ros2/local/lib/python3.10/dist-packages/segway_rmp_ros2/segway_rmp_ros2_s__rosidl_typesupport_introspection_c.cpython-310-x86_64-linux-gnu.so
[0.801s] -- Up-to-date: /home/nikunj/bwi_ros2_simulation/install/segway_rmp_ros2/local/lib/python3.10/dist-packages/segway_rmp_ros2/_segway_rmp_ros2_s.ep.rosidl_typesupport_fastrtps_c.c
[0.801s] -- Up-to-date: /home/nikunj/bwi_ros2_simulation/install/segway_rmp_ros2/local/lib/python3.10/dist-packages/segway_rmp_ros2/__init__.py
[0.801s] -- Up-to-date: /home/nikunj/bwi_ros2_simulation/install/segway_rmp_ros2/local/lib/python3.10/dist-packages/segway_rmp_ros2/_segway_rmp_ros2_s.ep.rosidl_typesupport_c.c
[0.802s] -- Up-to-date: /home/nikunj/bwi_ros2_simulation/install/segway_rmp_ros2/local/lib/python3.10/dist-packages/segway_rmp_ros2/_segway_rmp_ros2_s.ep.rosidl_typesupport_introspection_c.c
[0.802s] -- Up-to-date: /home/nikunj/bwi_ros2_simulation/install/segway_rmp_ros2/local/lib/python3.10/dist-packages/segway_rmp_ros2/msg
[0.802s] -- Up-to-date: /home/nikunj/bwi_ros2_simulation/install/segway_rmp_ros2/local/lib/python3.10/dist-packages/segway_rmp_ros2/msg/_segway_status.py
[0.802s] -- Up-to-date: /home/nikunj/bwi_ros2_simulation/install/segway_rmp_ros2/local/lib/python3.10/dist-packages/segway_rmp_ros2/msg/_segway_status_stamped_s.c
[0.802s] -- Up-to-date: /home/nikunj/bwi_ros2_simulation/install/segway_rmp_ros2/local/lib/python3.10/dist-packages/segway_rmp_ros2/msg/__init__.py
[0.802s] -- Up-to-date: /home/nikunj/bwi_ros2_simulation/install/segway_rmp_ros2/local/lib/python3.10/dist-packages/segway_rmp_ros2/msg/_segway_status_s.c
[0.802s] -- Up-to-date: /home/nikunj/bwi_ros2_simulation/install/segway_rmp_ros2/local/lib/python3.10/dist-packages/segway_rmp_ros2/msg/_segway_status_stamped.py
[0.833s] Listing '/home/nikunj/bwi_ros2_simulation/install/segway_rmp_ros2/local/lib/python3.10/dist-packages/segway_rmp_ros2'...
[0.833s] Listing '/home/nikunj/bwi_ros2_simulation/install/segway_rmp_ros2/local/lib/python3.10/dist-packages/segway_rmp_ros2/msg'...
[0.834s] -- Up-to-date: /home/nikunj/bwi_ros2_simulation/install/segway_rmp_ros2/local/lib/python3.10/dist-packages/segway_rmp_ros2/segway_rmp_ros2_s__rosidl_typesupport_fastrtps_c.cpython-310-x86_64-linux-gnu.so
[0.834s] -- Up-to-date: /home/nikunj/bwi_ros2_simulation/install/segway_rmp_ros2/local/lib/python3.10/dist-packages/segway_rmp_ros2/segway_rmp_ros2_s__rosidl_typesupport_introspection_c.cpython-310-x86_64-linux-gnu.so
[0.835s] -- Up-to-date: /home/nikunj/bwi_ros2_simulation/install/segway_rmp_ros2/local/lib/python3.10/dist-packages/segway_rmp_ros2/segway_rmp_ros2_s__rosidl_typesupport_c.cpython-310-x86_64-linux-gnu.so
[0.835s] -- Up-to-date: /home/nikunj/bwi_ros2_simulation/install/segway_rmp_ros2/lib/libsegway_rmp_ros2__rosidl_generator_py.so
[0.835s] -- Up-to-date: /home/nikunj/bwi_ros2_simulation/install/segway_rmp_ros2/share/segway_rmp_ros2/msg/SegwayStatus.idl
[0.835s] -- Up-to-date: /home/nikunj/bwi_ros2_simulation/install/segway_rmp_ros2/share/segway_rmp_ros2/msg/SegwayStatusStamped.idl
[0.835s] -- Up-to-date: /home/nikunj/bwi_ros2_simulation/install/segway_rmp_ros2/share/segway_rmp_ros2/msg/SegwayStatus.msg
[0.835s] -- Up-to-date: /home/nikunj/bwi_ros2_simulation/install/segway_rmp_ros2/share/segway_rmp_ros2/msg/SegwayStatusStamped.msg
[0.835s] -- Up-to-date: /home/nikunj/bwi_ros2_simulation/install/segway_rmp_ros2/lib/segway_rmp_ros2/segway_rmp_node_ros2
[0.838s] -- Up-to-date: /home/nikunj/bwi_ros2_simulation/install/segway_rmp_ros2/share/segway_rmp_ros2//launch
[0.838s] -- Up-to-date: /home/nikunj/bwi_ros2_simulation/install/segway_rmp_ros2/share/segway_rmp_ros2//launch/segway_rmp_ros2.launch.py
[0.838s] -- Up-to-date: /home/nikunj/bwi_ros2_simulation/install/segway_rmp_ros2/share/ament_index/resource_index/package_run_dependencies/segway_rmp_ros2
[0.838s] -- Up-to-date: /home/nikunj/bwi_ros2_simulation/install/segway_rmp_ros2/share/ament_index/resource_index/parent_prefix_path/segway_rmp_ros2
[0.838s] -- Up-to-date: /home/nikunj/bwi_ros2_simulation/install/segway_rmp_ros2/share/segway_rmp_ros2/environment/ament_prefix_path.sh
[0.838s] -- Up-to-date: /home/nikunj/bwi_ros2_simulation/install/segway_rmp_ros2/share/segway_rmp_ros2/environment/ament_prefix_path.dsv
[0.838s] -- Up-to-date: /home/nikunj/bwi_ros2_simulation/install/segway_rmp_ros2/share/segway_rmp_ros2/environment/path.sh
[0.839s] -- Up-to-date: /home/nikunj/bwi_ros2_simulation/install/segway_rmp_ros2/share/segway_rmp_ros2/environment/path.dsv
[0.839s] -- Up-to-date: /home/nikunj/bwi_ros2_simulation/install/segway_rmp_ros2/share/segway_rmp_ros2/local_setup.bash
[0.839s] -- Up-to-date: /home/nikunj/bwi_ros2_simulation/install/segway_rmp_ros2/share/segway_rmp_ros2/local_setup.sh
[0.839s] -- Up-to-date: /home/nikunj/bwi_ros2_simulation/install/segway_rmp_ros2/share/segway_rmp_ros2/local_setup.zsh
[0.839s] -- Up-to-date: /home/nikunj/bwi_ros2_simulation/install/segway_rmp_ros2/share/segway_rmp_ros2/local_setup.dsv
[0.839s] -- Installing: /home/nikunj/bwi_ros2_simulation/install/segway_rmp_ros2/share/segway_rmp_ros2/package.dsv
[0.839s] -- Up-to-date: /home/nikunj/bwi_ros2_simulation/install/segway_rmp_ros2/share/ament_index/resource_index/packages/segway_rmp_ros2
[0.840s] -- Up-to-date: /home/nikunj/bwi_ros2_simulation/install/segway_rmp_ros2/share/segway_rmp_ros2/cmake/export_segway_rmp_ros2__rosidl_generator_cExport.cmake
[0.840s] -- Up-to-date: /home/nikunj/bwi_ros2_simulation/install/segway_rmp_ros2/share/segway_rmp_ros2/cmake/export_segway_rmp_ros2__rosidl_generator_cExport-debug.cmake
[0.840s] -- Up-to-date: /home/nikunj/bwi_ros2_simulation/install/segway_rmp_ros2/share/segway_rmp_ros2/cmake/export_segway_rmp_ros2__rosidl_typesupport_fastrtps_cExport.cmake
[0.840s] -- Up-to-date: /home/nikunj/bwi_ros2_simulation/install/segway_rmp_ros2/share/segway_rmp_ros2/cmake/export_segway_rmp_ros2__rosidl_typesupport_fastrtps_cExport-debug.cmake
[0.840s] -- Up-to-date: /home/nikunj/bwi_ros2_simulation/install/segway_rmp_ros2/share/segway_rmp_ros2/cmake/export_segway_rmp_ros2__rosidl_generator_cppExport.cmake
[0.840s] -- Up-to-date: /home/nikunj/bwi_ros2_simulation/install/segway_rmp_ros2/share/segway_rmp_ros2/cmake/export_segway_rmp_ros2__rosidl_typesupport_fastrtps_cppExport.cmake
[0.840s] -- Up-to-date: /home/nikunj/bwi_ros2_simulation/install/segway_rmp_ros2/share/segway_rmp_ros2/cmake/export_segway_rmp_ros2__rosidl_typesupport_fastrtps_cppExport-debug.cmake
[0.840s] -- Up-to-date: /home/nikunj/bwi_ros2_simulation/install/segway_rmp_ros2/share/segway_rmp_ros2/cmake/segway_rmp_ros2__rosidl_typesupport_introspection_cExport.cmake
[0.840s] -- Up-to-date: /home/nikunj/bwi_ros2_simulation/install/segway_rmp_ros2/share/segway_rmp_ros2/cmake/segway_rmp_ros2__rosidl_typesupport_introspection_cExport-debug.cmake
[0.840s] -- Up-to-date: /home/nikunj/bwi_ros2_simulation/install/segway_rmp_ros2/share/segway_rmp_ros2/cmake/segway_rmp_ros2__rosidl_typesupport_cExport.cmake
[0.840s] -- Up-to-date: /home/nikunj/bwi_ros2_simulation/install/segway_rmp_ros2/share/segway_rmp_ros2/cmake/segway_rmp_ros2__rosidl_typesupport_cExport-debug.cmake
[0.840s] -- Up-to-date: /home/nikunj/bwi_ros2_simulation/install/segway_rmp_ros2/share/segway_rmp_ros2/cmake/segway_rmp_ros2__rosidl_typesupport_introspection_cppExport.cmake
[0.840s] -- Up-to-date: /home/nikunj/bwi_ros2_simulation/install/segway_rmp_ros2/share/segway_rmp_ros2/cmake/segway_rmp_ros2__rosidl_typesupport_introspection_cppExport-debug.cmake
[0.840s] -- Up-to-date: /home/nikunj/bwi_ros2_simulation/install/segway_rmp_ros2/share/segway_rmp_ros2/cmake/segway_rmp_ros2__rosidl_typesupport_cppExport.cmake
[0.840s] -- Up-to-date: /home/nikunj/bwi_ros2_simulation/install/segway_rmp_ros2/share/segway_rmp_ros2/cmake/segway_rmp_ros2__rosidl_typesupport_cppExport-debug.cmake
[0.841s] -- Up-to-date: /home/nikunj/bwi_ros2_simulation/install/segway_rmp_ros2/share/segway_rmp_ros2/cmake/export_segway_rmp_ros2__rosidl_generator_pyExport.cmake
[0.841s] -- Up-to-date: /home/nikunj/bwi_ros2_simulation/install/segway_rmp_ros2/share/segway_rmp_ros2/cmake/export_segway_rmp_ros2__rosidl_generator_pyExport-debug.cmake
[0.841s] -- Up-to-date: /home/nikunj/bwi_ros2_simulation/install/segway_rmp_ros2/share/segway_rmp_ros2/cmake/rosidl_cmake-extras.cmake
[0.841s] -- Up-to-date: /home/nikunj/bwi_ros2_simulation/install/segway_rmp_ros2/share/segway_rmp_ros2/cmake/ament_cmake_export_dependencies-extras.cmake
[0.841s] -- Up-to-date: /home/nikunj/bwi_ros2_simulation/install/segway_rmp_ros2/share/segway_rmp_ros2/cmake/ament_cmake_export_include_directories-extras.cmake
[0.841s] -- Up-to-date: /home/nikunj/bwi_ros2_simulation/install/segway_rmp_ros2/share/segway_rmp_ros2/cmake/ament_cmake_export_libraries-extras.cmake
[0.841s] -- Up-to-date: /home/nikunj/bwi_ros2_simulation/install/segway_rmp_ros2/share/segway_rmp_ros2/cmake/ament_cmake_export_targets-extras.cmake
[0.841s] -- Up-to-date: /home/nikunj/bwi_ros2_simulation/install/segway_rmp_ros2/share/segway_rmp_ros2/cmake/rosidl_cmake_export_typesupport_targets-extras.cmake
[0.841s] -- Up-to-date: /home/nikunj/bwi_ros2_simulation/install/segway_rmp_ros2/share/segway_rmp_ros2/cmake/rosidl_cmake_export_typesupport_libraries-extras.cmake
[0.841s] -- Up-to-date: /home/nikunj/bwi_ros2_simulation/install/segway_rmp_ros2/share/segway_rmp_ros2/cmake/segway_rmp_ros2Config.cmake
[0.841s] -- Up-to-date: /home/nikunj/bwi_ros2_simulation/install/segway_rmp_ros2/share/segway_rmp_ros2/cmake/segway_rmp_ros2Config-version.cmake
[0.841s] -- Up-to-date: /home/nikunj/bwi_ros2_simulation/install/segway_rmp_ros2/share/segway_rmp_ros2/package.xml
[0.842s] Invoked command in '/home/nikunj/bwi_ros2_simulation/build/segway_rmp_ros2' returned '0': AMENT_PREFIX_PATH=/home/nikunj/bwi_ros2_simulation/install/libsegwayrmp:${AMENT_PREFIX_PATH} CMAKE_PREFIX_PATH=/home/nikunj/bwi_ros2_simulation/install/libsegwayrmp:/opt/ros/humble LD_LIBRARY_PATH=/home/nikunj/bwi_ros2_simulation/install/libsegwayrmp/lib:${LD_LIBRARY_PATH} PKG_CONFIG_PATH=/home/nikunj/bwi_ros2_simulation/install/libsegwayrmp/lib/pkgconfig /usr/bin/cmake --install /home/nikunj/bwi_ros2_simulation/build/segway_rmp_ros2
