[1.733s] Invoking command in '/home/nikunj/bwi_ros2_simulation/src/kinect_data_collector': PYTHONPATH=/home/nikunj/bwi_ros2_simulation/build/kinect_data_collector/prefix_override:/usr/lib/python3/dist-packages/colcon_core/task/python/colcon_distutils_commands:/home/nikunj/bwi_ros2_simulation/install/kinect_data_collector/lib/python3.10/site-packages:${PYTHONPATH} /usr/bin/python3 -W ignore:setup.py install is deprecated -W ignore:easy_install command is deprecated setup.py egg_info --egg-base ../../build/kinect_data_collector build --build-base /home/nikunj/bwi_ros2_simulation/build/kinect_data_collector/build install --record /home/nikunj/bwi_ros2_simulation/build/kinect_data_collector/install.log --single-version-externally-managed install_data
[1.905s] running egg_info
[1.905s] writing ../../build/kinect_data_collector/kinect_data_collector.egg-info/PKG-INFO
[1.905s] writing dependency_links to ../../build/kinect_data_collector/kinect_data_collector.egg-info/dependency_links.txt
[1.905s] writing entry points to ../../build/kinect_data_collector/kinect_data_collector.egg-info/entry_points.txt
[1.906s] writing requirements to ../../build/kinect_data_collector/kinect_data_collector.egg-info/requires.txt
[1.906s] writing top-level names to ../../build/kinect_data_collector/kinect_data_collector.egg-info/top_level.txt
[1.906s] reading manifest file '../../build/kinect_data_collector/kinect_data_collector.egg-info/SOURCES.txt'
[1.907s] writing manifest file '../../build/kinect_data_collector/kinect_data_collector.egg-info/SOURCES.txt'
[1.907s] running build
[1.907s] running build_py
[1.907s] running install
[1.907s] running install_lib
[1.908s] running install_data
[1.908s] running install_egg_info
[1.909s] removing '/home/nikunj/bwi_ros2_simulation/install/kinect_data_collector/lib/python3.10/site-packages/kinect_data_collector-0.0.0-py3.10.egg-info' (and everything under it)
[1.909s] Copying ../../build/kinect_data_collector/kinect_data_collector.egg-info to /home/nikunj/bwi_ros2_simulation/install/kinect_data_collector/lib/python3.10/site-packages/kinect_data_collector-0.0.0-py3.10.egg-info
[1.910s] running install_scripts
[1.922s] Installing data_collector_node script to /home/nikunj/bwi_ros2_simulation/install/kinect_data_collector/lib/kinect_data_collector
[1.923s] writing list of installed files to '/home/nikunj/bwi_ros2_simulation/build/kinect_data_collector/install.log'
[1.937s] Invoked command in '/home/nikunj/bwi_ros2_simulation/src/kinect_data_collector' returned '0': PYTHONPATH=/home/nikunj/bwi_ros2_simulation/build/kinect_data_collector/prefix_override:/usr/lib/python3/dist-packages/colcon_core/task/python/colcon_distutils_commands:/home/nikunj/bwi_ros2_simulation/install/kinect_data_collector/lib/python3.10/site-packages:${PYTHONPATH} /usr/bin/python3 -W ignore:setup.py install is deprecated -W ignore:easy_install command is deprecated setup.py egg_info --egg-base ../../build/kinect_data_collector build --build-base /home/nikunj/bwi_ros2_simulation/build/kinect_data_collector/build install --record /home/nikunj/bwi_ros2_simulation/build/kinect_data_collector/install.log --single-version-externally-managed install_data
