[0.004s] Invoking command in '/home/nikunj/bwi_ros2_simulation/build/segbot_description': CMAKE_PREFIX_PATH=/home/nikunj/bwi_ros2_simulation/install/pr2_description:/home/nikunj/bwi_ros2_simulation/install/ivcon:/home/nikunj/bwi_ros2_simulation/install/convex_decomposition:/home/nikunj/bwi_ros2_simulation/install/utexas_gdc:/home/nikunj/bwi_ros2_simulation/install/urg_node2:/home/nikunj/bwi_ros2_simulation/install/topic_tools:/home/nikunj/bwi_ros2_simulation/install/topic_tools_interfaces:/home/nikunj/bwi_ros2_simulation/install/segway_rmp_ros2:/home/nikunj/bwi_ros2_simulation/install/segway_msgs:/home/nikunj/bwi_ros2_simulation/install/segway_description:/home/nikunj/bwi_ros2_simulation/install/segbot_description:/home/nikunj/bwi_ros2_simulation/install/nav2_bringup:/home/nikunj/bwi_ros2_simulation/install/my_virtual_obstacle_layer:/home/nikunj/bwi_ros2_simulation/install/libsegwayrmp:/home/nikunj/bwi_ros2_simulation/install/test_odom:/home/nikunj/bwi_ros2_simulation/install/test_cmaes:/home/nikunj/bwi_ros2_simulation/install/teleop_multi_robot:/home/nikunj/bwi_ros2_simulation/install/scan_filter:/home/nikunj/bwi_ros2_simulation/install/kinect_data_collector:/home/nikunj/bwi_ros2_simulation/install/collision_monitor:/home/nikunj/bwi_ros2_simulation/install/bwi_tools:/home/nikunj/bwi_ros2_simulation/install/bwi_tasks:/home/nikunj/bwi_ros2_simulation/install/bwi_reset:/home/nikunj/bwi_ros2_simulation/install/bwi_perc:/opt/ros/humble:/home/nikunj/bwi_ros2_simulation/install/bwi_tasks_interface:/home/nikunj/bwi_ros2_simulation/install/bwi_perception_interface:/home/nikunj/bwi_ros2_simulation/install/bwi_launch:/home/nikunj/linorobot2_ws/install/sllidar_ros2:/home/nikunj/linorobot2_ws/install/micro_ros_setup:/home/nikunj/linorobot2_ws/install/linorobot2_bringup:/home/nikunj/linorobot2_ws/install/micro_ros_agent:/home/nikunj/linorobot2_ws/install/micro_ros_msgs:/home/nikunj/linorobot2_ws/install/linorobot2_viz:/home/nikunj/linorobot2_ws/install/linorobot2_navigation:/home/nikunj/linorobot2_ws/install/linorobot2_gazebo:/home/nikunj/linorobot2_ws/install/linorobot2_description:/home/nikunj/linorobot2_ws/install/linorobot2_base:/home/nikunj/linorobot2_ws/install/linorobot2 /usr/bin/cmake --build /home/nikunj/bwi_ros2_simulation/build/segbot_description -- -j32 -l32
[0.017s] Invoked command in '/home/nikunj/bwi_ros2_simulation/build/segbot_description' returned '0': CMAKE_PREFIX_PATH=/home/nikunj/bwi_ros2_simulation/install/pr2_description:/home/nikunj/bwi_ros2_simulation/install/ivcon:/home/nikunj/bwi_ros2_simulation/install/convex_decomposition:/home/nikunj/bwi_ros2_simulation/install/utexas_gdc:/home/nikunj/bwi_ros2_simulation/install/urg_node2:/home/nikunj/bwi_ros2_simulation/install/topic_tools:/home/nikunj/bwi_ros2_simulation/install/topic_tools_interfaces:/home/nikunj/bwi_ros2_simulation/install/segway_rmp_ros2:/home/nikunj/bwi_ros2_simulation/install/segway_msgs:/home/nikunj/bwi_ros2_simulation/install/segway_description:/home/nikunj/bwi_ros2_simulation/install/segbot_description:/home/nikunj/bwi_ros2_simulation/install/nav2_bringup:/home/nikunj/bwi_ros2_simulation/install/my_virtual_obstacle_layer:/home/nikunj/bwi_ros2_simulation/install/libsegwayrmp:/home/nikunj/bwi_ros2_simulation/install/test_odom:/home/nikunj/bwi_ros2_simulation/install/test_cmaes:/home/nikunj/bwi_ros2_simulation/install/teleop_multi_robot:/home/nikunj/bwi_ros2_simulation/install/scan_filter:/home/nikunj/bwi_ros2_simulation/install/kinect_data_collector:/home/nikunj/bwi_ros2_simulation/install/collision_monitor:/home/nikunj/bwi_ros2_simulation/install/bwi_tools:/home/nikunj/bwi_ros2_simulation/install/bwi_tasks:/home/nikunj/bwi_ros2_simulation/install/bwi_reset:/home/nikunj/bwi_ros2_simulation/install/bwi_perc:/opt/ros/humble:/home/nikunj/bwi_ros2_simulation/install/bwi_tasks_interface:/home/nikunj/bwi_ros2_simulation/install/bwi_perception_interface:/home/nikunj/bwi_ros2_simulation/install/bwi_launch:/home/nikunj/linorobot2_ws/install/sllidar_ros2:/home/nikunj/linorobot2_ws/install/micro_ros_setup:/home/nikunj/linorobot2_ws/install/linorobot2_bringup:/home/nikunj/linorobot2_ws/install/micro_ros_agent:/home/nikunj/linorobot2_ws/install/micro_ros_msgs:/home/nikunj/linorobot2_ws/install/linorobot2_viz:/home/nikunj/linorobot2_ws/install/linorobot2_navigation:/home/nikunj/linorobot2_ws/install/linorobot2_gazebo:/home/nikunj/linorobot2_ws/install/linorobot2_description:/home/nikunj/linorobot2_ws/install/linorobot2_base:/home/nikunj/linorobot2_ws/install/linorobot2 /usr/bin/cmake --build /home/nikunj/bwi_ros2_simulation/build/segbot_description -- -j32 -l32
[0.018s] Invoking command in '/home/nikunj/bwi_ros2_simulation/build/segbot_description': CMAKE_PREFIX_PATH=/home/nikunj/bwi_ros2_simulation/install/pr2_description:/home/nikunj/bwi_ros2_simulation/install/ivcon:/home/nikunj/bwi_ros2_simulation/install/convex_decomposition:/home/nikunj/bwi_ros2_simulation/install/utexas_gdc:/home/nikunj/bwi_ros2_simulation/install/urg_node2:/home/nikunj/bwi_ros2_simulation/install/topic_tools:/home/nikunj/bwi_ros2_simulation/install/topic_tools_interfaces:/home/nikunj/bwi_ros2_simulation/install/segway_rmp_ros2:/home/nikunj/bwi_ros2_simulation/install/segway_msgs:/home/nikunj/bwi_ros2_simulation/install/segway_description:/home/nikunj/bwi_ros2_simulation/install/segbot_description:/home/nikunj/bwi_ros2_simulation/install/nav2_bringup:/home/nikunj/bwi_ros2_simulation/install/my_virtual_obstacle_layer:/home/nikunj/bwi_ros2_simulation/install/libsegwayrmp:/home/nikunj/bwi_ros2_simulation/install/test_odom:/home/nikunj/bwi_ros2_simulation/install/test_cmaes:/home/nikunj/bwi_ros2_simulation/install/teleop_multi_robot:/home/nikunj/bwi_ros2_simulation/install/scan_filter:/home/nikunj/bwi_ros2_simulation/install/kinect_data_collector:/home/nikunj/bwi_ros2_simulation/install/collision_monitor:/home/nikunj/bwi_ros2_simulation/install/bwi_tools:/home/nikunj/bwi_ros2_simulation/install/bwi_tasks:/home/nikunj/bwi_ros2_simulation/install/bwi_reset:/home/nikunj/bwi_ros2_simulation/install/bwi_perc:/opt/ros/humble:/home/nikunj/bwi_ros2_simulation/install/bwi_tasks_interface:/home/nikunj/bwi_ros2_simulation/install/bwi_perception_interface:/home/nikunj/bwi_ros2_simulation/install/bwi_launch:/home/nikunj/linorobot2_ws/install/sllidar_ros2:/home/nikunj/linorobot2_ws/install/micro_ros_setup:/home/nikunj/linorobot2_ws/install/linorobot2_bringup:/home/nikunj/linorobot2_ws/install/micro_ros_agent:/home/nikunj/linorobot2_ws/install/micro_ros_msgs:/home/nikunj/linorobot2_ws/install/linorobot2_viz:/home/nikunj/linorobot2_ws/install/linorobot2_navigation:/home/nikunj/linorobot2_ws/install/linorobot2_gazebo:/home/nikunj/linorobot2_ws/install/linorobot2_description:/home/nikunj/linorobot2_ws/install/linorobot2_base:/home/nikunj/linorobot2_ws/install/linorobot2 /usr/bin/cmake --install /home/nikunj/bwi_ros2_simulation/build/segbot_description
[0.026s] -- Install configuration: ""
[0.026s] -- Up-to-date: /home/nikunj/bwi_ros2_simulation/install/segbot_description/share/segbot_description/urdf
[0.026s] -- Up-to-date: /home/nikunj/bwi_ros2_simulation/install/segbot_description/share/segbot_description/urdf/segbot_base.arm.urdf.xacro
[0.026s] -- Up-to-date: /home/nikunj/bwi_ros2_simulation/install/segbot_description/share/segbot_description/urdf/v3
[0.026s] -- Up-to-date: /home/nikunj/bwi_ros2_simulation/install/segbot_description/share/segbot_description/urdf/v3/common.urdf.xacro
[0.026s] -- Up-to-date: /home/nikunj/bwi_ros2_simulation/install/segbot_description/share/segbot_description/urdf/v3/segbot_chassis.urdf.xacro
[0.026s] -- Up-to-date: /home/nikunj/bwi_ros2_simulation/install/segbot_description/share/segbot_description/urdf/components
[0.026s] -- Up-to-date: /home/nikunj/bwi_ros2_simulation/install/segbot_description/share/segbot_description/urdf/components/alienware_alpha.urdf.xacro
[0.027s] -- Up-to-date: /home/nikunj/bwi_ros2_simulation/install/segbot_description/share/segbot_description/urdf/components/box_laptop.urdf.xacro
[0.027s] -- Up-to-date: /home/nikunj/bwi_ros2_simulation/install/segbot_description/share/segbot_description/urdf/components/laptop.urdf.xacro
[0.027s] -- Up-to-date: /home/nikunj/bwi_ros2_simulation/install/segbot_description/share/segbot_description/urdf/components/beam_8020.urdf.xacro
[0.027s] -- Up-to-date: /home/nikunj/bwi_ros2_simulation/install/segbot_description/share/segbot_description/urdf/components/battery_box.urdf.xacro
[0.027s] -- Up-to-date: /home/nikunj/bwi_ros2_simulation/install/segbot_description/share/segbot_description/urdf/components/standoff.urdf.xacro
[0.027s] -- Up-to-date: /home/nikunj/bwi_ros2_simulation/install/segbot_description/share/segbot_description/urdf/components/aluminium_sheet.urdf.xacro
[0.027s] -- Up-to-date: /home/nikunj/bwi_ros2_simulation/install/segbot_description/share/segbot_description/urdf/mounts
[0.027s] -- Up-to-date: /home/nikunj/bwi_ros2_simulation/install/segbot_description/share/segbot_description/urdf/mounts/kinect_mount.urdf.xacro
[0.027s] -- Up-to-date: /home/nikunj/bwi_ros2_simulation/install/segbot_description/share/segbot_description/urdf/mounts/sensor_mount.urdf.xacro
[0.027s] -- Up-to-date: /home/nikunj/bwi_ros2_simulation/install/segbot_description/share/segbot_description/urdf/mounts/hokuyo_mount.urdf.xacro
[0.027s] -- Up-to-date: /home/nikunj/bwi_ros2_simulation/install/segbot_description/share/segbot_description/urdf/mounts/sensor_plate_mount.urdf.xacro
[0.028s] -- Up-to-date: /home/nikunj/bwi_ros2_simulation/install/segbot_description/share/segbot_description/urdf/mounts/velodyne_mount.urdf.xacro
[0.028s] -- Up-to-date: /home/nikunj/bwi_ros2_simulation/install/segbot_description/share/segbot_description/urdf/segway_110_base.urdf.xacro
[0.028s] -- Up-to-date: /home/nikunj/bwi_ros2_simulation/install/segbot_description/share/segbot_description/urdf/segbot_base.urdf.xacro
[0.028s] -- Up-to-date: /home/nikunj/bwi_ros2_simulation/install/segbot_description/share/segbot_description/urdf/v1
[0.028s] -- Up-to-date: /home/nikunj/bwi_ros2_simulation/install/segbot_description/share/segbot_description/urdf/v1/common.urdf.xacro
[0.028s] -- Up-to-date: /home/nikunj/bwi_ros2_simulation/install/segbot_description/share/segbot_description/urdf/v1/segbot_chassis.urdf.xacro
[0.028s] -- Up-to-date: /home/nikunj/bwi_ros2_simulation/install/segbot_description/share/segbot_description/urdf/sensors
[0.028s] -- Up-to-date: /home/nikunj/bwi_ros2_simulation/install/segbot_description/share/segbot_description/urdf/sensors/hokuyo_laser.urdf.xacro
[0.028s] -- Up-to-date: /home/nikunj/bwi_ros2_simulation/install/segbot_description/share/segbot_description/urdf/sensors/xtion_camera.urdf.xacro
[0.028s] -- Up-to-date: /home/nikunj/bwi_ros2_simulation/install/segbot_description/share/segbot_description/urdf/sensors/VLP-16.urdf.xacro
[0.028s] -- Up-to-date: /home/nikunj/bwi_ros2_simulation/install/segbot_description/share/segbot_description/urdf/sensors/kinect_camera.gazebo.xacro
[0.028s] -- Up-to-date: /home/nikunj/bwi_ros2_simulation/install/segbot_description/share/segbot_description/urdf/sensors/hokuyo_laser.gazebo.xacro
[0.028s] -- Up-to-date: /home/nikunj/bwi_ros2_simulation/install/segbot_description/share/segbot_description/urdf/sensors/kinect_camera.urdf.xacro
[0.028s] -- Up-to-date: /home/nikunj/bwi_ros2_simulation/install/segbot_description/share/segbot_description/urdf/sensors/xtion_camera.gazebo.xacro
[0.028s] -- Up-to-date: /home/nikunj/bwi_ros2_simulation/install/segbot_description/share/segbot_description/urdf/v2
[0.028s] -- Up-to-date: /home/nikunj/bwi_ros2_simulation/install/segbot_description/share/segbot_description/urdf/v2/common.urdf.xacro
[0.029s] -- Up-to-date: /home/nikunj/bwi_ros2_simulation/install/segbot_description/share/segbot_description/urdf/v2/segbot_chassis.urdf.arm.xacro
[0.029s] -- Up-to-date: /home/nikunj/bwi_ros2_simulation/install/segbot_description/share/segbot_description/urdf/v2/segbot_chassis.urdf.xacro
[0.029s] -- Up-to-date: /home/nikunj/bwi_ros2_simulation/install/segbot_description/share/segbot_description/urdf/segbot_wheel.urdf.xacro
[0.029s] -- Up-to-date: /home/nikunj/bwi_ros2_simulation/install/segbot_description/share/segbot_description/gazebo
[0.029s] -- Up-to-date: /home/nikunj/bwi_ros2_simulation/install/segbot_description/share/segbot_description/gazebo/segbot.gazebo.xacro
[0.029s] -- Up-to-date: /home/nikunj/bwi_ros2_simulation/install/segbot_description/share/segbot_description/meshes
[0.029s] -- Up-to-date: /home/nikunj/bwi_ros2_simulation/install/segbot_description/share/segbot_description/meshes/rmp50-castor-wheel.stl
[0.029s] -- Up-to-date: /home/nikunj/bwi_ros2_simulation/install/segbot_description/share/segbot_description/meshes/rmp50-base-link.dae
[0.029s] -- Up-to-date: /home/nikunj/bwi_ros2_simulation/install/segbot_description/share/segbot_description/meshes/rmp50-right-wheel.stl
[0.029s] -- Up-to-date: /home/nikunj/bwi_ros2_simulation/install/segbot_description/share/segbot_description/meshes/kinect.dae
[0.029s] -- Up-to-date: /home/nikunj/bwi_ros2_simulation/install/segbot_description/share/segbot_description/meshes/hokuyo.png
[0.029s] -- Up-to-date: /home/nikunj/bwi_ros2_simulation/install/segbot_description/share/segbot_description/meshes/hokuyo.dae
[0.029s] -- Up-to-date: /home/nikunj/bwi_ros2_simulation/install/segbot_description/share/segbot_description/meshes/rmp50-castor-wheel.dae
[0.030s] -- Up-to-date: /home/nikunj/bwi_ros2_simulation/install/segbot_description/share/segbot_description/meshes/hokuyo.stl
[0.030s] -- Up-to-date: /home/nikunj/bwi_ros2_simulation/install/segbot_description/share/segbot_description/meshes/xtion
[0.030s] -- Up-to-date: /home/nikunj/bwi_ros2_simulation/install/segbot_description/share/segbot_description/meshes/xtion/xtion_mount_base_link.STL
[0.031s] -- Up-to-date: /home/nikunj/bwi_ros2_simulation/install/segbot_description/share/segbot_description/meshes/xtion/xtion_pivot_link.STL
[0.031s] -- Up-to-date: /home/nikunj/bwi_ros2_simulation/install/segbot_description/share/segbot_description/meshes/rmp50-left-wheel.stl
[0.031s] -- Up-to-date: /home/nikunj/bwi_ros2_simulation/install/segbot_description/share/segbot_description/meshes/rmp50-castor-link.stl
[0.031s] -- Up-to-date: /home/nikunj/bwi_ros2_simulation/install/segbot_description/share/segbot_description/meshes/kinect.stl
[0.031s] -- Up-to-date: /home/nikunj/bwi_ros2_simulation/install/segbot_description/share/segbot_description/meshes/rmp50-castor-link.dae
[0.031s] -- Up-to-date: /home/nikunj/bwi_ros2_simulation/install/segbot_description/share/segbot_description/meshes/rmp50-left-wheel.dae
[0.031s] -- Up-to-date: /home/nikunj/bwi_ros2_simulation/install/segbot_description/share/segbot_description/meshes/rmp50-base-link.stl
[0.031s] -- Up-to-date: /home/nikunj/bwi_ros2_simulation/install/segbot_description/share/segbot_description/meshes/rmp50-right-wheel.dae
[0.031s] -- Up-to-date: /home/nikunj/bwi_ros2_simulation/install/segbot_description/share/segbot_description/robots
[0.031s] -- Up-to-date: /home/nikunj/bwi_ros2_simulation/install/segbot_description/share/segbot_description/robots/segbot_v1.hokuyo_only.urdf.xacro
[0.031s] -- Up-to-date: /home/nikunj/bwi_ros2_simulation/install/segbot_description/share/segbot_description/robots/segbot_v2.arm.urdf.xacro
[0.031s] -- Up-to-date: /home/nikunj/bwi_ros2_simulation/install/segbot_description/share/segbot_description/robots/segbot_v2.urdf.xacro
[0.032s] -- Up-to-date: /home/nikunj/bwi_ros2_simulation/install/segbot_description/share/segbot_description/robots/segbot_v1.no_sensors.urdf.xacro
[0.032s] -- Up-to-date: /home/nikunj/bwi_ros2_simulation/install/segbot_description/share/segbot_description/robots/segbot_v4.urdf.xacro
[0.032s] -- Up-to-date: /home/nikunj/bwi_ros2_simulation/install/segbot_description/share/segbot_description/robots/segbot_v1.urdf.xacro
[0.032s] -- Up-to-date: /home/nikunj/bwi_ros2_simulation/install/segbot_description/share/segbot_description/robots/segbot_v3.urdf.xacro
[0.032s] -- Up-to-date: /home/nikunj/bwi_ros2_simulation/install/segbot_description/share/segbot_description/urdf
[0.032s] -- Up-to-date: /home/nikunj/bwi_ros2_simulation/install/segbot_description/share/segbot_description/urdf/segbot_base.arm.urdf.xacro
[0.032s] -- Up-to-date: /home/nikunj/bwi_ros2_simulation/install/segbot_description/share/segbot_description/urdf/v3
[0.032s] -- Up-to-date: /home/nikunj/bwi_ros2_simulation/install/segbot_description/share/segbot_description/urdf/v3/common.urdf.xacro
[0.032s] -- Up-to-date: /home/nikunj/bwi_ros2_simulation/install/segbot_description/share/segbot_description/urdf/v3/segbot_chassis.urdf.xacro
[0.032s] -- Up-to-date: /home/nikunj/bwi_ros2_simulation/install/segbot_description/share/segbot_description/urdf/components
[0.032s] -- Up-to-date: /home/nikunj/bwi_ros2_simulation/install/segbot_description/share/segbot_description/urdf/components/alienware_alpha.urdf.xacro
[0.033s] -- Up-to-date: /home/nikunj/bwi_ros2_simulation/install/segbot_description/share/segbot_description/urdf/components/box_laptop.urdf.xacro
[0.033s] -- Up-to-date: /home/nikunj/bwi_ros2_simulation/install/segbot_description/share/segbot_description/urdf/components/laptop.urdf.xacro
[0.033s] -- Up-to-date: /home/nikunj/bwi_ros2_simulation/install/segbot_description/share/segbot_description/urdf/components/beam_8020.urdf.xacro
[0.033s] -- Up-to-date: /home/nikunj/bwi_ros2_simulation/install/segbot_description/share/segbot_description/urdf/components/battery_box.urdf.xacro
[0.033s] -- Up-to-date: /home/nikunj/bwi_ros2_simulation/install/segbot_description/share/segbot_description/urdf/components/standoff.urdf.xacro
[0.033s] -- Up-to-date: /home/nikunj/bwi_ros2_simulation/install/segbot_description/share/segbot_description/urdf/components/aluminium_sheet.urdf.xacro
[0.033s] -- Up-to-date: /home/nikunj/bwi_ros2_simulation/install/segbot_description/share/segbot_description/urdf/mounts
[0.033s] -- Up-to-date: /home/nikunj/bwi_ros2_simulation/install/segbot_description/share/segbot_description/urdf/mounts/kinect_mount.urdf.xacro
[0.033s] -- Up-to-date: /home/nikunj/bwi_ros2_simulation/install/segbot_description/share/segbot_description/urdf/mounts/sensor_mount.urdf.xacro
[0.033s] -- Up-to-date: /home/nikunj/bwi_ros2_simulation/install/segbot_description/share/segbot_description/urdf/mounts/hokuyo_mount.urdf.xacro
[0.033s] -- Up-to-date: /home/nikunj/bwi_ros2_simulation/install/segbot_description/share/segbot_description/urdf/mounts/sensor_plate_mount.urdf.xacro
[0.033s] -- Up-to-date: /home/nikunj/bwi_ros2_simulation/install/segbot_description/share/segbot_description/urdf/mounts/velodyne_mount.urdf.xacro
[0.033s] -- Up-to-date: /home/nikunj/bwi_ros2_simulation/install/segbot_description/share/segbot_description/urdf/segway_110_base.urdf.xacro
[0.033s] -- Up-to-date: /home/nikunj/bwi_ros2_simulation/install/segbot_description/share/segbot_description/urdf/segbot_base.urdf.xacro
[0.033s] -- Up-to-date: /home/nikunj/bwi_ros2_simulation/install/segbot_description/share/segbot_description/urdf/v1
[0.034s] -- Up-to-date: /home/nikunj/bwi_ros2_simulation/install/segbot_description/share/segbot_description/urdf/v1/common.urdf.xacro
[0.034s] -- Up-to-date: /home/nikunj/bwi_ros2_simulation/install/segbot_description/share/segbot_description/urdf/v1/segbot_chassis.urdf.xacro
[0.034s] -- Up-to-date: /home/nikunj/bwi_ros2_simulation/install/segbot_description/share/segbot_description/urdf/sensors
[0.034s] -- Up-to-date: /home/nikunj/bwi_ros2_simulation/install/segbot_description/share/segbot_description/urdf/sensors/hokuyo_laser.urdf.xacro
[0.034s] -- Up-to-date: /home/nikunj/bwi_ros2_simulation/install/segbot_description/share/segbot_description/urdf/sensors/xtion_camera.urdf.xacro
[0.034s] -- Up-to-date: /home/nikunj/bwi_ros2_simulation/install/segbot_description/share/segbot_description/urdf/sensors/VLP-16.urdf.xacro
[0.034s] -- Up-to-date: /home/nikunj/bwi_ros2_simulation/install/segbot_description/share/segbot_description/urdf/sensors/kinect_camera.gazebo.xacro
[0.034s] -- Up-to-date: /home/nikunj/bwi_ros2_simulation/install/segbot_description/share/segbot_description/urdf/sensors/hokuyo_laser.gazebo.xacro
[0.034s] -- Up-to-date: /home/nikunj/bwi_ros2_simulation/install/segbot_description/share/segbot_description/urdf/sensors/kinect_camera.urdf.xacro
[0.034s] -- Up-to-date: /home/nikunj/bwi_ros2_simulation/install/segbot_description/share/segbot_description/urdf/sensors/xtion_camera.gazebo.xacro
[0.034s] -- Up-to-date: /home/nikunj/bwi_ros2_simulation/install/segbot_description/share/segbot_description/urdf/v2
[0.034s] -- Up-to-date: /home/nikunj/bwi_ros2_simulation/install/segbot_description/share/segbot_description/urdf/v2/common.urdf.xacro
[0.034s] -- Up-to-date: /home/nikunj/bwi_ros2_simulation/install/segbot_description/share/segbot_description/urdf/v2/segbot_chassis.urdf.arm.xacro
[0.035s] -- Up-to-date: /home/nikunj/bwi_ros2_simulation/install/segbot_description/share/segbot_description/urdf/v2/segbot_chassis.urdf.xacro
[0.035s] -- Up-to-date: /home/nikunj/bwi_ros2_simulation/install/segbot_description/share/segbot_description/urdf/segbot_wheel.urdf.xacro
[0.035s] -- Up-to-date: /home/nikunj/bwi_ros2_simulation/install/segbot_description/share/ament_index/resource_index/package_run_dependencies/segbot_description
[0.035s] -- Up-to-date: /home/nikunj/bwi_ros2_simulation/install/segbot_description/share/ament_index/resource_index/parent_prefix_path/segbot_description
[0.035s] -- Up-to-date: /home/nikunj/bwi_ros2_simulation/install/segbot_description/share/segbot_description/environment/ament_prefix_path.sh
[0.035s] -- Up-to-date: /home/nikunj/bwi_ros2_simulation/install/segbot_description/share/segbot_description/environment/ament_prefix_path.dsv
[0.035s] -- Up-to-date: /home/nikunj/bwi_ros2_simulation/install/segbot_description/share/segbot_description/environment/path.sh
[0.035s] -- Up-to-date: /home/nikunj/bwi_ros2_simulation/install/segbot_description/share/segbot_description/environment/path.dsv
[0.035s] -- Up-to-date: /home/nikunj/bwi_ros2_simulation/install/segbot_description/share/segbot_description/local_setup.bash
[0.035s] -- Up-to-date: /home/nikunj/bwi_ros2_simulation/install/segbot_description/share/segbot_description/local_setup.sh
[0.035s] -- Up-to-date: /home/nikunj/bwi_ros2_simulation/install/segbot_description/share/segbot_description/local_setup.zsh
[0.035s] -- Up-to-date: /home/nikunj/bwi_ros2_simulation/install/segbot_description/share/segbot_description/local_setup.dsv
[0.035s] -- Installing: /home/nikunj/bwi_ros2_simulation/install/segbot_description/share/segbot_description/package.dsv
[0.035s] -- Up-to-date: /home/nikunj/bwi_ros2_simulation/install/segbot_description/share/ament_index/resource_index/packages/segbot_description
[0.035s] -- Up-to-date: /home/nikunj/bwi_ros2_simulation/install/segbot_description/share/segbot_description/cmake/segbot_descriptionConfig.cmake
[0.035s] -- Up-to-date: /home/nikunj/bwi_ros2_simulation/install/segbot_description/share/segbot_description/cmake/segbot_descriptionConfig-version.cmake
[0.036s] -- Up-to-date: /home/nikunj/bwi_ros2_simulation/install/segbot_description/share/segbot_description/package.xml
[0.036s] Invoked command in '/home/nikunj/bwi_ros2_simulation/build/segbot_description' returned '0': CMAKE_PREFIX_PATH=/home/nikunj/bwi_ros2_simulation/install/pr2_description:/home/nikunj/bwi_ros2_simulation/install/ivcon:/home/nikunj/bwi_ros2_simulation/install/convex_decomposition:/home/nikunj/bwi_ros2_simulation/install/utexas_gdc:/home/nikunj/bwi_ros2_simulation/install/urg_node2:/home/nikunj/bwi_ros2_simulation/install/topic_tools:/home/nikunj/bwi_ros2_simulation/install/topic_tools_interfaces:/home/nikunj/bwi_ros2_simulation/install/segway_rmp_ros2:/home/nikunj/bwi_ros2_simulation/install/segway_msgs:/home/nikunj/bwi_ros2_simulation/install/segway_description:/home/nikunj/bwi_ros2_simulation/install/segbot_description:/home/nikunj/bwi_ros2_simulation/install/nav2_bringup:/home/nikunj/bwi_ros2_simulation/install/my_virtual_obstacle_layer:/home/nikunj/bwi_ros2_simulation/install/libsegwayrmp:/home/nikunj/bwi_ros2_simulation/install/test_odom:/home/nikunj/bwi_ros2_simulation/install/test_cmaes:/home/nikunj/bwi_ros2_simulation/install/teleop_multi_robot:/home/nikunj/bwi_ros2_simulation/install/scan_filter:/home/nikunj/bwi_ros2_simulation/install/kinect_data_collector:/home/nikunj/bwi_ros2_simulation/install/collision_monitor:/home/nikunj/bwi_ros2_simulation/install/bwi_tools:/home/nikunj/bwi_ros2_simulation/install/bwi_tasks:/home/nikunj/bwi_ros2_simulation/install/bwi_reset:/home/nikunj/bwi_ros2_simulation/install/bwi_perc:/opt/ros/humble:/home/nikunj/bwi_ros2_simulation/install/bwi_tasks_interface:/home/nikunj/bwi_ros2_simulation/install/bwi_perception_interface:/home/nikunj/bwi_ros2_simulation/install/bwi_launch:/home/nikunj/linorobot2_ws/install/sllidar_ros2:/home/nikunj/linorobot2_ws/install/micro_ros_setup:/home/nikunj/linorobot2_ws/install/linorobot2_bringup:/home/nikunj/linorobot2_ws/install/micro_ros_agent:/home/nikunj/linorobot2_ws/install/micro_ros_msgs:/home/nikunj/linorobot2_ws/install/linorobot2_viz:/home/nikunj/linorobot2_ws/install/linorobot2_navigation:/home/nikunj/linorobot2_ws/install/linorobot2_gazebo:/home/nikunj/linorobot2_ws/install/linorobot2_description:/home/nikunj/linorobot2_ws/install/linorobot2_base:/home/nikunj/linorobot2_ws/install/linorobot2 /usr/bin/cmake --install /home/nikunj/bwi_ros2_simulation/build/segbot_description
