[0.036s] Invoking command in '/home/nikunj/bwi_ros2_simulation/build/bwi_launch': CMAKE_PREFIX_PATH=/opt/ros/humble /usr/bin/cmake --build /home/nikunj/bwi_ros2_simulation/build/bwi_launch -- -j32 -l32
[1.202s] Invoked command in '/home/nikunj/bwi_ros2_simulation/build/bwi_launch' returned '0': CMAKE_PREFIX_PATH=/opt/ros/humble /usr/bin/cmake --build /home/nikunj/bwi_ros2_simulation/build/bwi_launch -- -j32 -l32
[1.203s] Invoking command in '/home/nikunj/bwi_ros2_simulation/build/bwi_launch': CMAKE_PREFIX_PATH=/opt/ros/humble /usr/bin/cmake --install /home/nikunj/bwi_ros2_simulation/build/bwi_launch
[1.223s] -- Install configuration: ""
[1.223s] -- Up-to-date: /home/nikunj/bwi_ros2_simulation/install/bwi_launch/share/bwi_launch/launch
[1.224s] -- Up-to-date: /home/nikunj/bwi_ros2_simulation/install/bwi_launch/share/bwi_launch/launch/segbot_v2.launch.py
[1.224s] -- Up-to-date: /home/nikunj/bwi_ros2_simulation/install/bwi_launch/share/bwi_launch/launch/.vscode
[1.224s] -- Up-to-date: /home/nikunj/bwi_ros2_simulation/install/bwi_launch/share/bwi_launch/launch/.vscode/c_cpp_properties.json
[1.224s] -- Up-to-date: /home/nikunj/bwi_ros2_simulation/install/bwi_launch/share/bwi_launch/launch/.vscode/settings.json
[1.224s] -- Up-to-date: /home/nikunj/bwi_ros2_simulation/install/bwi_launch/share/bwi_launch/config
[1.224s] -- Up-to-date: /home/nikunj/bwi_ros2_simulation/install/bwi_launch/share/bwi_launch/config/rviz_config_r2.rviz
[1.224s] -- Up-to-date: /home/nikunj/bwi_ros2_simulation/install/bwi_launch/share/bwi_launch/config/nav_with_arm.rviz
[1.224s] -- Up-to-date: /home/nikunj/bwi_ros2_simulation/install/bwi_launch/share/bwi_launch/config/laser_filter_config.yaml
[1.224s] -- Up-to-date: /home/nikunj/bwi_ros2_simulation/install/bwi_launch/share/bwi_launch/config/rviz_config_r1.rviz
[1.224s] -- Up-to-date: /home/nikunj/bwi_ros2_simulation/install/bwi_launch/lib/bwi_launch/odom_tf_broadcaster.py
[1.224s] -- Up-to-date: /home/nikunj/bwi_ros2_simulation/install/bwi_launch/share/ament_index/resource_index/package_run_dependencies/bwi_launch
[1.224s] -- Up-to-date: /home/nikunj/bwi_ros2_simulation/install/bwi_launch/share/ament_index/resource_index/parent_prefix_path/bwi_launch
[1.224s] -- Up-to-date: /home/nikunj/bwi_ros2_simulation/install/bwi_launch/share/bwi_launch/environment/ament_prefix_path.sh
[1.224s] -- Up-to-date: /home/nikunj/bwi_ros2_simulation/install/bwi_launch/share/bwi_launch/environment/ament_prefix_path.dsv
[1.224s] -- Up-to-date: /home/nikunj/bwi_ros2_simulation/install/bwi_launch/share/bwi_launch/environment/path.sh
[1.224s] -- Up-to-date: /home/nikunj/bwi_ros2_simulation/install/bwi_launch/share/bwi_launch/environment/path.dsv
[1.224s] -- Up-to-date: /home/nikunj/bwi_ros2_simulation/install/bwi_launch/share/bwi_launch/local_setup.bash
[1.224s] -- Up-to-date: /home/nikunj/bwi_ros2_simulation/install/bwi_launch/share/bwi_launch/local_setup.sh
[1.224s] -- Up-to-date: /home/nikunj/bwi_ros2_simulation/install/bwi_launch/share/bwi_launch/local_setup.zsh
[1.224s] -- Up-to-date: /home/nikunj/bwi_ros2_simulation/install/bwi_launch/share/bwi_launch/local_setup.dsv
[1.224s] -- Installing: /home/nikunj/bwi_ros2_simulation/install/bwi_launch/share/bwi_launch/package.dsv
[1.224s] -- Up-to-date: /home/nikunj/bwi_ros2_simulation/install/bwi_launch/share/ament_index/resource_index/packages/bwi_launch
[1.224s] -- Up-to-date: /home/nikunj/bwi_ros2_simulation/install/bwi_launch/share/bwi_launch/cmake/bwi_launchConfig.cmake
[1.224s] -- Up-to-date: /home/nikunj/bwi_ros2_simulation/install/bwi_launch/share/bwi_launch/cmake/bwi_launchConfig-version.cmake
[1.224s] -- Up-to-date: /home/nikunj/bwi_ros2_simulation/install/bwi_launch/share/bwi_launch/package.xml
[1.316s] Invoked command in '/home/nikunj/bwi_ros2_simulation/build/bwi_launch' returned '0': CMAKE_PREFIX_PATH=/opt/ros/humble /usr/bin/cmake --install /home/nikunj/bwi_ros2_simulation/build/bwi_launch
