[1.503s] Invoking command in '/home/nikunj/bwi_ros2_simulation/src/kinect_data_collector': PYTHONPATH=/home/nikunj/bwi_ros2_simulation/build/kinect_data_collector/prefix_override:/usr/lib/python3/dist-packages/colcon_core/task/python/colcon_distutils_commands:/home/nikunj/bwi_ros2_simulation/install/kinect_data_collector/lib/python3.10/site-packages:${PYTHONPATH} /usr/bin/python3 -W ignore:setup.py install is deprecated -W ignore:easy_install command is deprecated setup.py egg_info --egg-base ../../build/kinect_data_collector build --build-base /home/nikunj/bwi_ros2_simulation/build/kinect_data_collector/build install --record /home/nikunj/bwi_ros2_simulation/build/kinect_data_collector/install.log --single-version-externally-managed install_data
[2.130s] running egg_info
[2.130s] writing ../../build/kinect_data_collector/kinect_data_collector.egg-info/PKG-INFO
[2.130s] writing dependency_links to ../../build/kinect_data_collector/kinect_data_collector.egg-info/dependency_links.txt
[2.130s] writing entry points to ../../build/kinect_data_collector/kinect_data_collector.egg-info/entry_points.txt
[2.130s] writing requirements to ../../build/kinect_data_collector/kinect_data_collector.egg-info/requires.txt
[2.130s] writing top-level names to ../../build/kinect_data_collector/kinect_data_collector.egg-info/top_level.txt
[2.130s] reading manifest file '../../build/kinect_data_collector/kinect_data_collector.egg-info/SOURCES.txt'
[2.130s] writing manifest file '../../build/kinect_data_collector/kinect_data_collector.egg-info/SOURCES.txt'
[2.130s] running build
[2.130s] running build_py
[2.130s] running install
[2.130s] running install_lib
[2.130s] running install_data
[2.130s] running install_egg_info
[2.130s] removing '/home/nikunj/bwi_ros2_simulation/install/kinect_data_collector/lib/python3.10/site-packages/kinect_data_collector-0.0.0-py3.10.egg-info' (and everything under it)
[2.131s] Copying ../../build/kinect_data_collector/kinect_data_collector.egg-info to /home/nikunj/bwi_ros2_simulation/install/kinect_data_collector/lib/python3.10/site-packages/kinect_data_collector-0.0.0-py3.10.egg-info
[2.131s] running install_scripts
[2.131s] Installing data_collector_node script to /home/nikunj/bwi_ros2_simulation/install/kinect_data_collector/lib/kinect_data_collector
[2.131s] writing list of installed files to '/home/nikunj/bwi_ros2_simulation/build/kinect_data_collector/install.log'
[2.132s] Invoked command in '/home/nikunj/bwi_ros2_simulation/src/kinect_data_collector' returned '0': PYTHONPATH=/home/nikunj/bwi_ros2_simulation/build/kinect_data_collector/prefix_override:/usr/lib/python3/dist-packages/colcon_core/task/python/colcon_distutils_commands:/home/nikunj/bwi_ros2_simulation/install/kinect_data_collector/lib/python3.10/site-packages:${PYTHONPATH} /usr/bin/python3 -W ignore:setup.py install is deprecated -W ignore:easy_install command is deprecated setup.py egg_info --egg-base ../../build/kinect_data_collector build --build-base /home/nikunj/bwi_ros2_simulation/build/kinect_data_collector/build install --record /home/nikunj/bwi_ros2_simulation/build/kinect_data_collector/install.log --single-version-externally-managed install_data
