-- The C compiler identification is GNU 11.4.0
-- The CXX compiler identification is GNU 11.4.0
-- Detecting C compiler ABI info
-- Detecting C compiler ABI info - done
-- Check for working C compiler: /usr/bin/cc - skipped
-- Detecting C compile features
-- Detecting C compile features - done
-- Detecting CXX compiler ABI info
-- Detecting CXX compiler ABI info - done
-- Check for working CXX compiler: /usr/bin/c++ - skipped
-- Detecting CXX compile features
-- Detecting CXX compile features - done
-- Found ament_cmake_auto: 1.3.12 (/opt/ros/humble/share/ament_cmake_auto/cmake)
-- Found Python3: /usr/bin/python3 (found version "3.10.12") found components: Interpreter 
-- Using all available rosidl_typesupport_c: rosidl_typesupport_fastrtps_c;rosidl_typesupport_introspection_c
-- Found rosidl_adapter: 3.1.7 (/opt/ros/humble/share/rosidl_adapter/cmake)
-- Using all available rosidl_typesupport_cpp: rosidl_typesupport_fastrtps_cpp;rosidl_typesupport_introspection_cpp
-- Found ament_cmake_ros: 0.10.0 (/opt/ros/humble/share/ament_cmake_ros/cmake)
-- Using all available rosidl_typesupport_c: rosidl_typesupport_fastrtps_c;rosidl_typesupport_introspection_c
-- Using all available rosidl_typesupport_cpp: rosidl_typesupport_fastrtps_cpp;rosidl_typesupport_introspection_cpp
-- Found PythonInterp: /usr/bin/python3 (found suitable version "3.10.12", minimum required is "3.6") 
-- Found python_cmake_module: 0.10.0 (/opt/ros/humble/share/python_cmake_module/cmake)
-- Found PythonLibs: /usr/lib/x86_64-linux-gnu/libpython3.10.so (found suitable version "3.10.12", minimum required is "3.5") 
-- Using PYTHON_EXECUTABLE: /usr/bin/python3
-- Using PYTHON_INCLUDE_DIRS: /usr/include/python3.10
-- Using PYTHON_LIBRARIES: /usr/lib/x86_64-linux-gnu/libpython3.10.so
-- Found PythonExtra: .so  
-- Found ament_lint_auto: 0.12.14 (/opt/ros/humble/share/ament_lint_auto/cmake)
-- Added test 'copyright' to check source files copyright and LICENSE
-- Added test 'lint_cmake' to check CMake code style
-- Added test 'xmllint' to check XML markup files
-- Configuring done
-- Generating done
-- Build files have been written to: /home/nikunj/bwi_ros2_simulation/build/topic_tools_interfaces
[  1%] [34m[1mGenerating C code for ROS interfaces[0m
[  3%] [34m[1mGenerating C++ code for ROS interfaces[0m
[  3%] Built target ament_cmake_python_copy_topic_tools_interfaces
running egg_info
creating topic_tools_interfaces.egg-info
writing topic_tools_interfaces.egg-info/PKG-INFO
writing dependency_links to topic_tools_interfaces.egg-info/dependency_links.txt
writing top-level names to topic_tools_interfaces.egg-info/top_level.txt
writing manifest file 'topic_tools_interfaces.egg-info/SOURCES.txt'
reading manifest file 'topic_tools_interfaces.egg-info/SOURCES.txt'
writing manifest file 'topic_tools_interfaces.egg-info/SOURCES.txt'
[  3%] Built target ament_cmake_python_build_topic_tools_interfaces_egg
[  5%] [32mBuilding C object CMakeFiles/topic_tools_interfaces__rosidl_generator_c.dir/rosidl_generator_c/topic_tools_interfaces/srv/detail/mux_add__functions.c.o[0m
[ 10%] [32mBuilding C object CMakeFiles/topic_tools_interfaces__rosidl_generator_c.dir/rosidl_generator_c/topic_tools_interfaces/srv/detail/mux_list__functions.c.o[0m
[ 10%] [32mBuilding C object CMakeFiles/topic_tools_interfaces__rosidl_generator_c.dir/rosidl_generator_c/topic_tools_interfaces/srv/detail/mux_select__functions.c.o[0m
[ 10%] [32mBuilding C object CMakeFiles/topic_tools_interfaces__rosidl_generator_c.dir/rosidl_generator_c/topic_tools_interfaces/srv/detail/mux_delete__functions.c.o[0m
[ 10%] Built target topic_tools_interfaces__cpp
[ 12%] [34m[1mGenerating C++ introspection for ROS interfaces[0m
[ 14%] [34m[1mGenerating C++ type support dispatch for ROS interfaces[0m
[ 16%] [34m[1mGenerating C++ type support for eProsima Fast-RTPS[0m
[ 18%] [32m[1mLinking C shared library libtopic_tools_interfaces__rosidl_generator_c.so[0m
[ 18%] Built target topic_tools_interfaces__rosidl_generator_c
[ 20%] [34m[1mGenerating C type support dispatch for ROS interfaces[0m
[ 21%] [34m[1mGenerating C type support for eProsima Fast-RTPS[0m
[ 23%] [34m[1mGenerating C introspection for ROS interfaces[0m
[ 25%] [32mBuilding CXX object CMakeFiles/topic_tools_interfaces__rosidl_typesupport_cpp.dir/rosidl_typesupport_cpp/topic_tools_interfaces/srv/mux_delete__type_support.cpp.o[0m
[ 27%] [32mBuilding CXX object CMakeFiles/topic_tools_interfaces__rosidl_typesupport_cpp.dir/rosidl_typesupport_cpp/topic_tools_interfaces/srv/mux_add__type_support.cpp.o[0m
[ 29%] [32mBuilding CXX object CMakeFiles/topic_tools_interfaces__rosidl_typesupport_cpp.dir/rosidl_typesupport_cpp/topic_tools_interfaces/srv/mux_select__type_support.cpp.o[0m
[ 30%] [32mBuilding CXX object CMakeFiles/topic_tools_interfaces__rosidl_typesupport_cpp.dir/rosidl_typesupport_cpp/topic_tools_interfaces/srv/mux_list__type_support.cpp.o[0m
[ 32%] [32mBuilding CXX object CMakeFiles/topic_tools_interfaces__rosidl_typesupport_c.dir/rosidl_typesupport_c/topic_tools_interfaces/srv/mux_add__type_support.cpp.o[0m
[ 34%] [32mBuilding CXX object CMakeFiles/topic_tools_interfaces__rosidl_typesupport_c.dir/rosidl_typesupport_c/topic_tools_interfaces/srv/mux_list__type_support.cpp.o[0m
[ 36%] [32mBuilding CXX object CMakeFiles/topic_tools_interfaces__rosidl_typesupport_c.dir/rosidl_typesupport_c/topic_tools_interfaces/srv/mux_select__type_support.cpp.o[0m
[ 38%] [32mBuilding CXX object CMakeFiles/topic_tools_interfaces__rosidl_typesupport_c.dir/rosidl_typesupport_c/topic_tools_interfaces/srv/mux_delete__type_support.cpp.o[0m
[ 40%] [32m[1mLinking CXX shared library libtopic_tools_interfaces__rosidl_typesupport_c.so[0m
[ 41%] [32mBuilding CXX object CMakeFiles/topic_tools_interfaces__rosidl_typesupport_introspection_cpp.dir/rosidl_typesupport_introspection_cpp/topic_tools_interfaces/srv/detail/mux_list__type_support.cpp.o[0m
[ 43%] [32mBuilding CXX object CMakeFiles/topic_tools_interfaces__rosidl_typesupport_introspection_cpp.dir/rosidl_typesupport_introspection_cpp/topic_tools_interfaces/srv/detail/mux_add__type_support.cpp.o[0m
[ 45%] [32mBuilding CXX object CMakeFiles/topic_tools_interfaces__rosidl_typesupport_introspection_cpp.dir/rosidl_typesupport_introspection_cpp/topic_tools_interfaces/srv/detail/mux_delete__type_support.cpp.o[0m
[ 47%] [32mBuilding CXX object CMakeFiles/topic_tools_interfaces__rosidl_typesupport_introspection_cpp.dir/rosidl_typesupport_introspection_cpp/topic_tools_interfaces/srv/detail/mux_select__type_support.cpp.o[0m
[ 47%] Built target topic_tools_interfaces__rosidl_typesupport_c
[ 50%] [32mBuilding CXX object CMakeFiles/topic_tools_interfaces__rosidl_typesupport_fastrtps_cpp.dir/rosidl_typesupport_fastrtps_cpp/topic_tools_interfaces/srv/detail/dds_fastrtps/mux_add__type_support.cpp.o[0m
[ 50%] [32mBuilding CXX object CMakeFiles/topic_tools_interfaces__rosidl_typesupport_fastrtps_cpp.dir/rosidl_typesupport_fastrtps_cpp/topic_tools_interfaces/srv/detail/dds_fastrtps/mux_delete__type_support.cpp.o[0m
[ 52%] [32mBuilding CXX object CMakeFiles/topic_tools_interfaces__rosidl_typesupport_fastrtps_cpp.dir/rosidl_typesupport_fastrtps_cpp/topic_tools_interfaces/srv/detail/dds_fastrtps/mux_list__type_support.cpp.o[0m
[ 54%] [32mBuilding CXX object CMakeFiles/topic_tools_interfaces__rosidl_typesupport_fastrtps_cpp.dir/rosidl_typesupport_fastrtps_cpp/topic_tools_interfaces/srv/detail/dds_fastrtps/mux_select__type_support.cpp.o[0m
[ 56%] [32mBuilding CXX object CMakeFiles/topic_tools_interfaces__rosidl_typesupport_fastrtps_c.dir/rosidl_typesupport_fastrtps_c/topic_tools_interfaces/srv/detail/mux_delete__type_support_c.cpp.o[0m
[ 58%] [32mBuilding CXX object CMakeFiles/topic_tools_interfaces__rosidl_typesupport_fastrtps_c.dir/rosidl_typesupport_fastrtps_c/topic_tools_interfaces/srv/detail/mux_list__type_support_c.cpp.o[0m
[ 61%] [32mBuilding CXX object CMakeFiles/topic_tools_interfaces__rosidl_typesupport_fastrtps_c.dir/rosidl_typesupport_fastrtps_c/topic_tools_interfaces/srv/detail/mux_add__type_support_c.cpp.o[0m
[ 61%] [32mBuilding CXX object CMakeFiles/topic_tools_interfaces__rosidl_typesupport_fastrtps_c.dir/rosidl_typesupport_fastrtps_c/topic_tools_interfaces/srv/detail/mux_select__type_support_c.cpp.o[0m
[ 63%] [32mBuilding C object CMakeFiles/topic_tools_interfaces__rosidl_typesupport_introspection_c.dir/rosidl_typesupport_introspection_c/topic_tools_interfaces/srv/detail/mux_add__type_support.c.o[0m
[ 67%] [32mBuilding C object CMakeFiles/topic_tools_interfaces__rosidl_typesupport_introspection_c.dir/rosidl_typesupport_introspection_c/topic_tools_interfaces/srv/detail/mux_list__type_support.c.o[0m
[ 67%] [32mBuilding C object CMakeFiles/topic_tools_interfaces__rosidl_typesupport_introspection_c.dir/rosidl_typesupport_introspection_c/topic_tools_interfaces/srv/detail/mux_delete__type_support.c.o[0m
[ 69%] [32mBuilding C object CMakeFiles/topic_tools_interfaces__rosidl_typesupport_introspection_c.dir/rosidl_typesupport_introspection_c/topic_tools_interfaces/srv/detail/mux_select__type_support.c.o[0m
[ 70%] [32m[1mLinking CXX shared library libtopic_tools_interfaces__rosidl_typesupport_cpp.so[0m
[ 72%] [32m[1mLinking C shared library libtopic_tools_interfaces__rosidl_typesupport_introspection_c.so[0m
[ 72%] Built target topic_tools_interfaces__rosidl_typesupport_cpp
[ 72%] Built target topic_tools_interfaces__rosidl_typesupport_introspection_c
[ 74%] [32m[1mLinking CXX shared library libtopic_tools_interfaces__rosidl_typesupport_introspection_cpp.so[0m
[ 74%] Built target topic_tools_interfaces__rosidl_typesupport_introspection_cpp
[ 76%] [32m[1mLinking CXX shared library libtopic_tools_interfaces__rosidl_typesupport_fastrtps_c.so[0m
[ 78%] [32m[1mLinking CXX shared library libtopic_tools_interfaces__rosidl_typesupport_fastrtps_cpp.so[0m
[ 78%] Built target topic_tools_interfaces__rosidl_typesupport_fastrtps_c
[ 78%] Built target topic_tools_interfaces__rosidl_typesupport_fastrtps_cpp
[ 78%] Built target topic_tools_interfaces
[ 80%] [34m[1mGenerating Python code for ROS interfaces[0m
[ 80%] Built target topic_tools_interfaces__py
[ 81%] [32mBuilding C object CMakeFiles/topic_tools_interfaces__rosidl_generator_py.dir/rosidl_generator_py/topic_tools_interfaces/srv/_mux_add_s.c.o[0m
[ 85%] [32mBuilding C object CMakeFiles/topic_tools_interfaces__rosidl_generator_py.dir/rosidl_generator_py/topic_tools_interfaces/srv/_mux_delete_s.c.o[0m
[ 85%] [32mBuilding C object CMakeFiles/topic_tools_interfaces__rosidl_generator_py.dir/rosidl_generator_py/topic_tools_interfaces/srv/_mux_select_s.c.o[0m
[ 87%] [32mBuilding C object CMakeFiles/topic_tools_interfaces__rosidl_generator_py.dir/rosidl_generator_py/topic_tools_interfaces/srv/_mux_list_s.c.o[0m
[ 89%] [32m[1mLinking C shared library rosidl_generator_py/topic_tools_interfaces/libtopic_tools_interfaces__rosidl_generator_py.so[0m
[ 89%] Built target topic_tools_interfaces__rosidl_generator_py
[ 90%] [32mBuilding C object CMakeFiles/topic_tools_interfaces__rosidl_typesupport_c__pyext.dir/rosidl_generator_py/topic_tools_interfaces/_topic_tools_interfaces_s.ep.rosidl_typesupport_c.c.o[0m
[ 92%] [32mBuilding C object CMakeFiles/topic_tools_interfaces__rosidl_typesupport_introspection_c__pyext.dir/rosidl_generator_py/topic_tools_interfaces/_topic_tools_interfaces_s.ep.rosidl_typesupport_introspection_c.c.o[0m
[ 94%] [32mBuilding C object CMakeFiles/topic_tools_interfaces__rosidl_typesupport_fastrtps_c__pyext.dir/rosidl_generator_py/topic_tools_interfaces/_topic_tools_interfaces_s.ep.rosidl_typesupport_fastrtps_c.c.o[0m
[ 96%] [32m[1mLinking C shared library rosidl_generator_py/topic_tools_interfaces/topic_tools_interfaces_s__rosidl_typesupport_c.cpython-310-x86_64-linux-gnu.so[0m
[ 98%] [32m[1mLinking C shared library rosidl_generator_py/topic_tools_interfaces/topic_tools_interfaces_s__rosidl_typesupport_introspection_c.cpython-310-x86_64-linux-gnu.so[0m
[100%] [32m[1mLinking C shared library rosidl_generator_py/topic_tools_interfaces/topic_tools_interfaces_s__rosidl_typesupport_fastrtps_c.cpython-310-x86_64-linux-gnu.so[0m
[100%] Built target topic_tools_interfaces__rosidl_typesupport_c__pyext
[100%] Built target topic_tools_interfaces__rosidl_typesupport_fastrtps_c__pyext
[100%] Built target topic_tools_interfaces__rosidl_typesupport_introspection_c__pyext
-- Install configuration: ""
-- Installing: /home/nikunj/bwi_ros2_simulation/install/topic_tools_interfaces/share/ament_index/resource_index/rosidl_interfaces/topic_tools_interfaces
-- Installing: /home/nikunj/bwi_ros2_simulation/install/topic_tools_interfaces/include/topic_tools_interfaces/topic_tools_interfaces
-- Installing: /home/nikunj/bwi_ros2_simulation/install/topic_tools_interfaces/include/topic_tools_interfaces/topic_tools_interfaces/srv
-- Installing: /home/nikunj/bwi_ros2_simulation/install/topic_tools_interfaces/include/topic_tools_interfaces/topic_tools_interfaces/srv/mux_select.h
-- Installing: /home/nikunj/bwi_ros2_simulation/install/topic_tools_interfaces/include/topic_tools_interfaces/topic_tools_interfaces/srv/mux_list.h
-- Installing: /home/nikunj/bwi_ros2_simulation/install/topic_tools_interfaces/include/topic_tools_interfaces/topic_tools_interfaces/srv/mux_add.h
-- Installing: /home/nikunj/bwi_ros2_simulation/install/topic_tools_interfaces/include/topic_tools_interfaces/topic_tools_interfaces/srv/detail
-- Installing: /home/nikunj/bwi_ros2_simulation/install/topic_tools_interfaces/include/topic_tools_interfaces/topic_tools_interfaces/srv/detail/mux_delete__type_support.h
-- Installing: /home/nikunj/bwi_ros2_simulation/install/topic_tools_interfaces/include/topic_tools_interfaces/topic_tools_interfaces/srv/detail/mux_select__functions.h
-- Installing: /home/nikunj/bwi_ros2_simulation/install/topic_tools_interfaces/include/topic_tools_interfaces/topic_tools_interfaces/srv/detail/mux_list__functions.c
-- Installing: /home/nikunj/bwi_ros2_simulation/install/topic_tools_interfaces/include/topic_tools_interfaces/topic_tools_interfaces/srv/detail/mux_delete__struct.h
-- Installing: /home/nikunj/bwi_ros2_simulation/install/topic_tools_interfaces/include/topic_tools_interfaces/topic_tools_interfaces/srv/detail/mux_delete__functions.h
-- Installing: /home/nikunj/bwi_ros2_simulation/install/topic_tools_interfaces/include/topic_tools_interfaces/topic_tools_interfaces/srv/detail/mux_list__struct.h
-- Installing: /home/nikunj/bwi_ros2_simulation/install/topic_tools_interfaces/include/topic_tools_interfaces/topic_tools_interfaces/srv/detail/mux_select__type_support.h
-- Installing: /home/nikunj/bwi_ros2_simulation/install/topic_tools_interfaces/include/topic_tools_interfaces/topic_tools_interfaces/srv/detail/mux_add__functions.h
-- Installing: /home/nikunj/bwi_ros2_simulation/install/topic_tools_interfaces/include/topic_tools_interfaces/topic_tools_interfaces/srv/detail/mux_select__struct.h
-- Installing: /home/nikunj/bwi_ros2_simulation/install/topic_tools_interfaces/include/topic_tools_interfaces/topic_tools_interfaces/srv/detail/mux_list__type_support.h
-- Installing: /home/nikunj/bwi_ros2_simulation/install/topic_tools_interfaces/include/topic_tools_interfaces/topic_tools_interfaces/srv/detail/mux_delete__functions.c
-- Installing: /home/nikunj/bwi_ros2_simulation/install/topic_tools_interfaces/include/topic_tools_interfaces/topic_tools_interfaces/srv/detail/mux_add__functions.c
-- Installing: /home/nikunj/bwi_ros2_simulation/install/topic_tools_interfaces/include/topic_tools_interfaces/topic_tools_interfaces/srv/detail/mux_add__type_support.h
-- Installing: /home/nikunj/bwi_ros2_simulation/install/topic_tools_interfaces/include/topic_tools_interfaces/topic_tools_interfaces/srv/detail/mux_select__functions.c
-- Installing: /home/nikunj/bwi_ros2_simulation/install/topic_tools_interfaces/include/topic_tools_interfaces/topic_tools_interfaces/srv/detail/mux_add__struct.h
-- Installing: /home/nikunj/bwi_ros2_simulation/install/topic_tools_interfaces/include/topic_tools_interfaces/topic_tools_interfaces/srv/detail/mux_list__functions.h
-- Installing: /home/nikunj/bwi_ros2_simulation/install/topic_tools_interfaces/include/topic_tools_interfaces/topic_tools_interfaces/srv/mux_delete.h
-- Installing: /home/nikunj/bwi_ros2_simulation/install/topic_tools_interfaces/include/topic_tools_interfaces/topic_tools_interfaces/msg
-- Installing: /home/nikunj/bwi_ros2_simulation/install/topic_tools_interfaces/include/topic_tools_interfaces/topic_tools_interfaces/msg/rosidl_generator_c__visibility_control.h
-- Installing: /home/nikunj/bwi_ros2_simulation/install/topic_tools_interfaces/share/topic_tools_interfaces/environment/library_path.sh
-- Installing: /home/nikunj/bwi_ros2_simulation/install/topic_tools_interfaces/share/topic_tools_interfaces/environment/library_path.dsv
-- Installing: /home/nikunj/bwi_ros2_simulation/install/topic_tools_interfaces/lib/libtopic_tools_interfaces__rosidl_generator_c.so
-- Set runtime path of "/home/nikunj/bwi_ros2_simulation/install/topic_tools_interfaces/lib/libtopic_tools_interfaces__rosidl_generator_c.so" to ""
-- Up-to-date: /home/nikunj/bwi_ros2_simulation/install/topic_tools_interfaces/include/topic_tools_interfaces/topic_tools_interfaces
-- Up-to-date: /home/nikunj/bwi_ros2_simulation/install/topic_tools_interfaces/include/topic_tools_interfaces/topic_tools_interfaces/srv
-- Up-to-date: /home/nikunj/bwi_ros2_simulation/install/topic_tools_interfaces/include/topic_tools_interfaces/topic_tools_interfaces/srv/detail
-- Installing: /home/nikunj/bwi_ros2_simulation/install/topic_tools_interfaces/include/topic_tools_interfaces/topic_tools_interfaces/srv/detail/mux_add__rosidl_typesupport_fastrtps_c.h
-- Installing: /home/nikunj/bwi_ros2_simulation/install/topic_tools_interfaces/include/topic_tools_interfaces/topic_tools_interfaces/srv/detail/mux_delete__rosidl_typesupport_fastrtps_c.h
-- Installing: /home/nikunj/bwi_ros2_simulation/install/topic_tools_interfaces/include/topic_tools_interfaces/topic_tools_interfaces/srv/detail/mux_select__rosidl_typesupport_fastrtps_c.h
-- Installing: /home/nikunj/bwi_ros2_simulation/install/topic_tools_interfaces/include/topic_tools_interfaces/topic_tools_interfaces/srv/detail/mux_list__rosidl_typesupport_fastrtps_c.h
-- Up-to-date: /home/nikunj/bwi_ros2_simulation/install/topic_tools_interfaces/include/topic_tools_interfaces/topic_tools_interfaces/msg
-- Installing: /home/nikunj/bwi_ros2_simulation/install/topic_tools_interfaces/include/topic_tools_interfaces/topic_tools_interfaces/msg/rosidl_typesupport_fastrtps_c__visibility_control.h
-- Installing: /home/nikunj/bwi_ros2_simulation/install/topic_tools_interfaces/lib/libtopic_tools_interfaces__rosidl_typesupport_fastrtps_c.so
-- Set runtime path of "/home/nikunj/bwi_ros2_simulation/install/topic_tools_interfaces/lib/libtopic_tools_interfaces__rosidl_typesupport_fastrtps_c.so" to ""
-- Up-to-date: /home/nikunj/bwi_ros2_simulation/install/topic_tools_interfaces/include/topic_tools_interfaces/topic_tools_interfaces
-- Up-to-date: /home/nikunj/bwi_ros2_simulation/install/topic_tools_interfaces/include/topic_tools_interfaces/topic_tools_interfaces/srv
-- Up-to-date: /home/nikunj/bwi_ros2_simulation/install/topic_tools_interfaces/include/topic_tools_interfaces/topic_tools_interfaces/srv/detail
-- Installing: /home/nikunj/bwi_ros2_simulation/install/topic_tools_interfaces/include/topic_tools_interfaces/topic_tools_interfaces/srv/detail/mux_add__rosidl_typesupport_introspection_c.h
-- Installing: /home/nikunj/bwi_ros2_simulation/install/topic_tools_interfaces/include/topic_tools_interfaces/topic_tools_interfaces/srv/detail/mux_delete__type_support.c
-- Installing: /home/nikunj/bwi_ros2_simulation/install/topic_tools_interfaces/include/topic_tools_interfaces/topic_tools_interfaces/srv/detail/mux_select__type_support.c
-- Installing: /home/nikunj/bwi_ros2_simulation/install/topic_tools_interfaces/include/topic_tools_interfaces/topic_tools_interfaces/srv/detail/mux_list__rosidl_typesupport_introspection_c.h
-- Installing: /home/nikunj/bwi_ros2_simulation/install/topic_tools_interfaces/include/topic_tools_interfaces/topic_tools_interfaces/srv/detail/mux_delete__rosidl_typesupport_introspection_c.h
-- Installing: /home/nikunj/bwi_ros2_simulation/install/topic_tools_interfaces/include/topic_tools_interfaces/topic_tools_interfaces/srv/detail/mux_list__type_support.c
-- Installing: /home/nikunj/bwi_ros2_simulation/install/topic_tools_interfaces/include/topic_tools_interfaces/topic_tools_interfaces/srv/detail/mux_add__type_support.c
-- Installing: /home/nikunj/bwi_ros2_simulation/install/topic_tools_interfaces/include/topic_tools_interfaces/topic_tools_interfaces/srv/detail/mux_select__rosidl_typesupport_introspection_c.h
-- Up-to-date: /home/nikunj/bwi_ros2_simulation/install/topic_tools_interfaces/include/topic_tools_interfaces/topic_tools_interfaces/msg
-- Installing: /home/nikunj/bwi_ros2_simulation/install/topic_tools_interfaces/include/topic_tools_interfaces/topic_tools_interfaces/msg/rosidl_typesupport_introspection_c__visibility_control.h
-- Installing: /home/nikunj/bwi_ros2_simulation/install/topic_tools_interfaces/lib/libtopic_tools_interfaces__rosidl_typesupport_introspection_c.so
-- Set runtime path of "/home/nikunj/bwi_ros2_simulation/install/topic_tools_interfaces/lib/libtopic_tools_interfaces__rosidl_typesupport_introspection_c.so" to ""
-- Installing: /home/nikunj/bwi_ros2_simulation/install/topic_tools_interfaces/lib/libtopic_tools_interfaces__rosidl_typesupport_c.so
-- Set runtime path of "/home/nikunj/bwi_ros2_simulation/install/topic_tools_interfaces/lib/libtopic_tools_interfaces__rosidl_typesupport_c.so" to ""
-- Up-to-date: /home/nikunj/bwi_ros2_simulation/install/topic_tools_interfaces/include/topic_tools_interfaces/topic_tools_interfaces
-- Up-to-date: /home/nikunj/bwi_ros2_simulation/install/topic_tools_interfaces/include/topic_tools_interfaces/topic_tools_interfaces/srv
-- Installing: /home/nikunj/bwi_ros2_simulation/install/topic_tools_interfaces/include/topic_tools_interfaces/topic_tools_interfaces/srv/mux_add.hpp
-- Installing: /home/nikunj/bwi_ros2_simulation/install/topic_tools_interfaces/include/topic_tools_interfaces/topic_tools_interfaces/srv/mux_select.hpp
-- Up-to-date: /home/nikunj/bwi_ros2_simulation/install/topic_tools_interfaces/include/topic_tools_interfaces/topic_tools_interfaces/srv/detail
-- Installing: /home/nikunj/bwi_ros2_simulation/install/topic_tools_interfaces/include/topic_tools_interfaces/topic_tools_interfaces/srv/detail/mux_list__traits.hpp
-- Installing: /home/nikunj/bwi_ros2_simulation/install/topic_tools_interfaces/include/topic_tools_interfaces/topic_tools_interfaces/srv/detail/mux_select__struct.hpp
-- Installing: /home/nikunj/bwi_ros2_simulation/install/topic_tools_interfaces/include/topic_tools_interfaces/topic_tools_interfaces/srv/detail/mux_list__type_support.hpp
-- Installing: /home/nikunj/bwi_ros2_simulation/install/topic_tools_interfaces/include/topic_tools_interfaces/topic_tools_interfaces/srv/detail/mux_select__type_support.hpp
-- Installing: /home/nikunj/bwi_ros2_simulation/install/topic_tools_interfaces/include/topic_tools_interfaces/topic_tools_interfaces/srv/detail/mux_select__builder.hpp
-- Installing: /home/nikunj/bwi_ros2_simulation/install/topic_tools_interfaces/include/topic_tools_interfaces/topic_tools_interfaces/srv/detail/mux_add__traits.hpp
-- Installing: /home/nikunj/bwi_ros2_simulation/install/topic_tools_interfaces/include/topic_tools_interfaces/topic_tools_interfaces/srv/detail/mux_delete__builder.hpp
-- Installing: /home/nikunj/bwi_ros2_simulation/install/topic_tools_interfaces/include/topic_tools_interfaces/topic_tools_interfaces/srv/detail/mux_add__type_support.hpp
-- Installing: /home/nikunj/bwi_ros2_simulation/install/topic_tools_interfaces/include/topic_tools_interfaces/topic_tools_interfaces/srv/detail/mux_delete__struct.hpp
-- Installing: /home/nikunj/bwi_ros2_simulation/install/topic_tools_interfaces/include/topic_tools_interfaces/topic_tools_interfaces/srv/detail/mux_list__builder.hpp
-- Installing: /home/nikunj/bwi_ros2_simulation/install/topic_tools_interfaces/include/topic_tools_interfaces/topic_tools_interfaces/srv/detail/mux_delete__traits.hpp
-- Installing: /home/nikunj/bwi_ros2_simulation/install/topic_tools_interfaces/include/topic_tools_interfaces/topic_tools_interfaces/srv/detail/mux_delete__type_support.hpp
-- Installing: /home/nikunj/bwi_ros2_simulation/install/topic_tools_interfaces/include/topic_tools_interfaces/topic_tools_interfaces/srv/detail/mux_list__struct.hpp
-- Installing: /home/nikunj/bwi_ros2_simulation/install/topic_tools_interfaces/include/topic_tools_interfaces/topic_tools_interfaces/srv/detail/mux_add__builder.hpp
-- Installing: /home/nikunj/bwi_ros2_simulation/install/topic_tools_interfaces/include/topic_tools_interfaces/topic_tools_interfaces/srv/detail/mux_select__traits.hpp
-- Installing: /home/nikunj/bwi_ros2_simulation/install/topic_tools_interfaces/include/topic_tools_interfaces/topic_tools_interfaces/srv/detail/mux_add__struct.hpp
-- Installing: /home/nikunj/bwi_ros2_simulation/install/topic_tools_interfaces/include/topic_tools_interfaces/topic_tools_interfaces/srv/mux_list.hpp
-- Installing: /home/nikunj/bwi_ros2_simulation/install/topic_tools_interfaces/include/topic_tools_interfaces/topic_tools_interfaces/srv/mux_delete.hpp
-- Up-to-date: /home/nikunj/bwi_ros2_simulation/install/topic_tools_interfaces/include/topic_tools_interfaces/topic_tools_interfaces/msg
-- Installing: /home/nikunj/bwi_ros2_simulation/install/topic_tools_interfaces/include/topic_tools_interfaces/topic_tools_interfaces/msg/rosidl_generator_cpp__visibility_control.hpp
-- Up-to-date: /home/nikunj/bwi_ros2_simulation/install/topic_tools_interfaces/include/topic_tools_interfaces/topic_tools_interfaces
-- Up-to-date: /home/nikunj/bwi_ros2_simulation/install/topic_tools_interfaces/include/topic_tools_interfaces/topic_tools_interfaces/srv
-- Up-to-date: /home/nikunj/bwi_ros2_simulation/install/topic_tools_interfaces/include/topic_tools_interfaces/topic_tools_interfaces/srv/detail
-- Installing: /home/nikunj/bwi_ros2_simulation/install/topic_tools_interfaces/include/topic_tools_interfaces/topic_tools_interfaces/srv/detail/mux_delete__rosidl_typesupport_fastrtps_cpp.hpp
-- Installing: /home/nikunj/bwi_ros2_simulation/install/topic_tools_interfaces/include/topic_tools_interfaces/topic_tools_interfaces/srv/detail/mux_list__rosidl_typesupport_fastrtps_cpp.hpp
-- Installing: /home/nikunj/bwi_ros2_simulation/install/topic_tools_interfaces/include/topic_tools_interfaces/topic_tools_interfaces/srv/detail/mux_select__rosidl_typesupport_fastrtps_cpp.hpp
-- Installing: /home/nikunj/bwi_ros2_simulation/install/topic_tools_interfaces/include/topic_tools_interfaces/topic_tools_interfaces/srv/detail/dds_fastrtps
-- Installing: /home/nikunj/bwi_ros2_simulation/install/topic_tools_interfaces/include/topic_tools_interfaces/topic_tools_interfaces/srv/detail/mux_add__rosidl_typesupport_fastrtps_cpp.hpp
-- Up-to-date: /home/nikunj/bwi_ros2_simulation/install/topic_tools_interfaces/include/topic_tools_interfaces/topic_tools_interfaces/msg
-- Installing: /home/nikunj/bwi_ros2_simulation/install/topic_tools_interfaces/include/topic_tools_interfaces/topic_tools_interfaces/msg/rosidl_typesupport_fastrtps_cpp__visibility_control.h
-- Installing: /home/nikunj/bwi_ros2_simulation/install/topic_tools_interfaces/lib/libtopic_tools_interfaces__rosidl_typesupport_fastrtps_cpp.so
-- Set runtime path of "/home/nikunj/bwi_ros2_simulation/install/topic_tools_interfaces/lib/libtopic_tools_interfaces__rosidl_typesupport_fastrtps_cpp.so" to ""
-- Up-to-date: /home/nikunj/bwi_ros2_simulation/install/topic_tools_interfaces/include/topic_tools_interfaces/topic_tools_interfaces
-- Up-to-date: /home/nikunj/bwi_ros2_simulation/install/topic_tools_interfaces/include/topic_tools_interfaces/topic_tools_interfaces/srv
-- Up-to-date: /home/nikunj/bwi_ros2_simulation/install/topic_tools_interfaces/include/topic_tools_interfaces/topic_tools_interfaces/srv/detail
-- Installing: /home/nikunj/bwi_ros2_simulation/install/topic_tools_interfaces/include/topic_tools_interfaces/topic_tools_interfaces/srv/detail/mux_list__type_support.cpp
-- Installing: /home/nikunj/bwi_ros2_simulation/install/topic_tools_interfaces/include/topic_tools_interfaces/topic_tools_interfaces/srv/detail/mux_add__type_support.cpp
-- Installing: /home/nikunj/bwi_ros2_simulation/install/topic_tools_interfaces/include/topic_tools_interfaces/topic_tools_interfaces/srv/detail/mux_delete__rosidl_typesupport_introspection_cpp.hpp
-- Installing: /home/nikunj/bwi_ros2_simulation/install/topic_tools_interfaces/include/topic_tools_interfaces/topic_tools_interfaces/srv/detail/mux_delete__type_support.cpp
-- Installing: /home/nikunj/bwi_ros2_simulation/install/topic_tools_interfaces/include/topic_tools_interfaces/topic_tools_interfaces/srv/detail/mux_list__rosidl_typesupport_introspection_cpp.hpp
-- Installing: /home/nikunj/bwi_ros2_simulation/install/topic_tools_interfaces/include/topic_tools_interfaces/topic_tools_interfaces/srv/detail/mux_add__rosidl_typesupport_introspection_cpp.hpp
-- Installing: /home/nikunj/bwi_ros2_simulation/install/topic_tools_interfaces/include/topic_tools_interfaces/topic_tools_interfaces/srv/detail/mux_select__type_support.cpp
-- Installing: /home/nikunj/bwi_ros2_simulation/install/topic_tools_interfaces/include/topic_tools_interfaces/topic_tools_interfaces/srv/detail/mux_select__rosidl_typesupport_introspection_cpp.hpp
-- Installing: /home/nikunj/bwi_ros2_simulation/install/topic_tools_interfaces/lib/libtopic_tools_interfaces__rosidl_typesupport_introspection_cpp.so
-- Set runtime path of "/home/nikunj/bwi_ros2_simulation/install/topic_tools_interfaces/lib/libtopic_tools_interfaces__rosidl_typesupport_introspection_cpp.so" to ""
-- Installing: /home/nikunj/bwi_ros2_simulation/install/topic_tools_interfaces/lib/libtopic_tools_interfaces__rosidl_typesupport_cpp.so
-- Set runtime path of "/home/nikunj/bwi_ros2_simulation/install/topic_tools_interfaces/lib/libtopic_tools_interfaces__rosidl_typesupport_cpp.so" to ""
-- Installing: /home/nikunj/bwi_ros2_simulation/install/topic_tools_interfaces/share/topic_tools_interfaces/environment/pythonpath.sh
-- Installing: /home/nikunj/bwi_ros2_simulation/install/topic_tools_interfaces/share/topic_tools_interfaces/environment/pythonpath.dsv
-- Installing: /home/nikunj/bwi_ros2_simulation/install/topic_tools_interfaces/local/lib/python3.10/dist-packages/topic_tools_interfaces-1.1.1-py3.10.egg-info
-- Installing: /home/nikunj/bwi_ros2_simulation/install/topic_tools_interfaces/local/lib/python3.10/dist-packages/topic_tools_interfaces-1.1.1-py3.10.egg-info/dependency_links.txt
-- Installing: /home/nikunj/bwi_ros2_simulation/install/topic_tools_interfaces/local/lib/python3.10/dist-packages/topic_tools_interfaces-1.1.1-py3.10.egg-info/top_level.txt
-- Installing: /home/nikunj/bwi_ros2_simulation/install/topic_tools_interfaces/local/lib/python3.10/dist-packages/topic_tools_interfaces-1.1.1-py3.10.egg-info/PKG-INFO
-- Installing: /home/nikunj/bwi_ros2_simulation/install/topic_tools_interfaces/local/lib/python3.10/dist-packages/topic_tools_interfaces-1.1.1-py3.10.egg-info/SOURCES.txt
-- Installing: /home/nikunj/bwi_ros2_simulation/install/topic_tools_interfaces/local/lib/python3.10/dist-packages/topic_tools_interfaces
-- Installing: /home/nikunj/bwi_ros2_simulation/install/topic_tools_interfaces/local/lib/python3.10/dist-packages/topic_tools_interfaces/topic_tools_interfaces_s__rosidl_typesupport_introspection_c.cpython-310-x86_64-linux-gnu.so
-- Installing: /home/nikunj/bwi_ros2_simulation/install/topic_tools_interfaces/local/lib/python3.10/dist-packages/topic_tools_interfaces/_topic_tools_interfaces_s.ep.rosidl_typesupport_c.c
-- Installing: /home/nikunj/bwi_ros2_simulation/install/topic_tools_interfaces/local/lib/python3.10/dist-packages/topic_tools_interfaces/_topic_tools_interfaces_s.ep.rosidl_typesupport_introspection_c.c
-- Installing: /home/nikunj/bwi_ros2_simulation/install/topic_tools_interfaces/local/lib/python3.10/dist-packages/topic_tools_interfaces/topic_tools_interfaces_s__rosidl_typesupport_c.cpython-310-x86_64-linux-gnu.so
-- Installing: /home/nikunj/bwi_ros2_simulation/install/topic_tools_interfaces/local/lib/python3.10/dist-packages/topic_tools_interfaces/topic_tools_interfaces_s__rosidl_typesupport_fastrtps_c.cpython-310-x86_64-linux-gnu.so
-- Installing: /home/nikunj/bwi_ros2_simulation/install/topic_tools_interfaces/local/lib/python3.10/dist-packages/topic_tools_interfaces/__init__.py
-- Installing: /home/nikunj/bwi_ros2_simulation/install/topic_tools_interfaces/local/lib/python3.10/dist-packages/topic_tools_interfaces/_topic_tools_interfaces_s.ep.rosidl_typesupport_fastrtps_c.c
-- Installing: /home/nikunj/bwi_ros2_simulation/install/topic_tools_interfaces/local/lib/python3.10/dist-packages/topic_tools_interfaces/libtopic_tools_interfaces__rosidl_generator_py.so
-- Installing: /home/nikunj/bwi_ros2_simulation/install/topic_tools_interfaces/local/lib/python3.10/dist-packages/topic_tools_interfaces/srv
-- Installing: /home/nikunj/bwi_ros2_simulation/install/topic_tools_interfaces/local/lib/python3.10/dist-packages/topic_tools_interfaces/srv/_mux_list_s.c
-- Installing: /home/nikunj/bwi_ros2_simulation/install/topic_tools_interfaces/local/lib/python3.10/dist-packages/topic_tools_interfaces/srv/_mux_select.py
-- Installing: /home/nikunj/bwi_ros2_simulation/install/topic_tools_interfaces/local/lib/python3.10/dist-packages/topic_tools_interfaces/srv/_mux_add.py
-- Installing: /home/nikunj/bwi_ros2_simulation/install/topic_tools_interfaces/local/lib/python3.10/dist-packages/topic_tools_interfaces/srv/_mux_delete_s.c
-- Installing: /home/nikunj/bwi_ros2_simulation/install/topic_tools_interfaces/local/lib/python3.10/dist-packages/topic_tools_interfaces/srv/_mux_select_s.c
-- Installing: /home/nikunj/bwi_ros2_simulation/install/topic_tools_interfaces/local/lib/python3.10/dist-packages/topic_tools_interfaces/srv/_mux_list.py
-- Installing: /home/nikunj/bwi_ros2_simulation/install/topic_tools_interfaces/local/lib/python3.10/dist-packages/topic_tools_interfaces/srv/_mux_delete.py
-- Installing: /home/nikunj/bwi_ros2_simulation/install/topic_tools_interfaces/local/lib/python3.10/dist-packages/topic_tools_interfaces/srv/__init__.py
-- Installing: /home/nikunj/bwi_ros2_simulation/install/topic_tools_interfaces/local/lib/python3.10/dist-packages/topic_tools_interfaces/srv/_mux_add_s.c
Listing '/home/nikunj/bwi_ros2_simulation/install/topic_tools_interfaces/local/lib/python3.10/dist-packages/topic_tools_interfaces'...
Compiling '/home/nikunj/bwi_ros2_simulation/install/topic_tools_interfaces/local/lib/python3.10/dist-packages/topic_tools_interfaces/__init__.py'...
Listing '/home/nikunj/bwi_ros2_simulation/install/topic_tools_interfaces/local/lib/python3.10/dist-packages/topic_tools_interfaces/srv'...
Compiling '/home/nikunj/bwi_ros2_simulation/install/topic_tools_interfaces/local/lib/python3.10/dist-packages/topic_tools_interfaces/srv/__init__.py'...
Compiling '/home/nikunj/bwi_ros2_simulation/install/topic_tools_interfaces/local/lib/python3.10/dist-packages/topic_tools_interfaces/srv/_mux_add.py'...
Compiling '/home/nikunj/bwi_ros2_simulation/install/topic_tools_interfaces/local/lib/python3.10/dist-packages/topic_tools_interfaces/srv/_mux_delete.py'...
Compiling '/home/nikunj/bwi_ros2_simulation/install/topic_tools_interfaces/local/lib/python3.10/dist-packages/topic_tools_interfaces/srv/_mux_list.py'...
Compiling '/home/nikunj/bwi_ros2_simulation/install/topic_tools_interfaces/local/lib/python3.10/dist-packages/topic_tools_interfaces/srv/_mux_select.py'...
-- Installing: /home/nikunj/bwi_ros2_simulation/install/topic_tools_interfaces/local/lib/python3.10/dist-packages/topic_tools_interfaces/topic_tools_interfaces_s__rosidl_typesupport_fastrtps_c.cpython-310-x86_64-linux-gnu.so
-- Set runtime path of "/home/nikunj/bwi_ros2_simulation/install/topic_tools_interfaces/local/lib/python3.10/dist-packages/topic_tools_interfaces/topic_tools_interfaces_s__rosidl_typesupport_fastrtps_c.cpython-310-x86_64-linux-gnu.so" to ""
-- Installing: /home/nikunj/bwi_ros2_simulation/install/topic_tools_interfaces/local/lib/python3.10/dist-packages/topic_tools_interfaces/topic_tools_interfaces_s__rosidl_typesupport_introspection_c.cpython-310-x86_64-linux-gnu.so
-- Set runtime path of "/home/nikunj/bwi_ros2_simulation/install/topic_tools_interfaces/local/lib/python3.10/dist-packages/topic_tools_interfaces/topic_tools_interfaces_s__rosidl_typesupport_introspection_c.cpython-310-x86_64-linux-gnu.so" to ""
-- Installing: /home/nikunj/bwi_ros2_simulation/install/topic_tools_interfaces/local/lib/python3.10/dist-packages/topic_tools_interfaces/topic_tools_interfaces_s__rosidl_typesupport_c.cpython-310-x86_64-linux-gnu.so
-- Set runtime path of "/home/nikunj/bwi_ros2_simulation/install/topic_tools_interfaces/local/lib/python3.10/dist-packages/topic_tools_interfaces/topic_tools_interfaces_s__rosidl_typesupport_c.cpython-310-x86_64-linux-gnu.so" to ""
-- Installing: /home/nikunj/bwi_ros2_simulation/install/topic_tools_interfaces/lib/libtopic_tools_interfaces__rosidl_generator_py.so
-- Set runtime path of "/home/nikunj/bwi_ros2_simulation/install/topic_tools_interfaces/lib/libtopic_tools_interfaces__rosidl_generator_py.so" to ""
-- Installing: /home/nikunj/bwi_ros2_simulation/install/topic_tools_interfaces/share/topic_tools_interfaces/srv/MuxAdd.idl
-- Installing: /home/nikunj/bwi_ros2_simulation/install/topic_tools_interfaces/share/topic_tools_interfaces/srv/MuxDelete.idl
-- Installing: /home/nikunj/bwi_ros2_simulation/install/topic_tools_interfaces/share/topic_tools_interfaces/srv/MuxList.idl
-- Installing: /home/nikunj/bwi_ros2_simulation/install/topic_tools_interfaces/share/topic_tools_interfaces/srv/MuxSelect.idl
-- Installing: /home/nikunj/bwi_ros2_simulation/install/topic_tools_interfaces/share/topic_tools_interfaces/srv/MuxAdd.srv
-- Installing: /home/nikunj/bwi_ros2_simulation/install/topic_tools_interfaces/share/topic_tools_interfaces/srv/MuxAdd_Request.msg
-- Installing: /home/nikunj/bwi_ros2_simulation/install/topic_tools_interfaces/share/topic_tools_interfaces/srv/MuxAdd_Response.msg
-- Installing: /home/nikunj/bwi_ros2_simulation/install/topic_tools_interfaces/share/topic_tools_interfaces/srv/MuxDelete.srv
-- Installing: /home/nikunj/bwi_ros2_simulation/install/topic_tools_interfaces/share/topic_tools_interfaces/srv/MuxDelete_Request.msg
-- Installing: /home/nikunj/bwi_ros2_simulation/install/topic_tools_interfaces/share/topic_tools_interfaces/srv/MuxDelete_Response.msg
-- Installing: /home/nikunj/bwi_ros2_simulation/install/topic_tools_interfaces/share/topic_tools_interfaces/srv/MuxList.srv
-- Installing: /home/nikunj/bwi_ros2_simulation/install/topic_tools_interfaces/share/topic_tools_interfaces/srv/MuxList_Request.msg
-- Installing: /home/nikunj/bwi_ros2_simulation/install/topic_tools_interfaces/share/topic_tools_interfaces/srv/MuxList_Response.msg
-- Installing: /home/nikunj/bwi_ros2_simulation/install/topic_tools_interfaces/share/topic_tools_interfaces/srv/MuxSelect.srv
-- Installing: /home/nikunj/bwi_ros2_simulation/install/topic_tools_interfaces/share/topic_tools_interfaces/srv/MuxSelect_Request.msg
-- Installing: /home/nikunj/bwi_ros2_simulation/install/topic_tools_interfaces/share/topic_tools_interfaces/srv/MuxSelect_Response.msg
-- Installing: /home/nikunj/bwi_ros2_simulation/install/topic_tools_interfaces/share/ament_index/resource_index/package_run_dependencies/topic_tools_interfaces
-- Installing: /home/nikunj/bwi_ros2_simulation/install/topic_tools_interfaces/share/ament_index/resource_index/parent_prefix_path/topic_tools_interfaces
-- Installing: /home/nikunj/bwi_ros2_simulation/install/topic_tools_interfaces/share/topic_tools_interfaces/environment/ament_prefix_path.sh
-- Installing: /home/nikunj/bwi_ros2_simulation/install/topic_tools_interfaces/share/topic_tools_interfaces/environment/ament_prefix_path.dsv
-- Installing: /home/nikunj/bwi_ros2_simulation/install/topic_tools_interfaces/share/topic_tools_interfaces/environment/path.sh
-- Installing: /home/nikunj/bwi_ros2_simulation/install/topic_tools_interfaces/share/topic_tools_interfaces/environment/path.dsv
-- Installing: /home/nikunj/bwi_ros2_simulation/install/topic_tools_interfaces/share/topic_tools_interfaces/local_setup.bash
-- Installing: /home/nikunj/bwi_ros2_simulation/install/topic_tools_interfaces/share/topic_tools_interfaces/local_setup.sh
-- Installing: /home/nikunj/bwi_ros2_simulation/install/topic_tools_interfaces/share/topic_tools_interfaces/local_setup.zsh
-- Installing: /home/nikunj/bwi_ros2_simulation/install/topic_tools_interfaces/share/topic_tools_interfaces/local_setup.dsv
-- Installing: /home/nikunj/bwi_ros2_simulation/install/topic_tools_interfaces/share/topic_tools_interfaces/package.dsv
-- Installing: /home/nikunj/bwi_ros2_simulation/install/topic_tools_interfaces/share/ament_index/resource_index/packages/topic_tools_interfaces
-- Installing: /home/nikunj/bwi_ros2_simulation/install/topic_tools_interfaces/share/topic_tools_interfaces/cmake/export_topic_tools_interfaces__rosidl_generator_cExport.cmake
-- Installing: /home/nikunj/bwi_ros2_simulation/install/topic_tools_interfaces/share/topic_tools_interfaces/cmake/export_topic_tools_interfaces__rosidl_generator_cExport-noconfig.cmake
-- Installing: /home/nikunj/bwi_ros2_simulation/install/topic_tools_interfaces/share/topic_tools_interfaces/cmake/export_topic_tools_interfaces__rosidl_typesupport_fastrtps_cExport.cmake
-- Installing: /home/nikunj/bwi_ros2_simulation/install/topic_tools_interfaces/share/topic_tools_interfaces/cmake/export_topic_tools_interfaces__rosidl_typesupport_fastrtps_cExport-noconfig.cmake
-- Installing: /home/nikunj/bwi_ros2_simulation/install/topic_tools_interfaces/share/topic_tools_interfaces/cmake/topic_tools_interfaces__rosidl_typesupport_introspection_cExport.cmake
-- Installing: /home/nikunj/bwi_ros2_simulation/install/topic_tools_interfaces/share/topic_tools_interfaces/cmake/topic_tools_interfaces__rosidl_typesupport_introspection_cExport-noconfig.cmake
-- Installing: /home/nikunj/bwi_ros2_simulation/install/topic_tools_interfaces/share/topic_tools_interfaces/cmake/topic_tools_interfaces__rosidl_typesupport_cExport.cmake
-- Installing: /home/nikunj/bwi_ros2_simulation/install/topic_tools_interfaces/share/topic_tools_interfaces/cmake/topic_tools_interfaces__rosidl_typesupport_cExport-noconfig.cmake
-- Installing: /home/nikunj/bwi_ros2_simulation/install/topic_tools_interfaces/share/topic_tools_interfaces/cmake/export_topic_tools_interfaces__rosidl_generator_cppExport.cmake
-- Installing: /home/nikunj/bwi_ros2_simulation/install/topic_tools_interfaces/share/topic_tools_interfaces/cmake/export_topic_tools_interfaces__rosidl_typesupport_fastrtps_cppExport.cmake
-- Installing: /home/nikunj/bwi_ros2_simulation/install/topic_tools_interfaces/share/topic_tools_interfaces/cmake/export_topic_tools_interfaces__rosidl_typesupport_fastrtps_cppExport-noconfig.cmake
-- Installing: /home/nikunj/bwi_ros2_simulation/install/topic_tools_interfaces/share/topic_tools_interfaces/cmake/topic_tools_interfaces__rosidl_typesupport_introspection_cppExport.cmake
-- Installing: /home/nikunj/bwi_ros2_simulation/install/topic_tools_interfaces/share/topic_tools_interfaces/cmake/topic_tools_interfaces__rosidl_typesupport_introspection_cppExport-noconfig.cmake
-- Installing: /home/nikunj/bwi_ros2_simulation/install/topic_tools_interfaces/share/topic_tools_interfaces/cmake/topic_tools_interfaces__rosidl_typesupport_cppExport.cmake
-- Installing: /home/nikunj/bwi_ros2_simulation/install/topic_tools_interfaces/share/topic_tools_interfaces/cmake/topic_tools_interfaces__rosidl_typesupport_cppExport-noconfig.cmake
-- Installing: /home/nikunj/bwi_ros2_simulation/install/topic_tools_interfaces/share/topic_tools_interfaces/cmake/export_topic_tools_interfaces__rosidl_generator_pyExport.cmake
-- Installing: /home/nikunj/bwi_ros2_simulation/install/topic_tools_interfaces/share/topic_tools_interfaces/cmake/export_topic_tools_interfaces__rosidl_generator_pyExport-noconfig.cmake
-- Installing: /home/nikunj/bwi_ros2_simulation/install/topic_tools_interfaces/share/topic_tools_interfaces/cmake/rosidl_cmake-extras.cmake
-- Installing: /home/nikunj/bwi_ros2_simulation/install/topic_tools_interfaces/share/topic_tools_interfaces/cmake/ament_cmake_export_dependencies-extras.cmake
-- Installing: /home/nikunj/bwi_ros2_simulation/install/topic_tools_interfaces/share/topic_tools_interfaces/cmake/ament_cmake_export_include_directories-extras.cmake
-- Installing: /home/nikunj/bwi_ros2_simulation/install/topic_tools_interfaces/share/topic_tools_interfaces/cmake/ament_cmake_export_libraries-extras.cmake
-- Installing: /home/nikunj/bwi_ros2_simulation/install/topic_tools_interfaces/share/topic_tools_interfaces/cmake/ament_cmake_export_targets-extras.cmake
-- Installing: /home/nikunj/bwi_ros2_simulation/install/topic_tools_interfaces/share/topic_tools_interfaces/cmake/rosidl_cmake_export_typesupport_targets-extras.cmake
-- Installing: /home/nikunj/bwi_ros2_simulation/install/topic_tools_interfaces/share/topic_tools_interfaces/cmake/rosidl_cmake_export_typesupport_libraries-extras.cmake
-- Installing: /home/nikunj/bwi_ros2_simulation/install/topic_tools_interfaces/share/topic_tools_interfaces/cmake/topic_tools_interfacesConfig.cmake
-- Installing: /home/nikunj/bwi_ros2_simulation/install/topic_tools_interfaces/share/topic_tools_interfaces/cmake/topic_tools_interfacesConfig-version.cmake
-- Installing: /home/nikunj/bwi_ros2_simulation/install/topic_tools_interfaces/share/topic_tools_interfaces/package.xml
