[0.043s] Invoking command in '/home/nikunj/bwi_ros2_simulation/build/topic_tools_interfaces': CMAKE_PREFIX_PATH=${CMAKE_PREFIX_PATH}:/home/nikunj/bwi_ros2_simulation/install/test_odom:/home/nikunj/bwi_ros2_simulation/install/test_cmaes:/home/nikunj/bwi_ros2_simulation/install/teleop_multi_robot:/home/nikunj/bwi_ros2_simulation/install/scan_filter:/home/nikunj/bwi_ros2_simulation/install/odom_tf_publisher:/home/nikunj/bwi_ros2_simulation/install/lwr_comms_client:/home/nikunj/bwi_ros2_simulation/install/kinect_data_collector:/home/nikunj/bwi_ros2_simulation/install/keep_alive_pkg:/home/nikunj/bwi_ros2_simulation/install/collision_monitor:/home/nikunj/bwi_ros2_simulation/install/bwi_tools:/home/nikunj/bwi_ros2_simulation/install/bwi_tasks:/home/nikunj/bwi_ros2_simulation/install/bwi_reset:/home/nikunj/bwi_ros2_simulation/install/bwi_perc:/home/nikunj/bwi_ros2_simulation/install/bwi_hallucination:/opt/ros/humble /usr/bin/cmake /home/nikunj/bwi_ros2_simulation/src/topic_tools/topic_tools_interfaces -DCMAKE_INSTALL_PREFIX=/home/nikunj/bwi_ros2_simulation/install/topic_tools_interfaces
[1.094s] -- The C compiler identification is GNU 11.4.0
[1.094s] -- The CXX compiler identification is GNU 11.4.0
[1.094s] -- Detecting C compiler ABI info
[1.094s] -- Detecting C compiler ABI info - done
[1.094s] -- Check for working C compiler: /usr/bin/cc - skipped
[1.094s] -- Detecting C compile features
[1.094s] -- Detecting C compile features - done
[1.094s] -- Detecting CXX compiler ABI info
[1.094s] -- Detecting CXX compiler ABI info - done
[1.094s] -- Check for working CXX compiler: /usr/bin/c++ - skipped
[1.094s] -- Detecting CXX compile features
[1.094s] -- Detecting CXX compile features - done
[1.094s] -- Found ament_cmake_auto: 1.3.12 (/opt/ros/humble/share/ament_cmake_auto/cmake)
[1.094s] -- Found Python3: /usr/bin/python3 (found version "3.10.12") found components: Interpreter 
[1.094s] -- Using all available rosidl_typesupport_c: rosidl_typesupport_fastrtps_c;rosidl_typesupport_introspection_c
[1.094s] -- Found rosidl_adapter: 3.1.7 (/opt/ros/humble/share/rosidl_adapter/cmake)
[1.094s] -- Using all available rosidl_typesupport_cpp: rosidl_typesupport_fastrtps_cpp;rosidl_typesupport_introspection_cpp
[1.094s] -- Found ament_cmake_ros: 0.10.0 (/opt/ros/humble/share/ament_cmake_ros/cmake)
[1.094s] -- Using all available rosidl_typesupport_c: rosidl_typesupport_fastrtps_c;rosidl_typesupport_introspection_c
[1.094s] -- Using all available rosidl_typesupport_cpp: rosidl_typesupport_fastrtps_cpp;rosidl_typesupport_introspection_cpp
[1.094s] -- Found PythonInterp: /usr/bin/python3 (found suitable version "3.10.12", minimum required is "3.6") 
[1.094s] -- Found python_cmake_module: 0.10.0 (/opt/ros/humble/share/python_cmake_module/cmake)
[1.094s] -- Found PythonLibs: /usr/lib/x86_64-linux-gnu/libpython3.10.so (found suitable version "3.10.12", minimum required is "3.5") 
[1.094s] -- Using PYTHON_EXECUTABLE: /usr/bin/python3
[1.094s] -- Using PYTHON_INCLUDE_DIRS: /usr/include/python3.10
[1.094s] -- Using PYTHON_LIBRARIES: /usr/lib/x86_64-linux-gnu/libpython3.10.so
[1.094s] -- Found PythonExtra: .so  
[1.094s] -- Found ament_lint_auto: 0.12.14 (/opt/ros/humble/share/ament_lint_auto/cmake)
[1.094s] -- Added test 'copyright' to check source files copyright and LICENSE
[1.094s] -- Added test 'lint_cmake' to check CMake code style
[1.094s] -- Added test 'xmllint' to check XML markup files
[1.094s] -- Configuring done
[1.094s] -- Generating done
[1.099s] -- Build files have been written to: /home/nikunj/bwi_ros2_simulation/build/topic_tools_interfaces
[1.125s] Invoked command in '/home/nikunj/bwi_ros2_simulation/build/topic_tools_interfaces' returned '0': CMAKE_PREFIX_PATH=${CMAKE_PREFIX_PATH}:/home/nikunj/bwi_ros2_simulation/install/test_odom:/home/nikunj/bwi_ros2_simulation/install/test_cmaes:/home/nikunj/bwi_ros2_simulation/install/teleop_multi_robot:/home/nikunj/bwi_ros2_simulation/install/scan_filter:/home/nikunj/bwi_ros2_simulation/install/odom_tf_publisher:/home/nikunj/bwi_ros2_simulation/install/lwr_comms_client:/home/nikunj/bwi_ros2_simulation/install/kinect_data_collector:/home/nikunj/bwi_ros2_simulation/install/keep_alive_pkg:/home/nikunj/bwi_ros2_simulation/install/collision_monitor:/home/nikunj/bwi_ros2_simulation/install/bwi_tools:/home/nikunj/bwi_ros2_simulation/install/bwi_tasks:/home/nikunj/bwi_ros2_simulation/install/bwi_reset:/home/nikunj/bwi_ros2_simulation/install/bwi_perc:/home/nikunj/bwi_ros2_simulation/install/bwi_hallucination:/opt/ros/humble /usr/bin/cmake /home/nikunj/bwi_ros2_simulation/src/topic_tools/topic_tools_interfaces -DCMAKE_INSTALL_PREFIX=/home/nikunj/bwi_ros2_simulation/install/topic_tools_interfaces
[1.127s] Invoking command in '/home/nikunj/bwi_ros2_simulation/build/topic_tools_interfaces': CMAKE_PREFIX_PATH=${CMAKE_PREFIX_PATH}:/home/nikunj/bwi_ros2_simulation/install/test_odom:/home/nikunj/bwi_ros2_simulation/install/test_cmaes:/home/nikunj/bwi_ros2_simulation/install/teleop_multi_robot:/home/nikunj/bwi_ros2_simulation/install/scan_filter:/home/nikunj/bwi_ros2_simulation/install/odom_tf_publisher:/home/nikunj/bwi_ros2_simulation/install/lwr_comms_client:/home/nikunj/bwi_ros2_simulation/install/kinect_data_collector:/home/nikunj/bwi_ros2_simulation/install/keep_alive_pkg:/home/nikunj/bwi_ros2_simulation/install/collision_monitor:/home/nikunj/bwi_ros2_simulation/install/bwi_tools:/home/nikunj/bwi_ros2_simulation/install/bwi_tasks:/home/nikunj/bwi_ros2_simulation/install/bwi_reset:/home/nikunj/bwi_ros2_simulation/install/bwi_perc:/home/nikunj/bwi_ros2_simulation/install/bwi_hallucination:/opt/ros/humble /usr/bin/cmake --build /home/nikunj/bwi_ros2_simulation/build/topic_tools_interfaces -- -j32 -l32
[1.186s] [  1%] [34m[1mGenerating C code for ROS interfaces[0m
[1.186s] [  3%] [34m[1mGenerating C++ code for ROS interfaces[0m
[1.222s] [  3%] Built target ament_cmake_python_copy_topic_tools_interfaces
[1.596s] running egg_info
[1.597s] creating topic_tools_interfaces.egg-info
[1.597s] writing topic_tools_interfaces.egg-info/PKG-INFO
[1.597s] writing dependency_links to topic_tools_interfaces.egg-info/dependency_links.txt
[1.597s] writing top-level names to topic_tools_interfaces.egg-info/top_level.txt
[1.598s] writing manifest file 'topic_tools_interfaces.egg-info/SOURCES.txt'
[1.600s] reading manifest file 'topic_tools_interfaces.egg-info/SOURCES.txt'
[1.604s] writing manifest file 'topic_tools_interfaces.egg-info/SOURCES.txt'
[1.642s] [  3%] Built target ament_cmake_python_build_topic_tools_interfaces_egg
[1.742s] [  5%] [32mBuilding C object CMakeFiles/topic_tools_interfaces__rosidl_generator_c.dir/rosidl_generator_c/topic_tools_interfaces/srv/detail/mux_add__functions.c.o[0m
[1.744s] [ 10%] [32mBuilding C object CMakeFiles/topic_tools_interfaces__rosidl_generator_c.dir/rosidl_generator_c/topic_tools_interfaces/srv/detail/mux_list__functions.c.o[0m
[1.744s] [ 10%] [32mBuilding C object CMakeFiles/topic_tools_interfaces__rosidl_generator_c.dir/rosidl_generator_c/topic_tools_interfaces/srv/detail/mux_select__functions.c.o[0m
[1.744s] [ 10%] [32mBuilding C object CMakeFiles/topic_tools_interfaces__rosidl_generator_c.dir/rosidl_generator_c/topic_tools_interfaces/srv/detail/mux_delete__functions.c.o[0m
[1.805s] [ 10%] Built target topic_tools_interfaces__cpp
[1.814s] [ 12%] [34m[1mGenerating C++ introspection for ROS interfaces[0m
[1.816s] [ 14%] [34m[1mGenerating C++ type support dispatch for ROS interfaces[0m
[1.816s] [ 16%] [34m[1mGenerating C++ type support for eProsima Fast-RTPS[0m
[1.835s] [ 18%] [32m[1mLinking C shared library libtopic_tools_interfaces__rosidl_generator_c.so[0m
[1.873s] [ 18%] Built target topic_tools_interfaces__rosidl_generator_c
[1.886s] [ 20%] [34m[1mGenerating C type support dispatch for ROS interfaces[0m
[1.886s] [ 21%] [34m[1mGenerating C type support for eProsima Fast-RTPS[0m
[1.889s] [ 23%] [34m[1mGenerating C introspection for ROS interfaces[0m
[2.122s] [ 25%] [32mBuilding CXX object CMakeFiles/topic_tools_interfaces__rosidl_typesupport_cpp.dir/rosidl_typesupport_cpp/topic_tools_interfaces/srv/mux_delete__type_support.cpp.o[0m
[2.122s] [ 27%] [32mBuilding CXX object CMakeFiles/topic_tools_interfaces__rosidl_typesupport_cpp.dir/rosidl_typesupport_cpp/topic_tools_interfaces/srv/mux_add__type_support.cpp.o[0m
[2.122s] [ 29%] [32mBuilding CXX object CMakeFiles/topic_tools_interfaces__rosidl_typesupport_cpp.dir/rosidl_typesupport_cpp/topic_tools_interfaces/srv/mux_select__type_support.cpp.o[0m
[2.123s] [ 30%] [32mBuilding CXX object CMakeFiles/topic_tools_interfaces__rosidl_typesupport_cpp.dir/rosidl_typesupport_cpp/topic_tools_interfaces/srv/mux_list__type_support.cpp.o[0m
[2.192s] [ 32%] [32mBuilding CXX object CMakeFiles/topic_tools_interfaces__rosidl_typesupport_c.dir/rosidl_typesupport_c/topic_tools_interfaces/srv/mux_add__type_support.cpp.o[0m
[2.193s] [ 34%] [32mBuilding CXX object CMakeFiles/topic_tools_interfaces__rosidl_typesupport_c.dir/rosidl_typesupport_c/topic_tools_interfaces/srv/mux_list__type_support.cpp.o[0m
[2.194s] [ 36%] [32mBuilding CXX object CMakeFiles/topic_tools_interfaces__rosidl_typesupport_c.dir/rosidl_typesupport_c/topic_tools_interfaces/srv/mux_select__type_support.cpp.o[0m
[2.197s] [ 38%] [32mBuilding CXX object CMakeFiles/topic_tools_interfaces__rosidl_typesupport_c.dir/rosidl_typesupport_c/topic_tools_interfaces/srv/mux_delete__type_support.cpp.o[0m
[2.227s] [ 40%] [32m[1mLinking CXX shared library libtopic_tools_interfaces__rosidl_typesupport_c.so[0m
[2.236s] [ 41%] [32mBuilding CXX object CMakeFiles/topic_tools_interfaces__rosidl_typesupport_introspection_cpp.dir/rosidl_typesupport_introspection_cpp/topic_tools_interfaces/srv/detail/mux_list__type_support.cpp.o[0m
[2.236s] [ 43%] [32mBuilding CXX object CMakeFiles/topic_tools_interfaces__rosidl_typesupport_introspection_cpp.dir/rosidl_typesupport_introspection_cpp/topic_tools_interfaces/srv/detail/mux_add__type_support.cpp.o[0m
[2.236s] [ 45%] [32mBuilding CXX object CMakeFiles/topic_tools_interfaces__rosidl_typesupport_introspection_cpp.dir/rosidl_typesupport_introspection_cpp/topic_tools_interfaces/srv/detail/mux_delete__type_support.cpp.o[0m
[2.238s] [ 47%] [32mBuilding CXX object CMakeFiles/topic_tools_interfaces__rosidl_typesupport_introspection_cpp.dir/rosidl_typesupport_introspection_cpp/topic_tools_interfaces/srv/detail/mux_select__type_support.cpp.o[0m
[2.274s] [ 47%] Built target topic_tools_interfaces__rosidl_typesupport_c
[2.320s] [ 50%] [32mBuilding CXX object CMakeFiles/topic_tools_interfaces__rosidl_typesupport_fastrtps_cpp.dir/rosidl_typesupport_fastrtps_cpp/topic_tools_interfaces/srv/detail/dds_fastrtps/mux_add__type_support.cpp.o[0m
[2.320s] [ 50%] [32mBuilding CXX object CMakeFiles/topic_tools_interfaces__rosidl_typesupport_fastrtps_cpp.dir/rosidl_typesupport_fastrtps_cpp/topic_tools_interfaces/srv/detail/dds_fastrtps/mux_delete__type_support.cpp.o[0m
[2.320s] [ 52%] [32mBuilding CXX object CMakeFiles/topic_tools_interfaces__rosidl_typesupport_fastrtps_cpp.dir/rosidl_typesupport_fastrtps_cpp/topic_tools_interfaces/srv/detail/dds_fastrtps/mux_list__type_support.cpp.o[0m
[2.321s] [ 54%] [32mBuilding CXX object CMakeFiles/topic_tools_interfaces__rosidl_typesupport_fastrtps_cpp.dir/rosidl_typesupport_fastrtps_cpp/topic_tools_interfaces/srv/detail/dds_fastrtps/mux_select__type_support.cpp.o[0m
[2.358s] [ 56%] [32mBuilding CXX object CMakeFiles/topic_tools_interfaces__rosidl_typesupport_fastrtps_c.dir/rosidl_typesupport_fastrtps_c/topic_tools_interfaces/srv/detail/mux_delete__type_support_c.cpp.o[0m
[2.358s] [ 58%] [32mBuilding CXX object CMakeFiles/topic_tools_interfaces__rosidl_typesupport_fastrtps_c.dir/rosidl_typesupport_fastrtps_c/topic_tools_interfaces/srv/detail/mux_list__type_support_c.cpp.o[0m
[2.358s] [ 61%] [32mBuilding CXX object CMakeFiles/topic_tools_interfaces__rosidl_typesupport_fastrtps_c.dir/rosidl_typesupport_fastrtps_c/topic_tools_interfaces/srv/detail/mux_add__type_support_c.cpp.o[0m
[2.358s] [ 61%] [32mBuilding CXX object CMakeFiles/topic_tools_interfaces__rosidl_typesupport_fastrtps_c.dir/rosidl_typesupport_fastrtps_c/topic_tools_interfaces/srv/detail/mux_select__type_support_c.cpp.o[0m
[2.359s] [ 63%] [32mBuilding C object CMakeFiles/topic_tools_interfaces__rosidl_typesupport_introspection_c.dir/rosidl_typesupport_introspection_c/topic_tools_interfaces/srv/detail/mux_add__type_support.c.o[0m
[2.364s] [ 67%] [32mBuilding C object CMakeFiles/topic_tools_interfaces__rosidl_typesupport_introspection_c.dir/rosidl_typesupport_introspection_c/topic_tools_interfaces/srv/detail/mux_list__type_support.c.o[0m
[2.364s] [ 67%] [32mBuilding C object CMakeFiles/topic_tools_interfaces__rosidl_typesupport_introspection_c.dir/rosidl_typesupport_introspection_c/topic_tools_interfaces/srv/detail/mux_delete__type_support.c.o[0m
[2.366s] [ 69%] [32mBuilding C object CMakeFiles/topic_tools_interfaces__rosidl_typesupport_introspection_c.dir/rosidl_typesupport_introspection_c/topic_tools_interfaces/srv/detail/mux_select__type_support.c.o[0m
[2.367s] [ 70%] [32m[1mLinking CXX shared library libtopic_tools_interfaces__rosidl_typesupport_cpp.so[0m
[2.403s] [ 72%] [32m[1mLinking C shared library libtopic_tools_interfaces__rosidl_typesupport_introspection_c.so[0m
[2.409s] [ 72%] Built target topic_tools_interfaces__rosidl_typesupport_cpp
[2.437s] [ 72%] Built target topic_tools_interfaces__rosidl_typesupport_introspection_c
[2.642s] [ 74%] [32m[1mLinking CXX shared library libtopic_tools_interfaces__rosidl_typesupport_introspection_cpp.so[0m
[2.687s] [ 74%] Built target topic_tools_interfaces__rosidl_typesupport_introspection_cpp
[2.721s] [ 76%] [32m[1mLinking CXX shared library libtopic_tools_interfaces__rosidl_typesupport_fastrtps_c.so[0m
[2.797s] [ 78%] [32m[1mLinking CXX shared library libtopic_tools_interfaces__rosidl_typesupport_fastrtps_cpp.so[0m
[2.799s] [ 78%] Built target topic_tools_interfaces__rosidl_typesupport_fastrtps_c
[2.873s] [ 78%] Built target topic_tools_interfaces__rosidl_typesupport_fastrtps_cpp
[2.890s] [ 78%] Built target topic_tools_interfaces
[2.906s] [ 80%] [34m[1mGenerating Python code for ROS interfaces[0m
[3.730s] [ 80%] Built target topic_tools_interfaces__py
[3.746s] [ 81%] [32mBuilding C object CMakeFiles/topic_tools_interfaces__rosidl_generator_py.dir/rosidl_generator_py/topic_tools_interfaces/srv/_mux_add_s.c.o[0m
[3.748s] [ 85%] [32mBuilding C object CMakeFiles/topic_tools_interfaces__rosidl_generator_py.dir/rosidl_generator_py/topic_tools_interfaces/srv/_mux_delete_s.c.o[0m
[3.748s] [ 85%] [32mBuilding C object CMakeFiles/topic_tools_interfaces__rosidl_generator_py.dir/rosidl_generator_py/topic_tools_interfaces/srv/_mux_select_s.c.o[0m
[3.748s] [ 87%] [32mBuilding C object CMakeFiles/topic_tools_interfaces__rosidl_generator_py.dir/rosidl_generator_py/topic_tools_interfaces/srv/_mux_list_s.c.o[0m
[3.854s] [ 89%] [32m[1mLinking C shared library rosidl_generator_py/topic_tools_interfaces/libtopic_tools_interfaces__rosidl_generator_py.so[0m
[3.887s] [ 89%] Built target topic_tools_interfaces__rosidl_generator_py
[3.900s] [ 90%] [32mBuilding C object CMakeFiles/topic_tools_interfaces__rosidl_typesupport_c__pyext.dir/rosidl_generator_py/topic_tools_interfaces/_topic_tools_interfaces_s.ep.rosidl_typesupport_c.c.o[0m
[3.903s] [ 92%] [32mBuilding C object CMakeFiles/topic_tools_interfaces__rosidl_typesupport_introspection_c__pyext.dir/rosidl_generator_py/topic_tools_interfaces/_topic_tools_interfaces_s.ep.rosidl_typesupport_introspection_c.c.o[0m
[3.903s] [ 94%] [32mBuilding C object CMakeFiles/topic_tools_interfaces__rosidl_typesupport_fastrtps_c__pyext.dir/rosidl_generator_py/topic_tools_interfaces/_topic_tools_interfaces_s.ep.rosidl_typesupport_fastrtps_c.c.o[0m
[3.970s] [ 96%] [32m[1mLinking C shared library rosidl_generator_py/topic_tools_interfaces/topic_tools_interfaces_s__rosidl_typesupport_c.cpython-310-x86_64-linux-gnu.so[0m
[3.973s] [ 98%] [32m[1mLinking C shared library rosidl_generator_py/topic_tools_interfaces/topic_tools_interfaces_s__rosidl_typesupport_introspection_c.cpython-310-x86_64-linux-gnu.so[0m
[3.975s] [100%] [32m[1mLinking C shared library rosidl_generator_py/topic_tools_interfaces/topic_tools_interfaces_s__rosidl_typesupport_fastrtps_c.cpython-310-x86_64-linux-gnu.so[0m
[3.993s] [100%] Built target topic_tools_interfaces__rosidl_typesupport_c__pyext
[3.997s] [100%] Built target topic_tools_interfaces__rosidl_typesupport_fastrtps_c__pyext
[4.004s] [100%] Built target topic_tools_interfaces__rosidl_typesupport_introspection_c__pyext
[4.349s] Invoked command in '/home/nikunj/bwi_ros2_simulation/build/topic_tools_interfaces' returned '0': CMAKE_PREFIX_PATH=${CMAKE_PREFIX_PATH}:/home/nikunj/bwi_ros2_simulation/install/test_odom:/home/nikunj/bwi_ros2_simulation/install/test_cmaes:/home/nikunj/bwi_ros2_simulation/install/teleop_multi_robot:/home/nikunj/bwi_ros2_simulation/install/scan_filter:/home/nikunj/bwi_ros2_simulation/install/odom_tf_publisher:/home/nikunj/bwi_ros2_simulation/install/lwr_comms_client:/home/nikunj/bwi_ros2_simulation/install/kinect_data_collector:/home/nikunj/bwi_ros2_simulation/install/keep_alive_pkg:/home/nikunj/bwi_ros2_simulation/install/collision_monitor:/home/nikunj/bwi_ros2_simulation/install/bwi_tools:/home/nikunj/bwi_ros2_simulation/install/bwi_tasks:/home/nikunj/bwi_ros2_simulation/install/bwi_reset:/home/nikunj/bwi_ros2_simulation/install/bwi_perc:/home/nikunj/bwi_ros2_simulation/install/bwi_hallucination:/opt/ros/humble /usr/bin/cmake --build /home/nikunj/bwi_ros2_simulation/build/topic_tools_interfaces -- -j32 -l32
[4.351s] Invoking command in '/home/nikunj/bwi_ros2_simulation/build/topic_tools_interfaces': CMAKE_PREFIX_PATH=${CMAKE_PREFIX_PATH}:/home/nikunj/bwi_ros2_simulation/install/test_odom:/home/nikunj/bwi_ros2_simulation/install/test_cmaes:/home/nikunj/bwi_ros2_simulation/install/teleop_multi_robot:/home/nikunj/bwi_ros2_simulation/install/scan_filter:/home/nikunj/bwi_ros2_simulation/install/odom_tf_publisher:/home/nikunj/bwi_ros2_simulation/install/lwr_comms_client:/home/nikunj/bwi_ros2_simulation/install/kinect_data_collector:/home/nikunj/bwi_ros2_simulation/install/keep_alive_pkg:/home/nikunj/bwi_ros2_simulation/install/collision_monitor:/home/nikunj/bwi_ros2_simulation/install/bwi_tools:/home/nikunj/bwi_ros2_simulation/install/bwi_tasks:/home/nikunj/bwi_ros2_simulation/install/bwi_reset:/home/nikunj/bwi_ros2_simulation/install/bwi_perc:/home/nikunj/bwi_ros2_simulation/install/bwi_hallucination:/opt/ros/humble /usr/bin/cmake --install /home/nikunj/bwi_ros2_simulation/build/topic_tools_interfaces
[4.359s] -- Install configuration: ""
[4.359s] -- Installing: /home/nikunj/bwi_ros2_simulation/install/topic_tools_interfaces/share/ament_index/resource_index/rosidl_interfaces/topic_tools_interfaces
[4.359s] -- Installing: /home/nikunj/bwi_ros2_simulation/install/topic_tools_interfaces/include/topic_tools_interfaces/topic_tools_interfaces
[4.359s] -- Installing: /home/nikunj/bwi_ros2_simulation/install/topic_tools_interfaces/include/topic_tools_interfaces/topic_tools_interfaces/srv
[4.359s] -- Installing: /home/nikunj/bwi_ros2_simulation/install/topic_tools_interfaces/include/topic_tools_interfaces/topic_tools_interfaces/srv/mux_select.h
[4.359s] -- Installing: /home/nikunj/bwi_ros2_simulation/install/topic_tools_interfaces/include/topic_tools_interfaces/topic_tools_interfaces/srv/mux_list.h
[4.359s] -- Installing: /home/nikunj/bwi_ros2_simulation/install/topic_tools_interfaces/include/topic_tools_interfaces/topic_tools_interfaces/srv/mux_add.h
[4.359s] -- Installing: /home/nikunj/bwi_ros2_simulation/install/topic_tools_interfaces/include/topic_tools_interfaces/topic_tools_interfaces/srv/detail
[4.359s] -- Installing: /home/nikunj/bwi_ros2_simulation/install/topic_tools_interfaces/include/topic_tools_interfaces/topic_tools_interfaces/srv/detail/mux_delete__type_support.h
[4.360s] -- Installing: /home/nikunj/bwi_ros2_simulation/install/topic_tools_interfaces/include/topic_tools_interfaces/topic_tools_interfaces/srv/detail/mux_select__functions.h
[4.360s] -- Installing: /home/nikunj/bwi_ros2_simulation/install/topic_tools_interfaces/include/topic_tools_interfaces/topic_tools_interfaces/srv/detail/mux_list__functions.c
[4.360s] -- Installing: /home/nikunj/bwi_ros2_simulation/install/topic_tools_interfaces/include/topic_tools_interfaces/topic_tools_interfaces/srv/detail/mux_delete__struct.h
[4.360s] -- Installing: /home/nikunj/bwi_ros2_simulation/install/topic_tools_interfaces/include/topic_tools_interfaces/topic_tools_interfaces/srv/detail/mux_delete__functions.h
[4.360s] -- Installing: /home/nikunj/bwi_ros2_simulation/install/topic_tools_interfaces/include/topic_tools_interfaces/topic_tools_interfaces/srv/detail/mux_list__struct.h
[4.360s] -- Installing: /home/nikunj/bwi_ros2_simulation/install/topic_tools_interfaces/include/topic_tools_interfaces/topic_tools_interfaces/srv/detail/mux_select__type_support.h
[4.360s] -- Installing: /home/nikunj/bwi_ros2_simulation/install/topic_tools_interfaces/include/topic_tools_interfaces/topic_tools_interfaces/srv/detail/mux_add__functions.h
[4.360s] -- Installing: /home/nikunj/bwi_ros2_simulation/install/topic_tools_interfaces/include/topic_tools_interfaces/topic_tools_interfaces/srv/detail/mux_select__struct.h
[4.360s] -- Installing: /home/nikunj/bwi_ros2_simulation/install/topic_tools_interfaces/include/topic_tools_interfaces/topic_tools_interfaces/srv/detail/mux_list__type_support.h
[4.360s] -- Installing: /home/nikunj/bwi_ros2_simulation/install/topic_tools_interfaces/include/topic_tools_interfaces/topic_tools_interfaces/srv/detail/mux_delete__functions.c
[4.360s] -- Installing: /home/nikunj/bwi_ros2_simulation/install/topic_tools_interfaces/include/topic_tools_interfaces/topic_tools_interfaces/srv/detail/mux_add__functions.c
[4.360s] -- Installing: /home/nikunj/bwi_ros2_simulation/install/topic_tools_interfaces/include/topic_tools_interfaces/topic_tools_interfaces/srv/detail/mux_add__type_support.h
[4.361s] -- Installing: /home/nikunj/bwi_ros2_simulation/install/topic_tools_interfaces/include/topic_tools_interfaces/topic_tools_interfaces/srv/detail/mux_select__functions.c
[4.361s] -- Installing: /home/nikunj/bwi_ros2_simulation/install/topic_tools_interfaces/include/topic_tools_interfaces/topic_tools_interfaces/srv/detail/mux_add__struct.h
[4.361s] -- Installing: /home/nikunj/bwi_ros2_simulation/install/topic_tools_interfaces/include/topic_tools_interfaces/topic_tools_interfaces/srv/detail/mux_list__functions.h
[4.361s] -- Installing: /home/nikunj/bwi_ros2_simulation/install/topic_tools_interfaces/include/topic_tools_interfaces/topic_tools_interfaces/srv/mux_delete.h
[4.361s] -- Installing: /home/nikunj/bwi_ros2_simulation/install/topic_tools_interfaces/include/topic_tools_interfaces/topic_tools_interfaces/msg
[4.361s] -- Installing: /home/nikunj/bwi_ros2_simulation/install/topic_tools_interfaces/include/topic_tools_interfaces/topic_tools_interfaces/msg/rosidl_generator_c__visibility_control.h
[4.361s] -- Installing: /home/nikunj/bwi_ros2_simulation/install/topic_tools_interfaces/share/topic_tools_interfaces/environment/library_path.sh
[4.361s] -- Installing: /home/nikunj/bwi_ros2_simulation/install/topic_tools_interfaces/share/topic_tools_interfaces/environment/library_path.dsv
[4.361s] -- Installing: /home/nikunj/bwi_ros2_simulation/install/topic_tools_interfaces/lib/libtopic_tools_interfaces__rosidl_generator_c.so
[4.362s] -- Set runtime path of "/home/nikunj/bwi_ros2_simulation/install/topic_tools_interfaces/lib/libtopic_tools_interfaces__rosidl_generator_c.so" to ""
[4.362s] -- Up-to-date: /home/nikunj/bwi_ros2_simulation/install/topic_tools_interfaces/include/topic_tools_interfaces/topic_tools_interfaces
[4.362s] -- Up-to-date: /home/nikunj/bwi_ros2_simulation/install/topic_tools_interfaces/include/topic_tools_interfaces/topic_tools_interfaces/srv
[4.362s] -- Up-to-date: /home/nikunj/bwi_ros2_simulation/install/topic_tools_interfaces/include/topic_tools_interfaces/topic_tools_interfaces/srv/detail
[4.362s] -- Installing: /home/nikunj/bwi_ros2_simulation/install/topic_tools_interfaces/include/topic_tools_interfaces/topic_tools_interfaces/srv/detail/mux_add__rosidl_typesupport_fastrtps_c.h
[4.362s] -- Installing: /home/nikunj/bwi_ros2_simulation/install/topic_tools_interfaces/include/topic_tools_interfaces/topic_tools_interfaces/srv/detail/mux_delete__rosidl_typesupport_fastrtps_c.h
[4.362s] -- Installing: /home/nikunj/bwi_ros2_simulation/install/topic_tools_interfaces/include/topic_tools_interfaces/topic_tools_interfaces/srv/detail/mux_select__rosidl_typesupport_fastrtps_c.h
[4.362s] -- Installing: /home/nikunj/bwi_ros2_simulation/install/topic_tools_interfaces/include/topic_tools_interfaces/topic_tools_interfaces/srv/detail/mux_list__rosidl_typesupport_fastrtps_c.h
[4.362s] -- Up-to-date: /home/nikunj/bwi_ros2_simulation/install/topic_tools_interfaces/include/topic_tools_interfaces/topic_tools_interfaces/msg
[4.362s] -- Installing: /home/nikunj/bwi_ros2_simulation/install/topic_tools_interfaces/include/topic_tools_interfaces/topic_tools_interfaces/msg/rosidl_typesupport_fastrtps_c__visibility_control.h
[4.362s] -- Installing: /home/nikunj/bwi_ros2_simulation/install/topic_tools_interfaces/lib/libtopic_tools_interfaces__rosidl_typesupport_fastrtps_c.so
[4.363s] -- Set runtime path of "/home/nikunj/bwi_ros2_simulation/install/topic_tools_interfaces/lib/libtopic_tools_interfaces__rosidl_typesupport_fastrtps_c.so" to ""
[4.363s] -- Up-to-date: /home/nikunj/bwi_ros2_simulation/install/topic_tools_interfaces/include/topic_tools_interfaces/topic_tools_interfaces
[4.363s] -- Up-to-date: /home/nikunj/bwi_ros2_simulation/install/topic_tools_interfaces/include/topic_tools_interfaces/topic_tools_interfaces/srv
[4.363s] -- Up-to-date: /home/nikunj/bwi_ros2_simulation/install/topic_tools_interfaces/include/topic_tools_interfaces/topic_tools_interfaces/srv/detail
[4.363s] -- Installing: /home/nikunj/bwi_ros2_simulation/install/topic_tools_interfaces/include/topic_tools_interfaces/topic_tools_interfaces/srv/detail/mux_add__rosidl_typesupport_introspection_c.h
[4.363s] -- Installing: /home/nikunj/bwi_ros2_simulation/install/topic_tools_interfaces/include/topic_tools_interfaces/topic_tools_interfaces/srv/detail/mux_delete__type_support.c
[4.363s] -- Installing: /home/nikunj/bwi_ros2_simulation/install/topic_tools_interfaces/include/topic_tools_interfaces/topic_tools_interfaces/srv/detail/mux_select__type_support.c
[4.363s] -- Installing: /home/nikunj/bwi_ros2_simulation/install/topic_tools_interfaces/include/topic_tools_interfaces/topic_tools_interfaces/srv/detail/mux_list__rosidl_typesupport_introspection_c.h
[4.363s] -- Installing: /home/nikunj/bwi_ros2_simulation/install/topic_tools_interfaces/include/topic_tools_interfaces/topic_tools_interfaces/srv/detail/mux_delete__rosidl_typesupport_introspection_c.h
[4.363s] -- Installing: /home/nikunj/bwi_ros2_simulation/install/topic_tools_interfaces/include/topic_tools_interfaces/topic_tools_interfaces/srv/detail/mux_list__type_support.c
[4.363s] -- Installing: /home/nikunj/bwi_ros2_simulation/install/topic_tools_interfaces/include/topic_tools_interfaces/topic_tools_interfaces/srv/detail/mux_add__type_support.c
[4.364s] -- Installing: /home/nikunj/bwi_ros2_simulation/install/topic_tools_interfaces/include/topic_tools_interfaces/topic_tools_interfaces/srv/detail/mux_select__rosidl_typesupport_introspection_c.h
[4.364s] -- Up-to-date: /home/nikunj/bwi_ros2_simulation/install/topic_tools_interfaces/include/topic_tools_interfaces/topic_tools_interfaces/msg
[4.364s] -- Installing: /home/nikunj/bwi_ros2_simulation/install/topic_tools_interfaces/include/topic_tools_interfaces/topic_tools_interfaces/msg/rosidl_typesupport_introspection_c__visibility_control.h
[4.364s] -- Installing: /home/nikunj/bwi_ros2_simulation/install/topic_tools_interfaces/lib/libtopic_tools_interfaces__rosidl_typesupport_introspection_c.so
[4.364s] -- Set runtime path of "/home/nikunj/bwi_ros2_simulation/install/topic_tools_interfaces/lib/libtopic_tools_interfaces__rosidl_typesupport_introspection_c.so" to ""
[4.364s] -- Installing: /home/nikunj/bwi_ros2_simulation/install/topic_tools_interfaces/lib/libtopic_tools_interfaces__rosidl_typesupport_c.so
[4.364s] -- Set runtime path of "/home/nikunj/bwi_ros2_simulation/install/topic_tools_interfaces/lib/libtopic_tools_interfaces__rosidl_typesupport_c.so" to ""
[4.365s] -- Up-to-date: /home/nikunj/bwi_ros2_simulation/install/topic_tools_interfaces/include/topic_tools_interfaces/topic_tools_interfaces
[4.365s] -- Up-to-date: /home/nikunj/bwi_ros2_simulation/install/topic_tools_interfaces/include/topic_tools_interfaces/topic_tools_interfaces/srv
[4.365s] -- Installing: /home/nikunj/bwi_ros2_simulation/install/topic_tools_interfaces/include/topic_tools_interfaces/topic_tools_interfaces/srv/mux_add.hpp
[4.365s] -- Installing: /home/nikunj/bwi_ros2_simulation/install/topic_tools_interfaces/include/topic_tools_interfaces/topic_tools_interfaces/srv/mux_select.hpp
[4.365s] -- Up-to-date: /home/nikunj/bwi_ros2_simulation/install/topic_tools_interfaces/include/topic_tools_interfaces/topic_tools_interfaces/srv/detail
[4.365s] -- Installing: /home/nikunj/bwi_ros2_simulation/install/topic_tools_interfaces/include/topic_tools_interfaces/topic_tools_interfaces/srv/detail/mux_list__traits.hpp
[4.365s] -- Installing: /home/nikunj/bwi_ros2_simulation/install/topic_tools_interfaces/include/topic_tools_interfaces/topic_tools_interfaces/srv/detail/mux_select__struct.hpp
[4.365s] -- Installing: /home/nikunj/bwi_ros2_simulation/install/topic_tools_interfaces/include/topic_tools_interfaces/topic_tools_interfaces/srv/detail/mux_list__type_support.hpp
[4.365s] -- Installing: /home/nikunj/bwi_ros2_simulation/install/topic_tools_interfaces/include/topic_tools_interfaces/topic_tools_interfaces/srv/detail/mux_select__type_support.hpp
[4.365s] -- Installing: /home/nikunj/bwi_ros2_simulation/install/topic_tools_interfaces/include/topic_tools_interfaces/topic_tools_interfaces/srv/detail/mux_select__builder.hpp
[4.365s] -- Installing: /home/nikunj/bwi_ros2_simulation/install/topic_tools_interfaces/include/topic_tools_interfaces/topic_tools_interfaces/srv/detail/mux_add__traits.hpp
[4.365s] -- Installing: /home/nikunj/bwi_ros2_simulation/install/topic_tools_interfaces/include/topic_tools_interfaces/topic_tools_interfaces/srv/detail/mux_delete__builder.hpp
[4.366s] -- Installing: /home/nikunj/bwi_ros2_simulation/install/topic_tools_interfaces/include/topic_tools_interfaces/topic_tools_interfaces/srv/detail/mux_add__type_support.hpp
[4.366s] -- Installing: /home/nikunj/bwi_ros2_simulation/install/topic_tools_interfaces/include/topic_tools_interfaces/topic_tools_interfaces/srv/detail/mux_delete__struct.hpp
[4.366s] -- Installing: /home/nikunj/bwi_ros2_simulation/install/topic_tools_interfaces/include/topic_tools_interfaces/topic_tools_interfaces/srv/detail/mux_list__builder.hpp
[4.366s] -- Installing: /home/nikunj/bwi_ros2_simulation/install/topic_tools_interfaces/include/topic_tools_interfaces/topic_tools_interfaces/srv/detail/mux_delete__traits.hpp
[4.366s] -- Installing: /home/nikunj/bwi_ros2_simulation/install/topic_tools_interfaces/include/topic_tools_interfaces/topic_tools_interfaces/srv/detail/mux_delete__type_support.hpp
[4.366s] -- Installing: /home/nikunj/bwi_ros2_simulation/install/topic_tools_interfaces/include/topic_tools_interfaces/topic_tools_interfaces/srv/detail/mux_list__struct.hpp
[4.366s] -- Installing: /home/nikunj/bwi_ros2_simulation/install/topic_tools_interfaces/include/topic_tools_interfaces/topic_tools_interfaces/srv/detail/mux_add__builder.hpp
[4.366s] -- Installing: /home/nikunj/bwi_ros2_simulation/install/topic_tools_interfaces/include/topic_tools_interfaces/topic_tools_interfaces/srv/detail/mux_select__traits.hpp
[4.366s] -- Installing: /home/nikunj/bwi_ros2_simulation/install/topic_tools_interfaces/include/topic_tools_interfaces/topic_tools_interfaces/srv/detail/mux_add__struct.hpp
[4.366s] -- Installing: /home/nikunj/bwi_ros2_simulation/install/topic_tools_interfaces/include/topic_tools_interfaces/topic_tools_interfaces/srv/mux_list.hpp
[4.367s] -- Installing: /home/nikunj/bwi_ros2_simulation/install/topic_tools_interfaces/include/topic_tools_interfaces/topic_tools_interfaces/srv/mux_delete.hpp
[4.367s] -- Up-to-date: /home/nikunj/bwi_ros2_simulation/install/topic_tools_interfaces/include/topic_tools_interfaces/topic_tools_interfaces/msg
[4.367s] -- Installing: /home/nikunj/bwi_ros2_simulation/install/topic_tools_interfaces/include/topic_tools_interfaces/topic_tools_interfaces/msg/rosidl_generator_cpp__visibility_control.hpp
[4.367s] -- Up-to-date: /home/nikunj/bwi_ros2_simulation/install/topic_tools_interfaces/include/topic_tools_interfaces/topic_tools_interfaces
[4.367s] -- Up-to-date: /home/nikunj/bwi_ros2_simulation/install/topic_tools_interfaces/include/topic_tools_interfaces/topic_tools_interfaces/srv
[4.367s] -- Up-to-date: /home/nikunj/bwi_ros2_simulation/install/topic_tools_interfaces/include/topic_tools_interfaces/topic_tools_interfaces/srv/detail
[4.367s] -- Installing: /home/nikunj/bwi_ros2_simulation/install/topic_tools_interfaces/include/topic_tools_interfaces/topic_tools_interfaces/srv/detail/mux_delete__rosidl_typesupport_fastrtps_cpp.hpp
[4.367s] -- Installing: /home/nikunj/bwi_ros2_simulation/install/topic_tools_interfaces/include/topic_tools_interfaces/topic_tools_interfaces/srv/detail/mux_list__rosidl_typesupport_fastrtps_cpp.hpp
[4.367s] -- Installing: /home/nikunj/bwi_ros2_simulation/install/topic_tools_interfaces/include/topic_tools_interfaces/topic_tools_interfaces/srv/detail/mux_select__rosidl_typesupport_fastrtps_cpp.hpp
[4.367s] -- Installing: /home/nikunj/bwi_ros2_simulation/install/topic_tools_interfaces/include/topic_tools_interfaces/topic_tools_interfaces/srv/detail/dds_fastrtps
[4.367s] -- Installing: /home/nikunj/bwi_ros2_simulation/install/topic_tools_interfaces/include/topic_tools_interfaces/topic_tools_interfaces/srv/detail/mux_add__rosidl_typesupport_fastrtps_cpp.hpp
[4.367s] -- Up-to-date: /home/nikunj/bwi_ros2_simulation/install/topic_tools_interfaces/include/topic_tools_interfaces/topic_tools_interfaces/msg
[4.367s] -- Installing: /home/nikunj/bwi_ros2_simulation/install/topic_tools_interfaces/include/topic_tools_interfaces/topic_tools_interfaces/msg/rosidl_typesupport_fastrtps_cpp__visibility_control.h
[4.368s] -- Installing: /home/nikunj/bwi_ros2_simulation/install/topic_tools_interfaces/lib/libtopic_tools_interfaces__rosidl_typesupport_fastrtps_cpp.so
[4.368s] -- Set runtime path of "/home/nikunj/bwi_ros2_simulation/install/topic_tools_interfaces/lib/libtopic_tools_interfaces__rosidl_typesupport_fastrtps_cpp.so" to ""
[4.368s] -- Up-to-date: /home/nikunj/bwi_ros2_simulation/install/topic_tools_interfaces/include/topic_tools_interfaces/topic_tools_interfaces
[4.368s] -- Up-to-date: /home/nikunj/bwi_ros2_simulation/install/topic_tools_interfaces/include/topic_tools_interfaces/topic_tools_interfaces/srv
[4.368s] -- Up-to-date: /home/nikunj/bwi_ros2_simulation/install/topic_tools_interfaces/include/topic_tools_interfaces/topic_tools_interfaces/srv/detail
[4.368s] -- Installing: /home/nikunj/bwi_ros2_simulation/install/topic_tools_interfaces/include/topic_tools_interfaces/topic_tools_interfaces/srv/detail/mux_list__type_support.cpp
[4.368s] -- Installing: /home/nikunj/bwi_ros2_simulation/install/topic_tools_interfaces/include/topic_tools_interfaces/topic_tools_interfaces/srv/detail/mux_add__type_support.cpp
[4.368s] -- Installing: /home/nikunj/bwi_ros2_simulation/install/topic_tools_interfaces/include/topic_tools_interfaces/topic_tools_interfaces/srv/detail/mux_delete__rosidl_typesupport_introspection_cpp.hpp
[4.368s] -- Installing: /home/nikunj/bwi_ros2_simulation/install/topic_tools_interfaces/include/topic_tools_interfaces/topic_tools_interfaces/srv/detail/mux_delete__type_support.cpp
[4.368s] -- Installing: /home/nikunj/bwi_ros2_simulation/install/topic_tools_interfaces/include/topic_tools_interfaces/topic_tools_interfaces/srv/detail/mux_list__rosidl_typesupport_introspection_cpp.hpp
[4.369s] -- Installing: /home/nikunj/bwi_ros2_simulation/install/topic_tools_interfaces/include/topic_tools_interfaces/topic_tools_interfaces/srv/detail/mux_add__rosidl_typesupport_introspection_cpp.hpp
[4.369s] -- Installing: /home/nikunj/bwi_ros2_simulation/install/topic_tools_interfaces/include/topic_tools_interfaces/topic_tools_interfaces/srv/detail/mux_select__type_support.cpp
[4.369s] -- Installing: /home/nikunj/bwi_ros2_simulation/install/topic_tools_interfaces/include/topic_tools_interfaces/topic_tools_interfaces/srv/detail/mux_select__rosidl_typesupport_introspection_cpp.hpp
[4.369s] -- Installing: /home/nikunj/bwi_ros2_simulation/install/topic_tools_interfaces/lib/libtopic_tools_interfaces__rosidl_typesupport_introspection_cpp.so
[4.369s] -- Set runtime path of "/home/nikunj/bwi_ros2_simulation/install/topic_tools_interfaces/lib/libtopic_tools_interfaces__rosidl_typesupport_introspection_cpp.so" to ""
[4.369s] -- Installing: /home/nikunj/bwi_ros2_simulation/install/topic_tools_interfaces/lib/libtopic_tools_interfaces__rosidl_typesupport_cpp.so
[4.370s] -- Set runtime path of "/home/nikunj/bwi_ros2_simulation/install/topic_tools_interfaces/lib/libtopic_tools_interfaces__rosidl_typesupport_cpp.so" to ""
[4.370s] -- Installing: /home/nikunj/bwi_ros2_simulation/install/topic_tools_interfaces/share/topic_tools_interfaces/environment/pythonpath.sh
[4.370s] -- Installing: /home/nikunj/bwi_ros2_simulation/install/topic_tools_interfaces/share/topic_tools_interfaces/environment/pythonpath.dsv
[4.370s] -- Installing: /home/nikunj/bwi_ros2_simulation/install/topic_tools_interfaces/local/lib/python3.10/dist-packages/topic_tools_interfaces-1.1.1-py3.10.egg-info
[4.370s] -- Installing: /home/nikunj/bwi_ros2_simulation/install/topic_tools_interfaces/local/lib/python3.10/dist-packages/topic_tools_interfaces-1.1.1-py3.10.egg-info/dependency_links.txt
[4.370s] -- Installing: /home/nikunj/bwi_ros2_simulation/install/topic_tools_interfaces/local/lib/python3.10/dist-packages/topic_tools_interfaces-1.1.1-py3.10.egg-info/top_level.txt
[4.370s] -- Installing: /home/nikunj/bwi_ros2_simulation/install/topic_tools_interfaces/local/lib/python3.10/dist-packages/topic_tools_interfaces-1.1.1-py3.10.egg-info/PKG-INFO
[4.370s] -- Installing: /home/nikunj/bwi_ros2_simulation/install/topic_tools_interfaces/local/lib/python3.10/dist-packages/topic_tools_interfaces-1.1.1-py3.10.egg-info/SOURCES.txt
[4.370s] -- Installing: /home/nikunj/bwi_ros2_simulation/install/topic_tools_interfaces/local/lib/python3.10/dist-packages/topic_tools_interfaces
[4.370s] -- Installing: /home/nikunj/bwi_ros2_simulation/install/topic_tools_interfaces/local/lib/python3.10/dist-packages/topic_tools_interfaces/topic_tools_interfaces_s__rosidl_typesupport_introspection_c.cpython-310-x86_64-linux-gnu.so
[4.370s] -- Installing: /home/nikunj/bwi_ros2_simulation/install/topic_tools_interfaces/local/lib/python3.10/dist-packages/topic_tools_interfaces/_topic_tools_interfaces_s.ep.rosidl_typesupport_c.c
[4.371s] -- Installing: /home/nikunj/bwi_ros2_simulation/install/topic_tools_interfaces/local/lib/python3.10/dist-packages/topic_tools_interfaces/_topic_tools_interfaces_s.ep.rosidl_typesupport_introspection_c.c
[4.371s] -- Installing: /home/nikunj/bwi_ros2_simulation/install/topic_tools_interfaces/local/lib/python3.10/dist-packages/topic_tools_interfaces/topic_tools_interfaces_s__rosidl_typesupport_c.cpython-310-x86_64-linux-gnu.so
[4.371s] -- Installing: /home/nikunj/bwi_ros2_simulation/install/topic_tools_interfaces/local/lib/python3.10/dist-packages/topic_tools_interfaces/topic_tools_interfaces_s__rosidl_typesupport_fastrtps_c.cpython-310-x86_64-linux-gnu.so
[4.371s] -- Installing: /home/nikunj/bwi_ros2_simulation/install/topic_tools_interfaces/local/lib/python3.10/dist-packages/topic_tools_interfaces/__init__.py
[4.371s] -- Installing: /home/nikunj/bwi_ros2_simulation/install/topic_tools_interfaces/local/lib/python3.10/dist-packages/topic_tools_interfaces/_topic_tools_interfaces_s.ep.rosidl_typesupport_fastrtps_c.c
[4.371s] -- Installing: /home/nikunj/bwi_ros2_simulation/install/topic_tools_interfaces/local/lib/python3.10/dist-packages/topic_tools_interfaces/libtopic_tools_interfaces__rosidl_generator_py.so
[4.371s] -- Installing: /home/nikunj/bwi_ros2_simulation/install/topic_tools_interfaces/local/lib/python3.10/dist-packages/topic_tools_interfaces/srv
[4.371s] -- Installing: /home/nikunj/bwi_ros2_simulation/install/topic_tools_interfaces/local/lib/python3.10/dist-packages/topic_tools_interfaces/srv/_mux_list_s.c
[4.371s] -- Installing: /home/nikunj/bwi_ros2_simulation/install/topic_tools_interfaces/local/lib/python3.10/dist-packages/topic_tools_interfaces/srv/_mux_select.py
[4.371s] -- Installing: /home/nikunj/bwi_ros2_simulation/install/topic_tools_interfaces/local/lib/python3.10/dist-packages/topic_tools_interfaces/srv/_mux_add.py
[4.372s] -- Installing: /home/nikunj/bwi_ros2_simulation/install/topic_tools_interfaces/local/lib/python3.10/dist-packages/topic_tools_interfaces/srv/_mux_delete_s.c
[4.372s] -- Installing: /home/nikunj/bwi_ros2_simulation/install/topic_tools_interfaces/local/lib/python3.10/dist-packages/topic_tools_interfaces/srv/_mux_select_s.c
[4.372s] -- Installing: /home/nikunj/bwi_ros2_simulation/install/topic_tools_interfaces/local/lib/python3.10/dist-packages/topic_tools_interfaces/srv/_mux_list.py
[4.372s] -- Installing: /home/nikunj/bwi_ros2_simulation/install/topic_tools_interfaces/local/lib/python3.10/dist-packages/topic_tools_interfaces/srv/_mux_delete.py
[4.372s] -- Installing: /home/nikunj/bwi_ros2_simulation/install/topic_tools_interfaces/local/lib/python3.10/dist-packages/topic_tools_interfaces/srv/__init__.py
[4.372s] -- Installing: /home/nikunj/bwi_ros2_simulation/install/topic_tools_interfaces/local/lib/python3.10/dist-packages/topic_tools_interfaces/srv/_mux_add_s.c
[4.401s] Listing '/home/nikunj/bwi_ros2_simulation/install/topic_tools_interfaces/local/lib/python3.10/dist-packages/topic_tools_interfaces'...
[4.401s] Compiling '/home/nikunj/bwi_ros2_simulation/install/topic_tools_interfaces/local/lib/python3.10/dist-packages/topic_tools_interfaces/__init__.py'...
[4.402s] Listing '/home/nikunj/bwi_ros2_simulation/install/topic_tools_interfaces/local/lib/python3.10/dist-packages/topic_tools_interfaces/srv'...
[4.402s] Compiling '/home/nikunj/bwi_ros2_simulation/install/topic_tools_interfaces/local/lib/python3.10/dist-packages/topic_tools_interfaces/srv/__init__.py'...
[4.402s] Compiling '/home/nikunj/bwi_ros2_simulation/install/topic_tools_interfaces/local/lib/python3.10/dist-packages/topic_tools_interfaces/srv/_mux_add.py'...
[4.402s] Compiling '/home/nikunj/bwi_ros2_simulation/install/topic_tools_interfaces/local/lib/python3.10/dist-packages/topic_tools_interfaces/srv/_mux_delete.py'...
[4.402s] Compiling '/home/nikunj/bwi_ros2_simulation/install/topic_tools_interfaces/local/lib/python3.10/dist-packages/topic_tools_interfaces/srv/_mux_list.py'...
[4.402s] Compiling '/home/nikunj/bwi_ros2_simulation/install/topic_tools_interfaces/local/lib/python3.10/dist-packages/topic_tools_interfaces/srv/_mux_select.py'...
[4.404s] -- Installing: /home/nikunj/bwi_ros2_simulation/install/topic_tools_interfaces/local/lib/python3.10/dist-packages/topic_tools_interfaces/topic_tools_interfaces_s__rosidl_typesupport_fastrtps_c.cpython-310-x86_64-linux-gnu.so
[4.405s] -- Set runtime path of "/home/nikunj/bwi_ros2_simulation/install/topic_tools_interfaces/local/lib/python3.10/dist-packages/topic_tools_interfaces/topic_tools_interfaces_s__rosidl_typesupport_fastrtps_c.cpython-310-x86_64-linux-gnu.so" to ""
[4.405s] -- Installing: /home/nikunj/bwi_ros2_simulation/install/topic_tools_interfaces/local/lib/python3.10/dist-packages/topic_tools_interfaces/topic_tools_interfaces_s__rosidl_typesupport_introspection_c.cpython-310-x86_64-linux-gnu.so
[4.405s] -- Set runtime path of "/home/nikunj/bwi_ros2_simulation/install/topic_tools_interfaces/local/lib/python3.10/dist-packages/topic_tools_interfaces/topic_tools_interfaces_s__rosidl_typesupport_introspection_c.cpython-310-x86_64-linux-gnu.so" to ""
[4.405s] -- Installing: /home/nikunj/bwi_ros2_simulation/install/topic_tools_interfaces/local/lib/python3.10/dist-packages/topic_tools_interfaces/topic_tools_interfaces_s__rosidl_typesupport_c.cpython-310-x86_64-linux-gnu.so
[4.406s] -- Set runtime path of "/home/nikunj/bwi_ros2_simulation/install/topic_tools_interfaces/local/lib/python3.10/dist-packages/topic_tools_interfaces/topic_tools_interfaces_s__rosidl_typesupport_c.cpython-310-x86_64-linux-gnu.so" to ""
[4.406s] -- Installing: /home/nikunj/bwi_ros2_simulation/install/topic_tools_interfaces/lib/libtopic_tools_interfaces__rosidl_generator_py.so
[4.406s] -- Set runtime path of "/home/nikunj/bwi_ros2_simulation/install/topic_tools_interfaces/lib/libtopic_tools_interfaces__rosidl_generator_py.so" to ""
[4.406s] -- Installing: /home/nikunj/bwi_ros2_simulation/install/topic_tools_interfaces/share/topic_tools_interfaces/srv/MuxAdd.idl
[4.406s] -- Installing: /home/nikunj/bwi_ros2_simulation/install/topic_tools_interfaces/share/topic_tools_interfaces/srv/MuxDelete.idl
[4.406s] -- Installing: /home/nikunj/bwi_ros2_simulation/install/topic_tools_interfaces/share/topic_tools_interfaces/srv/MuxList.idl
[4.407s] -- Installing: /home/nikunj/bwi_ros2_simulation/install/topic_tools_interfaces/share/topic_tools_interfaces/srv/MuxSelect.idl
[4.407s] -- Installing: /home/nikunj/bwi_ros2_simulation/install/topic_tools_interfaces/share/topic_tools_interfaces/srv/MuxAdd.srv
[4.407s] -- Installing: /home/nikunj/bwi_ros2_simulation/install/topic_tools_interfaces/share/topic_tools_interfaces/srv/MuxAdd_Request.msg
[4.407s] -- Installing: /home/nikunj/bwi_ros2_simulation/install/topic_tools_interfaces/share/topic_tools_interfaces/srv/MuxAdd_Response.msg
[4.407s] -- Installing: /home/nikunj/bwi_ros2_simulation/install/topic_tools_interfaces/share/topic_tools_interfaces/srv/MuxDelete.srv
[4.407s] -- Installing: /home/nikunj/bwi_ros2_simulation/install/topic_tools_interfaces/share/topic_tools_interfaces/srv/MuxDelete_Request.msg
[4.407s] -- Installing: /home/nikunj/bwi_ros2_simulation/install/topic_tools_interfaces/share/topic_tools_interfaces/srv/MuxDelete_Response.msg
[4.407s] -- Installing: /home/nikunj/bwi_ros2_simulation/install/topic_tools_interfaces/share/topic_tools_interfaces/srv/MuxList.srv
[4.407s] -- Installing: /home/nikunj/bwi_ros2_simulation/install/topic_tools_interfaces/share/topic_tools_interfaces/srv/MuxList_Request.msg
[4.407s] -- Installing: /home/nikunj/bwi_ros2_simulation/install/topic_tools_interfaces/share/topic_tools_interfaces/srv/MuxList_Response.msg
[4.407s] -- Installing: /home/nikunj/bwi_ros2_simulation/install/topic_tools_interfaces/share/topic_tools_interfaces/srv/MuxSelect.srv
[4.407s] -- Installing: /home/nikunj/bwi_ros2_simulation/install/topic_tools_interfaces/share/topic_tools_interfaces/srv/MuxSelect_Request.msg
[4.408s] -- Installing: /home/nikunj/bwi_ros2_simulation/install/topic_tools_interfaces/share/topic_tools_interfaces/srv/MuxSelect_Response.msg
[4.408s] -- Installing: /home/nikunj/bwi_ros2_simulation/install/topic_tools_interfaces/share/ament_index/resource_index/package_run_dependencies/topic_tools_interfaces
[4.408s] -- Installing: /home/nikunj/bwi_ros2_simulation/install/topic_tools_interfaces/share/ament_index/resource_index/parent_prefix_path/topic_tools_interfaces
[4.408s] -- Installing: /home/nikunj/bwi_ros2_simulation/install/topic_tools_interfaces/share/topic_tools_interfaces/environment/ament_prefix_path.sh
[4.408s] -- Installing: /home/nikunj/bwi_ros2_simulation/install/topic_tools_interfaces/share/topic_tools_interfaces/environment/ament_prefix_path.dsv
[4.408s] -- Installing: /home/nikunj/bwi_ros2_simulation/install/topic_tools_interfaces/share/topic_tools_interfaces/environment/path.sh
[4.408s] -- Installing: /home/nikunj/bwi_ros2_simulation/install/topic_tools_interfaces/share/topic_tools_interfaces/environment/path.dsv
[4.408s] -- Installing: /home/nikunj/bwi_ros2_simulation/install/topic_tools_interfaces/share/topic_tools_interfaces/local_setup.bash
[4.409s] -- Installing: /home/nikunj/bwi_ros2_simulation/install/topic_tools_interfaces/share/topic_tools_interfaces/local_setup.sh
[4.409s] -- Installing: /home/nikunj/bwi_ros2_simulation/install/topic_tools_interfaces/share/topic_tools_interfaces/local_setup.zsh
[4.409s] -- Installing: /home/nikunj/bwi_ros2_simulation/install/topic_tools_interfaces/share/topic_tools_interfaces/local_setup.dsv
[4.409s] -- Installing: /home/nikunj/bwi_ros2_simulation/install/topic_tools_interfaces/share/topic_tools_interfaces/package.dsv
[4.409s] -- Installing: /home/nikunj/bwi_ros2_simulation/install/topic_tools_interfaces/share/ament_index/resource_index/packages/topic_tools_interfaces
[4.409s] -- Installing: /home/nikunj/bwi_ros2_simulation/install/topic_tools_interfaces/share/topic_tools_interfaces/cmake/export_topic_tools_interfaces__rosidl_generator_cExport.cmake
[4.409s] -- Installing: /home/nikunj/bwi_ros2_simulation/install/topic_tools_interfaces/share/topic_tools_interfaces/cmake/export_topic_tools_interfaces__rosidl_generator_cExport-noconfig.cmake
[4.409s] -- Installing: /home/nikunj/bwi_ros2_simulation/install/topic_tools_interfaces/share/topic_tools_interfaces/cmake/export_topic_tools_interfaces__rosidl_typesupport_fastrtps_cExport.cmake
[4.409s] -- Installing: /home/nikunj/bwi_ros2_simulation/install/topic_tools_interfaces/share/topic_tools_interfaces/cmake/export_topic_tools_interfaces__rosidl_typesupport_fastrtps_cExport-noconfig.cmake
[4.410s] -- Installing: /home/nikunj/bwi_ros2_simulation/install/topic_tools_interfaces/share/topic_tools_interfaces/cmake/topic_tools_interfaces__rosidl_typesupport_introspection_cExport.cmake
[4.410s] -- Installing: /home/nikunj/bwi_ros2_simulation/install/topic_tools_interfaces/share/topic_tools_interfaces/cmake/topic_tools_interfaces__rosidl_typesupport_introspection_cExport-noconfig.cmake
[4.410s] -- Installing: /home/nikunj/bwi_ros2_simulation/install/topic_tools_interfaces/share/topic_tools_interfaces/cmake/topic_tools_interfaces__rosidl_typesupport_cExport.cmake
[4.410s] -- Installing: /home/nikunj/bwi_ros2_simulation/install/topic_tools_interfaces/share/topic_tools_interfaces/cmake/topic_tools_interfaces__rosidl_typesupport_cExport-noconfig.cmake
[4.410s] -- Installing: /home/nikunj/bwi_ros2_simulation/install/topic_tools_interfaces/share/topic_tools_interfaces/cmake/export_topic_tools_interfaces__rosidl_generator_cppExport.cmake
[4.410s] -- Installing: /home/nikunj/bwi_ros2_simulation/install/topic_tools_interfaces/share/topic_tools_interfaces/cmake/export_topic_tools_interfaces__rosidl_typesupport_fastrtps_cppExport.cmake
[4.410s] -- Installing: /home/nikunj/bwi_ros2_simulation/install/topic_tools_interfaces/share/topic_tools_interfaces/cmake/export_topic_tools_interfaces__rosidl_typesupport_fastrtps_cppExport-noconfig.cmake
[4.410s] -- Installing: /home/nikunj/bwi_ros2_simulation/install/topic_tools_interfaces/share/topic_tools_interfaces/cmake/topic_tools_interfaces__rosidl_typesupport_introspection_cppExport.cmake
[4.411s] -- Installing: /home/nikunj/bwi_ros2_simulation/install/topic_tools_interfaces/share/topic_tools_interfaces/cmake/topic_tools_interfaces__rosidl_typesupport_introspection_cppExport-noconfig.cmake
[4.411s] -- Installing: /home/nikunj/bwi_ros2_simulation/install/topic_tools_interfaces/share/topic_tools_interfaces/cmake/topic_tools_interfaces__rosidl_typesupport_cppExport.cmake
[4.411s] -- Installing: /home/nikunj/bwi_ros2_simulation/install/topic_tools_interfaces/share/topic_tools_interfaces/cmake/topic_tools_interfaces__rosidl_typesupport_cppExport-noconfig.cmake
[4.411s] -- Installing: /home/nikunj/bwi_ros2_simulation/install/topic_tools_interfaces/share/topic_tools_interfaces/cmake/export_topic_tools_interfaces__rosidl_generator_pyExport.cmake
[4.411s] -- Installing: /home/nikunj/bwi_ros2_simulation/install/topic_tools_interfaces/share/topic_tools_interfaces/cmake/export_topic_tools_interfaces__rosidl_generator_pyExport-noconfig.cmake
[4.411s] -- Installing: /home/nikunj/bwi_ros2_simulation/install/topic_tools_interfaces/share/topic_tools_interfaces/cmake/rosidl_cmake-extras.cmake
[4.411s] -- Installing: /home/nikunj/bwi_ros2_simulation/install/topic_tools_interfaces/share/topic_tools_interfaces/cmake/ament_cmake_export_dependencies-extras.cmake
[4.411s] -- Installing: /home/nikunj/bwi_ros2_simulation/install/topic_tools_interfaces/share/topic_tools_interfaces/cmake/ament_cmake_export_include_directories-extras.cmake
[4.411s] -- Installing: /home/nikunj/bwi_ros2_simulation/install/topic_tools_interfaces/share/topic_tools_interfaces/cmake/ament_cmake_export_libraries-extras.cmake
[4.412s] -- Installing: /home/nikunj/bwi_ros2_simulation/install/topic_tools_interfaces/share/topic_tools_interfaces/cmake/ament_cmake_export_targets-extras.cmake
[4.412s] -- Installing: /home/nikunj/bwi_ros2_simulation/install/topic_tools_interfaces/share/topic_tools_interfaces/cmake/rosidl_cmake_export_typesupport_targets-extras.cmake
[4.412s] -- Installing: /home/nikunj/bwi_ros2_simulation/install/topic_tools_interfaces/share/topic_tools_interfaces/cmake/rosidl_cmake_export_typesupport_libraries-extras.cmake
[4.412s] -- Installing: /home/nikunj/bwi_ros2_simulation/install/topic_tools_interfaces/share/topic_tools_interfaces/cmake/topic_tools_interfacesConfig.cmake
[4.412s] -- Installing: /home/nikunj/bwi_ros2_simulation/install/topic_tools_interfaces/share/topic_tools_interfaces/cmake/topic_tools_interfacesConfig-version.cmake
[4.412s] -- Installing: /home/nikunj/bwi_ros2_simulation/install/topic_tools_interfaces/share/topic_tools_interfaces/package.xml
[4.414s] Invoked command in '/home/nikunj/bwi_ros2_simulation/build/topic_tools_interfaces' returned '0': CMAKE_PREFIX_PATH=${CMAKE_PREFIX_PATH}:/home/nikunj/bwi_ros2_simulation/install/test_odom:/home/nikunj/bwi_ros2_simulation/install/test_cmaes:/home/nikunj/bwi_ros2_simulation/install/teleop_multi_robot:/home/nikunj/bwi_ros2_simulation/install/scan_filter:/home/nikunj/bwi_ros2_simulation/install/odom_tf_publisher:/home/nikunj/bwi_ros2_simulation/install/lwr_comms_client:/home/nikunj/bwi_ros2_simulation/install/kinect_data_collector:/home/nikunj/bwi_ros2_simulation/install/keep_alive_pkg:/home/nikunj/bwi_ros2_simulation/install/collision_monitor:/home/nikunj/bwi_ros2_simulation/install/bwi_tools:/home/nikunj/bwi_ros2_simulation/install/bwi_tasks:/home/nikunj/bwi_ros2_simulation/install/bwi_reset:/home/nikunj/bwi_ros2_simulation/install/bwi_perc:/home/nikunj/bwi_ros2_simulation/install/bwi_hallucination:/opt/ros/humble /usr/bin/cmake --install /home/nikunj/bwi_ros2_simulation/build/topic_tools_interfaces
