[0.442s] Invoking command in '/home/nikunj/bwi_ros2_simulation/src/bwi_reset': PYTHONPATH=/home/nikunj/bwi_ros2_simulation/build/bwi_reset/prefix_override:/usr/lib/python3/dist-packages/colcon_core/task/python/colcon_distutils_commands:/home/nikunj/bwi_ros2_simulation/install/bwi_reset/lib/python3.10/site-packages:${PYTHONPATH} /usr/bin/python3 -W ignore:setup.py install is deprecated -W ignore:easy_install command is deprecated setup.py egg_info --egg-base ../../build/bwi_reset build --build-base /home/nikunj/bwi_ros2_simulation/build/bwi_reset/build install --record /home/nikunj/bwi_ros2_simulation/build/bwi_reset/install.log --single-version-externally-managed install_data
[0.602s] running egg_info
[0.602s] writing ../../build/bwi_reset/bwi_reset.egg-info/PKG-INFO
[0.602s] writing dependency_links to ../../build/bwi_reset/bwi_reset.egg-info/dependency_links.txt
[0.602s] writing entry points to ../../build/bwi_reset/bwi_reset.egg-info/entry_points.txt
[0.602s] writing requirements to ../../build/bwi_reset/bwi_reset.egg-info/requires.txt
[0.602s] writing top-level names to ../../build/bwi_reset/bwi_reset.egg-info/top_level.txt
[0.604s] reading manifest file '../../build/bwi_reset/bwi_reset.egg-info/SOURCES.txt'
[0.604s] writing manifest file '../../build/bwi_reset/bwi_reset.egg-info/SOURCES.txt'
[0.604s] running build
[0.604s] running build_py
[0.604s] copying bwi_reset/reset_robots.py -> /home/nikunj/bwi_ros2_simulation/build/bwi_reset/build/lib/bwi_reset
[0.604s] running install
[0.604s] running install_lib
[0.605s] copying /home/nikunj/bwi_ros2_simulation/build/bwi_reset/build/lib/bwi_reset/reset_robots.py -> /home/nikunj/bwi_ros2_simulation/install/bwi_reset/lib/python3.10/site-packages/bwi_reset
[0.605s] byte-compiling /home/nikunj/bwi_ros2_simulation/install/bwi_reset/lib/python3.10/site-packages/bwi_reset/reset_robots.py to reset_robots.cpython-310.pyc
[0.606s] running install_data
[0.606s] running install_egg_info
[0.607s] removing '/home/nikunj/bwi_ros2_simulation/install/bwi_reset/lib/python3.10/site-packages/bwi_reset-0.0.0-py3.10.egg-info' (and everything under it)
[0.607s] Copying ../../build/bwi_reset/bwi_reset.egg-info to /home/nikunj/bwi_ros2_simulation/install/bwi_reset/lib/python3.10/site-packages/bwi_reset-0.0.0-py3.10.egg-info
[0.608s] running install_scripts
[0.620s] Installing reset_robots script to /home/nikunj/bwi_ros2_simulation/install/bwi_reset/lib/bwi_reset
[0.620s] writing list of installed files to '/home/nikunj/bwi_ros2_simulation/build/bwi_reset/install.log'
[0.635s] Invoked command in '/home/nikunj/bwi_ros2_simulation/src/bwi_reset' returned '0': PYTHONPATH=/home/nikunj/bwi_ros2_simulation/build/bwi_reset/prefix_override:/usr/lib/python3/dist-packages/colcon_core/task/python/colcon_distutils_commands:/home/nikunj/bwi_ros2_simulation/install/bwi_reset/lib/python3.10/site-packages:${PYTHONPATH} /usr/bin/python3 -W ignore:setup.py install is deprecated -W ignore:easy_install command is deprecated setup.py egg_info --egg-base ../../build/bwi_reset build --build-base /home/nikunj/bwi_ros2_simulation/build/bwi_reset/build install --record /home/nikunj/bwi_ros2_simulation/build/bwi_reset/install.log --single-version-externally-managed install_data
