[  9%] Built target bwi_tasks_interface__rosidl_generator_c
[ 12%] Built target bwi_tasks_interface__cpp
[ 12%] Built target ament_cmake_python_copy_bwi_tasks_interface
[ 22%] Built target bwi_tasks_interface__rosidl_typesupport_introspection_c
[ 32%] Built target bwi_tasks_interface__rosidl_typesupport_c
[ 41%] Built target bwi_tasks_interface__rosidl_typesupport_fastrtps_c
[ 51%] Built target bwi_tasks_interface__rosidl_typesupport_fastrtps_cpp
[ 61%] Built target bwi_tasks_interface__rosidl_typesupport_cpp
[ 70%] Built target bwi_tasks_interface__rosidl_typesupport_introspection_cpp
[ 70%] Built target bwi_tasks_interface
[ 74%] Built target bwi_tasks_interface__py
[ 80%] Built target bwi_tasks_interface__rosidl_generator_py
[ 87%] Built target bwi_tasks_interface__rosidl_typesupport_fastrtps_c__pyext
[ 93%] Built target bwi_tasks_interface__rosidl_typesupport_c__pyext
[100%] Built target bwi_tasks_interface__rosidl_typesupport_introspection_c__pyext
running egg_info
writing bwi_tasks_interface.egg-info/PKG-INFO
writing dependency_links to bwi_tasks_interface.egg-info/dependency_links.txt
writing top-level names to bwi_tasks_interface.egg-info/top_level.txt
reading manifest file 'bwi_tasks_interface.egg-info/SOURCES.txt'
writing manifest file 'bwi_tasks_interface.egg-info/SOURCES.txt'
[100%] Built target ament_cmake_python_build_bwi_tasks_interface_egg
-- Install configuration: ""
-- Up-to-date: /home/nikunj/bwi_ros2_simulation/install/bwi_tasks_interface/share/ament_index/resource_index/rosidl_interfaces/bwi_tasks_interface
-- Up-to-date: /home/nikunj/bwi_ros2_simulation/install/bwi_tasks_interface/include/bwi_tasks_interface/bwi_tasks_interface
-- Up-to-date: /home/nikunj/bwi_ros2_simulation/install/bwi_tasks_interface/include/bwi_tasks_interface/bwi_tasks_interface/msg
-- Up-to-date: /home/nikunj/bwi_ros2_simulation/install/bwi_tasks_interface/include/bwi_tasks_interface/bwi_tasks_interface/msg/detail
-- Up-to-date: /home/nikunj/bwi_ros2_simulation/install/bwi_tasks_interface/include/bwi_tasks_interface/bwi_tasks_interface/msg/detail/virtual_obstacle__functions.h
-- Up-to-date: /home/nikunj/bwi_ros2_simulation/install/bwi_tasks_interface/include/bwi_tasks_interface/bwi_tasks_interface/msg/detail/virtual_obstacle__struct.h
-- Up-to-date: /home/nikunj/bwi_ros2_simulation/install/bwi_tasks_interface/include/bwi_tasks_interface/bwi_tasks_interface/msg/detail/virtual_obstacle__type_support.h
-- Up-to-date: /home/nikunj/bwi_ros2_simulation/install/bwi_tasks_interface/include/bwi_tasks_interface/bwi_tasks_interface/msg/detail/virtual_obstacle__functions.c
-- Up-to-date: /home/nikunj/bwi_ros2_simulation/install/bwi_tasks_interface/include/bwi_tasks_interface/bwi_tasks_interface/msg/virtual_obstacle.h
-- Up-to-date: /home/nikunj/bwi_ros2_simulation/install/bwi_tasks_interface/include/bwi_tasks_interface/bwi_tasks_interface/msg/rosidl_generator_c__visibility_control.h
-- Up-to-date: /home/nikunj/bwi_ros2_simulation/install/bwi_tasks_interface/share/bwi_tasks_interface/environment/library_path.sh
-- Up-to-date: /home/nikunj/bwi_ros2_simulation/install/bwi_tasks_interface/share/bwi_tasks_interface/environment/library_path.dsv
-- Up-to-date: /home/nikunj/bwi_ros2_simulation/install/bwi_tasks_interface/lib/libbwi_tasks_interface__rosidl_generator_c.so
-- Up-to-date: /home/nikunj/bwi_ros2_simulation/install/bwi_tasks_interface/include/bwi_tasks_interface/bwi_tasks_interface
-- Up-to-date: /home/nikunj/bwi_ros2_simulation/install/bwi_tasks_interface/include/bwi_tasks_interface/bwi_tasks_interface/msg
-- Up-to-date: /home/nikunj/bwi_ros2_simulation/install/bwi_tasks_interface/include/bwi_tasks_interface/bwi_tasks_interface/msg/detail
-- Up-to-date: /home/nikunj/bwi_ros2_simulation/install/bwi_tasks_interface/include/bwi_tasks_interface/bwi_tasks_interface/msg/detail/virtual_obstacle__rosidl_typesupport_fastrtps_c.h
-- Up-to-date: /home/nikunj/bwi_ros2_simulation/install/bwi_tasks_interface/include/bwi_tasks_interface/bwi_tasks_interface/msg/rosidl_typesupport_fastrtps_c__visibility_control.h
-- Up-to-date: /home/nikunj/bwi_ros2_simulation/install/bwi_tasks_interface/lib/libbwi_tasks_interface__rosidl_typesupport_fastrtps_c.so
-- Up-to-date: /home/nikunj/bwi_ros2_simulation/install/bwi_tasks_interface/include/bwi_tasks_interface/bwi_tasks_interface
-- Up-to-date: /home/nikunj/bwi_ros2_simulation/install/bwi_tasks_interface/include/bwi_tasks_interface/bwi_tasks_interface/msg
-- Up-to-date: /home/nikunj/bwi_ros2_simulation/install/bwi_tasks_interface/include/bwi_tasks_interface/bwi_tasks_interface/msg/rosidl_generator_cpp__visibility_control.hpp
-- Up-to-date: /home/nikunj/bwi_ros2_simulation/install/bwi_tasks_interface/include/bwi_tasks_interface/bwi_tasks_interface/msg/virtual_obstacle.hpp
-- Up-to-date: /home/nikunj/bwi_ros2_simulation/install/bwi_tasks_interface/include/bwi_tasks_interface/bwi_tasks_interface/msg/detail
-- Up-to-date: /home/nikunj/bwi_ros2_simulation/install/bwi_tasks_interface/include/bwi_tasks_interface/bwi_tasks_interface/msg/detail/virtual_obstacle__struct.hpp
-- Up-to-date: /home/nikunj/bwi_ros2_simulation/install/bwi_tasks_interface/include/bwi_tasks_interface/bwi_tasks_interface/msg/detail/virtual_obstacle__builder.hpp
-- Up-to-date: /home/nikunj/bwi_ros2_simulation/install/bwi_tasks_interface/include/bwi_tasks_interface/bwi_tasks_interface/msg/detail/virtual_obstacle__traits.hpp
-- Up-to-date: /home/nikunj/bwi_ros2_simulation/install/bwi_tasks_interface/include/bwi_tasks_interface/bwi_tasks_interface/msg/detail/virtual_obstacle__type_support.hpp
-- Up-to-date: /home/nikunj/bwi_ros2_simulation/install/bwi_tasks_interface/include/bwi_tasks_interface/bwi_tasks_interface
-- Up-to-date: /home/nikunj/bwi_ros2_simulation/install/bwi_tasks_interface/include/bwi_tasks_interface/bwi_tasks_interface/msg
-- Up-to-date: /home/nikunj/bwi_ros2_simulation/install/bwi_tasks_interface/include/bwi_tasks_interface/bwi_tasks_interface/msg/detail
-- Up-to-date: /home/nikunj/bwi_ros2_simulation/install/bwi_tasks_interface/include/bwi_tasks_interface/bwi_tasks_interface/msg/detail/dds_fastrtps
-- Up-to-date: /home/nikunj/bwi_ros2_simulation/install/bwi_tasks_interface/include/bwi_tasks_interface/bwi_tasks_interface/msg/detail/virtual_obstacle__rosidl_typesupport_fastrtps_cpp.hpp
-- Up-to-date: /home/nikunj/bwi_ros2_simulation/install/bwi_tasks_interface/include/bwi_tasks_interface/bwi_tasks_interface/msg/rosidl_typesupport_fastrtps_cpp__visibility_control.h
-- Up-to-date: /home/nikunj/bwi_ros2_simulation/install/bwi_tasks_interface/lib/libbwi_tasks_interface__rosidl_typesupport_fastrtps_cpp.so
-- Up-to-date: /home/nikunj/bwi_ros2_simulation/install/bwi_tasks_interface/include/bwi_tasks_interface/bwi_tasks_interface
-- Up-to-date: /home/nikunj/bwi_ros2_simulation/install/bwi_tasks_interface/include/bwi_tasks_interface/bwi_tasks_interface/msg
-- Up-to-date: /home/nikunj/bwi_ros2_simulation/install/bwi_tasks_interface/include/bwi_tasks_interface/bwi_tasks_interface/msg/detail
-- Up-to-date: /home/nikunj/bwi_ros2_simulation/install/bwi_tasks_interface/include/bwi_tasks_interface/bwi_tasks_interface/msg/detail/virtual_obstacle__type_support.c
-- Up-to-date: /home/nikunj/bwi_ros2_simulation/install/bwi_tasks_interface/include/bwi_tasks_interface/bwi_tasks_interface/msg/detail/virtual_obstacle__rosidl_typesupport_introspection_c.h
-- Up-to-date: /home/nikunj/bwi_ros2_simulation/install/bwi_tasks_interface/include/bwi_tasks_interface/bwi_tasks_interface/msg/rosidl_typesupport_introspection_c__visibility_control.h
-- Up-to-date: /home/nikunj/bwi_ros2_simulation/install/bwi_tasks_interface/lib/libbwi_tasks_interface__rosidl_typesupport_introspection_c.so
-- Up-to-date: /home/nikunj/bwi_ros2_simulation/install/bwi_tasks_interface/lib/libbwi_tasks_interface__rosidl_typesupport_c.so
-- Up-to-date: /home/nikunj/bwi_ros2_simulation/install/bwi_tasks_interface/include/bwi_tasks_interface/bwi_tasks_interface
-- Up-to-date: /home/nikunj/bwi_ros2_simulation/install/bwi_tasks_interface/include/bwi_tasks_interface/bwi_tasks_interface/msg
-- Up-to-date: /home/nikunj/bwi_ros2_simulation/install/bwi_tasks_interface/include/bwi_tasks_interface/bwi_tasks_interface/msg/detail
-- Up-to-date: /home/nikunj/bwi_ros2_simulation/install/bwi_tasks_interface/include/bwi_tasks_interface/bwi_tasks_interface/msg/detail/virtual_obstacle__rosidl_typesupport_introspection_cpp.hpp
-- Up-to-date: /home/nikunj/bwi_ros2_simulation/install/bwi_tasks_interface/include/bwi_tasks_interface/bwi_tasks_interface/msg/detail/virtual_obstacle__type_support.cpp
-- Up-to-date: /home/nikunj/bwi_ros2_simulation/install/bwi_tasks_interface/lib/libbwi_tasks_interface__rosidl_typesupport_introspection_cpp.so
-- Up-to-date: /home/nikunj/bwi_ros2_simulation/install/bwi_tasks_interface/lib/libbwi_tasks_interface__rosidl_typesupport_cpp.so
-- Up-to-date: /home/nikunj/bwi_ros2_simulation/install/bwi_tasks_interface/share/bwi_tasks_interface/environment/pythonpath.sh
-- Up-to-date: /home/nikunj/bwi_ros2_simulation/install/bwi_tasks_interface/share/bwi_tasks_interface/environment/pythonpath.dsv
-- Up-to-date: /home/nikunj/bwi_ros2_simulation/install/bwi_tasks_interface/local/lib/python3.10/dist-packages/bwi_tasks_interface-0.0.0-py3.10.egg-info
-- Installing: /home/nikunj/bwi_ros2_simulation/install/bwi_tasks_interface/local/lib/python3.10/dist-packages/bwi_tasks_interface-0.0.0-py3.10.egg-info/dependency_links.txt
-- Installing: /home/nikunj/bwi_ros2_simulation/install/bwi_tasks_interface/local/lib/python3.10/dist-packages/bwi_tasks_interface-0.0.0-py3.10.egg-info/top_level.txt
-- Installing: /home/nikunj/bwi_ros2_simulation/install/bwi_tasks_interface/local/lib/python3.10/dist-packages/bwi_tasks_interface-0.0.0-py3.10.egg-info/PKG-INFO
-- Installing: /home/nikunj/bwi_ros2_simulation/install/bwi_tasks_interface/local/lib/python3.10/dist-packages/bwi_tasks_interface-0.0.0-py3.10.egg-info/SOURCES.txt
-- Up-to-date: /home/nikunj/bwi_ros2_simulation/install/bwi_tasks_interface/local/lib/python3.10/dist-packages/bwi_tasks_interface
-- Up-to-date: /home/nikunj/bwi_ros2_simulation/install/bwi_tasks_interface/local/lib/python3.10/dist-packages/bwi_tasks_interface/bwi_tasks_interface_s__rosidl_typesupport_introspection_c.cpython-310-x86_64-linux-gnu.so
-- Up-to-date: /home/nikunj/bwi_ros2_simulation/install/bwi_tasks_interface/local/lib/python3.10/dist-packages/bwi_tasks_interface/libbwi_tasks_interface__rosidl_generator_py.so
-- Up-to-date: /home/nikunj/bwi_ros2_simulation/install/bwi_tasks_interface/local/lib/python3.10/dist-packages/bwi_tasks_interface/__init__.py
-- Up-to-date: /home/nikunj/bwi_ros2_simulation/install/bwi_tasks_interface/local/lib/python3.10/dist-packages/bwi_tasks_interface/bwi_tasks_interface_s__rosidl_typesupport_fastrtps_c.cpython-310-x86_64-linux-gnu.so
-- Up-to-date: /home/nikunj/bwi_ros2_simulation/install/bwi_tasks_interface/local/lib/python3.10/dist-packages/bwi_tasks_interface/_bwi_tasks_interface_s.ep.rosidl_typesupport_introspection_c.c
-- Up-to-date: /home/nikunj/bwi_ros2_simulation/install/bwi_tasks_interface/local/lib/python3.10/dist-packages/bwi_tasks_interface/_bwi_tasks_interface_s.ep.rosidl_typesupport_fastrtps_c.c
-- Up-to-date: /home/nikunj/bwi_ros2_simulation/install/bwi_tasks_interface/local/lib/python3.10/dist-packages/bwi_tasks_interface/msg
-- Up-to-date: /home/nikunj/bwi_ros2_simulation/install/bwi_tasks_interface/local/lib/python3.10/dist-packages/bwi_tasks_interface/msg/_virtual_obstacle_s.c
-- Up-to-date: /home/nikunj/bwi_ros2_simulation/install/bwi_tasks_interface/local/lib/python3.10/dist-packages/bwi_tasks_interface/msg/__init__.py
-- Up-to-date: /home/nikunj/bwi_ros2_simulation/install/bwi_tasks_interface/local/lib/python3.10/dist-packages/bwi_tasks_interface/msg/_virtual_obstacle.py
-- Up-to-date: /home/nikunj/bwi_ros2_simulation/install/bwi_tasks_interface/local/lib/python3.10/dist-packages/bwi_tasks_interface/bwi_tasks_interface_s__rosidl_typesupport_c.cpython-310-x86_64-linux-gnu.so
-- Up-to-date: /home/nikunj/bwi_ros2_simulation/install/bwi_tasks_interface/local/lib/python3.10/dist-packages/bwi_tasks_interface/_bwi_tasks_interface_s.ep.rosidl_typesupport_c.c
Listing '/home/nikunj/bwi_ros2_simulation/install/bwi_tasks_interface/local/lib/python3.10/dist-packages/bwi_tasks_interface'...
Listing '/home/nikunj/bwi_ros2_simulation/install/bwi_tasks_interface/local/lib/python3.10/dist-packages/bwi_tasks_interface/msg'...
-- Up-to-date: /home/nikunj/bwi_ros2_simulation/install/bwi_tasks_interface/local/lib/python3.10/dist-packages/bwi_tasks_interface/bwi_tasks_interface_s__rosidl_typesupport_fastrtps_c.cpython-310-x86_64-linux-gnu.so
-- Up-to-date: /home/nikunj/bwi_ros2_simulation/install/bwi_tasks_interface/local/lib/python3.10/dist-packages/bwi_tasks_interface/bwi_tasks_interface_s__rosidl_typesupport_introspection_c.cpython-310-x86_64-linux-gnu.so
-- Up-to-date: /home/nikunj/bwi_ros2_simulation/install/bwi_tasks_interface/local/lib/python3.10/dist-packages/bwi_tasks_interface/bwi_tasks_interface_s__rosidl_typesupport_c.cpython-310-x86_64-linux-gnu.so
-- Up-to-date: /home/nikunj/bwi_ros2_simulation/install/bwi_tasks_interface/lib/libbwi_tasks_interface__rosidl_generator_py.so
-- Up-to-date: /home/nikunj/bwi_ros2_simulation/install/bwi_tasks_interface/share/bwi_tasks_interface/msg/VirtualObstacle.idl
-- Up-to-date: /home/nikunj/bwi_ros2_simulation/install/bwi_tasks_interface/share/bwi_tasks_interface/msg/VirtualObstacle.msg
-- Up-to-date: /home/nikunj/bwi_ros2_simulation/install/bwi_tasks_interface/share/ament_index/resource_index/package_run_dependencies/bwi_tasks_interface
-- Up-to-date: /home/nikunj/bwi_ros2_simulation/install/bwi_tasks_interface/share/ament_index/resource_index/parent_prefix_path/bwi_tasks_interface
-- Up-to-date: /home/nikunj/bwi_ros2_simulation/install/bwi_tasks_interface/share/bwi_tasks_interface/environment/ament_prefix_path.sh
-- Up-to-date: /home/nikunj/bwi_ros2_simulation/install/bwi_tasks_interface/share/bwi_tasks_interface/environment/ament_prefix_path.dsv
-- Up-to-date: /home/nikunj/bwi_ros2_simulation/install/bwi_tasks_interface/share/bwi_tasks_interface/environment/path.sh
-- Up-to-date: /home/nikunj/bwi_ros2_simulation/install/bwi_tasks_interface/share/bwi_tasks_interface/environment/path.dsv
-- Up-to-date: /home/nikunj/bwi_ros2_simulation/install/bwi_tasks_interface/share/bwi_tasks_interface/local_setup.bash
-- Up-to-date: /home/nikunj/bwi_ros2_simulation/install/bwi_tasks_interface/share/bwi_tasks_interface/local_setup.sh
-- Up-to-date: /home/nikunj/bwi_ros2_simulation/install/bwi_tasks_interface/share/bwi_tasks_interface/local_setup.zsh
-- Up-to-date: /home/nikunj/bwi_ros2_simulation/install/bwi_tasks_interface/share/bwi_tasks_interface/local_setup.dsv
-- Installing: /home/nikunj/bwi_ros2_simulation/install/bwi_tasks_interface/share/bwi_tasks_interface/package.dsv
-- Up-to-date: /home/nikunj/bwi_ros2_simulation/install/bwi_tasks_interface/share/ament_index/resource_index/packages/bwi_tasks_interface
-- Up-to-date: /home/nikunj/bwi_ros2_simulation/install/bwi_tasks_interface/share/bwi_tasks_interface/cmake/export_bwi_tasks_interface__rosidl_generator_cExport.cmake
-- Up-to-date: /home/nikunj/bwi_ros2_simulation/install/bwi_tasks_interface/share/bwi_tasks_interface/cmake/export_bwi_tasks_interface__rosidl_generator_cExport-noconfig.cmake
-- Up-to-date: /home/nikunj/bwi_ros2_simulation/install/bwi_tasks_interface/share/bwi_tasks_interface/cmake/export_bwi_tasks_interface__rosidl_typesupport_fastrtps_cExport.cmake
-- Up-to-date: /home/nikunj/bwi_ros2_simulation/install/bwi_tasks_interface/share/bwi_tasks_interface/cmake/export_bwi_tasks_interface__rosidl_typesupport_fastrtps_cExport-noconfig.cmake
-- Up-to-date: /home/nikunj/bwi_ros2_simulation/install/bwi_tasks_interface/share/bwi_tasks_interface/cmake/export_bwi_tasks_interface__rosidl_generator_cppExport.cmake
-- Up-to-date: /home/nikunj/bwi_ros2_simulation/install/bwi_tasks_interface/share/bwi_tasks_interface/cmake/export_bwi_tasks_interface__rosidl_typesupport_fastrtps_cppExport.cmake
-- Up-to-date: /home/nikunj/bwi_ros2_simulation/install/bwi_tasks_interface/share/bwi_tasks_interface/cmake/export_bwi_tasks_interface__rosidl_typesupport_fastrtps_cppExport-noconfig.cmake
-- Up-to-date: /home/nikunj/bwi_ros2_simulation/install/bwi_tasks_interface/share/bwi_tasks_interface/cmake/bwi_tasks_interface__rosidl_typesupport_introspection_cExport.cmake
-- Up-to-date: /home/nikunj/bwi_ros2_simulation/install/bwi_tasks_interface/share/bwi_tasks_interface/cmake/bwi_tasks_interface__rosidl_typesupport_introspection_cExport-noconfig.cmake
-- Up-to-date: /home/nikunj/bwi_ros2_simulation/install/bwi_tasks_interface/share/bwi_tasks_interface/cmake/bwi_tasks_interface__rosidl_typesupport_cExport.cmake
-- Up-to-date: /home/nikunj/bwi_ros2_simulation/install/bwi_tasks_interface/share/bwi_tasks_interface/cmake/bwi_tasks_interface__rosidl_typesupport_cExport-noconfig.cmake
-- Up-to-date: /home/nikunj/bwi_ros2_simulation/install/bwi_tasks_interface/share/bwi_tasks_interface/cmake/bwi_tasks_interface__rosidl_typesupport_introspection_cppExport.cmake
-- Up-to-date: /home/nikunj/bwi_ros2_simulation/install/bwi_tasks_interface/share/bwi_tasks_interface/cmake/bwi_tasks_interface__rosidl_typesupport_introspection_cppExport-noconfig.cmake
-- Up-to-date: /home/nikunj/bwi_ros2_simulation/install/bwi_tasks_interface/share/bwi_tasks_interface/cmake/bwi_tasks_interface__rosidl_typesupport_cppExport.cmake
-- Up-to-date: /home/nikunj/bwi_ros2_simulation/install/bwi_tasks_interface/share/bwi_tasks_interface/cmake/bwi_tasks_interface__rosidl_typesupport_cppExport-noconfig.cmake
-- Up-to-date: /home/nikunj/bwi_ros2_simulation/install/bwi_tasks_interface/share/bwi_tasks_interface/cmake/export_bwi_tasks_interface__rosidl_generator_pyExport.cmake
-- Up-to-date: /home/nikunj/bwi_ros2_simulation/install/bwi_tasks_interface/share/bwi_tasks_interface/cmake/export_bwi_tasks_interface__rosidl_generator_pyExport-noconfig.cmake
-- Up-to-date: /home/nikunj/bwi_ros2_simulation/install/bwi_tasks_interface/share/bwi_tasks_interface/cmake/rosidl_cmake-extras.cmake
-- Up-to-date: /home/nikunj/bwi_ros2_simulation/install/bwi_tasks_interface/share/bwi_tasks_interface/cmake/ament_cmake_export_dependencies-extras.cmake
-- Up-to-date: /home/nikunj/bwi_ros2_simulation/install/bwi_tasks_interface/share/bwi_tasks_interface/cmake/ament_cmake_export_include_directories-extras.cmake
-- Up-to-date: /home/nikunj/bwi_ros2_simulation/install/bwi_tasks_interface/share/bwi_tasks_interface/cmake/ament_cmake_export_libraries-extras.cmake
-- Up-to-date: /home/nikunj/bwi_ros2_simulation/install/bwi_tasks_interface/share/bwi_tasks_interface/cmake/ament_cmake_export_targets-extras.cmake
-- Up-to-date: /home/nikunj/bwi_ros2_simulation/install/bwi_tasks_interface/share/bwi_tasks_interface/cmake/rosidl_cmake_export_typesupport_targets-extras.cmake
-- Up-to-date: /home/nikunj/bwi_ros2_simulation/install/bwi_tasks_interface/share/bwi_tasks_interface/cmake/rosidl_cmake_export_typesupport_libraries-extras.cmake
-- Up-to-date: /home/nikunj/bwi_ros2_simulation/install/bwi_tasks_interface/share/bwi_tasks_interface/cmake/bwi_tasks_interfaceConfig.cmake
-- Up-to-date: /home/nikunj/bwi_ros2_simulation/install/bwi_tasks_interface/share/bwi_tasks_interface/cmake/bwi_tasks_interfaceConfig-version.cmake
-- Up-to-date: /home/nikunj/bwi_ros2_simulation/install/bwi_tasks_interface/share/bwi_tasks_interface/package.xml
