[0.042s] Invoking command in '/home/nikunj/bwi_ros2_simulation/build/bwi_launch': CMAKE_PREFIX_PATH=${CMAKE_PREFIX_PATH}:/home/nikunj/bwi_ros2_simulation/install/test_odom:/home/nikunj/bwi_ros2_simulation/install/test_cmaes:/home/nikunj/bwi_ros2_simulation/install/teleop_multi_robot:/home/nikunj/bwi_ros2_simulation/install/scan_filter:/home/nikunj/bwi_ros2_simulation/install/odom_tf_publisher:/home/nikunj/bwi_ros2_simulation/install/lwr_comms_client:/home/nikunj/bwi_ros2_simulation/install/kinect_data_collector:/home/nikunj/bwi_ros2_simulation/install/keep_alive_pkg:/home/nikunj/bwi_ros2_simulation/install/collision_monitor:/home/nikunj/bwi_ros2_simulation/install/bwi_tools:/home/nikunj/bwi_ros2_simulation/install/bwi_tasks:/home/nikunj/bwi_ros2_simulation/install/bwi_reset:/home/nikunj/bwi_ros2_simulation/install/bwi_perc:/home/nikunj/bwi_ros2_simulation/install/bwi_hallucination:/opt/ros/humble /usr/bin/cmake /home/nikunj/bwi_ros2_simulation/src/bwi_launch -DCMAKE_INSTALL_PREFIX=/home/nikunj/bwi_ros2_simulation/install/bwi_launch
[1.090s] -- The C compiler identification is GNU 11.4.0
[1.090s] -- The CXX compiler identification is GNU 11.4.0
[1.090s] -- Detecting C compiler ABI info
[1.090s] -- Detecting C compiler ABI info - done
[1.090s] -- Check for working C compiler: /usr/bin/cc - skipped
[1.090s] -- Detecting C compile features
[1.090s] -- Detecting C compile features - done
[1.090s] -- Detecting CXX compiler ABI info
[1.091s] -- Detecting CXX compiler ABI info - done
[1.091s] -- Check for working CXX compiler: /usr/bin/c++ - skipped
[1.091s] -- Detecting CXX compile features
[1.091s] -- Detecting CXX compile features - done
[1.091s] -- Found ament_cmake: 1.3.12 (/opt/ros/humble/share/ament_cmake/cmake)
[1.091s] -- Found Python3: /usr/bin/python3 (found version "3.10.12") found components: Interpreter 
[1.091s] -- Found ament_lint_auto: 0.12.14 (/opt/ros/humble/share/ament_lint_auto/cmake)
[1.091s] -- Added test 'cppcheck' to perform static code analysis on C / C++ code
[1.091s] -- Configured cppcheck include dirs: 
[1.091s] -- Configured cppcheck exclude dirs and/or files: 
[1.091s] -- Added test 'flake8' to check Python code syntax and style conventions
[1.091s] -- Added test 'lint_cmake' to check CMake code style
[1.091s] -- Added test 'pep257' to check Python code against some of the docstring style conventions in PEP 257
[1.091s] -- Added test 'uncrustify' to check C / C++ code style
[1.091s] -- Configured uncrustify additional arguments: 
[1.091s] -- Added test 'xmllint' to check XML markup files
[1.091s] -- Configuring done
[1.091s] -- Generating done
[1.091s] -- Build files have been written to: /home/nikunj/bwi_ros2_simulation/build/bwi_launch
[1.102s] Invoked command in '/home/nikunj/bwi_ros2_simulation/build/bwi_launch' returned '0': CMAKE_PREFIX_PATH=${CMAKE_PREFIX_PATH}:/home/nikunj/bwi_ros2_simulation/install/test_odom:/home/nikunj/bwi_ros2_simulation/install/test_cmaes:/home/nikunj/bwi_ros2_simulation/install/teleop_multi_robot:/home/nikunj/bwi_ros2_simulation/install/scan_filter:/home/nikunj/bwi_ros2_simulation/install/odom_tf_publisher:/home/nikunj/bwi_ros2_simulation/install/lwr_comms_client:/home/nikunj/bwi_ros2_simulation/install/kinect_data_collector:/home/nikunj/bwi_ros2_simulation/install/keep_alive_pkg:/home/nikunj/bwi_ros2_simulation/install/collision_monitor:/home/nikunj/bwi_ros2_simulation/install/bwi_tools:/home/nikunj/bwi_ros2_simulation/install/bwi_tasks:/home/nikunj/bwi_ros2_simulation/install/bwi_reset:/home/nikunj/bwi_ros2_simulation/install/bwi_perc:/home/nikunj/bwi_ros2_simulation/install/bwi_hallucination:/opt/ros/humble /usr/bin/cmake /home/nikunj/bwi_ros2_simulation/src/bwi_launch -DCMAKE_INSTALL_PREFIX=/home/nikunj/bwi_ros2_simulation/install/bwi_launch
[1.103s] Invoking command in '/home/nikunj/bwi_ros2_simulation/build/bwi_launch': CMAKE_PREFIX_PATH=${CMAKE_PREFIX_PATH}:/home/nikunj/bwi_ros2_simulation/install/test_odom:/home/nikunj/bwi_ros2_simulation/install/test_cmaes:/home/nikunj/bwi_ros2_simulation/install/teleop_multi_robot:/home/nikunj/bwi_ros2_simulation/install/scan_filter:/home/nikunj/bwi_ros2_simulation/install/odom_tf_publisher:/home/nikunj/bwi_ros2_simulation/install/lwr_comms_client:/home/nikunj/bwi_ros2_simulation/install/kinect_data_collector:/home/nikunj/bwi_ros2_simulation/install/keep_alive_pkg:/home/nikunj/bwi_ros2_simulation/install/collision_monitor:/home/nikunj/bwi_ros2_simulation/install/bwi_tools:/home/nikunj/bwi_ros2_simulation/install/bwi_tasks:/home/nikunj/bwi_ros2_simulation/install/bwi_reset:/home/nikunj/bwi_ros2_simulation/install/bwi_perc:/home/nikunj/bwi_ros2_simulation/install/bwi_hallucination:/opt/ros/humble /usr/bin/cmake --build /home/nikunj/bwi_ros2_simulation/build/bwi_launch -- -j32 -l32
[1.131s] Invoked command in '/home/nikunj/bwi_ros2_simulation/build/bwi_launch' returned '0': CMAKE_PREFIX_PATH=${CMAKE_PREFIX_PATH}:/home/nikunj/bwi_ros2_simulation/install/test_odom:/home/nikunj/bwi_ros2_simulation/install/test_cmaes:/home/nikunj/bwi_ros2_simulation/install/teleop_multi_robot:/home/nikunj/bwi_ros2_simulation/install/scan_filter:/home/nikunj/bwi_ros2_simulation/install/odom_tf_publisher:/home/nikunj/bwi_ros2_simulation/install/lwr_comms_client:/home/nikunj/bwi_ros2_simulation/install/kinect_data_collector:/home/nikunj/bwi_ros2_simulation/install/keep_alive_pkg:/home/nikunj/bwi_ros2_simulation/install/collision_monitor:/home/nikunj/bwi_ros2_simulation/install/bwi_tools:/home/nikunj/bwi_ros2_simulation/install/bwi_tasks:/home/nikunj/bwi_ros2_simulation/install/bwi_reset:/home/nikunj/bwi_ros2_simulation/install/bwi_perc:/home/nikunj/bwi_ros2_simulation/install/bwi_hallucination:/opt/ros/humble /usr/bin/cmake --build /home/nikunj/bwi_ros2_simulation/build/bwi_launch -- -j32 -l32
[1.143s] Invoking command in '/home/nikunj/bwi_ros2_simulation/build/bwi_launch': CMAKE_PREFIX_PATH=${CMAKE_PREFIX_PATH}:/home/nikunj/bwi_ros2_simulation/install/test_odom:/home/nikunj/bwi_ros2_simulation/install/test_cmaes:/home/nikunj/bwi_ros2_simulation/install/teleop_multi_robot:/home/nikunj/bwi_ros2_simulation/install/scan_filter:/home/nikunj/bwi_ros2_simulation/install/odom_tf_publisher:/home/nikunj/bwi_ros2_simulation/install/lwr_comms_client:/home/nikunj/bwi_ros2_simulation/install/kinect_data_collector:/home/nikunj/bwi_ros2_simulation/install/keep_alive_pkg:/home/nikunj/bwi_ros2_simulation/install/collision_monitor:/home/nikunj/bwi_ros2_simulation/install/bwi_tools:/home/nikunj/bwi_ros2_simulation/install/bwi_tasks:/home/nikunj/bwi_ros2_simulation/install/bwi_reset:/home/nikunj/bwi_ros2_simulation/install/bwi_perc:/home/nikunj/bwi_ros2_simulation/install/bwi_hallucination:/opt/ros/humble /usr/bin/cmake --install /home/nikunj/bwi_ros2_simulation/build/bwi_launch
[1.158s] -- Install configuration: ""
[1.158s] -- Installing: /home/nikunj/bwi_ros2_simulation/install/bwi_launch/share/bwi_launch/launch
[1.158s] -- Installing: /home/nikunj/bwi_ros2_simulation/install/bwi_launch/share/bwi_launch/launch/segbot_v2.launch.py
[1.158s] -- Installing: /home/nikunj/bwi_ros2_simulation/install/bwi_launch/share/bwi_launch/launch/.vscode
[1.158s] -- Installing: /home/nikunj/bwi_ros2_simulation/install/bwi_launch/share/bwi_launch/launch/.vscode/c_cpp_properties.json
[1.159s] -- Installing: /home/nikunj/bwi_ros2_simulation/install/bwi_launch/share/bwi_launch/launch/.vscode/settings.json
[1.159s] -- Installing: /home/nikunj/bwi_ros2_simulation/install/bwi_launch/share/bwi_launch/config
[1.159s] -- Installing: /home/nikunj/bwi_ros2_simulation/install/bwi_launch/share/bwi_launch/config/rviz_config_r2.rviz
[1.159s] -- Installing: /home/nikunj/bwi_ros2_simulation/install/bwi_launch/share/bwi_launch/config/nav_with_arm.rviz
[1.159s] -- Installing: /home/nikunj/bwi_ros2_simulation/install/bwi_launch/share/bwi_launch/config/laser_filter_config.yaml
[1.159s] -- Installing: /home/nikunj/bwi_ros2_simulation/install/bwi_launch/share/bwi_launch/config/rviz_config_r1.rviz
[1.159s] -- Installing: /home/nikunj/bwi_ros2_simulation/install/bwi_launch/lib/bwi_launch/odom_tf_broadcaster.py
[1.159s] -- Installing: /home/nikunj/bwi_ros2_simulation/install/bwi_launch/share/ament_index/resource_index/package_run_dependencies/bwi_launch
[1.159s] -- Installing: /home/nikunj/bwi_ros2_simulation/install/bwi_launch/share/ament_index/resource_index/parent_prefix_path/bwi_launch
[1.159s] -- Installing: /home/nikunj/bwi_ros2_simulation/install/bwi_launch/share/bwi_launch/environment/ament_prefix_path.sh
[1.159s] -- Installing: /home/nikunj/bwi_ros2_simulation/install/bwi_launch/share/bwi_launch/environment/ament_prefix_path.dsv
[1.159s] -- Installing: /home/nikunj/bwi_ros2_simulation/install/bwi_launch/share/bwi_launch/environment/path.sh
[1.159s] -- Installing: /home/nikunj/bwi_ros2_simulation/install/bwi_launch/share/bwi_launch/environment/path.dsv
[1.159s] -- Installing: /home/nikunj/bwi_ros2_simulation/install/bwi_launch/share/bwi_launch/local_setup.bash
[1.159s] -- Installing: /home/nikunj/bwi_ros2_simulation/install/bwi_launch/share/bwi_launch/local_setup.sh
[1.159s] -- Installing: /home/nikunj/bwi_ros2_simulation/install/bwi_launch/share/bwi_launch/local_setup.zsh
[1.159s] -- Installing: /home/nikunj/bwi_ros2_simulation/install/bwi_launch/share/bwi_launch/local_setup.dsv
[1.159s] -- Installing: /home/nikunj/bwi_ros2_simulation/install/bwi_launch/share/bwi_launch/package.dsv
[1.159s] -- Installing: /home/nikunj/bwi_ros2_simulation/install/bwi_launch/share/ament_index/resource_index/packages/bwi_launch
[1.159s] -- Installing: /home/nikunj/bwi_ros2_simulation/install/bwi_launch/share/bwi_launch/cmake/bwi_launchConfig.cmake
[1.159s] -- Installing: /home/nikunj/bwi_ros2_simulation/install/bwi_launch/share/bwi_launch/cmake/bwi_launchConfig-version.cmake
[1.159s] -- Installing: /home/nikunj/bwi_ros2_simulation/install/bwi_launch/share/bwi_launch/package.xml
[1.178s] Invoked command in '/home/nikunj/bwi_ros2_simulation/build/bwi_launch' returned '0': CMAKE_PREFIX_PATH=${CMAKE_PREFIX_PATH}:/home/nikunj/bwi_ros2_simulation/install/test_odom:/home/nikunj/bwi_ros2_simulation/install/test_cmaes:/home/nikunj/bwi_ros2_simulation/install/teleop_multi_robot:/home/nikunj/bwi_ros2_simulation/install/scan_filter:/home/nikunj/bwi_ros2_simulation/install/odom_tf_publisher:/home/nikunj/bwi_ros2_simulation/install/lwr_comms_client:/home/nikunj/bwi_ros2_simulation/install/kinect_data_collector:/home/nikunj/bwi_ros2_simulation/install/keep_alive_pkg:/home/nikunj/bwi_ros2_simulation/install/collision_monitor:/home/nikunj/bwi_ros2_simulation/install/bwi_tools:/home/nikunj/bwi_ros2_simulation/install/bwi_tasks:/home/nikunj/bwi_ros2_simulation/install/bwi_reset:/home/nikunj/bwi_ros2_simulation/install/bwi_perc:/home/nikunj/bwi_ros2_simulation/install/bwi_hallucination:/opt/ros/humble /usr/bin/cmake --install /home/nikunj/bwi_ros2_simulation/build/bwi_launch
