[0.733s] Invoking command in '/home/nikunj/bwi_ros2_simulation/src/bwi_tools': AMENT_PREFIX_PATH=/home/nikunj/bwi_ros2_simulation/install/bwi_perception_interface:${AMENT_PREFIX_PATH} CMAKE_PREFIX_PATH=/home/nikunj/bwi_ros2_simulation/install/bwi_perception_interface LD_LIBRARY_PATH=/home/nikunj/bwi_ros2_simulation/install/bwi_perception_interface/lib:${LD_LIBRARY_PATH} PYTHONPATH=/home/nikunj/bwi_ros2_simulation/build/bwi_tools/prefix_override:/usr/lib/python3/dist-packages/colcon_core/task/python/colcon_distutils_commands:/home/nikunj/bwi_ros2_simulation/install/bwi_tools/lib/python3.10/site-packages:/home/nikunj/bwi_ros2_simulation/install/bwi_perception_interface/local/lib/python3.10/dist-packages:${PYTHONPATH} /usr/bin/python3 -W ignore:setup.py install is deprecated -W ignore:easy_install command is deprecated setup.py egg_info --egg-base ../../build/bwi_tools build --build-base /home/nikunj/bwi_ros2_simulation/build/bwi_tools/build install --record /home/nikunj/bwi_ros2_simulation/build/bwi_tools/install.log --single-version-externally-managed install_data
[0.851s] running egg_info
[0.851s] writing ../../build/bwi_tools/bwi_tools.egg-info/PKG-INFO
[0.851s] writing dependency_links to ../../build/bwi_tools/bwi_tools.egg-info/dependency_links.txt
[0.851s] writing entry points to ../../build/bwi_tools/bwi_tools.egg-info/entry_points.txt
[0.851s] writing requirements to ../../build/bwi_tools/bwi_tools.egg-info/requires.txt
[0.851s] writing top-level names to ../../build/bwi_tools/bwi_tools.egg-info/top_level.txt
[0.852s] reading manifest file '../../build/bwi_tools/bwi_tools.egg-info/SOURCES.txt'
[0.852s] writing manifest file '../../build/bwi_tools/bwi_tools.egg-info/SOURCES.txt'
[0.852s] running build
[0.853s] running build_py
[0.853s] running install
[0.853s] running install_lib
[0.853s] running install_data
[0.853s] running install_egg_info
[0.854s] removing '/home/nikunj/bwi_ros2_simulation/install/bwi_tools/lib/python3.10/site-packages/bwi_tools-0.0.0-py3.10.egg-info' (and everything under it)
[0.854s] Copying ../../build/bwi_tools/bwi_tools.egg-info to /home/nikunj/bwi_ros2_simulation/install/bwi_tools/lib/python3.10/site-packages/bwi_tools-0.0.0-py3.10.egg-info
[0.854s] running install_scripts
[0.864s] Installing range_analyzer_node script to /home/nikunj/bwi_ros2_simulation/install/bwi_tools/lib/bwi_tools
[0.864s] writing list of installed files to '/home/nikunj/bwi_ros2_simulation/build/bwi_tools/install.log'
[0.876s] Invoked command in '/home/nikunj/bwi_ros2_simulation/src/bwi_tools' returned '0': AMENT_PREFIX_PATH=/home/nikunj/bwi_ros2_simulation/install/bwi_perception_interface:${AMENT_PREFIX_PATH} CMAKE_PREFIX_PATH=/home/nikunj/bwi_ros2_simulation/install/bwi_perception_interface LD_LIBRARY_PATH=/home/nikunj/bwi_ros2_simulation/install/bwi_perception_interface/lib:${LD_LIBRARY_PATH} PYTHONPATH=/home/nikunj/bwi_ros2_simulation/build/bwi_tools/prefix_override:/usr/lib/python3/dist-packages/colcon_core/task/python/colcon_distutils_commands:/home/nikunj/bwi_ros2_simulation/install/bwi_tools/lib/python3.10/site-packages:/home/nikunj/bwi_ros2_simulation/install/bwi_perception_interface/local/lib/python3.10/dist-packages:${PYTHONPATH} /usr/bin/python3 -W ignore:setup.py install is deprecated -W ignore:easy_install command is deprecated setup.py egg_info --egg-base ../../build/bwi_tools build --build-base /home/nikunj/bwi_ros2_simulation/build/bwi_tools/build install --record /home/nikunj/bwi_ros2_simulation/build/bwi_tools/install.log --single-version-externally-managed install_data
