[100%] Built target media_files
-- Install configuration: ""
-- Up-to-date: /home/nikunj/bwi_ros2_simulation/install/pr2_description/share/pr2_description/meshes
-- Up-to-date: /home/nikunj/bwi_ros2_simulation/install/pr2_description/share/pr2_description/meshes/shoulder_v0
-- Up-to-date: /home/nikunj/bwi_ros2_simulation/install/pr2_description/share/pr2_description/meshes/shoulder_v0/shoulder_pan.dae
-- Installing: /home/nikunj/bwi_ros2_simulation/install/pr2_description/share/pr2_description/meshes/shoulder_v0/shoulder_yaw.stl
-- Up-to-date: /home/nikunj/bwi_ros2_simulation/install/pr2_description/share/pr2_description/meshes/shoulder_v0/shoulder_lift_color.png
-- Up-to-date: /home/nikunj/bwi_ros2_simulation/install/pr2_description/share/pr2_description/meshes/shoulder_v0/convex
-- Installing: /home/nikunj/bwi_ros2_simulation/install/pr2_description/share/pr2_description/meshes/shoulder_v0/upper_arm_roll_L.stl
-- Up-to-date: /home/nikunj/bwi_ros2_simulation/install/pr2_description/share/pr2_description/meshes/shoulder_v0/upper_arm_roll_color.png
-- Up-to-date: /home/nikunj/bwi_ros2_simulation/install/pr2_description/share/pr2_description/meshes/shoulder_v0/upper_arm_roll.dae
-- Up-to-date: /home/nikunj/bwi_ros2_simulation/install/pr2_description/share/pr2_description/meshes/shoulder_v0/shoulder_pan_normals.png
-- Installing: /home/nikunj/bwi_ros2_simulation/install/pr2_description/share/pr2_description/meshes/shoulder_v0/shoulder_lift.stl
-- Up-to-date: /home/nikunj/bwi_ros2_simulation/install/pr2_description/share/pr2_description/meshes/shoulder_v0/.gitignore
-- Up-to-date: /home/nikunj/bwi_ros2_simulation/install/pr2_description/share/pr2_description/meshes/shoulder_v0/iv
-- Up-to-date: /home/nikunj/bwi_ros2_simulation/install/pr2_description/share/pr2_description/meshes/shoulder_v0/shoulder_pan_color.png
-- Installing: /home/nikunj/bwi_ros2_simulation/install/pr2_description/share/pr2_description/meshes/shoulder_v0/upper_arm_roll.stl
-- Installing: /home/nikunj/bwi_ros2_simulation/install/pr2_description/share/pr2_description/meshes/shoulder_v0/shoulder_pan.stl
-- Up-to-date: /home/nikunj/bwi_ros2_simulation/install/pr2_description/share/pr2_description/meshes/shoulder_v0/shoulder_lift.dae
-- Up-to-date: /home/nikunj/bwi_ros2_simulation/install/pr2_description/share/pr2_description/meshes/shoulder_v0/shoulder_lift_normals.png
-- Up-to-date: /home/nikunj/bwi_ros2_simulation/install/pr2_description/share/pr2_description/meshes/shoulder_v0/upper_arm_roll_normals.png
-- Up-to-date: /home/nikunj/bwi_ros2_simulation/install/pr2_description/share/pr2_description/meshes/gripper_v0
-- Up-to-date: /home/nikunj/bwi_ros2_simulation/install/pr2_description/share/pr2_description/meshes/gripper_v0/palm_H_Color_100430.png
-- Installing: /home/nikunj/bwi_ros2_simulation/install/pr2_description/share/pr2_description/meshes/gripper_v0/l_finger_tip.stl
-- Installing: /home/nikunj/bwi_ros2_simulation/install/pr2_description/share/pr2_description/meshes/gripper_v0/finger_tip_pad2_l.stl
-- Up-to-date: /home/nikunj/bwi_ros2_simulation/install/pr2_description/share/pr2_description/meshes/gripper_v0/convex
-- Up-to-date: /home/nikunj/bwi_ros2_simulation/install/pr2_description/share/pr2_description/meshes/gripper_v0/finger_H_UV_100430.dae
-- Up-to-date: /home/nikunj/bwi_ros2_simulation/install/pr2_description/share/pr2_description/meshes/gripper_v0/l_finger_normals.png
-- Up-to-date: /home/nikunj/bwi_ros2_simulation/install/pr2_description/share/pr2_description/meshes/gripper_v0/l_finger_tip.dae
-- Up-to-date: /home/nikunj/bwi_ros2_simulation/install/pr2_description/share/pr2_description/meshes/gripper_v0/float_H_UV_100430.dae
-- Up-to-date: /home/nikunj/bwi_ros2_simulation/install/pr2_description/share/pr2_description/meshes/gripper_v0/l_finger_tip_normals.png
-- Installing: /home/nikunj/bwi_ros2_simulation/install/pr2_description/share/pr2_description/meshes/gripper_v0/upper_finger_r.stl
-- Installing: /home/nikunj/bwi_ros2_simulation/install/pr2_description/share/pr2_description/meshes/gripper_v0/upper_finger_l.stl
-- Up-to-date: /home/nikunj/bwi_ros2_simulation/install/pr2_description/share/pr2_description/meshes/gripper_v0/gripper_palm_color.png
-- Up-to-date: /home/nikunj/bwi_ros2_simulation/install/pr2_description/share/pr2_description/meshes/gripper_v0/.gitignore
-- Installing: /home/nikunj/bwi_ros2_simulation/install/pr2_description/share/pr2_description/meshes/gripper_v0/finger_tip_l.stl
-- Up-to-date: /home/nikunj/bwi_ros2_simulation/install/pr2_description/share/pr2_description/meshes/gripper_v0/finger_tip_H_UV_100430.dae
-- Installing: /home/nikunj/bwi_ros2_simulation/install/pr2_description/share/pr2_description/meshes/gripper_v0/finger_tip_pad2_r.stl
-- Up-to-date: /home/nikunj/bwi_ros2_simulation/install/pr2_description/share/pr2_description/meshes/gripper_v0/iv
-- Up-to-date: /home/nikunj/bwi_ros2_simulation/install/pr2_description/share/pr2_description/meshes/gripper_v0/l_float.dae
-- Up-to-date: /home/nikunj/bwi_ros2_simulation/install/pr2_description/share/pr2_description/meshes/gripper_v0/l_finger.dae
-- Installing: /home/nikunj/bwi_ros2_simulation/install/pr2_description/share/pr2_description/meshes/gripper_v0/gripper_palm.stl
-- Up-to-date: /home/nikunj/bwi_ros2_simulation/install/pr2_description/share/pr2_description/meshes/gripper_v0/gripper_palm.dae
-- Up-to-date: /home/nikunj/bwi_ros2_simulation/install/pr2_description/share/pr2_description/meshes/gripper_v0/float_H_Color_100430.png
-- Up-to-date: /home/nikunj/bwi_ros2_simulation/install/pr2_description/share/pr2_description/meshes/gripper_v0/l_finger_color.png
-- Up-to-date: /home/nikunj/bwi_ros2_simulation/install/pr2_description/share/pr2_description/meshes/gripper_v0/l_float_color.png
-- Up-to-date: /home/nikunj/bwi_ros2_simulation/install/pr2_description/share/pr2_description/meshes/gripper_v0/finger_H_Color_100430.png
-- Up-to-date: /home/nikunj/bwi_ros2_simulation/install/pr2_description/share/pr2_description/meshes/gripper_v0/gripper_palm_normals.png
-- Installing: /home/nikunj/bwi_ros2_simulation/install/pr2_description/share/pr2_description/meshes/gripper_v0/l_finger.stl
-- Up-to-date: /home/nikunj/bwi_ros2_simulation/install/pr2_description/share/pr2_description/meshes/gripper_v0/l_float_normals.png
-- Installing: /home/nikunj/bwi_ros2_simulation/install/pr2_description/share/pr2_description/meshes/gripper_v0/l_floating.stl
-- Up-to-date: /home/nikunj/bwi_ros2_simulation/install/pr2_description/share/pr2_description/meshes/gripper_v0/l_finger_tip_color.png
-- Up-to-date: /home/nikunj/bwi_ros2_simulation/install/pr2_description/share/pr2_description/meshes/gripper_v0/fingertip_H_Color_100430.png
-- Installing: /home/nikunj/bwi_ros2_simulation/install/pr2_description/share/pr2_description/meshes/gripper_v0/finger_tip_r.stl
-- Up-to-date: /home/nikunj/bwi_ros2_simulation/install/pr2_description/share/pr2_description/meshes/gripper_v0/palm_H_UV_100430.dae
-- Up-to-date: /home/nikunj/bwi_ros2_simulation/install/pr2_description/share/pr2_description/meshes/base_v0
-- Installing: /home/nikunj/bwi_ros2_simulation/install/pr2_description/share/pr2_description/meshes/base_v0/base.stl
-- Up-to-date: /home/nikunj/bwi_ros2_simulation/install/pr2_description/share/pr2_description/meshes/base_v0/convex
-- Installing: /home/nikunj/bwi_ros2_simulation/install/pr2_description/share/pr2_description/meshes/base_v0/wheel.stl
-- Installing: /home/nikunj/bwi_ros2_simulation/install/pr2_description/share/pr2_description/meshes/base_v0/pr2_wheel.stl
-- Installing: /home/nikunj/bwi_ros2_simulation/install/pr2_description/share/pr2_description/meshes/base_v0/caster.stl
-- Installing: /home/nikunj/bwi_ros2_simulation/install/pr2_description/share/pr2_description/meshes/base_v0/base_L.stl
-- Up-to-date: /home/nikunj/bwi_ros2_simulation/install/pr2_description/share/pr2_description/meshes/base_v0/wheel_normals.png
-- Up-to-date: /home/nikunj/bwi_ros2_simulation/install/pr2_description/share/pr2_description/meshes/base_v0/.gitignore
-- Up-to-date: /home/nikunj/bwi_ros2_simulation/install/pr2_description/share/pr2_description/meshes/base_v0/iv
-- Installing: /home/nikunj/bwi_ros2_simulation/install/pr2_description/share/pr2_description/meshes/base_v0/caster_L.stl
-- Up-to-date: /home/nikunj/bwi_ros2_simulation/install/pr2_description/share/pr2_description/meshes/base_v0/wheel.dae
-- Up-to-date: /home/nikunj/bwi_ros2_simulation/install/pr2_description/share/pr2_description/meshes/base_v0/base_normals.png
-- Up-to-date: /home/nikunj/bwi_ros2_simulation/install/pr2_description/share/pr2_description/meshes/base_v0/wheel_h.dae
-- Up-to-date: /home/nikunj/bwi_ros2_simulation/install/pr2_description/share/pr2_description/meshes/base_v0/base.dae
-- Up-to-date: /home/nikunj/bwi_ros2_simulation/install/pr2_description/share/pr2_description/meshes/base_v0/wheel_color.png
-- Up-to-date: /home/nikunj/bwi_ros2_simulation/install/pr2_description/share/pr2_description/meshes/base_v0/base_color.png
-- Up-to-date: /home/nikunj/bwi_ros2_simulation/install/pr2_description/share/pr2_description/meshes/base_v0/wheel_h_color.png
-- Up-to-date: /home/nikunj/bwi_ros2_simulation/install/pr2_description/share/pr2_description/meshes/tilting_laser_v0
-- Installing: /home/nikunj/bwi_ros2_simulation/install/pr2_description/share/pr2_description/meshes/tilting_laser_v0/tilting_hokuyo.stl
-- Up-to-date: /home/nikunj/bwi_ros2_simulation/install/pr2_description/share/pr2_description/meshes/tilting_laser_v0/tilting_hokuyo_normals.png
-- Up-to-date: /home/nikunj/bwi_ros2_simulation/install/pr2_description/share/pr2_description/meshes/tilting_laser_v0/convex
-- Up-to-date: /home/nikunj/bwi_ros2_simulation/install/pr2_description/share/pr2_description/meshes/tilting_laser_v0/tilting_hokuyo.dae
-- Up-to-date: /home/nikunj/bwi_ros2_simulation/install/pr2_description/share/pr2_description/meshes/tilting_laser_v0/.gitignore
-- Up-to-date: /home/nikunj/bwi_ros2_simulation/install/pr2_description/share/pr2_description/meshes/tilting_laser_v0/iv
-- Up-to-date: /home/nikunj/bwi_ros2_simulation/install/pr2_description/share/pr2_description/meshes/tilting_laser_v0/tilting_hokuyo_color.png
-- Installing: /home/nikunj/bwi_ros2_simulation/install/pr2_description/share/pr2_description/meshes/tilting_laser_v0/tilting_hokuyo_L.stl
-- Installing: /home/nikunj/bwi_ros2_simulation/install/pr2_description/share/pr2_description/meshes/tilting_laser_v0/hok_tilt.stl
-- Up-to-date: /home/nikunj/bwi_ros2_simulation/install/pr2_description/share/pr2_description/meshes/sensors
-- Up-to-date: /home/nikunj/bwi_ros2_simulation/install/pr2_description/share/pr2_description/meshes/sensors/kinect2_v0
-- Up-to-date: /home/nikunj/bwi_ros2_simulation/install/pr2_description/share/pr2_description/meshes/sensors/kinect2_v0/kinect2_assembly.dae
-- Up-to-date: /home/nikunj/bwi_ros2_simulation/install/pr2_description/share/pr2_description/meshes/sensors/kinect2_v0/kinect2_assembly.STL
-- Up-to-date: /home/nikunj/bwi_ros2_simulation/install/pr2_description/share/pr2_description/meshes/sensors/kinect_v0
-- Up-to-date: /home/nikunj/bwi_ros2_simulation/install/pr2_description/share/pr2_description/meshes/sensors/kinect_v0/kinect.tga
-- Up-to-date: /home/nikunj/bwi_ros2_simulation/install/pr2_description/share/pr2_description/meshes/sensors/kinect_v0/kinect.dae
-- Up-to-date: /home/nikunj/bwi_ros2_simulation/install/pr2_description/share/pr2_description/meshes/sensors/kinect_v0/kinect_color.tga
-- Up-to-date: /home/nikunj/bwi_ros2_simulation/install/pr2_description/share/pr2_description/meshes/sensors/kinect_v0/kinect_mount.stl
-- Up-to-date: /home/nikunj/bwi_ros2_simulation/install/pr2_description/share/pr2_description/meshes/sensors/kinect_prosilica_v0
-- Up-to-date: /home/nikunj/bwi_ros2_simulation/install/pr2_description/share/pr2_description/meshes/sensors/kinect_prosilica_v0/115x100_swept_back--coarse.STL
-- Up-to-date: /home/nikunj/bwi_ros2_simulation/install/pr2_description/share/pr2_description/meshes/sensors/kinect_prosilica_v0/115x100_swept_fwd--coarse.STL
-- Up-to-date: /home/nikunj/bwi_ros2_simulation/install/pr2_description/share/pr2_description/meshes/sensors/kinect_prosilica_v0/115x100_swept_fwd_no_sensors--coarse.STL
-- Up-to-date: /home/nikunj/bwi_ros2_simulation/install/pr2_description/share/pr2_description/meshes/sensors/kinect_prosilica_v0/Prosilica_w_Lens--coarse.STL
-- Up-to-date: /home/nikunj/bwi_ros2_simulation/install/pr2_description/share/pr2_description/meshes/sensors/kinect_prosilica_v0/115x100_swept_back_no_sensors--coarse.STL
-- Up-to-date: /home/nikunj/bwi_ros2_simulation/install/pr2_description/share/pr2_description/meshes/sensors/kinect_prosilica_v0/68-04546_Kinect_Sensor--coarse.STL
-- Up-to-date: /home/nikunj/bwi_ros2_simulation/install/pr2_description/share/pr2_description/meshes/upper_arm_v0
-- Up-to-date: /home/nikunj/bwi_ros2_simulation/install/pr2_description/share/pr2_description/meshes/upper_arm_v0/upper_arm_normals.png
-- Up-to-date: /home/nikunj/bwi_ros2_simulation/install/pr2_description/share/pr2_description/meshes/upper_arm_v0/convex
-- Up-to-date: /home/nikunj/bwi_ros2_simulation/install/pr2_description/share/pr2_description/meshes/upper_arm_v0/elbow_flex_color.png
-- Up-to-date: /home/nikunj/bwi_ros2_simulation/install/pr2_description/share/pr2_description/meshes/upper_arm_v0/elbow_flex_normals.png
-- Installing: /home/nikunj/bwi_ros2_simulation/install/pr2_description/share/pr2_description/meshes/upper_arm_v0/elbow_flex.stl
-- Up-to-date: /home/nikunj/bwi_ros2_simulation/install/pr2_description/share/pr2_description/meshes/upper_arm_v0/upper_arm.dae
-- Up-to-date: /home/nikunj/bwi_ros2_simulation/install/pr2_description/share/pr2_description/meshes/upper_arm_v0/upper_arm.jpg
-- Installing: /home/nikunj/bwi_ros2_simulation/install/pr2_description/share/pr2_description/meshes/upper_arm_v0/forearm_roll_L.stl
-- Up-to-date: /home/nikunj/bwi_ros2_simulation/install/pr2_description/share/pr2_description/meshes/upper_arm_v0/.gitignore
-- Installing: /home/nikunj/bwi_ros2_simulation/install/pr2_description/share/pr2_description/meshes/upper_arm_v0/forearm_roll.stl
-- Up-to-date: /home/nikunj/bwi_ros2_simulation/install/pr2_description/share/pr2_description/meshes/upper_arm_v0/iv
-- Up-to-date: /home/nikunj/bwi_ros2_simulation/install/pr2_description/share/pr2_description/meshes/upper_arm_v0/elbow_flex.dae
-- Installing: /home/nikunj/bwi_ros2_simulation/install/pr2_description/share/pr2_description/meshes/upper_arm_v0/upper_arm.stl
-- Up-to-date: /home/nikunj/bwi_ros2_simulation/install/pr2_description/share/pr2_description/meshes/upper_arm_v0/upper_arm_color.png
-- Up-to-date: /home/nikunj/bwi_ros2_simulation/install/pr2_description/share/pr2_description/meshes/head_v0
-- Up-to-date: /home/nikunj/bwi_ros2_simulation/install/pr2_description/share/pr2_description/meshes/head_v0/head_pan.dae
-- Up-to-date: /home/nikunj/bwi_ros2_simulation/install/pr2_description/share/pr2_description/meshes/head_v0/head_pan_normals.png
-- Installing: /home/nikunj/bwi_ros2_simulation/install/pr2_description/share/pr2_description/meshes/head_v0/head_tilt_L.stl
-- Up-to-date: /home/nikunj/bwi_ros2_simulation/install/pr2_description/share/pr2_description/meshes/head_v0/head_tilt.dae
-- Up-to-date: /home/nikunj/bwi_ros2_simulation/install/pr2_description/share/pr2_description/meshes/head_v0/convex
-- Up-to-date: /home/nikunj/bwi_ros2_simulation/install/pr2_description/share/pr2_description/meshes/head_v0/head_tilt_color.png
-- Installing: /home/nikunj/bwi_ros2_simulation/install/pr2_description/share/pr2_description/meshes/head_v0/head_pan_L.stl
-- Up-to-date: /home/nikunj/bwi_ros2_simulation/install/pr2_description/share/pr2_description/meshes/head_v0/.gitignore
-- Up-to-date: /home/nikunj/bwi_ros2_simulation/install/pr2_description/share/pr2_description/meshes/head_v0/head_tilt_green.png
-- Up-to-date: /home/nikunj/bwi_ros2_simulation/install/pr2_description/share/pr2_description/meshes/head_v0/iv
-- Up-to-date: /home/nikunj/bwi_ros2_simulation/install/pr2_description/share/pr2_description/meshes/head_v0/head_tilt_normals.png
-- Installing: /home/nikunj/bwi_ros2_simulation/install/pr2_description/share/pr2_description/meshes/head_v0/head_pan.stl
-- Up-to-date: /home/nikunj/bwi_ros2_simulation/install/pr2_description/share/pr2_description/meshes/head_v0/head_tilt_color_yellow.png
-- Installing: /home/nikunj/bwi_ros2_simulation/install/pr2_description/share/pr2_description/meshes/head_v0/head_tilt.stl
-- Up-to-date: /home/nikunj/bwi_ros2_simulation/install/pr2_description/share/pr2_description/meshes/head_v0/head_tilt_color_red.png
-- Up-to-date: /home/nikunj/bwi_ros2_simulation/install/pr2_description/share/pr2_description/meshes/head_v0/head_pan_color.png
-- Up-to-date: /home/nikunj/bwi_ros2_simulation/install/pr2_description/share/pr2_description/meshes/forearm_v0
-- Installing: /home/nikunj/bwi_ros2_simulation/install/pr2_description/share/pr2_description/meshes/forearm_v0/wrist_roll.stl
-- Up-to-date: /home/nikunj/bwi_ros2_simulation/install/pr2_description/share/pr2_description/meshes/forearm_v0/convex
-- Installing: /home/nikunj/bwi_ros2_simulation/install/pr2_description/share/pr2_description/meshes/forearm_v0/wrist_roll_L.stl
-- Up-to-date: /home/nikunj/bwi_ros2_simulation/install/pr2_description/share/pr2_description/meshes/forearm_v0/wrist_flex.dae
-- Up-to-date: /home/nikunj/bwi_ros2_simulation/install/pr2_description/share/pr2_description/meshes/forearm_v0/.gitignore
-- Installing: /home/nikunj/bwi_ros2_simulation/install/pr2_description/share/pr2_description/meshes/forearm_v0/wrist_flex.stl
-- Up-to-date: /home/nikunj/bwi_ros2_simulation/install/pr2_description/share/pr2_description/meshes/forearm_v0/wrist_color.png
-- Installing: /home/nikunj/bwi_ros2_simulation/install/pr2_description/share/pr2_description/meshes/forearm_v0/forearm.stl
-- Up-to-date: /home/nikunj/bwi_ros2_simulation/install/pr2_description/share/pr2_description/meshes/forearm_v0/forearm.jpg
-- Up-to-date: /home/nikunj/bwi_ros2_simulation/install/pr2_description/share/pr2_description/meshes/forearm_v0/iv
-- Up-to-date: /home/nikunj/bwi_ros2_simulation/install/pr2_description/share/pr2_description/meshes/forearm_v0/wrist_normals.png
-- Up-to-date: /home/nikunj/bwi_ros2_simulation/install/pr2_description/share/pr2_description/meshes/forearm_v0/forearm_normals.png
-- Up-to-date: /home/nikunj/bwi_ros2_simulation/install/pr2_description/share/pr2_description/meshes/forearm_v0/forearm.dae
-- Up-to-date: /home/nikunj/bwi_ros2_simulation/install/pr2_description/share/pr2_description/meshes/forearm_v0/forearm_color.png
-- Up-to-date: /home/nikunj/bwi_ros2_simulation/install/pr2_description/share/pr2_description/meshes/torso_v0
-- Installing: /home/nikunj/bwi_ros2_simulation/install/pr2_description/share/pr2_description/meshes/torso_v0/torso.stl
-- Installing: /home/nikunj/bwi_ros2_simulation/install/pr2_description/share/pr2_description/meshes/torso_v0/torso_lift.stl
-- Up-to-date: /home/nikunj/bwi_ros2_simulation/install/pr2_description/share/pr2_description/meshes/torso_v0/convex
-- Up-to-date: /home/nikunj/bwi_ros2_simulation/install/pr2_description/share/pr2_description/meshes/torso_v0/torso_lift_normals.png
-- Up-to-date: /home/nikunj/bwi_ros2_simulation/install/pr2_description/share/pr2_description/meshes/torso_v0/.gitignore
-- Up-to-date: /home/nikunj/bwi_ros2_simulation/install/pr2_description/share/pr2_description/meshes/torso_v0/iv
-- Up-to-date: /home/nikunj/bwi_ros2_simulation/install/pr2_description/share/pr2_description/meshes/torso_v0/torso_lift.dae
-- Installing: /home/nikunj/bwi_ros2_simulation/install/pr2_description/share/pr2_description/meshes/torso_v0/torso_lift_L.stl
-- Up-to-date: /home/nikunj/bwi_ros2_simulation/install/pr2_description/share/pr2_description/meshes/torso_v0/torso_lift_color.png
-- Up-to-date: /home/nikunj/bwi_ros2_simulation/install/pr2_description/share/pr2_description/gazebo
-- Up-to-date: /home/nikunj/bwi_ros2_simulation/install/pr2_description/share/pr2_description/gazebo/gazebo.urdf.xacro
-- Up-to-date: /home/nikunj/bwi_ros2_simulation/install/pr2_description/share/pr2_description/materials
-- Up-to-date: /home/nikunj/bwi_ros2_simulation/install/pr2_description/share/pr2_description/materials/textures
-- Up-to-date: /home/nikunj/bwi_ros2_simulation/install/pr2_description/share/pr2_description/materials/textures/pr2_wheel_left.png
-- Up-to-date: /home/nikunj/bwi_ros2_simulation/install/pr2_description/share/pr2_description/materials/textures/pr2_wheel_right.png
-- Up-to-date: /home/nikunj/bwi_ros2_simulation/install/pr2_description/share/pr2_description/materials/textures/pr2_caster_texture.png
-- Up-to-date: /home/nikunj/bwi_ros2_simulation/install/pr2_description/share/pr2_description/robots
-- Up-to-date: /home/nikunj/bwi_ros2_simulation/install/pr2_description/share/pr2_description/robots/pr2_no_kinect.urdf.xacro
-- Up-to-date: /home/nikunj/bwi_ros2_simulation/install/pr2_description/share/pr2_description/robots/pr2_no_arms.urdf.xacro
-- Up-to-date: /home/nikunj/bwi_ros2_simulation/install/pr2_description/share/pr2_description/robots/README
-- Up-to-date: /home/nikunj/bwi_ros2_simulation/install/pr2_description/share/pr2_description/robots/pr2_se.urdf.xacro
-- Up-to-date: /home/nikunj/bwi_ros2_simulation/install/pr2_description/share/pr2_description/robots/upload_pr2.launch
-- Up-to-date: /home/nikunj/bwi_ros2_simulation/install/pr2_description/share/pr2_description/robots/pr2.urdf.xacro
-- Up-to-date: /home/nikunj/bwi_ros2_simulation/install/pr2_description/share/pr2_description/urdf
-- Up-to-date: /home/nikunj/bwi_ros2_simulation/install/pr2_description/share/pr2_description/urdf/shoulder_v0
-- Up-to-date: /home/nikunj/bwi_ros2_simulation/install/pr2_description/share/pr2_description/urdf/shoulder_v0/shoulder.urdf.xacro
-- Up-to-date: /home/nikunj/bwi_ros2_simulation/install/pr2_description/share/pr2_description/urdf/shoulder_v0/shoulder.gazebo.xacro
-- Up-to-date: /home/nikunj/bwi_ros2_simulation/install/pr2_description/share/pr2_description/urdf/shoulder_v0/shoulder.transmission.xacro
-- Up-to-date: /home/nikunj/bwi_ros2_simulation/install/pr2_description/share/pr2_description/urdf/gripper_v0
-- Up-to-date: /home/nikunj/bwi_ros2_simulation/install/pr2_description/share/pr2_description/urdf/gripper_v0/gripper.transmission.xacro
-- Up-to-date: /home/nikunj/bwi_ros2_simulation/install/pr2_description/share/pr2_description/urdf/gripper_v0/gripper.urdf.xacro
-- Up-to-date: /home/nikunj/bwi_ros2_simulation/install/pr2_description/share/pr2_description/urdf/gripper_v0/gripper.gazebo.xacro
-- Up-to-date: /home/nikunj/bwi_ros2_simulation/install/pr2_description/share/pr2_description/urdf/base_v0
-- Up-to-date: /home/nikunj/bwi_ros2_simulation/install/pr2_description/share/pr2_description/urdf/base_v0/base.urdf.xacro
-- Up-to-date: /home/nikunj/bwi_ros2_simulation/install/pr2_description/share/pr2_description/urdf/base_v0/base.transmission.xacro
-- Up-to-date: /home/nikunj/bwi_ros2_simulation/install/pr2_description/share/pr2_description/urdf/base_v0/base.gazebo.xacro
-- Up-to-date: /home/nikunj/bwi_ros2_simulation/install/pr2_description/share/pr2_description/urdf/common.xacro
-- Up-to-date: /home/nikunj/bwi_ros2_simulation/install/pr2_description/share/pr2_description/urdf/tilting_laser_v0
-- Up-to-date: /home/nikunj/bwi_ros2_simulation/install/pr2_description/share/pr2_description/urdf/tilting_laser_v0/tilting_laser.transmission.xacro
-- Up-to-date: /home/nikunj/bwi_ros2_simulation/install/pr2_description/share/pr2_description/urdf/tilting_laser_v0/tilting_laser.urdf.xacro
-- Up-to-date: /home/nikunj/bwi_ros2_simulation/install/pr2_description/share/pr2_description/urdf/tilting_laser_v0/tilting_laser.gazebo.xacro
-- Up-to-date: /home/nikunj/bwi_ros2_simulation/install/pr2_description/share/pr2_description/urdf/sensors
-- Up-to-date: /home/nikunj/bwi_ros2_simulation/install/pr2_description/share/pr2_description/urdf/sensors/double_stereo_camera.urdf.xacro
-- Up-to-date: /home/nikunj/bwi_ros2_simulation/install/pr2_description/share/pr2_description/urdf/sensors/prosilica_gc2450_camera.gazebo.xacro
-- Up-to-date: /home/nikunj/bwi_ros2_simulation/install/pr2_description/share/pr2_description/urdf/sensors/kinect2.urdf.xacro
-- Up-to-date: /home/nikunj/bwi_ros2_simulation/install/pr2_description/share/pr2_description/urdf/sensors/microstrain_3dmgx2_imu.urdf.xacro
-- Up-to-date: /home/nikunj/bwi_ros2_simulation/install/pr2_description/share/pr2_description/urdf/sensors/wge100_camera.urdf.xacro
-- Up-to-date: /home/nikunj/bwi_ros2_simulation/install/pr2_description/share/pr2_description/urdf/sensors/kinect_camera.gazebo.xacro
-- Up-to-date: /home/nikunj/bwi_ros2_simulation/install/pr2_description/share/pr2_description/urdf/sensors/hokuyo_lx30_laser.urdf.xacro
-- Up-to-date: /home/nikunj/bwi_ros2_simulation/install/pr2_description/share/pr2_description/urdf/sensors/hokuyo_lx30_laser.gazebo.xacro
-- Up-to-date: /home/nikunj/bwi_ros2_simulation/install/pr2_description/share/pr2_description/urdf/sensors/double_stereo_camera.gazebo.xacro
-- Up-to-date: /home/nikunj/bwi_ros2_simulation/install/pr2_description/share/pr2_description/urdf/sensors/projector_wg6802418.gazebo.xacro
-- Up-to-date: /home/nikunj/bwi_ros2_simulation/install/pr2_description/share/pr2_description/urdf/sensors/head_sensor_package.gazebo.xacro
-- Up-to-date: /home/nikunj/bwi_ros2_simulation/install/pr2_description/share/pr2_description/urdf/sensors/kinect_prosilica_camera.gazebo.xacro
-- Up-to-date: /home/nikunj/bwi_ros2_simulation/install/pr2_description/share/pr2_description/urdf/sensors/stereo_camera.urdf.xacro
-- Up-to-date: /home/nikunj/bwi_ros2_simulation/install/pr2_description/share/pr2_description/urdf/sensors/kinect2.gazebo.xacro
-- Up-to-date: /home/nikunj/bwi_ros2_simulation/install/pr2_description/share/pr2_description/urdf/sensors/kinect_prosilica_camera.urdf.xacro
-- Up-to-date: /home/nikunj/bwi_ros2_simulation/install/pr2_description/share/pr2_description/urdf/sensors/kinect_camera.urdf.xacro
-- Up-to-date: /home/nikunj/bwi_ros2_simulation/install/pr2_description/share/pr2_description/urdf/sensors/prosilica_gc2450_camera.urdf.xacro
-- Up-to-date: /home/nikunj/bwi_ros2_simulation/install/pr2_description/share/pr2_description/urdf/sensors/projector_wg6802418.urdf.xacro
-- Up-to-date: /home/nikunj/bwi_ros2_simulation/install/pr2_description/share/pr2_description/urdf/sensors/wge100_camera.gazebo.xacro
-- Up-to-date: /home/nikunj/bwi_ros2_simulation/install/pr2_description/share/pr2_description/urdf/sensors/microstrain_3dmgx2_imu.gazebo.xacro
-- Up-to-date: /home/nikunj/bwi_ros2_simulation/install/pr2_description/share/pr2_description/urdf/sensors/stereo_camera.gazebo.xacro
-- Up-to-date: /home/nikunj/bwi_ros2_simulation/install/pr2_description/share/pr2_description/urdf/sensors/head_sensor_package.urdf.xacro
-- Up-to-date: /home/nikunj/bwi_ros2_simulation/install/pr2_description/share/pr2_description/urdf/materials.urdf.xacro
-- Up-to-date: /home/nikunj/bwi_ros2_simulation/install/pr2_description/share/pr2_description/urdf/upper_arm_v0
-- Up-to-date: /home/nikunj/bwi_ros2_simulation/install/pr2_description/share/pr2_description/urdf/upper_arm_v0/upper_arm.gazebo.xacro
-- Up-to-date: /home/nikunj/bwi_ros2_simulation/install/pr2_description/share/pr2_description/urdf/upper_arm_v0/upper_arm.transmission.xacro
-- Up-to-date: /home/nikunj/bwi_ros2_simulation/install/pr2_description/share/pr2_description/urdf/upper_arm_v0/upper_arm.urdf.xacro
-- Up-to-date: /home/nikunj/bwi_ros2_simulation/install/pr2_description/share/pr2_description/urdf/head_v0
-- Up-to-date: /home/nikunj/bwi_ros2_simulation/install/pr2_description/share/pr2_description/urdf/head_v0/head.gazebo.xacro
-- Up-to-date: /home/nikunj/bwi_ros2_simulation/install/pr2_description/share/pr2_description/urdf/head_v0/head.urdf.xacro
-- Up-to-date: /home/nikunj/bwi_ros2_simulation/install/pr2_description/share/pr2_description/urdf/head_v0/head.transmission.xacro
-- Up-to-date: /home/nikunj/bwi_ros2_simulation/install/pr2_description/share/pr2_description/urdf/forearm_v0
-- Up-to-date: /home/nikunj/bwi_ros2_simulation/install/pr2_description/share/pr2_description/urdf/forearm_v0/forearm.transmission.xacro
-- Up-to-date: /home/nikunj/bwi_ros2_simulation/install/pr2_description/share/pr2_description/urdf/forearm_v0/forearm.urdf.xacro
-- Up-to-date: /home/nikunj/bwi_ros2_simulation/install/pr2_description/share/pr2_description/urdf/forearm_v0/forearm.gazebo.xacro
-- Up-to-date: /home/nikunj/bwi_ros2_simulation/install/pr2_description/share/pr2_description/urdf/torso_v0
-- Up-to-date: /home/nikunj/bwi_ros2_simulation/install/pr2_description/share/pr2_description/urdf/torso_v0/torso.urdf.xacro
-- Up-to-date: /home/nikunj/bwi_ros2_simulation/install/pr2_description/share/pr2_description/urdf/torso_v0/torso.gazebo.xacro
-- Up-to-date: /home/nikunj/bwi_ros2_simulation/install/pr2_description/share/pr2_description/urdf/torso_v0/torso.transmission.xacro
-- Up-to-date: /home/nikunj/bwi_ros2_simulation/install/pr2_description/share/ament_index/resource_index/package_run_dependencies/pr2_description
-- Up-to-date: /home/nikunj/bwi_ros2_simulation/install/pr2_description/share/ament_index/resource_index/parent_prefix_path/pr2_description
-- Up-to-date: /home/nikunj/bwi_ros2_simulation/install/pr2_description/share/pr2_description/environment/ament_prefix_path.sh
-- Up-to-date: /home/nikunj/bwi_ros2_simulation/install/pr2_description/share/pr2_description/environment/ament_prefix_path.dsv
-- Up-to-date: /home/nikunj/bwi_ros2_simulation/install/pr2_description/share/pr2_description/environment/path.sh
-- Up-to-date: /home/nikunj/bwi_ros2_simulation/install/pr2_description/share/pr2_description/environment/path.dsv
-- Up-to-date: /home/nikunj/bwi_ros2_simulation/install/pr2_description/share/pr2_description/local_setup.bash
-- Up-to-date: /home/nikunj/bwi_ros2_simulation/install/pr2_description/share/pr2_description/local_setup.sh
-- Up-to-date: /home/nikunj/bwi_ros2_simulation/install/pr2_description/share/pr2_description/local_setup.zsh
-- Up-to-date: /home/nikunj/bwi_ros2_simulation/install/pr2_description/share/pr2_description/local_setup.dsv
-- Installing: /home/nikunj/bwi_ros2_simulation/install/pr2_description/share/pr2_description/package.dsv
-- Up-to-date: /home/nikunj/bwi_ros2_simulation/install/pr2_description/share/ament_index/resource_index/packages/pr2_description
-- Up-to-date: /home/nikunj/bwi_ros2_simulation/install/pr2_description/share/pr2_description/cmake/pr2_descriptionConfig.cmake
-- Up-to-date: /home/nikunj/bwi_ros2_simulation/install/pr2_description/share/pr2_description/cmake/pr2_descriptionConfig-version.cmake
-- Up-to-date: /home/nikunj/bwi_ros2_simulation/install/pr2_description/share/pr2_description/package.xml
