[1.021s] Invoking command in '/home/nikunj/bwi_ros2_simulation/build/utexas_gdc': CMAKE_PREFIX_PATH=/home/nikunj/bwi_ros2_simulation/install/utexas_gdc:/home/nikunj/bwi_ros2_simulation/install/urg_node2:/home/nikunj/bwi_ros2_simulation/install/topic_tools:/home/nikunj/bwi_ros2_simulation/install/topic_tools_interfaces:/home/nikunj/bwi_ros2_simulation/install/segway_rmp_ros2:/home/nikunj/bwi_ros2_simulation/install/segway_msgs:/home/nikunj/bwi_ros2_simulation/install/segway_description:/home/nikunj/bwi_ros2_simulation/install/segbot_description:/home/nikunj/bwi_ros2_simulation/install/pr2_description:/home/nikunj/bwi_ros2_simulation/install/nav2_bringup:/home/nikunj/bwi_ros2_simulation/install/my_virtual_obstacle_layer:/home/nikunj/bwi_ros2_simulation/install/libsegwayrmp:/home/nikunj/bwi_ros2_simulation/install/ivcon:/home/nikunj/bwi_ros2_simulation/install/convex_decomposition:/home/nikunj/bwi_ros2_simulation/install/test_odom:/home/nikunj/bwi_ros2_simulation/install/test_cmaes:/home/nikunj/bwi_ros2_simulation/install/teleop_multi_robot:/home/nikunj/bwi_ros2_simulation/install/scan_filter:/home/nikunj/bwi_ros2_simulation/install/kinect_data_collector:/home/nikunj/bwi_ros2_simulation/install/collision_monitor:/home/nikunj/bwi_ros2_simulation/install/bwi_tools:/home/nikunj/bwi_ros2_simulation/install/bwi_tasks:/home/nikunj/bwi_ros2_simulation/install/bwi_reset:/home/nikunj/bwi_ros2_simulation/install/bwi_perc:/opt/ros/humble:/home/nikunj/bwi_ros2_simulation/install/bwi_tasks_interface:/home/nikunj/bwi_ros2_simulation/install/bwi_perception_interface:/home/nikunj/bwi_ros2_simulation/install/bwi_launch:/home/nikunj/linorobot2_ws/install/sllidar_ros2:/home/nikunj/linorobot2_ws/install/micro_ros_setup:/home/nikunj/linorobot2_ws/install/linorobot2_bringup:/home/nikunj/linorobot2_ws/install/micro_ros_agent:/home/nikunj/linorobot2_ws/install/micro_ros_msgs:/home/nikunj/linorobot2_ws/install/linorobot2_viz:/home/nikunj/linorobot2_ws/install/linorobot2_navigation:/home/nikunj/linorobot2_ws/install/linorobot2_gazebo:/home/nikunj/linorobot2_ws/install/linorobot2_description:/home/nikunj/linorobot2_ws/install/linorobot2_base:/home/nikunj/linorobot2_ws/install/linorobot2 /usr/bin/cmake --build /home/nikunj/bwi_ros2_simulation/build/utexas_gdc -- -j32 -l32
[1.138s] Invoked command in '/home/nikunj/bwi_ros2_simulation/build/utexas_gdc' returned '0': CMAKE_PREFIX_PATH=/home/nikunj/bwi_ros2_simulation/install/utexas_gdc:/home/nikunj/bwi_ros2_simulation/install/urg_node2:/home/nikunj/bwi_ros2_simulation/install/topic_tools:/home/nikunj/bwi_ros2_simulation/install/topic_tools_interfaces:/home/nikunj/bwi_ros2_simulation/install/segway_rmp_ros2:/home/nikunj/bwi_ros2_simulation/install/segway_msgs:/home/nikunj/bwi_ros2_simulation/install/segway_description:/home/nikunj/bwi_ros2_simulation/install/segbot_description:/home/nikunj/bwi_ros2_simulation/install/pr2_description:/home/nikunj/bwi_ros2_simulation/install/nav2_bringup:/home/nikunj/bwi_ros2_simulation/install/my_virtual_obstacle_layer:/home/nikunj/bwi_ros2_simulation/install/libsegwayrmp:/home/nikunj/bwi_ros2_simulation/install/ivcon:/home/nikunj/bwi_ros2_simulation/install/convex_decomposition:/home/nikunj/bwi_ros2_simulation/install/test_odom:/home/nikunj/bwi_ros2_simulation/install/test_cmaes:/home/nikunj/bwi_ros2_simulation/install/teleop_multi_robot:/home/nikunj/bwi_ros2_simulation/install/scan_filter:/home/nikunj/bwi_ros2_simulation/install/kinect_data_collector:/home/nikunj/bwi_ros2_simulation/install/collision_monitor:/home/nikunj/bwi_ros2_simulation/install/bwi_tools:/home/nikunj/bwi_ros2_simulation/install/bwi_tasks:/home/nikunj/bwi_ros2_simulation/install/bwi_reset:/home/nikunj/bwi_ros2_simulation/install/bwi_perc:/opt/ros/humble:/home/nikunj/bwi_ros2_simulation/install/bwi_tasks_interface:/home/nikunj/bwi_ros2_simulation/install/bwi_perception_interface:/home/nikunj/bwi_ros2_simulation/install/bwi_launch:/home/nikunj/linorobot2_ws/install/sllidar_ros2:/home/nikunj/linorobot2_ws/install/micro_ros_setup:/home/nikunj/linorobot2_ws/install/linorobot2_bringup:/home/nikunj/linorobot2_ws/install/micro_ros_agent:/home/nikunj/linorobot2_ws/install/micro_ros_msgs:/home/nikunj/linorobot2_ws/install/linorobot2_viz:/home/nikunj/linorobot2_ws/install/linorobot2_navigation:/home/nikunj/linorobot2_ws/install/linorobot2_gazebo:/home/nikunj/linorobot2_ws/install/linorobot2_description:/home/nikunj/linorobot2_ws/install/linorobot2_base:/home/nikunj/linorobot2_ws/install/linorobot2 /usr/bin/cmake --build /home/nikunj/bwi_ros2_simulation/build/utexas_gdc -- -j32 -l32
[1.139s] Invoking command in '/home/nikunj/bwi_ros2_simulation/build/utexas_gdc': CMAKE_PREFIX_PATH=/home/nikunj/bwi_ros2_simulation/install/utexas_gdc:/home/nikunj/bwi_ros2_simulation/install/urg_node2:/home/nikunj/bwi_ros2_simulation/install/topic_tools:/home/nikunj/bwi_ros2_simulation/install/topic_tools_interfaces:/home/nikunj/bwi_ros2_simulation/install/segway_rmp_ros2:/home/nikunj/bwi_ros2_simulation/install/segway_msgs:/home/nikunj/bwi_ros2_simulation/install/segway_description:/home/nikunj/bwi_ros2_simulation/install/segbot_description:/home/nikunj/bwi_ros2_simulation/install/pr2_description:/home/nikunj/bwi_ros2_simulation/install/nav2_bringup:/home/nikunj/bwi_ros2_simulation/install/my_virtual_obstacle_layer:/home/nikunj/bwi_ros2_simulation/install/libsegwayrmp:/home/nikunj/bwi_ros2_simulation/install/ivcon:/home/nikunj/bwi_ros2_simulation/install/convex_decomposition:/home/nikunj/bwi_ros2_simulation/install/test_odom:/home/nikunj/bwi_ros2_simulation/install/test_cmaes:/home/nikunj/bwi_ros2_simulation/install/teleop_multi_robot:/home/nikunj/bwi_ros2_simulation/install/scan_filter:/home/nikunj/bwi_ros2_simulation/install/kinect_data_collector:/home/nikunj/bwi_ros2_simulation/install/collision_monitor:/home/nikunj/bwi_ros2_simulation/install/bwi_tools:/home/nikunj/bwi_ros2_simulation/install/bwi_tasks:/home/nikunj/bwi_ros2_simulation/install/bwi_reset:/home/nikunj/bwi_ros2_simulation/install/bwi_perc:/opt/ros/humble:/home/nikunj/bwi_ros2_simulation/install/bwi_tasks_interface:/home/nikunj/bwi_ros2_simulation/install/bwi_perception_interface:/home/nikunj/bwi_ros2_simulation/install/bwi_launch:/home/nikunj/linorobot2_ws/install/sllidar_ros2:/home/nikunj/linorobot2_ws/install/micro_ros_setup:/home/nikunj/linorobot2_ws/install/linorobot2_bringup:/home/nikunj/linorobot2_ws/install/micro_ros_agent:/home/nikunj/linorobot2_ws/install/micro_ros_msgs:/home/nikunj/linorobot2_ws/install/linorobot2_viz:/home/nikunj/linorobot2_ws/install/linorobot2_navigation:/home/nikunj/linorobot2_ws/install/linorobot2_gazebo:/home/nikunj/linorobot2_ws/install/linorobot2_description:/home/nikunj/linorobot2_ws/install/linorobot2_base:/home/nikunj/linorobot2_ws/install/linorobot2 /usr/bin/cmake --install /home/nikunj/bwi_ros2_simulation/build/utexas_gdc
[1.181s] -- Install configuration: ""
[1.181s] -- Up-to-date: /home/nikunj/bwi_ros2_simulation/install/utexas_gdc/share/utexas_gdc/launch
[1.181s] -- Up-to-date: /home/nikunj/bwi_ros2_simulation/install/utexas_gdc/share/utexas_gdc/launch/simulation_3ne.launch
[1.181s] -- Up-to-date: /home/nikunj/bwi_ros2_simulation/install/utexas_gdc/share/utexas_gdc/launch/real_3ne_map_server.launch
[1.181s] -- Up-to-date: /home/nikunj/bwi_ros2_simulation/install/utexas_gdc/share/utexas_gdc/launch/simulation_2.launch
[1.181s] -- Up-to-date: /home/nikunj/bwi_ros2_simulation/install/utexas_gdc/share/utexas_gdc/launch/simulation_3ne_map_server.launch
[1.181s] -- Up-to-date: /home/nikunj/bwi_ros2_simulation/install/utexas_gdc/share/utexas_gdc/launch/simulation_multimap.launch.py
[1.181s] -- Up-to-date: /home/nikunj/bwi_ros2_simulation/install/utexas_gdc/share/utexas_gdc/knowledge
[1.182s] -- Up-to-date: /home/nikunj/bwi_ros2_simulation/install/utexas_gdc/share/utexas_gdc/knowledge/bwi.yaml
[1.182s] -- Up-to-date: /home/nikunj/bwi_ros2_simulation/install/utexas_gdc/share/utexas_gdc/maps
[1.182s] -- Up-to-date: /home/nikunj/bwi_ros2_simulation/install/utexas_gdc/share/utexas_gdc/maps/real
[1.182s] -- Up-to-date: /home/nikunj/bwi_ros2_simulation/install/utexas_gdc/share/utexas_gdc/maps/real/4
[1.182s] -- Up-to-date: /home/nikunj/bwi_ros2_simulation/install/utexas_gdc/share/utexas_gdc/maps/real/4/4.yaml
[1.182s] -- Up-to-date: /home/nikunj/bwi_ros2_simulation/install/utexas_gdc/share/utexas_gdc/maps/real/4/objects.yaml
[1.182s] -- Up-to-date: /home/nikunj/bwi_ros2_simulation/install/utexas_gdc/share/utexas_gdc/maps/real/4/locations.pgm
[1.182s] -- Up-to-date: /home/nikunj/bwi_ros2_simulation/install/utexas_gdc/share/utexas_gdc/maps/real/4/doors_map.pgm
[1.182s] -- Up-to-date: /home/nikunj/bwi_ros2_simulation/install/utexas_gdc/share/utexas_gdc/maps/real/4/4.pgm
[1.182s] -- Up-to-date: /home/nikunj/bwi_ros2_simulation/install/utexas_gdc/share/utexas_gdc/maps/real/4/locations.yaml
[1.182s] -- Up-to-date: /home/nikunj/bwi_ros2_simulation/install/utexas_gdc/share/utexas_gdc/maps/real/4/doors_map.yaml
[1.182s] -- Up-to-date: /home/nikunj/bwi_ros2_simulation/install/utexas_gdc/share/utexas_gdc/maps/real/4/doors.yaml
[1.182s] -- Up-to-date: /home/nikunj/bwi_ros2_simulation/install/utexas_gdc/share/utexas_gdc/maps/real/multimap
[1.182s] -- Up-to-date: /home/nikunj/bwi_ros2_simulation/install/utexas_gdc/share/utexas_gdc/maps/real/multimap/2_only_multimap.yaml
[1.183s] -- Up-to-date: /home/nikunj/bwi_ros2_simulation/install/utexas_gdc/share/utexas_gdc/maps/real/multimap/multimap.yaml
[1.183s] -- Up-to-date: /home/nikunj/bwi_ros2_simulation/install/utexas_gdc/share/utexas_gdc/maps/real/1s
[1.183s] -- Up-to-date: /home/nikunj/bwi_ros2_simulation/install/utexas_gdc/share/utexas_gdc/maps/real/1s/1s-original.pgm
[1.183s] -- Up-to-date: /home/nikunj/bwi_ros2_simulation/install/utexas_gdc/share/utexas_gdc/maps/real/1s/1s.yaml
[1.183s] -- Up-to-date: /home/nikunj/bwi_ros2_simulation/install/utexas_gdc/share/utexas_gdc/maps/real/1s/1s.pgm
[1.183s] -- Up-to-date: /home/nikunj/bwi_ros2_simulation/install/utexas_gdc/share/utexas_gdc/maps/real/1n
[1.183s] -- Up-to-date: /home/nikunj/bwi_ros2_simulation/install/utexas_gdc/share/utexas_gdc/maps/real/1n/1n.yaml
[1.183s] -- Up-to-date: /home/nikunj/bwi_ros2_simulation/install/utexas_gdc/share/utexas_gdc/maps/real/1n/1n.pgm
[1.183s] -- Up-to-date: /home/nikunj/bwi_ros2_simulation/install/utexas_gdc/share/utexas_gdc/maps/real/2
[1.183s] -- Up-to-date: /home/nikunj/bwi_ros2_simulation/install/utexas_gdc/share/utexas_gdc/maps/real/2/2.pgm
[1.183s] -- Up-to-date: /home/nikunj/bwi_ros2_simulation/install/utexas_gdc/share/utexas_gdc/maps/real/2/objects.yaml
[1.183s] -- Up-to-date: /home/nikunj/bwi_ros2_simulation/install/utexas_gdc/share/utexas_gdc/maps/real/2/2_original.pgm
[1.183s] -- Up-to-date: /home/nikunj/bwi_ros2_simulation/install/utexas_gdc/share/utexas_gdc/maps/real/2/locations.pgm
[1.184s] -- Up-to-date: /home/nikunj/bwi_ros2_simulation/install/utexas_gdc/share/utexas_gdc/maps/real/2/doors_map.pgm
[1.184s] -- Up-to-date: /home/nikunj/bwi_ros2_simulation/install/utexas_gdc/share/utexas_gdc/maps/real/2/2_before_elev.pgm
[1.184s] -- Up-to-date: /home/nikunj/bwi_ros2_simulation/install/utexas_gdc/share/utexas_gdc/maps/real/2/2_no_furniture.pgm
[1.184s] -- Up-to-date: /home/nikunj/bwi_ros2_simulation/install/utexas_gdc/share/utexas_gdc/maps/real/2/2.yaml
[1.184s] -- Up-to-date: /home/nikunj/bwi_ros2_simulation/install/utexas_gdc/share/utexas_gdc/maps/real/2/locations.yaml
[1.184s] -- Up-to-date: /home/nikunj/bwi_ros2_simulation/install/utexas_gdc/share/utexas_gdc/maps/real/2/doors_map.yaml
[1.184s] -- Up-to-date: /home/nikunj/bwi_ros2_simulation/install/utexas_gdc/share/utexas_gdc/maps/real/2/doors.yaml
[1.184s] -- Up-to-date: /home/nikunj/bwi_ros2_simulation/install/utexas_gdc/share/utexas_gdc/maps/real/3ne
[1.184s] -- Up-to-date: /home/nikunj/bwi_ros2_simulation/install/utexas_gdc/share/utexas_gdc/maps/real/3ne/3ne.pgm.bak
[1.184s] -- Up-to-date: /home/nikunj/bwi_ros2_simulation/install/utexas_gdc/share/utexas_gdc/maps/real/3ne/3ne.yaml
[1.184s] -- Up-to-date: /home/nikunj/bwi_ros2_simulation/install/utexas_gdc/share/utexas_gdc/maps/real/3ne/objects.yaml
[1.184s] -- Up-to-date: /home/nikunj/bwi_ros2_simulation/install/utexas_gdc/share/utexas_gdc/maps/real/3ne/3ne.pgm
[1.184s] -- Up-to-date: /home/nikunj/bwi_ros2_simulation/install/utexas_gdc/share/utexas_gdc/maps/real/3ne/locations.pgm
[1.184s] -- Up-to-date: /home/nikunj/bwi_ros2_simulation/install/utexas_gdc/share/utexas_gdc/maps/real/3ne/doors_map.pgm
[1.184s] -- Up-to-date: /home/nikunj/bwi_ros2_simulation/install/utexas_gdc/share/utexas_gdc/maps/real/3ne/locations.yaml
[1.185s] -- Up-to-date: /home/nikunj/bwi_ros2_simulation/install/utexas_gdc/share/utexas_gdc/maps/real/3ne/doors_map.yaml
[1.185s] -- Up-to-date: /home/nikunj/bwi_ros2_simulation/install/utexas_gdc/share/utexas_gdc/maps/real/3ne/doors.yaml
[1.185s] -- Up-to-date: /home/nikunj/bwi_ros2_simulation/install/utexas_gdc/share/utexas_gdc/maps/real/1
[1.185s] -- Up-to-date: /home/nikunj/bwi_ros2_simulation/install/utexas_gdc/share/utexas_gdc/maps/real/1/1-original.pgm
[1.185s] -- Up-to-date: /home/nikunj/bwi_ros2_simulation/install/utexas_gdc/share/utexas_gdc/maps/real/1/1.yaml
[1.185s] -- Up-to-date: /home/nikunj/bwi_ros2_simulation/install/utexas_gdc/share/utexas_gdc/maps/real/1/objects.yaml
[1.185s] -- Up-to-date: /home/nikunj/bwi_ros2_simulation/install/utexas_gdc/share/utexas_gdc/maps/real/1/1.pgm
[1.185s] -- Up-to-date: /home/nikunj/bwi_ros2_simulation/install/utexas_gdc/share/utexas_gdc/maps/real/1/locations.pgm
[1.185s] -- Up-to-date: /home/nikunj/bwi_ros2_simulation/install/utexas_gdc/share/utexas_gdc/maps/real/1/doors_map.pgm
[1.185s] -- Up-to-date: /home/nikunj/bwi_ros2_simulation/install/utexas_gdc/share/utexas_gdc/maps/real/1/locations.yaml
[1.185s] -- Up-to-date: /home/nikunj/bwi_ros2_simulation/install/utexas_gdc/share/utexas_gdc/maps/real/1/doors_map.yaml
[1.185s] -- Up-to-date: /home/nikunj/bwi_ros2_simulation/install/utexas_gdc/share/utexas_gdc/maps/real/1/doors.yaml
[1.185s] -- Up-to-date: /home/nikunj/bwi_ros2_simulation/install/utexas_gdc/share/utexas_gdc/maps/real/3
[1.185s] -- Up-to-date: /home/nikunj/bwi_ros2_simulation/install/utexas_gdc/share/utexas_gdc/maps/real/3/connectivity.yaml
[1.185s] -- Up-to-date: /home/nikunj/bwi_ros2_simulation/install/utexas_gdc/share/utexas_gdc/maps/real/3/objects.yaml
[1.185s] -- Up-to-date: /home/nikunj/bwi_ros2_simulation/install/utexas_gdc/share/utexas_gdc/maps/real/3/3.yaml
[1.186s] -- Up-to-date: /home/nikunj/bwi_ros2_simulation/install/utexas_gdc/share/utexas_gdc/maps/real/3/locations.pgm
[1.186s] -- Up-to-date: /home/nikunj/bwi_ros2_simulation/install/utexas_gdc/share/utexas_gdc/maps/real/3/doors_map.pgm
[1.186s] -- Up-to-date: /home/nikunj/bwi_ros2_simulation/install/utexas_gdc/share/utexas_gdc/maps/real/3/3.pgm
[1.186s] -- Up-to-date: /home/nikunj/bwi_ros2_simulation/install/utexas_gdc/share/utexas_gdc/maps/real/3/locations.yaml
[1.186s] -- Up-to-date: /home/nikunj/bwi_ros2_simulation/install/utexas_gdc/share/utexas_gdc/maps/real/3/doors_map.yaml
[1.186s] -- Up-to-date: /home/nikunj/bwi_ros2_simulation/install/utexas_gdc/share/utexas_gdc/maps/real/3/doors.yaml
[1.186s] -- Up-to-date: /home/nikunj/bwi_ros2_simulation/install/utexas_gdc/share/utexas_gdc/maps/simulation
[1.186s] -- Up-to-date: /home/nikunj/bwi_ros2_simulation/install/utexas_gdc/share/utexas_gdc/maps/simulation/my_map_old.yaml
[1.186s] -- Up-to-date: /home/nikunj/bwi_ros2_simulation/install/utexas_gdc/share/utexas_gdc/maps/simulation/multimap
[1.186s] -- Up-to-date: /home/nikunj/bwi_ros2_simulation/install/utexas_gdc/share/utexas_gdc/maps/simulation/multimap/2
[1.186s] -- Up-to-date: /home/nikunj/bwi_ros2_simulation/install/utexas_gdc/share/utexas_gdc/maps/simulation/multimap/2/2.pgm
[1.186s] -- Up-to-date: /home/nikunj/bwi_ros2_simulation/install/utexas_gdc/share/utexas_gdc/maps/simulation/multimap/2/objects.yaml
[1.186s] -- Up-to-date: /home/nikunj/bwi_ros2_simulation/install/utexas_gdc/share/utexas_gdc/maps/simulation/multimap/2/locations.pgm
[1.186s] -- Up-to-date: /home/nikunj/bwi_ros2_simulation/install/utexas_gdc/share/utexas_gdc/maps/simulation/multimap/2/doors_map.pgm
[1.186s] -- Up-to-date: /home/nikunj/bwi_ros2_simulation/install/utexas_gdc/share/utexas_gdc/maps/simulation/multimap/2/2.yaml
[1.186s] -- Up-to-date: /home/nikunj/bwi_ros2_simulation/install/utexas_gdc/share/utexas_gdc/maps/simulation/multimap/2/locations.yaml
[1.187s] -- Up-to-date: /home/nikunj/bwi_ros2_simulation/install/utexas_gdc/share/utexas_gdc/maps/simulation/multimap/2/doors_map.yaml
[1.187s] -- Up-to-date: /home/nikunj/bwi_ros2_simulation/install/utexas_gdc/share/utexas_gdc/maps/simulation/multimap/2/doors.yaml
[1.187s] -- Up-to-date: /home/nikunj/bwi_ros2_simulation/install/utexas_gdc/share/utexas_gdc/maps/simulation/multimap/3ne
[1.187s] -- Up-to-date: /home/nikunj/bwi_ros2_simulation/install/utexas_gdc/share/utexas_gdc/maps/simulation/multimap/3ne/3ne.yaml
[1.187s] -- Up-to-date: /home/nikunj/bwi_ros2_simulation/install/utexas_gdc/share/utexas_gdc/maps/simulation/multimap/3ne/objects.yaml
[1.187s] -- Up-to-date: /home/nikunj/bwi_ros2_simulation/install/utexas_gdc/share/utexas_gdc/maps/simulation/multimap/3ne/3ne.pgm
[1.187s] -- Up-to-date: /home/nikunj/bwi_ros2_simulation/install/utexas_gdc/share/utexas_gdc/maps/simulation/multimap/3ne/locations.pgm
[1.187s] -- Up-to-date: /home/nikunj/bwi_ros2_simulation/install/utexas_gdc/share/utexas_gdc/maps/simulation/multimap/3ne/doors_map.pgm
[1.187s] -- Up-to-date: /home/nikunj/bwi_ros2_simulation/install/utexas_gdc/share/utexas_gdc/maps/simulation/multimap/3ne/locations.yaml
[1.187s] -- Up-to-date: /home/nikunj/bwi_ros2_simulation/install/utexas_gdc/share/utexas_gdc/maps/simulation/multimap/3ne/doors_map.yaml
[1.187s] -- Up-to-date: /home/nikunj/bwi_ros2_simulation/install/utexas_gdc/share/utexas_gdc/maps/simulation/multimap/3ne/doors.yaml
[1.187s] -- Up-to-date: /home/nikunj/bwi_ros2_simulation/install/utexas_gdc/share/utexas_gdc/maps/simulation/multimap/combined.yaml
[1.187s] -- Up-to-date: /home/nikunj/bwi_ros2_simulation/install/utexas_gdc/share/utexas_gdc/maps/simulation/f1tenth_sim
[1.187s] -- Up-to-date: /home/nikunj/bwi_ros2_simulation/install/utexas_gdc/share/utexas_gdc/maps/simulation/f1tenth_sim/2
[1.187s] -- Up-to-date: /home/nikunj/bwi_ros2_simulation/install/utexas_gdc/share/utexas_gdc/maps/simulation/f1tenth_sim/2/2.pgm
[1.187s] -- Up-to-date: /home/nikunj/bwi_ros2_simulation/install/utexas_gdc/share/utexas_gdc/maps/simulation/f1tenth_sim/2/locations.pgm
[1.188s] -- Up-to-date: /home/nikunj/bwi_ros2_simulation/install/utexas_gdc/share/utexas_gdc/maps/simulation/f1tenth_sim/2/doors_map.pgm
[1.188s] -- Up-to-date: /home/nikunj/bwi_ros2_simulation/install/utexas_gdc/share/utexas_gdc/maps/simulation/f1tenth_sim/2/2.yaml
[1.188s] -- Up-to-date: /home/nikunj/bwi_ros2_simulation/install/utexas_gdc/share/utexas_gdc/maps/simulation/f1tenth_sim/2/locations.yaml
[1.188s] -- Up-to-date: /home/nikunj/bwi_ros2_simulation/install/utexas_gdc/share/utexas_gdc/maps/simulation/f1tenth_sim/2/doors_map.yaml
[1.188s] -- Up-to-date: /home/nikunj/bwi_ros2_simulation/install/utexas_gdc/share/utexas_gdc/maps/simulation/f1tenth_sim/2/doors.yaml
[1.188s] -- Up-to-date: /home/nikunj/bwi_ros2_simulation/install/utexas_gdc/share/utexas_gdc/maps/simulation/f1tenth_sim/3ne
[1.188s] -- Up-to-date: /home/nikunj/bwi_ros2_simulation/install/utexas_gdc/share/utexas_gdc/maps/simulation/f1tenth_sim/3ne/3ne.yaml
[1.188s] -- Up-to-date: /home/nikunj/bwi_ros2_simulation/install/utexas_gdc/share/utexas_gdc/maps/simulation/f1tenth_sim/3ne/objects.yaml
[1.188s] -- Up-to-date: /home/nikunj/bwi_ros2_simulation/install/utexas_gdc/share/utexas_gdc/maps/simulation/f1tenth_sim/3ne/3ne.pgm
[1.188s] -- Up-to-date: /home/nikunj/bwi_ros2_simulation/install/utexas_gdc/share/utexas_gdc/maps/simulation/f1tenth_sim/3ne/locations.pgm
[1.188s] -- Up-to-date: /home/nikunj/bwi_ros2_simulation/install/utexas_gdc/share/utexas_gdc/maps/simulation/f1tenth_sim/3ne/doors_map.pgm
[1.188s] -- Up-to-date: /home/nikunj/bwi_ros2_simulation/install/utexas_gdc/share/utexas_gdc/maps/simulation/f1tenth_sim/3ne/locations.yaml
[1.188s] -- Up-to-date: /home/nikunj/bwi_ros2_simulation/install/utexas_gdc/share/utexas_gdc/maps/simulation/f1tenth_sim/3ne/doors_map.yaml
[1.188s] -- Up-to-date: /home/nikunj/bwi_ros2_simulation/install/utexas_gdc/share/utexas_gdc/maps/simulation/f1tenth_sim/3ne/doors.yaml
[1.188s] -- Up-to-date: /home/nikunj/bwi_ros2_simulation/install/utexas_gdc/share/utexas_gdc/maps/simulation/f1tenth_sim/1
[1.189s] -- Up-to-date: /home/nikunj/bwi_ros2_simulation/install/utexas_gdc/share/utexas_gdc/maps/simulation/f1tenth_sim/1/1.yaml
[1.189s] -- Up-to-date: /home/nikunj/bwi_ros2_simulation/install/utexas_gdc/share/utexas_gdc/maps/simulation/f1tenth_sim/1/connectivity.yaml
[1.189s] -- Up-to-date: /home/nikunj/bwi_ros2_simulation/install/utexas_gdc/share/utexas_gdc/maps/simulation/f1tenth_sim/1/objects.yaml
[1.189s] -- Up-to-date: /home/nikunj/bwi_ros2_simulation/install/utexas_gdc/share/utexas_gdc/maps/simulation/f1tenth_sim/1/1.pgm
[1.189s] -- Up-to-date: /home/nikunj/bwi_ros2_simulation/install/utexas_gdc/share/utexas_gdc/maps/simulation/f1tenth_sim/1/locations.pgm
[1.189s] -- Up-to-date: /home/nikunj/bwi_ros2_simulation/install/utexas_gdc/share/utexas_gdc/maps/simulation/f1tenth_sim/1/doors_map.pgm
[1.189s] -- Up-to-date: /home/nikunj/bwi_ros2_simulation/install/utexas_gdc/share/utexas_gdc/maps/simulation/f1tenth_sim/1/locations.yaml
[1.189s] -- Up-to-date: /home/nikunj/bwi_ros2_simulation/install/utexas_gdc/share/utexas_gdc/maps/simulation/f1tenth_sim/1/doors_map.yaml
[1.189s] -- Up-to-date: /home/nikunj/bwi_ros2_simulation/install/utexas_gdc/share/utexas_gdc/maps/simulation/f1tenth_sim/1/doors.yaml
[1.189s] -- Up-to-date: /home/nikunj/bwi_ros2_simulation/install/utexas_gdc/share/utexas_gdc/maps/simulation/f1tenth_sim/combined.yaml
[1.189s] -- Up-to-date: /home/nikunj/bwi_ros2_simulation/install/utexas_gdc/share/utexas_gdc/maps/simulation/my_map.yaml
[1.189s] -- Up-to-date: /home/nikunj/bwi_ros2_simulation/install/utexas_gdc/share/utexas_gdc/maps/simulation/2
[1.189s] -- Up-to-date: /home/nikunj/bwi_ros2_simulation/install/utexas_gdc/share/utexas_gdc/maps/simulation/2/2.pgm
[1.189s] -- Up-to-date: /home/nikunj/bwi_ros2_simulation/install/utexas_gdc/share/utexas_gdc/maps/simulation/2/2.xcf
[1.189s] -- Up-to-date: /home/nikunj/bwi_ros2_simulation/install/utexas_gdc/share/utexas_gdc/maps/simulation/2/2.yaml
[1.189s] -- Up-to-date: /home/nikunj/bwi_ros2_simulation/install/utexas_gdc/share/utexas_gdc/maps/simulation/my_map_fixed.pgm
[1.190s] -- Up-to-date: /home/nikunj/bwi_ros2_simulation/install/utexas_gdc/share/utexas_gdc/maps/simulation/multimap_test
[1.190s] -- Up-to-date: /home/nikunj/bwi_ros2_simulation/install/utexas_gdc/share/utexas_gdc/maps/simulation/multimap_test/2_only_multimap.yaml
[1.190s] -- Up-to-date: /home/nikunj/bwi_ros2_simulation/install/utexas_gdc/share/utexas_gdc/maps/simulation/multimap_test/test.yaml
[1.190s] -- Up-to-date: /home/nikunj/bwi_ros2_simulation/install/utexas_gdc/share/utexas_gdc/maps/simulation/multimap_test/3netest
[1.190s] -- Up-to-date: /home/nikunj/bwi_ros2_simulation/install/utexas_gdc/share/utexas_gdc/maps/simulation/multimap_test/3netest/3netest.yaml
[1.190s] -- Up-to-date: /home/nikunj/bwi_ros2_simulation/install/utexas_gdc/share/utexas_gdc/maps/simulation/multimap_test/3netest/3netest.pgm
[1.190s] -- Up-to-date: /home/nikunj/bwi_ros2_simulation/install/utexas_gdc/share/utexas_gdc/maps/simulation/multimap_test/3netest/objects.yaml
[1.190s] -- Up-to-date: /home/nikunj/bwi_ros2_simulation/install/utexas_gdc/share/utexas_gdc/maps/simulation/multimap_test/3netest/locations.pgm
[1.190s] -- Up-to-date: /home/nikunj/bwi_ros2_simulation/install/utexas_gdc/share/utexas_gdc/maps/simulation/multimap_test/3netest/doors_map.pgm
[1.190s] -- Up-to-date: /home/nikunj/bwi_ros2_simulation/install/utexas_gdc/share/utexas_gdc/maps/simulation/multimap_test/3netest/locations.yaml
[1.190s] -- Up-to-date: /home/nikunj/bwi_ros2_simulation/install/utexas_gdc/share/utexas_gdc/maps/simulation/multimap_test/3netest/doors_map.yaml
[1.190s] -- Up-to-date: /home/nikunj/bwi_ros2_simulation/install/utexas_gdc/share/utexas_gdc/maps/simulation/multimap_test/3netest/doors.yaml
[1.190s] -- Up-to-date: /home/nikunj/bwi_ros2_simulation/install/utexas_gdc/share/utexas_gdc/maps/simulation/my_map_old.pgm
[1.190s] -- Up-to-date: /home/nikunj/bwi_ros2_simulation/install/utexas_gdc/share/utexas_gdc/maps/simulation/3ne
[1.190s] -- Up-to-date: /home/nikunj/bwi_ros2_simulation/install/utexas_gdc/share/utexas_gdc/maps/simulation/3ne/3ne.yaml
[1.191s] -- Up-to-date: /home/nikunj/bwi_ros2_simulation/install/utexas_gdc/share/utexas_gdc/maps/simulation/3ne/doors_map_corpp.yaml
[1.191s] -- Up-to-date: /home/nikunj/bwi_ros2_simulation/install/utexas_gdc/share/utexas_gdc/maps/simulation/3ne/connectivity.yaml
[1.191s] -- Up-to-date: /home/nikunj/bwi_ros2_simulation/install/utexas_gdc/share/utexas_gdc/maps/simulation/3ne/doors_map_corpp.pgm
[1.191s] -- Up-to-date: /home/nikunj/bwi_ros2_simulation/install/utexas_gdc/share/utexas_gdc/maps/simulation/3ne/objects.yaml
[1.191s] -- Up-to-date: /home/nikunj/bwi_ros2_simulation/install/utexas_gdc/share/utexas_gdc/maps/simulation/3ne/3ne.pgm
[1.191s] -- Up-to-date: /home/nikunj/bwi_ros2_simulation/install/utexas_gdc/share/utexas_gdc/maps/simulation/3ne/locations.pgm
[1.191s] -- Up-to-date: /home/nikunj/bwi_ros2_simulation/install/utexas_gdc/share/utexas_gdc/maps/simulation/3ne/doors_map.pgm
[1.191s] -- Up-to-date: /home/nikunj/bwi_ros2_simulation/install/utexas_gdc/share/utexas_gdc/maps/simulation/3ne/locations.yaml
[1.191s] -- Up-to-date: /home/nikunj/bwi_ros2_simulation/install/utexas_gdc/share/utexas_gdc/maps/simulation/3ne/doors_map.yaml
[1.191s] -- Up-to-date: /home/nikunj/bwi_ros2_simulation/install/utexas_gdc/share/utexas_gdc/maps/simulation/3ne/doors.yaml
[1.191s] -- Up-to-date: /home/nikunj/bwi_ros2_simulation/install/utexas_gdc/share/utexas_gdc/maps/simulation/my_map.pgm
[1.191s] -- Up-to-date: /home/nikunj/bwi_ros2_simulation/install/utexas_gdc/share/utexas_gdc/worlds
[1.191s] -- Up-to-date: /home/nikunj/bwi_ros2_simulation/install/utexas_gdc/share/utexas_gdc/worlds/2.world
[1.191s] -- Up-to-date: /home/nikunj/bwi_ros2_simulation/install/utexas_gdc/share/utexas_gdc/worlds/3ne.world
[1.191s] -- Up-to-date: /home/nikunj/bwi_ros2_simulation/install/utexas_gdc/share/utexas_gdc/worlds/combined.world
[1.191s] -- Up-to-date: /home/nikunj/bwi_ros2_simulation/install/utexas_gdc/share/utexas_gdc/worlds/hallway_correct.world
[1.192s] -- Up-to-date: /home/nikunj/bwi_ros2_simulation/install/utexas_gdc/share/utexas_gdc/worlds/hallway_world.world
[1.192s] -- Up-to-date: /home/nikunj/bwi_ros2_simulation/install/utexas_gdc/share/utexas_gdc/Media
[1.192s] -- Up-to-date: /home/nikunj/bwi_ros2_simulation/install/utexas_gdc/share/utexas_gdc/Media/models
[1.192s] -- Up-to-date: /home/nikunj/bwi_ros2_simulation/install/utexas_gdc/share/utexas_gdc/Media/models/combined
[1.192s] -- Up-to-date: /home/nikunj/bwi_ros2_simulation/install/utexas_gdc/share/utexas_gdc/Media/models/combined/model.config
[1.192s] -- Up-to-date: /home/nikunj/bwi_ros2_simulation/install/utexas_gdc/share/utexas_gdc/Media/models/combined/meshes
[1.192s] -- Up-to-date: /home/nikunj/bwi_ros2_simulation/install/utexas_gdc/share/utexas_gdc/Media/models/combined/meshes/combined.skp
[1.192s] -- Up-to-date: /home/nikunj/bwi_ros2_simulation/install/utexas_gdc/share/utexas_gdc/Media/models/combined/meshes/combined.dae
[1.192s] -- Up-to-date: /home/nikunj/bwi_ros2_simulation/install/utexas_gdc/share/utexas_gdc/Media/models/combined/materials
[1.192s] -- Up-to-date: /home/nikunj/bwi_ros2_simulation/install/utexas_gdc/share/utexas_gdc/Media/models/combined/materials/textures
[1.192s] -- Up-to-date: /home/nikunj/bwi_ros2_simulation/install/utexas_gdc/share/utexas_gdc/Media/models/combined/materials/textures/__auto_1.jpg
[1.192s] -- Up-to-date: /home/nikunj/bwi_ros2_simulation/install/utexas_gdc/share/utexas_gdc/Media/models/combined/materials/textures/__auto_5.jpg
[1.192s] -- Up-to-date: /home/nikunj/bwi_ros2_simulation/install/utexas_gdc/share/utexas_gdc/Media/models/combined/materials/textures/__auto_4.jpg
[1.192s] -- Up-to-date: /home/nikunj/bwi_ros2_simulation/install/utexas_gdc/share/utexas_gdc/Media/models/combined/materials/textures/__auto_6.jpg
[1.192s] -- Up-to-date: /home/nikunj/bwi_ros2_simulation/install/utexas_gdc/share/utexas_gdc/Media/models/combined/materials/textures/__auto_.jpg
[1.193s] -- Up-to-date: /home/nikunj/bwi_ros2_simulation/install/utexas_gdc/share/utexas_gdc/Media/models/combined/materials/textures/__auto_9.jpg
[1.193s] -- Up-to-date: /home/nikunj/bwi_ros2_simulation/install/utexas_gdc/share/utexas_gdc/Media/models/combined/materials/textures/__auto_8.jpg
[1.193s] -- Up-to-date: /home/nikunj/bwi_ros2_simulation/install/utexas_gdc/share/utexas_gdc/Media/models/combined/materials/textures/__auto_7.jpg
[1.193s] -- Up-to-date: /home/nikunj/bwi_ros2_simulation/install/utexas_gdc/share/utexas_gdc/Media/models/combined/materials/textures/__auto_2.jpg
[1.193s] -- Up-to-date: /home/nikunj/bwi_ros2_simulation/install/utexas_gdc/share/utexas_gdc/Media/models/combined/model.sdf
[1.193s] -- Up-to-date: /home/nikunj/bwi_ros2_simulation/install/utexas_gdc/share/utexas_gdc/Media/models/2
[1.193s] -- Up-to-date: /home/nikunj/bwi_ros2_simulation/install/utexas_gdc/share/utexas_gdc/Media/models/2/model.config
[1.193s] -- Up-to-date: /home/nikunj/bwi_ros2_simulation/install/utexas_gdc/share/utexas_gdc/Media/models/2/meshes
[1.193s] -- Up-to-date: /home/nikunj/bwi_ros2_simulation/install/utexas_gdc/share/utexas_gdc/Media/models/2/meshes/2.dae
[1.193s] -- Up-to-date: /home/nikunj/bwi_ros2_simulation/install/utexas_gdc/share/utexas_gdc/Media/models/2/meshes/2
[1.193s] -- Up-to-date: /home/nikunj/bwi_ros2_simulation/install/utexas_gdc/share/utexas_gdc/Media/models/2/meshes/2/__auto_1.jpg
[1.193s] -- Up-to-date: /home/nikunj/bwi_ros2_simulation/install/utexas_gdc/share/utexas_gdc/Media/models/2/meshes/2/Stone_Vein_Gray.jpg
[1.193s] -- Up-to-date: /home/nikunj/bwi_ros2_simulation/install/utexas_gdc/share/utexas_gdc/Media/models/2/meshes/2/Brick_Antique.jpg
[1.193s] -- Up-to-date: /home/nikunj/bwi_ros2_simulation/install/utexas_gdc/share/utexas_gdc/Media/models/2/meshes/2/Stone_Brushed_Khaki.jpg
[1.193s] -- Up-to-date: /home/nikunj/bwi_ros2_simulation/install/utexas_gdc/share/utexas_gdc/Media/models/2/meshes/2/Tile_Ceramic_Natural.jpg
[1.193s] -- Up-to-date: /home/nikunj/bwi_ros2_simulation/install/utexas_gdc/share/utexas_gdc/Media/models/2/meshes/2/__auto_2.jpg
[1.194s] -- Up-to-date: /home/nikunj/bwi_ros2_simulation/install/utexas_gdc/share/utexas_gdc/Media/models/2/materials
[1.194s] -- Up-to-date: /home/nikunj/bwi_ros2_simulation/install/utexas_gdc/share/utexas_gdc/Media/models/2/materials/textures
[1.194s] -- Up-to-date: /home/nikunj/bwi_ros2_simulation/install/utexas_gdc/share/utexas_gdc/Media/models/2/materials/textures/__auto_1.jpg
[1.194s] -- Up-to-date: /home/nikunj/bwi_ros2_simulation/install/utexas_gdc/share/utexas_gdc/Media/models/2/materials/textures/Stone_Vein_Gray.jpg
[1.194s] -- Up-to-date: /home/nikunj/bwi_ros2_simulation/install/utexas_gdc/share/utexas_gdc/Media/models/2/materials/textures/Brick_Antique.jpg
[1.194s] -- Up-to-date: /home/nikunj/bwi_ros2_simulation/install/utexas_gdc/share/utexas_gdc/Media/models/2/materials/textures/Stone_Brushed_Khaki.jpg
[1.194s] -- Up-to-date: /home/nikunj/bwi_ros2_simulation/install/utexas_gdc/share/utexas_gdc/Media/models/2/materials/textures/Tile_Ceramic_Natural.jpg
[1.194s] -- Up-to-date: /home/nikunj/bwi_ros2_simulation/install/utexas_gdc/share/utexas_gdc/Media/models/2/materials/textures/__auto_2.jpg
[1.194s] -- Up-to-date: /home/nikunj/bwi_ros2_simulation/install/utexas_gdc/share/utexas_gdc/Media/models/2/model.sdf
[1.194s] -- Up-to-date: /home/nikunj/bwi_ros2_simulation/install/utexas_gdc/share/utexas_gdc/Media/models/3ne
[1.194s] -- Up-to-date: /home/nikunj/bwi_ros2_simulation/install/utexas_gdc/share/utexas_gdc/Media/models/3ne/mode.config
[1.194s] -- Up-to-date: /home/nikunj/bwi_ros2_simulation/install/utexas_gdc/share/utexas_gdc/Media/models/3ne/meshes
[1.194s] -- Up-to-date: /home/nikunj/bwi_ros2_simulation/install/utexas_gdc/share/utexas_gdc/Media/models/3ne/meshes/3ne.dae
[1.194s] -- Up-to-date: /home/nikunj/bwi_ros2_simulation/install/utexas_gdc/share/utexas_gdc/Media/models/3ne/materials
[1.194s] -- Up-to-date: /home/nikunj/bwi_ros2_simulation/install/utexas_gdc/share/utexas_gdc/Media/models/3ne/materials/textures
[1.195s] -- Up-to-date: /home/nikunj/bwi_ros2_simulation/install/utexas_gdc/share/utexas_gdc/Media/models/3ne/materials/textures/seamlesstexture6_1200.jpg
[1.195s] -- Up-to-date: /home/nikunj/bwi_ros2_simulation/install/utexas_gdc/share/utexas_gdc/Media/models/3ne/materials/textures/__.jpg
[1.195s] -- Up-to-date: /home/nikunj/bwi_ros2_simulation/install/utexas_gdc/share/utexas_gdc/Media/models/3ne/materials/textures/Stone_Vein_Gray_.jpg
[1.195s] -- Up-to-date: /home/nikunj/bwi_ros2_simulation/install/utexas_gdc/share/utexas_gdc/Media/models/3ne/materials/textures/_981-32029.jpg
[1.195s] -- Up-to-date: /home/nikunj/bwi_ros2_simulation/install/utexas_gdc/share/utexas_gdc/Media/models/3ne/materials/textures/Brick_Antique_.jpg
[1.195s] -- Up-to-date: /home/nikunj/bwi_ros2_simulation/install/utexas_gdc/share/utexas_gdc/Media/models/3ne/model.sdf
[1.195s] -- Up-to-date: /home/nikunj/bwi_ros2_simulation/install/utexas_gdc/share/ament_index/resource_index/package_run_dependencies/utexas_gdc
[1.195s] -- Up-to-date: /home/nikunj/bwi_ros2_simulation/install/utexas_gdc/share/ament_index/resource_index/parent_prefix_path/utexas_gdc
[1.195s] -- Up-to-date: /home/nikunj/bwi_ros2_simulation/install/utexas_gdc/share/utexas_gdc/environment/ament_prefix_path.sh
[1.195s] -- Up-to-date: /home/nikunj/bwi_ros2_simulation/install/utexas_gdc/share/utexas_gdc/environment/ament_prefix_path.dsv
[1.195s] -- Up-to-date: /home/nikunj/bwi_ros2_simulation/install/utexas_gdc/share/utexas_gdc/environment/path.sh
[1.195s] -- Up-to-date: /home/nikunj/bwi_ros2_simulation/install/utexas_gdc/share/utexas_gdc/environment/path.dsv
[1.195s] -- Up-to-date: /home/nikunj/bwi_ros2_simulation/install/utexas_gdc/share/utexas_gdc/local_setup.bash
[1.195s] -- Up-to-date: /home/nikunj/bwi_ros2_simulation/install/utexas_gdc/share/utexas_gdc/local_setup.sh
[1.195s] -- Up-to-date: /home/nikunj/bwi_ros2_simulation/install/utexas_gdc/share/utexas_gdc/local_setup.zsh
[1.195s] -- Up-to-date: /home/nikunj/bwi_ros2_simulation/install/utexas_gdc/share/utexas_gdc/local_setup.dsv
[1.196s] -- Installing: /home/nikunj/bwi_ros2_simulation/install/utexas_gdc/share/utexas_gdc/package.dsv
[1.196s] -- Up-to-date: /home/nikunj/bwi_ros2_simulation/install/utexas_gdc/share/ament_index/resource_index/packages/utexas_gdc
[1.196s] -- Up-to-date: /home/nikunj/bwi_ros2_simulation/install/utexas_gdc/share/utexas_gdc/cmake/utexas_gdcConfig.cmake
[1.196s] -- Up-to-date: /home/nikunj/bwi_ros2_simulation/install/utexas_gdc/share/utexas_gdc/cmake/utexas_gdcConfig-version.cmake
[1.196s] -- Up-to-date: /home/nikunj/bwi_ros2_simulation/install/utexas_gdc/share/utexas_gdc/package.xml
[1.268s] Invoked command in '/home/nikunj/bwi_ros2_simulation/build/utexas_gdc' returned '0': CMAKE_PREFIX_PATH=/home/nikunj/bwi_ros2_simulation/install/utexas_gdc:/home/nikunj/bwi_ros2_simulation/install/urg_node2:/home/nikunj/bwi_ros2_simulation/install/topic_tools:/home/nikunj/bwi_ros2_simulation/install/topic_tools_interfaces:/home/nikunj/bwi_ros2_simulation/install/segway_rmp_ros2:/home/nikunj/bwi_ros2_simulation/install/segway_msgs:/home/nikunj/bwi_ros2_simulation/install/segway_description:/home/nikunj/bwi_ros2_simulation/install/segbot_description:/home/nikunj/bwi_ros2_simulation/install/pr2_description:/home/nikunj/bwi_ros2_simulation/install/nav2_bringup:/home/nikunj/bwi_ros2_simulation/install/my_virtual_obstacle_layer:/home/nikunj/bwi_ros2_simulation/install/libsegwayrmp:/home/nikunj/bwi_ros2_simulation/install/ivcon:/home/nikunj/bwi_ros2_simulation/install/convex_decomposition:/home/nikunj/bwi_ros2_simulation/install/test_odom:/home/nikunj/bwi_ros2_simulation/install/test_cmaes:/home/nikunj/bwi_ros2_simulation/install/teleop_multi_robot:/home/nikunj/bwi_ros2_simulation/install/scan_filter:/home/nikunj/bwi_ros2_simulation/install/kinect_data_collector:/home/nikunj/bwi_ros2_simulation/install/collision_monitor:/home/nikunj/bwi_ros2_simulation/install/bwi_tools:/home/nikunj/bwi_ros2_simulation/install/bwi_tasks:/home/nikunj/bwi_ros2_simulation/install/bwi_reset:/home/nikunj/bwi_ros2_simulation/install/bwi_perc:/opt/ros/humble:/home/nikunj/bwi_ros2_simulation/install/bwi_tasks_interface:/home/nikunj/bwi_ros2_simulation/install/bwi_perception_interface:/home/nikunj/bwi_ros2_simulation/install/bwi_launch:/home/nikunj/linorobot2_ws/install/sllidar_ros2:/home/nikunj/linorobot2_ws/install/micro_ros_setup:/home/nikunj/linorobot2_ws/install/linorobot2_bringup:/home/nikunj/linorobot2_ws/install/micro_ros_agent:/home/nikunj/linorobot2_ws/install/micro_ros_msgs:/home/nikunj/linorobot2_ws/install/linorobot2_viz:/home/nikunj/linorobot2_ws/install/linorobot2_navigation:/home/nikunj/linorobot2_ws/install/linorobot2_gazebo:/home/nikunj/linorobot2_ws/install/linorobot2_description:/home/nikunj/linorobot2_ws/install/linorobot2_base:/home/nikunj/linorobot2_ws/install/linorobot2 /usr/bin/cmake --install /home/nikunj/bwi_ros2_simulation/build/utexas_gdc
