[2.097s] Invoking command in '/home/nikunj/bwi_ros2_simulation/src/teleop_multi_robot': PYTHONPATH=/home/nikunj/bwi_ros2_simulation/build/teleop_multi_robot/prefix_override:/usr/lib/python3/dist-packages/colcon_core/task/python/colcon_distutils_commands:/home/nikunj/bwi_ros2_simulation/install/teleop_multi_robot/lib/python3.10/site-packages:${PYTHONPATH} /usr/bin/python3 -W ignore:setup.py install is deprecated -W ignore:easy_install command is deprecated setup.py egg_info --egg-base ../../build/teleop_multi_robot build --build-base /home/nikunj/bwi_ros2_simulation/build/teleop_multi_robot/build install --record /home/nikunj/bwi_ros2_simulation/build/teleop_multi_robot/install.log --single-version-externally-managed install_data
[2.441s] running egg_info
[2.442s] writing ../../build/teleop_multi_robot/teleop_multi_robot.egg-info/PKG-INFO
[2.442s] writing dependency_links to ../../build/teleop_multi_robot/teleop_multi_robot.egg-info/dependency_links.txt
[2.442s] writing entry points to ../../build/teleop_multi_robot/teleop_multi_robot.egg-info/entry_points.txt
[2.443s] writing requirements to ../../build/teleop_multi_robot/teleop_multi_robot.egg-info/requires.txt
[2.443s] writing top-level names to ../../build/teleop_multi_robot/teleop_multi_robot.egg-info/top_level.txt
[2.444s] reading manifest file '../../build/teleop_multi_robot/teleop_multi_robot.egg-info/SOURCES.txt'
[2.444s] adding license file 'LICENSE'
[2.445s] writing manifest file '../../build/teleop_multi_robot/teleop_multi_robot.egg-info/SOURCES.txt'
[2.445s] running build
[2.445s] running build_py
[2.446s] running install
[2.446s] running install_lib
[2.447s] running install_data
[2.447s] running install_egg_info
[2.449s] removing '/home/nikunj/bwi_ros2_simulation/install/teleop_multi_robot/lib/python3.10/site-packages/teleop_multi_robot-0.0.0-py3.10.egg-info' (and everything under it)
[2.449s] Copying ../../build/teleop_multi_robot/teleop_multi_robot.egg-info to /home/nikunj/bwi_ros2_simulation/install/teleop_multi_robot/lib/python3.10/site-packages/teleop_multi_robot-0.0.0-py3.10.egg-info
[2.449s] running install_scripts
[2.470s] Installing teleop_twist_dual script to /home/nikunj/bwi_ros2_simulation/install/teleop_multi_robot/lib/teleop_multi_robot
[2.470s] writing list of installed files to '/home/nikunj/bwi_ros2_simulation/build/teleop_multi_robot/install.log'
[2.502s] Invoked command in '/home/nikunj/bwi_ros2_simulation/src/teleop_multi_robot' returned '0': PYTHONPATH=/home/nikunj/bwi_ros2_simulation/build/teleop_multi_robot/prefix_override:/usr/lib/python3/dist-packages/colcon_core/task/python/colcon_distutils_commands:/home/nikunj/bwi_ros2_simulation/install/teleop_multi_robot/lib/python3.10/site-packages:${PYTHONPATH} /usr/bin/python3 -W ignore:setup.py install is deprecated -W ignore:easy_install command is deprecated setup.py egg_info --egg-base ../../build/teleop_multi_robot build --build-base /home/nikunj/bwi_ros2_simulation/build/teleop_multi_robot/build install --record /home/nikunj/bwi_ros2_simulation/build/teleop_multi_robot/install.log --single-version-externally-managed install_data
