[0.556s] Invoking command in '/home/nikunj/bwi_ros2_simulation/build/nav2_bringup': CMAKE_PREFIX_PATH=/opt/ros/humble /usr/bin/cmake --build /home/nikunj/bwi_ros2_simulation/build/nav2_bringup -- -j32 -l32
[1.201s] Invoked command in '/home/nikunj/bwi_ros2_simulation/build/nav2_bringup' returned '0': CMAKE_PREFIX_PATH=/opt/ros/humble /usr/bin/cmake --build /home/nikunj/bwi_ros2_simulation/build/nav2_bringup -- -j32 -l32
[1.202s] Invoking command in '/home/nikunj/bwi_ros2_simulation/build/nav2_bringup': CMAKE_PREFIX_PATH=/opt/ros/humble /usr/bin/cmake --install /home/nikunj/bwi_ros2_simulation/build/nav2_bringup
[1.259s] -- Install configuration: "Release"
[1.259s] -- Up-to-date: /home/nikunj/bwi_ros2_simulation/install/nav2_bringup/share/nav2_bringup/launch
[1.259s] -- Up-to-date: /home/nikunj/bwi_ros2_simulation/install/nav2_bringup/share/nav2_bringup/launch/navigation_launch.py
[1.260s] -- Up-to-date: /home/nikunj/bwi_ros2_simulation/install/nav2_bringup/share/nav2_bringup/launch/slam_launch.py
[1.260s] -- Up-to-date: /home/nikunj/bwi_ros2_simulation/install/nav2_bringup/share/nav2_bringup/launch/tb3_simulation_launch.py
[1.260s] -- Up-to-date: /home/nikunj/bwi_ros2_simulation/install/nav2_bringup/share/nav2_bringup/launch/cloned_multi_tb3_simulation_launch.py
[1.260s] -- Up-to-date: /home/nikunj/bwi_ros2_simulation/install/nav2_bringup/share/nav2_bringup/launch/rviz_launch.py
[1.260s] -- Up-to-date: /home/nikunj/bwi_ros2_simulation/install/nav2_bringup/share/nav2_bringup/launch/augmented_map.py
[1.261s] -- Up-to-date: /home/nikunj/bwi_ros2_simulation/install/nav2_bringup/share/nav2_bringup/launch/unique_multi_tb3_simulation_launch.py
[1.261s] -- Up-to-date: /home/nikunj/bwi_ros2_simulation/install/nav2_bringup/share/nav2_bringup/launch/localization_launch.py
[1.262s] -- Up-to-date: /home/nikunj/bwi_ros2_simulation/install/nav2_bringup/share/nav2_bringup/launch/bringup_launch.py
[1.262s] -- Up-to-date: /home/nikunj/bwi_ros2_simulation/install/nav2_bringup/share/nav2_bringup/maps
[1.262s] -- Up-to-date: /home/nikunj/bwi_ros2_simulation/install/nav2_bringup/share/nav2_bringup/maps/my_map.yaml
[1.262s] -- Up-to-date: /home/nikunj/bwi_ros2_simulation/install/nav2_bringup/share/nav2_bringup/maps/my_map.pgm
[1.263s] -- Up-to-date: /home/nikunj/bwi_ros2_simulation/install/nav2_bringup/share/nav2_bringup/rviz
[1.263s] -- Up-to-date: /home/nikunj/bwi_ros2_simulation/install/nav2_bringup/share/nav2_bringup/rviz/nav2_default_view.rviz
[1.263s] -- Up-to-date: /home/nikunj/bwi_ros2_simulation/install/nav2_bringup/share/nav2_bringup/rviz/nav2_namespaced_view.rviz
[1.263s] -- Up-to-date: /home/nikunj/bwi_ros2_simulation/install/nav2_bringup/share/nav2_bringup/worlds
[1.264s] -- Up-to-date: /home/nikunj/bwi_ros2_simulation/install/nav2_bringup/share/nav2_bringup/worlds/world_only.model
[1.264s] -- Up-to-date: /home/nikunj/bwi_ros2_simulation/install/nav2_bringup/share/nav2_bringup/worlds/waffle.model
[1.265s] -- Up-to-date: /home/nikunj/bwi_ros2_simulation/install/nav2_bringup/share/nav2_bringup/params
[1.265s] -- Up-to-date: /home/nikunj/bwi_ros2_simulation/install/nav2_bringup/share/nav2_bringup/params/archive
[1.265s] -- Up-to-date: /home/nikunj/bwi_ros2_simulation/install/nav2_bringup/share/nav2_bringup/params/archive/slow_vel_working_nav2_params.yaml
[1.265s] -- Up-to-date: /home/nikunj/bwi_ros2_simulation/install/nav2_bringup/share/nav2_bringup/params/nav2_params_multi_robot_1.yaml
[1.265s] -- Up-to-date: /home/nikunj/bwi_ros2_simulation/install/nav2_bringup/share/nav2_bringup/params/nav2_params_multi_robot_2.yaml
[1.265s] -- Up-to-date: /home/nikunj/bwi_ros2_simulation/install/nav2_bringup/share/nav2_bringup/urdf
[1.265s] -- Up-to-date: /home/nikunj/bwi_ros2_simulation/install/nav2_bringup/share/nav2_bringup/urdf/turtlebot3_waffle.urdf
[1.265s] -- Up-to-date: /home/nikunj/bwi_ros2_simulation/install/nav2_bringup/share/ament_index/resource_index/package_run_dependencies/nav2_bringup
[1.266s] -- Up-to-date: /home/nikunj/bwi_ros2_simulation/install/nav2_bringup/share/ament_index/resource_index/parent_prefix_path/nav2_bringup
[1.266s] -- Up-to-date: /home/nikunj/bwi_ros2_simulation/install/nav2_bringup/share/nav2_bringup/environment/ament_prefix_path.sh
[1.266s] -- Up-to-date: /home/nikunj/bwi_ros2_simulation/install/nav2_bringup/share/nav2_bringup/environment/ament_prefix_path.dsv
[1.266s] -- Up-to-date: /home/nikunj/bwi_ros2_simulation/install/nav2_bringup/share/nav2_bringup/environment/path.sh
[1.266s] -- Up-to-date: /home/nikunj/bwi_ros2_simulation/install/nav2_bringup/share/nav2_bringup/environment/path.dsv
[1.266s] -- Up-to-date: /home/nikunj/bwi_ros2_simulation/install/nav2_bringup/share/nav2_bringup/local_setup.bash
[1.266s] -- Up-to-date: /home/nikunj/bwi_ros2_simulation/install/nav2_bringup/share/nav2_bringup/local_setup.sh
[1.267s] -- Up-to-date: /home/nikunj/bwi_ros2_simulation/install/nav2_bringup/share/nav2_bringup/local_setup.zsh
[1.267s] -- Up-to-date: /home/nikunj/bwi_ros2_simulation/install/nav2_bringup/share/nav2_bringup/local_setup.dsv
[1.267s] -- Installing: /home/nikunj/bwi_ros2_simulation/install/nav2_bringup/share/nav2_bringup/package.dsv
[1.267s] -- Up-to-date: /home/nikunj/bwi_ros2_simulation/install/nav2_bringup/share/ament_index/resource_index/packages/nav2_bringup
[1.268s] -- Up-to-date: /home/nikunj/bwi_ros2_simulation/install/nav2_bringup/share/nav2_bringup/cmake/nav2_bringupConfig.cmake
[1.268s] -- Up-to-date: /home/nikunj/bwi_ros2_simulation/install/nav2_bringup/share/nav2_bringup/cmake/nav2_bringupConfig-version.cmake
[1.269s] -- Up-to-date: /home/nikunj/bwi_ros2_simulation/install/nav2_bringup/share/nav2_bringup/package.xml
[1.348s] Invoked command in '/home/nikunj/bwi_ros2_simulation/build/nav2_bringup' returned '0': CMAKE_PREFIX_PATH=/opt/ros/humble /usr/bin/cmake --install /home/nikunj/bwi_ros2_simulation/build/nav2_bringup
