running egg_info
writing ../../build/bwi_tasks/bwi_tasks.egg-info/PKG-INFO
writing dependency_links to ../../build/bwi_tasks/bwi_tasks.egg-info/dependency_links.txt
writing entry points to ../../build/bwi_tasks/bwi_tasks.egg-info/entry_points.txt
writing requirements to ../../build/bwi_tasks/bwi_tasks.egg-info/requires.txt
writing top-level names to ../../build/bwi_tasks/bwi_tasks.egg-info/top_level.txt
reading manifest file '../../build/bwi_tasks/bwi_tasks.egg-info/SOURCES.txt'
writing manifest file '../../build/bwi_tasks/bwi_tasks.egg-info/SOURCES.txt'
running build
running build_py
copying bwi_tasks/door_to_door_collision_avoidance_r1.py -> /home/nikunj/bwi_ros2_simulation/build/bwi_tasks/build/lib/bwi_tasks
copying bwi_tasks/door_to_door_collision_avoidance_r2.py -> /home/nikunj/bwi_ros2_simulation/build/bwi_tasks/build/lib/bwi_tasks
running install
running install_lib
copying /home/nikunj/bwi_ros2_simulation/build/bwi_tasks/build/lib/bwi_tasks/door_to_door_collision_avoidance_r1.py -> /home/nikunj/bwi_ros2_simulation/install/bwi_tasks/lib/python3.10/site-packages/bwi_tasks
copying /home/nikunj/bwi_ros2_simulation/build/bwi_tasks/build/lib/bwi_tasks/door_to_door_collision_avoidance_r2.py -> /home/nikunj/bwi_ros2_simulation/install/bwi_tasks/lib/python3.10/site-packages/bwi_tasks
byte-compiling /home/nikunj/bwi_ros2_simulation/install/bwi_tasks/lib/python3.10/site-packages/bwi_tasks/door_to_door_collision_avoidance_r1.py to door_to_door_collision_avoidance_r1.cpython-310.pyc
byte-compiling /home/nikunj/bwi_ros2_simulation/install/bwi_tasks/lib/python3.10/site-packages/bwi_tasks/door_to_door_collision_avoidance_r2.py to door_to_door_collision_avoidance_r2.cpython-310.pyc
running install_data
running install_egg_info
removing '/home/nikunj/bwi_ros2_simulation/install/bwi_tasks/lib/python3.10/site-packages/bwi_tasks-0.0.0-py3.10.egg-info' (and everything under it)
Copying ../../build/bwi_tasks/bwi_tasks.egg-info to /home/nikunj/bwi_ros2_simulation/install/bwi_tasks/lib/python3.10/site-packages/bwi_tasks-0.0.0-py3.10.egg-info
running install_scripts
Installing door_to_door_collision_avoidance_r1 script to /home/nikunj/bwi_ros2_simulation/install/bwi_tasks/lib/bwi_tasks
Installing door_to_door_collision_avoidance_r2 script to /home/nikunj/bwi_ros2_simulation/install/bwi_tasks/lib/bwi_tasks
writing list of installed files to '/home/nikunj/bwi_ros2_simulation/build/bwi_tasks/install.log'
