-- The C compiler identification is GNU 11.4.0
-- The CXX compiler identification is GNU 11.4.0
-- Detecting C compiler ABI info
-- Detecting C compiler ABI info - done
-- Check for working C compiler: /usr/bin/cc - skipped
-- Detecting C compile features
-- Detecting C compile features - done
-- Detecting CXX compiler ABI info
-- Detecting CXX compiler ABI info - done
-- Check for working CXX compiler: /usr/bin/c++ - skipped
-- Detecting CXX compile features
-- Detecting CXX compile features - done
-- Found ament_cmake: 1.3.12 (/opt/ros/humble/share/ament_cmake/cmake)
-- Found Python3: /usr/bin/python3 (found version "3.10.12") found components: Interpreter 
-- Found rclcpp: 16.0.16 (/opt/ros/humble/share/rclcpp/cmake)
-- Found rosidl_generator_c: 3.1.7 (/opt/ros/humble/share/rosidl_generator_c/cmake)
-- Found rosidl_adapter: 3.1.7 (/opt/ros/humble/share/rosidl_adapter/cmake)
-- Found rosidl_generator_cpp: 3.1.7 (/opt/ros/humble/share/rosidl_generator_cpp/cmake)
-- Using all available rosidl_typesupport_c: rosidl_typesupport_fastrtps_c;rosidl_typesupport_introspection_c
-- Using all available rosidl_typesupport_cpp: rosidl_typesupport_fastrtps_cpp;rosidl_typesupport_introspection_cpp
-- Found rmw_implementation_cmake: 6.1.2 (/opt/ros/humble/share/rmw_implementation_cmake/cmake)
-- Found rmw_fastrtps_cpp: 6.2.9 (/opt/ros/humble/share/rmw_fastrtps_cpp/cmake)
-- Found OpenSSL: /usr/lib/x86_64-linux-gnu/libcrypto.so (found version "3.0.2")  
-- Found FastRTPS: /opt/ros/humble/include  
-- Using RMW implementation 'rmw_fastrtps_cpp' as default
-- Looking for pthread.h
-- Looking for pthread.h - found
-- Performing Test CMAKE_HAVE_LIBC_PTHREAD
-- Performing Test CMAKE_HAVE_LIBC_PTHREAD - Success
-- Found Threads: TRUE  
-- Configuring done
-- Generating done
-- Build files have been written to: /home/nikunj/bwi_ros2_simulation/build/convex_decomposition
[  6%] [32mBuilding CXX object CMakeFiles/convex_decomposition.dir/src/DecomposeSample.cpp.o[0m
[ 12%] [32mBuilding CXX object CMakeFiles/convex_decomposition.dir/src/ConvexDecomposition/ConvexDecomposition.cpp.o[0m
[ 18%] [32mBuilding CXX object CMakeFiles/convex_decomposition.dir/src/ConvexDecomposition/bestfitobb.cpp.o[0m
[ 31%] [32mBuilding CXX object CMakeFiles/convex_decomposition.dir/src/ConvexDecomposition/cd_wavefront.cpp.o[0m
[ 31%] [32mBuilding CXX object CMakeFiles/convex_decomposition.dir/src/ConvexDecomposition/cd_hull.cpp.o[0m
[ 37%] [32mBuilding CXX object CMakeFiles/convex_decomposition.dir/src/ConvexDecomposition/bestfit.cpp.o[0m
[ 43%] [32mBuilding CXX object CMakeFiles/convex_decomposition.dir/src/ConvexDecomposition/float_math.cpp.o[0m
[ 56%] [32mBuilding CXX object CMakeFiles/convex_decomposition.dir/src/ConvexDecomposition/fitsphere.cpp.o[0m
[ 56%] [32mBuilding CXX object CMakeFiles/convex_decomposition.dir/src/ConvexDecomposition/concavity.cpp.o[0m
[ 62%] [32mBuilding CXX object CMakeFiles/convex_decomposition.dir/src/ConvexDecomposition/meshvolume.cpp.o[0m
[ 75%] [32mBuilding CXX object CMakeFiles/convex_decomposition.dir/src/ConvexDecomposition/raytri.cpp.o[0m
[ 75%] [32mBuilding CXX object CMakeFiles/convex_decomposition.dir/src/ConvexDecomposition/planetri.cpp.o[0m
[ 87%] [32mBuilding CXX object CMakeFiles/convex_decomposition.dir/src/ConvexDecomposition/splitplane.cpp.o[0m
[ 87%] [32mBuilding CXX object CMakeFiles/convex_decomposition.dir/src/ConvexDecomposition/triangulate.cpp.o[0m
[ 93%] [32mBuilding CXX object CMakeFiles/convex_decomposition.dir/src/ConvexDecomposition/vlookup.cpp.o[0m
[100%] [32m[1mLinking CXX executable convex_decomposition[0m
[100%] Built target convex_decomposition
-- Install configuration: ""
-- Installing: /home/nikunj/bwi_ros2_simulation/install/convex_decomposition/lib/convex_decomposition/convex_decomposition
-- Set runtime path of "/home/nikunj/bwi_ros2_simulation/install/convex_decomposition/lib/convex_decomposition/convex_decomposition" to ""
-- Installing: /home/nikunj/bwi_ros2_simulation/install/convex_decomposition/share/ament_index/resource_index/package_run_dependencies/convex_decomposition
-- Installing: /home/nikunj/bwi_ros2_simulation/install/convex_decomposition/share/ament_index/resource_index/parent_prefix_path/convex_decomposition
-- Installing: /home/nikunj/bwi_ros2_simulation/install/convex_decomposition/share/convex_decomposition/environment/ament_prefix_path.sh
-- Installing: /home/nikunj/bwi_ros2_simulation/install/convex_decomposition/share/convex_decomposition/environment/ament_prefix_path.dsv
-- Installing: /home/nikunj/bwi_ros2_simulation/install/convex_decomposition/share/convex_decomposition/environment/path.sh
-- Installing: /home/nikunj/bwi_ros2_simulation/install/convex_decomposition/share/convex_decomposition/environment/path.dsv
-- Installing: /home/nikunj/bwi_ros2_simulation/install/convex_decomposition/share/convex_decomposition/local_setup.bash
-- Installing: /home/nikunj/bwi_ros2_simulation/install/convex_decomposition/share/convex_decomposition/local_setup.sh
-- Installing: /home/nikunj/bwi_ros2_simulation/install/convex_decomposition/share/convex_decomposition/local_setup.zsh
-- Installing: /home/nikunj/bwi_ros2_simulation/install/convex_decomposition/share/convex_decomposition/local_setup.dsv
-- Installing: /home/nikunj/bwi_ros2_simulation/install/convex_decomposition/share/convex_decomposition/package.dsv
-- Installing: /home/nikunj/bwi_ros2_simulation/install/convex_decomposition/share/ament_index/resource_index/packages/convex_decomposition
-- Installing: /home/nikunj/bwi_ros2_simulation/install/convex_decomposition/share/convex_decomposition/cmake/convex_decompositionConfig.cmake
-- Installing: /home/nikunj/bwi_ros2_simulation/install/convex_decomposition/share/convex_decomposition/cmake/convex_decompositionConfig-version.cmake
-- Installing: /home/nikunj/bwi_ros2_simulation/install/convex_decomposition/share/convex_decomposition/package.xml
