-- Install configuration: ""
-- Up-to-date: /home/nikunj/bwi_ros2_simulation/install/segbot_description/share/segbot_description/urdf
-- Up-to-date: /home/nikunj/bwi_ros2_simulation/install/segbot_description/share/segbot_description/urdf/segbot_base.arm.urdf.xacro
-- Up-to-date: /home/nikunj/bwi_ros2_simulation/install/segbot_description/share/segbot_description/urdf/v3
-- Up-to-date: /home/nikunj/bwi_ros2_simulation/install/segbot_description/share/segbot_description/urdf/v3/common.urdf.xacro
-- Up-to-date: /home/nikunj/bwi_ros2_simulation/install/segbot_description/share/segbot_description/urdf/v3/segbot_chassis.urdf.xacro
-- Up-to-date: /home/nikunj/bwi_ros2_simulation/install/segbot_description/share/segbot_description/urdf/components
-- Up-to-date: /home/nikunj/bwi_ros2_simulation/install/segbot_description/share/segbot_description/urdf/components/alienware_alpha.urdf.xacro
-- Up-to-date: /home/nikunj/bwi_ros2_simulation/install/segbot_description/share/segbot_description/urdf/components/box_laptop.urdf.xacro
-- Up-to-date: /home/nikunj/bwi_ros2_simulation/install/segbot_description/share/segbot_description/urdf/components/laptop.urdf.xacro
-- Up-to-date: /home/nikunj/bwi_ros2_simulation/install/segbot_description/share/segbot_description/urdf/components/beam_8020.urdf.xacro
-- Up-to-date: /home/nikunj/bwi_ros2_simulation/install/segbot_description/share/segbot_description/urdf/components/battery_box.urdf.xacro
-- Up-to-date: /home/nikunj/bwi_ros2_simulation/install/segbot_description/share/segbot_description/urdf/components/standoff.urdf.xacro
-- Up-to-date: /home/nikunj/bwi_ros2_simulation/install/segbot_description/share/segbot_description/urdf/components/aluminium_sheet.urdf.xacro
-- Up-to-date: /home/nikunj/bwi_ros2_simulation/install/segbot_description/share/segbot_description/urdf/mounts
-- Up-to-date: /home/nikunj/bwi_ros2_simulation/install/segbot_description/share/segbot_description/urdf/mounts/kinect_mount.urdf.xacro
-- Up-to-date: /home/nikunj/bwi_ros2_simulation/install/segbot_description/share/segbot_description/urdf/mounts/sensor_mount.urdf.xacro
-- Up-to-date: /home/nikunj/bwi_ros2_simulation/install/segbot_description/share/segbot_description/urdf/mounts/hokuyo_mount.urdf.xacro
-- Up-to-date: /home/nikunj/bwi_ros2_simulation/install/segbot_description/share/segbot_description/urdf/mounts/sensor_plate_mount.urdf.xacro
-- Up-to-date: /home/nikunj/bwi_ros2_simulation/install/segbot_description/share/segbot_description/urdf/mounts/velodyne_mount.urdf.xacro
-- Up-to-date: /home/nikunj/bwi_ros2_simulation/install/segbot_description/share/segbot_description/urdf/segway_110_base.urdf.xacro
-- Up-to-date: /home/nikunj/bwi_ros2_simulation/install/segbot_description/share/segbot_description/urdf/segbot_base.urdf.xacro
-- Up-to-date: /home/nikunj/bwi_ros2_simulation/install/segbot_description/share/segbot_description/urdf/v1
-- Up-to-date: /home/nikunj/bwi_ros2_simulation/install/segbot_description/share/segbot_description/urdf/v1/common.urdf.xacro
-- Up-to-date: /home/nikunj/bwi_ros2_simulation/install/segbot_description/share/segbot_description/urdf/v1/segbot_chassis.urdf.xacro
-- Up-to-date: /home/nikunj/bwi_ros2_simulation/install/segbot_description/share/segbot_description/urdf/sensors
-- Up-to-date: /home/nikunj/bwi_ros2_simulation/install/segbot_description/share/segbot_description/urdf/sensors/hokuyo_laser.urdf.xacro
-- Up-to-date: /home/nikunj/bwi_ros2_simulation/install/segbot_description/share/segbot_description/urdf/sensors/xtion_camera.urdf.xacro
-- Up-to-date: /home/nikunj/bwi_ros2_simulation/install/segbot_description/share/segbot_description/urdf/sensors/VLP-16.urdf.xacro
-- Up-to-date: /home/nikunj/bwi_ros2_simulation/install/segbot_description/share/segbot_description/urdf/sensors/kinect_camera.gazebo.xacro
-- Up-to-date: /home/nikunj/bwi_ros2_simulation/install/segbot_description/share/segbot_description/urdf/sensors/hokuyo_laser.gazebo.xacro
-- Up-to-date: /home/nikunj/bwi_ros2_simulation/install/segbot_description/share/segbot_description/urdf/sensors/kinect_camera.urdf.xacro
-- Up-to-date: /home/nikunj/bwi_ros2_simulation/install/segbot_description/share/segbot_description/urdf/sensors/xtion_camera.gazebo.xacro
-- Up-to-date: /home/nikunj/bwi_ros2_simulation/install/segbot_description/share/segbot_description/urdf/v2
-- Up-to-date: /home/nikunj/bwi_ros2_simulation/install/segbot_description/share/segbot_description/urdf/v2/common.urdf.xacro
-- Up-to-date: /home/nikunj/bwi_ros2_simulation/install/segbot_description/share/segbot_description/urdf/v2/segbot_chassis.urdf.arm.xacro
-- Up-to-date: /home/nikunj/bwi_ros2_simulation/install/segbot_description/share/segbot_description/urdf/v2/segbot_chassis.urdf.xacro
-- Up-to-date: /home/nikunj/bwi_ros2_simulation/install/segbot_description/share/segbot_description/urdf/segbot_wheel.urdf.xacro
-- Up-to-date: /home/nikunj/bwi_ros2_simulation/install/segbot_description/share/segbot_description/gazebo
-- Up-to-date: /home/nikunj/bwi_ros2_simulation/install/segbot_description/share/segbot_description/gazebo/segbot.gazebo.xacro
-- Up-to-date: /home/nikunj/bwi_ros2_simulation/install/segbot_description/share/segbot_description/meshes
-- Up-to-date: /home/nikunj/bwi_ros2_simulation/install/segbot_description/share/segbot_description/meshes/rmp50-castor-wheel.stl
-- Up-to-date: /home/nikunj/bwi_ros2_simulation/install/segbot_description/share/segbot_description/meshes/rmp50-base-link.dae
-- Up-to-date: /home/nikunj/bwi_ros2_simulation/install/segbot_description/share/segbot_description/meshes/rmp50-right-wheel.stl
-- Up-to-date: /home/nikunj/bwi_ros2_simulation/install/segbot_description/share/segbot_description/meshes/kinect.dae
-- Up-to-date: /home/nikunj/bwi_ros2_simulation/install/segbot_description/share/segbot_description/meshes/hokuyo.png
-- Up-to-date: /home/nikunj/bwi_ros2_simulation/install/segbot_description/share/segbot_description/meshes/hokuyo.dae
-- Up-to-date: /home/nikunj/bwi_ros2_simulation/install/segbot_description/share/segbot_description/meshes/rmp50-castor-wheel.dae
-- Up-to-date: /home/nikunj/bwi_ros2_simulation/install/segbot_description/share/segbot_description/meshes/hokuyo.stl
-- Up-to-date: /home/nikunj/bwi_ros2_simulation/install/segbot_description/share/segbot_description/meshes/xtion
-- Up-to-date: /home/nikunj/bwi_ros2_simulation/install/segbot_description/share/segbot_description/meshes/xtion/xtion_mount_base_link.STL
-- Up-to-date: /home/nikunj/bwi_ros2_simulation/install/segbot_description/share/segbot_description/meshes/xtion/xtion_pivot_link.STL
-- Up-to-date: /home/nikunj/bwi_ros2_simulation/install/segbot_description/share/segbot_description/meshes/rmp50-left-wheel.stl
-- Up-to-date: /home/nikunj/bwi_ros2_simulation/install/segbot_description/share/segbot_description/meshes/rmp50-castor-link.stl
-- Up-to-date: /home/nikunj/bwi_ros2_simulation/install/segbot_description/share/segbot_description/meshes/kinect.stl
-- Up-to-date: /home/nikunj/bwi_ros2_simulation/install/segbot_description/share/segbot_description/meshes/rmp50-castor-link.dae
-- Up-to-date: /home/nikunj/bwi_ros2_simulation/install/segbot_description/share/segbot_description/meshes/rmp50-left-wheel.dae
-- Up-to-date: /home/nikunj/bwi_ros2_simulation/install/segbot_description/share/segbot_description/meshes/rmp50-base-link.stl
-- Up-to-date: /home/nikunj/bwi_ros2_simulation/install/segbot_description/share/segbot_description/meshes/rmp50-right-wheel.dae
-- Up-to-date: /home/nikunj/bwi_ros2_simulation/install/segbot_description/share/segbot_description/robots
-- Up-to-date: /home/nikunj/bwi_ros2_simulation/install/segbot_description/share/segbot_description/robots/segbot_v1.hokuyo_only.urdf.xacro
-- Up-to-date: /home/nikunj/bwi_ros2_simulation/install/segbot_description/share/segbot_description/robots/segbot_v2.arm.urdf.xacro
-- Up-to-date: /home/nikunj/bwi_ros2_simulation/install/segbot_description/share/segbot_description/robots/segbot_v2.urdf.xacro
-- Up-to-date: /home/nikunj/bwi_ros2_simulation/install/segbot_description/share/segbot_description/robots/segbot_v1.no_sensors.urdf.xacro
-- Up-to-date: /home/nikunj/bwi_ros2_simulation/install/segbot_description/share/segbot_description/robots/segbot_v4.urdf.xacro
-- Up-to-date: /home/nikunj/bwi_ros2_simulation/install/segbot_description/share/segbot_description/robots/segbot_v1.urdf.xacro
-- Up-to-date: /home/nikunj/bwi_ros2_simulation/install/segbot_description/share/segbot_description/robots/segbot_v3.urdf.xacro
-- Up-to-date: /home/nikunj/bwi_ros2_simulation/install/segbot_description/share/segbot_description/urdf
-- Up-to-date: /home/nikunj/bwi_ros2_simulation/install/segbot_description/share/segbot_description/urdf/segbot_base.arm.urdf.xacro
-- Up-to-date: /home/nikunj/bwi_ros2_simulation/install/segbot_description/share/segbot_description/urdf/v3
-- Up-to-date: /home/nikunj/bwi_ros2_simulation/install/segbot_description/share/segbot_description/urdf/v3/common.urdf.xacro
-- Up-to-date: /home/nikunj/bwi_ros2_simulation/install/segbot_description/share/segbot_description/urdf/v3/segbot_chassis.urdf.xacro
-- Up-to-date: /home/nikunj/bwi_ros2_simulation/install/segbot_description/share/segbot_description/urdf/components
-- Up-to-date: /home/nikunj/bwi_ros2_simulation/install/segbot_description/share/segbot_description/urdf/components/alienware_alpha.urdf.xacro
-- Up-to-date: /home/nikunj/bwi_ros2_simulation/install/segbot_description/share/segbot_description/urdf/components/box_laptop.urdf.xacro
-- Up-to-date: /home/nikunj/bwi_ros2_simulation/install/segbot_description/share/segbot_description/urdf/components/laptop.urdf.xacro
-- Up-to-date: /home/nikunj/bwi_ros2_simulation/install/segbot_description/share/segbot_description/urdf/components/beam_8020.urdf.xacro
-- Up-to-date: /home/nikunj/bwi_ros2_simulation/install/segbot_description/share/segbot_description/urdf/components/battery_box.urdf.xacro
-- Up-to-date: /home/nikunj/bwi_ros2_simulation/install/segbot_description/share/segbot_description/urdf/components/standoff.urdf.xacro
-- Up-to-date: /home/nikunj/bwi_ros2_simulation/install/segbot_description/share/segbot_description/urdf/components/aluminium_sheet.urdf.xacro
-- Up-to-date: /home/nikunj/bwi_ros2_simulation/install/segbot_description/share/segbot_description/urdf/mounts
-- Up-to-date: /home/nikunj/bwi_ros2_simulation/install/segbot_description/share/segbot_description/urdf/mounts/kinect_mount.urdf.xacro
-- Up-to-date: /home/nikunj/bwi_ros2_simulation/install/segbot_description/share/segbot_description/urdf/mounts/sensor_mount.urdf.xacro
-- Up-to-date: /home/nikunj/bwi_ros2_simulation/install/segbot_description/share/segbot_description/urdf/mounts/hokuyo_mount.urdf.xacro
-- Up-to-date: /home/nikunj/bwi_ros2_simulation/install/segbot_description/share/segbot_description/urdf/mounts/sensor_plate_mount.urdf.xacro
-- Up-to-date: /home/nikunj/bwi_ros2_simulation/install/segbot_description/share/segbot_description/urdf/mounts/velodyne_mount.urdf.xacro
-- Up-to-date: /home/nikunj/bwi_ros2_simulation/install/segbot_description/share/segbot_description/urdf/segway_110_base.urdf.xacro
-- Up-to-date: /home/nikunj/bwi_ros2_simulation/install/segbot_description/share/segbot_description/urdf/segbot_base.urdf.xacro
-- Up-to-date: /home/nikunj/bwi_ros2_simulation/install/segbot_description/share/segbot_description/urdf/v1
-- Up-to-date: /home/nikunj/bwi_ros2_simulation/install/segbot_description/share/segbot_description/urdf/v1/common.urdf.xacro
-- Up-to-date: /home/nikunj/bwi_ros2_simulation/install/segbot_description/share/segbot_description/urdf/v1/segbot_chassis.urdf.xacro
-- Up-to-date: /home/nikunj/bwi_ros2_simulation/install/segbot_description/share/segbot_description/urdf/sensors
-- Up-to-date: /home/nikunj/bwi_ros2_simulation/install/segbot_description/share/segbot_description/urdf/sensors/hokuyo_laser.urdf.xacro
-- Up-to-date: /home/nikunj/bwi_ros2_simulation/install/segbot_description/share/segbot_description/urdf/sensors/xtion_camera.urdf.xacro
-- Up-to-date: /home/nikunj/bwi_ros2_simulation/install/segbot_description/share/segbot_description/urdf/sensors/VLP-16.urdf.xacro
-- Up-to-date: /home/nikunj/bwi_ros2_simulation/install/segbot_description/share/segbot_description/urdf/sensors/kinect_camera.gazebo.xacro
-- Up-to-date: /home/nikunj/bwi_ros2_simulation/install/segbot_description/share/segbot_description/urdf/sensors/hokuyo_laser.gazebo.xacro
-- Up-to-date: /home/nikunj/bwi_ros2_simulation/install/segbot_description/share/segbot_description/urdf/sensors/kinect_camera.urdf.xacro
-- Up-to-date: /home/nikunj/bwi_ros2_simulation/install/segbot_description/share/segbot_description/urdf/sensors/xtion_camera.gazebo.xacro
-- Up-to-date: /home/nikunj/bwi_ros2_simulation/install/segbot_description/share/segbot_description/urdf/v2
-- Up-to-date: /home/nikunj/bwi_ros2_simulation/install/segbot_description/share/segbot_description/urdf/v2/common.urdf.xacro
-- Up-to-date: /home/nikunj/bwi_ros2_simulation/install/segbot_description/share/segbot_description/urdf/v2/segbot_chassis.urdf.arm.xacro
-- Up-to-date: /home/nikunj/bwi_ros2_simulation/install/segbot_description/share/segbot_description/urdf/v2/segbot_chassis.urdf.xacro
-- Up-to-date: /home/nikunj/bwi_ros2_simulation/install/segbot_description/share/segbot_description/urdf/segbot_wheel.urdf.xacro
-- Up-to-date: /home/nikunj/bwi_ros2_simulation/install/segbot_description/share/ament_index/resource_index/package_run_dependencies/segbot_description
-- Up-to-date: /home/nikunj/bwi_ros2_simulation/install/segbot_description/share/ament_index/resource_index/parent_prefix_path/segbot_description
-- Up-to-date: /home/nikunj/bwi_ros2_simulation/install/segbot_description/share/segbot_description/environment/ament_prefix_path.sh
-- Up-to-date: /home/nikunj/bwi_ros2_simulation/install/segbot_description/share/segbot_description/environment/ament_prefix_path.dsv
-- Up-to-date: /home/nikunj/bwi_ros2_simulation/install/segbot_description/share/segbot_description/environment/path.sh
-- Up-to-date: /home/nikunj/bwi_ros2_simulation/install/segbot_description/share/segbot_description/environment/path.dsv
-- Up-to-date: /home/nikunj/bwi_ros2_simulation/install/segbot_description/share/segbot_description/local_setup.bash
-- Up-to-date: /home/nikunj/bwi_ros2_simulation/install/segbot_description/share/segbot_description/local_setup.sh
-- Up-to-date: /home/nikunj/bwi_ros2_simulation/install/segbot_description/share/segbot_description/local_setup.zsh
-- Up-to-date: /home/nikunj/bwi_ros2_simulation/install/segbot_description/share/segbot_description/local_setup.dsv
-- Up-to-date: /home/nikunj/bwi_ros2_simulation/install/segbot_description/share/segbot_description/package.dsv
-- Up-to-date: /home/nikunj/bwi_ros2_simulation/install/segbot_description/share/ament_index/resource_index/packages/segbot_description
-- Up-to-date: /home/nikunj/bwi_ros2_simulation/install/segbot_description/share/segbot_description/cmake/segbot_descriptionConfig.cmake
-- Up-to-date: /home/nikunj/bwi_ros2_simulation/install/segbot_description/share/segbot_description/cmake/segbot_descriptionConfig-version.cmake
-- Up-to-date: /home/nikunj/bwi_ros2_simulation/install/segbot_description/share/segbot_description/package.xml
