[0.777s] Invoking command in '/home/nikunj/bwi_ros2_simulation/src/bwi_perc': AMENT_PREFIX_PATH=/home/nikunj/bwi_ros2_simulation/install/bwi_perception_interface:${AMENT_PREFIX_PATH} CMAKE_PREFIX_PATH=/home/nikunj/bwi_ros2_simulation/install/bwi_perception_interface LD_LIBRARY_PATH=/home/nikunj/bwi_ros2_simulation/install/bwi_perception_interface/lib:${LD_LIBRARY_PATH} PYTHONPATH=/home/nikunj/bwi_ros2_simulation/build/bwi_perc/prefix_override:/usr/lib/python3/dist-packages/colcon_core/task/python/colcon_distutils_commands:/home/nikunj/bwi_ros2_simulation/install/bwi_perc/lib/python3.10/site-packages:/home/nikunj/bwi_ros2_simulation/install/bwi_perception_interface/local/lib/python3.10/dist-packages:${PYTHONPATH} /usr/bin/python3 -W ignore:setup.py install is deprecated -W ignore:easy_install command is deprecated setup.py egg_info --egg-base ../../build/bwi_perc build --build-base /home/nikunj/bwi_ros2_simulation/build/bwi_perc/build install --record /home/nikunj/bwi_ros2_simulation/build/bwi_perc/install.log --single-version-externally-managed install_data
[0.892s] running egg_info
[0.893s] writing ../../build/bwi_perc/bwi_perc.egg-info/PKG-INFO
[0.893s] writing dependency_links to ../../build/bwi_perc/bwi_perc.egg-info/dependency_links.txt
[0.893s] writing entry points to ../../build/bwi_perc/bwi_perc.egg-info/entry_points.txt
[0.893s] writing requirements to ../../build/bwi_perc/bwi_perc.egg-info/requires.txt
[0.893s] writing top-level names to ../../build/bwi_perc/bwi_perc.egg-info/top_level.txt
[0.894s] reading manifest file '../../build/bwi_perc/bwi_perc.egg-info/SOURCES.txt'
[0.894s] writing manifest file '../../build/bwi_perc/bwi_perc.egg-info/SOURCES.txt'
[0.894s] running build
[0.895s] running build_py
[0.895s] running install
[0.895s] running install_lib
[0.895s] running install_data
[0.895s] running install_egg_info
[0.896s] removing '/home/nikunj/bwi_ros2_simulation/install/bwi_perc/lib/python3.10/site-packages/bwi_perc-0.0.0-py3.10.egg-info' (and everything under it)
[0.896s] Copying ../../build/bwi_perc/bwi_perc.egg-info to /home/nikunj/bwi_ros2_simulation/install/bwi_perc/lib/python3.10/site-packages/bwi_perc-0.0.0-py3.10.egg-info
[0.896s] running install_scripts
[0.906s] Installing bwibot_detection_gazebo_r1 script to /home/nikunj/bwi_ros2_simulation/install/bwi_perc/lib/bwi_perc
[0.906s] Installing bwibot_detection_gazebo_r2 script to /home/nikunj/bwi_ros2_simulation/install/bwi_perc/lib/bwi_perc
[0.907s] writing list of installed files to '/home/nikunj/bwi_ros2_simulation/build/bwi_perc/install.log'
[0.918s] Invoked command in '/home/nikunj/bwi_ros2_simulation/src/bwi_perc' returned '0': AMENT_PREFIX_PATH=/home/nikunj/bwi_ros2_simulation/install/bwi_perception_interface:${AMENT_PREFIX_PATH} CMAKE_PREFIX_PATH=/home/nikunj/bwi_ros2_simulation/install/bwi_perception_interface LD_LIBRARY_PATH=/home/nikunj/bwi_ros2_simulation/install/bwi_perception_interface/lib:${LD_LIBRARY_PATH} PYTHONPATH=/home/nikunj/bwi_ros2_simulation/build/bwi_perc/prefix_override:/usr/lib/python3/dist-packages/colcon_core/task/python/colcon_distutils_commands:/home/nikunj/bwi_ros2_simulation/install/bwi_perc/lib/python3.10/site-packages:/home/nikunj/bwi_ros2_simulation/install/bwi_perception_interface/local/lib/python3.10/dist-packages:${PYTHONPATH} /usr/bin/python3 -W ignore:setup.py install is deprecated -W ignore:easy_install command is deprecated setup.py egg_info --egg-base ../../build/bwi_perc build --build-base /home/nikunj/bwi_ros2_simulation/build/bwi_perc/build install --record /home/nikunj/bwi_ros2_simulation/build/bwi_perc/install.log --single-version-externally-managed install_data
