[  5%] Built target gtest_main
[ 10%] Built target gtest
[ 10%] Built target ament_cmake_python_copy_topic_tools_setup
[ 18%] Built target relay_node
[ 18%] Built target ament_cmake_python_copy_topic_tools
[ 24%] Built target test_relay
[ 29%] Built target relay
[ 37%] Built target throttle_node
[ 43%] Built target test_throttle
[ 48%] Built target throttle
[ 56%] Built target drop_node
[ 62%] Built target drop
[ 67%] Built target test_drop
[ 75%] Built target mux_node
[ 81%] Built target mux
[ 86%] Built target test_mux
[ 94%] Built target delay_node
[100%] Built target delay
running egg_info
writing topic_tools.egg-info/PKG-INFO
writing dependency_links to topic_tools.egg-info/dependency_links.txt
writing entry points to topic_tools.egg-info/entry_points.txt
writing top-level names to topic_tools.egg-info/top_level.txt
reading manifest file 'topic_tools.egg-info/SOURCES.txt'
writing manifest file 'topic_tools.egg-info/SOURCES.txt'
[100%] Built target ament_cmake_python_build_topic_tools_egg
running install_scripts
/usr/lib/python3/dist-packages/setuptools/command/install.py:34: SetuptoolsDeprecationWarning: setup.py install is deprecated. Use build and pip and other standards-based tools.
  warnings.warn(
running egg_info
writing topic_tools.egg-info/PKG-INFO
writing dependency_links to topic_tools.egg-info/dependency_links.txt
writing entry points to topic_tools.egg-info/entry_points.txt
writing top-level names to topic_tools.egg-info/top_level.txt
reading manifest file 'topic_tools.egg-info/SOURCES.txt'
writing manifest file 'topic_tools.egg-info/SOURCES.txt'
Installing relay_field script to scripts
Installing transform script to scripts
[100%] Built target ament_cmake_python_build_topic_tools_scripts
-- Install configuration: ""
-- Up-to-date: /home/nikunj/bwi_ros2_simulation/install/topic_tools/share/topic_tools/environment/pythonpath.sh
-- Up-to-date: /home/nikunj/bwi_ros2_simulation/install/topic_tools/share/topic_tools/environment/pythonpath.dsv
-- Up-to-date: /home/nikunj/bwi_ros2_simulation/install/topic_tools/local/lib/python3.10/dist-packages/topic_tools-1.1.1-py3.10.egg-info
-- Installing: /home/nikunj/bwi_ros2_simulation/install/topic_tools/local/lib/python3.10/dist-packages/topic_tools-1.1.1-py3.10.egg-info/dependency_links.txt
-- Installing: /home/nikunj/bwi_ros2_simulation/install/topic_tools/local/lib/python3.10/dist-packages/topic_tools-1.1.1-py3.10.egg-info/entry_points.txt
-- Installing: /home/nikunj/bwi_ros2_simulation/install/topic_tools/local/lib/python3.10/dist-packages/topic_tools-1.1.1-py3.10.egg-info/top_level.txt
-- Installing: /home/nikunj/bwi_ros2_simulation/install/topic_tools/local/lib/python3.10/dist-packages/topic_tools-1.1.1-py3.10.egg-info/PKG-INFO
-- Installing: /home/nikunj/bwi_ros2_simulation/install/topic_tools/local/lib/python3.10/dist-packages/topic_tools-1.1.1-py3.10.egg-info/SOURCES.txt
-- Up-to-date: /home/nikunj/bwi_ros2_simulation/install/topic_tools/lib/topic_tools/
-- Installing: /home/nikunj/bwi_ros2_simulation/install/topic_tools/lib/topic_tools//relay_field
-- Installing: /home/nikunj/bwi_ros2_simulation/install/topic_tools/lib/topic_tools//transform
-- Up-to-date: /home/nikunj/bwi_ros2_simulation/install/topic_tools/local/lib/python3.10/dist-packages/topic_tools
-- Up-to-date: /home/nikunj/bwi_ros2_simulation/install/topic_tools/local/lib/python3.10/dist-packages/topic_tools/transform.py
-- Up-to-date: /home/nikunj/bwi_ros2_simulation/install/topic_tools/local/lib/python3.10/dist-packages/topic_tools/relay_field.py
-- Up-to-date: /home/nikunj/bwi_ros2_simulation/install/topic_tools/local/lib/python3.10/dist-packages/topic_tools/setup.cfg
-- Up-to-date: /home/nikunj/bwi_ros2_simulation/install/topic_tools/local/lib/python3.10/dist-packages/topic_tools/__init__.py
Listing '/home/nikunj/bwi_ros2_simulation/install/topic_tools/local/lib/python3.10/dist-packages/topic_tools'...
-- Up-to-date: /home/nikunj/bwi_ros2_simulation/install/topic_tools/include
-- Up-to-date: /home/nikunj/bwi_ros2_simulation/install/topic_tools/include/topic_tools
-- Up-to-date: /home/nikunj/bwi_ros2_simulation/install/topic_tools/include/topic_tools/drop_node.hpp
-- Up-to-date: /home/nikunj/bwi_ros2_simulation/install/topic_tools/include/topic_tools/mux_node.hpp
-- Up-to-date: /home/nikunj/bwi_ros2_simulation/install/topic_tools/include/topic_tools/tool_base_node.hpp
-- Up-to-date: /home/nikunj/bwi_ros2_simulation/install/topic_tools/include/topic_tools/delay_node.hpp
-- Up-to-date: /home/nikunj/bwi_ros2_simulation/install/topic_tools/include/topic_tools/visibility_control.h
-- Up-to-date: /home/nikunj/bwi_ros2_simulation/install/topic_tools/include/topic_tools/relay_node.hpp
-- Up-to-date: /home/nikunj/bwi_ros2_simulation/install/topic_tools/include/topic_tools/throttle_node.hpp
-- Up-to-date: /home/nikunj/bwi_ros2_simulation/install/topic_tools/share/topic_tools/environment/library_path.sh
-- Up-to-date: /home/nikunj/bwi_ros2_simulation/install/topic_tools/share/topic_tools/environment/library_path.dsv
-- Up-to-date: /home/nikunj/bwi_ros2_simulation/install/topic_tools/lib/librelay_node.so
-- Up-to-date: /home/nikunj/bwi_ros2_simulation/install/topic_tools/lib/libthrottle_node.so
-- Up-to-date: /home/nikunj/bwi_ros2_simulation/install/topic_tools/lib/libdrop_node.so
-- Up-to-date: /home/nikunj/bwi_ros2_simulation/install/topic_tools/lib/libmux_node.so
-- Up-to-date: /home/nikunj/bwi_ros2_simulation/install/topic_tools/lib/libdelay_node.so
-- Up-to-date: /home/nikunj/bwi_ros2_simulation/install/topic_tools/lib/topic_tools/relay
-- Up-to-date: /home/nikunj/bwi_ros2_simulation/install/topic_tools/lib/topic_tools/throttle
-- Up-to-date: /home/nikunj/bwi_ros2_simulation/install/topic_tools/lib/topic_tools/drop
-- Up-to-date: /home/nikunj/bwi_ros2_simulation/install/topic_tools/lib/topic_tools/mux
-- Up-to-date: /home/nikunj/bwi_ros2_simulation/install/topic_tools/lib/topic_tools/delay
-- Up-to-date: /home/nikunj/bwi_ros2_simulation/install/topic_tools/share/topic_tools/launch
-- Up-to-date: /home/nikunj/bwi_ros2_simulation/install/topic_tools/share/topic_tools/launch/relay.launch
-- Up-to-date: /home/nikunj/bwi_ros2_simulation/install/topic_tools/share/ament_index/resource_index/package_run_dependencies/topic_tools
-- Up-to-date: /home/nikunj/bwi_ros2_simulation/install/topic_tools/share/ament_index/resource_index/parent_prefix_path/topic_tools
-- Up-to-date: /home/nikunj/bwi_ros2_simulation/install/topic_tools/share/topic_tools/environment/ament_prefix_path.sh
-- Up-to-date: /home/nikunj/bwi_ros2_simulation/install/topic_tools/share/topic_tools/environment/ament_prefix_path.dsv
-- Up-to-date: /home/nikunj/bwi_ros2_simulation/install/topic_tools/share/topic_tools/environment/path.sh
-- Up-to-date: /home/nikunj/bwi_ros2_simulation/install/topic_tools/share/topic_tools/environment/path.dsv
-- Up-to-date: /home/nikunj/bwi_ros2_simulation/install/topic_tools/share/topic_tools/local_setup.bash
-- Up-to-date: /home/nikunj/bwi_ros2_simulation/install/topic_tools/share/topic_tools/local_setup.sh
-- Up-to-date: /home/nikunj/bwi_ros2_simulation/install/topic_tools/share/topic_tools/local_setup.zsh
-- Up-to-date: /home/nikunj/bwi_ros2_simulation/install/topic_tools/share/topic_tools/local_setup.dsv
-- Installing: /home/nikunj/bwi_ros2_simulation/install/topic_tools/share/topic_tools/package.dsv
-- Up-to-date: /home/nikunj/bwi_ros2_simulation/install/topic_tools/share/ament_index/resource_index/packages/topic_tools
-- Up-to-date: /home/nikunj/bwi_ros2_simulation/install/topic_tools/share/ament_index/resource_index/rclcpp_components/topic_tools
-- Up-to-date: /home/nikunj/bwi_ros2_simulation/install/topic_tools/share/topic_tools/cmake/ament_cmake_export_dependencies-extras.cmake
-- Up-to-date: /home/nikunj/bwi_ros2_simulation/install/topic_tools/share/topic_tools/cmake/ament_cmake_export_include_directories-extras.cmake
-- Up-to-date: /home/nikunj/bwi_ros2_simulation/install/topic_tools/share/topic_tools/cmake/ament_cmake_export_libraries-extras.cmake
-- Up-to-date: /home/nikunj/bwi_ros2_simulation/install/topic_tools/share/topic_tools/cmake/topic_toolsConfig.cmake
-- Up-to-date: /home/nikunj/bwi_ros2_simulation/install/topic_tools/share/topic_tools/cmake/topic_toolsConfig-version.cmake
-- Up-to-date: /home/nikunj/bwi_ros2_simulation/install/topic_tools/share/topic_tools/package.xml
