[0.904s] Invoking command in '/home/nikunj/bwi_ros2_simulation/build/urg_node2': CMAKE_PREFIX_PATH=/opt/ros/humble /usr/bin/cmake --build /home/nikunj/bwi_ros2_simulation/build/urg_node2 -- -j32 -l32
[0.965s] [ 10%] Built target urg_node2_node
[0.977s] [ 55%] Built target urg_c
[0.986s] [ 65%] Built target gtest_main
[0.997s] [ 75%] Built target gtest
[0.999s] [ 85%] Built target urg_node2
[0.999s] [100%] Built target urg_node2_test
[1.122s] Invoked command in '/home/nikunj/bwi_ros2_simulation/build/urg_node2' returned '0': CMAKE_PREFIX_PATH=/opt/ros/humble /usr/bin/cmake --build /home/nikunj/bwi_ros2_simulation/build/urg_node2 -- -j32 -l32
[1.123s] Invoking command in '/home/nikunj/bwi_ros2_simulation/build/urg_node2': CMAKE_PREFIX_PATH=/opt/ros/humble /usr/bin/cmake --install /home/nikunj/bwi_ros2_simulation/build/urg_node2
[1.145s] -- Install configuration: ""
[1.145s] -- Up-to-date: /home/nikunj/bwi_ros2_simulation/install/urg_node2/lib/urg_node2/urg_node2_node
[1.145s] -- Up-to-date: /home/nikunj/bwi_ros2_simulation/install/urg_node2/lib/liburg_node2.so
[1.145s] -- Up-to-date: /home/nikunj/bwi_ros2_simulation/install/urg_node2/lib/liburg_c.so
[1.145s] -- Up-to-date: /home/nikunj/bwi_ros2_simulation/install/urg_node2/share/urg_node2/launch
[1.145s] -- Up-to-date: /home/nikunj/bwi_ros2_simulation/install/urg_node2/share/urg_node2/launch/urg_node2.launch.py
[1.145s] -- Up-to-date: /home/nikunj/bwi_ros2_simulation/install/urg_node2/share/urg_node2/launch/urg_node2_component.launch.py
[1.145s] -- Up-to-date: /home/nikunj/bwi_ros2_simulation/install/urg_node2/share/urg_node2/launch/urg_node2_2lidar.launch.py
[1.145s] -- Up-to-date: /home/nikunj/bwi_ros2_simulation/install/urg_node2/share/urg_node2/config
[1.145s] -- Up-to-date: /home/nikunj/bwi_ros2_simulation/install/urg_node2/share/urg_node2/config/params_serial.yaml
[1.145s] -- Up-to-date: /home/nikunj/bwi_ros2_simulation/install/urg_node2/share/urg_node2/config/params_ether_2nd.yaml
[1.145s] -- Up-to-date: /home/nikunj/bwi_ros2_simulation/install/urg_node2/share/urg_node2/config/params_ether.yaml
[1.146s] -- Up-to-date: /home/nikunj/bwi_ros2_simulation/install/urg_node2/share/ament_index/resource_index/package_run_dependencies/urg_node2
[1.146s] -- Up-to-date: /home/nikunj/bwi_ros2_simulation/install/urg_node2/share/ament_index/resource_index/parent_prefix_path/urg_node2
[1.146s] -- Up-to-date: /home/nikunj/bwi_ros2_simulation/install/urg_node2/share/urg_node2/environment/ament_prefix_path.sh
[1.146s] -- Up-to-date: /home/nikunj/bwi_ros2_simulation/install/urg_node2/share/urg_node2/environment/ament_prefix_path.dsv
[1.146s] -- Up-to-date: /home/nikunj/bwi_ros2_simulation/install/urg_node2/share/urg_node2/environment/path.sh
[1.146s] -- Up-to-date: /home/nikunj/bwi_ros2_simulation/install/urg_node2/share/urg_node2/environment/path.dsv
[1.146s] -- Up-to-date: /home/nikunj/bwi_ros2_simulation/install/urg_node2/share/urg_node2/local_setup.bash
[1.146s] -- Up-to-date: /home/nikunj/bwi_ros2_simulation/install/urg_node2/share/urg_node2/local_setup.sh
[1.146s] -- Up-to-date: /home/nikunj/bwi_ros2_simulation/install/urg_node2/share/urg_node2/local_setup.zsh
[1.146s] -- Up-to-date: /home/nikunj/bwi_ros2_simulation/install/urg_node2/share/urg_node2/local_setup.dsv
[1.146s] -- Installing: /home/nikunj/bwi_ros2_simulation/install/urg_node2/share/urg_node2/package.dsv
[1.146s] -- Up-to-date: /home/nikunj/bwi_ros2_simulation/install/urg_node2/share/ament_index/resource_index/packages/urg_node2
[1.147s] -- Up-to-date: /home/nikunj/bwi_ros2_simulation/install/urg_node2/share/ament_index/resource_index/rclcpp_components/urg_node2
[1.147s] -- Up-to-date: /home/nikunj/bwi_ros2_simulation/install/urg_node2/share/urg_node2/cmake/urg_node2Config.cmake
[1.147s] -- Up-to-date: /home/nikunj/bwi_ros2_simulation/install/urg_node2/share/urg_node2/cmake/urg_node2Config-version.cmake
[1.147s] -- Up-to-date: /home/nikunj/bwi_ros2_simulation/install/urg_node2/share/urg_node2/package.xml
[1.164s] Invoked command in '/home/nikunj/bwi_ros2_simulation/build/urg_node2' returned '0': CMAKE_PREFIX_PATH=/opt/ros/humble /usr/bin/cmake --install /home/nikunj/bwi_ros2_simulation/build/urg_node2
